SOURCE: AIR
RX_ID: 212, Freq: 131.725MHz
Mode: X NACKLabel: B9 Block ID: 6, Msg No: M26A
Flight ID: SN0369 REG: OO-SFC


Message content:-
/EBBR.TI2/040EBBRAED4C
-------------------------------------------------------[2024-09-21 01:44:59.945]

SOURCE: AIR
RX_ID: 213, Freq: 131.725MHz
Mode: X NACKLabel: 16 Block ID: 8, Msg No: M27A
Flight ID: SN0369 REG: OO-SFC


Message content:-
21SEP24,0150,N 43.393,E  6.609,38001,0301,21680
-------------------------------------------------------[2024-09-21 01:50:26.382]

SOURCE: AIR
RX_ID: 214, Freq: 131.725MHz
Mode: G NACKLabel: B9 Block ID: 6, Msg No: J63A
Flight ID: SN06AD REG: OO-SFF


Message content:-
/EBBR.TI2/000EBBRA2C8A
-------------------------------------------------------[2024-09-21 02:39:44.124]

SOURCE: AIR
RX_ID: 215, Freq: 131.725MHz
Mode: G NACKLabel: 16 Block ID: 8, Msg No: M92A
Flight ID: SN06AD REG: OO-SFF


Message content:-
21SEP24,0243,N 44.249,E  5.528,39996,0347,25080
-------------------------------------------------------[2024-09-21 02:43:43.342]

SOURCE: AIR
RX_ID: 216, Freq: 131.825MHz
Mode: 2 NACKLabel: B6 Block ID: 7, Msg No: J29A
Flight ID: BA064M REG: G-XWBO


Message content:-
/NBOCAYA.ADS.G-XWBO071EB4901D51494703501F16EE
-------------------------------------------------------[2024-09-21 03:03:35.106]

SOURCE: AIR
RX_ID: 217, Freq: 131.825MHz
Mode: 2 NACKLabel: B6 Block ID: 9, Msg No: J30A
Flight ID: BA064M REG: G-XWBO


Message content:-
/NBOCAYA.ADS.G-XWBO037D071EC9381D29C947041C1F112F
-------------------------------------------------------[2024-09-21 03:04:26.708]

SOURCE: AIR
RX_ID: 218, Freq: 131.825MHz
Mode: 2 NACKLabel: B6 Block ID: 0, Msg No: J31A
Flight ID: BA064M REG: G-XWBO


Message content:-
/NBOCAYA.ADS.G-XWBO071ECE801D1F894744501F0E7C70F440000D2084E019ADC946C44420E9A818F0C946C0427A
-------------------------------------------------------[2024-09-21 03:04:39.616]

SOURCE: AIR
RX_ID: 219, Freq: 131.825MHz
Mode: 2 NACKLabel: B9 Block ID: 1, Msg No: J32A
Flight ID: BA064M REG: G-XWBO


Message content:-
/LFPG.TI2/000LFPGA9F82
-------------------------------------------------------[2024-09-21 03:05:00.901]

SOURCE: AIR
RX_ID: 220, Freq: 131.825MHz
Mode: 2 NACKLabel: B6 Block ID: 5, Msg No: J33A
Flight ID: BA064M REG: G-XWBO


Message content:-
/NBOCAYA.ADS.G-XWBO037E071EE3981CF6C94745201F698E
-------------------------------------------------------[2024-09-21 03:05:30.598]

SOURCE: AIR
RX_ID: 221, Freq: 131.825MHz
Mode: 2 NACKLabel: B6 Block ID: 6, Msg No: J34A
Flight ID: BA064M REG: G-XWBO


Message content:-
/NBOCAYA.ADS.G-XWBO071EE8781CED494745501F2619
-------------------------------------------------------[2024-09-21 03:05:43.515]

SOURCE: AIR
RX_ID: 222, Freq: 131.825MHz
Mode: 2 NACKLabel: B6 Block ID: 8, Msg No: J35A
Flight ID: BA064M REG: G-XWBO


Message content:-
/NBOCAYA.ADS.G-XWBO037F071EFD301CC50946C61C1F54D3
-------------------------------------------------------[2024-09-21 03:06:34.489]

SOURCE: AIR
RX_ID: 223, Freq: 131.850MHz
Mode: 2 NACKLabel: B6 Block ID: 9, Msg No: J36A
Flight ID: BA064M REG: G-XWBO


Message content:-
/NBOCAYA.ADS.G-XWBO071F02701CBAC94746501F3CDC
-------------------------------------------------------[2024-09-21 03:06:48.167]

SOURCE: AIR
RX_ID: 224, Freq: 131.825MHz
Mode: 2 NACKLabel: B6 Block ID: 1, Msg No: J37A
Flight ID: BA064M REG: G-XWBO


Message content:-
/NBOCAYA.ADS.G-XWBO0380071F17901C91C94747201F5729
-------------------------------------------------------[2024-09-21 03:07:39.659]

SOURCE: AIR
RX_ID: 225, Freq: 131.825MHz
Mode: 2 NACKLabel: B6 Block ID: 2, Msg No: J38A
Flight ID: BA064M REG: G-XWBO


Message content:-
/NBOCAYA.ADS.G-XWBO071F1C701C88494707501FB0D4
-------------------------------------------------------[2024-09-21 03:07:51.946]

SOURCE: AIR
RX_ID: 226, Freq: 131.825MHz
Mode: 2 NACKLabel: B6 Block ID: 4, Msg No: J39A
Flight ID: BA064M REG: G-XWBO


Message content:-
/NBOCAYA.ADS.G-XWBO0381071F31881C5EC94748201FDD44
-------------------------------------------------------[2024-09-21 03:08:42.746]

SOURCE: AIR
RX_ID: 227, Freq: 131.825MHz
Mode: 2 NACKLabel: B6 Block ID: 5, Msg No: J40A
Flight ID: BA064M REG: G-XWBO


Message content:-
/NBOCAYA.ADS.G-XWBO071F36C01C548946C8541F0E7C68F4C0000D2084E019ADC946C33F20E9A818F0C946C04A51
-------------------------------------------------------[2024-09-21 03:08:56.239]

SOURCE: AIR
RX_ID: 228, Freq: 131.825MHz
Mode: 2 NACKLabel: B6 Block ID: 6, Msg No: J41A
Flight ID: BA064M REG: G-XWBO


Message content:-
/QUKAXBA.ADS.G-XWBO071F4DD01C27494789381F57CA
-------------------------------------------------------[2024-09-21 03:09:53.400]

SOURCE: AIR
RX_ID: 229, Freq: 131.825MHz
Mode: 2 NACKLabel: B6 Block ID: 8, Msg No: J42A
Flight ID: BA064M REG: G-XWBO


Message content:-
/NBOCAYA.ADS.G-XWBO0382071F4F081C24C94749441FCEB6
-------------------------------------------------------[2024-09-21 03:09:56.874]

SOURCE: AIR
RX_ID: 230, Freq: 131.825MHz
Mode: 2 NACKLabel: 15 Block ID: 9, Msg No: M39A
Flight ID: BA064M REG: G-XWBO


Message content:-
FST01HKJKEGLLN440215E0049688380 123 538 M53C054082342348486  04220310
-------------------------------------------------------[2024-09-21 03:10:27.997]

SOURCE: AIR
RX_ID: 231, Freq: 131.825MHz
Mode: 2 NACKLabel: B6 Block ID: 1, Msg No: J44A
Flight ID: BA064M REG: G-XWBO


Message content:-
/NBOCAYA.ADS.G-XWBO0383071F66681BF649470A2C1FF745
-------------------------------------------------------[2024-09-21 03:10:55.243]

SOURCE: AIR
RX_ID: 232, Freq: 131.825MHz
Mode: 2 NACKLabel: B6 Block ID: 1, Msg No: J44A
Flight ID: BA064M REG: G-XWBO


Message content:-
/NBOCAYA.ADS.G-XWBO0383071F66681BF649470A2C1FF745
-------------------------------------------------------[2024-09-21 03:11:18.578]

SOURCE: AIR
RX_ID: 233, Freq: 131.825MHz
Mode: 2 NACKLabel: B6 Block ID: 3, Msg No: J46A
Flight ID: BA064M REG: G-XWBO


Message content:-
/NBOCAYA.ADS.G-XWBO0384071F80201BC349474B2C1F4C0B
-------------------------------------------------------[2024-09-21 03:11:59.352]

SOURCE: AIR
RX_ID: 234, Freq: 131.825MHz
Mode: 2 NACKLabel: B6 Block ID: 4, Msg No: J47A
Flight ID: BA064M REG: G-XWBO


Message content:-
/NBOCAYA.ADS.G-XWBO071F84181BBB49474B541FBA25
-------------------------------------------------------[2024-09-21 03:12:08.752]

SOURCE: AIR
RX_ID: 235, Freq: 131.825MHz
Mode: 2 NACKLabel: B6 Block ID: 4, Msg No: J47A
Flight ID: BA064M REG: G-XWBO


Message content:-
/NBOCAYA.ADS.G-XWBO071F84181BBB49474B541FBA25
-------------------------------------------------------[2024-09-21 03:12:29.707]

SOURCE: AIR
RX_ID: 236, Freq: 131.825MHz
Mode: 2 NACKLabel: B6 Block ID: 7, Msg No: J48A
Flight ID: BA064M REG: G-XWBO


Message content:-
/NBOCAYA.ADS.G-XWBO0385071F9B501B8D0946CC3C1F98E1
-------------------------------------------------------[2024-09-21 03:13:06.754]

SOURCE: AIR
RX_ID: 237, Freq: 131.825MHz
Mode: 2 NACKLabel: B6 Block ID: 9, Msg No: J49A
Flight ID: BA064M REG: G-XWBO


Message content:-
/NBOCAYA.ADS.G-XWBO071F9E201B8749470C581F0E7C68F0800C0D2084E019ADC946C24B20E9A818F0C946C08F30
-------------------------------------------------------[2024-09-21 03:13:13.119]

SOURCE: AIR
RX_ID: 238, Freq: 131.825MHz
Mode: 2 NACKLabel: B6 Block ID: 0, Msg No: J50A
Flight ID: BA064M REG: G-XWBO


Message content:-
/NBOCAYA.ADS.G-XWBO071FB7881B5449470D581F070D
-------------------------------------------------------[2024-09-21 03:14:17.228]

SOURCE: AIR
RX_ID: 239, Freq: 131.825MHz
Mode: 2 NACKLabel: B6 Block ID: 3, Msg No: J52A
Flight ID: BA064M REG: G-XWBO


Message content:-
/NBOCAYA.ADS.G-XWBO071FD0F81B20C9470E581FC632
-------------------------------------------------------[2024-09-21 03:15:21.302]

SOURCE: AIR
RX_ID: 240, Freq: 131.825MHz
Mode: 2 NACKLabel: B6 Block ID: 3, Msg No: J52A
Flight ID: BA064M REG: G-XWBO


Message content:-
/NBOCAYA.ADS.G-XWBO071FD0F81B20C9470E581FC632
-------------------------------------------------------[2024-09-21 03:15:42.623]

SOURCE: AIR
RX_ID: 241, Freq: 131.725MHz
Mode: G NACKLabel: B9 Block ID: 5, Msg No: J27A
Flight ID: SN028A REG: OO-SFX


Message content:-
/EBBR.TI2/000EBBRA2C8A
-------------------------------------------------------[2024-09-21 03:15:48.768]

SOURCE: AIR
RX_ID: 242, Freq: 131.825MHz
Mode: 2 NACKLabel: B6 Block ID: 3, Msg No: J52A
Flight ID: BA064M REG: G-XWBO


Message content:-
/NBOCAYA.ADS.G-XWBO071FD0F81B20C9470E581FC632
-------------------------------------------------------[2024-09-21 03:16:06.175]

SOURCE: AIR
RX_ID: 243, Freq: 131.825MHz
Mode: 2 NACKLabel: B6 Block ID: 5, Msg No: J53A
Flight ID: BA064M REG: G-XWBO


Message content:-
/NBOCAYA.ADS.G-XWBO0387071FE7901AF309474F3C1FE271
-------------------------------------------------------[2024-09-21 03:16:17.841]

SOURCE: AIR
RX_ID: 244, Freq: 131.825MHz
Mode: 2 NACKLabel: H1 Block ID: 7, Msg No: F59A
Flight ID: BA064M REG: G-XWBO


Message content:-
#M1BRESREQ/AK,1158AF6
-------------------------------------------------------[2024-09-21 03:16:23.766]

SOURCE: AIR
RX_ID: 245, Freq: 131.825MHz
Mode: 2 NACKLabel: H1 Block ID: 8, Msg No: F60A
Flight ID: BA064M REG: G-XWBO


Message content:-
#M1BPRG/TS031621,210924/DTEGLL,09L,145,042221/PR5062,291,380,258,,0,93,,,90,,,M10,P8,36090,,4804,289F9BF
-------------------------------------------------------[2024-09-21 03:16:30.131]

SOURCE: AIR
RX_ID: 246, Freq: 131.825MHz
Mode: 2 NACKLabel: B6 Block ID: 0, Msg No: J55A
Flight ID: BA064M REG: G-XWBO


Message content:-
/NBOCAYA.ADS.G-XWBO0388071FFFB81AC18946D0301F0FEC
-------------------------------------------------------[2024-09-21 03:17:19.903]

SOURCE: AIR
RX_ID: 247, Freq: 131.825MHz
Mode: 2 NACKLabel: B6 Block ID: 1, Msg No: J56A
Flight ID: BA064M REG: G-XWBO


Message content:-
/NBOCAYA.ADS.G-XWBO072004181AB8C947105C1F0E7C60EFC0000D2084E019ADC946C14920E9A818F0C946C0CDD5
-------------------------------------------------------[2024-09-21 03:17:29.925]

SOURCE: AIR
RX_ID: 248, Freq: 131.825MHz
Mode: 2 NACKLabel: B6 Block ID: 3, Msg No: J57A
Flight ID: BA064M REG: G-XWBO


Message content:-
/NBOCAYA.ADS.G-XWBO0389072018581A8F494751281F58B9
-------------------------------------------------------[2024-09-21 03:18:21.747]

SOURCE: AIR
RX_ID: 249, Freq: 131.825MHz
Mode: 2 NACKLabel: B6 Block ID: 4, Msg No: J58A
Flight ID: BA064M REG: G-XWBO


Message content:-
/NBOCAYA.ADS.G-XWBO07201D881A848947515C1FC3F7
-------------------------------------------------------[2024-09-21 03:18:34.034]

SOURCE: AIR
RX_ID: 250, Freq: 131.825MHz
Mode: 2 NACKLabel: B6 Block ID: 6, Msg No: J59A
Flight ID: BA064M REG: G-XWBO


Message content:-
/NBOCAYA.ADS.G-XWBO038A072031481A5C094792241F4444
-------------------------------------------------------[2024-09-21 03:19:24.832]

SOURCE: AIR
RX_ID: 251, Freq: 131.825MHz
Mode: 2 NACKLabel: B6 Block ID: 7, Msg No: J60A
Flight ID: BA064M REG: G-XWBO


Message content:-
/NBOCAYA.ADS.G-XWBO072036C81A508946D25C1F20CB
-------------------------------------------------------[2024-09-21 03:19:38.144]

SOURCE: AIR
RX_ID: 252, Freq: 131.725MHz
Mode: G NACKLabel: B9 Block ID: 0, Msg No: J50A
Flight ID: AF0878 REG: F-GZCG


Message content:-
/LFPG.TI2/000LFPGA9F82
-------------------------------------------------------[2024-09-21 03:34:45.415]

SOURCE: AIR
RX_ID: 253, Freq: 131.725MHz
Mode: G NACKLabel: 2F Block ID: 3, Msg No: M75A
Flight ID: AF0878 REG: F-GZCG


Message content:-
0339+4408+479/38116
DNAA/LFPG/38001//-55/0.82/163519/151873//BULOL  //-101/051
-------------------------------------------------------[2024-09-21 03:39:54.849]

SOURCE: AIR
RX_ID: 254, Freq: 131.725MHz
Mode: G NACKLabel: H1 Block ID: 4, Msg No: F35A
Flight ID: DL0232 REG: N177DZ


Message content:-
#M2BPOSN44294E005062,BEP38,034510,370,RET39,034752,KOL40,M52,26357,268,800B333
-------------------------------------------------------[2024-09-21 03:45:13.937]

SOURCE: AIR
RX_ID: 255, Freq: 131.725MHz
Mode: G NACKLabel: 10 Block ID: 3, Msg No: M42A
Flight ID: KL0536 REG: PH-AOA


Message content:-
ETA36A21035148KLM536  HUENEHAM200521EHAM 114
-------------------------------------------------------[2024-09-21 03:52:03.940]

SOURCE: AIR
RX_ID: 256, Freq: 131.725MHz
Mode: 2 NACKLabel: 10 Block ID: 3, Msg No: M42A
Flight ID: KL0536 REG: PH-AOA


Message content:-
ETA36A21035148KLM536  HUENEHAM200521EHAM 114
-------------------------------------------------------[2024-09-21 03:52:21.567]

SOURCE: AIR
RX_ID: 257, Freq: 131.725MHz
Mode: G NACKLabel: H1 Block ID: 6, Msg No: D73A
Flight ID: DL0232 REG: N177DZ


Message content:-
#DFB239N177DZ0232092124035551796 4375   692369-24-52262 5412-167 25800
 258 504 100122350030YY(KJFKLIRN
-------------------------------------------------------[2024-09-21 03:56:06.044]

SOURCE: AIR
RX_ID: 258, Freq: 131.725MHz
Mode: G NACKLabel: H1 Block ID: 7, Msg No: D74A
Flight ID: DL0232 REG: N177DZ


Message content:-
#DFB221N177DZ0232210924035553283258369796-24-52 -1             897 897
    619609    4659 4705      961 961     99100    55 53   149141   10
0 70   0501  0001  619615   1604 48 57    129 130    00010010012-1
-------------------------------------------------------[2024-09-21 03:57:06.642]

SOURCE: AIR
RX_ID: 259, Freq: 131.725MHz
Mode: G NACKLabel: H1 Block ID: 8, Msg No: D74B
Flight ID: DL0232 REG: N177DZ


Message content:-
#DFB670
015 400115568399115531402115436401115408
-------------------------------------------------------[2024-09-21 03:57:10.336]

SOURCE: AIR
RX_ID: 260, Freq: 131.725MHz
Mode: X NACKLabel: H1 Block ID: 0, Msg No: D29C
Flight ID: CC3165 REG: TF-AKD


Message content:-
#DFB076090.800653097.10541662.60.870.260.7674.6000-16.3
1077090.800654097.10543262.60.870.250.7874.6000-16.3
1078090.800654097.10544062.60.870.250.7874.6000-16.3
1079090.800654097.10543262.60.870.250.7674.70
-------------------------------------------------------[2024-09-21 04:08:52.004]

SOURCE: AIR
RX_ID: 261, Freq: 131.725MHz
Mode: X NACKLabel: H1 Block ID: 2, Msg No: D29E
Flight ID: CC3165 REG: TF-AKD


Message content:-
#DFB60.7574.4000-16.5
1084090.800653097.10540862.70.870.260.7574.4000-16.5
1085090.900655097.30542462.70.880.270.7575.0000-16.5
1086091.100656097.40546462.80.880.270.7575.1000-16.5
1087091.100657097.4054726
-------------------------------------------------------[2024-09-21 04:08:59.173]

SOURCE: AIR
RX_ID: 262, Freq: 131.725MHz
Mode: X NACKLabel: H1 Block ID: 3, Msg No: D29F
Flight ID: CC3165 REG: TF-AKD


Message content:-
#DFB2.80.880.270.7675.2000-16.5
1088091.100656097.40548062.80.880.260.7675.1000-16.5
1089091.100656097.40548862.80.880.260.7575.2000-16.5
1090091.100656097.30548062.80.870.250.7575.2000-16.5
1091091.1006560
-------------------------------------------------------[2024-09-21 04:09:02.831]

SOURCE: AIR
RX_ID: 263, Freq: 131.725MHz
Mode: X NACKLabel: H1 Block ID: 4, Msg No: D29G
Flight ID: CC3165 REG: TF-AKD


Message content:-
#DFB97.30548062.80.870.250.7575.2000-16.5
1092091.000656097.30548862.80.870.250.7575.2000-16.5
1093091.100656097.40548062.80.870.250.7675.2000-16.5
1094091.100656097.30548062.80.870.250.7675.2000-16.5
10950
-------------------------------------------------------[2024-09-21 04:09:06.526]

SOURCE: AIR
RX_ID: 264, Freq: 131.725MHz
Mode: X NACKLabel: H1 Block ID: 5, Msg No: D29H
Flight ID: CC3165 REG: TF-AKD


Message content:-
#DFB91.100656097.40548862.80.870.250.7675.2000-16.5
1096091.100656097.30548062.80.870.250.7575.2000-16.5
1097091.100657097.40548062.80.870.250.7675.2000-16.5
1098091.100656097.30548062.80.880.260.7675.1000-1
-------------------------------------------------------[2024-09-21 04:09:10.437]

SOURCE: AIR
RX_ID: 265, Freq: 131.725MHz
Mode: X NACKLabel: H1 Block ID: 6, Msg No: D29I
Flight ID: CC3165 REG: TF-AKD


Message content:-
#DFB6.5
1099091.100657097.40548062.80.880.260.7875.2000-16.5
1100091.100657097.40548862.80.870.250.7675.3000-16.5
1101091.100657097.40548062.80.880.250.7575.2000-16.5
1102091.200658097.50548862.80.880.250.7
-------------------------------------------------------[2024-09-21 04:09:13.914]

SOURCE: AIR
RX_ID: 266, Freq: 131.725MHz
Mode: X NACKLabel: H1 Block ID: 7, Msg No: D29J
Flight ID: CC3165 REG: TF-AKD


Message content:-
#DFB575.3000-16.5
1103091.300659097.60551262.80.880.250.7575.3000-16.5
1104091.300659097.50551262.80.880.250.7575.3000-16.5
1105091.100657097.40550462.80.890.250.7575.3000-16.5
1106091.100657097.40549662.80
-------------------------------------------------------[2024-09-21 04:09:17.605]

SOURCE: AIR
RX_ID: 267, Freq: 131.725MHz
Mode: X NACKLabel: H1 Block ID: 8, Msg No: D29K
Flight ID: CC3165 REG: TF-AKD


Message content:-
#DFB.890.250.7575.3000-16.5
1107091.200658097.50549662.80.880.250.7575.3000-16.5
1108091.300659097.50551262.80.870.250.7675.3000-16.5
1109091.300659097.60552862.80.870.250.7675.3000-16.5
1110091.300659097.6
-------------------------------------------------------[2024-09-21 04:09:20.861]

SOURCE: AIR
RX_ID: 268, Freq: 131.725MHz
Mode: X NACKLabel: H1 Block ID: 9, Msg No: D29L
Flight ID: CC3165 REG: TF-AKD


Message content:-
#DFB0552862.80.870.250.7675.4000-16.5
1111091.300660097.60553662.80.890.240.7575.5000-16.5
1112091.300659097.50552062.80.880.240.7575.4000-16.5
1113091.200658097.50551262.80.880.240.7575.4000-16.5
1114091.2
-------------------------------------------------------[2024-09-21 04:09:24.335]

SOURCE: AIR
RX_ID: 269, Freq: 131.725MHz
Mode: X NACKLabel: H1 Block ID: 0, Msg No: D29M
Flight ID: CC3165 REG: TF-AKD


Message content:-
#DFB00658097.40550462.80.880.240.7675.4000-16.5
1115091.200658097.40551262.80.880.240.7675.4000-16.5
1116091.300658097.40551262.80.880.250.7675.4000-16.5
1117091.300659097.40552062.80.880.250.7675.4000-16.5
-------------------------------------------------------[2024-09-21 04:09:28.431]

SOURCE: AIR
RX_ID: 270, Freq: 131.725MHz
Mode: X NACKLabel: H1 Block ID: 1, Msg No: D29N
Flight ID: CC3165 REG: TF-AKD


Message content:-
#DFB
1118091.300659097.50552062.80.880.250.7675.4000-16.5
1119091.300659097.50552862.80.880.250.7875.4000-16.5
1120091.300659097.50552862.80.880.250.7875.4000-16.5
1121091.300659097.50552862.80.880.250.7875.
-------------------------------------------------------[2024-09-21 04:09:32.125]

SOURCE: AIR
RX_ID: 271, Freq: 131.725MHz
Mode: X NACKLabel: H1 Block ID: 2, Msg No: D29O
Flight ID: CC3165 REG: TF-AKD


Message content:-
#DFB4000-16.5
1122091.300659097.50552862.80.880.250.7675.4000-16.5
1123091.300659097.50552862.80.880.260.7675.4000-16.5
1124091.300659097.50552862.80.880.250.7575.4000-16.5
1125091.100658097.40553662.80.880
-------------------------------------------------------[2024-09-21 04:09:36.624]

SOURCE: AIR
RX_ID: 272, Freq: 131.725MHz
Mode: X NACKLabel: H1 Block ID: 3, Msg No: D29P
Flight ID: CC3165 REG: TF-AKD


Message content:-
#DFB.250.7575.4000-16.5
1126091.100657097.30549662.80.880.250.7575.4000-16.5
1127091.100657097.30548862.80.870.250.7575.4000-16.5

-------------------------------------------------------[2024-09-21 04:09:41.561]

SOURCE: AIR
RX_ID: 273, Freq: 131.725MHz
Mode: X NACKLabel: H1 Block ID: 5, Msg No: F11A
Flight ID: CC3165 REG: TF-AKD


Message content:-
#M1BPOSN43333E005019,,041252,340,MTL,042032,ETREK,M48,26350,470,82,2F58
-------------------------------------------------------[2024-09-21 04:12:55.718]

SOURCE: AIR
RX_ID: 274, Freq: 131.725MHz
Mode: X NACKLabel: H1 Block ID: 7, Msg No: F12A
Flight ID: CC3165 REG: TF-AKD


Message content:-
#M1BPOSN44361E004471,,042052,340,MADOT,042932,MOPEM,M49,26750,441,82,BC12
-------------------------------------------------------[2024-09-21 04:20:59.231]

SOURCE: AIR
RX_ID: 275, Freq: 131.725MHz
Mode: X NACKLabel: H1 Block ID: 7, Msg No: F12A
Flight ID: CC3165 REG: TF-AKD


Message content:-
#M1BPOSN44361E004471,,042052,340,MADOT,042932,MOPEM,M49,26750,441,82,BC12
-------------------------------------------------------[2024-09-21 04:21:11.336]

SOURCE: AIR
RX_ID: 276, Freq: 131.525MHz
Mode: T NACKLabel: H1 Block ID: 4, Msg No: D09C
Flight ID: AF7315 REG: F-GMZA


Message content:-
#DFB4,XXXXX,N0149,0185,---/9CN006,---,00009,070996,---/C0XXXXX,XXXXX,N0151,0185,---/0C0000,---,N0045,070959,---/E14364,XXXXX,N0147,0185,---/1EN000,---,00059,070978,---/E2XXXXX,0720,N0146,0185,---/2EN002,---,000
-------------------------------------------------------[2024-09-21 04:24:40.599]

SOURCE: AIR
RX_ID: 277, Freq: 131.525MHz
Mode: T NACKLabel: H1 Block ID: 5, Msg No: D09D
Flight ID: AF7315 REG: F-GMZA


Message content:-
#DFB64,070978,---/E3XXXXX,0720,N0145,0185,---/3EN002,---,00006,070996,---/E44364,XXXXX,N0120,0175,---/4E0002,070,00104,070941,---/E54365,0721,N0116,0170,345/5E0005,145,00222,070905,005/E64366,0722,00155,0180,31
-------------------------------------------------------[2024-09-21 04:24:43.853]

SOURCE: AIR
RX_ID: 278, Freq: 131.525MHz
Mode: T NACKLabel: H1 Block ID: 7, Msg No: D09F
Flight ID: AF7315 REG: F-GMZA


Message content:-
#DFB8,03016,0140,068/0E0038,167,N0361,071086,015/N14362,XXXXX,03460,0130,057/1N0239,181,N0227,071232,013/N24361,0729,03819,0120,060/2N0223,196,00017,071268,024/N34359,0727,04109,0112,059/3N0190,222,00635,071268
-------------------------------------------------------[2024-09-21 04:24:51.023]

SOURCE: AIR
RX_ID: 279, Freq: 131.525MHz
Mode: T NACKLabel: H1 Block ID: 9, Msg No: D09H
Flight ID: AF7315 REG: F-GMZA


Message content:-
#DFB3,N0078,071159,019/N84363,0712,08142,0017,105/8NN005,248,00350,071123,016/N94365,0710,08927,0000,114/9NN009,250,00035,071141,017/N04367,0707,09739,N002,139/0NN003,250,00313,071123,016/S14369,0704,10680,0000
-------------------------------------------------------[2024-09-21 04:24:59.029]

SOURCE: AIR
RX_ID: 280, Freq: 131.525MHz
Mode: T NACKLabel: H1 Block ID: 0, Msg No: D09I
Flight ID: AF7315 REG: F-GMZA


Message content:-
#DFB,139/1SN002,253,00413,071105,006/S24372,0702,11748,N017,137/2SN003,245,N0377,071086,007/S34374,0699,12477,N037,164/3SN005,249,00087,071068,008/S44376,0697,12964,N047,183/4SN002,265,N0067,071050,005/S54378,0
-------------------------------------------------------[2024-09-21 04:25:02.505]

SOURCE: AIR
RX_ID: 281, Freq: 131.525MHz
Mode: T NACKLabel: H1 Block ID: 1, Msg No: D09J
Flight ID: AF7315 REG: F-GMZA


Message content:-
#DFB694,13317,N052,226/5SN008,282,00462,071014,005/S64380,0691,13997,N065,236/6SN008,285,N0277,070996,007/S74382,0688,14724,N085,236/7SN004,287,00035,070978,013/S84385,0684,15505,N095,243/8SN010,286,N0009,07094
-------------------------------------------------------[2024-09-21 04:25:06.197]

SOURCE: AIR
RX_ID: 282, Freq: 131.525MHz
Mode: T NACKLabel: H1 Block ID: 2, Msg No: D09K
Flight ID: AF7315 REG: F-GMZA


Message content:-
#DFB1,016/S94387,0682,16305,N110,249/9SN004,285,N0135,070923,016/S04390,0678,17001,N127,249/0SN007,286,N0063,070887,015/T14392,0675,17645,N137,256/1T0194,288,00275,070869,014/T24396,0674,18389,N142,255/2T0026,2
-------------------------------------------------------[2024-09-21 04:25:10.295]

SOURCE: AIR
RX_ID: 283, Freq: 131.525MHz
Mode: T NACKLabel: H1 Block ID: 4, Msg No: D09M
Flight ID: AF7315 REG: F-GMZA


Message content:-
#DFB0,245/6TN006,286,N0040,070724,024/T74413,0667,21446,N215,252/7TN007,287,00166,070687,020/T84417,0666,22066,N232,251/8TN118,286,00117,070669,022/T94420,0664,22643,N250,261/9TN024,287,00087,070633,020,/
-------------------------------------------------------[2024-09-21 04:25:17.243]

SOURCE: AIR
RX_ID: 284, Freq: 131.725MHz
Mode: G NACKLabel: 16 Block ID: 3, Msg No: M54A
Flight ID: P47578 REG: 5N-BVE


Message content:-
POSA1N43730E  4632,MRM-13 ,043122,379,MTL-14 ,044002,,-55, 48, 196,834
-------------------------------------------------------[2024-09-21 04:33:58.899]

SOURCE: AIR
RX_ID: 285, Freq: 131.725MHz
Mode: G NACKLabel: H1 Block ID: 4, Msg No: F04A
Flight ID: P47578 REG: 5N-BVE


Message content:-
#M1BREQPWI/WQ390.380.370.360:N44333E004382.ETREK.MADOT.MOPEM.CACHI.AVLON.OKRIX.BRY.CLM.UTELA.KOPOR.PIREG.OPALE.KESAX.KUNAV.EGKK/DQ380B98F
-------------------------------------------------------[2024-09-21 04:42:45.866]

SOURCE: AIR
RX_ID: 286, Freq: 131.850MHz
Mode: 2 NACKLabel: 16 Block ID: 4, Msg No: M30A
Flight ID: WB0712 REG: 9XR-WP


Message content:-
045350,38002,0614,  12,N 44.050 E  4.928
-------------------------------------------------------[2024-09-21 04:53:53.086]

SOURCE: AIR
RX_ID: 287, Freq: 131.725MHz
Mode: X NACKLabel: H1 Block ID: 5, Msg No: D41A
Flight ID: DL0028 REG: N840MH


Message content:-
#DFB239N1816 0028092124051611825 4466   495350-20-50257 50XX-223 25000
 281 5080028134310030GMYKJFKLFMN
-------------------------------------------------------[2024-09-21 05:16:25.037]

SOURCE: AIR
RX_ID: 288, Freq: 131.725MHz
Mode: X NACKLabel: H1 Block ID: 5, Msg No: D41A
Flight ID: DL0028 REG: N840MH


Message content:-
#DFB239N1816 0028092124051611825 4466   495350-20-50257 50XX-223 25000
 281 5080028134310030GMYKJFKLFMN
-------------------------------------------------------[2024-09-21 05:16:34.437]

SOURCE: AIR
RX_ID: 289, Freq: 131.725MHz
Mode: X NACKLabel: H1 Block ID: 5, Msg No: D41A
Flight ID: DL0028 REG: N840MH


Message content:-
#DFB239N1816 0028092124051611825 4466   495350-20-50257 50XX-223 25000
 281 5080028134310030GMYKJFKLFMN
-------------------------------------------------------[2024-09-21 05:16:42.445]

SOURCE: AIR
RX_ID: 290, Freq: 131.725MHz
Mode: X NACKLabel: H1 Block ID: 6, Msg No: F03A
Flight ID: DL0028 REG: N840MH


Message content:-
#M1BPOSN44296E005044,NISAR,051705,341,XIRBI,051824,DOTIG,M49,25848,245,815F9F8
-------------------------------------------------------[2024-09-21 05:17:07.021]

SOURCE: AIR
RX_ID: 291, Freq: 131.725MHz
Mode: X NACKLabel: H1 Block ID: 7, Msg No: D42A
Flight ID: DL0028 REG: N840MH


Message content:-
#DFBENGINE BLEED REPORT

AID:N1816  DA:21/09    GMT:05:24    FNO: 780      ISFC: 1009
TAT:  35  SAT:-155   ALT: 18852   MACH:0608    FCNT:  203
GW:313280  FLT:0028-1  MODE:DESC    SID:AK-67-223
S/N L:70624
-------------------------------------------------------[2024-09-21 05:24:40.222]

SOURCE: AIR
RX_ID: 292, Freq: 131.725MHz
Mode: X NACKLabel: H1 Block ID: 8, Msg No: D42B
Flight ID: DL0028 REG: N840MH


Message content:-
#DFB5         DEPART:KJFK    DESTIN:LFMN
S/N R:707000

               ENG L     ENG R
HPSOV          OPN       OPN
PRV            OPN       OPN
PRSOV          OPN       OPN
FAV %            -291     -292
-------------------------------------------------------[2024-09-21 05:24:44.312]

SOURCE: AIR
RX_ID: 293, Freq: 131.725MHz
Mode: X NACKLabel: H1 Block ID: 9, Msg No: D42C
Flight ID: DL0028 REG: N840MH


Message content:-
#DFB
N1 SPD          3838     3863
HI STG PRESS    3900     4100
INTERM PRESS1    2975     3098
INTERM PRESS2    2727     2969
STRUT OVHT     NRML      NRML
DUCT PRESS       2638     2788
P-COOL TEMP    
-------------------------------------------------------[2024-09-21 05:24:47.823]

SOURCE: AIR
RX_ID: 294, Freq: 131.725MHz
Mode: X NACKLabel: H1 Block ID: 0, Msg No: D42D
Flight ID: DL0028 REG: N840MH


Message content:-
#DFB34300    35666
PACK HX TEMP    30466    32413
PACK FLOW        8161    11991
WING ANTI ICE  OFF
LT  ISO VLV    CLS
RT  ISO VLV    CLS
CTR ISO VLV    OPN

TRIGGER CODE   0000

STATUS WORDS  DW1  DW
-------------------------------------------------------[2024-09-21 05:24:52.322]

SOURCE: AIR
RX_ID: 295, Freq: 131.725MHz
Mode: X NACKLabel: H1 Block ID: 1, Msg No: D42E
Flight ID: DL0028 REG: N840MH


Message content:-
#DFB2  DW3  DW4  DW5  DW6  DW7  DW8  EICAS
LEFT          0000 0001 0000 0000 0000 0000 1040 0000 0000
RIGHT         0000 0001 0000 0000 0000 0000 1040 0000 0000

-------------------------------------------------------[2024-09-21 05:24:56.015]

SOURCE: AIR
RX_ID: 296, Freq: 131.725MHz
Mode: X NACKLabel: 32 Block ID: 2, Msg No: M75A
Flight ID: DL0028 REG: N840MH


Message content:-
200532 KJFK LFMN6
          4L                           








-------------------------------------------------------[2024-09-21 05:25:48.642]

SOURCE: AIR
RX_ID: 297, Freq: 131.725MHz
Mode: E NACKLabel: 16 Block ID: 8, Msg No: M04A
Flight ID: XSMBU6 REG: 2-BBMB


Message content:-
052715,,0637, 136,N 43.917 E  6.874
-------------------------------------------------------[2024-09-21 05:27:16.891]

SOURCE: AIR
RX_ID: 298, Freq: 131.725MHz
Mode: G NACKLabel: 16 Block ID: 0, Msg No: M05A
Flight ID: XSMBU6 REG: 2-BBMB


Message content:-
054216,,0638, 119,N 43.010 E  4.936
-------------------------------------------------------[2024-09-21 05:42:18.236]

SOURCE: AIR
RX_ID: 299, Freq: 131.725MHz
Mode: E NACKLabel: B9 Block ID: 4, Msg No: L06A
Flight ID: AF1385 REG: F-GRHF


Message content:-
/LFPG.TI2/064LFPGA3806
-------------------------------------------------------[2024-09-21 05:59:18.952]

SOURCE: AIR
RX_ID: 300, Freq: 131.525MHz
Mode: T NACKLabel: 2F Block ID: 0, Msg No: M14A
Flight ID: AF7300 REG: F-GMZC


Message content:-
0601+4457+499/3550
-------------------------------------------------------[2024-09-21 06:01:22.233]

SOURCE: AIR
RX_ID: 301, Freq: 131.725MHz
Mode: E NACKLabel: 80 Block ID: 9, Msg No: M16A
Flight ID: AF1385 REG: F-GRHF


Message content:-
AF1385/DEST/LFPG
BONJOUR.BLOC 0910LT
PAS BESOIN DE NAVETTE
IMMEDIATEMENT.ON RESTE-
RA DANS L AVION ET ON
LA RECOMMANDERA PLUS 
TARD.MERCIIII
A TOUTE
-------------------------------------------------------[2024-09-21 06:01:50.319]

SOURCE: AIR
RX_ID: 302, Freq: 131.525MHz
Mode: T NACKLabel: 2Z Block ID: 1, Msg No: M15A
Flight ID: AF7300 REG: F-GMZC


Message content:-
LFMN
-------------------------------------------------------[2024-09-21 06:02:03.193]

SOURCE: AIR
RX_ID: 303, Freq: 131.525MHz
Mode: T NACKLabel: 26 Block ID: 0, Msg No: M13A
Flight ID: AF7562 REG: F-GMZD


Message content:-
0604LFPOAF7562/210649LFKJ02 
-------------------------------------------------------[2024-09-21 06:04:02.781]

SOURCE: AIR
RX_ID: 304, Freq: 131.825MHz
Mode: 2 NACKLabel: B9 Block ID: 7, Msg No: J13A
Flight ID: WB0700 REG: 9XR-WN


Message content:-
/LFPG.TI2/000LFPGA9F82
-------------------------------------------------------[2024-09-21 06:08:12.312]

SOURCE: AIR
RX_ID: 305, Freq: 131.525MHz
Mode: T NACKLabel: 26 Block ID: 3, Msg No: M16A
Flight ID: AF7300 REG: F-GMZC


Message content:-
0610LFPGAF7300/210625LFMN04L
-------------------------------------------------------[2024-09-21 06:10:03.014]

SOURCE: AIR
RX_ID: 306, Freq: 131.525MHz
Mode: T NACKLabel: 2F Block ID: 1, Msg No: M14A
Flight ID: AF7562 REG: F-GMZD


Message content:-
0613+4443+577/3740
-------------------------------------------------------[2024-09-21 06:13:44.821]

SOURCE: AIR
RX_ID: 307, Freq: 131.725MHz
Mode: E NACKLabel: 44 Block ID: 3, Msg No: M65A
Flight ID: GS0000 REG: FHBAN


Message content:-
09|\L46c+NN68ZG44B4h,c6hZc-W|Pc-W.+c4Zh8c4,61c4s46c44854
-------------------------------------------------------[2024-09-21 06:38:55.488]

SOURCE: AIR
RX_ID: 308, Freq: 131.725MHz
Mode: G NACKLabel: H1 Block ID: 9, Msg No: D15A
Flight ID: KL0592 REG: PH-BVF


Message content:-
#DFB(POS-KLM592  -4457N00442E/064545 F360
RMK/FUEL  12.0 M0.83)
-------------------------------------------------------[2024-09-21 06:45:48.344]

SOURCE: AIR
RX_ID: 309, Freq: 131.725MHz
Mode: G NACKLabel: 16 Block ID: 1, Msg No: M36A
Flight ID: TK01TG REG: TC-JIT


Message content:-
 /N 43.566/E  6.210/36995/2109/0725/151/0846/
-------------------------------------------------------[2024-09-21 07:25:32.276]

SOURCE: AIR
RX_ID: 310, Freq: 131.725MHz
Mode: G NACKLabel: B9 Block ID: 2, Msg No: J11A
Flight ID: TK01TG REG: TC-JIT


Message content:-
/LEMD.TI2/000LEMDA503F
-------------------------------------------------------[2024-09-21 07:34:33.972]

SOURCE: AIR
RX_ID: 311, Freq: 131.725MHz
Mode: G NACKLabel: B9 Block ID: 5, Msg No: J12A
Flight ID: TK01TG REG: TC-JIT


Message content:-
/LEBL.TI2/000LEBLAF5A7
-------------------------------------------------------[2024-09-21 07:34:58.366]

SOURCE: AIR
RX_ID: 312, Freq: 131.725MHz
Mode: E NACKLabel: SA Block ID: 4, Msg No: S29A
Flight ID: GR0000 REG: OKPHE


Message content:-
0EV074554V/
-------------------------------------------------------[2024-09-21 07:58:35.604]

SOURCE: AIR
RX_ID: 313, Freq: 131.725MHz
Mode: G NACKLabel: 16 Block ID: 8, Msg No: M66A
Flight ID: QR053T REG: A7-BAI


Message content:-
ROB-33 ,N 45.188,E   6.433,33001,0485,1344,103\TS081853,210924
-------------------------------------------------------[2024-09-21 08:18:56.633]

SOURCE: AIR
RX_ID: 314, Freq: 131.725MHz
Mode: E NACKLabel: 44 Block ID: 1, Msg No: M12A
Flight ID: GS0000 REG: FHBAN


Message content:-
08,suL}Zq``}aa=LLaYtcZ}YeZP\xqZP\,0ZLteYZLc}eZLte}ZLLL[K
-------------------------------------------------------[2024-09-21 08:33:05.320]

SOURCE: AIR
RX_ID: 315, Freq: 131.825MHz
Mode: 2 NACKLabel: 17 Block ID: 8, Msg No: M54A
Flight ID: NW0183 REG: N804NW


Message content:-
210817 LIRF KJFK7
/FN 0183
PIGOS   08423401624-492660500118282
-------------------------------------------------------[2024-09-21 08:42:41.884]

SOURCE: AIR
RX_ID: 316, Freq: 131.825MHz
Mode: 2 NACKLabel: 44 Block ID: 8, Msg No: M38A
Flight ID: GS404B REG: CSDLG


Message content:-
09|\L48c+N66h8G44B4N6c4h6c-W|Pc-W.-c4Zh8c41N1c41B8cs5sgg
-------------------------------------------------------[2024-09-21 08:48:12.651]

SOURCE: AIR
RX_ID: 317, Freq: 131.725MHz
Mode: G NACKLabel: H1 Block ID: 5, Msg No: F22A
Flight ID: EB1564 REG: EC-NOG


Message content:-
#M1BPOSN45247E005531,,084921,390,N44362E005408,085552,RETNO,M55,26345,313/TS084921,092124A1A7
-------------------------------------------------------[2024-09-21 08:49:23.490]

SOURCE: AIR
RX_ID: 318, Freq: 131.725MHz
Mode: G NACKLabel: H1 Block ID: 8, Msg No: F23A
Flight ID: EB1564 REG: EC-NOG


Message content:-
#M1BPOSN44468E005399,,085432,390,N44373E005359,085554,N44243E005304,M55,25640,300/TS085432,092124339C
-------------------------------------------------------[2024-09-21 08:54:35.011]

SOURCE: AIR
RX_ID: 319, Freq: 131.725MHz
Mode: X NACKLabel: H1 Block ID: 4, Msg No: D92A
Flight ID: DL0233 REG: N177DZ


Message content:-
#DFB239N177DZ0233092124090003802 4413   655340-19-48260 5112-167 94520
 279 429 100295100030W/XLIRNKJFK
-------------------------------------------------------[2024-09-21 09:00:12.309]

SOURCE: AIR
RX_ID: 320, Freq: 131.725MHz
Mode: E NACKLabel: 16 Block ID: 0, Msg No: M16A
Flight ID: EB1564 REG: EC-NOG


Message content:-
090312,38966,0953,  12,N 43.770 E  5.166
-------------------------------------------------------[2024-09-21 09:03:21.532]

SOURCE: AIR
RX_ID: 321, Freq: 131.725MHz
Mode: E NACKLabel: B6 Block ID: 1, Msg No: J13A
Flight ID: EB1564 REG: EC-NOG


Message content:-
/MADMXEB.ADS.EC-NOG071F0B781CFBC98583F81D0E4950DF40000D1EE3601C240985807E1EA2901AC98985805FDC
-------------------------------------------------------[2024-09-21 09:04:18.071]

SOURCE: AIR
RX_ID: 322, Freq: 131.725MHz
Mode: E NACKLabel: H1 Block ID: 3, Msg No: F24A
Flight ID: EB1564 REG: EC-NOG


Message content:-
#M1BPOSN43384E005050,,090422,390,N43262E004568,090615,N43048E004425,M55,26541,284/TS090422,092124CD6F
-------------------------------------------------------[2024-09-21 09:04:27.068]

SOURCE: AIR
RX_ID: 323, Freq: 131.725MHz
Mode: E NACKLabel: H1 Block ID: 4, Msg No: D55A
Flight ID: DL0025 REG: N840MH


Message content:-
#DFB239N1816 0025092124091046821 4499   516301-10-41256 44XX-223112920
 312 4550055302340030/9WLFMNKATL
-------------------------------------------------------[2024-09-21 09:11:02.336]

SOURCE: AIR
RX_ID: 324, Freq: 131.725MHz
Mode: E NACKLabel: H1 Block ID: 4, Msg No: D55A
Flight ID: DL0025 REG: N840MH


Message content:-
#DFB239N1816 0025092124091046821 4499   516301-10-41256 44XX-223112920
 312 4550055302340030/9WLFMNKATL
-------------------------------------------------------[2024-09-21 09:11:10.345]

SOURCE: AIR
RX_ID: 325, Freq: 131.725MHz
Mode: E NACKLabel: H1 Block ID: 4, Msg No: D55A
Flight ID: DL0025 REG: N840MH


Message content:-
#DFB239N1816 0025092124091046821 4499   516301-10-41256 44XX-223112920
 312 4550055302340030/9WLFMNKATL
-------------------------------------------------------[2024-09-21 09:11:21.170]

SOURCE: AIR
RX_ID: 326, Freq: 131.725MHz
Mode: E NACKLabel: H1 Block ID: 4, Msg No: D55A
Flight ID: DL0025 REG: N840MH


Message content:-
#DFB239N1816 0025092124091046821 4499   516301-10-41256 44XX-223112920
 312 4550055302340030/9WLFMNKATL
-------------------------------------------------------[2024-09-21 09:11:34.483]

SOURCE: AIR
RX_ID: 327, Freq: 131.725MHz
Mode: E NACKLabel: B9 Block ID: 6, Msg No: L19A
Flight ID: DL0024 REG: N839MH


Message content:-
/LFMN.TI2/024LFMNA426A
-------------------------------------------------------[2024-09-21 09:13:42.925]

SOURCE: AIR
RX_ID: 328, Freq: 131.725MHz
Mode: 2 NACKLabel: SA Block ID: 0, Msg No: S28A
Flight ID: DL0024 REG: N839MH


Message content:-
0EV091418VS
-------------------------------------------------------[2024-09-21 09:14:23.664]

SOURCE: AIR
RX_ID: 329, Freq: 131.725MHz
Mode: 2 NACKLabel: H1 Block ID: 3, Msg No: D44A
Flight ID: DL0024 REG: N839MH


Message content:-
#DFBENGINE BLEED REPORT

AID:N1815  DA:21/09    GMT:09:23    FNO: 265      ISFC: 1716
TAT:  70  SAT:-153   ALT: 18940   MACH:0656    FCNT: 1103
GW:316240  FLT:0024-1  MODE:DESC    SID:AK-67-223
S/N L:70700
-------------------------------------------------------[2024-09-21 09:23:48.702]

SOURCE: AIR
RX_ID: 330, Freq: 131.725MHz
Mode: E NACKLabel: B9 Block ID: 9, Msg No: J24A
Flight ID: TS0308 REG: C-GTSD


Message content:-
/LIRF.TI2/000LIRFC367F
-------------------------------------------------------[2024-09-21 09:23:49.148]

SOURCE: AIR
RX_ID: 331, Freq: 131.725MHz
Mode: 2 NACKLabel: H1 Block ID: 4, Msg No: D44B
Flight ID: DL0024 REG: N839MH


Message content:-
#DFB0         DEPART:KATL    DESTIN:LFMN
S/N R:707000

               ENG L     ENG R
HPSOV          OPN       OPN
PRV            OPN       OPN
PRSOV          OPN       OPN
FAV %            -188     -166
-------------------------------------------------------[2024-09-21 09:23:52.620]

SOURCE: AIR
RX_ID: 332, Freq: 131.725MHz
Mode: 2 NACKLabel: H1 Block ID: 5, Msg No: D44C
Flight ID: DL0024 REG: N839MH


Message content:-
#DFB
N1 SPD          3991     4014
HI STG PRESS    4200     4200
INTERM PRESS1    3197     3525
INTERM PRESS2    3164     3459
STRUT OVHT     NRML      NRML
DUCT PRESS       3138     3100
P-COOL TEMP    
-------------------------------------------------------[2024-09-21 09:23:57.517]

SOURCE: AIR
RX_ID: 333, Freq: 131.725MHz
Mode: 2 NACKLabel: H1 Block ID: 6, Msg No: D44D
Flight ID: DL0024 REG: N839MH


Message content:-
#DFB35922    36659
PACK HX TEMP    32541    33203
PACK FLOW       12083    12434
WING ANTI ICE  OFF
LT  ISO VLV    CLS
RT  ISO VLV    CLS
CTR ISO VLV    OPN

TRIGGER CODE   0000

STATUS WORDS  DW1  DW
-------------------------------------------------------[2024-09-21 09:24:01.433]

SOURCE: AIR
RX_ID: 334, Freq: 131.725MHz
Mode: 2 NACKLabel: H1 Block ID: 7, Msg No: D44E
Flight ID: DL0024 REG: N839MH


Message content:-
#DFB2  DW3  DW4  DW5  DW6  DW7  DW8  EICAS
LEFT          0000 0001 0000 0000 0000 0000 1040 0000 0000
RIGHT         0000 0001 0000 0000 0000 0000 1040 0000 0000

-------------------------------------------------------[2024-09-21 09:24:06.111]

SOURCE: AIR
RX_ID: 335, Freq: 131.725MHz
Mode: G NACKLabel: 16 Block ID: 9, Msg No: M38A
Flight ID: TS0434 REG: C-GUBF


Message content:-
092648,19259,0945, 170,N 44.648,E  4.549
-------------------------------------------------------[2024-09-21 09:26:55.292]

SOURCE: AIR
RX_ID: 336, Freq: 131.725MHz
Mode: G NACKLabel: 16 Block ID: 6, Msg No: M39A
Flight ID: TS0434 REG: C-GUBF


Message content:-
094148,2808,0946, 159,N 43.564,E  5.047
-------------------------------------------------------[2024-09-21 09:41:56.203]

SOURCE: AIR
RX_ID: 337, Freq: 131.725MHz
Mode: G NACKLabel: H1 Block ID: 6, Msg No: D64A
Flight ID: SN04KE REG: OO-SFD


Message content:-
#DFB001072400101010734159
R01/A33001,1,1
C1,.OO-SFD,24SEP21,09.41.34,EBBR,HRYR,BEL4KE    ,5000,536
C2,004,06.0,000000,D1333RR06C02BEL,000,052,052
C3,-21.3,35011,0.825,111,1.06,111,10,0,01,111,1.06,X
C4,-21
-------------------------------------------------------[2024-09-21 09:42:06.662]

SOURCE: AIR
RX_ID: 338, Freq: 131.725MHz
Mode: G NACKLabel: H1 Block ID: 8, Msg No: D64C
Flight ID: SN04KE REG: OO-SFD


Message content:-
#DFB448,1.448,078.62,086.8,086.7,0617,07.900,03108,09.03
S1,05.42,-21.1,037.5,187.1,156.6,458.9,09.3,058.7,028.1,27,113
S2,05.42,-21.1,038.7,187.6,160.4,452.0,09.0,057.0,028.1,35,144
T1,077,095,109.1,000.2,0
-------------------------------------------------------[2024-09-21 09:42:13.829]

SOURCE: AIR
RX_ID: 339, Freq: 131.725MHz
Mode: G NACKLabel: H1 Block ID: 8, Msg No: D64C
Flight ID: SN04KE REG: OO-SFD


Message content:-
#DFB448,1.448,078.62,086.8,086.7,0617,07.900,03108,09.03
S1,05.42,-21.1,037.5,187.1,156.6,458.9,09.3,058.7,028.1,27,113
S2,05.42,-21.1,038.7,187.6,160.4,452.0,09.0,057.0,028.1,35,144
T1,077,095,109.1,000.2,0
-------------------------------------------------------[2024-09-21 09:42:21.400]

SOURCE: AIR
RX_ID: 340, Freq: 131.725MHz
Mode: G NACKLabel: H1 Block ID: 9, Msg No: D64D
Flight ID: SN04KE REG: OO-SFD


Message content:-
#DFB47.3,0.10,0.05,0.02,313,0.15,009.5
T2,077,094,105.0,000.1,047.2,0.14,0.02,0.04,048,0.19,009.4
V1,0423,0366
V2,0425,0351
                            :

-------------------------------------------------------[2024-09-21 09:42:24.691]

SOURCE: AIR
RX_ID: 341, Freq: 131.725MHz
Mode: G NACKLabel: H1 Block ID: 1, Msg No: D65A
Flight ID: SN04KE REG: OO-SFD


Message content:-
#DFB002072400101011031129
R02/A33002,1,1
C1,.OO-SFD,24SEP21,09.41.34,EBBR,HRYR,BEL4KE    ,5000,557
C2,001,06.0,000000,D1333RR06C02BEL,000,052,052
C3,-21.3,35011,0.825,111,1.06,111,10,0,01,111,1.06,X
C4,-21
-------------------------------------------------------[2024-09-21 09:42:31.457]

SOURCE: AIR
RX_ID: 342, Freq: 131.725MHz
Mode: G NACKLabel: H1 Block ID: 5, Msg No: D65E
Flight ID: SN04KE REG: OO-SFD


Message content:-
#DFB4.30
X3,000.0,000.8,-02.9,-00.1,-00.0,002.4,000275,210362,27.4
X4,-00.1,-00.1,-00.1,-00.1,-00.1,-00.1,000.0,000.0,-176.2
X5,-00.1,-00.1,-00.1,-00.0,-00.1,-00.1,000.0,000.0,-176.0
X6,-00.6,000.7,047,-095
-------------------------------------------------------[2024-09-21 09:42:46.598]

SOURCE: AIR
RX_ID: 343, Freq: 131.725MHz
Mode: G NACKLabel: H1 Block ID: 6, Msg No: D65F
Flight ID: SN04KE REG: OO-SFD


Message content:-
#DFB,0.803
X7,-00.6,000.7,048,-096,0.803:

-------------------------------------------------------[2024-09-21 09:42:49.673]

SOURCE: AIR
RX_ID: 344, Freq: 131.725MHz
Mode: G NACKLabel: 16 Block ID: 6, Msg No: M84A
Flight ID: YU0983 REG: CS-TSX


Message content:-
POSA1N44671E  4669,MTL-14 ,094342,359,ETR-15 ,094824,,-52, 51, 146,832
-------------------------------------------------------[2024-09-21 09:44:37.410]

SOURCE: AIR
RX_ID: 345, Freq: 131.725MHz
Mode: E NACKLabel: B0 Block ID: 0, Msg No: L31A
Flight ID: KL0119 REG: PH-BVC


Message content:-
/DAAA.AFN/FMHKLM119,.PH-BVC,484560,095028/FPON43199E005424,1/FCOADS,01/FCOATC,011F15
-------------------------------------------------------[2024-09-21 09:50:31.499]

SOURCE: AIR
RX_ID: 346, Freq: 131.725MHz
Mode: E NACKLabel: B6 Block ID: 3, Msg No: F09A
Flight ID: KL0119 REG: PH-BVC


Message content:-
/ALGCAYA.ADS.PH-BVC0300071ECBE8207A0714AF7D9D0D1EA7902095471480591E6B7020C20714800E3EA8F58000B0D1
-------------------------------------------------------[2024-09-21 09:50:41.519]

SOURCE: AIR
RX_ID: 347, Freq: 131.725MHz
Mode: E ACK, A2GLabel: B6 Block ID: 3, Msg No: F09A
Flight ID: KL0119 REG: PH-BVC


Message content:-
/ALGCAYA.ADS.PH-BVC0300071ECBE8207A0714AF7D9D0D1EA7902095471480591E6B7020C20714800E3EA8F58000B0D1
-------------------------------------------------------[2024-09-21 09:50:43.568]

SOURCE: AIR
RX_ID: 348, Freq: 131.725MHz
Mode: E NACKLabel: B6 Block ID: 4, Msg No: F10A
Flight ID: KL0119 REG: PH-BVC


Message content:-
/ALGCAYA.ADS.PH-BVC0301CBC1
-------------------------------------------------------[2024-09-21 09:50:49.309]

SOURCE: AIR
RX_ID: 349, Freq: 131.725MHz
Mode: E NACKLabel: H1 Block ID: 5, Msg No: D44A
Flight ID: KL0119 REG: PH-BVC


Message content:-
#DFB(POS-KLM119  -4314N00543E/095112 F290
RMK/FUEL 102.1 M0.84)
-------------------------------------------------------[2024-09-21 09:51:14.291]

SOURCE: AIR
RX_ID: 350, Freq: 131.725MHz
Mode: E NACKLabel: B6 Block ID: 6, Msg No: F11A
Flight ID: KL0119 REG: PH-BVC


Message content:-
/ALGCAYA.ADS.PH-BVC141EA6B82095C714B0E59D0D1E6B7020C2071480901DA3182153C714803FA7
-------------------------------------------------------[2024-09-21 09:52:11.450]

SOURCE: AIR
RX_ID: 351, Freq: 131.725MHz
Mode: E NACKLabel: B6 Block ID: 7, Msg No: F12A
Flight ID: KL0119 REG: PH-BVC


Message content:-
/ALGCAYA.ADS.PH-BVC141E6A9820C28714B3299D0D1DA3182153C71481E31C8BC022170714809B5A
-------------------------------------------------------[2024-09-21 09:54:36.641]

SOURCE: AIR
RX_ID: 352, Freq: 131.725MHz
Mode: 2 NACKLabel: 15 Block ID: 0, Msg No: M19A
Flight ID: ZD0001 REG: 9HGRS


Message content:-
(2N44018E  6533--- 42390-57(Z
-------------------------------------------------------[2024-09-21 10:03:22.238]

SOURCE: AIR
RX_ID: 353, Freq: 131.725MHz
Mode: E NACKLabel: H1 Block ID: 8, Msg No: D12A
Flight ID: KL0591 REG: PH-BVU


Message content:-
#DFB(POS-KLM591  -4324N00527E/101043 F310
RMK/FUEL  79.5 M0.83)
-------------------------------------------------------[2024-09-21 10:10:46.488]

SOURCE: AIR
RX_ID: 354, Freq: 131.725MHz
Mode: E NACKLabel: H1 Block ID: 0, Msg No: F08A
Flight ID: KL0591 REG: PH-BVU


Message content:-
#M1BREQPWI/TS101128,210924/WQ350.330.310.290:N43250E005272.N43071E005300.N42471E005330.N41410E005428.N40085E005559.KAMER.CSO.AMIRA.RIMEL.BARKA.NAGAH.TILMA.TARAT.DJA.IKTAV.ENDOK.RAKOM.DIR.TUXOL.BUNLU.USPOK.FL.VO
-------------------------------------------------------[2024-09-21 10:11:31.777]

SOURCE: AIR
RX_ID: 355, Freq: 131.725MHz
Mode: E NACKLabel: H1 Block ID: 1, Msg No: F08B
Flight ID: KL0591 REG: PH-BVU


Message content:-
#M1BSLI.USLOV.EDGUM.OPOLA.AMREN.KIBLO.USLOK.VOTUR.KISDU.OPGAM.USKAV.EBAKO.EMSAT.BAMAV.MBA.ILDIV.ENKAK.IKVOS.KAPNA.BUSIV.KIVDO.DURNA.VSA.EXIGO.EPNUL.APKUS.AVONI.EPMAG.NERIB.IMDIP.IMLAM.NEREX.ETLON.UTRAN.GADVI.TE
-------------------------------------------------------[2024-09-21 10:11:36.059]

SOURCE: AIR
RX_ID: 356, Freq: 131.725MHz
Mode: E NACKLabel: H1 Block ID: 2, Msg No: F08C
Flight ID: KL0591 REG: PH-BVU


Message content:-
#M1BXES.UTVEX.EXIMI.APMET.RUDAS.ORKAN.UTRUK.JSV/DQ3707E75
-------------------------------------------------------[2024-09-21 10:11:39.571]

SOURCE: AIR
RX_ID: 357, Freq: 131.725MHz
Mode: E NACKLabel: H1 Block ID: 4, Msg No: F09A
Flight ID: KL0591 REG: PH-BVU


Message content:-
#M1BPOSN43131E005291,MTG-18,101207,310,DIV-19,101253,JUS-20,M41,25444,1743/TS101207,210924/RP:DA:EHAM:CR: OFP20-0-1:AA:FAOR:LO:R0:R:36C:F:DIVKO83-320..JUSQO83-280..FIRRA84-205..SUXER84-34..KAMER.UM998..CSO.UA60
-------------------------------------------------------[2024-09-21 10:12:10.075]

SOURCE: AIR
RX_ID: 358, Freq: 131.725MHz
Mode: E NACKLabel: H1 Block ID: 5, Msg No: F09B
Flight ID: KL0591 REG: PH-BVU


Message content:-
#M1B5..DJA.UB730..DIR.UM731..RUDAS.UG853..UTRUK/PR6657,301,310,1743,,179,100,,,30,P16,P0,,,,,,,M37/DTFAOR,,253,190413,48BE
-------------------------------------------------------[2024-09-21 10:12:13.951]

SOURCE: AIR
RX_ID: 359, Freq: 131.725MHz
Mode: 2 NACKLabel: 15 Block ID: 1, Msg No: M20A
Flight ID: ZD0001 REG: 9HGRS


Message content:-
(2N43179E  5387--- 42410-59(Z
-------------------------------------------------------[2024-09-21 10:13:21.146]

SOURCE: AIR
RX_ID: 360, Freq: 131.725MHz
Mode: G NACKLabel: SA Block ID: 9, Msg No: M24A
Flight ID: DE1849 REG: D-ABOK


Message content:-
0EV103349V
-------------------------------------------------------[2024-09-21 10:33:51.197]

SOURCE: AIR
RX_ID: 361, Freq: 131.725MHz
Mode: X NACKLabel: H1 Block ID: 9, Msg No: F24A
Flight ID: KL0537 REG: PH-AOC


Message content:-
#M1BRESPWI/AC,3018259
-------------------------------------------------------[2024-09-21 10:35:20.465]

SOURCE: AIR
RX_ID: 362, Freq: 131.725MHz
Mode: X NACKLabel: H1 Block ID: 9, Msg No: F24A
Flight ID: KL0537 REG: PH-AOC


Message content:-
#M1BRESPWI/AC,3018259
-------------------------------------------------------[2024-09-21 10:35:30.302]

SOURCE: AIR
RX_ID: 363, Freq: 131.725MHz
Mode: X NACKLabel: B6 Block ID: 7, Msg No: J08A
Flight ID: KL0537 REG: PH-AOC


Message content:-
/ALGCAYA.ADS.PH-AOC141EDEF01F54C908A8681D0D1EA9301F8DC90880861E6CD01FD1090880B4C0
-------------------------------------------------------[2024-09-21 10:43:20.724]

SOURCE: AIR
RX_ID: 364, Freq: 131.825MHz
Mode: 2 NACKLabel: B0 Block ID: 2, Msg No: J15A
Flight ID: NW0113 REG: N828NW


Message content:-
/LFMM.AFN/FMHDAL113,.N828NW,AB4FD4,105703/FPON43357E007409,1/FCOADS,01/FCOATC,010AE1
-------------------------------------------------------[2024-09-21 10:57:04.685]

SOURCE: AIR
RX_ID: 365, Freq: 131.825MHz
Mode: 2 NACKLabel: H1 Block ID: 3, Msg No: D56A
Flight ID: NW0113 REG: N828NW


Message content:-
#DFB239058100301010098080
R39/A33039,1,1
239N828NW113 092124110138822 4392   707359-25-54268 52AB0510108560
 274 433-000300630030IH-LIRFKBOS
-------------------------------------------------------[2024-09-21 11:01:50.204]

SOURCE: AIR
RX_ID: 366, Freq: 131.825MHz
Mode: 2 NACKLabel: 17 Block ID: 4, Msg No: M43A
Flight ID: NW0113 REG: N828NW


Message content:-
211117 LIRF KBOS7
/FN 0113
PIGOS   10593601818-54272053 109482
-------------------------------------------------------[2024-09-21 11:02:13.538]

SOURCE: AIR
RX_ID: 367, Freq: 131.825MHz
Mode: 2 NACKLabel: SA Block ID: 8, Msg No: M19A
Flight ID: XA0000 REG: N40TH


Message content:-
0LS110544V//304S1JXMMMMMMM
-------------------------------------------------------[2024-09-21 11:05:46.936]

SOURCE: AIR
RX_ID: 368, Freq: 131.525MHz
Mode: T NACKLabel: 26 Block ID: 9, Msg No: M59A
Flight ID: AF7590 REG: F-GMZD


Message content:-
1114LFPOAF7590/211159LFKB34 
-------------------------------------------------------[2024-09-21 11:14:02.887]

SOURCE: AIR
RX_ID: 369, Freq: 131.825MHz
Mode: 2 NACKLabel: H1 Block ID: 6, Msg No: D57A
Flight ID: NW0113 REG: N828NW


Message content:-
#DFB239058100401010098116
R39/A33039,1,1
239N828NW113 092124112140816 4511   416359-25-54256 43AB0510103720
 272 435-000284540030GMYLIRFKBOS
-------------------------------------------------------[2024-09-21 11:21:55.255]

SOURCE: AIR
RX_ID: 370, Freq: 131.525MHz
Mode: T NACKLabel: 26 Block ID: 1, Msg No: M61A
Flight ID: AF7590 REG: F-GMZD


Message content:-
1125LFPOAF7590/211156LFKB16 
-------------------------------------------------------[2024-09-21 11:25:46.845]

SOURCE: AIR
RX_ID: 371, Freq: 131.525MHz
Mode: T NACKLabel: 2Z Block ID: 2, Msg No: M62A
Flight ID: AF7590 REG: F-GMZD


Message content:-
LFKB
-------------------------------------------------------[2024-09-21 11:33:02.650]

SOURCE: AIR
RX_ID: 372, Freq: 131.825MHz
Mode: 2 NACKLabel: H1 Block ID: 1, Msg No: F37A
Flight ID: AA0721 REG: N773AN


Message content:-
#M2BPOSN44131E006231,BOD-03,113306,340,KOT-04,113809,ETREK,M49,25951,15256C7E
-------------------------------------------------------[2024-09-21 11:33:10.730]

SOURCE: AIR
RX_ID: 373, Freq: 131.825MHz
Mode: 2 NACKLabel: H1 Block ID: 2, Msg No: F38A
Flight ID: AA0721 REG: N773AN


Message content:-
#M2BREQALT/AQLSGG.LFLL.LFMN.LIMJ:KCLT4BA5
-------------------------------------------------------[2024-09-21 11:37:00.108]

SOURCE: AIR
RX_ID: 374, Freq: 131.825MHz
Mode: 2 NACKLabel: H1 Block ID: 5, Msg No: F39A
Flight ID: AA0721 REG: N773AN


Message content:-
#M2BPOSN44365E005417,KOT-04,113808,340,ETREK,114542,NOQAS,M49,25352,1510D320
-------------------------------------------------------[2024-09-21 11:38:11.179]

SOURCE: AIR
RX_ID: 375, Freq: 131.725MHz
Mode: X NACKLabel: 16 Block ID: 0, Msg No: M29A
Flight ID: SN037K REG: OO-SFB


Message content:-
21SEP24,1142,N 44.560,E  5.572,35002,1822,138080
-------------------------------------------------------[2024-09-21 11:42:30.246]

SOURCE: AIR
RX_ID: 376, Freq: 131.825MHz
Mode: 2 NACKLabel: H1 Block ID: 6, Msg No: F40A
Flight ID: AA0721 REG: N773AN


Message content:-
#M2BPOSN45082E004364,ETREK,114542,340,NOQAS,114802,LERGA,M49,25547,1489C8EE
-------------------------------------------------------[2024-09-21 11:45:44.238]

SOURCE: AIR
RX_ID: 377, Freq: 131.825MHz
Mode: 2 NACKLabel: H1 Block ID: 7, Msg No: D09A
Flight ID: AA0721 REG: N773AN


Message content:-
#DFBTRP LIRF KCLT 07  8 822   0  0 113409
 43.4738   7.9287340005649204840.0050.003 52.88 -91.05155640-48 250OFF
 43.6708   7.5071340025640804830.0060.003 53.13 -96.33154760-48 250OFF
 43.8772   7.0865340015
-------------------------------------------------------[2024-09-21 11:46:13.139]

SOURCE: AIR
RX_ID: 378, Freq: 131.825MHz
Mode: 2 NACKLabel: H1 Block ID: 8, Msg No: D09B
Flight ID: AA0721 REG: N773AN


Message content:-
#DFB632004830.0050.003 52.38 -99.84153880-48 250OFF
 44.0820   6.6603340025623204840.0070.004 50.50 -99.84153040-49 250OFF
 44.3051   6.2468340005614804820.0050.003 50.25-102.66152200-49 250OFF
-------------------------------------------------------[2024-09-21 11:46:22.758]

SOURCE: AIR
RX_ID: 379, Freq: 131.825MHz
Mode: 2 NACKLabel: H1 Block ID: 9, Msg No: F41A
Flight ID: AA0721 REG: N773AN


Message content:-
#M2BPOSN45150E004150,NOQ-05,114757,340,LER-06,115043,FOU-07,M50,24949,1483E334
-------------------------------------------------------[2024-09-21 11:47:59.662]

SOURCE: AIR
RX_ID: 380, Freq: 131.725MHz
Mode: 2 NACKLabel: 24 Block ID: 6, Msg No: M16A
Flight ID: DL0029 REG: N839MH


Message content:-
211224 LFMN KJFK6
-------------------------------------------------------[2024-09-21 12:14:09.269]

SOURCE: AIR
RX_ID: 381, Freq: 131.725MHz
Mode: E NACKLabel: 16 Block ID: 6, Msg No: M79A
Flight ID: QR026X REG: A7-BAG


Message content:-
ROBEX  ,N 45.282,E   5.992,34999,0480,1742,105\TS121505,210924
-------------------------------------------------------[2024-09-21 12:15:07.829]

SOURCE: AIR
RX_ID: 382, Freq: 131.725MHz
Mode: E NACKLabel: H1 Block ID: 9, Msg No: O06A
Flight ID: QR026X REG: A7-BAG


Message content:-
#10BSB0122BA_A7-BAG  KJFKOTHH942
 45177 0064161217 35000-510258047010W/X011014
-------------------------------------------------------[2024-09-21 12:17:28.976]

SOURCE: AIR
RX_ID: 383, Freq: 131.725MHz
Mode: 2 NACKLabel: 4H Block ID: 8, Msg No: M18A
Flight ID: DL0029 REG: N839MH


Message content:-
21124H LFMN KJFK6
  
WPR RESET





-------------------------------------------------------[2024-09-21 12:19:05.241]

SOURCE: AIR
RX_ID: 384, Freq: 131.725MHz
Mode: 2 NACKLabel: H1 Block ID: 0, Msg No: F44A
Flight ID: DL0029 REG: N839MH


Message content:-
#M2BREJPOS,121910,130,219,RF101,KOTIT9F1D
-------------------------------------------------------[2024-09-21 12:19:15.886]

SOURCE: AIR
RX_ID: 385, Freq: 131.725MHz
Mode: X NACKLabel: B6 Block ID: 8, Msg No: J25A
Flight ID: EB1565 REG: EC-NOG


Message content:-
/MADMXEB.ADS.EC-NOG071EA9B01AE48947126C1D0E0088EF80000D1EDAF01AF2894700831FAEF81B31494700BA0C
-------------------------------------------------------[2024-09-21 12:19:42.516]

SOURCE: AIR
RX_ID: 386, Freq: 131.725MHz
Mode: 2 NACKLabel: H1 Block ID: 2, Msg No: D59A
Flight ID: DL0029 REG: N839MH


Message content:-
#DFB239N1815 0029092124122109807 4495   509319-15-45252 40XX-223 97520
 294 44400882883000B0IH-LFMNKJFK
-------------------------------------------------------[2024-09-21 12:21:28.624]

SOURCE: AIR
RX_ID: 387, Freq: 131.725MHz
Mode: 2 NACKLabel: H1 Block ID: 4, Msg No: D60A
Flight ID: DL0029 REG: N839MH


Message content:-
#DFB221N1815 0029210924122638386297319816-14-45 -1             930 931
    673686    6368 6400     09850982    113115    59 57   149154   33
1///   0504  0106  619622   1066  4  6    128 128    000100100XX-22
-------------------------------------------------------[2024-09-21 12:26:57.950]

SOURCE: AIR
RX_ID: 388, Freq: 131.725MHz
Mode: 2 NACKLabel: H1 Block ID: 5, Msg No: D60B
Flight ID: DL0029 REG: N839MH


Message content:-
#DFB3 
 0
-------------------------------------------------------[2024-09-21 12:27:01.462]

SOURCE: AIR
RX_ID: 389, Freq: 131.725MHz
Mode: X NACKLabel: H1 Block ID: 2, Msg No: F37A
Flight ID: EB1565 REG: EC-NOG


Message content:-
#M1BPOSN44340E004392,,123045,380,N45110E004348,123530,MADOT,M54,24534,466/TS123045,092124E920
-------------------------------------------------------[2024-09-21 12:30:47.588]

SOURCE: AIR
RX_ID: 390, Freq: 131.725MHz
Mode: X ACK, A2GLabel: H1 Block ID: 2, Msg No: F37A
Flight ID: EB1565 REG: EC-NOG


Message content:-
#M1BPOSN44340E004392,,123045,380,N45110E004348,123530,MADOT,M54,24534,466/TS123045,092124E920
-------------------------------------------------------[2024-09-21 12:30:49.417]

SOURCE: AIR
RX_ID: 391, Freq: 131.725MHz
Mode: X NACKLabel: H1 Block ID: 3, Msg No: F38A
Flight ID: EB1565 REG: EC-NOG


Message content:-
#M1BPRG/TS123048,092124/DTENGM,01R,229,145648D008
-------------------------------------------------------[2024-09-21 12:30:52.711]

SOURCE: AIR
RX_ID: 392, Freq: 131.725MHz
Mode: X NACKLabel: 16 Block ID: 5, Msg No: M35A
Flight ID: EB1565 REG: EC-NOG


Message content:-
123324,38011,1456,  20,N 44.925 E  4.613
-------------------------------------------------------[2024-09-21 12:33:28.997]

SOURCE: AIR
RX_ID: 393, Freq: 131.825MHz
Mode: 2 NACKLabel: 44 Block ID: 6, Msg No: M55A
Flight ID: GS0713 REG: DANCE


Message content:-
08,suL}Zq``vtv=LL`Y`aZ}YLZP\,0ZP\xqZLteYZYe}vZY}L}ZLYL[e
-------------------------------------------------------[2024-09-21 12:35:28.861]

SOURCE: AIR
RX_ID: 394, Freq: 131.725MHz
Mode: G NACKLabel: B9 Block ID: 2, Msg No: L01A
Flight ID: CV314H REG: LX-WCV


Message content:-
/LFMN.TI2/024LFMNA426A
-------------------------------------------------------[2024-09-21 12:35:43.783]

SOURCE: AIR
RX_ID: 395, Freq: 131.725MHz
Mode: X NACKLabel: H1 Block ID: 6, Msg No: D16A
Flight ID: EB1565 REG: EC-NOG


Message content:-
#DFB001125200101010734224
R01/A33001,1,1
C1,.EC-NOG,24SEP21,12.35.24,LEPA,ENGM,VKG1565   ,4000,226
C2,004,06.0,000000,D1133RB01C00000,000,000,000
C3,-26.0,38001,0.799,111,0.83,111,10,0,01,111,0.89,X
C4,-25
-------------------------------------------------------[2024-09-21 12:35:50.112]

SOURCE: AIR
RX_ID: 396, Freq: 131.725MHz
Mode: X NACKLabel: H1 Block ID: 7, Msg No: D16B
Flight ID: EB1565 REG: EC-NOG


Message content:-
#DFB.7,38002,0.799,111
C5,041230,74978,27628,10389,00443,10015,00000,00402,16066,---
C6,041231,76764,06081,10681,40443,10015,00000,00402,16066
N1,1.418,1.418,076.43,085.1,086.5,0616,06.519,02560,07.55
N2,1.
-------------------------------------------------------[2024-09-21 12:35:53.588]

SOURCE: AIR
RX_ID: 397, Freq: 131.725MHz
Mode: X NACKLabel: H1 Block ID: 8, Msg No: D16C
Flight ID: EB1565 REG: EC-NOG


Message content:-
#DFB418,1.418,076.62,084.9,086.6,0614,06.509,02538,07.50
S1,04.55,-25.7,030.8,171.4,128.9,433.8,09.8,052.8,020.4,26,117
S2,04.55,-25.7,031.2,171.1,129.4,436.8,10.1,052.9,021.5,26,111
T1,087,104,108.6,005.9,0
-------------------------------------------------------[2024-09-21 12:35:57.279]

SOURCE: AIR
RX_ID: 398, Freq: 131.725MHz
Mode: X NACKLabel: H1 Block ID: 8, Msg No: D16C
Flight ID: EB1565 REG: EC-NOG


Message content:-
#DFB418,1.418,076.62,084.9,086.6,0614,06.509,02538,07.50
S1,04.55,-25.7,030.8,171.4,128.9,433.8,09.8,052.8,020.4,26,117
S2,04.55,-25.7,031.2,171.1,129.4,436.8,10.1,052.9,021.5,26,111
T1,087,104,108.6,005.9,0
-------------------------------------------------------[2024-09-21 12:36:03.828]

SOURCE: AIR
RX_ID: 399, Freq: 131.725MHz
Mode: G NACKLabel: B9 Block ID: 6, Msg No: L02A
Flight ID: CV314H REG: LX-WCV


Message content:-
/LFML.TI2/024LFMLA2408
-------------------------------------------------------[2024-09-21 12:36:38.878]

SOURCE: AIR
RX_ID: 400, Freq: 131.725MHz
Mode: G NACKLabel: 16 Block ID: 0, Msg No: M28A
Flight ID: XSMBU6 REG: 2-BBMB


Message content:-
123803,,1617, 296,N 43.405 E  5.972
-------------------------------------------------------[2024-09-21 12:38:05.529]

SOURCE: AIR
RX_ID: 401, Freq: 131.825MHz
Mode: 2 NACKLabel: 44 Block ID: 7, Msg No: M56A
Flight ID: GS0713 REG: DANCE


Message content:-
011*4lSb_''SSL6ll'Eq(bSAlb\C1cb\C@_bl?~AbA~'lbASlSblAlOl
-------------------------------------------------------[2024-09-21 12:40:28.949]

SOURCE: AIR
RX_ID: 402, Freq: 131.825MHz
Mode: 2 NACKLabel: 44 Block ID: 8, Msg No: M57A
Flight ID: GS0713 REG: DANCE


Message content:-
07*?X.0)Emm.<;]..<0mm)4<4) 6*x) 6-E).k4;);4m<);0.4)..k+M
-------------------------------------------------------[2024-09-21 12:45:29.014]

SOURCE: AIR
RX_ID: 403, Freq: 131.825MHz
Mode: 2 NACKLabel: B9 Block ID: 9, Msg No: M58A
Flight ID: GS0713 REG: DANCE


Message content:-
/LFMN.TI2/024LFMNA426A
-------------------------------------------------------[2024-09-21 12:48:27.227]

SOURCE: AIR
RX_ID: 404, Freq: 131.825MHz
Mode: 2 NACKLabel: 44 Block ID: 2, Msg No: M61A
Flight ID: GS0713 REG: DANCE


Message content:-
02N;E,0Irm00]AX,,9,0AI39]Iv*N:Iv*srI,)-3I3-Q,I30,3I,,)TQ
-------------------------------------------------------[2024-09-21 12:50:28.875]

SOURCE: AIR
RX_ID: 405, Freq: 131.725MHz
Mode: G NACKLabel: H1 Block ID: 4, Msg No: C18A
Flight ID: AF7591 REG: F-GMZD


Message content:-
#CFBWRN/WN24092113310032000006WHEEL TYRE LO PR        
-------------------------------------------------------[2024-09-21 13:31:33.435]

SOURCE: AIR
RX_ID: 406, Freq: 131.725MHz
Mode: G NACKLabel: 2F Block ID: 5, Msg No: M82A
Flight ID: AF7591 REG: F-GMZD


Message content:-
1331+4443+686/3450
-------------------------------------------------------[2024-09-21 13:31:45.141]

SOURCE: AIR
RX_ID: 407, Freq: 131.725MHz
Mode: G NACKLabel: 2F Block ID: 5, Msg No: M82A
Flight ID: AF7591 REG: F-GMZD


Message content:-
1331+4443+686/3450
-------------------------------------------------------[2024-09-21 13:31:58.022]

SOURCE: AIR
RX_ID: 408, Freq: 131.725MHz
Mode: G NACKLabel: H1 Block ID: 6, Msg No: C19A
Flight ID: AF7591 REG: F-GMZD


Message content:-
#CFBFLR/FR24092113310032411306CHECK TIRE 1 PRESS2649GM/IDTPIS
-------------------------------------------------------[2024-09-21 13:32:37.560]

SOURCE: AIR
RX_ID: 409, Freq: 131.825MHz
Mode: 2 NACKLabel: H1 Block ID: 7, Msg No: C33A
Flight ID: VY10RA REG: EC-LOC


Message content:-
#CFBWRN/WN24092113460046200006DATALINK ATC FAULT      
-------------------------------------------------------[2024-09-21 13:46:45.887]

SOURCE: AIR
RX_ID: 410, Freq: 131.825MHz
Mode: 2 NACKLabel: H1 Block ID: 8, Msg No: C34A
Flight ID: VY10RA REG: EC-LOC


Message content:-
#CFBWRN/WN24092113460046200006DATALINK COMPANY FAULT  
-------------------------------------------------------[2024-09-21 13:47:03.297]

SOURCE: AIR
RX_ID: 411, Freq: 131.725MHz
Mode: E NACKLabel: B9 Block ID: 1, Msg No: L05A
Flight ID: XA0001 REG: CSRLI


Message content:-
/LSGG.TI2/024LSGGA98D1
-------------------------------------------------------[2024-09-21 13:53:49.399]

SOURCE: AIR
RX_ID: 412, Freq: 131.725MHz
Mode: E NACKLabel: 83 Block ID: 3, Msg No: M09A
Flight ID: XA0001 REG: CSRLI


Message content:-
001PR21140005N4415.0E00623.2340441    
-------------------------------------------------------[2024-09-21 14:00:03.925]

SOURCE: AIR
RX_ID: 413, Freq: 131.725MHz
Mode: E NACKLabel: 83 Block ID: 4, Msg No: M10A
Flight ID: GS0001 REG: OONEY


Message content:-
001PR21140919N4430.8E00533.84104260045
-------------------------------------------------------[2024-09-21 14:09:20.990]

SOURCE: AIR
RX_ID: 414, Freq: 131.725MHz
Mode: E NACKLabel: B9 Block ID: 5, Msg No: L06A
Flight ID: GS0001 REG: OONEY


Message content:-
/LEMH.TI2/024LEMHC5352
-------------------------------------------------------[2024-09-21 14:12:00.513]

SOURCE: AIR
RX_ID: 415, Freq: 131.725MHz
Mode: 2 NACKLabel: 15 Block ID: 6, Msg No: M75A
Flight ID: ZD0001 REG: 9HGRS


Message content:-
(2N43359E  4427--- 61342-52(Z
-------------------------------------------------------[2024-09-21 14:15:56.730]

SOURCE: AIR
RX_ID: 416, Freq: 131.850MHz
Mode: 2 NACKLabel: 44 Block ID: 4, Msg No: M36A
Flight ID: GS0632 REG: DAERO


Message content:-
08,suL}Zq`}eva=LLv}`cZYL`ZP\xPZPyxzZLteYZY`YaZYa}YZLY}[e
-------------------------------------------------------[2024-09-21 14:16:12.783]

SOURCE: AIR
RX_ID: 417, Freq: 131.725MHz
Mode: E NACKLabel: B9 Block ID: 0, Msg No: L07A
Flight ID: GS0001 REG: OONEY


Message content:-
/LEPA.TI2/024LEPACE8F8
-------------------------------------------------------[2024-09-21 14:21:41.638]

SOURCE: AIR
RX_ID: 418, Freq: 131.825MHz
Mode: 2 NACKLabel: 44 Block ID: 4, Msg No: M93A
Flight ID: GS0713 REG: DANCE


Message content:-
03m0>xJqL--J9(+xxettDq(9-q!18Lq+oofqxV(tqtDJ-qtPt9qxxP$P
-------------------------------------------------------[2024-09-21 15:34:52.001]

SOURCE: AIR
RX_ID: 419, Freq: 131.825MHz
Mode: 2 NACKLabel: B9 Block ID: 5, Msg No: M94A
Flight ID: GS0713 REG: DANCE


Message content:-
/EGGW.TI2/024EGGWAE288
-------------------------------------------------------[2024-09-21 15:35:29.377]

SOURCE: AIR
RX_ID: 420, Freq: 131.825MHz
Mode: 2 NACKLabel: 44 Block ID: 1, Msg No: M01A
Flight ID: GS0713 REG: DANCE


Message content:-
03m0>xJqL-DxP(+xxD-exqJDxq!18Lq+oofqxV(tqtDJVqtPtVqxxP$-
-------------------------------------------------------[2024-09-21 15:39:52.145]

SOURCE: AIR
RX_ID: 421, Freq: 131.825MHz
Mode: 2 NACKLabel: 44 Block ID: 0, Msg No: M16A
Flight ID: GS404B REG: CSDLG


Message content:-
04D=@'mVNHHmX\(''F'!aVmHmVqzkqVqzp7V'+!\V\X\FV\a'+V''X#F
-------------------------------------------------------[2024-09-21 16:15:02.256]

SOURCE: AIR
RX_ID: 422, Freq: 131.825MHz
Mode: 2 NACKLabel: 44 Block ID: 0, Msg No: M16A
Flight ID: GS404B REG: CSDLG


Message content:-
04D=@'mVNHHmX\(''F'!aVmHmVqzkqVqzp7V'+!\V\X\FV\a'+V''X#F
-------------------------------------------------------[2024-09-21 16:15:12.495]

SOURCE: AIR
RX_ID: 423, Freq: 131.825MHz
Mode: 2 NACKLabel: 44 Block ID: 1, Msg No: M17A
Flight ID: GS404B REG: CSDLG


Message content:-
06cE5g.7M99).`Lgg)gg)7Cfg7aS6a7aSco7g` .7.f.(7.(g`7f,9;;
-------------------------------------------------------[2024-09-21 16:17:12.308]

SOURCE: AIR
RX_ID: 424, Freq: 131.725MHz
Mode: G NACKLabel: SA Block ID: 6, Msg No: S16A
Flight ID: GR0000 REG: FHRDG


Message content:-
0EV162214V/
-------------------------------------------------------[2024-09-21 16:24:02.713]

SOURCE: AIR
RX_ID: 425, Freq: 131.725MHz
Mode: 2 NACKLabel: QQ Block ID: 3, Msg No: M17A
Flight ID: IG0461 REG: EI-FFW


Message content:-
/.???/LCLKLLBG0521F8EF
-------------------------------------------------------[2024-09-21 16:46:38.762]

SOURCE: AIR
RX_ID: 426, Freq: 131.725MHz
Mode: 2 NACKLabel: QQ Block ID: 3, Msg No: M17A
Flight ID: IG0461 REG: EI-FFW


Message content:-
/.???/LCLKLLBG0521F8EF
-------------------------------------------------------[2024-09-21 16:46:46.338]

SOURCE: AIR
RX_ID: 427, Freq: 131.725MHz
Mode: 2 NACKLabel: QQ Block ID: 3, Msg No: M17A
Flight ID: IG0461 REG: EI-FFW


Message content:-
/.???/LCLKLLBG0521F8EF
-------------------------------------------------------[2024-09-21 16:46:58.620]

SOURCE: AIR
RX_ID: 428, Freq: 131.725MHz
Mode: E NACKLabel: QQ Block ID: 3, Msg No: M17A
Flight ID: IG0461 REG: EI-FFW


Message content:-
/.???/LCLKLLBG0521F8EF
-------------------------------------------------------[2024-09-21 16:47:20.746]

SOURCE: AIR
RX_ID: 429, Freq: 131.725MHz
Mode: E NACKLabel: QQ Block ID: 3, Msg No: M17A
Flight ID: IG0461 REG: EI-FFW


Message content:-
/.???/LCLKLLBG0521F8EF
-------------------------------------------------------[2024-09-21 16:47:31.572]

SOURCE: AIR
RX_ID: 430, Freq: 131.525MHz
Mode: T NACKLabel: 26 Block ID: 4, Msg No: M10A
Flight ID: AF7596 REG: F-GMZD


Message content:-
1704LFPOAF7596/211749LFKB34 
-------------------------------------------------------[2024-09-21 17:04:03.402]

SOURCE: AIR
RX_ID: 431, Freq: 131.525MHz
Mode: T NACKLabel: 2F Block ID: 5, Msg No: M11A
Flight ID: AF7596 REG: F-GMZD


Message content:-
1708+4450+551/3746
-------------------------------------------------------[2024-09-21 17:08:58.313]

SOURCE: AIR
RX_ID: 432, Freq: 131.525MHz
Mode: T NACKLabel: 26 Block ID: 6, Msg No: M12A
Flight ID: AF7596 REG: F-GMZD


Message content:-
1713LFPOAF7596/211746LFKB16 
-------------------------------------------------------[2024-09-21 17:13:27.846]

SOURCE: AIR
RX_ID: 433, Freq: 131.825MHz
Mode: 2 NACKLabel: 5U Block ID: 5, Msg No: M12A
Flight ID: 5Y0586 REG: N850GT


Message content:-
  01 WXRQ   0586/21 VIDP/LEZG .N850GT
/TYP 1/STA LEZG/STA LEBL/STA LEMD
-------------------------------------------------------[2024-09-21 17:18:01.913]

SOURCE: AIR
RX_ID: 434, Freq: 131.825MHz
Mode: 2 NACKLabel: 5U Block ID: 5, Msg No: M12A
Flight ID: 5Y0586 REG: N850GT


Message content:-
  01 WXRQ   0586/21 VIDP/LEZG .N850GT
/TYP 1/STA LEZG/STA LEBL/STA LEMD
-------------------------------------------------------[2024-09-21 17:18:19.509]

SOURCE: AIR
RX_ID: 435, Freq: 131.825MHz
Mode: 2 NACKLabel: 5U Block ID: 5, Msg No: M12A
Flight ID: 5Y0586 REG: N850GT


Message content:-
  01 WXRQ   0586/21 VIDP/LEZG .N850GT
/TYP 1/STA LEZG/STA LEBL/STA LEMD
-------------------------------------------------------[2024-09-21 17:18:38.777]

SOURCE: AIR
RX_ID: 436, Freq: 131.825MHz
Mode: 2 NACKLabel: 33 Block ID: 8, Msg No: M13A
Flight ID: 5Y0586 REG: N850GT


Message content:-
207,C,21,VIDP,LEZG,12L/,12R/,1,0,130,11,,+19,1014,1,0,0,0,1,0,337.5,CCAA
-------------------------------------------------------[2024-09-21 17:20:40.414]

SOURCE: AIR
RX_ID: 437, Freq: 131.825MHz
Mode: 2 NACKLabel: H1 Block ID: 3, Msg No: C39A
Flight ID: 5Y0586 REG: N850GT


Message content:-
#CFB/DDLIRXA.



 A RPT36  PG1  L-ECS AIR COND 1 REAL
 B .N850GT 21SEP24 1721 GTI586   VIDP/LEZG CMC-802 GE-805    ER
 R +431328  +0053352  288   +35013   -128  428    

 1  A A A
 2  1 1 1
 3  E1 E1 E1
-------------------------------------------------------[2024-09-21 17:22:02.738]

SOURCE: AIR
RX_ID: 438, Freq: 131.825MHz
Mode: 2 NACKLabel: H1 Block ID: 4, Msg No: C39B
Flight ID: 5Y0586 REG: N850GT


Message content:-
#CFB
 4   18  24  18
 5   0.7  0.4  0.6
 6   19  28  21
 7  121  86  65
 8  39.1 39.0 39.1
 9   0.2  0.2  0.2
 10 0.27 0.26 0.25
 11  35.4  32.5  35.1
 12  35.0  34.0  34.3
 13 0.26 0.58 0.58
 14 1.00
-------------------------------------------------------[2024-09-21 17:22:09.101]

SOURCE: AIR
RX_ID: 439, Freq: 131.825MHz
Mode: 2 NACKLabel: H1 Block ID: 5, Msg No: C39C
Flight ID: 5Y0586 REG: N850GT


Message content:-
#CFB 1.00 1.00
 15 1.00 1.00 1.00
 16 OFF  ON  ON
 17 CL OP OP
 18 0.00 1.00 1.00
 19 OP OP
 20  7.5  2.9
 21 0.00 0.00
 22 21SEP24 17:21:53
 23                             

-------------------------------------------------------[2024-09-21 17:22:16.487]

SOURCE: AIR
RX_ID: 440, Freq: 131.825MHz
Mode: 2 NACKLabel: H1 Block ID: 6, Msg No: C40A
Flight ID: 5Y0586 REG: N850GT


Message content:-
#CFB/DDLIRXA.



 A RPT39  PG1  L-ECS AIR COND 2 REAL
 B .N850GT 21SEP24 1722 GTI586   VIDP/LEZG CMC-802 GE-805    ER
 R +431300  +0053306  287   +35011   -128  428    

 1   22  24  21   8  11  19  17  14
-------------------------------------------------------[2024-09-21 17:22:24.460]

SOURCE: AIR
RX_ID: 441, Freq: 131.825MHz
Mode: 2 NACKLabel: H1 Block ID: 7, Msg No: C40B
Flight ID: 5Y0586 REG: N850GT


Message content:-
#CFB
 2  22 24 21 ** ** ** **
 3   18  27  23  -3  -1  27  19
 4  0.11 0.29 0.12 0.00 0.00 0.36 0.00
 5  OFF OFF
 6  0.00 0.00
 7  OFF OFF  OFF
 8  CL
 9  CL
 10  17
 11  11
 12 A
 13  5300     0
 
-------------------------------------------------------[2024-09-21 17:22:30.823]

SOURCE: AIR
RX_ID: 442, Freq: 131.825MHz
Mode: 2 NACKLabel: H1 Block ID: 8, Msg No: C40C
Flight ID: 5Y0586 REG: N850GT


Message content:-
#CFB14   800 AUTO  8.7
 15 0.00
 16 CLOSED
 17 0.07 0.07
 18 AUTO AUTO
 19 21SEP24 17:22:00
 20                             

-------------------------------------------------------[2024-09-21 17:22:36.528]

SOURCE: AIR
RX_ID: 443, Freq: 131.850MHz
Mode: 2 NACKLabel: H1 Block ID: 9, Msg No: C41A
Flight ID: 5Y0586 REG: N850GT


Message content:-
#CFB/DDLIRXA.



 A RPT40  PG1  L-ECS AIR SUP SYS REAL
 B .N850GT 21SEP24 1722 GTI586   VIDP/LEZG CMC-802 GE-805    ER
 R +431119  +0053010  288   +35009   -128  428    

 1  CLOSED CLOSED CLOSED CLOSED
 
-------------------------------------------------------[2024-09-21 17:22:45.379]

SOURCE: AIR
RX_ID: 444, Freq: 131.850MHz
Mode: 2 NACKLabel: H1 Block ID: 0, Msg No: C41B
Flight ID: 5Y0586 REG: N850GT


Message content:-
#CFB2    OPEN   OPEN   OPEN   OPEN
 3    OPEN   OPEN   OPEN   OPEN
 4    OPEN   OPEN   OPEN CLOSED
 5  CLOSED CLOSED CLOSED CLOSED
 6  202 202 202 202
 7   41  41  40  42
 8  40 40 40 39
 9  180 183 177 
-------------------------------------------------------[2024-09-21 17:22:51.742]

SOURCE: AIR
RX_ID: 445, Freq: 131.825MHz
Mode: 2 NACKLabel: H1 Block ID: 1, Msg No: C41C
Flight ID: 5Y0586 REG: N850GT


Message content:-
#CFB182
 10  14  11   0  27
 11 CLOSED CLOSED CLOSED CLOSED
 12 NORMAL NORMAL NORMAL NORMAL
 13 A B A B
 14 39 39
 15   OPEN   OPEN
 16 CLOSED
 17 35011 -52
 18   CRUISE     288
 19 21SEP24 17:22:22

-------------------------------------------------------[2024-09-21 17:22:57.631]

SOURCE: AIR
RX_ID: 446, Freq: 131.525MHz
Mode: T NACKLabel: 2Z Block ID: 7, Msg No: M13A
Flight ID: AF7596 REG: F-GMZD


Message content:-
LFKB
-------------------------------------------------------[2024-09-21 17:23:02.823]

SOURCE: AIR
RX_ID: 447, Freq: 131.850MHz
Mode: 2 NACKLabel: H1 Block ID: 2, Msg No: C41D
Flight ID: 5Y0586 REG: N850GT


Message content:-
#CFB 20                             

-------------------------------------------------------[2024-09-21 17:23:03.628]

SOURCE: AIR
RX_ID: 448, Freq: 131.825MHz
Mode: 2 NACKLabel: H1 Block ID: 3, Msg No: C42A
Flight ID: 5Y0586 REG: N850GT


Message content:-
#CFB/DDLIRXA.



 A RPT42 PG1  L-CARGO FIRE SYS REAL
 B .N850GT 21SEP24 1722 GTI586   VIDP/LEZG CMC-802 GE-805    ER
 R +430955  +0052744  289   +35012   -128  428    

 1   NORM  NORM  NORM  NORM  NORM
 
-------------------------------------------------------[2024-09-21 17:23:11.564]

SOURCE: AIR
RX_ID: 449, Freq: 131.825MHz
Mode: 2 NACKLabel: H1 Block ID: 4, Msg No: C42B
Flight ID: 5Y0586 REG: N850GT


Message content:-
#CFB2       NORM         NORM   
 3       NORM         NORM   
 4   NORM  NORM
 5  NORM
 6  NORM NORM
 7  21SEP24 17:22:43
 8                              

-------------------------------------------------------[2024-09-21 17:23:17.708]

SOURCE: AIR
RX_ID: 450, Freq: 131.525MHz
Mode: T NACKLabel: 2F Block ID: 8, Msg No: M14A
Flight ID: AF7596 REG: F-GMZD


Message content:-
1723+4345+773/3141
-------------------------------------------------------[2024-09-21 17:24:00.167]

SOURCE: AIR
RX_ID: 451, Freq: 131.825MHz
Mode: 2 NACKLabel: 33 Block ID: 5, Msg No: M14A
Flight ID: 5Y0586 REG: N850GT


Message content:-
207,C,21,VIDP,LEZG,30R/,12R/,1,0,130,11,,+19,1014,1,0,0,0,1,0,337.5,FFD4
-------------------------------------------------------[2024-09-21 17:25:07.276]

SOURCE: AIR
RX_ID: 452, Freq: 131.525MHz
Mode: T NACKLabel: 26 Block ID: 1, Msg No: M28A
Flight ID: AF7586 REG: F-GMZA


Message content:-
1728LFPGAF7586/211813LFKF05 
-------------------------------------------------------[2024-09-21 17:28:03.076]

SOURCE: AIR
RX_ID: 453, Freq: 131.525MHz
Mode: T NACKLabel: 2L Block ID: 2, Msg No: M29A
Flight ID: AF7586 REG: F-GMZA


Message content:-
A/17:34/370-     /   
+44.73+005.62/+--/2/5
-------------------------------------------------------[2024-09-21 17:34:04.406]

SOURCE: AIR
RX_ID: 454, Freq: 131.525MHz
Mode: T NACKLabel: 2F Block ID: 3, Msg No: M30A
Flight ID: AF7586 REG: F-GMZA


Message content:-
1734+4468+572/3749
-------------------------------------------------------[2024-09-21 17:34:44.963]

SOURCE: AIR
RX_ID: 455, Freq: 131.725MHz
Mode: 2 NACKLabel: H1 Block ID: 4, Msg No: F21A
Flight ID: XA0001 REG: N801PN


Message content:-
#M1B/.RESREQ/AK,115/TS184232,210924
-------------------------------------------------------[2024-09-21 18:42:33.066]

SOURCE: AIR
RX_ID: 456, Freq: 131.725MHz
Mode: 2 NACKLabel: H1 Block ID: 5, Msg No: F22A
Flight ID: XA0001 REG: N801PN


Message content:-
#M1B/.POS/TS184232,210924N44480E004223,,184232,266,,184232,,M34,23823,107,850380A
-------------------------------------------------------[2024-09-21 18:42:37.382]

SOURCE: AIR
RX_ID: 457, Freq: 131.825MHz
Mode: 2 NACKLabel: SA Block ID: 5, Msg No: S96A
Flight ID: LH09LP REG: D-AGWO


Message content:-
0EV184547V
-------------------------------------------------------[2024-09-21 18:45:49.272]

SOURCE: AIR
RX_ID: 458, Freq: 131.825MHz
Mode: 2 NACKLabel: 1L Block ID: 6, Msg No: M66A
Flight ID: LH09LP REG: D-AGWO


Message content:-
00053209245K,*BXL3::(QQ+76F8PK+OA(44R+4DSL+*,2QQHQYYA6
-------------------------------------------------------[2024-09-21 18:45:55.822]

SOURCE: AIR
RX_ID: 459, Freq: 131.725MHz
Mode: 2 NACKLabel: H1 Block ID: 8, Msg No: F25A
Flight ID: XA0001 REG: N801PN


Message content:-
#M1B/.RESREQ/AK,115/TS185300,210924
-------------------------------------------------------[2024-09-21 18:53:01.623]

SOURCE: AIR
RX_ID: 460, Freq: 131.725MHz
Mode: 2 NACKLabel: H1 Block ID: 2, Msg No: C08A
Flight ID: V707PY REG: EC-NDH


Message content:-
#CFBWRN/WN24092119180023120006COM VHF 3 DATA FAULT    
-------------------------------------------------------[2024-09-21 19:18:47.878]

SOURCE: AIR
RX_ID: 461, Freq: 131.725MHz
Mode: G NACKLabel: 2F Block ID: 2, Msg No: M32A
Flight ID: AF7597 REG: F-GMZD


Message content:-
1921+4470+662/3455
-------------------------------------------------------[2024-09-21 19:21:44.814]

SOURCE: AIR
RX_ID: 462, Freq: 131.725MHz
Mode: E NACKLabel: 5U Block ID: 3, Msg No: M57A
Flight ID: V707PY REG: EC-NDH


Message content:-
LFKJ-SA
-------------------------------------------------------[2024-09-21 19:22:03.870]

SOURCE: AIR
RX_ID: 463, Freq: 131.725MHz
Mode: X NACKLabel: H1 Block ID: 5, Msg No: F34A
Flight ID: ZD9002 REG: MM62209


Message content:-
#M1BRESREQ/AK,1158AF6
-------------------------------------------------------[2024-09-21 19:24:58.974]

SOURCE: AIR
RX_ID: 464, Freq: 131.725MHz
Mode: X NACKLabel: H1 Block ID: 6, Msg No: F35A
Flight ID: ZD9002 REG: MM62209


Message content:-
#M1BPOSN43524E007078,N43417E007269,192456,360,N44153E006256,193020,N44378E005432,M55,23860,492/TS192456,092124A652
-------------------------------------------------------[2024-09-21 19:25:02.668]

SOURCE: AIR
RX_ID: 465, Freq: 131.725MHz
Mode: 2 NACKLabel: 16 Block ID: 1, Msg No: M58A
Flight ID: V707PY REG: EC-NDH


Message content:-
193400,32998,2005, 143,N 42.941 E  5.259
-------------------------------------------------------[2024-09-21 19:34:22.179]

SOURCE: AIR
RX_ID: 466, Freq: 131.725MHz
Mode: X NACKLabel: H1 Block ID: 8, Msg No: F36A
Flight ID: ZD9002 REG: MM62209


Message content:-
#M1BRESREQ/AK,1158AF6
-------------------------------------------------------[2024-09-21 19:35:23.403]

SOURCE: AIR
RX_ID: 467, Freq: 131.725MHz
Mode: X NACKLabel: H1 Block ID: 9, Msg No: F37A
Flight ID: ZD9002 REG: MM62209


Message content:-
#M1BPOSN44360E005447,N44157E006259,193521,360,N44369E005420,193554,N45005E004313,M54,23271,482/TS193521,0921241CC7
-------------------------------------------------------[2024-09-21 19:35:26.913]

SOURCE: AIR
RX_ID: 468, Freq: 131.725MHz
Mode: X NACKLabel: H1 Block ID: 1, Msg No: F38A
Flight ID: ZD9002 REG: MM62209


Message content:-
#M1BRESREQ/AK,1158AF6
-------------------------------------------------------[2024-09-21 19:46:01.580]

SOURCE: AIR
RX_ID: 469, Freq: 131.725MHz
Mode: X NACKLabel: H1 Block ID: 1, Msg No: F38A
Flight ID: ZD9002 REG: MM62209


Message content:-
#M1BRESREQ/AK,1158AF6
-------------------------------------------------------[2024-09-21 19:46:11.196]

SOURCE: AIR
RX_ID: 470, Freq: 131.825MHz
Mode: 2 NACKLabel: B9 Block ID: 1, Msg No: M25A
Flight ID: ZD0000 REG: HBJGF


Message content:-
/LFPB.TI2/024LFPBA0635
-------------------------------------------------------[2024-09-21 21:06:52.490]

