SOURCE: AIR
RX_ID: 71, Freq: 131.725MHz
Mode: X ACK, A2GLabel: _d Block ID: 1, Msg No: S71A
Flight ID: AF0995 REG: F-GSQD


Message content:-

-------------------------------------------------------[2024-02-11 04:30:08.223]

SOURCE: AIR
RX_ID: 72, Freq: 131.725MHz
Mode: X NACKLabel: Q0 Block ID: 1, Msg No: S89A
Flight ID: CC0336 REG: TF-WFF


Message content:-

-------------------------------------------------------[2024-02-11 04:41:08.924]

SOURCE: AIR
RX_ID: 73, Freq: 131.825MHz
Mode: 2 NACKLabel: 10 Block ID: 2, Msg No: M80A
Flight ID: BA2040 REG: G-YMMJ


Message content:-
MET01EGKK
-------------------------------------------------------[2024-02-11 04:51:31.300]

SOURCE: AIR
RX_ID: 74, Freq: 131.725MHz
Mode: E ACK, A2GLabel: _d Block ID: 1, Msg No: S05A
Flight ID: AF0947 REG: F-GZCA


Message content:-

-------------------------------------------------------[2024-02-11 05:07:24.421]

SOURCE: AIR
RX_ID: 75, Freq: 131.725MHz
Mode: 2 NACKLabel: Q0 Block ID: 3, Msg No: S07A
Flight ID: AF0947 REG: F-GZCA


Message content:-

-------------------------------------------------------[2024-02-11 05:09:03.968]

SOURCE: AIR
RX_ID: 76, Freq: 131.725MHz
Mode: G NACKLabel: Q0 Block ID: 4, Msg No: S08A
Flight ID: AF0947 REG: F-GZCA


Message content:-

-------------------------------------------------------[2024-02-11 05:09:10.921]

SOURCE: AIR
RX_ID: 77, Freq: 131.725MHz
Mode: X NACKLabel: H1 Block ID: 0, Msg No: D08A
Flight ID: KL0515 REG: PH-BVD


Message content:-
#DFB(POS-KLM515  -4320N00538E/104257 F330
RMK/FUEL  74.4 M0.85)
-------------------------------------------------------[2024-02-11 10:43:00.584]

SOURCE: AIR
RX_ID: 78, Freq: 131.725MHz
Mode: X NACKLabel: H1 Block ID: 4, Msg No: D69A
Flight ID: KL0535 REG: PH-AOE


Message content:-
#DFB(POS-KLM535  -4328N00531E/104859 F370
RMK/FUEL  43.3 M0.82)
-------------------------------------------------------[2024-02-11 10:48:15.354]

SOURCE: AIR
RX_ID: 79, Freq: 131.725MHz
Mode: G NACKLabel: H1 Block ID: 5, Msg No: D70A
Flight ID: KL0119 REG: PH-BVB


Message content:-
#DFB(POS-KLM119  -4338N00528E/105548 F310
RMK/FUEL 106.5 M0.83)
-------------------------------------------------------[2024-02-11 10:55:52.463]

SOURCE: AIR
RX_ID: 80, Freq: 131.725MHz
Mode: X NACKLabel: 20 Block ID: 7, Msg No: M57A
Flight ID: KL0565 REG: PH-BVR


Message content:-
RST07A11122500KLM565  EHAMHKJK
-------------------------------------------------------[2024-02-11 12:25:14.384]

SOURCE: AIR
RX_ID: 81, Freq: 131.725MHz
Mode: X ACK, A2GLabel: _d Block ID: 9, Msg No: S54A
Flight ID: KL0565 REG: PH-BVR


Message content:-

-------------------------------------------------------[2024-02-11 12:26:09.278]

SOURCE: AIR
RX_ID: 82, Freq: 131.725MHz
Mode: X NACKLabel: H1 Block ID: 0, Msg No: D96A
Flight ID: KL0565 REG: PH-BVR


Message content:-
#DFB(POS-KLM565  -4321N00537E/122609 F330
RMK/FUEL  64.4 M0.84)
-------------------------------------------------------[2024-02-11 12:26:12.754]

SOURCE: AIR
RX_ID: 83, Freq: 131.725MHz
Mode: X ACK, A2GLabel: H1 Block ID: 0, Msg No: D96A
Flight ID: KL0565 REG: PH-BVR


Message content:-
#DFB(POS-KLM565  -4321N00537E/122609 F330
RMK/FUEL  64.4 M0.84)
-------------------------------------------------------[2024-02-11 12:26:14.180]

SOURCE: AIR
RX_ID: 84, Freq: 131.725MHz
Mode: X ACK, A2GLabel: B6 Block ID: 1, Msg No: F09A
Flight ID: KL0565 REG: PH-BVR


Message content:-
/ALGCAYA.ADS.PH-BVR0300071ED3A81FEC080F98979D0D1EA1801FF9C80E80751E46482012080E800E3F8100FFEC41F2
-------------------------------------------------------[2024-02-11 12:26:19.701]

SOURCE: AIR
RX_ID: 85, Freq: 131.825MHz
Mode: 2 NACKLabel: Q0 Block ID: 1, Msg No: S77A
Flight ID: FR2617 REG: EI-HGO


Message content:-

-------------------------------------------------------[2024-02-11 13:26:34.415]

SOURCE: AIR
RX_ID: 86, Freq: 131.825MHz
Mode: 2 NACKLabel: H1 Block ID: 6, Msg No: C21A
Flight ID: AF7337 REG: F-GMZD


Message content:-
#CFBFLR/FR24021113550030310005SDAC1:NO DATA FROM      PHC2/IDECAM 2,ECAM 1
-------------------------------------------------------[2024-02-11 13:55:49.372]

SOURCE: AIR
RX_ID: 87, Freq: 131.725MHz
Mode: X NACKLabel: SA Block ID: 4, Msg No: S53A
Flight ID: UV0001 REG: S5BBC


Message content:-
0EV191251V
-------------------------------------------------------[2024-02-11 19:13:05.938]

SOURCE: AIR
RX_ID: 88, Freq: 131.725MHz
Mode: X NACKLabel: SA Block ID: 4, Msg No: S53A
Flight ID: UV0001 REG: S5BBC


Message content:-
0EV191251V
-------------------------------------------------------[2024-02-11 19:13:12.886]

SOURCE: AIR
RX_ID: 89, Freq: 131.725MHz
Mode: X NACKLabel: SA Block ID: 4, Msg No: S53A
Flight ID: UV0001 REG: S5BBC


Message content:-
0EV191251V
-------------------------------------------------------[2024-02-11 19:13:19.872]

SOURCE: AIR
RX_ID: 90, Freq: 131.725MHz
Mode: G NACKLabel: SA Block ID: 5, Msg No: S53A
Flight ID: UV0001 REG: S5BBC


Message content:-
0EV191251V
-------------------------------------------------------[2024-02-11 19:13:26.418]

SOURCE: AIR
RX_ID: 91, Freq: 131.725MHz
Mode: G NACKLabel: SA Block ID: 5, Msg No: S53A
Flight ID: UV0001 REG: S5BBC


Message content:-
0EV191251V
-------------------------------------------------------[2024-02-11 19:13:36.660]

SOURCE: AIR
RX_ID: 92, Freq: 131.725MHz
Mode: G NACKLabel: SA Block ID: 5, Msg No: S53A
Flight ID: UV0001 REG: S5BBC


Message content:-
0EV191251V
-------------------------------------------------------[2024-02-11 19:13:46.098]

SOURCE: AIR
RX_ID: 93, Freq: 131.725MHz
Mode: G NACKLabel: SA Block ID: 5, Msg No: S53A
Flight ID: UV0001 REG: S5BBC


Message content:-
0EV191251V
-------------------------------------------------------[2024-02-11 19:13:53.444]

SOURCE: AIR
RX_ID: 94, Freq: 131.725MHz
Mode: E NACKLabel: SA Block ID: 6, Msg No: S53A
Flight ID: UV0001 REG: S5BBC


Message content:-
0EV191251V
-------------------------------------------------------[2024-02-11 19:13:59.809]

SOURCE: AIR
RX_ID: 95, Freq: 131.725MHz
Mode: E NACKLabel: SA Block ID: 6, Msg No: S53A
Flight ID: UV0001 REG: S5BBC


Message content:-
0EV191251V
-------------------------------------------------------[2024-02-11 19:14:08.187]

SOURCE: AIR
RX_ID: 96, Freq: 131.725MHz
Mode: E NACKLabel: SA Block ID: 6, Msg No: S53A
Flight ID: UV0001 REG: S5BBC


Message content:-
0EV191251V
-------------------------------------------------------[2024-02-11 19:14:18.425]

SOURCE: AIR
RX_ID: 97, Freq: 131.725MHz
Mode: E NACKLabel: SA Block ID: 6, Msg No: S53A
Flight ID: UV0001 REG: S5BBC


Message content:-
0EV191251V
-------------------------------------------------------[2024-02-11 19:14:30.128]

SOURCE: AIR
RX_ID: 98, Freq: 131.725MHz
Mode: 2 NACKLabel: SA Block ID: 7, Msg No: S53A
Flight ID: UV0001 REG: S5BBC


Message content:-
0EV191251V
-------------------------------------------------------[2024-02-11 19:14:36.672]

SOURCE: AIR
RX_ID: 99, Freq: 131.725MHz
Mode: 2 NACKLabel: SA Block ID: 7, Msg No: S53A
Flight ID: UV0001 REG: S5BBC


Message content:-
0EV191251V
-------------------------------------------------------[2024-02-11 19:14:46.073]

SOURCE: AIR
RX_ID: 100, Freq: 131.725MHz
Mode: 2 NACKLabel: SA Block ID: 7, Msg No: S53A
Flight ID: UV0001 REG: S5BBC


Message content:-
0EV191251V
-------------------------------------------------------[2024-02-11 19:14:55.289]

SOURCE: AIR
RX_ID: 101, Freq: 131.725MHz
Mode: 2 NACKLabel: SA Block ID: 7, Msg No: S53A
Flight ID: UV0001 REG: S5BBC


Message content:-
0EV191251V
-------------------------------------------------------[2024-02-11 19:15:02.054]

SOURCE: AIR
RX_ID: 102, Freq: 131.525MHz
Mode: T NACKLabel: 2F Block ID: 9, Msg No: M69A
Flight ID: AF7342 REG: F-GMZC


Message content:-
2112+4426+491/2344
-------------------------------------------------------[2024-02-11 21:12:14.891]

SOURCE: AIR
RX_ID: 103, Freq: 131.525MHz
Mode: T ACK, A2GLabel: _d Block ID: 0, Msg No: S79A
Flight ID: AF7342 REG: F-GMZC


Message content:-

-------------------------------------------------------[2024-02-11 21:12:20.230]

SOURCE: AIR
RX_ID: 104, Freq: 131.525MHz
Mode: T NACKLabel: 26 Block ID: 1, Msg No: M70A
Flight ID: AF7342 REG: F-GMZC


Message content:-
2114LFPGAF7342/112129LFML31R
-------------------------------------------------------[2024-02-11 21:14:26.585]

SOURCE: AIR
RX_ID: 105, Freq: 131.725MHz
Mode: E NACKLabel: Q0 Block ID: 7, Msg No: S29A
Flight ID: CC5250 REG: TF-AKD


Message content:-

-------------------------------------------------------[2024-02-11 21:26:32.200]

SOURCE: AIR
RX_ID: 106, Freq: 131.825MHz
Mode: 2 NACKLabel: Q0 Block ID: 0, Msg No: S52A
Flight ID: LH0510 REG: D-ABYN


Message content:-

-------------------------------------------------------[2024-02-11 22:39:06.431]

SOURCE: AIR
RX_ID: 107, Freq: 131.825MHz
Mode: 2 NACKLabel: SA Block ID: 1, Msg No: S53A
Flight ID: LH0510 REG: D-ABYN


Message content:-
0EV223910VS/
-------------------------------------------------------[2024-02-11 22:39:13.821]

SOURCE: AIR
RX_ID: 108, Freq: 131.825MHz
Mode: 2 NACKLabel: 1L Block ID: 3, Msg No: M28A
Flight ID: LH0500 REG: D-AIGX


Message content:-
00025209209VG+-004YY-Y7-1,+YK-G+KY2SZEJ11+,0P7,K7HG10Y+YH+,K
-------------------------------------------------------[2024-02-11 23:02:02.280]

