SOURCE: AIR
RX_ID: 215, Freq: 131.725MHz
Mode: G NACKLabel: 16 Block ID: 7, Msg No: M20A
Flight ID: SN029Q REG: OO-SFF


Message content:-
12MAR24,0250,N 43.571,E  5.998,37958,0406,26840
-------------------------------------------------------[2024-03-12 02:50:36.837]

SOURCE: AIR
RX_ID: 216, Freq: 131.725MHz
Mode: X NACKLabel: B6 Block ID: 0, Msg No: F30A
Flight ID: AF0995 REG: F-GZNP


Message content:-
/ACCFAYA.ADS.F-GZNP141EFB781DA0894730EF1F0D20D2701977E0003FFF20F6681921A00000F61C
-------------------------------------------------------[2024-03-12 03:52:13.909]

SOURCE: AIR
RX_ID: 217, Freq: 131.725MHz
Mode: X NACKLabel: 2F Block ID: 1, Msg No: M54A
Flight ID: AF0995 REG: F-GZNP


Message content:-
0352+4365+520/38172
FAOR/LFPG/37998/ -08/ -57/0.84/231281/214806/32.0/MOK-28 /LOG-27 / -20/   68
-------------------------------------------------------[2024-03-12 03:52:56.298]

SOURCE: AIR
RX_ID: 218, Freq: 131.725MHz
Mode: X NACKLabel: B6 Block ID: 2, Msg No: F31A
Flight ID: AF0995 REG: F-GZNP


Message content:-
/ACCFAYA.ADS.F-GZNP071F1E481D6B094732831F0C0464B9E758200E7C00CA80080F7B59A600080FE5
-------------------------------------------------------[2024-03-12 03:53:55.289]

SOURCE: AIR
RX_ID: 219, Freq: 131.725MHz
Mode: G ACK, A2GLabel: _d Block ID: 2, Msg No: S58A
Flight ID: AF0149 REG: F-GSPP


Message content:-

-------------------------------------------------------[2024-03-12 04:01:51.698]

SOURCE: AIR
RX_ID: 220, Freq: 131.725MHz
Mode: G NACKLabel: 16 Block ID: 3, Msg No: M51A
Flight ID: SN038K REG: OO-SFD


Message content:-
12MAR24,0410,N 43.674,E  6.672,38016,0523,27400
-------------------------------------------------------[2024-03-12 04:10:05.049]

SOURCE: AIR
RX_ID: 221, Freq: 131.825MHz
Mode: 2 NACKLabel: Q0 Block ID: 2, Msg No: S08A
Flight ID: AA8030 REG: SXAMJ


Message content:-

-------------------------------------------------------[2024-03-12 04:24:43.029]

SOURCE: AIR
RX_ID: 222, Freq: 131.825MHz
Mode: 2 NACKLabel: Q0 Block ID: 1, Msg No: S51A
Flight ID: QY1956 REG: D-ALET


Message content:-

-------------------------------------------------------[2024-03-12 04:46:48.945]

SOURCE: AIR
RX_ID: 223, Freq: 131.825MHz
Mode: 2 ACK, A2GLabel: _d Block ID: 2, Msg No: S52A
Flight ID: QY1956 REG: D-ALET


Message content:-

-------------------------------------------------------[2024-03-12 04:48:23.958]

SOURCE: AIR
RX_ID: 224, Freq: 131.825MHz
Mode: 2 NACKLabel: H1 Block ID: 3, Msg No: F32A
Flight ID: QY1956 REG: D-ALET


Message content:-
#M1BPOSN43419E005035,,044824,112,IBILI,045331,ELRIV,M9,33126,271,9234
-------------------------------------------------------[2024-03-12 04:48:26.626]

SOURCE: AIR
RX_ID: 225, Freq: 131.825MHz
Mode: 2 NACKLabel: H1 Block ID: 5, Msg No: D00A
Flight ID: QY0822 REG: D-ALER


Message content:-
#DFBSTABLE CRUISE REPORT

APM     D-ALER          QYXXXXXXDEPXDESX120324045441,757-200,
PW2037,.784,.784,,247.5,247.5,,-31.75,-31.75,,38003,38003,,
155200,155200,,2912,2848,,,1.150,1.146,,,0,415,415,,0,0,,0
-------------------------------------------------------[2024-03-12 04:55:27.680]

SOURCE: AIR
RX_ID: 226, Freq: 131.825MHz
Mode: 2 NACKLabel: H1 Block ID: 5, Msg No: D00A
Flight ID: QY0822 REG: D-ALER


Message content:-
#DFBSTABLE CRUISE REPORT

APM     D-ALER          QYXXXXXXDEPXDESX120324045441,757-200,
PW2037,.784,.784,,247.5,247.5,,-31.75,-31.75,,38003,38003,,
155200,155200,,2912,2848,,,1.150,1.146,,,0,415,415,,0,0,,0
-------------------------------------------------------[2024-03-12 04:55:53.901]

SOURCE: AIR
RX_ID: 227, Freq: 131.825MHz
Mode: 2 NACKLabel: H1 Block ID: 6, Msg No: D00B
Flight ID: QY0822 REG: D-ALER


Message content:-
#DFB,0,,
0,0,0,0,0,0,,,0,0,,,,,  37.6,  37.6,,  7.4,  7.4,,0,0,,0,0,
,,,0,0,    0, 9277, 9277,,,,,0,0,0,,,0,0,0,,,0,0,,0,0,,0,0,,
0,0,0,,,,,0,0,0,,,0,0,0,

CREATED BY AVIONIC ENGINEERING

-------------------------------------------------------[2024-03-12 04:56:00.265]

SOURCE: AIR
RX_ID: 228, Freq: 131.825MHz
Mode: 2 ACK, A2GLabel: _d Block ID: 5, Msg No: S54A
Flight ID: QY1956 REG: D-ALET


Message content:-

-------------------------------------------------------[2024-03-12 05:00:06.029]

SOURCE: AIR
RX_ID: 229, Freq: 131.825MHz
Mode: 2 NACKLabel: H1 Block ID: 6, Msg No: F33A
Flight ID: QY1956 REG: D-ALET


Message content:-
#M1BPOSN43149E005198,MADRA,050005,37,POMEG,050108,F31RZ,P5,34339,263,3FB1
-------------------------------------------------------[2024-03-12 05:00:08.076]

SOURCE: AIR
RX_ID: 230, Freq: 131.825MHz
Mode: 2 ACK, A2GLabel: _d Block ID: 7, Msg No: S30A
Flight ID: QY0822 REG: D-ALER


Message content:-

-------------------------------------------------------[2024-03-12 05:03:05.854]

SOURCE: AIR
RX_ID: 231, Freq: 131.825MHz
Mode: 2 NACKLabel: H1 Block ID: 8, Msg No: F06A
Flight ID: QY0822 REG: D-ALER


Message content:-
#M1BPOSN43337E007036,,050305,380,TAGIP,053234,BRENO,M57,33462,177,780E20E
-------------------------------------------------------[2024-03-12 05:03:08.085]

SOURCE: AIR
RX_ID: 232, Freq: 131.825MHz
Mode: 2 NACKLabel: H1 Block ID: 8, Msg No: F06A
Flight ID: QY0822 REG: D-ALER


Message content:-
#M1BPOSN43337E007036,,050305,380,TAGIP,053234,BRENO,M57,33462,177,780E20E
-------------------------------------------------------[2024-03-12 05:03:20.592]

SOURCE: AIR
RX_ID: 233, Freq: 131.725MHz
Mode: 2 NACKLabel: Q0 Block ID: 3, Msg No: S99A
Flight ID: AF0756 REG: F-HTYL


Message content:-

-------------------------------------------------------[2024-03-12 05:13:42.168]

SOURCE: AIR
RX_ID: 234, Freq: 131.725MHz
Mode: 2 NACKLabel: SA Block ID: 4, Msg No: S01A
Flight ID: AF0756 REG: F-HTYL


Message content:-
0EV051343VSH/
-------------------------------------------------------[2024-03-12 05:13:45.237]

SOURCE: AIR
RX_ID: 235, Freq: 131.725MHz
Mode: X NACKLabel: 5V Block ID: 6, Msg No: S03A
Flight ID: AF0756 REG: F-HTYL


Message content:-

-------------------------------------------------------[2024-03-12 05:13:59.756]

SOURCE: AIR
RX_ID: 236, Freq: 131.825MHz
Mode: 2 ACK, A2GLabel: _d Block ID: 6, Msg No: S50A
Flight ID: AF7313 REG: F-GMZD


Message content:-

-------------------------------------------------------[2024-03-12 05:36:30.429]

SOURCE: AIR
RX_ID: 237, Freq: 131.825MHz
Mode: 2 NACKLabel: B6 Block ID: 0, Msg No: F25A
Flight ID: BA2040 REG: G-YMMB


Message content:-
/ACCFAYA.ADS.G-YMMB071EF3101CD0C9C4250D1F0C0815F2C34C200E7C80D240040F7B39A0000498B8
-------------------------------------------------------[2024-03-12 05:39:33.324]

SOURCE: AIR
RX_ID: 238, Freq: 131.825MHz
Mode: 2 NACKLabel: B6 Block ID: 2, Msg No: F27A
Flight ID: BA2040 REG: G-YMMB


Message content:-
/ACCFAYA.ADS.G-YMMB071F59881C09C9C429AD1F0C0815F2C34C200E7C70D080040F7B61A28004132F
-------------------------------------------------------[2024-03-12 05:44:29.078]

SOURCE: AIR
RX_ID: 239, Freq: 131.725MHz
Mode: G NACKLabel: 5V Block ID: 9, Msg No: S04A
Flight ID: E10035 REG: F-UJCQ


Message content:-

-------------------------------------------------------[2024-03-12 07:00:46.997]

SOURCE: AIR
RX_ID: 240, Freq: 131.725MHz
Mode: G NACKLabel: 83 Block ID: 3, Msg No: M04A
Flight ID: GS0001 REG: MJSTA


Message content:-
001PR12071459N4335.2E00532.01804430015
-------------------------------------------------------[2024-03-12 07:15:02.047]

SOURCE: AIR
RX_ID: 241, Freq: 131.725MHz
Mode: 2 NACKLabel: Q0 Block ID: 5, Msg No: M26A
Flight ID: ZD0000 REG: HBJFS


Message content:-

-------------------------------------------------------[2024-03-12 07:28:47.398]

SOURCE: AIR
RX_ID: 242, Freq: 131.725MHz
Mode: 2 NACKLabel: Q0 Block ID: 5, Msg No: M26A
Flight ID: ZD0000 REG: HBJFS


Message content:-

-------------------------------------------------------[2024-03-12 07:29:06.672]

SOURCE: AIR
RX_ID: 243, Freq: 131.725MHz
Mode: 2 NACKLabel: Q0 Block ID: 5, Msg No: M26A
Flight ID: ZD0000 REG: HBJFS


Message content:-

-------------------------------------------------------[2024-03-12 07:29:21.813]

SOURCE: AIR
RX_ID: 244, Freq: 131.725MHz
Mode: G NACKLabel: Q0 Block ID: 0, Msg No: S00A
Flight ID: UV0001 REG: MAZIA


Message content:-

-------------------------------------------------------[2024-03-12 07:32:52.977]

SOURCE: AIR
RX_ID: 245, Freq: 131.725MHz
Mode: G NACKLabel: SA Block ID: 1, Msg No: S01A
Flight ID: UV0001 REG: MAZIA


Message content:-
0EV073253V
-------------------------------------------------------[2024-03-12 07:32:56.450]

SOURCE: AIR
RX_ID: 246, Freq: 131.725MHz
Mode: G NACKLabel: SA Block ID: 1, Msg No: S01A
Flight ID: UV0001 REG: MAZIA


Message content:-
0EV073253V
-------------------------------------------------------[2024-03-12 07:33:04.423]

SOURCE: AIR
RX_ID: 247, Freq: 131.725MHz
Mode: G NACKLabel: SA Block ID: 1, Msg No: S01A
Flight ID: UV0001 REG: MAZIA


Message content:-
0EV073253V
-------------------------------------------------------[2024-03-12 07:33:16.125]

SOURCE: AIR
RX_ID: 248, Freq: 131.725MHz
Mode: 2 NACKLabel: SA Block ID: 3, Msg No: S01A
Flight ID: UV0001 REG: MAZIA


Message content:-
0EV073253V
-------------------------------------------------------[2024-03-12 07:34:30.041]

SOURCE: AIR
RX_ID: 249, Freq: 131.725MHz
Mode: 2 NACKLabel: SA Block ID: 3, Msg No: S01A
Flight ID: UV0001 REG: MAZIA


Message content:-
0EV073253V
-------------------------------------------------------[2024-03-12 07:34:42.145]

SOURCE: AIR
RX_ID: 250, Freq: 131.725MHz
Mode: E NACKLabel: Q0 Block ID: 4, Msg No: S02A
Flight ID: UV0001 REG: MAZIA


Message content:-

-------------------------------------------------------[2024-03-12 07:37:05.911]

SOURCE: AIR
RX_ID: 251, Freq: 131.725MHz
Mode: E NACKLabel: SA Block ID: 5, Msg No: S03A
Flight ID: UV0001 REG: MAZIA


Message content:-
0EV073706V
-------------------------------------------------------[2024-03-12 07:37:09.166]

SOURCE: AIR
RX_ID: 252, Freq: 131.725MHz
Mode: E NACKLabel: SA Block ID: 5, Msg No: S03A
Flight ID: UV0001 REG: MAZIA


Message content:-
0EV073706V
-------------------------------------------------------[2024-03-12 07:37:17.578]

SOURCE: AIR
RX_ID: 253, Freq: 131.725MHz
Mode: E NACKLabel: SA Block ID: 5, Msg No: S03A
Flight ID: UV0001 REG: MAZIA


Message content:-
0EV073706V
-------------------------------------------------------[2024-03-12 07:37:26.794]

SOURCE: AIR
RX_ID: 254, Freq: 131.725MHz
Mode: E NACKLabel: SA Block ID: 5, Msg No: S03A
Flight ID: UV0001 REG: MAZIA


Message content:-
0EV073706V
-------------------------------------------------------[2024-03-12 07:37:33.560]

SOURCE: AIR
RX_ID: 255, Freq: 131.725MHz
Mode: X NACKLabel: SA Block ID: 6, Msg No: S03A
Flight ID: UV0001 REG: MAZIA


Message content:-
0EV073706V
-------------------------------------------------------[2024-03-12 07:37:40.107]

SOURCE: AIR
RX_ID: 256, Freq: 131.725MHz
Mode: X NACKLabel: SA Block ID: 6, Msg No: S03A
Flight ID: UV0001 REG: MAZIA


Message content:-
0EV073706V
-------------------------------------------------------[2024-03-12 07:37:51.992]

SOURCE: AIR
RX_ID: 257, Freq: 131.725MHz
Mode: X NACKLabel: SA Block ID: 6, Msg No: S03A
Flight ID: UV0001 REG: MAZIA


Message content:-
0EV073706V
-------------------------------------------------------[2024-03-12 07:37:59.160]

SOURCE: AIR
RX_ID: 258, Freq: 131.725MHz
Mode: X NACKLabel: SA Block ID: 6, Msg No: S03A
Flight ID: UV0001 REG: MAZIA


Message content:-
0EV073706V
-------------------------------------------------------[2024-03-12 07:38:07.973]

SOURCE: AIR
RX_ID: 259, Freq: 131.725MHz
Mode: G NACKLabel: SA Block ID: 7, Msg No: S03A
Flight ID: UV0001 REG: MAZIA


Message content:-
0EV073706V
-------------------------------------------------------[2024-03-12 07:38:14.519]

SOURCE: AIR
RX_ID: 260, Freq: 131.725MHz
Mode: G NACKLabel: SA Block ID: 7, Msg No: S03A
Flight ID: UV0001 REG: MAZIA


Message content:-
0EV073706V
-------------------------------------------------------[2024-03-12 07:38:23.919]

SOURCE: AIR
RX_ID: 261, Freq: 131.725MHz
Mode: G NACKLabel: SA Block ID: 7, Msg No: S03A
Flight ID: UV0001 REG: MAZIA


Message content:-
0EV073706V
-------------------------------------------------------[2024-03-12 07:38:36.429]

SOURCE: AIR
RX_ID: 262, Freq: 131.725MHz
Mode: G NACKLabel: SA Block ID: 7, Msg No: S03A
Flight ID: UV0001 REG: MAZIA


Message content:-
0EV073706V
-------------------------------------------------------[2024-03-12 07:38:47.472]

SOURCE: AIR
RX_ID: 263, Freq: 131.725MHz
Mode: G NACKLabel: SA Block ID: 1, Msg No: S07A
Flight ID: UV0001 REG: MAZIA


Message content:-
0EV074404V
-------------------------------------------------------[2024-03-12 07:44:05.756]

SOURCE: AIR
RX_ID: 264, Freq: 131.725MHz
Mode: X NACKLabel: 20 Block ID: 9, Msg No: M69A
Flight ID: KL0592 REG: PH-BVS


Message content:-
RST07A12074400KLM592  FAOREHAM
-------------------------------------------------------[2024-03-12 07:44:16.618]

SOURCE: AIR
RX_ID: 265, Freq: 131.725MHz
Mode: G NACKLabel: Q0 Block ID: 8, Msg No: S55A
Flight ID: XSASL8 REG: 2-BBMB


Message content:-

-------------------------------------------------------[2024-03-12 07:47:19.696]

SOURCE: AIR
RX_ID: 266, Freq: 131.725MHz
Mode: G NACKLabel: 16 Block ID: 9, Msg No: M19A
Flight ID: XSASL8 REG: 2-BBMB


Message content:-
074806,,0832, 113,N 43.391 E  5.865
-------------------------------------------------------[2024-03-12 07:48:08.447]

SOURCE: AIR
RX_ID: 267, Freq: 131.725MHz
Mode: X NACKLabel: B9 Block ID: 1, Msg No: J09A
Flight ID: TK01TG REG: TC-JNH


Message content:-
/LEMD.TI2/000LEMDA503F
-------------------------------------------------------[2024-03-12 08:00:37.410]

SOURCE: AIR
RX_ID: 268, Freq: 131.725MHz
Mode: X ACK, A2GLabel: _d Block ID: 2, Msg No: S36A
Flight ID: TK01TG REG: TC-JNH


Message content:-

-------------------------------------------------------[2024-03-12 08:00:41.717]

SOURCE: AIR
RX_ID: 269, Freq: 131.725MHz
Mode: X NACKLabel: B9 Block ID: 3, Msg No: J10A
Flight ID: TK01TG REG: TC-JNH


Message content:-
/LEBL.TI2/000LEBLAF5A7
-------------------------------------------------------[2024-03-12 08:00:43.551]

SOURCE: AIR
RX_ID: 270, Freq: 131.725MHz
Mode: X ACK, A2GLabel: _d Block ID: 4, Msg No: S37A
Flight ID: TK01TG REG: TC-JNH


Message content:-

-------------------------------------------------------[2024-03-12 08:00:47.862]

SOURCE: AIR
RX_ID: 271, Freq: 131.725MHz
Mode: X ACK, A2GLabel: _d Block ID: 5, Msg No: S38A
Flight ID: TK01TG REG: TC-JNH


Message content:-

-------------------------------------------------------[2024-03-12 08:00:51.117]

SOURCE: AIR
RX_ID: 272, Freq: 131.725MHz
Mode: X NACKLabel: 5V Block ID: 8, Msg No: S39A
Flight ID: TK01TG REG: TC-JNH


Message content:-

-------------------------------------------------------[2024-03-12 08:04:03.636]

SOURCE: AIR
RX_ID: 273, Freq: 131.725MHz
Mode: G NACKLabel: Q0 Block ID: 3, Msg No: S78A
Flight ID: RO0415 REG: YR-BGJ


Message content:-

-------------------------------------------------------[2024-03-12 08:34:32.752]

SOURCE: AIR
RX_ID: 274, Freq: 131.725MHz
Mode: G NACKLabel: 16 Block ID: 4, Msg No: M70A
Flight ID: RO0415 REG: YR-BGJ


Message content:-
083530,37000,0950, 142,N 43.441 E  5.827
-------------------------------------------------------[2024-03-12 08:35:34.380]

SOURCE: AIR
RX_ID: 275, Freq: 131.725MHz
Mode: G NACKLabel: 5V Block ID: 3, Msg No: S25A
Flight ID: AH1022 REG: 7T-VJK


Message content:-

-------------------------------------------------------[2024-03-12 08:51:23.645]

SOURCE: AIR
RX_ID: 276, Freq: 131.725MHz
Mode: 2 NACKLabel: SA Block ID: 5, Msg No: M20A
Flight ID: AH1022 REG: 7T-VJK


Message content:-
0EV085540VS
-------------------------------------------------------[2024-03-12 08:55:41.293]

SOURCE: AIR
RX_ID: 277, Freq: 131.725MHz
Mode: 2 NACKLabel: Q0 Block ID: 2, Msg No: S71A
Flight ID: GR0000 REG: FGXAE


Message content:-

-------------------------------------------------------[2024-03-12 09:28:02.194]

SOURCE: AIR
RX_ID: 278, Freq: 131.725MHz
Mode: 2 NACKLabel: SA Block ID: 3, Msg No: S64A
Flight ID: GR0000 REG: FGXAE


Message content:-
0EV090953V/
-------------------------------------------------------[2024-03-12 09:28:05.268]

SOURCE: AIR
RX_ID: 279, Freq: 131.725MHz
Mode: 2 NACKLabel: SA Block ID: 3, Msg No: S64A
Flight ID: GR0000 REG: FGXAE


Message content:-
0EV090953V/
-------------------------------------------------------[2024-03-12 09:28:15.726]

SOURCE: AIR
RX_ID: 280, Freq: 131.725MHz
Mode: 2 NACKLabel: SA Block ID: 3, Msg No: S64A
Flight ID: GR0000 REG: FGXAE


Message content:-
0EV090953V/
-------------------------------------------------------[2024-03-12 09:28:27.209]

SOURCE: AIR
RX_ID: 281, Freq: 131.725MHz
Mode: G NACKLabel: SA Block ID: 5, Msg No: S73A
Flight ID: GR0000 REG: FGXAE


Message content:-
0EV091841V/
-------------------------------------------------------[2024-03-12 09:28:41.947]

SOURCE: AIR
RX_ID: 282, Freq: 131.725MHz
Mode: 2 NACKLabel: Q0 Block ID: 9, Msg No: S14A
Flight ID: GR0000 REG: DCLUB


Message content:-

-------------------------------------------------------[2024-03-12 09:28:46.448]

SOURCE: AIR
RX_ID: 283, Freq: 131.725MHz
Mode: 2 NACKLabel: Q0 Block ID: 9, Msg No: S14A
Flight ID: GR0000 REG: DCLUB


Message content:-

-------------------------------------------------------[2024-03-12 09:28:52.372]

SOURCE: AIR
RX_ID: 284, Freq: 131.725MHz
Mode: 2 NACKLabel: SA Block ID: 0, Msg No: S11A
Flight ID: GR0000 REG: DCLUB


Message content:-
0EV092531V/
-------------------------------------------------------[2024-03-12 09:28:55.260]

SOURCE: AIR
RX_ID: 285, Freq: 131.725MHz
Mode: E NACKLabel: SA Block ID: 3, Msg No: S11A
Flight ID: GR0000 REG: DCLUB


Message content:-
0EV092531V/
-------------------------------------------------------[2024-03-12 09:30:11.036]

SOURCE: AIR
RX_ID: 286, Freq: 131.725MHz
Mode: G NACKLabel: Q0 Block ID: 8, Msg No: S17A
Flight ID: GR0000 REG: DCLUB


Message content:-

-------------------------------------------------------[2024-03-12 09:31:33.150]

SOURCE: AIR
RX_ID: 287, Freq: 131.725MHz
Mode: G NACKLabel: Q0 Block ID: 8, Msg No: S17A
Flight ID: GR0000 REG: DCLUB


Message content:-

-------------------------------------------------------[2024-03-12 09:31:40.123]

SOURCE: AIR
RX_ID: 288, Freq: 131.725MHz
Mode: G NACKLabel: SA Block ID: 9, Msg No: S18A
Flight ID: GR0000 REG: DCLUB


Message content:-
0EV093142V/
-------------------------------------------------------[2024-03-12 09:31:42.793]

SOURCE: AIR
RX_ID: 289, Freq: 131.725MHz
Mode: G NACKLabel: 5V Block ID: 0, Msg No: S19A
Flight ID: GR0000 REG: DCLUB


Message content:-

-------------------------------------------------------[2024-03-12 09:31:47.914]

SOURCE: AIR
RX_ID: 290, Freq: 131.725MHz
Mode: 2 NACKLabel: Q0 Block ID: 3, Msg No: S21A
Flight ID: GR0000 REG: DCLUB


Message content:-

-------------------------------------------------------[2024-03-12 09:33:23.549]

SOURCE: AIR
RX_ID: 291, Freq: 131.725MHz
Mode: 2 NACKLabel: SA Block ID: 4, Msg No: S18A
Flight ID: GR0000 REG: DCLUB


Message content:-
0EV093142V/
-------------------------------------------------------[2024-03-12 09:33:26.218]

SOURCE: AIR
RX_ID: 292, Freq: 131.725MHz
Mode: G NACKLabel: Q0 Block ID: 5, Msg No: S22A
Flight ID: GR0000 REG: DCLUB


Message content:-

-------------------------------------------------------[2024-03-12 09:33:33.169]

SOURCE: AIR
RX_ID: 293, Freq: 131.725MHz
Mode: G NACKLabel: SA Block ID: 6, Msg No: S18A
Flight ID: GR0000 REG: DCLUB


Message content:-
0EV093142V/
-------------------------------------------------------[2024-03-12 09:33:36.642]

SOURCE: AIR
RX_ID: 294, Freq: 131.725MHz
Mode: G NACKLabel: SA Block ID: 6, Msg No: S18A
Flight ID: GR0000 REG: DCLUB


Message content:-
0EV093142V/
-------------------------------------------------------[2024-03-12 09:33:57.744]

SOURCE: AIR
RX_ID: 295, Freq: 131.725MHz
Mode: X NACKLabel: SA Block ID: 7, Msg No: S18A
Flight ID: GR0000 REG: DCLUB


Message content:-
0EV093142V/
-------------------------------------------------------[2024-03-12 09:34:04.509]

SOURCE: AIR
RX_ID: 296, Freq: 131.725MHz
Mode: X NACKLabel: SA Block ID: 7, Msg No: S18A
Flight ID: GR0000 REG: DCLUB


Message content:-
0EV093142V/
-------------------------------------------------------[2024-03-12 09:34:10.032]

SOURCE: AIR
RX_ID: 297, Freq: 131.725MHz
Mode: X NACKLabel: SA Block ID: 7, Msg No: S18A
Flight ID: GR0000 REG: DCLUB


Message content:-
0EV093142V/
-------------------------------------------------------[2024-03-12 09:34:16.980]

SOURCE: AIR
RX_ID: 298, Freq: 131.725MHz
Mode: 2 NACKLabel: SA Block ID: 8, Msg No: S18A
Flight ID: GR0000 REG: DCLUB


Message content:-
0EV093142V/
-------------------------------------------------------[2024-03-12 09:34:25.610]

SOURCE: AIR
RX_ID: 299, Freq: 131.725MHz
Mode: 2 NACKLabel: SA Block ID: 8, Msg No: S18A
Flight ID: GR0000 REG: DCLUB


Message content:-
0EV093142V/
-------------------------------------------------------[2024-03-12 09:34:36.254]

SOURCE: AIR
RX_ID: 300, Freq: 131.725MHz
Mode: 2 NACKLabel: SA Block ID: 8, Msg No: S18A
Flight ID: GR0000 REG: DCLUB


Message content:-
0EV093142V/
-------------------------------------------------------[2024-03-12 09:34:45.068]

SOURCE: AIR
RX_ID: 301, Freq: 131.725MHz
Mode: 2 NACKLabel: SA Block ID: 8, Msg No: S18A
Flight ID: GR0000 REG: DCLUB


Message content:-
0EV093142V/
-------------------------------------------------------[2024-03-12 09:34:54.869]

SOURCE: AIR
RX_ID: 302, Freq: 131.725MHz
Mode: 2 NACKLabel: SA Block ID: 8, Msg No: S18A
Flight ID: GR0000 REG: DCLUB


Message content:-
0EV093142V/
-------------------------------------------------------[2024-03-12 09:35:06.975]

SOURCE: AIR
RX_ID: 303, Freq: 131.725MHz
Mode: 2 NACKLabel: SA Block ID: 8, Msg No: S18A
Flight ID: GR0000 REG: DCLUB


Message content:-
0EV093142V/
-------------------------------------------------------[2024-03-12 09:35:13.301]

SOURCE: AIR
RX_ID: 304, Freq: 131.725MHz
Mode: 2 NACKLabel: Q0 Block ID: 0, Msg No: S24A
Flight ID: GR0000 REG: DCLUB


Message content:-

-------------------------------------------------------[2024-03-12 09:35:48.959]

SOURCE: AIR
RX_ID: 305, Freq: 131.725MHz
Mode: 2 NACKLabel: SA Block ID: 1, Msg No: S25A
Flight ID: GR0000 REG: DCLUB


Message content:-
0EV093551V/
-------------------------------------------------------[2024-03-12 09:35:57.955]

SOURCE: AIR
RX_ID: 306, Freq: 131.725MHz
Mode: X NACKLabel: Q0 Block ID: 2, Msg No: S26A
Flight ID: GR0000 REG: DCLUB


Message content:-

-------------------------------------------------------[2024-03-12 09:36:05.744]

SOURCE: AIR
RX_ID: 307, Freq: 131.725MHz
Mode: X NACKLabel: SA Block ID: 3, Msg No: S25A
Flight ID: GR0000 REG: DCLUB


Message content:-
0EV093551V/
-------------------------------------------------------[2024-03-12 09:36:08.418]

SOURCE: AIR
RX_ID: 308, Freq: 131.725MHz
Mode: X NACKLabel: SA Block ID: 3, Msg No: S25A
Flight ID: GR0000 REG: DCLUB


Message content:-
0EV093551V/
-------------------------------------------------------[2024-03-12 09:36:15.363]

SOURCE: AIR
RX_ID: 309, Freq: 131.725MHz
Mode: 2 NACKLabel: SA Block ID: 4, Msg No: S25A
Flight ID: GR0000 REG: DCLUB


Message content:-
0EV093551V/
-------------------------------------------------------[2024-03-12 09:36:33.611]

SOURCE: AIR
RX_ID: 310, Freq: 131.725MHz
Mode: G NACKLabel: Q0 Block ID: 0, Msg No: S44A
Flight ID: CC5310 REG: TF-AKD


Message content:-

-------------------------------------------------------[2024-03-12 09:48:57.845]

SOURCE: AIR
RX_ID: 311, Freq: 131.725MHz
Mode: G NACKLabel: Q0 Block ID: 1, Msg No: S45A
Flight ID: CC5310 REG: TF-AKD


Message content:-

-------------------------------------------------------[2024-03-12 09:59:01.794]

SOURCE: AIR
RX_ID: 312, Freq: 131.725MHz
Mode: E NACKLabel: H1 Block ID: 1, Msg No: D80A
Flight ID: KL0119 REG: PH-BVD


Message content:-
#DFB(POS-KLM119  -4424N00532E/103628 F330
RMK/FUEL  98.3 M0.83)
-------------------------------------------------------[2024-03-12 10:36:53.078]

SOURCE: AIR
RX_ID: 313, Freq: 131.825MHz
Mode: 2 NACKLabel: Q0 Block ID: 4, Msg No: S62A
Flight ID: LH0581 REG: D-ABNL


Message content:-

-------------------------------------------------------[2024-03-12 11:20:32.320]

SOURCE: AIR
RX_ID: 314, Freq: 131.825MHz
Mode: 2 NACKLabel: 1L Block ID: 5, Msg No: M66A
Flight ID: LH0581 REG: D-ABNL


Message content:-
00050209238QMMSRJIJ6FD0F4KK30243+K77S4S)YB)DD2QQ1PIMP+
-------------------------------------------------------[2024-03-12 11:30:27.050]

SOURCE: AIR
RX_ID: 315, Freq: 131.825MHz
Mode: 2 NACKLabel: H1 Block ID: 9, Msg No: D63A
Flight ID: NW0231 REG: N830NW


Message content:-
#DFB239160600401010098065
R39/A33039,1,1
239N830NW231 031224114423803 4485   488339-29-57339 84AB0510120760
 280 393 000302720030/9WLIRFKJFK
-------------------------------------------------------[2024-03-12 11:44:36.580]

SOURCE: AIR
RX_ID: 316, Freq: 131.825MHz
Mode: 2 NACKLabel: 15 Block ID: 2, Msg No: M59A
Flight ID: BA0082 REG: G-VIIL


Message content:-
FST01DNAAEGLLN439291E0046886400 142 351 M66C 5734535235541811600014481323
-------------------------------------------------------[2024-03-12 13:23:53.430]

SOURCE: AIR
RX_ID: 317, Freq: 131.825MHz
Mode: 2 NACKLabel: H1 Block ID: 3, Msg No: O59A
Flight ID: BA0082 REG: G-VIIL


Message content:-
#10BSB0122BA_G-VIIL  DNAAEGLL269
 44355 0046621327 40002-660341063090X4Z014030
-------------------------------------------------------[2024-03-12 13:28:30.352]

SOURCE: AIR
RX_ID: 318, Freq: 131.825MHz
Mode: 2 NACKLabel: B9 Block ID: 4, Msg No: M60A
Flight ID: BA0082 REG: G-VIIL


Message content:-
046EGLLA
-------------------------------------------------------[2024-03-12 13:32:19.734]

SOURCE: AIR
RX_ID: 319, Freq: 131.825MHz
Mode: 2 ACK, A2GLabel: _d Block ID: 5, Msg No: S50A
Flight ID: BA0082 REG: G-VIIL


Message content:-

-------------------------------------------------------[2024-03-12 13:32:26.719]

SOURCE: AIR
RX_ID: 320, Freq: 131.725MHz
Mode: 2 NACKLabel: Q0 Block ID: 5, Msg No: S39A
Flight ID: AH1020 REG: 7T-VJL


Message content:-

-------------------------------------------------------[2024-03-12 13:55:32.818]

SOURCE: AIR
RX_ID: 321, Freq: 131.725MHz
Mode: 2 NACKLabel: SA Block ID: 6, Msg No: M37A
Flight ID: AH1020 REG: 7T-VJL


Message content:-
0EV135535VS
-------------------------------------------------------[2024-03-12 13:55:37.352]

