SOURCE: AIR
RX_ID: 0, Freq: 131.725MHz
Mode: X NACKLabel: 2F Block ID: 4, Msg No: M36A
Flight ID: AF0947 REG: F-GZCG


Message content:-
0233+4317+466/40116
FKKD/LFPG/39998//-47/0.82/164498/152870//ETREK  //-70/027
-------------------------------------------------------[2024-06-01 02:33:34.585]

SOURCE: AIR
RX_ID: 1, Freq: 131.725MHz
Mode: X NACKLabel: 2F Block ID: 4, Msg No: M36A
Flight ID: AF0947 REG: F-GZCG


Message content:-
0233+4317+466/40116
FKKD/LFPG/39998//-47/0.82/164498/152870//ETREK  //-70/027
-------------------------------------------------------[2024-06-01 02:33:44.422]

SOURCE: AIR
RX_ID: 2, Freq: 131.725MHz
Mode: X NACKLabel: 2F Block ID: 4, Msg No: M36A
Flight ID: AF0947 REG: F-GZCG


Message content:-
0233+4317+466/40116
FKKD/LFPG/39998//-47/0.82/164498/152870//ETREK  //-70/027
-------------------------------------------------------[2024-06-01 02:33:54.044]

SOURCE: AIR
RX_ID: 3, Freq: 131.725MHz
Mode: X NACKLabel: B9 Block ID: 5, Msg No: J51A
Flight ID: AF0947 REG: F-GZCG


Message content:-
/LFPG.TI2/000LFPGA9F82
-------------------------------------------------------[2024-06-01 02:38:37.910]

SOURCE: AIR
RX_ID: 4, Freq: 131.725MHz
Mode: X NACKLabel: 26 Block ID: 9, Msg No: M37A
Flight ID: AF0947 REG: F-GZCG


Message content:-
0244FKKDAF0947/010329LFPG26L
-------------------------------------------------------[2024-06-01 02:44:02.303]

SOURCE: AIR
RX_ID: 5, Freq: 131.725MHz
Mode: X NACKLabel: 2F Block ID: 0, Msg No: M38A
Flight ID: AF0947 REG: F-GZCG


Message content:-
0248+4514+440/40106
FKKD/LFPG/40003//-45/0.82/163501/152870//URELO  //-66/014
-------------------------------------------------------[2024-06-01 02:48:37.139]

SOURCE: AIR
RX_ID: 6, Freq: 131.725MHz
Mode: E NACKLabel: B9 Block ID: 6, Msg No: L35A
Flight ID: AF0995 REG: F-GZNI


Message content:-
/LFPG.TI2/046LFPGAD3A5
-------------------------------------------------------[2024-06-01 03:01:33.955]

SOURCE: AIR
RX_ID: 7, Freq: 131.725MHz
Mode: E NACKLabel: 26 Block ID: 8, Msg No: M58A
Flight ID: AF0995 REG: F-GZNI


Message content:-
0301FAORAF0995/31
0346LFPG26L 
-------------------------------------------------------[2024-06-01 03:01:40.720]

SOURCE: AIR
RX_ID: 8, Freq: 131.725MHz
Mode: E ACK, A2GLabel: 26 Block ID: 8, Msg No: M58A
Flight ID: AF0995 REG: F-GZNI


Message content:-
0301FAORAF0995/31
0346LFPG26L 
-------------------------------------------------------[2024-06-01 03:01:44.413]

SOURCE: AIR
RX_ID: 9, Freq: 131.725MHz
Mode: G NACKLabel: 20 Block ID: 5, Msg No: M52A
Flight ID: KL0590 REG: PH-BVR


Message content:-
RST07A01030800KLM590  DGAAEHAM
-------------------------------------------------------[2024-06-01 03:08:54.903]

SOURCE: AIR
RX_ID: 10, Freq: 131.725MHz
Mode: E NACKLabel: 2F Block ID: 2, Msg No: M83A
Flight ID: AF0805 REG: F-GSPY


Message content:-
0318+4337+473/38119
DBBB/LFPG/37997/ -07/ -45/0.82/204120/192398/26.0/ETR-27 /MTL-26 / -76/   31
-------------------------------------------------------[2024-06-01 03:18:24.875]

SOURCE: AIR
RX_ID: 11, Freq: 131.725MHz
Mode: G NACKLabel: H1 Block ID: 8, Msg No: E37B
Flight ID: KL0590 REG: PH-BVR


Message content:-
#CFBORM,NORM,NORM,NORM,NORM,,01,JUN,24,03,19,16
-------------------------------------------------------[2024-06-01 03:19:23.426]

SOURCE: AIR
RX_ID: 12, Freq: 131.825MHz
Mode: 2 NACKLabel: 80 Block ID: 8, Msg No: M05A
Flight ID: QY8030 REG: D-AZML


Message content:-
3M01 OPNORM 8030/01 EDDP/LEBL .D-AZML
-------------------------------------------------------[2024-06-01 03:43:05.381]

SOURCE: AIR
RX_ID: 13, Freq: 131.825MHz
Mode: 2 NACKLabel: B9 Block ID: 9, Msg No: L04A
Flight ID: QY8030 REG: D-AZML


Message content:-
/LEBL.TI2/024LEBLA93E5
-------------------------------------------------------[2024-06-01 03:43:18.289]

SOURCE: AIR
RX_ID: 14, Freq: 131.825MHz
Mode: 2 NACKLabel: B9 Block ID: 2, Msg No: L05A
Flight ID: QY8030 REG: D-AZML


Message content:-
/LEBL.TI2/024LEBLA93E5
-------------------------------------------------------[2024-06-01 03:53:14.673]

SOURCE: AIR
RX_ID: 15, Freq: 131.725MHz
Mode: X NACKLabel: 16 Block ID: 1, Msg No: M21A
Flight ID: SN038K REG: OO-SFD


Message content:-
01JUN24,0357,N 43.751,E  6.865,40007,0505,25880
-------------------------------------------------------[2024-06-01 03:57:49.507]

SOURCE: AIR
RX_ID: 16, Freq: 131.725MHz
Mode: G NACKLabel: 4H Block ID: 9, Msg No: M83A
Flight ID: DL0232 REG: N176DZ


Message content:-
31034H KJFK LIRN6
  
WPR RESET





-------------------------------------------------------[2024-06-01 03:58:47.291]

SOURCE: AIR
RX_ID: 17, Freq: 131.725MHz
Mode: G NACKLabel: H1 Block ID: 1, Msg No: F69A
Flight ID: DL0232 REG: N176DZ


Message content:-
#M1BREJPOS,035854,130,219,RF101,ACK.130,219,RF101,ELSIR.130,219,RF101,N53W040.130,219,RF101,N54W020.130,219,RF101,ALUTAB70F
-------------------------------------------------------[2024-06-01 03:58:57.530]

SOURCE: AIR
RX_ID: 18, Freq: 131.725MHz
Mode: G NACKLabel: H1 Block ID: 3, Msg No: F70A
Flight ID: DL0232 REG: N176DZ


Message content:-
#M1BPOSN44357E005107,BEP22,040042,350,RET23,040328,KOLON,M44,27321,337,821DAB4
-------------------------------------------------------[2024-06-01 04:00:46.479]

SOURCE: AIR
RX_ID: 19, Freq: 131.725MHz
Mode: E NACKLabel: H1 Block ID: 1, Msg No: D33A
Flight ID: KL0536 REG: PH-AOB


Message content:-
#DFB(POS-KLM536  -4333N00507E/040035 F380
RMK/FUEL  11.9 M0.81)
-------------------------------------------------------[2024-06-01 04:00:50.976]

SOURCE: AIR
RX_ID: 20, Freq: 131.725MHz
Mode: G NACKLabel: H1 Block ID: 6, Msg No: F71A
Flight ID: DL0232 REG: N176DZ


Message content:-
#M1BREJPOS,040550,130,219,RF101,ACK.130,219,RF101,ELSIR.130,219,RF101,N53W040.130,219,RF101,N54W020.130,219,RF101,ALUTA.130,219,RF101,BEPER711B
-------------------------------------------------------[2024-06-01 04:05:53.467]

SOURCE: AIR
RX_ID: 21, Freq: 131.725MHz
Mode: G NACKLabel: B9 Block ID: 7, Msg No: L09A
Flight ID: P47578 REG: 5N-BVE


Message content:-
/EGKK.TI2/046EGKKAFB92
-------------------------------------------------------[2024-06-01 04:11:50.659]

SOURCE: AIR
RX_ID: 22, Freq: 131.725MHz
Mode: G NACKLabel: 16 Block ID: 0, Msg No: M31A
Flight ID: P47578 REG: 5N-BVE


Message content:-
POSA1N44890E  4541,MTL-18 ,041557,399,ETR-19 ,042041,,-44, 17, 177,837
-------------------------------------------------------[2024-06-01 04:18:30.023]

SOURCE: AIR
RX_ID: 23, Freq: 131.825MHz
Mode: 2 NACKLabel: H1 Block ID: 8, Msg No: D12F
Flight ID: AF7315 REG: F-GMZD


Message content:-
#DFB72/0EN003,295,00340,071649,007/N14376,0698,13382,N077,278/1NN005,294,00126,071631,005/N24379,0694,14135,N097,256/2NN004,295,00175,071576,008/N34381,0691,14970,N120,263/3NN009,294,N0151,071595,009/N44383,068
-------------------------------------------------------[2024-06-01 04:30:07.374]

SOURCE: AIR
RX_ID: 24, Freq: 131.825MHz
Mode: 2 NACKLabel: H1 Block ID: 2, Msg No: D12J
Flight ID: AF7315 REG: F-GMZD


Message content:-
#DFB246/5SN012,294,00075,071268,021/S64421,0662,23209,N325,245/6SN006,293,N0032,071232,021/S74425,0660,23686,N335,243/7SN008,293,N0069,071177,017/S84428,0658,24141,N345,240/8SN007,294,00056,071177,018/S94431,06
-------------------------------------------------------[2024-06-01 04:30:35.026]

SOURCE: AIR
RX_ID: 25, Freq: 131.725MHz
Mode: G NACKLabel: 26 Block ID: 5, Msg No: M19A
Flight ID: AF0775 REG: F-GZCN


Message content:-
0447FKYSAF0775/010532LFPG26L
-------------------------------------------------------[2024-06-01 04:47:02.356]

SOURCE: AIR
RX_ID: 26, Freq: 131.725MHz
Mode: G NACKLabel: 2F Block ID: 8, Msg No: M82A
Flight ID: AF0929 REG: F-GZCF


Message content:-
0453+4359+511/40104
FNLU/LFPG/40000//-47/0.79/163120/152671//RUSIT  //-87/017
-------------------------------------------------------[2024-06-01 04:53:12.241]

SOURCE: AIR
RX_ID: 27, Freq: 131.725MHz
Mode: X NACKLabel: B9 Block ID: 4, Msg No: L10A
Flight ID: DL0028 REG: N845MH


Message content:-
/LFMN.TI2/024LFMNA426A
-------------------------------------------------------[2024-06-01 05:24:30.273]

SOURCE: AIR
RX_ID: 28, Freq: 131.725MHz
Mode: X NACKLabel: 39 Block ID: 7, Msg No: M65A
Flight ID: DL0028 REG: N845MH


Message content:-
310539 KJFK LFMN7
0549                                04L
/TCI [  ]








-------------------------------------------------------[2024-06-01 05:24:59.567]

SOURCE: AIR
RX_ID: 29, Freq: 131.725MHz
Mode: 2 NACKLabel: 15 Block ID: 1, Msg No: M10A
Flight ID: GS0001 REG: 9A-CRO


Message content:-
(2N43436E  6352248 39329-46(Z
-------------------------------------------------------[2024-06-01 05:27:28.049]

SOURCE: AIR
RX_ID: 30, Freq: 131.725MHz
Mode: E NACKLabel: 16 Block ID: 9, Msg No: M98A
Flight ID: XSMBU6 REG: 2-BBMB


Message content:-
053044,,0641, 156,N 43.674 E  6.228
-------------------------------------------------------[2024-06-01 05:30:45.865]

SOURCE: AIR
RX_ID: 31, Freq: 131.825MHz
Mode: 2 NACKLabel: Q0 Block ID: 0, Msg No: M63A
Flight ID: AF0703 REG: F-GZND


Message content:-
 
-------------------------------------------------------[2024-06-01 05:31:46.097]

SOURCE: AIR
RX_ID: 32, Freq: 131.725MHz
Mode: G NACKLabel: 2F Block ID: 9, Msg No: M62A
Flight ID: AF705A REG: F-GSPA


Message content:-
0538+4432+478/40109
DIAP/LFPG/40003/ +03/ -45/0.84/181821/171206/32.0/ETR-13 /MTL-12 /-113/   11
-------------------------------------------------------[2024-06-01 05:38:20.932]

SOURCE: AIR
RX_ID: 33, Freq: 131.825MHz
Mode: 2 NACKLabel: Q0 Block ID: 1, Msg No: M64A
Flight ID: AF0703 REG: F-GZND


Message content:-
 
-------------------------------------------------------[2024-06-01 05:41:47.597]

SOURCE: AIR
RX_ID: 34, Freq: 131.825MHz
Mode: 2 NACKLabel: 26 Block ID: 3, Msg No: M65A
Flight ID: AF0703 REG: F-GZND


Message content:-
0541DIAPAF0703/31
0626LFPG26L 
-------------------------------------------------------[2024-06-01 05:41:59.666]

SOURCE: AIR
RX_ID: 35, Freq: 131.725MHz
Mode: G NACKLabel: 26 Block ID: 0, Msg No: M63A
Flight ID: AF705A REG: F-GSPA


Message content:-
0542DIAPAF705A/31
0628LFPG26L 
-------------------------------------------------------[2024-06-01 05:42:17.913]

SOURCE: AIR
RX_ID: 36, Freq: 131.725MHz
Mode: G NACKLabel: H1 Block ID: 1, Msg No: O24A
Flight ID: AF705A REG: F-GSPA


Message content:-
#10BSB007CA_B777-200ER 30F-GSPA  AFR705A DIAPLFPG010624 054409  46ER
279683164BSM79949 00
05:44:0928 05 03
05:44:0928 05 03
-------------------------------------------------------[2024-06-01 05:44:46.579]

SOURCE: AIR
RX_ID: 37, Freq: 131.825MHz
Mode: 2 NACKLabel: B6 Block ID: 1, Msg No: F24A
Flight ID: EK9747 REG: A6-EFJ


Message content:-
/DXBEGEK.ADS.A6-EFJ071F018827CE07D02B481D443E
-------------------------------------------------------[2024-06-01 05:46:11.972]

SOURCE: AIR
RX_ID: 38, Freq: 131.825MHz
Mode: 2 NACKLabel: 1L Block ID: 4, Msg No: M63A
Flight ID: LH0501 REG: D-AIGS


Message content:-
00059209231G:PVK8DKS5M:*6SKK954380IRMAR++VS3K7X7-K17HGY7G3G
-------------------------------------------------------[2024-06-01 06:00:00.617]

SOURCE: AIR
RX_ID: 39, Freq: 131.525MHz
Mode: T NACKLabel: 2Z Block ID: 7, Msg No: M20A
Flight ID: AF7330 REG: F-GTAD


Message content:-
LFML
-------------------------------------------------------[2024-06-01 06:34:03.513]

SOURCE: AIR
RX_ID: 40, Freq: 131.525MHz
Mode: T NACKLabel: 2F Block ID: 8, Msg No: M21A
Flight ID: AF7330 REG: F-GTAD


Message content:-
0640+4455+466/2443
-------------------------------------------------------[2024-06-01 06:40:25.868]

SOURCE: AIR
RX_ID: 41, Freq: 131.725MHz
Mode: G NACKLabel: 20 Block ID: 4, Msg No: M51A
Flight ID: KL0592 REG: PH-BVN


Message content:-
RST07A01064200KLM592  FAOREHAM
-------------------------------------------------------[2024-06-01 06:42:27.948]

SOURCE: AIR
RX_ID: 42, Freq: 131.725MHz
Mode: G NACKLabel: 26 Block ID: 2, Msg No: M22A
Flight ID: AF7330 REG: F-GTAD


Message content:-
0643LFPGAF7330/010658LFML31R
-------------------------------------------------------[2024-06-01 06:43:03.168]

SOURCE: AIR
RX_ID: 43, Freq: 131.725MHz
Mode: G NACKLabel: H1 Block ID: 3, Msg No: D12A
Flight ID: AF7330 REG: F-GTAD


Message content:-
#DFBA01/A32101,1,1/CCF-GTAD,JUN01,061530,LFPG,LFML,0085/C106,01113,6001,53,0010,0,0100,53,X/CEN247,32978,259,736,6486,249,C51020/EC577566,00000,01267,00001,73,13/EE699818,00000,01211,00001,73/N10837,0837,0929,6
-------------------------------------------------------[2024-06-01 06:48:38.236]

SOURCE: AIR
RX_ID: 44, Freq: 131.725MHz
Mode: G NACKLabel: H1 Block ID: 4, Msg No: D12B
Flight ID: AF7330 REG: F-GTAD


Message content:-
#DFB110,1287,XXXXX/N20837,0837,0925,5981,1280,XXXXX/S1XXXXX,0638,1322,4222,XXXX,023,001/S2XXXXX,0634,1299,4149,XXXX,028,N00/T1100,100,023,40,048,05581,XXXX/T2099,100,015,41,081,05515,XXXX/V108,17,017,090,04,00,
-------------------------------------------------------[2024-06-01 06:48:41.711]

SOURCE: AIR
RX_ID: 45, Freq: 131.725MHz
Mode: G NACKLabel: H1 Block ID: 4, Msg No: D12B
Flight ID: AF7330 REG: F-GTAD


Message content:-
#DFB110,1287,XXXXX/N20837,0837,0925,5981,1280,XXXXX/S1XXXXX,0638,1322,4222,XXXX,023,001/S2XXXXX,0634,1299,4149,XXXX,028,N00/T1100,100,023,40,048,05581,XXXX/T2099,100,015,41,081,05515,XXXX/V108,17,017,090,04,00,
-------------------------------------------------------[2024-06-01 06:48:52.134]

SOURCE: AIR
RX_ID: 46, Freq: 131.725MHz
Mode: G NACKLabel: H1 Block ID: 6, Msg No: D13A
Flight ID: AF7330 REG: F-GTAD


Message content:-
#DFBA02/A32102,1,1/CCF-GTAD,JUN01,061530,LFPG,LFML,0085/C106,01201,5000,53,0010,0,0100,53,X/CEN248,32971,259,736,6489,249,C51020/CNN248,33000,260,737,6489,249/EC577566,00000,01267,00001,73,22,13/EE699818,00000,
-------------------------------------------------------[2024-06-01 06:49:23.879]

SOURCE: AIR
RX_ID: 47, Freq: 131.725MHz
Mode: G NACKLabel: H1 Block ID: 7, Msg No: D13B
Flight ID: AF7330 REG: F-GTAD


Message content:-
#DFB01211,00001,73/N10837,0837,0929,6110,1287,XXXXX/N20837,0837,0925,5981,1280,XXXXX/S1XXXXX,0638,1322,4222,XXXX,023,001/S2XXXXX,0634,1299,4149,XXXX,028,N00/T1100,100,023,40,048,05581,XXXX/T2099,100,015,41,081,
-------------------------------------------------------[2024-06-01 06:49:28.998]

SOURCE: AIR
RX_ID: 48, Freq: 131.725MHz
Mode: G NACKLabel: H1 Block ID: 8, Msg No: D13C
Flight ID: AF7330 REG: F-GTAD


Message content:-
#DFB05515,XXXX/V108,17,017,090,04,00,00000/V211,06,303,133,02,00,00000/V3XX,XX,XXX,XXX,XXXX/V4XX,XX,XXX,XXX,XXXX/V507,12,036,086,0915/V609,04,308,133,0915/V7042,090,00061,22222222222111/V8042,086,00081,22222222
-------------------------------------------------------[2024-06-01 06:49:32.693]

SOURCE: AIR
RX_ID: 49, Freq: 131.725MHz
Mode: G NACKLabel: H1 Block ID: 0, Msg No: D13E
Flight ID: AF7330 REG: F-GTAD


Message content:-
#DFB,0789/X71573,E0028,N472,035,069,0128,0798,/
-------------------------------------------------------[2024-06-01 06:49:39.859]

SOURCE: AIR
RX_ID: 50, Freq: 131.725MHz
Mode: G NACKLabel: 26 Block ID: 1, Msg No: M23A
Flight ID: AF7330 REG: F-GTAD


Message content:-
0652LFPGAF7330/010657LFML31R
-------------------------------------------------------[2024-06-01 06:52:26.592]

SOURCE: AIR
RX_ID: 51, Freq: 131.725MHz
Mode: G NACKLabel: 2F Block ID: 2, Msg No: M24A
Flight ID: AF7330 REG: F-GTAD


Message content:-
0655+4340+532/0340
-------------------------------------------------------[2024-06-01 06:55:28.427]

SOURCE: AIR
RX_ID: 52, Freq: 131.825MHz
Mode: 2 NACKLabel: H1 Block ID: 6, Msg No: D00A
Flight ID: 5Y8070 REG: N640GT


Message content:-
#DFBTAKE OFF REPORT

AID:N640GT DA:01/06    GMT:07:21    FNO:1841      ISFC:  758
TAT: 187  SAT:  135  ALT:  1440   MACH:0300    FCNT:  484
GW:141103  FLT:''''-7  MODE:TOFF    SID:S39 -1C
S/N L:707000     
-------------------------------------------------------[2024-06-01 07:21:49.713]

SOURCE: AIR
RX_ID: 53, Freq: 131.825MHz
Mode: 2 NACKLabel: H1 Block ID: 7, Msg No: D00B
Flight ID: 5Y8070 REG: N640GT


Message content:-
#DFB      DEP:''''     DEST:''''
S/N R:707000

            ENG L     ENG R
N1          1005     1007
N2          1034     1030
EGT           817       830
FF           8433      8520
TLA          740   
-------------------------------------------------------[2024-06-01 07:21:55.451]

SOURCE: AIR
RX_ID: 54, Freq: 131.525MHz
Mode: T NACKLabel: 2Z Block ID: 9, Msg No: M36A
Flight ID: AF7332 REG: F-GMZE


Message content:-
LFML
-------------------------------------------------------[2024-06-01 07:22:03.241]

SOURCE: AIR
RX_ID: 55, Freq: 131.825MHz
Mode: 2 NACKLabel: H1 Block ID: 1, Msg No: D00F
Flight ID: 5Y8070 REG: N640GT


Message content:-
#DFBPN
HPV         OK        OK   
ISOV          CLS       CLS
ECS           LO        LO 
WAI           OFF
CAI           OFF       OFF

-------------------------------------------------------[2024-06-01 07:22:21.051]

SOURCE: AIR
RX_ID: 56, Freq: 131.525MHz
Mode: T NACKLabel: 2F Block ID: 0, Msg No: M37A
Flight ID: AF7332 REG: F-GMZE


Message content:-
0724+4449+476/2742
-------------------------------------------------------[2024-06-01 07:24:42.151]

SOURCE: AIR
RX_ID: 57, Freq: 131.725MHz
Mode: G NACKLabel: 26 Block ID: 2, Msg No: M38A
Flight ID: AF7332 REG: F-GMZE


Message content:-
0730LFPGAF7332/010745LFML31R
-------------------------------------------------------[2024-06-01 07:30:08.001]

SOURCE: AIR
RX_ID: 58, Freq: 131.725MHz
Mode: G NACKLabel: SA Block ID: 3, Msg No: S51A
Flight ID: AF7332 REG: F-GMZE


Message content:-
0EV073001V
-------------------------------------------------------[2024-06-01 07:30:11.255]

SOURCE: AIR
RX_ID: 59, Freq: 131.725MHz
Mode: G NACKLabel: H1 Block ID: 6, Msg No: D28A
Flight ID: AF7332 REG: F-GMZE


Message content:-
#DFBA01/A32101,1,1/CCF-GMZE,JUN01,070829,LFPG,LFML,0024/C106,44513,5000,53,0010,0,0100,62,X/CEN192,32969,262,743,6987,251,C53015/EC643526,00389,02447,00363,73,22/EE577159,00389,06597,00363,73/N10849,0850,0935,6
-------------------------------------------------------[2024-06-01 07:35:56.972]

SOURCE: AIR
RX_ID: 60, Freq: 131.725MHz
Mode: G NACKLabel: H1 Block ID: 8, Msg No: D28C
Flight ID: AF7332 REG: F-GMZE


Message content:-
#DFB00008,00081/V2043,080,009,006,082,00008,00081,/
-------------------------------------------------------[2024-06-01 07:36:04.975]

SOURCE: AIR
RX_ID: 61, Freq: 131.725MHz
Mode: G NACKLabel: H1 Block ID: 9, Msg No: D29A
Flight ID: AF7332 REG: F-GMZE


Message content:-
#DFBA02/A32102,1,1/CCF-GMZE,JUN01,070728,LFPG,LFML,0024/C106,44601,5000,53,0010,0,0100,62,X/CEN202,32986,264,748,6995,251,C53015/CNN203,33021,265,750,6995,251/EC643526,00389,02447,00363,73,41,22/EE577159,00389,
-------------------------------------------------------[2024-06-01 07:36:32.186]

SOURCE: AIR
RX_ID: 62, Freq: 131.725MHz
Mode: G NACKLabel: H1 Block ID: 0, Msg No: D29B
Flight ID: AF7332 REG: F-GMZE


Message content:-
#DFB06597,00363,73/N10850,0851,0935,6168,1347,XXXXX/N20850,0850,0933,6167,1337,XXXXX/S1XXXXX,0688,1342,4283,XXXX,024,N00/S2XXXXX,0704,1341,4333,XXXX,030,N00/T1099,100,022,42,081,05562,N065/T2099,100,018,37,077,
-------------------------------------------------------[2024-06-01 07:36:36.500]

SOURCE: AIR
RX_ID: 63, Freq: 131.725MHz
Mode: G NACKLabel: H1 Block ID: 1, Msg No: D29C
Flight ID: AF7332 REG: F-GMZE


Message content:-
#DFB05558,N011/V1042,083,006,009,310,00008,00081/V2043,080,009,006,083,00008,00081/X102420,0000,0022,0000,N0006,N022/X202503,0001,0023,0000,N0006,N022/X3N000,0009,N005,N009,N004,N000,N000/X4N002,N003,N003,N002,
-------------------------------------------------------[2024-06-01 07:36:40.193]

SOURCE: AIR
RX_ID: 64, Freq: 131.725MHz
Mode: G NACKLabel: H1 Block ID: 2, Msg No: D29D
Flight ID: AF7332 REG: F-GMZE


Message content:-
#DFB0000,0000/X5N000,N001,N002,0000,0000,0000/X61616,E0033,N462,018,043,0126,0794/X71616,E0033,N462,018,045,0102,0796,/
-------------------------------------------------------[2024-06-01 07:36:43.670]

SOURCE: AIR
RX_ID: 65, Freq: 131.725MHz
Mode: G NACKLabel: 26 Block ID: 3, Msg No: M39A
Flight ID: AF7332 REG: F-GMZE


Message content:-
0737LFPGAF7332/010742LFML31R
-------------------------------------------------------[2024-06-01 07:37:03.527]

SOURCE: AIR
RX_ID: 66, Freq: 131.725MHz
Mode: G NACKLabel: 2F Block ID: 4, Msg No: M40A
Flight ID: AF7332 REG: F-GMZE


Message content:-
0739+4339+530/0240
-------------------------------------------------------[2024-06-01 07:39:44.294]

SOURCE: AIR
RX_ID: 67, Freq: 131.725MHz
Mode: G NACKLabel: H1 Block ID: 1, Msg No: D80A
Flight ID: AF0931 REG: F-GSPO


Message content:-
#DFBOP FUELPROBES
 81 60 65 44 43  0 29  0  0  0  0  0  0  0  0  0  0  0  0  0
  0  0  0  0  0  0  0  0  0  0  0  0  0  0  0  0  0  0  0  0
 86 65 71 50 51  7 36  0  0  0  0  0  0  0  0  0  0  0  0  0

21L
-------------------------------------------------------[2024-06-01 07:42:30.404]

SOURCE: AIR
RX_ID: 68, Freq: 131.725MHz
Mode: G NACKLabel: H1 Block ID: 2, Msg No: D80B
Flight ID: AF0931 REG: F-GSPO


Message content:-
#DFB22L23L24L25L26L27L28L21R22R23R24R25R26R27R28R
  )  )  )  )  )  )  )  )  )  )  )  )  )  )  )  )
-------------------------------------------------------[2024-06-01 07:42:34.283]

SOURCE: AIR
RX_ID: 69, Freq: 131.725MHz
Mode: G NACKLabel: H1 Block ID: 3, Msg No: D81A
Flight ID: AF0931 REG: F-GSPO


Message content:-
#DFBOP DATAFUEL
0742 38001  2.25  0.2
 5200       0  6000 11200
 0.809 0.814  0.809
 37160         37080
TRUE   TRUE   
  -3
 200 786
-------------------------------------------------------[2024-06-01 07:42:39.218]

SOURCE: AIR
RX_ID: 70, Freq: 131.725MHz
Mode: G NACKLabel: 2F Block ID: 4, Msg No: M85A
Flight ID: AF0931 REG: F-GSPO


Message content:-
0746+4410+489/38108
DGAA/LFPG/38002/ +04/ -45/0.82/196445/185105/31.0/ETR-17 /MTL-16 / -91/   13
-------------------------------------------------------[2024-06-01 07:46:24.908]

SOURCE: AIR
RX_ID: 71, Freq: 131.725MHz
Mode: G NACKLabel: H1 Block ID: 5, Msg No: D82A
Flight ID: AF0931 REG: F-GSPO


Message content:-
#DFBOP FUELPROBES
 77 56 61 40 40  0 25  0  0  0  0  0  0  0  0  0  0  0  0  0
  0  0  0  0  0  0  0  0  0  0  0  0  0  0  0  0  0  0  0  0
 82 62 67 47 48  4 33  0  0  0  0  0  0  0  0  0  0  0  0  0

21L
-------------------------------------------------------[2024-06-01 07:52:29.450]

SOURCE: AIR
RX_ID: 72, Freq: 131.725MHz
Mode: G NACKLabel: H1 Block ID: 6, Msg No: D82B
Flight ID: AF0931 REG: F-GSPO


Message content:-
#DFB22L23L24L25L26L27L28L21R22R23R24R25R26R27R28R
  )  )  )  )  )  )  )  )  )  )  )  )  )  )  )  )
-------------------------------------------------------[2024-06-01 07:52:32.925]

SOURCE: AIR
RX_ID: 73, Freq: 131.725MHz
Mode: G NACKLabel: H1 Block ID: 7, Msg No: D83A
Flight ID: AF0931 REG: F-GSPO


Message content:-
#DFBOP DATAFUEL
0752 37999  2.34  0.3
 4700       0  5600 10300
 0.809 0.814  0.809
 38240         38200
TRUE   TRUE   
  -3
 200 786
-------------------------------------------------------[2024-06-01 07:52:38.447]

SOURCE: AIR
RX_ID: 74, Freq: 131.725MHz
Mode: G NACKLabel: 26 Block ID: 8, Msg No: M86A
Flight ID: AF0931 REG: F-GSPO


Message content:-
0753DGAAAF0931/01
0838LFPG26L 
-------------------------------------------------------[2024-06-01 07:53:30.894]

SOURCE: AIR
RX_ID: 75, Freq: 131.725MHz
Mode: G NACKLabel: H1 Block ID: 9, Msg No: O28A
Flight ID: AF0931 REG: F-GSPO


Message content:-
#10BSB007CA_B777-200ER 36F-GSPO  AFR931  DGAALFPG010624 075334  60ER
281773164BSM79949 00
07:53:3428 03 03
07:53:3428 05 03
-------------------------------------------------------[2024-06-01 07:54:11.453]

SOURCE: AIR
RX_ID: 76, Freq: 131.725MHz
Mode: G NACKLabel: H1 Block ID: 1, Msg No: D32C
Flight ID: AF7331 REG: F-GTAD


Message content:-
#DFB00/V217,10,320,042,02,02,00000/V3052,074,1,1,00080,00010,2221/V4051,075,1,1,00060,00010,2221/X115171,0150,099,036,0602/X215140,0145,100,036,0613/
-------------------------------------------------------[2024-06-01 08:07:37.928]

SOURCE: AIR
RX_ID: 77, Freq: 131.725MHz
Mode: G NACKLabel: H1 Block ID: 2, Msg No: C04A
Flight ID: AF7331 REG: F-GTAD


Message content:-
#CFBFLR/FR24060108060030310005SDAC2:NO DATA FROM      PHC2/IDECAM 2,ECAM 1
-------------------------------------------------------[2024-06-01 08:07:44.914]

SOURCE: AIR
RX_ID: 78, Freq: 131.825MHz
Mode: 2 NACKLabel: H1 Block ID: 9, Msg No: D13J
Flight ID: U226QV REG: G-EZIY


Message content:-
#DFB.5,0.5,0.1,0.1,0.0/
-------------------------------------------------------[2024-06-01 08:14:19.558]

SOURCE: AIR
RX_ID: 79, Freq: 131.825MHz
Mode: 2 NACKLabel: H1 Block ID: 1, Msg No: D14B
Flight ID: U226QV REG: G-EZIY


Message content:-
#DFB,06258,09,00/G10106,071623,007429,06258,01,11/H10043.094,0006.158,00490,070704,00001/I100073,071402,00068,071515,00281,071043
-------------------------------------------------------[2024-06-01 08:14:31.625]

SOURCE: AIR
RX_ID: 80, Freq: 131.725MHz
Mode: 2 NACKLabel: SA Block ID: 7, Msg No: S30A
Flight ID: AF6002 REG: F-GRHF


Message content:-
0EV081452V
-------------------------------------------------------[2024-06-01 08:14:55.799]

SOURCE: AIR
RX_ID: 81, Freq: 131.725MHz
Mode: 2 NACKLabel: 2F Block ID: 8, Msg No: M16A
Flight ID: AF6002 REG: F-GRHF


Message content:-
0815+4401+507/1237
-------------------------------------------------------[2024-06-01 08:15:14.635]

SOURCE: AIR
RX_ID: 82, Freq: 131.725MHz
Mode: X NACKLabel: H1 Block ID: 7, Msg No: F93A
Flight ID: TO51ER REG: F-HUYV


Message content:-
#M1BPRG/FNTVF51ER/DTLFTH,05O,55,084415,3042FF
-------------------------------------------------------[2024-06-01 08:15:15.660]

SOURCE: AIR
RX_ID: 83, Freq: 131.725MHz
Mode: X NACKLabel: 26 Block ID: 1, Msg No: M17A
Flight ID: AF6002 REG: F-GRHF


Message content:-
0816LFPOAF6002/010831LFML31R
-------------------------------------------------------[2024-06-01 08:16:02.179]

SOURCE: AIR
RX_ID: 84, Freq: 131.725MHz
Mode: X NACKLabel: H1 Block ID: 2, Msg No: D11A
Flight ID: AF6002 REG: F-GRHF


Message content:-
#DFBA01/A31901,1,1/CCF-GRHF,JUN01,075724,LFPO,LFML,0077/C106,18340,5000,43,0010,0,0100,43,X/CEN167,35000,269,793,5983,275,C43025/EC645937,00165,01105,00115,73,14/EE645936,00165,01296,00115,73/N10839,0840,0934,6
-------------------------------------------------------[2024-06-01 08:17:35.142]

SOURCE: AIR
RX_ID: 85, Freq: 131.725MHz
Mode: X NACKLabel: H1 Block ID: 3, Msg No: D11B
Flight ID: AF6002 REG: F-GRHF


Message content:-
#DFB125,1215,XXXXX/N20840,0840,0937,6165,1226,XXXXX/S1XXXXX,0721,1236,4348,XXXX,032,N00/S2XXXXX,0736,1253,4355,XXXX,031,001/T1099,100,022,38,096,05223,N016/T2099,100,014,41,073,05272,0006/V107,04,130,174,01,00,
-------------------------------------------------------[2024-06-01 08:17:38.618]

SOURCE: AIR
RX_ID: 86, Freq: 131.725MHz
Mode: X NACKLabel: H1 Block ID: 4, Msg No: D11C
Flight ID: AF6002 REG: F-GRHF


Message content:-
#DFB00000/V206,08,146,229,02,00,00000/V3XX,XX,XXX,XXX,XXXX/V4XX,XX,XXX,XXX,XXXX/V5XX,XX,XXX,XXX,XXXX/V6XX,XX,XXX,XXX,XXXX/V7040,087,00081,22222222222111/V8039,085,00061,22222222222111,/
-------------------------------------------------------[2024-06-01 08:17:42.531]

SOURCE: AIR
RX_ID: 87, Freq: 131.725MHz
Mode: G NACKLabel: 80 Block ID: 4, Msg No: M43A
Flight ID: AF7331 REG: F-GTAD


Message content:-
AF7331/DEST/LFPG
BJR
DEMANDONS NAVETTE POUR 
PNC CHANGEANT D AVION A
L ARRIVEE SVP
MERCI PAR AVANCE
-------------------------------------------------------[2024-06-01 08:17:57.892]

SOURCE: AIR
RX_ID: 88, Freq: 131.725MHz
Mode: X NACKLabel: H1 Block ID: 5, Msg No: D12A
Flight ID: AF6002 REG: F-GRHF


Message content:-
#DFBA02/A31902,1,1/CCF-GRHF,JUN01,075642,LFPO,LFML,0077/C106,18401,5000,43,0010,0,0100,43,X/CEN173,35000,268,790,5983,275,C43025/CNN170,35002,267,789,5980,275/EC645937,00165,01105,00115,73,24,13/EE645936,00165,
-------------------------------------------------------[2024-06-01 08:18:09.340]

SOURCE: AIR
RX_ID: 89, Freq: 131.725MHz
Mode: X NACKLabel: H1 Block ID: 6, Msg No: D12B
Flight ID: AF6002 REG: F-GRHF


Message content:-
#DFB01296,00115,73/N10839,0839,0934,6124,1214,XXXXX/N20839,0839,0937,6162,1224,XXXXX/S1XXXXX,0719,1236,4346,XXXX,032,N00/S2XXXXX,0734,1252,4352,XXXX,031,001/T1099,100,022,38,096,05225,N016/T2099,100,014,41,073,
-------------------------------------------------------[2024-06-01 08:18:13.032]

SOURCE: AIR
RX_ID: 90, Freq: 131.725MHz
Mode: X NACKLabel: H1 Block ID: 7, Msg No: D12C
Flight ID: AF6002 REG: F-GRHF


Message content:-
#DFB05273,0006/V107,04,130,176,01,00,00000/V206,08,146,230,02,00,00000/V3XX,XX,XXX,XXX,XXXX/V4XX,XX,XXX,XXX,XXXX/V5XX,XX,XXX,XXX,XXXX/V6XX,XX,XXX,XXX,XXXX/V7040,087,00081,22222222222111/V8039,085,00061,22222222
-------------------------------------------------------[2024-06-01 08:18:17.750]

SOURCE: AIR
RX_ID: 91, Freq: 131.725MHz
Mode: X NACKLabel: H1 Block ID: 8, Msg No: D12D
Flight ID: AF6002 REG: F-GRHF


Message content:-
#DFB222111/X101366,N004,0020,0000,00003,N007/X201565,0000,0020,0000,00002,N007/X3N000,0002,N009,N002,N011,N002,N000/X40000,N000,N000,0000,0000,0000/X50000,N000,0000,N002,0000,0000/X61491,E0037,N460,013,052,0133
-------------------------------------------------------[2024-06-01 08:18:21.846]

SOURCE: AIR
RX_ID: 92, Freq: 131.725MHz
Mode: X NACKLabel: H1 Block ID: 9, Msg No: D12E
Flight ID: AF6002 REG: F-GRHF


Message content:-
#DFB,0836/X71493,E0037,N460,011,053,0141,XXXX,/
-------------------------------------------------------[2024-06-01 08:18:26.565]

SOURCE: AIR
RX_ID: 93, Freq: 131.725MHz
Mode: X NACKLabel: 26 Block ID: 0, Msg No: M18A
Flight ID: AF6002 REG: F-GRHF


Message content:-
0820LFPOAF6002/010825LFML31R
-------------------------------------------------------[2024-06-01 08:20:18.183]

SOURCE: AIR
RX_ID: 94, Freq: 131.725MHz
Mode: G NACKLabel: 2F Block ID: 6, Msg No: M44A
Flight ID: AF7331 REG: F-GTAD


Message content:-
0821+4468+454/2946
-------------------------------------------------------[2024-06-01 08:21:44.380]

SOURCE: AIR
RX_ID: 95, Freq: 131.725MHz
Mode: G NACKLabel: 16 Block ID: 2, Msg No: M11A
Flight ID: XSMBU6 REG: 2-BBMB


Message content:-
084557,,0953, 158,N 42.732 E  6.324
-------------------------------------------------------[2024-06-01 08:46:00.121]

SOURCE: AIR
RX_ID: 96, Freq: 131.725MHz
Mode: E NACKLabel: SA Block ID: 8, Msg No: S05A
Flight ID: DG7295 REG: RPC7295


Message content:-
0EV090528V
-------------------------------------------------------[2024-06-01 09:05:29.176]

SOURCE: AIR
RX_ID: 97, Freq: 131.725MHz
Mode: E NACKLabel: 80 Block ID: 9, Msg No: M03A
Flight ID: DG7295 REG: RPC7295


Message content:-
3A01 OPSCTL 7295/01 LFBO/LCLK RPC7295
LCLK ETA 1354Z
-------------------------------------------------------[2024-06-01 09:05:32.651]

SOURCE: AIR
RX_ID: 98, Freq: 131.725MHz
Mode: X NACKLabel: 4H Block ID: 9, Msg No: M15A
Flight ID: DL0233 REG: N176DZ


Message content:-
01094H LIRN KJFK6
  
WPR RESET





-------------------------------------------------------[2024-06-01 09:11:49.270]

SOURCE: AIR
RX_ID: 99, Freq: 131.725MHz
Mode: X NACKLabel: H1 Block ID: 2, Msg No: F79A
Flight ID: DL0233 REG: N176DZ


Message content:-
#M1BREJPOS,091157,130,219,RF101,PNZ8764
-------------------------------------------------------[2024-06-01 09:12:02.393]

SOURCE: AIR
RX_ID: 100, Freq: 131.525MHz
Mode: T NACKLabel: 2Z Block ID: 4, Msg No: M44A
Flight ID: AF7304 REG: F-GMZC


Message content:-
LFMN
-------------------------------------------------------[2024-06-01 09:22:03.050]

SOURCE: AIR
RX_ID: 101, Freq: 131.725MHz
Mode: E NACKLabel: 4H Block ID: 5, Msg No: M42A
Flight ID: DL0025 REG: N845MH


Message content:-
01094H LFMN KATL6
  
WPR RESET





-------------------------------------------------------[2024-06-01 09:22:35.233]

SOURCE: AIR
RX_ID: 102, Freq: 131.525MHz
Mode: T NACKLabel: 2F Block ID: 5, Msg No: M45A
Flight ID: AF7304 REG: F-GMZC


Message content:-
0923+4435+521/3248
-------------------------------------------------------[2024-06-01 09:23:05.513]

SOURCE: AIR
RX_ID: 103, Freq: 131.525MHz
Mode: T NACKLabel: 26 Block ID: 0, Msg No: M46A
Flight ID: AF7304 REG: F-GMZC


Message content:-
0931LFPGAF7304/010946LFMN04L
-------------------------------------------------------[2024-06-01 09:31:04.137]

SOURCE: AIR
RX_ID: 104, Freq: 131.525MHz
Mode: T NACKLabel: B9 Block ID: 1, Msg No: L09A
Flight ID: AF7304 REG: F-GMZC


Message content:-
/LFMN.TI2/064LFMNA83AC
-------------------------------------------------------[2024-06-01 09:32:53.701]

SOURCE: AIR
RX_ID: 105, Freq: 131.725MHz
Mode: G NACKLabel: H1 Block ID: 1, Msg No: D26A
Flight ID: AF6005 REG: F-GRHF


Message content:-
#DFBA04/A31904,1,1/CCF-GRHF,JUN01,093855,LFML,LFPO,6005/C105,19839,4000,00,0000,0,0100,01,X/CE0190,01291,153,239,5807,274,C43025/EC645937,00166,01105,00116,23/EE645936,00166,01297,00116,23/N102,00,00,01,00,01,0
-------------------------------------------------------[2024-06-01 09:39:19.387]

SOURCE: AIR
RX_ID: 106, Freq: 131.725MHz
Mode: G NACKLabel: H1 Block ID: 3, Msg No: D26C
Flight ID: AF6005 REG: F-GRHF


Message content:-
#DFB00/V213,17,152,262,02,00,00000/V3047,079,1,1,00060,00010,2221/V4046,078,1,1,00080,00010,2221/X114796,0182,100,037,1298/X214734,0180,099,036,1305/
-------------------------------------------------------[2024-06-01 09:39:27.579]

SOURCE: AIR
RX_ID: 107, Freq: 131.725MHz
Mode: G NACKLabel: B9 Block ID: 5, Msg No: L04A
Flight ID: AF6005 REG: F-GRHF


Message content:-
/LFLL.TI2/064LFLLAD2FE
-------------------------------------------------------[2024-06-01 09:43:54.006]

SOURCE: AIR
RX_ID: 108, Freq: 131.725MHz
Mode: G NACKLabel: H1 Block ID: 5, Msg No: D72A
Flight ID: KL0119 REG: PH-BQB


Message content:-
#DFB(POS-KLM119  -4311N00531E/094411 F310
RMK/FUEL  83.3 M0.84)
-------------------------------------------------------[2024-06-01 09:44:14.303]

SOURCE: AIR
RX_ID: 109, Freq: 131.725MHz
Mode: G NACKLabel: B9 Block ID: 0, Msg No: M77A
Flight ID: TO58ZC REG: F-HUYV


Message content:-
/LFPO.TI2/040LFPOCF7AF
-------------------------------------------------------[2024-06-01 09:44:39.903]

SOURCE: AIR
RX_ID: 110, Freq: 131.725MHz
Mode: G NACKLabel: H1 Block ID: 3, Msg No: F96A
Flight ID: TO58ZC REG: F-HUYV


Message content:-
#M1BPRG/FNTVF58ZC/DTLFPO,25O,78,104804,30241B
-------------------------------------------------------[2024-06-01 09:46:28.451]

SOURCE: AIR
RX_ID: 111, Freq: 131.725MHz
Mode: G NACKLabel: H1 Block ID: 8, Msg No: D27A
Flight ID: AF6005 REG: F-GRHF


Message content:-
#DFBA31/A31931,1,1/C1F-GRHF,JUN01,093541,LFML,LFPO,6005/C202,00000,8100,46,0011,0,1100,46,X/C30225,00079,---,---,5820,274,C43025/C44342,XXXXX,00078,0225,---/4C0007,---,N0021,058204,---/C5XXXXX,0522,00082,0225,-
-------------------------------------------------------[2024-06-01 09:51:48.749]

SOURCE: AIR
RX_ID: 112, Freq: 131.725MHz
Mode: G NACKLabel: H1 Block ID: 9, Msg No: D27B
Flight ID: AF6005 REG: F-GRHF


Message content:-
#DFB--/5C0007,---,00041,058204,---/C64342,XXXXX,00086,0227,---/6C0003,---,00061,058277,---/C7XXXXX,0522,00098,0222,---/7C0003,---,00018,058295,---/C8XXXXX,XXXXX,00084,0207,---/8C0001,---,00000,058241,---/C9XXXX
-------------------------------------------------------[2024-06-01 09:51:52.219]

SOURCE: AIR
RX_ID: 113, Freq: 131.725MHz
Mode: G NACKLabel: H1 Block ID: 0, Msg No: D27C
Flight ID: AF6005 REG: F-GRHF


Message content:-
#DFBX,XXXXX,00083,0207,---/9C0001,---,00002,058241,---/C0XXXXX,XXXXX,00084,0212,---/0C0001,---,N0003,058241,---/E14342,0522,00092,0192,---/1E0000,095,N0006,058223,---/E24343,0521,00041,0192,343/2EN006,158,01710
-------------------------------------------------------[2024-06-01 09:51:55.694]

SOURCE: AIR
RX_ID: 114, Freq: 131.725MHz
Mode: G NACKLabel: H1 Block ID: 1, Msg No: D27D
Flight ID: AF6005 REG: F-GRHF


Message content:-
#DFB,058150,014/E34344,0519,00642,0167,325/3E0006,159,00447,058023,013/E44345,0518,01462,0145,312/4EN003,162,00245,057733,016/E54346,0517,02367,0120,336/5EN012,155,N0487,057787,017/E64347,0515,03126,0097,333/6E
-------------------------------------------------------[2024-06-01 09:51:59.204]

SOURCE: AIR
RX_ID: 115, Freq: 131.725MHz
Mode: G NACKLabel: H1 Block ID: 2, Msg No: D27E
Flight ID: AF6005 REG: F-GRHF


Message content:-
#DFB0000,154,N0212,057279,018/E74347,0514,03700,0077,330/7E0017,168,N0035,057969,018/E84348,0513,04258,0060,333/8EN003,177,00355,058277,018/E94350,0511,04827,0055,332/9EN014,183,N0175,058567,013/E04351,0509,053
-------------------------------------------------------[2024-06-01 09:52:02.861]

SOURCE: AIR
RX_ID: 116, Freq: 131.725MHz
Mode: G NACKLabel: H1 Block ID: 3, Msg No: D27F
Flight ID: AF6005 REG: F-GRHF


Message content:-
#DFB12,0065,354/0E0145,205,00802,058368,014/N14353,0508,05964,0062,340/1NN010,226,N0042,059166,014/N24354,0507,06742,0045,334/2N0003,243,00147,059075,015/N34357,0505,07844,0015,335/3N0002,245,00170,058676,015/N
-------------------------------------------------------[2024-06-01 09:52:06.774]

SOURCE: AIR
RX_ID: 117, Freq: 131.725MHz
Mode: G NACKLabel: H1 Block ID: 4, Msg No: D27G
Flight ID: AF6005 REG: F-GRHF


Message content:-
#DFB44359,0503,08973,N010,004/4N0001,239,N0473,058894,007/N54361,0502,09840,N022,300/5NN002,247,00194,058767,006/N64363,0500,10842,N042,226/6NN007,245,N0007,058731,005/N74366,0498,11843,N067,234/7N0000,247,0019
-------------------------------------------------------[2024-06-01 09:52:10.248]

SOURCE: AIR
RX_ID: 118, Freq: 131.725MHz
Mode: G NACKLabel: H1 Block ID: 5, Msg No: D27H
Flight ID: AF6005 REG: F-GRHF


Message content:-
#DFB1,058458,004/N84368,0497,12999,N095,232/8NN003,243,N0178,058676,006/N94371,0495,13965,N122,231/9NN006,246,00142,058640,005/N04373,0493,14998,N140,223/0NN002,241,N0513,058386,012/S14376,0491,15900,N165,230/1
-------------------------------------------------------[2024-06-01 09:52:14.344]

SOURCE: AIR
RX_ID: 119, Freq: 131.725MHz
Mode: G NACKLabel: H1 Block ID: 6, Msg No: D27I
Flight ID: AF6005 REG: F-GRHF


Message content:-
#DFBS0002,244,N0024,058585,016/S24378,0489,16761,N180,228/2SN009,245,N0515,058567,017/S3XXXXX,0487,17277,N197,232/3SN000,260,N0015,058549,019/S44384,0485,17773,N210,222/4SN005,268,00151,058277,019/S54387,0483,1
-------------------------------------------------------[2024-06-01 09:52:19.248]

SOURCE: AIR
RX_ID: 120, Freq: 131.725MHz
Mode: G NACKLabel: H1 Block ID: 7, Msg No: D27J
Flight ID: AF6005 REG: F-GRHF


Message content:-
#DFB8570,N230,224/5SN007,271,N0028,058495,018/S64390,0481,19491,N255,226/6SN000,269,N0148,058477,019/S74392,0479,20308,N277,229/7SN005,271,00206,058204,020/S84395,0476,21201,N302,234/8SN000,269,N0087,058422,022
-------------------------------------------------------[2024-06-01 09:52:23.780]

SOURCE: AIR
RX_ID: 121, Freq: 131.725MHz
Mode: G NACKLabel: H1 Block ID: 8, Msg No: D27K
Flight ID: AF6005 REG: F-GRHF


Message content:-
#DFB/S94398,0474,22007,N325,234/9S0200,270,00083,058404,019/S04402,0474,22799,N342,240/0S0002,267,N0358,058386,030/T14406,XXXXX,23456,N350,237/1TN006,268,N0161,058114,032/T24409,XXXXX,24044,N360,233/2T0000,268,
-------------------------------------------------------[2024-06-01 09:52:28.461]

SOURCE: AIR
RX_ID: 122, Freq: 131.725MHz
Mode: G NACKLabel: H1 Block ID: 9, Msg No: D27L
Flight ID: AF6005 REG: F-GRHF


Message content:-
#DFBN0382,058331,036/T34413,0472,24679,N367,235/3TN004,271,00072,058313,029/T44417,0472,25435,N377,237/4TN004,270,00039,058059,027/T54420,0472,26226,N385,246/5TN005,268,N0408,058277,025/T64424,XXXXX,26890,N400,
-------------------------------------------------------[2024-06-01 09:52:33.179]

SOURCE: AIR
RX_ID: 123, Freq: 131.725MHz
Mode: G NACKLabel: H1 Block ID: 4, Msg No: F97A
Flight ID: TO58ZC REG: F-HUYV


Message content:-
#M1BPRG/FNTVF58ZC/DTLFPO,25O,77,104543,2F98DE
-------------------------------------------------------[2024-06-01 09:53:21.930]

SOURCE: AIR
RX_ID: 124, Freq: 131.725MHz
Mode: G NACKLabel: 2F Block ID: 1, Msg No: M34A
Flight ID: AF6005 REG: F-GRHF


Message content:-
0953+4469+468/3240
-------------------------------------------------------[2024-06-01 09:53:28.477]

SOURCE: AIR
RX_ID: 125, Freq: 131.725MHz
Mode: G NACKLabel: 26 Block ID: 2, Msg No: M35A
Flight ID: AF6005 REG: F-GRHF


Message content:-
0954LFMLAF6005/011039LFPO25 
-------------------------------------------------------[2024-06-01 09:54:02.086]

SOURCE: AIR
RX_ID: 126, Freq: 131.725MHz
Mode: G NACKLabel: H1 Block ID: 5, Msg No: F98A
Flight ID: TO58ZC REG: F-HUYV


Message content:-
#M1BPRG/FNTVF58ZC/DTDTMB,07O,,133216,2E811F
-------------------------------------------------------[2024-06-01 09:58:17.067]

SOURCE: AIR
RX_ID: 127, Freq: 131.725MHz
Mode: G NACKLabel: H1 Block ID: 6, Msg No: F99A
Flight ID: TO58ZC REG: F-HUYV


Message content:-
#M1BPRG/FNTVF58ZC/DTDTMB,07O,,133216,30AECC
-------------------------------------------------------[2024-06-01 09:58:32.832]

SOURCE: AIR
RX_ID: 128, Freq: 131.725MHz
Mode: G NACKLabel: H1 Block ID: 7, Msg No: F01A
Flight ID: TO58ZC REG: F-HUYV


Message content:-
#M1BPRG/FNTVF58ZC/DTLFPO,25O,76,104547,2EF68F
-------------------------------------------------------[2024-06-01 09:58:48.191]

SOURCE: AIR
RX_ID: 129, Freq: 131.725MHz
Mode: E NACKLabel: B0 Block ID: 5, Msg No: L64A
Flight ID: KL0591 REG: PH-BQC


Message content:-
/DAAA.AFN/FMHKLM591,.PH-BQC,48436A,100320/FPON43413E005341,1/FCOADS,01/FCOATC,012EE2
-------------------------------------------------------[2024-06-01 10:03:23.248]

SOURCE: AIR
RX_ID: 130, Freq: 131.725MHz
Mode: E NACKLabel: B6 Block ID: 8, Msg No: F08A
Flight ID: KL0591 REG: PH-BQC


Message content:-
/ALGCAYA.ADS.PH-BQC0300071F0CF01FAD480E834A9D0D1EE0501FDF480E806E1EA8902013888B800E3F78EC400092C2
-------------------------------------------------------[2024-06-01 10:03:32.863]

SOURCE: AIR
RX_ID: 131, Freq: 131.725MHz
Mode: E ACK, A2GLabel: B6 Block ID: 8, Msg No: F08A
Flight ID: KL0591 REG: PH-BQC


Message content:-
/ALGCAYA.ADS.PH-BQC0300071F0CF01FAD480E834A9D0D1EE0501FDF480E806E1EA8902013888B800E3F78EC400092C2
-------------------------------------------------------[2024-06-01 10:03:35.716]

SOURCE: AIR
RX_ID: 132, Freq: 131.725MHz
Mode: E NACKLabel: B6 Block ID: 0, Msg No: F09A
Flight ID: KL0591 REG: PH-BQC


Message content:-
/ALGCAYA.ADS.PH-BQC03019AEC
-------------------------------------------------------[2024-06-01 10:03:47.820]

SOURCE: AIR
RX_ID: 133, Freq: 131.725MHz
Mode: E NACKLabel: B6 Block ID: 1, Msg No: F10A
Flight ID: KL0591 REG: PH-BQC


Message content:-
/ALGCAYA.ADS.PH-BQC141EDF981FE0880E85129D0D1EA8902013888B808A1E6C48204B888B80F4B1
-------------------------------------------------------[2024-06-01 10:05:26.931]

SOURCE: AIR
RX_ID: 134, Freq: 131.725MHz
Mode: E NACKLabel: H1 Block ID: 2, Msg No: D86A
Flight ID: KL0591 REG: PH-BQC


Message content:-
#DFB(POS-KLM591  -4323N00536E/100536 F330
RMK/FUEL  67.9 M0.82)
-------------------------------------------------------[2024-06-01 10:05:38.818]

SOURCE: AIR
RX_ID: 135, Freq: 131.825MHz
Mode: 2 NACKLabel: SA Block ID: 4, Msg No: S32A
Flight ID: AA0235 REG: N719AN


Message content:-
0EV100725VS
-------------------------------------------------------[2024-06-01 10:07:27.325]

SOURCE: AIR
RX_ID: 136, Freq: 131.725MHz
Mode: E NACKLabel: H1 Block ID: 5, Msg No: F11B
Flight ID: KL0591 REG: PH-BQC


Message content:-
#M1BSLI.USLOV.EDGUM.OPOLA.AMREN.KIBLO.USLOK.VOTUR.KISDU.OPGAM.USKAV.EBAKO.EMSAT.BAMAV.MBA.ILDIV.ENKAK.IKVOS.KAPNA.BUSIV.KIVDO.DURNA.VSA.EXIGO.EPNUL.APKUS.AVONI.EPMAG.NERIB.IMDIP.IMLAM.NEREX.ETLON.UTRAN.GADVI.TE
-------------------------------------------------------[2024-06-01 10:07:40.456]

SOURCE: AIR
RX_ID: 137, Freq: 131.725MHz
Mode: E NACKLabel: H1 Block ID: 6, Msg No: F11C
Flight ID: KL0591 REG: PH-BQC


Message content:-
#M1BXES.UTVEX.EXIMI.APMET.RUDAS.ORKAN.AVAGO/DQ390357B
-------------------------------------------------------[2024-06-01 10:07:44.369]

SOURCE: AIR
RX_ID: 138, Freq: 131.725MHz
Mode: E NACKLabel: B6 Block ID: 7, Msg No: F12A
Flight ID: KL0591 REG: PH-BQC


Message content:-
/ALGCAYA.ADS.PH-BQC141EA7F82013C83287429D0D1E6C48204B888B80981DA3B82101488B80F020
-------------------------------------------------------[2024-06-01 10:07:49.271]

SOURCE: AIR
RX_ID: 139, Freq: 131.725MHz
Mode: E NACKLabel: H1 Block ID: 9, Msg No: F13A
Flight ID: KL0591 REG: PH-BQC


Message content:-
#M1BPOSN43055E005384,DIV-16,100753,337,JUS-17,101017,FIR-18,M45,24740,1484/TS100753,010624/RP:DA:EHAM:AA:FAOR:LO:R0:R:09O:F:JUSQO85-336..FIRRA85-244..SUXER85-51..KAMER.UM998..CSO.UA605..DJA.UB730..DIR.UM731..RU
-------------------------------------------------------[2024-06-01 10:07:56.439]

SOURCE: AIR
RX_ID: 140, Freq: 131.725MHz
Mode: E NACKLabel: H1 Block ID: 0, Msg No: F13B
Flight ID: KL0591 REG: PH-BQC


Message content:-
#M1BDAS.UG853..ORKAN/PR5605,262,350,1484,,159,20,,,30,P21,P0,,,,,,,M37/DTFAOR,,205,190638,6878
-------------------------------------------------------[2024-06-01 10:08:00.315]

SOURCE: AIR
RX_ID: 141, Freq: 131.725MHz
Mode: 2 NACKLabel: 15 Block ID: 4, Msg No: M94A
Flight ID: XA0001 REG: 9HXOA


Message content:-
(2N43590E  7147--- 14430-45(Z
-------------------------------------------------------[2024-06-01 10:12:38.885]

SOURCE: AIR
RX_ID: 142, Freq: 131.725MHz
Mode: 2 NACKLabel: 18 Block ID: 9, Msg No: M99A
Flight ID: XA0001 REG: 9HXOA


Message content:-
(2/EYA
-------------------------------------------------------[2024-06-01 10:13:42.809]

SOURCE: AIR
RX_ID: 143, Freq: 131.825MHz
Mode: 2 NACKLabel: H1 Block ID: 4, Msg No: D54A
Flight ID: NW0113 REG: N826NW


Message content:-
#DFB239079700301010098038
R39/A33039,1,1
239N826NW113 060124101551809 4379   710339-17-46237 32AB0510107440
 282 466-0013033500B020)LIRFKBOS
-------------------------------------------------------[2024-06-01 10:16:03.649]

SOURCE: AIR
RX_ID: 144, Freq: 131.825MHz
Mode: 2 NACKLabel: 44 Block ID: 1, Msg No: M35A
Flight ID: GS0657 REG: DAEOT


Message content:-
00POS03,N44403E005465,390,ESSB,LEIB,0601,1018,1131,005.0
-------------------------------------------------------[2024-06-01 10:18:19.446]

SOURCE: AIR
RX_ID: 145, Freq: 131.725MHz
Mode: 2 NACKLabel: 15 Block ID: 3, Msg No: M14A
Flight ID: XA0001 REG: 9HXOA


Message content:-
(2N43206E  5463---  9430-46(Z
-------------------------------------------------------[2024-06-01 10:23:17.280]

SOURCE: AIR
RX_ID: 146, Freq: 131.725MHz
Mode: X NACKLabel: H1 Block ID: 7, Msg No: D62A
Flight ID: DL0024 REG: N840MH


Message content:-
#DFB239N1816 0024060124102755812 4469   474341-13-44248  6XX-223 22120
 282 4830016113250030/9WKATLLFMN
-------------------------------------------------------[2024-06-01 10:28:05.433]

SOURCE: AIR
RX_ID: 147, Freq: 131.725MHz
Mode: X NACKLabel: B9 Block ID: 8, Msg No: L23A
Flight ID: DL0024 REG: N840MH


Message content:-
/LFMN.TI2/024LFMNC6228
-------------------------------------------------------[2024-06-01 10:32:15.728]

SOURCE: AIR
RX_ID: 148, Freq: 131.725MHz
Mode: G NACKLabel: SA Block ID: 2, Msg No: S36A
Flight ID: DL0024 REG: N840MH


Message content:-
0EV103247VS
-------------------------------------------------------[2024-06-01 10:32:50.322]

SOURCE: AIR
RX_ID: 149, Freq: 131.725MHz
Mode: G NACKLabel: SA Block ID: 2, Msg No: S36A
Flight ID: DL0024 REG: N840MH


Message content:-
0EV103247VS
-------------------------------------------------------[2024-06-01 10:32:57.930]

SOURCE: AIR
RX_ID: 150, Freq: 131.825MHz
Mode: 2 NACKLabel: B9 Block ID: 7, Msg No: M77A
Flight ID: NW0113 REG: N826NW


Message content:-
/KBOS.TI2/040KBOSA5384
-------------------------------------------------------[2024-06-01 10:35:07.513]

SOURCE: AIR
RX_ID: 151, Freq: 131.725MHz
Mode: G NACKLabel: H1 Block ID: 3, Msg No: D63A
Flight ID: DL0024 REG: N840MH


Message content:-
#DFBENGINE BLEED REPORT

AID:N1816  DA:01/06    GMT:10:37    FNO:2569      ISFC: 3850
TAT: -48  SAT:-230   ALT: 19156   MACH:0604    FCNT: 2796
GW:309000  FLT:0024-1  MODE:DESC    SID:AK-67-223
S/N L:70624
-------------------------------------------------------[2024-06-01 10:37:43.009]

SOURCE: AIR
RX_ID: 152, Freq: 131.725MHz
Mode: G NACKLabel: H1 Block ID: 4, Msg No: D63B
Flight ID: DL0024 REG: N840MH


Message content:-
#DFB5         DEPART:KATL    DESTIN:LFMN
S/N R:707000

               ENG L     ENG R
HPSOV          OPN       OPN
PRV            OPN       OPN
PRSOV          OPN       OPN
FAV %            -288     -116
-------------------------------------------------------[2024-06-01 10:37:47.721]

SOURCE: AIR
RX_ID: 153, Freq: 131.725MHz
Mode: G NACKLabel: H1 Block ID: 5, Msg No: D63C
Flight ID: DL0024 REG: N840MH


Message content:-
#DFB
N1 SPD          3788     3800
HI STG PRESS    3900     4050
INTERM PRESS1    2911     3098
INTERM PRESS2    2813     3000
STRUT OVHT     NRML      NRML
DUCT PRESS       2675     2825
P-COOL TEMP    
-------------------------------------------------------[2024-06-01 10:37:51.199]

SOURCE: AIR
RX_ID: 154, Freq: 131.725MHz
Mode: G NACKLabel: H1 Block ID: 6, Msg No: D63D
Flight ID: DL0024 REG: N840MH


Message content:-
#DFB32313    33513
PACK HX TEMP    28603    30397
PACK FLOW        7602    12284
WING ANTI ICE  OFF
LT  ISO VLV    CLS
RT  ISO VLV    CLS
CTR ISO VLV    OPN

TRIGGER CODE   0000

STATUS WORDS  DW1  DW
-------------------------------------------------------[2024-06-01 10:37:55.475]

SOURCE: AIR
RX_ID: 155, Freq: 131.725MHz
Mode: G NACKLabel: H1 Block ID: 7, Msg No: D63E
Flight ID: DL0024 REG: N840MH


Message content:-
#DFB2  DW3  DW4  DW5  DW6  DW7  DW8  EICAS
LEFT          0000 0001 0000 0000 0000 0000 1040 0000 0000
RIGHT         0000 0001 0000 0000 0000 0000 1040 0000 0000

-------------------------------------------------------[2024-06-01 10:38:01.438]

SOURCE: AIR
RX_ID: 156, Freq: 131.725MHz
Mode: G NACKLabel: H1 Block ID: 9, Msg No: D03A
Flight ID: SN03DY REG: OO-SFC


Message content:-
#DFB001285500101010734099
R01/A33001,1,1
C1,.OO-SFC,24JUN01,11.15.14,EBBR,FKKD,BEL3DY    ,4000,227
C2,004,06.0,000000,D1333RR06C02BEL,000,052,052
C3,-14.8,34976,0.803,111,1.00,111,10,0,01,111,1.05,X
C4,-14
-------------------------------------------------------[2024-06-01 11:15:41.219]

SOURCE: AIR
RX_ID: 157, Freq: 131.725MHz
Mode: G NACKLabel: H1 Block ID: 0, Msg No: D03B
Flight ID: SN03DY REG: OO-SFC


Message content:-
#DFB.5,34976,0.802,111
C5,041205,08596,05344,01774,00443,10015,00000,00402,06066,---
C6,041196,05806,33835,01212,00443,10015,00000,00402,16066
N1,1.443,1.442,079.58,088.0,089.3,0665,07.697,03234,08.87
N2,1.
-------------------------------------------------------[2024-06-01 11:15:44.693]

SOURCE: AIR
RX_ID: 158, Freq: 131.725MHz
Mode: G NACKLabel: H1 Block ID: 1, Msg No: D03C
Flight ID: SN03DY REG: OO-SFC


Message content:-
#DFB443,1.442,079.28,087.8,089.3,0660,07.652,03105,08.84
S1,05.28,-14.5,036.6,200.0,154.6,480.2,08.8,057.9,028.8,30,142
S2,05.28,-14.5,036.5,199.7,153.1,478.2,09.1,057.6,026.2,27,135
T1,077,097,114.0,-03.3,0
-------------------------------------------------------[2024-06-01 11:16:00.675]

SOURCE: AIR
RX_ID: 159, Freq: 131.725MHz
Mode: G NACKLabel: H1 Block ID: 2, Msg No: D03D
Flight ID: SN03DY REG: OO-SFC


Message content:-
#DFB46.5,0.16,0.10,0.09,127,0.24,009.4
T2,082,102,111.9,008.9,046.3,0.18,0.18,0.21,313,0.34,009.4
V1,0443,0376
V2,0450,0376
NO STABLE FRAME CONDITION   :

-------------------------------------------------------[2024-06-01 11:16:03.966]

SOURCE: AIR
RX_ID: 160, Freq: 131.725MHz
Mode: G NACKLabel: 16 Block ID: 3, Msg No: M16A
Flight ID: SN03DY REG: OO-SFC


Message content:-
01JUN24,1117,N 44.346,E  5.444,34979,1641,95040
-------------------------------------------------------[2024-06-01 11:17:42.272]

SOURCE: AIR
RX_ID: 161, Freq: 131.825MHz
Mode: 2 NACKLabel: 16 Block ID: 6, Msg No: M28A
Flight ID: XA4520 REG: 10273


Message content:-
114948,39993,1335,  23,N 42.967 E  6.373
-------------------------------------------------------[2024-06-01 11:49:50.182]

SOURCE: AIR
RX_ID: 162, Freq: 131.725MHz
Mode: G NACKLabel: H1 Block ID: 5, Msg No: D36C
Flight ID: UU9903 REG: F-OLRB


Message content:-
#DFB
1826 7736  8276  8232  5459
06630346008509160698034200820923
05980755013011580627074901291216
29442957  12  06
28522835  17  07
20002000200020002000  99  751 1486 1177
20002000200020002000 111  751 1
-------------------------------------------------------[2024-06-01 12:03:51.191]

SOURCE: AIR
RX_ID: 163, Freq: 131.725MHz
Mode: G NACKLabel: H1 Block ID: 7, Msg No: D36D
Flight ID: UU9903 REG: F-OLRB


Message content:-
#DFB490 1182
 157  737  736  4931  3681 100   84   76
 156  751  751  5013  3641 100   70   81
   710   690   1 3168 342 228 1109
   690   700   1 3178 334 228 1112
 728 59120306
  8768  8768  8768  8768 
-------------------------------------------------------[2024-06-01 12:03:58.182]

SOURCE: AIR
RX_ID: 164, Freq: 131.725MHz
Mode: G NACKLabel: H1 Block ID: 8, Msg No: D36E
Flight ID: UU9903 REG: F-OLRB


Message content:-
#DFB 8768  8768  8768  8768
-------------------------------------------------------[2024-06-01 12:04:01.254]

SOURCE: AIR
RX_ID: 165, Freq: 131.725MHz
Mode: G NACKLabel: 49 Block ID: 9, Msg No: M36A
Flight ID: UU9903 REG: F-OLRB


Message content:-
01ICCL   REU9903/011204LFMIHDAM
+ 2567225.6+ 20.6
-------------------------------------------------------[2024-06-01 12:04:28.906]

SOURCE: AIR
RX_ID: 166, Freq: 131.525MHz
Mode: T NACKLabel: 2Z Block ID: 7, Msg No: M82A
Flight ID: AF7344 REG: F-GMZE


Message content:-
LFML
-------------------------------------------------------[2024-06-01 12:31:03.738]

SOURCE: AIR
RX_ID: 167, Freq: 131.525MHz
Mode: T NACKLabel: 80 Block ID: 8, Msg No: M83A
Flight ID: AF7344 REG: F-GMZE


Message content:-
AF7344/DEPT/LFPG
BIENSUR QUE SI ILS ONT
PREVENU L AGENT SOL EN
DONNANT LES SEQ.
DONNANT LES SEQ ET VIA
TA360 A 12H09...
-------------------------------------------------------[2024-06-01 12:32:02.118]

SOURCE: AIR
RX_ID: 168, Freq: 131.525MHz
Mode: T NACKLabel: 80 Block ID: 9, Msg No: M84A
Flight ID: AF7344 REG: F-GMZE


Message content:-
AF7344/DEPT/LFPG
UN ASR SERA REDIGE
-------------------------------------------------------[2024-06-01 12:33:25.068]

SOURCE: AIR
RX_ID: 169, Freq: 131.525MHz
Mode: T NACKLabel: 2F Block ID: 0, Msg No: M85A
Flight ID: AF7344 REG: F-GMZE


Message content:-
1233+4452+472/2942
-------------------------------------------------------[2024-06-01 12:33:42.660]

SOURCE: AIR
RX_ID: 170, Freq: 131.525MHz
Mode: T NACKLabel: 26 Block ID: 1, Msg No: M86A
Flight ID: AF7344 REG: F-GMZE


Message content:-
1236LFPGAF7344/011249LFML31R
-------------------------------------------------------[2024-06-01 12:36:28.786]

SOURCE: AIR
RX_ID: 171, Freq: 131.725MHz
Mode: G NACKLabel: H1 Block ID: 4, Msg No: D59A
Flight ID: AF7344 REG: F-GMZE


Message content:-
#DFBA01/A32101,1,1/CCF-GMZE,JUN01,121451,LFPG,LFML,7344/C106,47539,5000,53,0010,0,0100,62,X/CEN252,32999,258,734,6929,289,C53015/EC643526,00391,02450,00365,73,16/EE577159,00391,06600,00365,73/N10839,0839,0925,5
-------------------------------------------------------[2024-06-01 12:41:58.389]

SOURCE: AIR
RX_ID: 172, Freq: 131.725MHz
Mode: G NACKLabel: H1 Block ID: 5, Msg No: D59B
Flight ID: AF7344 REG: F-GMZE


Message content:-
#DFB958,1294,XXXXX/N20839,0839,0924,5934,1286,XXXXX/S1XXXXX,0610,1314,4123,XXXX,023,N00/S2XXXXX,0626,1313,4170,XXXX,028,N00/T1099,100,022,41,076,05501,0078/T2099,100,017,37,074,05497,0043/V1041,083,007,007,322,
-------------------------------------------------------[2024-06-01 12:42:02.083]

SOURCE: AIR
RX_ID: 173, Freq: 131.725MHz
Mode: G NACKLabel: H1 Block ID: 6, Msg No: D59C
Flight ID: AF7344 REG: F-GMZE


Message content:-
#DFB00008,00081/V2042,081,009,008,095,00008,00081,/
-------------------------------------------------------[2024-06-01 12:42:05.378]

SOURCE: AIR
RX_ID: 174, Freq: 131.725MHz
Mode: G NACKLabel: H1 Block ID: 7, Msg No: D60A
Flight ID: AF7344 REG: F-GMZE


Message content:-
#DFBA02/A32102,1,1/CCF-GMZE,JUN01,122213,LFPG,LFML,7344/C106,47601,5000,53,0010,0,0100,62,X/CEN209,32997,259,734,6900,290,C53015/CNN209,33029,259,736,6900,290/EC643526,00391,02450,00365,73,47,35/EE577159,00391,
-------------------------------------------------------[2024-06-01 12:42:32.804]

SOURCE: AIR
RX_ID: 175, Freq: 131.725MHz
Mode: G NACKLabel: H1 Block ID: 8, Msg No: D60B
Flight ID: AF7344 REG: F-GMZE


Message content:-
#DFB06600,00365,73/N10850,0850,0934,6157,1330,XXXXX/N20850,0850,0934,6140,1322,XXXXX/S1XXXXX,0681,1324,4266,XXXX,023,N00/S2XXXXX,0697,1324,4316,XXXX,028,N00/T1099,100,022,42,076,05497,0078/T2099,099,018,38,074,
-------------------------------------------------------[2024-06-01 12:42:36.500]

SOURCE: AIR
RX_ID: 176, Freq: 131.725MHz
Mode: G NACKLabel: H1 Block ID: 9, Msg No: D60C
Flight ID: AF7344 REG: F-GMZE


Message content:-
#DFB05493,0043/V1042,081,006,006,319,00008,00081/V2042,078,010,008,089,00008,00081/X102295,0000,0024,N000,00001,N018/X202374,0000,0025,N000,00000,N017/X3N000,0009,N006,N008,N003,N000,N000/X4N002,N003,N003,N002,
-------------------------------------------------------[2024-06-01 12:42:40.193]

SOURCE: AIR
RX_ID: 177, Freq: 131.725MHz
Mode: G NACKLabel: H1 Block ID: 0, Msg No: D60D
Flight ID: AF7344 REG: F-GMZE


Message content:-
#DFB0000,0000/X5N000,N001,N002,0000,0000,0000/X61466,E0037,N457,020,058,0116,0792/X71466,E0037,N457,020,069,0088,0794,/
-------------------------------------------------------[2024-06-01 12:42:43.664]

SOURCE: AIR
RX_ID: 178, Freq: 131.725MHz
Mode: G NACKLabel: 26 Block ID: 1, Msg No: M87A
Flight ID: AF7344 REG: F-GMZE


Message content:-
1244LFPGAF7344/011249LFML31R
-------------------------------------------------------[2024-06-01 12:44:03.146]

SOURCE: AIR
RX_ID: 179, Freq: 131.725MHz
Mode: 2 NACKLabel: 15 Block ID: 9, Msg No: M08A
Flight ID: GS0001 REG: CSDXM


Message content:-
(2N44106E  5172--- 12273-38(Z
-------------------------------------------------------[2024-06-01 12:48:30.852]

SOURCE: AIR
RX_ID: 180, Freq: 131.825MHz
Mode: 2 NACKLabel: B9 Block ID: 2, Msg No: J67A
Flight ID: VS412W REG: G-VRAY


Message content:-
/EGLL.TI2/000EGLLAABB2
-------------------------------------------------------[2024-06-01 12:51:38.230]

SOURCE: AIR
RX_ID: 181, Freq: 131.825MHz
Mode: 2 NACKLabel: 83 Block ID: 7, Msg No: M14A
Flight ID: GS0001 REG: CSCHL


Message content:-
001PR01125153N4353.8E00525.62673910022
-------------------------------------------------------[2024-06-01 12:51:56.255]

SOURCE: AIR
RX_ID: 182, Freq: 131.825MHz
Mode: 2 NACKLabel: H1 Block ID: 7, Msg No: C10A
Flight ID: EC38VQ REG: OE-LKM


Message content:-
#CFBWRN/WN24060112520046200006DATALINK ATC FAULT      
-------------------------------------------------------[2024-06-01 12:53:03.623]

SOURCE: AIR
RX_ID: 183, Freq: 131.825MHz
Mode: 2 NACKLabel: H1 Block ID: 8, Msg No: C11A
Flight ID: EC38VQ REG: OE-LKM


Message content:-
#CFBWRN/WN24060112520046200006DATALINK COMPANY FAULT  
-------------------------------------------------------[2024-06-01 12:53:09.774]

SOURCE: AIR
RX_ID: 184, Freq: 131.825MHz
Mode: 2 NACKLabel: 1D Block ID: 5, Msg No: M26A
Flight ID: VS412W REG: G-VRAY


Message content:-
EGLL
HI. WE ARE ARRIVING INTO
LHR WITH A SICK PAX.
MEDLINK HAVE BEEN INFORM
ED AND CO-ORDINATING
MEDICAL ASSISTANCE WE
BELIEVE. CAN YOU PLS
ENSURE WE HAVE A FREE
GATE 1414Z
-------------------------------------------------------[2024-06-01 13:00:07.996]

SOURCE: AIR
RX_ID: 185, Freq: 131.825MHz
Mode: 2 NACKLabel: 31 Block ID: 7, Msg No: M27A
Flight ID: VS412W REG: G-VRAY


Message content:-
N 45.032,E  4.663
37991,105,DNMM,0106
-------------------------------------------------------[2024-06-01 13:03:16.857]

SOURCE: AIR
RX_ID: 186, Freq: 131.825MHz
Mode: 2 NACKLabel: 30 Block ID: 8, Msg No: M28A
Flight ID: VS412W REG: G-VRAY


Message content:-
N 45.160,E  4.637,
-------------------------------------------------------[2024-06-01 13:04:13.763]

SOURCE: AIR
RX_ID: 187, Freq: 131.825MHz
Mode: 2 NACKLabel: B1 Block ID: 3, Msg No: L22A
Flight ID: AC0893 REG: C-FNNQ


Message content:-
/EGGX.OC1/RCL 046
ACA893-RIVAK/1418 M084F340
-RMK/MAX FL35083B4
-------------------------------------------------------[2024-06-01 13:04:17.865]

SOURCE: AIR
RX_ID: 188, Freq: 131.825MHz
Mode: 2 NACKLabel: B1 Block ID: 5, Msg No: L23A
Flight ID: AC0893 REG: C-FNNQ


Message content:-
/EGGX.OC1/RCL 046
ACA893-SIVIR/1422 M084F340
-RMK/MAX FL350966A
-------------------------------------------------------[2024-06-01 13:06:26.299]

SOURCE: AIR
RX_ID: 189, Freq: 131.825MHz
Mode: 2 NACKLabel: 4T Block ID: 8, Msg No: M46A
Flight ID: AC0893 REG: C-FNNQ


Message content:-
AGFSR AC0893/01/01/FCOYUL/1309Z/745/4426.9N00448.1E/320/CRUISE/0618/0115/M41/246004/0308/---/501/1121/1217/----/----
-------------------------------------------------------[2024-06-01 13:09:03.377]

SOURCE: AIR
RX_ID: 190, Freq: 131.825MHz
Mode: 2 NACKLabel: 2T Block ID: 5, Msg No: M95A
Flight ID: AF7465 REG: F-GMZD


Message content:-
4
-------------------------------------------------------[2024-06-01 13:14:24.513]

SOURCE: AIR
RX_ID: 191, Freq: 131.825MHz
Mode: 2 NACKLabel: H1 Block ID: 8, Msg No: D76A
Flight ID: AF7465 REG: F-GMZD


Message content:-
#DFBA31/A32131,1,1/C1F-GMZD,JUN01,130425,LFMT,LFPG,0044/C202,00000,8100,00,0011,0,1000,00,X/C30242,N0007,---,---,6760,245,C51020/C4XXXXX,XXXXX,N0006,0242,---/4CN001,---,N0036,067603,---/C5XXXXX,XXXXX,N0011,0232
-------------------------------------------------------[2024-06-01 13:19:18.183]

SOURCE: AIR
RX_ID: 192, Freq: 131.825MHz
Mode: 2 NACKLabel: H1 Block ID: 9, Msg No: D76B
Flight ID: AF7465 REG: F-GMZD


Message content:-
#DFB,---/5CN003,---,N0013,067585,---/C6XXXXX,XXXXX,N0004,0230,---/6CN001,038,00073,067585,---/C74357,0397,00014,0212,309/7CN001,125,00002,067585,010/C84358,0395,00225,0210,007/8C0014,160,N0311,067621,009/C94359
-------------------------------------------------------[2024-06-01 13:19:25.753]

SOURCE: AIR
RX_ID: 193, Freq: 131.825MHz
Mode: 2 NACKLabel: H1 Block ID: 0, Msg No: D76C
Flight ID: AF7465 REG: F-GMZD


Message content:-
#DFB,0394,01068,0192,303/9C0136,158,N0142,XXXXXX,002/C04360,XXXXX,01941,0165,290/0C0208,162,N0120,067458,009/E14361,0395,02715,0142,345/1E0037,173,N0095,067440,009/E24362,0397,02946,0127,326/2E0004,208,N0129,06
-------------------------------------------------------[2024-06-01 13:19:32.738]

SOURCE: AIR
RX_ID: 194, Freq: 131.825MHz
Mode: 2 NACKLabel: 2F Block ID: 1, Msg No: M96A
Flight ID: AF7465 REG: F-GMZD


Message content:-
1319+4485+455/2944
-------------------------------------------------------[2024-06-01 13:19:39.286]

SOURCE: AIR
RX_ID: 195, Freq: 131.825MHz
Mode: 2 NACKLabel: H1 Block ID: 2, Msg No: D76D
Flight ID: AF7465 REG: F-GMZD


Message content:-
#DFB7367,014/E34364,0399,03032,0125,343/3E0004,239,01132,067385,014/E44365,0402,03802,0107,327/4E0009,243,N0537,067367,012/E54367,0405,04668,0080,307/5EN004,249,00076,067349,012/E64368,0408,05712,0052,318/6E000
-------------------------------------------------------[2024-06-01 13:19:46.050]

SOURCE: AIR
RX_ID: 196, Freq: 131.825MHz
Mode: 2 NACKLabel: H1 Block ID: 3, Msg No: D76E
Flight ID: AF7465 REG: F-GMZD


Message content:-
#DFB1,252,00124,XXXXXX,013/E74369,0410,06864,0027,321/7E0000,248,N0329,067313,012/E84371,0413,07826,0000,312/8E0000,250,00169,067294,013/E94373,0416,08857,N025,327/9EN008,251,00255,067258,012/E04374,0419,09921,
-------------------------------------------------------[2024-06-01 13:19:51.758]

SOURCE: AIR
RX_ID: 197, Freq: 131.825MHz
Mode: 2 NACKLabel: H1 Block ID: 4, Msg No: D76F
Flight ID: AF7465 REG: F-GMZD


Message content:-
#DFBN032,337/0EN005,248,N0292,067240,011/N14375,0422,10878,N052,357/1NN150,250,N0081,067222,010/N24378,0424,11792,N077,332/2NN050,248,N0062,067186,009/N34380,0426,12660,N095,349/3NN008,249,00026,XXXXXX,006/N443
-------------------------------------------------------[2024-06-01 13:19:57.717]

SOURCE: AIR
RX_ID: 198, Freq: 131.825MHz
Mode: 2 NACKLabel: H1 Block ID: 6, Msg No: D76H
Flight ID: AF7465 REG: F-GMZD


Message content:-
#DFB67040,004/N84393,XXXXX,16893,N195,349/8NN003,250,00001,067004,005/N94396,XXXXX,17655,N217,351/9NN007,251,N0557,066986,005/N04399,0434,17999,N230,000/0NN005,265,N0021,XXXXXX,004/S14402,0435,18289,N237,356/1S
-------------------------------------------------------[2024-06-01 13:20:10.189]

SOURCE: AIR
RX_ID: 199, Freq: 131.825MHz
Mode: 2 NACKLabel: H1 Block ID: 7, Msg No: D76I
Flight ID: AF7465 REG: F-GMZD


Message content:-
#DFBN006,279,N0009,066913,005/S24406,0436,18620,N242,356/2SN003,288,00192,066895,004/S34409,0436,19218,N255,348/3SN007,291,00106,066859,004/S44412,0437,19883,N272,079/4SN007,290,00008,066841,001/S54416,0438,205
-------------------------------------------------------[2024-06-01 13:20:16.552]

SOURCE: AIR
RX_ID: 200, Freq: 131.825MHz
Mode: 2 NACKLabel: H1 Block ID: 8, Msg No: D76J
Flight ID: AF7465 REG: F-GMZD


Message content:-
#DFB28,N287,079/5SN007,291,00006,066805,004/S64419,0439,21212,N307,089/6SN010,291,N0034,066786,007/S74423,0440,21890,N327,091/7SN008,290,N0076,XXXXXX,011/S84426,0441,22576,N342,082/8SN008,291,N0065,066714,015/S
-------------------------------------------------------[2024-06-01 13:20:22.696]

SOURCE: AIR
RX_ID: 201, Freq: 131.825MHz
Mode: 2 NACKLabel: H1 Block ID: 9, Msg No: D76K
Flight ID: AF7465 REG: F-GMZD


Message content:-
#DFB94430,0442,23184,N355,091/9SN005,289,00056,066696,012/S04434,0442,23699,N365,090/0SN004,291,00073,066659,013/T14437,0443,24276,N372,093/1TN005,290,N0322,066641,014/T24441,0444,24761,N375,092/2TN009,290,0025
-------------------------------------------------------[2024-06-01 13:20:32.130]

SOURCE: AIR
RX_ID: 202, Freq: 131.825MHz
Mode: 2 NACKLabel: H1 Block ID: 0, Msg No: D76L
Flight ID: AF7465 REG: F-GMZD


Message content:-
#DFB1,066623,013/T34445,0445,25287,N377,078/3TN004,291,N0040,066587,011/T44449,0446,25740,N385,098/4TN004,289,00050,XXXXXX,012/T54453,0447,26048,N385,119/5TN005,290,N0003,066532,014/T64457,0448,26362,N387,117/6
-------------------------------------------------------[2024-06-01 13:20:38.676]

SOURCE: AIR
RX_ID: 203, Freq: 131.825MHz
Mode: 2 NACKLabel: H1 Block ID: 1, Msg No: D76M
Flight ID: AF7465 REG: F-GMZD


Message content:-
#DFBTN009,293,00484,066514,014/T74460,0449,26986,N387,101/7TN008,291,00064,066496,012/T84464,0450,27452,N387,106/8TN006,289,00057,066460,015/T94469,0451,27653,N387,110/9TN008,293,N0021,066442,020,/
-------------------------------------------------------[2024-06-01 13:20:45.224]

SOURCE: AIR
RX_ID: 204, Freq: 131.825MHz
Mode: 2 NACKLabel: H1 Block ID: 1, Msg No: D76M
Flight ID: AF7465 REG: F-GMZD


Message content:-
#DFBTN009,293,00484,066514,014/T74460,0449,26986,N387,101/7TN008,291,00064,066496,012/T84464,0450,27452,N387,106/8TN006,289,00057,066460,015/T94469,0451,27653,N387,110/9TN008,293,N0021,066442,020,/
-------------------------------------------------------[2024-06-01 13:21:10.019]

SOURCE: AIR
RX_ID: 205, Freq: 131.725MHz
Mode: X NACKLabel: 16 Block ID: 6, Msg No: M34A
Flight ID: XA0246 REG: TC-MCM


Message content:-
133538,36993,1456,  14,N 43.592 E  6.768
-------------------------------------------------------[2024-06-01 13:35:40.646]

SOURCE: AIR
RX_ID: 206, Freq: 131.725MHz
Mode: X NACKLabel: 16 Block ID: 7, Msg No: M35A
Flight ID: XA0246 REG: TC-MCM


Message content:-
134039,37005,1455,  14,N 43.434 E  5.959
-------------------------------------------------------[2024-06-01 13:40:51.759]

SOURCE: AIR
RX_ID: 207, Freq: 131.725MHz
Mode: X NACKLabel: 16 Block ID: 8, Msg No: M36A
Flight ID: XA0246 REG: TC-MCM


Message content:-
134539,37005,1455,  13,N 43.148 E  5.187
-------------------------------------------------------[2024-06-01 13:45:41.743]

SOURCE: AIR
RX_ID: 208, Freq: 131.725MHz
Mode: X NACKLabel: 16 Block ID: 8, Msg No: M36A
Flight ID: XA0246 REG: TC-MCM


Message content:-
134539,37005,1455,  13,N 43.148 E  5.187
-------------------------------------------------------[2024-06-01 13:45:51.980]

SOURCE: AIR
RX_ID: 209, Freq: 131.725MHz
Mode: G NACKLabel: H1 Block ID: 2, Msg No: D76C
Flight ID: AF7345 REG: F-GMZE


Message content:-
#DFB0/V214859,0155,1,1,051,074,008,008,068/X100008,00080,00010,099,036,1003/X200008,00060,00010,099,037,1000/
-------------------------------------------------------[2024-06-01 13:54:03.505]

SOURCE: AIR
RX_ID: 210, Freq: 131.825MHz
Mode: 2 NACKLabel: 4T Block ID: 8, Msg No: M79A
Flight ID: AC0891 REG: C-FIUW


Message content:-
AGFSR AC0891/01/01/FCOYYZ/1354Z/737/4359.0N00536.1E/320/CRUISE/0685/0104/M43/234017/0301/---/479/0938/1308/----/----
-------------------------------------------------------[2024-06-01 13:54:41.174]

SOURCE: AIR
RX_ID: 211, Freq: 131.725MHz
Mode: G NACKLabel: 2F Block ID: 4, Msg No: M04A
Flight ID: AF7345 REG: F-GMZE


Message content:-
1408+4472+452/2951
-------------------------------------------------------[2024-06-01 14:08:08.124]

SOURCE: AIR
RX_ID: 212, Freq: 131.725MHz
Mode: X NACKLabel: 4H Block ID: 3, Msg No: M16A
Flight ID: DL0149 REG: N16065


Message content:-
01144H LIRF KJFK6
  
WPR RESET





-------------------------------------------------------[2024-06-01 14:20:15.976]

SOURCE: AIR
RX_ID: 213, Freq: 131.725MHz
Mode: X NACKLabel: H1 Block ID: 6, Msg No: F48A
Flight ID: DL0149 REG: N16065


Message content:-
#M1BREJPOS,142023,130,219,RF101,TOBGA4683
-------------------------------------------------------[2024-06-01 14:20:27.862]

SOURCE: AIR
RX_ID: 214, Freq: 131.725MHz
Mode: X NACKLabel: 30 Block ID: 9, Msg No: M18A
Flight ID: DL0149 REG: N16065


Message content:-
011430 LIRF KJFK6
D      
FUEL CONFIG EICAS AT CR
UISE.RUNNING QRH PROCED
URE.





-------------------------------------------------------[2024-06-01 14:22:34.619]

SOURCE: AIR
RX_ID: 215, Freq: 131.725MHz
Mode: X NACKLabel: H1 Block ID: 0, Msg No: D88A
Flight ID: DL0149 REG: N16065


Message content:-
#DFB239N1606 0149060124142407785 4399   675339-19-47223 3212-167 94600
 272 455 100303600030/9WLIRFKJFK
-------------------------------------------------------[2024-06-01 14:24:18.044]

SOURCE: AIR
RX_ID: 216, Freq: 131.725MHz
Mode: X NACKLabel: H1 Block ID: 0, Msg No: D88A
Flight ID: DL0149 REG: N16065


Message content:-
#DFB239N1606 0149060124142407785 4399   675339-19-47223 3212-167 94600
 272 455 100303600030/9WLIRFKJFK
-------------------------------------------------------[2024-06-01 14:24:29.309]

SOURCE: AIR
RX_ID: 217, Freq: 131.725MHz
Mode: X NACKLabel: H1 Block ID: 0, Msg No: D88A
Flight ID: DL0149 REG: N16065


Message content:-
#DFB239N1606 0149060124142407785 4399   675339-19-47223 3212-167 94600
 272 455 100303600030/9WLIRFKJFK
-------------------------------------------------------[2024-06-01 14:24:37.501]

SOURCE: AIR
RX_ID: 218, Freq: 131.825MHz
Mode: 2 NACKLabel: H1 Block ID: 5, Msg No: C44A
Flight ID: XA0000 REG: N255JX


Message content:-
#CFB10-2800001343168501.06.2414.240.76536956-018.421122265.6090.171084086.21094.28+0732+09020.070.19+011.306.702004
-------------------------------------------------------[2024-06-01 14:24:39.112]

SOURCE: AIR
RX_ID: 219, Freq: 131.825MHz
Mode: 2 NACKLabel: H1 Block ID: 6, Msg No: C45A
Flight ID: XA0000 REG: N255JX


Message content:-
#CFB10-2800002343168501.06.2414.240.76536956-018.421122265.8090.171088086.32093.98+0691+09020.060.21+011.206.809004
-------------------------------------------------------[2024-06-01 14:24:51.179]

SOURCE: AIR
RX_ID: 220, Freq: 131.725MHz
Mode: X NACKLabel: 4H Block ID: 3, Msg No: M19A
Flight ID: DL0149 REG: N16065


Message content:-
01144H LIRF KJFK6
  
WPR RESET





-------------------------------------------------------[2024-06-01 14:35:57.256]

SOURCE: AIR
RX_ID: 221, Freq: 131.725MHz
Mode: X NACKLabel: H1 Block ID: 6, Msg No: F49A
Flight ID: DL0149 REG: N16065


Message content:-
#M1BREJPOS,143603,130,219,RF101,TOBGAE051
-------------------------------------------------------[2024-06-01 14:36:09.326]

SOURCE: AIR
RX_ID: 222, Freq: 131.725MHz
Mode: X NACKLabel: H1 Block ID: 6, Msg No: F49A
Flight ID: DL0149 REG: N16065


Message content:-
#M1BREJPOS,143603,130,219,RF101,TOBGAE051
-------------------------------------------------------[2024-06-01 14:36:19.345]

SOURCE: AIR
RX_ID: 223, Freq: 131.725MHz
Mode: X NACKLabel: 4H Block ID: 7, Msg No: M20A
Flight ID: DL0149 REG: N16065


Message content:-
01144H LIRF KJFK6
  
WPR RESET





-------------------------------------------------------[2024-06-01 14:40:45.588]

SOURCE: AIR
RX_ID: 224, Freq: 131.525MHz
Mode: T NACKLabel: 2F Block ID: 4, Msg No: M17A
Flight ID: AF7338 REG: F-GMZC


Message content:-
1535+4454+469/2445
-------------------------------------------------------[2024-06-01 15:35:40.647]

SOURCE: AIR
RX_ID: 225, Freq: 131.525MHz
Mode: T NACKLabel: 26 Block ID: 5, Msg No: M18A
Flight ID: AF7338 REG: F-GMZC


Message content:-
1537LFPGAF7338/011552LFML31R
-------------------------------------------------------[2024-06-01 15:37:02.971]

SOURCE: AIR
RX_ID: 226, Freq: 131.525MHz
Mode: T NACKLabel: 26 Block ID: 5, Msg No: M18A
Flight ID: AF7338 REG: F-GMZC


Message content:-
1537LFPGAF7338/011552LFML31R
-------------------------------------------------------[2024-06-01 15:37:14.014]

SOURCE: AIR
RX_ID: 227, Freq: 131.525MHz
Mode: T NACKLabel: 26 Block ID: 5, Msg No: M18A
Flight ID: AF7338 REG: F-GMZC


Message content:-
1537LFPGAF7338/011552LFML31R
-------------------------------------------------------[2024-06-01 15:37:23.451]

SOURCE: AIR
RX_ID: 228, Freq: 131.525MHz
Mode: 2 NACKLabel: 26 Block ID: 5, Msg No: M18A
Flight ID: AF7338 REG: F-GMZC


Message content:-
1537LFPGAF7338/011552LFML31R
-------------------------------------------------------[2024-06-01 15:37:32.264]

SOURCE: AIR
RX_ID: 229, Freq: 131.525MHz
Mode: 2 NACKLabel: 26 Block ID: 5, Msg No: M18A
Flight ID: AF7338 REG: F-GMZC


Message content:-
1537LFPGAF7338/011552LFML31R
-------------------------------------------------------[2024-06-01 15:37:41.663]

SOURCE: AIR
RX_ID: 230, Freq: 131.525MHz
Mode: 2 NACKLabel: 26 Block ID: 5, Msg No: M18A
Flight ID: AF7338 REG: F-GMZC


Message content:-
1537LFPGAF7338/011552LFML31R
-------------------------------------------------------[2024-06-01 15:37:53.147]

SOURCE: AIR
RX_ID: 231, Freq: 131.725MHz
Mode: 2 NACKLabel: 26 Block ID: 5, Msg No: M18A
Flight ID: AF7338 REG: F-GMZC


Message content:-
1537LFPGAF7338/011552LFML31R
-------------------------------------------------------[2024-06-01 15:38:03.203]

SOURCE: AIR
RX_ID: 232, Freq: 131.825MHz
Mode: 2 NACKLabel: 16 Block ID: 4, Msg No: M34A
Flight ID: WB0700 REG: 9XR-WN


Message content:-
153845,40003,1646,  13,N 45.025 E  4.694
-------------------------------------------------------[2024-06-01 15:38:47.199]

SOURCE: AIR
RX_ID: 233, Freq: 131.725MHz
Mode: G NACKLabel: 26 Block ID: 1, Msg No: M19A
Flight ID: AF7338 REG: F-GMZC


Message content:-
1547LFPGAF7338/011552LFML31R
-------------------------------------------------------[2024-06-01 15:47:03.076]

SOURCE: AIR
RX_ID: 234, Freq: 131.725MHz
Mode: G NACKLabel: 2F Block ID: 3, Msg No: M20A
Flight ID: AF7338 REG: F-GMZC


Message content:-
1550+4338+529/0241
-------------------------------------------------------[2024-06-01 15:50:43.459]

SOURCE: AIR
RX_ID: 235, Freq: 131.825MHz
Mode: 2 NACKLabel: 16 Block ID: 6, Msg No: M55A
Flight ID: 4X70WM REG: 9H-MLD


Message content:-
155330,35024,1733,   7,N 45.013 E  3.251
-------------------------------------------------------[2024-06-01 15:53:31.542]

SOURCE: AIR
RX_ID: 236, Freq: 131.825MHz
Mode: 2 NACKLabel: 44 Block ID: 7, Msg No: M31A
Flight ID: GS022H REG: 9HBBH


Message content:-
08=m:L}Zq`}Yaa=LLv}cvZLc}ZP\xiZP\xqZLaLYZYaYLZYa}`ZLLt[`
-------------------------------------------------------[2024-06-01 16:10:50.914]

SOURCE: AIR
RX_ID: 237, Freq: 131.825MHz
Mode: 2 NACKLabel: 2Z Block ID: 7, Msg No: M24A
Flight ID: AF7320 REG: F-GMZD


Message content:-
LFMN
-------------------------------------------------------[2024-06-01 16:26:04.142]

SOURCE: AIR
RX_ID: 238, Freq: 131.825MHz
Mode: 2 NACKLabel: 5U Block ID: 8, Msg No: M25A
Flight ID: AF7320 REG: F-GMZD


Message content:-
3LFML
-------------------------------------------------------[2024-06-01 16:26:16.613]

SOURCE: AIR
RX_ID: 239, Freq: 131.825MHz
Mode: 2 NACKLabel: 2F Block ID: 0, Msg No: M26A
Flight ID: AF7320 REG: F-GMZD


Message content:-
1627+4445+514/3345
-------------------------------------------------------[2024-06-01 16:27:07.194]

SOURCE: AIR
RX_ID: 240, Freq: 131.725MHz
Mode: G NACKLabel: H1 Block ID: 8, Msg No: D26C
Flight ID: AF7339 REG: F-GMZC


Message content:-
#DFB00/V210,07,026,100,02,00,00000/V3052,072,1,1,00080,00010,2221/V4050,075,1,1,00060,00010,2221/X114859,0165,099,037,1292/X214703,0180,099,038,1278/
-------------------------------------------------------[2024-06-01 16:52:04.773]

SOURCE: AIR
RX_ID: 241, Freq: 131.725MHz
Mode: G NACKLabel: B9 Block ID: 0, Msg No: L04A
Flight ID: AF7339 REG: F-GMZC


Message content:-
/LFLL.TI2/064LFLLAD2FE
-------------------------------------------------------[2024-06-01 16:59:57.024]

SOURCE: AIR
RX_ID: 242, Freq: 131.725MHz
Mode: X NACKLabel: B9 Block ID: 4, Msg No: M41A
Flight ID: TO71UB REG: F-GZHL


Message content:-
/LFPO.TI2/040LFPOAD7ED
-------------------------------------------------------[2024-06-01 17:05:07.705]

SOURCE: AIR
RX_ID: 243, Freq: 131.525MHz
Mode: T NACKLabel: 2Z Block ID: 9, Msg No: M14A
Flight ID: AF6226 REG: F-GRHF


Message content:-
LFMN
-------------------------------------------------------[2024-06-01 17:33:02.371]

SOURCE: AIR
RX_ID: 244, Freq: 131.525MHz
Mode: T NACKLabel: 2Z Block ID: 9, Msg No: M14A
Flight ID: AF6226 REG: F-GRHF


Message content:-
LFMN
-------------------------------------------------------[2024-06-01 17:33:11.989]

SOURCE: AIR
RX_ID: 245, Freq: 131.525MHz
Mode: T NACKLabel: 2F Block ID: 1, Msg No: M15A
Flight ID: AF6226 REG: F-GRHF


Message content:-
1734+4414+549/2741
-------------------------------------------------------[2024-06-01 17:34:43.527]

SOURCE: AIR
RX_ID: 246, Freq: 131.825MHz
Mode: 2 NACKLabel: 5U Block ID: 6, Msg No: M54A
Flight ID: XA4520 REG: 10273


Message content:-
 TOJ  MAD  BCN  ZAZ-FS
-------------------------------------------------------[2024-06-01 17:43:35.210]

SOURCE: AIR
RX_ID: 247, Freq: 131.825MHz
Mode: 2 NACKLabel: H1 Block ID: 1, Msg No: F25A
Flight ID: XA4520 REG: 10273


Message content:-
#M1BPRG/TS174732,010624/DTLETO,04O,256,190332,048/FNAME452012A3
-------------------------------------------------------[2024-06-01 17:47:34.389]

SOURCE: AIR
RX_ID: 248, Freq: 131.825MHz
Mode: 2 NACKLabel: 16 Block ID: 2, Msg No: M55A
Flight ID: XA4520 REG: 10273


Message content:-
175003,41004,1904,  15,N 43.353 E  5.740
-------------------------------------------------------[2024-06-01 17:50:05.355]

SOURCE: AIR
RX_ID: 249, Freq: 131.825MHz
Mode: 2 NACKLabel: H1 Block ID: 1, Msg No: D09G
Flight ID: AF7321 REG: F-GMZD


Message content:-
#DFB67,0713,11097,N035,150/4NN005,250,00244,070506,013/N54370,0710,11929,N055,151/5NN002,250,N0310,XXXXXX,012/N64372,0709,12802,N072,179/6NN003,250,N0039,070470,013/N74375,0707,13583,N087,164/7N0000,248,00040,0
-------------------------------------------------------[2024-06-01 18:12:46.051]

SOURCE: AIR
RX_ID: 250, Freq: 131.725MHz
Mode: E NACKLabel: H1 Block ID: 3, Msg No: 728J
Flight ID: XA0001 REG: 9HVII


Message content:-
#T7B1181134LFTHKTEB13601155110202----------1--------+000+02+06+00000940164+024+024------29890403220034700066100008123431234312344---------------------------------------------------------000---------------------
-------------------------------------------------------[2024-06-01 18:14:19.896]

SOURCE: AIR
RX_ID: 251, Freq: 131.725MHz
Mode: E NACKLabel: H1 Block ID: 4, Msg No: 728K
Flight ID: XA0001 REG: 9HVII


Message content:-
#T7B--------------------------------------------------------------------------------------------------------------------------------------------------------------------------------------------------------------
-------------------------------------------------------[2024-06-01 18:14:24.175]

SOURCE: AIR
RX_ID: 252, Freq: 131.725MHz
Mode: E NACKLabel: 83 Block ID: 0, Msg No: M41A
Flight ID: XA0001 REG: 9HVII


Message content:-
001PR01181449N4312.9E00457.62634130449
-------------------------------------------------------[2024-06-01 18:14:50.805]

SOURCE: AIR
RX_ID: 253, Freq: 131.725MHz
Mode: E ACK, A2GLabel: 83 Block ID: 0, Msg No: M41A
Flight ID: XA0001 REG: 9HVII


Message content:-
001PR01181449N4312.9E00457.62634130449
-------------------------------------------------------[2024-06-01 18:14:53.468]

SOURCE: AIR
RX_ID: 254, Freq: 131.825MHz
Mode: 2 NACKLabel: 16 Block ID: 7, Msg No: M79A
Flight ID: 4X69MF REG: 9H-MLD


Message content:-
202339,36017,2116,   5,N 45.236 E  4.810
-------------------------------------------------------[2024-06-01 20:23:41.235]

SOURCE: AIR
RX_ID: 255, Freq: 131.825MHz
Mode: 2 NACKLabel: B9 Block ID: 5, Msg No: M41A
Flight ID: AA0723 REG: 9H-LEON


Message content:-
/DTTA.TI2/024DTTAA7B44
-------------------------------------------------------[2024-06-01 20:34:48.486]

SOURCE: AIR
RX_ID: 256, Freq: 131.725MHz
Mode: X NACKLabel: H1 Block ID: 5, Msg No: D23A
Flight ID: KL8561 REG: PH-CKC


Message content:-
#DFB(POS-MPH8561 -4254N00551E/205212 F310
RMK/FUEL 105.4 M0.84)
-------------------------------------------------------[2024-06-01 20:52:30.209]

