SOURCE: AIR
RX_ID: 0, Freq: 131.725MHz
Mode: 2 NACKLabel: H1 Block ID: 3, Msg No: F79A
Flight ID: XA0708 REG: 9HLXX


Message content:-
#M2B/.RESREQ/AK,115/TS180101,260724
-------------------------------------------------------[2024-07-26 18:01:02.842]

SOURCE: AIR
RX_ID: 1, Freq: 131.725MHz
Mode: 2 NACKLabel: H1 Block ID: 4, Msg No: F80A
Flight ID: XA0708 REG: 9HLXX


Message content:-
#M2B/.POS/TS180101,260724N45267E005561,,180101,419,RETNO,180901,DOTIG,M62,25232,159,83032FA
-------------------------------------------------------[2024-07-26 18:01:06.939]

SOURCE: AIR
RX_ID: 2, Freq: 131.725MHz
Mode: 2 NACKLabel: H1 Block ID: 7, Msg No: F83A
Flight ID: XA0708 REG: 9HLXX


Message content:-
#M2B/.RESREQ/AK,115/TS181124,260724
-------------------------------------------------------[2024-07-26 18:11:25.253]

SOURCE: AIR
RX_ID: 3, Freq: 131.725MHz
Mode: 2 NACKLabel: H1 Block ID: 8, Msg No: F84A
Flight ID: XA0708 REG: 9HLXX


Message content:-
#M2B/.POS/TS181124,260724N44115E005257,,181124,430,DIVKO,182024,VATIR,M59,24530,154,83092FC
-------------------------------------------------------[2024-07-26 18:11:29.750]

SOURCE: AIR
RX_ID: 4, Freq: 131.725MHz
Mode: 2 NACKLabel: H1 Block ID: 1, Msg No: F87A
Flight ID: XA0708 REG: 9HLXX


Message content:-
#M2B/.RESREQ/AK,115/TS182152,260724
-------------------------------------------------------[2024-07-26 18:21:53.810]

SOURCE: AIR
RX_ID: 5, Freq: 131.725MHz
Mode: 2 NACKLabel: H1 Block ID: 2, Msg No: F88A
Flight ID: XA0708 REG: 9HLXX


Message content:-
#M2B/.POS/TS182152,260724N42599E004405,,182152,450,PIVUS,183052,SULID,M58,23728,148,8307041
-------------------------------------------------------[2024-07-26 18:21:58.308]

SOURCE: AIR
RX_ID: 6, Freq: 131.725MHz
Mode: G NACKLabel: B9 Block ID: 7, Msg No: M90A
Flight ID: 2L2167 REG: HB-JVY


Message content:-
/LSZH.TI2/024LSZHA89DD
-------------------------------------------------------[2024-07-26 18:53:17.988]

SOURCE: AIR
RX_ID: 7, Freq: 131.725MHz
Mode: X NACKLabel: H1 Block ID: 4, Msg No: D08A
Flight ID: KL0129 REG: PH-AOF


Message content:-
#DFB(POS-KLM129  -4332N00529E/185553 F370
RMK/FUEL  32.8 M0.83)
-------------------------------------------------------[2024-07-26 18:56:06.329]

SOURCE: AIR
RX_ID: 8, Freq: 131.725MHz
Mode: X NACKLabel: 16 Block ID: 3, Msg No: M35A
Flight ID: XSMBU6 REG: 2-BBMB


Message content:-
190052,,2001, 137,N 45.166 E  4.692
-------------------------------------------------------[2024-07-26 19:00:54.696]

SOURCE: AIR
RX_ID: 9, Freq: 131.525MHz
Mode: 2 NACKLabel: H1 Block ID: 7, Msg No: F21A
Flight ID: ZD0000 REG: 9HKDR


Message content:-
#M1B/.RESREQ/AK,115/TS190918,260724
-------------------------------------------------------[2024-07-26 19:09:18.914]

SOURCE: AIR
RX_ID: 10, Freq: 131.525MHz
Mode: 2 NACKLabel: H1 Block ID: 8, Msg No: F22A
Flight ID: ZD0000 REG: 9HKDR


Message content:-
#M1B/.POS/TS190918,260724N43288E004455,,190918,340,GAI,192518,SECHE,M46,2539,214,8305231
-------------------------------------------------------[2024-07-26 19:09:23.228]

SOURCE: AIR
RX_ID: 11, Freq: 131.725MHz
Mode: E NACKLabel: 1L Block ID: 3, Msg No: M52A
Flight ID: WGTVS1 REG: C-FFPH


Message content:-
00032213200/GS 442250/DEP LKPR/DES LEVC/ETA 2041/GW 582/ALT 38996
CAS 240/SAT - 54.0/FN TVS1TU/TFQ 46/DAY 26JUL24/UTC 193722
LON E  6.263/LAT N 43.553/WD 266/WS   9
-------------------------------------------------------[2024-07-26 19:37:26.311]

SOURCE: AIR
RX_ID: 12, Freq: 131.725MHz
Mode: G NACKLabel: B9 Block ID: 5, Msg No: M53A
Flight ID: WGTVS1 REG: C-FFPH


Message content:-
/LEVC.TI2/024LEVCA1C78
-------------------------------------------------------[2024-07-26 19:40:30.631]

SOURCE: AIR
RX_ID: 13, Freq: 131.825MHz
Mode: 2 NACKLabel: H1 Block ID: 6, Msg No: F11A
Flight ID: QY0939 REG: D-ALEV


Message content:-
#M1BPOSN45237E005088,,194732,380,OMASI,195313,KINNI,M54,23833,155,795DD70
-------------------------------------------------------[2024-07-26 19:47:34.753]

SOURCE: AIR
RX_ID: 14, Freq: 131.825MHz
Mode: 2 NACKLabel: B9 Block ID: 7, Msg No: M13A
Flight ID: FRRYR5 REG: EI-EFD


Message content:-
/EBCI.TI2/024EBCIAA271
-------------------------------------------------------[2024-07-26 19:52:04.475]

SOURCE: AIR
RX_ID: 15, Freq: 131.725MHz
Mode: 2 NACKLabel: SA Block ID: 7, Msg No: S51A
Flight ID: 4X01WM REG: 9H-MLD


Message content:-
0EV195529V
-------------------------------------------------------[2024-07-26 19:55:30.736]

SOURCE: AIR
RX_ID: 16, Freq: 131.725MHz
Mode: 2 NACKLabel: SA Block ID: 7, Msg No: S51A
Flight ID: 4X01WM REG: 9H-MLD


Message content:-
0EV195529V
-------------------------------------------------------[2024-07-26 19:55:40.974]

SOURCE: AIR
RX_ID: 17, Freq: 131.725MHz
Mode: 2 NACKLabel: SA Block ID: 7, Msg No: S51A
Flight ID: 4X01WM REG: 9H-MLD


Message content:-
0EV195529V
-------------------------------------------------------[2024-07-26 19:55:47.122]

SOURCE: AIR
RX_ID: 18, Freq: 131.725MHz
Mode: G NACKLabel: SA Block ID: 8, Msg No: S51A
Flight ID: 4X01WM REG: 9H-MLD


Message content:-
0EV195529V
-------------------------------------------------------[2024-07-26 19:55:53.263]

SOURCE: AIR
RX_ID: 19, Freq: 131.725MHz
Mode: G NACKLabel: SA Block ID: 8, Msg No: S51A
Flight ID: 4X01WM REG: 9H-MLD


Message content:-
0EV195529V
-------------------------------------------------------[2024-07-26 19:56:05.554]

SOURCE: AIR
RX_ID: 20, Freq: 131.725MHz
Mode: G NACKLabel: SA Block ID: 8, Msg No: S51A
Flight ID: 4X01WM REG: 9H-MLD


Message content:-
0EV195529V
-------------------------------------------------------[2024-07-26 19:56:12.723]

SOURCE: AIR
RX_ID: 21, Freq: 131.725MHz
Mode: 2 NACKLabel: SA Block ID: 8, Msg No: S51A
Flight ID: 4X01WM REG: 9H-MLD


Message content:-
0EV195529V
-------------------------------------------------------[2024-07-26 19:56:18.869]

SOURCE: AIR
RX_ID: 22, Freq: 131.725MHz
Mode: 2 NACKLabel: SA Block ID: 8, Msg No: S51A
Flight ID: 4X01WM REG: 9H-MLD


Message content:-
0EV195529V
-------------------------------------------------------[2024-07-26 19:56:25.597]

SOURCE: AIR
RX_ID: 23, Freq: 131.725MHz
Mode: 2 NACKLabel: SA Block ID: 8, Msg No: S51A
Flight ID: 4X01WM REG: 9H-MLD


Message content:-
0EV195529V
-------------------------------------------------------[2024-07-26 19:56:34.226]

SOURCE: AIR
RX_ID: 24, Freq: 131.825MHz
Mode: 2 NACKLabel: SA Block ID: 0, Msg No: S53A
Flight ID: 4X01WM REG: 9H-MLD


Message content:-
0EV195648V
-------------------------------------------------------[2024-07-26 19:56:49.993]

SOURCE: AIR
RX_ID: 25, Freq: 131.825MHz
Mode: 2 NACKLabel: SA Block ID: 0, Msg No: S53A
Flight ID: 4X01WM REG: 9H-MLD


Message content:-
0EV195648V
-------------------------------------------------------[2024-07-26 19:57:00.228]

SOURCE: AIR
RX_ID: 26, Freq: 131.825MHz
Mode: 2 NACKLabel: 5U Block ID: 1, Msg No: M74A
Flight ID: 4X01WM REG: 9H-MLD


Message content:-
EDDH-SA
-------------------------------------------------------[2024-07-26 19:57:16.393]

SOURCE: AIR
RX_ID: 27, Freq: 131.825MHz
Mode: 2 NACKLabel: 5U Block ID: 6, Msg No: M05A
Flight ID: QY1929 REG: D-ALES


Message content:-
10,WX,262007,QY1929,26,LFBO,EDDP,8422924,LFML,LFLL,LFSG,1,0,
-------------------------------------------------------[2024-07-26 20:08:02.547]

SOURCE: AIR
RX_ID: 28, Freq: 131.725MHz
Mode: X NACKLabel: 16 Block ID: 7, Msg No: M66A
Flight ID: G6066H REG: N276GX


Message content:-
203718,33999,2204, 193,N 43.831 E  6.272
-------------------------------------------------------[2024-07-26 20:37:26.309]

SOURCE: AIR
RX_ID: 29, Freq: 131.825MHz
Mode: 2 NACKLabel: H1 Block ID: 8, Msg No: F02A
Flight ID: QY1685 REG: OE-LNA


Message content:-
#M1BPOSN43257E005173,,212126,32,ML362,212132,VENTA,P26,16217,232,7395
-------------------------------------------------------[2024-07-26 21:21:28.696]

SOURCE: AIR
RX_ID: 30, Freq: 131.825MHz
Mode: 2 NACKLabel: 16 Block ID: 7, Msg No: M68A
Flight ID: FR67CC REG: 9H-QAC


Message content:-
212348,,2226, 126,N   .    MMMM.MMM
-------------------------------------------------------[2024-07-26 21:23:50.599]

SOURCE: AIR
RX_ID: 31, Freq: 131.825MHz
Mode: 2 NACKLabel: H1 Block ID: 1, Msg No: F03A
Flight ID: QY1685 REG: OE-LNA


Message content:-
#M1BPOSN44344E005069,,213315,256,LUXAN,213918,ARKOX,M22,28421,201,B4B1
-------------------------------------------------------[2024-07-26 21:33:18.930]

SOURCE: AIR
RX_ID: 32, Freq: 131.825MHz
Mode: 2 NACKLabel: H2 Block ID: 1, Msg No: M27B
Flight ID: LH0500 REG: D-AIGY


Message content:-
V934427YG20M370H6*T33ZKKLLZ
-------------------------------------------------------[2024-07-26 22:04:52.334]

SOURCE: AIR
RX_ID: 33, Freq: 131.850MHz
Mode: 2 NACKLabel: 1L Block ID: 2, Msg No: M28A
Flight ID: LH0500 REG: D-AIGY


Message content:-
00024209281G:PP7K4YYK(KDLWWV,,0PVKGL2,XEE,7,I+++2EYL2VAVRV8V
-------------------------------------------------------[2024-07-26 22:04:58.298]

SOURCE: AIR
RX_ID: 34, Freq: 131.825MHz
Mode: 2 NACKLabel: B2 Block ID: 5, Msg No: L75B
Flight ID: AM0071 REG: N965AM


Message content:-
HANGE AT 45N015W
END OF MESSAGEB48A
-------------------------------------------------------[2024-07-26 22:30:11.159]

SOURCE: AIR
RX_ID: 35, Freq: 131.825MHz
Mode: 2 NACKLabel: 5U Block ID: 6, Msg No: 3921
Flight ID: QY8341 REG: D-AEAK


Message content:-
01,WX,182239,8341,26,LEMD,LIMC,8423157,LIMC,LIPO,LIME,1,1,
-------------------------------------------------------[2024-07-26 22:38:59.152]

