SOURCE: AIR
RX_ID: 1219, Freq: 131.725MHz
Mode: X NACKLabel: 16 Block ID: 8, Msg No: M25A
Flight ID: SN0301 REG: OO-SFB


Message content:-
11SEP24,0132,N 43.819,E  6.615,39998,0241,27840
-------------------------------------------------------[2024-09-11 01:32:29.751]

SOURCE: AIR
RX_ID: 1220, Freq: 131.725MHz
Mode: X NACKLabel: B9 Block ID: 4, Msg No: J68A
Flight ID: XA1546 REG: TC-MCM


Message content:-
/LIRF.TI2/000LIRFA163D
-------------------------------------------------------[2024-09-11 02:21:12.855]

SOURCE: AIR
RX_ID: 1221, Freq: 131.725MHz
Mode: X NACKLabel: B9 Block ID: 6, Msg No: J69A
Flight ID: XA1546 REG: TC-MCM


Message content:-
/LEMD.TI2/000LEMDA503F
-------------------------------------------------------[2024-09-11 02:21:20.024]

SOURCE: AIR
RX_ID: 1222, Freq: 131.725MHz
Mode: X ACK, A2GLabel: B9 Block ID: 6, Msg No: J69A
Flight ID: XA1546 REG: TC-MCM


Message content:-
/LEMD.TI2/000LEMDA503F
-------------------------------------------------------[2024-09-11 02:21:24.559]

SOURCE: AIR
RX_ID: 1223, Freq: 131.725MHz
Mode: X NACKLabel: B9 Block ID: 6, Msg No: J69A
Flight ID: XA1546 REG: TC-MCM


Message content:-
/LEMD.TI2/000LEMDA503F
-------------------------------------------------------[2024-09-11 02:21:31.507]

SOURCE: AIR
RX_ID: 1224, Freq: 131.725MHz
Mode: 2 NACKLabel: B9 Block ID: 6, Msg No: J69A
Flight ID: XA1546 REG: TC-MCM


Message content:-
/LEMD.TI2/000LEMDA503F
-------------------------------------------------------[2024-09-11 02:21:37.433]

SOURCE: AIR
RX_ID: 1225, Freq: 131.725MHz
Mode: E NACKLabel: 5U Block ID: 1, Msg No: M05A
Flight ID: XA1546 REG: TC-MCM


Message content:-
LEZG-SA
-------------------------------------------------------[2024-09-11 02:22:46.881]

SOURCE: AIR
RX_ID: 1226, Freq: 131.725MHz
Mode: E NACKLabel: 16 Block ID: 3, Msg No: M06A
Flight ID: XA1546 REG: TC-MCM


Message content:-
022342,37004,0319,  11,N 43.094 E  5.491
-------------------------------------------------------[2024-09-11 02:23:48.321]

SOURCE: AIR
RX_ID: 1227, Freq: 131.825MHz
Mode: 2 NACKLabel: H2 Block ID: 1, Msg No: M84B
Flight ID: LH0577 REG: D-AIFC


Message content:-
OY2E,,HAHUUU+B00JWEW,SPPDDV
-------------------------------------------------------[2024-09-11 02:28:41.626]

SOURCE: AIR
RX_ID: 1228, Freq: 131.825MHz
Mode: 2 NACKLabel: H1 Block ID: 0, Msg No: F13B
Flight ID: NW0240 REG: N822NW


Message content:-
#M1BS024448,1109240D69
-------------------------------------------------------[2024-09-11 02:44:58.124]

SOURCE: AIR
RX_ID: 1229, Freq: 131.825MHz
Mode: 2 NACKLabel: H1 Block ID: 7, Msg No: F15A
Flight ID: NW0240 REG: N822NW


Message content:-
#M1BRESPWI/ACA,085/TS024545,11092472D2
-------------------------------------------------------[2024-09-11 02:45:49.729]

SOURCE: AIR
RX_ID: 1230, Freq: 131.725MHz
Mode: G NACKLabel: 2L Block ID: 3, Msg No: M06A
Flight ID: AF0878 REG: F-GZCD


Message content:-
M/02:55/400-     /   
+44.75+004.26/-56/2/5
-------------------------------------------------------[2024-09-11 02:58:52.838]

SOURCE: AIR
RX_ID: 1231, Freq: 131.725MHz
Mode: G NACKLabel: 26 Block ID: 4, Msg No: M07A
Flight ID: AF0878 REG: F-GZCD


Message content:-
0300DNAAAF0878/110345LFPG26L
-------------------------------------------------------[2024-09-11 03:00:03.932]

SOURCE: AIR
RX_ID: 1232, Freq: 131.725MHz
Mode: G NACKLabel: B9 Block ID: 6, Msg No: L47A
Flight ID: AF0995 REG: F-GZNK


Message content:-
/LFPG.TI2/046LFPGAD3A5
-------------------------------------------------------[2024-09-11 03:06:08.259]

SOURCE: AIR
RX_ID: 1233, Freq: 131.725MHz
Mode: G NACKLabel: 80 Block ID: 1, Msg No: M89A
Flight ID: AF0977 REG: F-GZCI


Message content:-
AF0977/DEST/LFPG
BJR.ETA 0400Z.E14.6WCH.
3UM.MCI A+
-------------------------------------------------------[2024-09-11 03:10:55.200]

SOURCE: AIR
RX_ID: 1234, Freq: 131.725MHz
Mode: G NACKLabel: B9 Block ID: 2, Msg No: J15A
Flight ID: AF0977 REG: F-GZCI


Message content:-
/LFPG.TI2/000LFPGA9F82
-------------------------------------------------------[2024-09-11 03:12:39.430]

SOURCE: AIR
RX_ID: 1235, Freq: 131.725MHz
Mode: G NACKLabel: H1 Block ID: 0, Msg No: D61A
Flight ID: DL0232 REG: N1602


Message content:-
#DFB902N1602 0232200286031233258370797-29-560000 889 958CR000000000000
00000000000000000000000000000000004008018063001320084070204302008C860
000000000000000000000000000000000000000000000420801806300132008407
-------------------------------------------------------[2024-09-11 03:12:57.239]

SOURCE: AIR
RX_ID: 1236, Freq: 131.725MHz
Mode: G NACKLabel: H1 Block ID: 1, Msg No: D61B
Flight ID: DL0232 REG: N1602


Message content:-
#DFB020
0302008C8612-167
-------------------------------------------------------[2024-09-11 03:13:02.983]

SOURCE: AIR
RX_ID: 1237, Freq: 131.725MHz
Mode: G NACKLabel: H1 Block ID: 2, Msg No: D62A
Flight ID: DL0232 REG: N1602


Message content:-
#DFB902N1602 0232200286031248259370799-29-560000 889 957CR000000000000
00000000000000000000000000000000004008018063001320084070204302008C860
000000000000000000000000000000000000000000000420801806300132008407
-------------------------------------------------------[2024-09-11 03:13:07.297]

SOURCE: AIR
RX_ID: 1238, Freq: 131.725MHz
Mode: G NACKLabel: H1 Block ID: 4, Msg No: D63A
Flight ID: DL0232 REG: N1602


Message content:-
#DFB902N1602 0232200286031255259370800-28-560000 889 958CR000000000000
0000000000000657A000000000000000004008018063001320084070204302008C860
000000000000000000000000000000000000000000000420801806300132008407
-------------------------------------------------------[2024-09-11 03:13:44.966]

SOURCE: AIR
RX_ID: 1239, Freq: 131.725MHz
Mode: G NACKLabel: H1 Block ID: 5, Msg No: D63B
Flight ID: DL0232 REG: N1602


Message content:-
#DFB020
0302008C8612-167
-------------------------------------------------------[2024-09-11 03:13:48.843]

SOURCE: AIR
RX_ID: 1240, Freq: 131.725MHz
Mode: G NACKLabel: H1 Block ID: 6, Msg No: D64A
Flight ID: DL0232 REG: N1602


Message content:-
#DFB902N1602 0232200286031328260370801-28-560000 887 956CR000000000000
00000000000000000000000000000000004008018063001320084070204302008C860
000000000000000000000000000000000000000000000420801806300132008407
-------------------------------------------------------[2024-09-11 03:14:06.872]

SOURCE: AIR
RX_ID: 1241, Freq: 131.725MHz
Mode: G NACKLabel: H1 Block ID: 7, Msg No: D64B
Flight ID: DL0232 REG: N1602


Message content:-
#DFB020
0302008C8612-167
-------------------------------------------------------[2024-09-11 03:14:11.189]

SOURCE: AIR
RX_ID: 1242, Freq: 131.725MHz
Mode: G NACKLabel: H1 Block ID: 9, Msg No: D65B
Flight ID: DL0232 REG: N1602


Message content:-
#DFB020
0302008C8612-167
-------------------------------------------------------[2024-09-11 03:14:32.876]

SOURCE: AIR
RX_ID: 1243, Freq: 131.825MHz
Mode: 2 NACKLabel: H1 Block ID: 2, Msg No: F08A
Flight ID: QY0198 REG: D-ALEV


Message content:-
#M1BPOSN45328E004076,,031451,390,LERGA,031809,MINSO,M60,28155,185,7903474
-------------------------------------------------------[2024-09-11 03:14:53.393]

SOURCE: AIR
RX_ID: 1244, Freq: 131.725MHz
Mode: G NACKLabel: 16 Block ID: 3, Msg No: M35A
Flight ID: SN028A REG: OO-SFD


Message content:-
11SEP24,0315,N 44.165,E  6.448,38002,0426,25080
-------------------------------------------------------[2024-09-11 03:15:15.701]

SOURCE: AIR
RX_ID: 1245, Freq: 131.725MHz
Mode: G NACKLabel: H1 Block ID: 1, Msg No: D66B
Flight ID: DL0232 REG: N1602


Message content:-
#DFB020
0302008C8612-167
-------------------------------------------------------[2024-09-11 03:15:17.932]

SOURCE: AIR
RX_ID: 1246, Freq: 131.725MHz
Mode: G NACKLabel: H1 Block ID: 3, Msg No: D67B
Flight ID: DL0232 REG: N1602


Message content:-
#DFB020
0302008C8612-167
-------------------------------------------------------[2024-09-11 03:15:47.847]

SOURCE: AIR
RX_ID: 1247, Freq: 131.725MHz
Mode: G NACKLabel: H1 Block ID: 4, Msg No: D68A
Flight ID: DL0232 REG: N1602


Message content:-
#DFB902N1602 0232200286031407260370802-28-560000 888 956CR000000000000
00000000000000000000000000000000004008018063001320084070204302008C860
000000000000000000000000000000000000000000000420801806300132008407
-------------------------------------------------------[2024-09-11 03:16:06.498]

SOURCE: AIR
RX_ID: 1248, Freq: 131.725MHz
Mode: G NACKLabel: H1 Block ID: 5, Msg No: D68B
Flight ID: DL0232 REG: N1602


Message content:-
#DFB020
0302008C8612-167
-------------------------------------------------------[2024-09-11 03:16:10.159]

SOURCE: AIR
RX_ID: 1249, Freq: 131.725MHz
Mode: G NACKLabel: 4H Block ID: 6, Msg No: M56A
Flight ID: DL0232 REG: N1602


Message content:-
10034H KJFK LIRN6
  
WPR RESET





-------------------------------------------------------[2024-09-11 03:16:36.597]

SOURCE: AIR
RX_ID: 1250, Freq: 131.725MHz
Mode: G NACKLabel: H1 Block ID: 8, Msg No: D69A
Flight ID: DL0232 REG: N1602


Message content:-
#DFB902N1602 0232200286031421260370801-28-560000 888 958CR000000000000
00000000000000000000000000000000004008018063001320084070204302008C860
000000000000000000000000000000000000000000000420801806300132008407
-------------------------------------------------------[2024-09-11 03:16:43.765]

SOURCE: AIR
RX_ID: 1251, Freq: 131.725MHz
Mode: G ACK, A2GLabel: H1 Block ID: 8, Msg No: D69A
Flight ID: DL0232 REG: N1602


Message content:-
#DFB902N1602 0232200286031421260370801-28-560000 888 958CR000000000000
00000000000000000000000000000000004008018063001320084070204302008C860
000000000000000000000000000000000000000000000420801806300132008407
-------------------------------------------------------[2024-09-11 03:16:47.459]

SOURCE: AIR
RX_ID: 1252, Freq: 131.725MHz
Mode: G NACKLabel: H1 Block ID: 9, Msg No: D69B
Flight ID: DL0232 REG: N1602


Message content:-
#DFB020
0302008C8612-167
-------------------------------------------------------[2024-09-11 03:16:51.336]

SOURCE: AIR
RX_ID: 1253, Freq: 131.725MHz
Mode: G NACKLabel: H1 Block ID: 2, Msg No: D71A
Flight ID: DL0232 REG: N1602


Message content:-
#DFB902N1602 0232200286031530257369793-28-560000 889 959CR000000000000
00000000000000000000000000000000004008018063001320084070204302008C860
000000000000000000000000000000000000000000000420801806300132008407
-------------------------------------------------------[2024-09-11 03:17:28.603]

SOURCE: AIR
RX_ID: 1254, Freq: 131.725MHz
Mode: G NACKLabel: H1 Block ID: 3, Msg No: D71B
Flight ID: DL0232 REG: N1602


Message content:-
#DFB020
0302008C8612-167
-------------------------------------------------------[2024-09-11 03:17:32.918]

SOURCE: AIR
RX_ID: 1255, Freq: 131.725MHz
Mode: G NACKLabel: H1 Block ID: 4, Msg No: D72A
Flight ID: DL0232 REG: N1602


Message content:-
#DFB902N1602 0232200286031555257370795-28-560000 890 959CR000000000000
00000000000000000000000000000000004008018063001320084070204302008C860
000000000000000000000000000000000000000000000420801806300132008407
-------------------------------------------------------[2024-09-11 03:17:50.511]

SOURCE: AIR
RX_ID: 1256, Freq: 131.725MHz
Mode: G NACKLabel: H1 Block ID: 5, Msg No: D72B
Flight ID: DL0232 REG: N1602


Message content:-
#DFB020
0302008C8612-167
-------------------------------------------------------[2024-09-11 03:17:53.800]

SOURCE: AIR
RX_ID: 1257, Freq: 131.725MHz
Mode: G NACKLabel: H1 Block ID: 6, Msg No: D73A
Flight ID: DL0232 REG: N1602


Message content:-
#DFB902N1602 0232200286031621258370797-28-560000 888 958CR000000000000
00000000000000000000000000000000004008018063001320084070204302008C860
000000000000000000000000000000000000000000000420801806300132008407
-------------------------------------------------------[2024-09-11 03:18:11.611]

SOURCE: AIR
RX_ID: 1258, Freq: 131.725MHz
Mode: G NACKLabel: H1 Block ID: 7, Msg No: D73B
Flight ID: DL0232 REG: N1602


Message content:-
#DFB020
0302008C8612-167
-------------------------------------------------------[2024-09-11 03:18:15.524]

SOURCE: AIR
RX_ID: 1259, Freq: 131.725MHz
Mode: G NACKLabel: H1 Block ID: 8, Msg No: D74A
Flight ID: DL0232 REG: N1602


Message content:-
#DFB902N1602 0232200286031648258370797-28-560000 888 958CR000000000000
00000000000000000000000000000000004008018063001320084070204302008C860
000000000000000000000000000000000000000000000420801806300132008407
-------------------------------------------------------[2024-09-11 03:18:34.140]

SOURCE: AIR
RX_ID: 1260, Freq: 131.725MHz
Mode: G NACKLabel: H1 Block ID: 9, Msg No: D74B
Flight ID: DL0232 REG: N1602


Message content:-
#DFB020
0302008C8612-167
-------------------------------------------------------[2024-09-11 03:18:38.055]

SOURCE: AIR
RX_ID: 1261, Freq: 131.725MHz
Mode: G NACKLabel: B9 Block ID: 4, Msg No: M36A
Flight ID: SN028A REG: OO-SFD


Message content:-
/EBBR.TI2/040EBBRAED4C
-------------------------------------------------------[2024-09-11 03:19:17.550]

SOURCE: AIR
RX_ID: 1262, Freq: 131.725MHz
Mode: G NACKLabel: H1 Block ID: 0, Msg No: D75A
Flight ID: DL0232 REG: N1602


Message content:-
#DFB902N1602 0232200286031707254369785-28-550000 891 961CR000000000000
00000000000000000000000000000000004008018063001320084070204302008C860
000000000000000000000000000000000000000000000420801806300132008407
-------------------------------------------------------[2024-09-11 03:19:44.393]

SOURCE: AIR
RX_ID: 1263, Freq: 131.725MHz
Mode: G NACKLabel: H1 Block ID: 1, Msg No: D75B
Flight ID: DL0232 REG: N1602


Message content:-
#DFB020
0302008C8612-167
-------------------------------------------------------[2024-09-11 03:19:47.868]

SOURCE: AIR
RX_ID: 1264, Freq: 131.725MHz
Mode: G NACKLabel: H1 Block ID: 1, Msg No: D75B
Flight ID: DL0232 REG: N1602


Message content:-
#DFB020
0302008C8612-167
-------------------------------------------------------[2024-09-11 03:20:00.158]

SOURCE: AIR
RX_ID: 1265, Freq: 131.725MHz
Mode: G NACKLabel: 16 Block ID: 1, Msg No: M59A
Flight ID: SN04KE REG: OO-SFF


Message content:-
11SEP24,0320,N 43.163,E  5.349,38011,0440,28880
-------------------------------------------------------[2024-09-11 03:20:17.783]

SOURCE: AIR
RX_ID: 1266, Freq: 131.725MHz
Mode: G NACKLabel: H1 Block ID: 2, Msg No: D76A
Flight ID: DL0232 REG: N1602


Message content:-
#DFB902N1602 0232200286031734254369785-28-540000 896 965CR000000000000
00000000000000000000000000000000004008018063001320084070204302008C860
000000000000000000000000000000000000000000000420801806300132008407
-------------------------------------------------------[2024-09-11 03:20:44.592]

SOURCE: AIR
RX_ID: 1267, Freq: 131.725MHz
Mode: G NACKLabel: H1 Block ID: 3, Msg No: D76B
Flight ID: DL0232 REG: N1602


Message content:-
#DFB020
0302008C8612-167
-------------------------------------------------------[2024-09-11 03:20:48.502]

SOURCE: AIR
RX_ID: 1268, Freq: 131.725MHz
Mode: G NACKLabel: H1 Block ID: 4, Msg No: D77A
Flight ID: DL0232 REG: N1602


Message content:-
#DFB902N1602 0232200286031756254369785-28-550000 894 963CR000000000000
00000000000000000000000000000000004008018063001320084070204302008C860
000000000000000000000000000000000000000000000420801806300132008407
-------------------------------------------------------[2024-09-11 03:21:44.201]

SOURCE: AIR
RX_ID: 1269, Freq: 131.825MHz
Mode: 2 NACKLabel: H1 Block ID: 0, Msg No: F16A
Flight ID: QY8030 REG: OE-LNI


Message content:-
#M1BPOSN44447E005456,,032220,370,MTG,033407,DIVKO,M53,28146,165,7806292
-------------------------------------------------------[2024-09-11 03:22:23.370]

SOURCE: AIR
RX_ID: 1270, Freq: 131.725MHz
Mode: G NACKLabel: H1 Block ID: 7, Msg No: D78B
Flight ID: DL0232 REG: N1602


Message content:-
#DFB020
0302008C8612-167
-------------------------------------------------------[2024-09-11 03:23:24.557]

SOURCE: AIR
RX_ID: 1271, Freq: 131.825MHz
Mode: 2 NACKLabel: H1 Block ID: 2, Msg No: F07A
Flight ID: QY1956 REG: OE-LNA


Message content:-
#M1BPOSN44317E004568,KURIR,032950,193,ELRUN,033313,SAURG,M13,27433,241,1A82
-------------------------------------------------------[2024-09-11 03:29:52.291]

SOURCE: AIR
RX_ID: 1272, Freq: 131.825MHz
Mode: 2 NACKLabel: H1 Block ID: 3, Msg No: F17A
Flight ID: QY8030 REG: OE-LNI


Message content:-
#M1BPOSN43299E004504,,033403,370,NILDU,034555,BISBA,M54,27928,152,7804808
-------------------------------------------------------[2024-09-11 03:34:05.622]

SOURCE: AIR
RX_ID: 1273, Freq: 131.825MHz
Mode: 2 NACKLabel: B9 Block ID: 4, Msg No: L07A
Flight ID: QY8030 REG: OE-LNI


Message content:-
/LEBL.TI2/024LEBLA93E5
-------------------------------------------------------[2024-09-11 03:39:11.579]

SOURCE: AIR
RX_ID: 1274, Freq: 131.725MHz
Mode: X NACKLabel: B9 Block ID: 3, Msg No: J47A
Flight ID: SN03KR REG: OO-SFX


Message content:-
/EBBR.TI2/000EBBRA2C8A
-------------------------------------------------------[2024-09-11 03:39:41.679]

SOURCE: AIR
RX_ID: 1275, Freq: 131.825MHz
Mode: 2 NACKLabel: H1 Block ID: 5, Msg No: F08A
Flight ID: QY1956 REG: OE-LNA


Message content:-
#M1BPOSN43256E005129,LACAZ,034113,78,IBILI,034310,ELRIV,P12,31323,232,56CD
-------------------------------------------------------[2024-09-11 03:41:15.086]

SOURCE: AIR
RX_ID: 1276, Freq: 131.725MHz
Mode: 2 NACKLabel: H1 Block ID: 4, Msg No: F68A
Flight ID: XA0000 REG: N375WB


Message content:-
#M1B/.RESREQ/AK,115/TS041210,110924
-------------------------------------------------------[2024-09-11 04:12:11.591]

SOURCE: AIR
RX_ID: 1277, Freq: 131.725MHz
Mode: 2 NACKLabel: H1 Block ID: 5, Msg No: F69A
Flight ID: XA0000 REG: N375WB


Message content:-
#M1B/.POS/TS041210,110924N43399E003471,,041210,450,IPROM,044010,PAL,M59,28836,118,8503CB2
-------------------------------------------------------[2024-09-11 04:12:16.091]

SOURCE: AIR
RX_ID: 1278, Freq: 131.825MHz
Mode: 2 NACKLabel: 16 Block ID: 6, Msg No: M39A
Flight ID: AA0240 REG: N756AM


Message content:-
POSA1N44712E  4971,OTR-20 ,041209,369,BEP-21 ,041710,,-56, 42, 394,823
-------------------------------------------------------[2024-09-11 04:15:52.191]

SOURCE: AIR
RX_ID: 1279, Freq: 131.525MHz
Mode: T NACKLabel: 2F Block ID: 1, Msg No: M15A
Flight ID: AF7315 REG: F-GMZD


Message content:-
0415+4458+645/2956
-------------------------------------------------------[2024-09-11 04:15:52.335]

SOURCE: AIR
RX_ID: 1280, Freq: 131.825MHz
Mode: 2 NACKLabel: H1 Block ID: 7, Msg No: F17A
Flight ID: AA0240 REG: N756AM


Message content:-
#M1BPOSN44368E005117,BEP-21,041710,370,RET-22,041953,KOL-23,M56,27640,391B069
-------------------------------------------------------[2024-09-11 04:17:12.062]

SOURCE: AIR
RX_ID: 1281, Freq: 131.825MHz
Mode: 2 NACKLabel: H1 Block ID: 8, Msg No: F18A
Flight ID: AA0240 REG: N756AM


Message content:-
#M1BPOSN44246E005392,RET-22,041954,370,KOL-23,042803,RAP-24,M56,28638,3855A0F
-------------------------------------------------------[2024-09-11 04:19:56.340]

SOURCE: AIR
RX_ID: 1282, Freq: 131.825MHz
Mode: 2 NACKLabel: 15 Block ID: 8, Msg No: M79A
Flight ID: BA2066 REG: G-YMMB


Message content:-
FST01DGAAEGKKN434392E0045406380 146 366 M56C 3329135335846011600005400420
-------------------------------------------------------[2024-09-11 04:20:05.337]

SOURCE: AIR
RX_ID: 1283, Freq: 131.525MHz
Mode: T NACKLabel: B9 Block ID: 2, Msg No: L02A
Flight ID: AF7315 REG: F-GMZD


Message content:-
/LFPG.TI2/064LFPGA3806
-------------------------------------------------------[2024-09-11 04:24:06.127]

SOURCE: AIR
RX_ID: 1284, Freq: 131.825MHz
Mode: 2 NACKLabel: H1 Block ID: 8, Msg No: F17A
Flight ID: BA2066 REG: G-YMMB


Message content:-
#M1BRESPWI/AK,71/TS042512,110924491D
-------------------------------------------------------[2024-09-11 04:25:14.591]

SOURCE: AIR
RX_ID: 1285, Freq: 131.825MHz
Mode: 2 NACKLabel: H1 Block ID: 9, Msg No: F18A
Flight ID: BA2066 REG: G-YMMB


Message content:-
#M1BRESPWI/AC,085/TS042532,110924A29B
-------------------------------------------------------[2024-09-11 04:25:34.046]

SOURCE: AIR
RX_ID: 1286, Freq: 131.825MHz
Mode: 2 NACKLabel: H1 Block ID: 0, Msg No: F19A
Flight ID: BA2066 REG: G-YMMB


Message content:-
#M1BRESPWI/AC,91/TS042534,1109246306
-------------------------------------------------------[2024-09-11 04:25:40.997]

SOURCE: AIR
RX_ID: 1287, Freq: 131.825MHz
Mode: 2 NACKLabel: H1 Block ID: 9, Msg No: D37A
Flight ID: AA0240 REG: N756AM


Message content:-
#DFBTRP KDFW LIRF 07  8 379   1  0 041549
 45.6125   2.8897369994333604730.0160.012 52.75 -77.70 41960-57 217OFF
 45.3950   3.4226369984327204730.0120.006 47.88 -72.42 41320-57 217OFF
 45.1756   3.9499370024
-------------------------------------------------------[2024-09-11 04:27:53.314]

SOURCE: AIR
RX_ID: 1288, Freq: 131.825MHz
Mode: 2 NACKLabel: H1 Block ID: 0, Msg No: D37B
Flight ID: AA0240 REG: N756AM


Message content:-
#DFB320404790.0090.008 41.50 -73.83 40640-57 217OFF
 44.9549   4.4701369934314004750.0190.012 41.75 -77.70 40000-56 217OFF
 44.7338   4.9813369974307604710.0100.005 43.50 -82.62 39360-56 217OFF
-------------------------------------------------------[2024-09-11 04:28:00.699]

SOURCE: AIR
RX_ID: 1289, Freq: 131.825MHz
Mode: 2 NACKLabel: H1 Block ID: 1, Msg No: F19A
Flight ID: AA0240 REG: N756AM


Message content:-
#M1BPOSN43470E007007,KOL-23,042806,370,RAP-24,043845,RAT-25,M55,28634,367A9FC
-------------------------------------------------------[2024-09-11 04:28:08.452]

SOURCE: AIR
RX_ID: 1290, Freq: 131.825MHz
Mode: 2 NACKLabel: H1 Block ID: 3, Msg No: F20A
Flight ID: BA2066 REG: G-YMMB


Message content:-
#M1BPRG/TS043044,110924/DTEGKK,26L,177,054136,/PR4469,206,380,291,,143,57,,,30,P20,P0,,,,,,,M37934E
-------------------------------------------------------[2024-09-11 04:30:46.152]

SOURCE: AIR
RX_ID: 1291, Freq: 131.725MHz
Mode: G NACKLabel: B9 Block ID: 4, Msg No: J33A
Flight ID: AF0971 REG: F-GZCC


Message content:-
/LFPG.TI2/000LFPGA9F82
-------------------------------------------------------[2024-09-11 04:42:43.363]

SOURCE: AIR
RX_ID: 1292, Freq: 131.725MHz
Mode: G NACKLabel: SA Block ID: 2, Msg No: S57A
Flight ID: AF0705 REG: F-HTYI


Message content:-
0EV050934VSH/
-------------------------------------------------------[2024-09-11 05:09:35.954]

SOURCE: AIR
RX_ID: 1293, Freq: 131.725MHz
Mode: G NACKLabel: 2F Block ID: 0, Msg No: M87A
Flight ID: AF0975 REG: F-GZCG


Message content:-
0517+4426+480/4091
FKYS/LFPG/39994//-60/0.83/161560/152380//RUSIT  //-50/047
-------------------------------------------------------[2024-09-11 05:17:17.786]

SOURCE: AIR
RX_ID: 1294, Freq: 131.725MHz
Mode: E NACKLabel: 2F Block ID: 1, Msg No: M84A
Flight ID: AF0947 REG: F-GZCB


Message content:-
0528+4394+473/4092
FKKD/LFPG/40004//-59/0.80/161668/152380//RUSIT  //-87/027
-------------------------------------------------------[2024-09-11 05:28:26.679]

SOURCE: AIR
RX_ID: 1295, Freq: 131.725MHz
Mode: X NACKLabel: H1 Block ID: 7, Msg No: D16A
Flight ID: DL0028 REG: N837MH


Message content:-
#DFBENGINE BLEED REPORT

AID:N1813  DA:11/09    GMT:05:32    FNO:1887      ISFC: 1490
TAT: 149  SAT:-100   ALT: 17496   MACH:0689    FCNT:  438
GW:315200  FLT:0028-1  MODE:DESC    SID:AK-67-223
S/N L:70616
-------------------------------------------------------[2024-09-11 05:32:49.233]

SOURCE: AIR
RX_ID: 1296, Freq: 131.725MHz
Mode: X NACKLabel: H1 Block ID: 8, Msg No: D16B
Flight ID: DL0028 REG: N837MH


Message content:-
#DFB3         DEPART:KJFK    DESTIN:LFMN
S/N R:706205

               ENG L     ENG R
HPSOV          OPN       OPN
PRV            OPN       OPN
PRSOV          OPN       OPN
FAV %            -023     -183
-------------------------------------------------------[2024-09-11 05:32:54.351]

SOURCE: AIR
RX_ID: 1297, Freq: 131.725MHz
Mode: X NACKLabel: H1 Block ID: 9, Msg No: D16C
Flight ID: DL0028 REG: N837MH


Message content:-
#DFB
N1 SPD          4116     4094
HI STG PRESS    4650     4600
INTERM PRESS1    2991     3734
INTERM PRESS2    3702     3411
STRUT OVHT     NRML      NRML
DUCT PRESS       3363     3388
P-COOL TEMP    
-------------------------------------------------------[2024-09-11 05:32:58.227]

SOURCE: AIR
RX_ID: 1298, Freq: 131.725MHz
Mode: X NACKLabel: H1 Block ID: 0, Msg No: D16D
Flight ID: DL0028 REG: N837MH


Message content:-
#DFB38122    37828
PACK HX TEMP    35166    35409
PACK FLOW       13703    13128
WING ANTI ICE  OFF
LT  ISO VLV    CLS
RT  ISO VLV    CLS
CTR ISO VLV    OPN

TRIGGER CODE   0000

STATUS WORDS  DW1  DW
-------------------------------------------------------[2024-09-11 05:33:02.326]

SOURCE: AIR
RX_ID: 1299, Freq: 131.725MHz
Mode: X NACKLabel: H1 Block ID: 1, Msg No: D16E
Flight ID: DL0028 REG: N837MH


Message content:-
#DFB2  DW3  DW4  DW5  DW6  DW7  DW8  EICAS
LEFT          0000 0001 0000 0000 0000 0000 1040 0000 0000
RIGHT         0000 0001 0000 0000 0000 0000 1040 0000 0000

-------------------------------------------------------[2024-09-11 05:33:06.021]

SOURCE: AIR
RX_ID: 1300, Freq: 131.525MHz
Mode: T NACKLabel: 2Z Block ID: 7, Msg No: M16A
Flight ID: AF7300 REG: F-GMZE


Message content:-
LFMN
-------------------------------------------------------[2024-09-11 05:54:03.465]

SOURCE: AIR
RX_ID: 1301, Freq: 131.525MHz
Mode: T NACKLabel: 2F Block ID: 9, Msg No: M17A
Flight ID: AF7300 REG: F-GMZE


Message content:-
0556+4438+523/3149
-------------------------------------------------------[2024-09-11 05:56:09.635]

SOURCE: AIR
RX_ID: 1302, Freq: 131.525MHz
Mode: T NACKLabel: 26 Block ID: 0, Msg No: M18A
Flight ID: AF7300 REG: F-GMZE


Message content:-
0602LFPGAF7300/110617LFMN04L
-------------------------------------------------------[2024-09-11 06:02:03.722]

SOURCE: AIR
RX_ID: 1303, Freq: 131.825MHz
Mode: 2 NACKLabel: 1L Block ID: 3, Msg No: M80A
Flight ID: LH0501 REG: D-AIGO


Message content:-
00062209284NM543MW225120,063)T67IX0E0HFD8663)YJII267,7*OTE3H3
-------------------------------------------------------[2024-09-11 06:14:12.897]

SOURCE: AIR
RX_ID: 1304, Freq: 131.725MHz
Mode: E NACKLabel: 12 Block ID: 8, Msg No: M50A
Flight ID: KL0592 REG: PH-BVK


Message content:-
P6A07M11063300KLM592  FAOREHAM
ATM DISPATCH MSG
.
FREETEXT ACCEPTED
.
-------------------------------------------------------[2024-09-11 06:33:32.842]

SOURCE: AIR
RX_ID: 1305, Freq: 131.725MHz
Mode: E NACKLabel: H1 Block ID: 9, Msg No: D03A
Flight ID: KL0592 REG: PH-BVK


Message content:-
#DFB(POS-KLM592  -4427N00448E/063713 F360
RMK/FUEL  14.0 M0.82)
-------------------------------------------------------[2024-09-11 06:37:15.892]

SOURCE: AIR
RX_ID: 1306, Freq: 131.525MHz
Mode: 2 NACKLabel: SA Block ID: 7, Msg No: M37A
Flight ID: GS0000 REG: LXLFX


Message content:-
0LS110724V/
-------------------------------------------------------[2024-09-11 07:24:45.263]

SOURCE: AIR
RX_ID: 1307, Freq: 131.725MHz
Mode: G NACKLabel: 10 Block ID: 9, Msg No: M37A
Flight ID: KL0104 REG: PH-BVF


Message content:-
ETA07A11072700KLM104  FACTEHAM110852EHAM0170
-------------------------------------------------------[2024-09-11 07:27:47.580]

SOURCE: AIR
RX_ID: 1308, Freq: 131.725MHz
Mode: E NACKLabel: 83 Block ID: 2, Msg No: M04A
Flight ID: GS0001 REG: OONEY


Message content:-
001PR11073348N4304.9E00552.02954240068
-------------------------------------------------------[2024-09-11 07:33:50.077]

SOURCE: AIR
RX_ID: 1309, Freq: 131.725MHz
Mode: G NACKLabel: 16 Block ID: 8, Msg No: M09A
Flight ID: 3L1002 REG: 9H-HFI


Message content:-
073748,40000,0831,  12,N 44.279 E  4.748
-------------------------------------------------------[2024-09-11 07:37:51.742]

SOURCE: AIR
RX_ID: 1310, Freq: 131.725MHz
Mode: G NACKLabel: H1 Block ID: 0, Msg No: D84A
Flight ID: KL0104 REG: PH-BVF


Message content:-
#DFB(POS-KLM104  -4433N00443E/073830 F360
RMK/FUEL  15.8 M0.84)
-------------------------------------------------------[2024-09-11 07:38:33.287]

SOURCE: AIR
RX_ID: 1311, Freq: 131.725MHz
Mode: G NACKLabel: 20 Block ID: 1, Msg No: M38A
Flight ID: KL0104 REG: PH-BVF


Message content:-
RST07A11073900KLM104  FACTEHAM
-------------------------------------------------------[2024-09-11 07:39:03.824]

SOURCE: AIR
RX_ID: 1312, Freq: 131.525MHz
Mode: T NACKLabel: 2F Block ID: 3, Msg No: M35A
Flight ID: AF7301 REG: F-GMZE


Message content:-
0748+4445+650/2657
-------------------------------------------------------[2024-09-11 07:48:15.332]

SOURCE: AIR
RX_ID: 1313, Freq: 131.525MHz
Mode: T NACKLabel: 2Z Block ID: 1, Msg No: M37A
Flight ID: AF7302 REG: F-GMZA


Message content:-
LFMN
-------------------------------------------------------[2024-09-11 08:01:02.900]

SOURCE: AIR
RX_ID: 1314, Freq: 131.525MHz
Mode: T NACKLabel: 2F Block ID: 3, Msg No: M38A
Flight ID: AF7302 REG: F-GMZA


Message content:-
0804+4430+529/3247
-------------------------------------------------------[2024-09-11 08:04:23.427]

SOURCE: AIR
RX_ID: 1315, Freq: 131.525MHz
Mode: T NACKLabel: 26 Block ID: 4, Msg No: M39A
Flight ID: AF7302 REG: F-GMZA


Message content:-
0809LFPGAF7302/110824LFMN04L
-------------------------------------------------------[2024-09-11 08:09:03.168]

SOURCE: AIR
RX_ID: 1316, Freq: 131.825MHz
Mode: 2 NACKLabel: H1 Block ID: 2, Msg No: F16A
Flight ID: AA0239 REG: N756AM


Message content:-
#M1BPOSN43376E007223,PIGOS,090555,320,BODRU,091303,KOTIT,M43,27827,2060E8F4
-------------------------------------------------------[2024-09-11 09:05:57.317]

SOURCE: AIR
RX_ID: 1317, Freq: 131.725MHz
Mode: G NACKLabel: SA Block ID: 1, Msg No: S07A
Flight ID: DL0025 REG: N837MH


Message content:-
0EV090917VS
-------------------------------------------------------[2024-09-11 09:09:18.206]

SOURCE: AIR
RX_ID: 1318, Freq: 131.825MHz
Mode: 2 NACKLabel: H1 Block ID: 4, Msg No: D58B
Flight ID: AA0239 REG: N756AM


Message content:-
#DFB159204860.0090.004 12.63 -66.80209720-44 274OFF
 43.2027   8.8881319996149604890.0110.008 15.25 -80.86208760-43 274OFF
 43.3445   8.3860319976140004880.0090.005 15.75 -85.43207800-43 275OFF
-------------------------------------------------------[2024-09-11 09:11:59.231]

SOURCE: AIR
RX_ID: 1319, Freq: 131.725MHz
Mode: G NACKLabel: 4H Block ID: 2, Msg No: M69A
Flight ID: DL0025 REG: N837MH


Message content:-
11094H LFMN KATL6
  
WPR RESET





-------------------------------------------------------[2024-09-11 09:12:43.007]

SOURCE: AIR
RX_ID: 1320, Freq: 131.725MHz
Mode: G NACKLabel: H1 Block ID: 4, Msg No: F02A
Flight ID: DL0025 REG: N837MH


Message content:-
#M1BREJPOS,091247,130,219,RF101,YEOLD.130,219,RF101,SCHUL.130,219,RF101,TDUNN.130,219,RF101,WLLSN.130,219,RF101,MHONY.130,219,RF101,TEDGE.130,219,RF101,GBAKE.130,219,RF101,WINNG.130,219,RF101,OZZZI.130,219,RF10
-------------------------------------------------------[2024-09-11 09:12:51.601]

SOURCE: AIR
RX_ID: 1321, Freq: 131.725MHz
Mode: G ACK, A2GLabel: H1 Block ID: 4, Msg No: F02A
Flight ID: DL0025 REG: N837MH


Message content:-
#M1BREJPOS,091247,130,219,RF101,YEOLD.130,219,RF101,SCHUL.130,219,RF101,TDUNN.130,219,RF101,WLLSN.130,219,RF101,MHONY.130,219,RF101,TEDGE.130,219,RF101,GBAKE.130,219,RF101,WINNG.130,219,RF101,OZZZI.130,219,RF10
-------------------------------------------------------[2024-09-11 09:12:53.248]

SOURCE: AIR
RX_ID: 1322, Freq: 131.725MHz
Mode: G NACKLabel: H1 Block ID: 5, Msg No: F02B
Flight ID: DL0025 REG: N837MH


Message content:-
#M1B1,HAARYFB1B
-------------------------------------------------------[2024-09-11 09:12:56.723]

SOURCE: AIR
RX_ID: 1323, Freq: 131.725MHz
Mode: G NACKLabel: H1 Block ID: 6, Msg No: D09A
Flight ID: DL0025 REG: N837MH


Message content:-
#DFB239N1813 0025091124091429805 4496   511319-11-42260 40XX-223128920
 293 44301022883200B07GXLFMNKATL
-------------------------------------------------------[2024-09-11 09:14:39.122]

SOURCE: AIR
RX_ID: 1324, Freq: 131.725MHz
Mode: G NACKLabel: H1 Block ID: 7, Msg No: F03A
Flight ID: DL0025 REG: N837MH


Message content:-
#M1BPOSN45018E004326,ETR01,091758,320,NOQ02,092010,LERGA,M42,27631,1295,8040261
-------------------------------------------------------[2024-09-11 09:18:02.284]

SOURCE: AIR
RX_ID: 1325, Freq: 131.725MHz
Mode: G NACKLabel: H1 Block ID: 7, Msg No: F03A
Flight ID: DL0025 REG: N837MH


Message content:-
#M1BPOSN45018E004326,ETR01,091758,320,NOQ02,092010,LERGA,M42,27631,1295,8040261
-------------------------------------------------------[2024-09-11 09:18:14.570]

SOURCE: AIR
RX_ID: 1326, Freq: 131.725MHz
Mode: G NACKLabel: 4H Block ID: 8, Msg No: M71A
Flight ID: DL0025 REG: N837MH


Message content:-
11094H LFMN KATL6
  
WPR RESET





-------------------------------------------------------[2024-09-11 09:19:02.917]

SOURCE: AIR
RX_ID: 1327, Freq: 131.725MHz
Mode: G NACKLabel: H1 Block ID: 0, Msg No: F04A
Flight ID: DL0025 REG: N837MH


Message content:-
#M1BREJPOS,091908,130,219,RF101,ETREK.130,219,RF101,YEOLD.130,219,RF101,SCHUL.130,219,RF101,TDUNN.130,219,RF101,WLLSN.130,219,RF101,MHONY.130,219,RF101,TEDGE.130,219,RF101,GBAKE.130,219,RF101,WINNG.130,219,RF10
-------------------------------------------------------[2024-09-11 09:19:13.158]

SOURCE: AIR
RX_ID: 1328, Freq: 131.725MHz
Mode: G ACK, A2GLabel: H1 Block ID: 0, Msg No: F04A
Flight ID: DL0025 REG: N837MH


Message content:-
#M1BREJPOS,091908,130,219,RF101,ETREK.130,219,RF101,YEOLD.130,219,RF101,SCHUL.130,219,RF101,TDUNN.130,219,RF101,WLLSN.130,219,RF101,MHONY.130,219,RF101,TEDGE.130,219,RF101,GBAKE.130,219,RF101,WINNG.130,219,RF10
-------------------------------------------------------[2024-09-11 09:19:21.350]

SOURCE: AIR
RX_ID: 1329, Freq: 131.725MHz
Mode: X NACKLabel: B1 Block ID: 3, Msg No: M89A
Flight ID: DL0233 REG: N1602


Message content:-
/EGGX.OC1/RCL 024
DAL233-ETIKI/1051 M081F360
-RMK/MAX F370DFF3
-------------------------------------------------------[2024-09-11 09:22:50.652]

SOURCE: AIR
RX_ID: 1330, Freq: 131.725MHz
Mode: X NACKLabel: B2 Block ID: 7, Msg No: M90A
Flight ID: DL0233 REG: N1602


Message content:-
/PIKCLYA.OC1/CLA 0924 240911 EGGX
CLRNCE 787
DAL233 CLRD TO KJFK VIA
ETIKI
NAT G
ETIKI 47N015W 46N020W
45N030W 44N040W 43N050W
JEBBY CARAC
FM ETIKI/1051 MNTN F370
M081
ATC/LEVEL CHANGE CROSS
ETIKI AT
-------------------------------------------------------[2024-09-11 09:24:32.650]

SOURCE: AIR
RX_ID: 1331, Freq: 131.725MHz
Mode: X NACKLabel: B2 Block ID: 8, Msg No: M90B
Flight ID: DL0233 REG: N1602


Message content:-
 OR AFTER 1051
END OF MESSAGE2AFF
-------------------------------------------------------[2024-09-11 09:24:36.745]

SOURCE: AIR
RX_ID: 1332, Freq: 131.825MHz
Mode: 2 NACKLabel: H1 Block ID: 6, Msg No: D59A
Flight ID: AA0239 REG: N756AM


Message content:-
#DFBTRP LIRF KDFW 07  8 386   0  0 091449
 43.4839   7.8839320006130804850.0100.005 18.62 -82.27206880-43 274OFF
 43.6205   7.3904320026122004850.0100.006 26.00 -75.94206000-43 274OFF
 43.8593   6.9777329366
-------------------------------------------------------[2024-09-11 09:26:52.758]

SOURCE: AIR
RX_ID: 1333, Freq: 131.825MHz
Mode: 2 NACKLabel: H1 Block ID: 7, Msg No: D59B
Flight ID: AA0239 REG: N756AM


Message content:-
#DFB111204900.0120.007 34.25 -93.52204920-45 263OFF
 44.1026   6.5652339806100004880.0250.018 37.88 -89.65203800-48 250OFF
 44.3398   6.1573339926090804860.0490.042 44.00 -91.41202880-49 250OFF
-------------------------------------------------------[2024-09-11 09:26:59.118]

SOURCE: AIR
RX_ID: 1334, Freq: 131.825MHz
Mode: 2 NACKLabel: H1 Block ID: 6, Msg No: C12A
Flight ID: VY06CV REG: EC-LOB


Message content:-
#CFBWRN/WN24091109290046200006DATALINK COMPANY FAULT  
-------------------------------------------------------[2024-09-11 09:30:06.109]

SOURCE: AIR
RX_ID: 1335, Freq: 131.725MHz
Mode: G NACKLabel: H1 Block ID: 9, Msg No: D37A
Flight ID: DL0024 REG: N833MH


Message content:-
#DFBENGINE BLEED REPORT

AID:N1809  DA:11/09    GMT:09:29    FNO:1479      ISFC: 1710
TAT:  43  SAT:-155   ALT: 19980   MACH:0620    FCNT:  140
GW:321880  FLT:0024-1  MODE:DESC    SID:AK-67-223
S/N L:70700
-------------------------------------------------------[2024-09-11 09:30:11.594]

SOURCE: AIR
RX_ID: 1336, Freq: 131.825MHz
Mode: 2 NACKLabel: H1 Block ID: 7, Msg No: C13A
Flight ID: VY06CV REG: EC-LOB


Message content:-
#CFBWRN/WN24091109290046200006DATALINK ATC FAULT      
-------------------------------------------------------[2024-09-11 09:30:12.656]

SOURCE: AIR
RX_ID: 1337, Freq: 131.725MHz
Mode: G NACKLabel: H1 Block ID: 0, Msg No: D37B
Flight ID: DL0024 REG: N833MH


Message content:-
#DFB0         DEPART:KATL    DESTIN:LFMN
S/N R:707000

               ENG L     ENG R
HPSOV          OPN       OPN
PRV            OPN       OPN
PRSOV          OPN       OPN
FAV %            1213     -140
-------------------------------------------------------[2024-09-11 09:30:16.312]

SOURCE: AIR
RX_ID: 1338, Freq: 131.725MHz
Mode: G NACKLabel: H1 Block ID: 1, Msg No: D37C
Flight ID: DL0024 REG: N833MH


Message content:-
#DFB
N1 SPD          6319     6409
HI STG PRESS    8300     8900
INTERM PRESS1    4608     3945
INTERM PRESS2    4672     3655
STRUT OVHT     NRML      NRML
DUCT PRESS       3700     2550
P-COOL TEMP    
-------------------------------------------------------[2024-09-11 09:30:21.834]

SOURCE: AIR
RX_ID: 1339, Freq: 131.725MHz
Mode: G NACKLabel: H1 Block ID: 2, Msg No: D37D
Flight ID: DL0024 REG: N833MH


Message content:-
#DFB37513    36253
PACK HX TEMP    34803    34209
PACK FLOW       16952    10836
WING ANTI ICE  OFF
LT  ISO VLV    CLS
RT  ISO VLV    CLS
CTR ISO VLV    OPN

TRIGGER CODE   0000

STATUS WORDS  DW1  DW
-------------------------------------------------------[2024-09-11 09:30:26.552]

SOURCE: AIR
RX_ID: 1340, Freq: 131.725MHz
Mode: G NACKLabel: H1 Block ID: 3, Msg No: D37E
Flight ID: DL0024 REG: N833MH


Message content:-
#DFB2  DW3  DW4  DW5  DW6  DW7  DW8  EICAS
LEFT          0000 0001 0000 0000 0000 0000 1040 0000 0000
RIGHT         0000 0001 0000 0000 0000 0000 1040 0000 0000

-------------------------------------------------------[2024-09-11 09:30:30.649]

SOURCE: AIR
RX_ID: 1341, Freq: 131.525MHz
Mode: T NACKLabel: 2F Block ID: 0, Msg No: M57A
Flight ID: AF7303 REG: F-GMZA


Message content:-
0942+4459+641/2853
-------------------------------------------------------[2024-09-11 09:42:51.371]

SOURCE: AIR
RX_ID: 1342, Freq: 131.825MHz
Mode: 2 NACKLabel: SA Block ID: 8, Msg No: S90A
Flight ID: NW0207 REG: N815NW


Message content:-
0EV094535VS
-------------------------------------------------------[2024-09-11 09:45:37.738]

SOURCE: AIR
RX_ID: 1343, Freq: 131.825MHz
Mode: 2 NACKLabel: SA Block ID: 8, Msg No: S90A
Flight ID: NW0207 REG: N815NW


Message content:-
0EV094535VS
-------------------------------------------------------[2024-09-11 09:45:57.413]

SOURCE: AIR
RX_ID: 1344, Freq: 131.725MHz
Mode: X NACKLabel: H1 Block ID: 2, Msg No: D03A
Flight ID: SN04BE REG: OO-SFC


Message content:-
#DFB001008900101010734230
R01/A33001,1,1
C1,.OO-SFC,24SEP11,09.57.11,EBBR,HBBA,BEL4BE    ,4000,406
C2,004,06.0,000000,D1333RR06C0BEL4,000,052,052
C3,-22.0,34999,0.820,111,1.06,111,10,0,01,111,1.06,X
C4,-22
-------------------------------------------------------[2024-09-11 09:57:38.606]

SOURCE: AIR
RX_ID: 1345, Freq: 131.725MHz
Mode: X NACKLabel: H1 Block ID: 2, Msg No: D03A
Flight ID: SN04BE REG: OO-SFC


Message content:-
#DFB001008900101010734230
R01/A33001,1,1
C1,.OO-SFC,24SEP11,09.57.11,EBBR,HBBA,BEL4BE    ,4000,406
C2,004,06.0,000000,D1333RR06C0BEL4,000,052,052
C3,-22.0,34999,0.820,111,1.06,111,10,0,01,111,1.06,X
C4,-22
-------------------------------------------------------[2024-09-11 09:57:46.397]

SOURCE: AIR
RX_ID: 1346, Freq: 131.825MHz
Mode: 2 NACKLabel: H1 Block ID: 2, Msg No: F07A
Flight ID: NW0113 REG: N812NW


Message content:-
#M1BRESPWI/AC8,085/TS100638,1109247E7D
-------------------------------------------------------[2024-09-11 10:07:05.537]

SOURCE: AIR
RX_ID: 1347, Freq: 131.725MHz
Mode: X NACKLabel: H1 Block ID: 9, Msg No: D52A
Flight ID: KL0591 REG: PH-BVB


Message content:-
#DFB(POS-KLM591  -4326N00701E/101005 F330
RMK/FUEL  79.4 M0.84)
-------------------------------------------------------[2024-09-11 10:10:08.176]

SOURCE: AIR
RX_ID: 1348, Freq: 131.825MHz
Mode: 2 NACKLabel: B1 Block ID: 8, Msg No: M06A
Flight ID: NW0113 REG: N812NW


Message content:-
/PIKCLXS.OC1/RCL 040
DAL113-ETIKI/1155 M082F370
-RMK/MAX F380804F
-------------------------------------------------------[2024-09-11 10:25:26.120]

SOURCE: AIR
RX_ID: 1349, Freq: 131.725MHz
Mode: G NACKLabel: H1 Block ID: 3, Msg No: F98A
Flight ID: KL0535 REG: PH-AOE


Message content:-
#M1BRESPWI/AC,3018259
-------------------------------------------------------[2024-09-11 10:35:07.326]

SOURCE: AIR
RX_ID: 1350, Freq: 131.725MHz
Mode: X NACKLabel: 16 Block ID: 1, Msg No: M11A
Flight ID: SN037K REG: OO-SFF


Message content:-
11SEP24,1038,N 44.285,E  5.589,34966,1703,110360
-------------------------------------------------------[2024-09-11 10:38:30.700]

SOURCE: AIR
RX_ID: 1351, Freq: 131.825MHz
Mode: 2 NACKLabel: H1 Block ID: 7, Msg No: D59A
Flight ID: NW0203 REG: N822NW


Message content:-
#DFB002212300101011003011
R02/A33002,1,1
C1,.N822NW,24SEP11,10.11.14,LGAV,KJFK,DAL203    ,5000,551
C2,001,06.0,000000,D1033GE04C00510,000,000,000
C3,-19.3,33998,0.811,111,1.89,111,10,0,01,111,1.89,X
C4,-19
-------------------------------------------------------[2024-09-11 10:47:26.512]

SOURCE: AIR
RX_ID: 1352, Freq: 131.825MHz
Mode: 2 NACKLabel: H1 Block ID: 8, Msg No: D59B
Flight ID: NW0203 REG: N822NW


Message content:-
#DFB.2,33999,0.812,111
C5,811839,11798,20563,01442,1HH1H11111111H,00001,26064,2,084
C6,811795,11798,12425,01442,1HH11111111111,00001,26064,2,084
N1,095.05,095.0,095.1,100.4,0701,---.-,06902,--.--,--.--
N2,0
-------------------------------------------------------[2024-09-11 10:47:33.682]

SOURCE: AIR
RX_ID: 1353, Freq: 131.825MHz
Mode: 2 NACKLabel: H1 Block ID: 9, Msg No: D59C
Flight ID: NW0203 REG: N822NW


Message content:-
#DFB95.05,095.0,095.1,100.4,0701,---.-,06876,--.--,--.--
S1,072.5,170.3,454.7,---.-,73.9,-0.0,078,052,024.5,44,145
S2,075.3,170.3,453.3,---.-,73.0,-0.0,077,052,028.1,48,142
T1,--.--,054,114.6,0,02.7,0.02,0.2
-------------------------------------------------------[2024-09-11 10:47:40.228]

SOURCE: AIR
RX_ID: 1354, Freq: 131.825MHz
Mode: 2 NACKLabel: H1 Block ID: 1, Msg No: D59E
Flight ID: NW0203 REG: N822NW


Message content:-
#DFB02.7,000760,467181,33.5
X4,-00.1,-00.1,-00.1,-00.1,-00.1,-00.1,000.0,000.0,-069.6
X5,-00.1,-00.1,-00.1,-00.0,-00.1,-00.1,000.0,000.0,-069.8
X6,-00.5,000.2,026,-084,011.6,0.807
X7,-00.2,000.3,029,-085,01
-------------------------------------------------------[2024-09-11 10:47:53.321]

SOURCE: AIR
RX_ID: 1355, Freq: 131.825MHz
Mode: 2 NACKLabel: H1 Block ID: 2, Msg No: D59F
Flight ID: NW0203 REG: N822NW


Message content:-
#DFB0.9,0.808:

-------------------------------------------------------[2024-09-11 10:47:59.282]

SOURCE: AIR
RX_ID: 1356, Freq: 131.825MHz
Mode: 2 NACKLabel: H1 Block ID: 4, Msg No: C11A
Flight ID: NW0203 REG: N822NW


Message content:-
#CFB.1/FLR/FR2409111049  31632206DMC2   1,DMC1,DMC3,,,,,DU PFD FO(1WK2),INTERMITTENT
-------------------------------------------------------[2024-09-11 10:50:56.616]

SOURCE: AIR
RX_ID: 1357, Freq: 131.825MHz
Mode: 2 NACKLabel: 24 Block ID: 5, Msg No: M51A
Flight ID: NW0203 REG: N822NW


Message content:-
111024 LGAV KJFK7
/FN 0203
-------------------------------------------------------[2024-09-11 10:53:25.505]

SOURCE: AIR
RX_ID: 1358, Freq: 131.825MHz
Mode: 2 NACKLabel: 30 Block ID: 7, Msg No: M52A
Flight ID: NW0203 REG: N822NW


Message content:-
111030 LGAV KJFK7
/FN 0203
A      
GOOD MORNING..
CAN YOU WORK WITH JFK TO
GET A GATE NEAR CUSTOMS
WE HAVE 26 WCHRS...THANK
S
-------------------------------------------------------[2024-09-11 10:58:04.881]

SOURCE: AIR
RX_ID: 1359, Freq: 131.825MHz
Mode: 2 NACKLabel: 27 Block ID: 8, Msg No: M53A
Flight ID: NW0203 REG: N822NW


Message content:-
111027 LGAV KJFK7
/FN 0203
                       
FO OUTER DISPLAY
INTERMITTENT INOP
-------------------------------------------------------[2024-09-11 10:59:25.156]

SOURCE: AIR
RX_ID: 1360, Freq: 131.825MHz
Mode: 2 NACKLabel: B1 Block ID: 0, Msg No: M54A
Flight ID: NW0203 REG: N822NW


Message content:-
/PIKCLXS.OC1/RCL 024
DAL203-ETEKI/1231 M082F360
-RMK/MAX FL3706E9F
-------------------------------------------------------[2024-09-11 11:02:12.290]

SOURCE: AIR
RX_ID: 1361, Freq: 131.825MHz
Mode: 2 NACKLabel: H1 Block ID: 3, Msg No: D60A
Flight ID: NW0203 REG: N822NW


Message content:-
#DFB239212300801010098077
R39/A33039,1,1
239N822NW203 091124110447821 4503   442359-25-55278 47AB0510109880
 274 427-001292241030IH-LGAVKJFK
-------------------------------------------------------[2024-09-11 11:05:02.683]

SOURCE: AIR
RX_ID: 1362, Freq: 131.825MHz
Mode: 2 NACKLabel: B1 Block ID: 4, Msg No: M55A
Flight ID: NW0203 REG: N822NW


Message content:-
/PIKCLXS.OC1/RCL 024
DAL203-REGHI/1226 M082F360
-RMK/MAX FL370178E
-------------------------------------------------------[2024-09-11 11:05:12.300]

SOURCE: AIR
RX_ID: 1363, Freq: 131.825MHz
Mode: 2 NACKLabel: H1 Block ID: 8, Msg No: D18A
Flight ID: AA0721 REG: N762AN


Message content:-
#DFBTRP LIRF KCLT 07  8 224   0  0 105341
 42.6239  10.0149306945586804920.0080.004 20.75 -90.00171600-40 292OFF
 42.8129   9.5435337085574404900.0270.022 23.12 -97.38170360-47 253OFF
 43.0012   9.0805340005
-------------------------------------------------------[2024-09-11 11:05:44.445]

SOURCE: AIR
RX_ID: 1364, Freq: 131.825MHz
Mode: 2 NACKLabel: H1 Block ID: 9, Msg No: F51A
Flight ID: AA0721 REG: N762AN


Message content:-
#M1BPOSN44173E006273,BOD-08,110542,340,KOT-09,111040,ETREK,M48,26642,16433E71
-------------------------------------------------------[2024-09-11 11:05:50.590]

SOURCE: AIR
RX_ID: 1365, Freq: 131.825MHz
Mode: 2 NACKLabel: H1 Block ID: 0, Msg No: D18B
Flight ID: AA0721 REG: N762AN


Message content:-
#DFB565604860.0140.008 25.87 -91.41169480-49 250OFF
 43.2000   8.6296339995557204870.0180.011 25.12 -92.46168600-48 250OFF
 43.4065   8.1840340015548404810.0530.043 27.00-106.87167760-48 250OFF
-------------------------------------------------------[2024-09-11 11:05:57.573]

SOURCE: AIR
RX_ID: 1366, Freq: 131.825MHz
Mode: 2 NACKLabel: B1 Block ID: 6, Msg No: M56A
Flight ID: NW0203 REG: N822NW


Message content:-
/PIKCLXS.OC1/RCL 024
DAL203-ETIKI/1231 M082F360
-RMK/MAX FL37057C9
-------------------------------------------------------[2024-09-11 11:06:42.416]

SOURCE: AIR
RX_ID: 1367, Freq: 131.725MHz
Mode: G NACKLabel: 16 Block ID: 9, Msg No: M19A
Flight ID: SN039G REG: OO-SFG


Message content:-
11SEP24,1107,N 44.487,E  6.895,37010,1638,91480
-------------------------------------------------------[2024-09-11 11:07:41.150]

SOURCE: AIR
RX_ID: 1368, Freq: 131.825MHz
Mode: 2 NACKLabel: 16 Block ID: 1, Msg No: M59A
Flight ID: XSMBU6 REG: 2-UTMH


Message content:-
111608,37001,1439, 263,N 43.825 E  6.524
-------------------------------------------------------[2024-09-11 11:16:10.967]

SOURCE: AIR
RX_ID: 1369, Freq: 131.825MHz
Mode: 2 NACKLabel: 16 Block ID: 1, Msg No: M59A
Flight ID: XSMBU6 REG: 2-UTMH


Message content:-
111608,37001,1439, 263,N 43.825 E  6.524
-------------------------------------------------------[2024-09-11 11:16:54.163]

SOURCE: AIR
RX_ID: 1370, Freq: 131.825MHz
Mode: 2 NACKLabel: 16 Block ID: 1, Msg No: M59A
Flight ID: XSMBU6 REG: 2-UTMH


Message content:-
111608,37001,1439, 263,N 43.825 E  6.524
-------------------------------------------------------[2024-09-11 11:17:05.425]

SOURCE: AIR
RX_ID: 1371, Freq: 131.825MHz
Mode: 2 NACKLabel: H1 Block ID: 3, Msg No: D19B
Flight ID: AA0721 REG: N762AN


Message content:-
#DFB522804900.0240.012 44.25 -94.57165160-49 250OFF
 44.2864   6.4615339995514404890.0470.037 42.88 -93.16164320-48 250OFF
 44.5042   6.0325340035505604900.0440.028 46.00 -91.41163480-48 250OFF
-------------------------------------------------------[2024-09-11 11:20:50.930]

SOURCE: AIR
RX_ID: 1372, Freq: 131.825MHz
Mode: 2 NACKLabel: H1 Block ID: 4, Msg No: F53A
Flight ID: AA0721 REG: N762AN


Message content:-
#M1BPOSN45192E003465,LER-11,112321,340,FOU-12,114223,MANAK,M48,27244,15937AD2
-------------------------------------------------------[2024-09-11 11:23:23.108]

SOURCE: AIR
RX_ID: 1373, Freq: 131.725MHz
Mode: G NACKLabel: 44 Block ID: 9, Msg No: M95A
Flight ID: GS0000 REG: FRAFQ


Message content:-
03m0>xJqL-JJDe+xxDx99qxtJq#q#qxVttqtt(eqtt(Pq#####
-------------------------------------------------------[2024-09-11 11:26:05.064]

SOURCE: AIR
RX_ID: 1374, Freq: 131.725MHz
Mode: E NACKLabel: 16 Block ID: 5, Msg No: M63A
Flight ID: TK08ZU REG: TC-LOH


Message content:-
 /N 42.803/E  5.930/40003/1109/1128/186/1400/
-------------------------------------------------------[2024-09-11 11:28:58.358]

SOURCE: AIR
RX_ID: 1375, Freq: 131.725MHz
Mode: E NACKLabel: 16 Block ID: 6, Msg No: M64A
Flight ID: TK08ZU REG: TC-LOH


Message content:-
 /N 43.671/E  7.416/39995/1109/1138/178/1400/
-------------------------------------------------------[2024-09-11 11:38:59.279]

SOURCE: AIR
RX_ID: 1376, Freq: 131.825MHz
Mode: 2 NACKLabel: 44 Block ID: 5, Msg No: M89A
Flight ID: GS952A REG: CSDFK


Message content:-
07*?X.;)Em000k]..U4<M)m;.) Y- ) ]-{).k;;);;m.);0;M)D+4%%
-------------------------------------------------------[2024-09-11 11:40:29.027]

SOURCE: AIR
RX_ID: 1377, Freq: 131.850MHz
Mode: 2 NACKLabel: 10 Block ID: 3, Msg No: M21A
Flight ID: BA0082 REG: G-VIIA


Message content:-
FTX01.LHRWCBA
GREAT...THANK YOU
-------------------------------------------------------[2024-09-11 11:41:04.397]

SOURCE: AIR
RX_ID: 1378, Freq: 131.825MHz
Mode: 2 NACKLabel: 15 Block ID: 4, Msg No: M22A
Flight ID: BA0082 REG: G-VIIA


Message content:-
FST01DNAAEGLLN439573E0048469380 128 313 M60C 4827934635346311600013011142
-------------------------------------------------------[2024-09-11 11:42:37.856]

SOURCE: AIR
RX_ID: 1379, Freq: 131.825MHz
Mode: 2 NACKLabel: H1 Block ID: 6, Msg No: B00A
Flight ID: GS952A REG: CSDFK


Message content:-
#M2B/.TWX/WX0,LEMG.LEGE999F
-------------------------------------------------------[2024-09-11 11:44:07.798]

SOURCE: AIR
RX_ID: 1380, Freq: 131.825MHz
Mode: 2 NACKLabel: H1 Block ID: 0, Msg No: B01A
Flight ID: GS952A REG: CSDFK


Message content:-
#M2B/.RESTWX/AK,071/TS114428,110924D629
-------------------------------------------------------[2024-09-11 11:44:32.378]

SOURCE: AIR
RX_ID: 1381, Freq: 131.825MHz
Mode: 2 NACKLabel: H1 Block ID: 6, Msg No: F68A
Flight ID: BA0082 REG: G-VIIA


Message content:-
#M1BPRG/TS114551,110924/DTEGLL,27L,155,130119,/PR4280,,380,274,,112,57,,,50,P25,P0,,,,,,,M37E740
-------------------------------------------------------[2024-09-11 11:45:53.294]

SOURCE: AIR
RX_ID: 1382, Freq: 131.825MHz
Mode: 2 NACKLabel: 1L Block ID: 6, Msg No: M22A
Flight ID: LH044J REG: D-AILA


Message content:-
00273234216QDVV1(Y5YDZ D1KK51,36,M
-------------------------------------------------------[2024-09-11 11:45:57.171]

SOURCE: AIR
RX_ID: 1383, Freq: 131.825MHz
Mode: 2 NACKLabel: H1 Block ID: 6, Msg No: F68A
Flight ID: BA0082 REG: G-VIIA


Message content:-
#M1BPRG/TS114551,110924/DTEGLL,27L,155,130119,/PR4280,,380,274,,112,57,,,50,P25,P0,,,,,,,M37E740
-------------------------------------------------------[2024-09-11 11:46:14.980]

SOURCE: AIR
RX_ID: 1384, Freq: 131.825MHz
Mode: 2 NACKLabel: H1 Block ID: 6, Msg No: F68A
Flight ID: BA0082 REG: G-VIIA


Message content:-
#M1BPRG/TS114551,110924/DTEGLL,27L,155,130119,/PR4280,,380,274,,112,57,,,50,P25,P0,,,,,,,M37E740
-------------------------------------------------------[2024-09-11 11:46:38.352]

SOURCE: AIR
RX_ID: 1385, Freq: 131.825MHz
Mode: 2 NACKLabel: H1 Block ID: 1, Msg No: D04A
Flight ID: DA02RW REG: OY-RUU


Message content:-
#DFBA02/A32102,1,1/CCOY-RUU,SEP11,120148,LEMH,EGKK,0002/C106,78013,5000,35,0010,0,0100,51,X/CEN214,34029,266,769,7127,246,I63003/CNN209,34050,267,771,7127,246/EC010452,01389,00578,73,38,38/EE010418,01380,00574,
-------------------------------------------------------[2024-09-11 12:03:20.095]

SOURCE: AIR
RX_ID: 1386, Freq: 131.825MHz
Mode: 2 NACKLabel: H1 Block ID: 3, Msg No: D04C
Flight ID: DA02RW REG: OY-RUU


Message content:-
#DFB354,N202/V103C04,00208,08000,247,119,N121/V203D04,00208,08000,228,111,N121/V3000,003,247/V4000,000,146/X103790,N002,0026,N002,00009,N023/X203957,0000,0024,N002,00008,N022/X3N006,0002,N002,N013,N007,N003,N00
-------------------------------------------------------[2024-09-11 12:03:34.249]

SOURCE: AIR
RX_ID: 1387, Freq: 131.825MHz
Mode: 2 NACKLabel: H1 Block ID: 4, Msg No: D04D
Flight ID: DA02RW REG: OY-RUU


Message content:-
#DFB0/X40000,N000,N000,0000,0000,0000/X50000,N001,N000,0000,0000,0000/X63496,E0047,N443,034,270,0168,0793/X73497,E0047,N443,034,272,0145,0800,/
-------------------------------------------------------[2024-09-11 12:03:41.601]

SOURCE: AIR
RX_ID: 1388, Freq: 131.825MHz
Mode: 2 NACKLabel: B1 Block ID: 9, Msg No: L03A
Flight ID: AC0893 REG: C-FNNQ


Message content:-
/EGGX.OC1/RCL 046
ACA893-SIVIR/1337 M084F340
-RMK/MAX FL3407276
-------------------------------------------------------[2024-09-11 12:07:31.831]

SOURCE: AIR
RX_ID: 1389, Freq: 131.825MHz
Mode: 2 NACKLabel: 4T Block ID: 3, Msg No: M07A
Flight ID: AC0893 REG: C-FNNQ


Message content:-
AGFSR AC0893/11/11/FCOYUL/1211Z/745/4432.0N00549.0E/340/CRUISE/0645/0101/M47/274043/0295/---/458/1105/1125/----/----
-------------------------------------------------------[2024-09-11 12:11:40.667]

SOURCE: AIR
RX_ID: 1390, Freq: 131.825MHz
Mode: 2 NACKLabel: B2 Block ID: 5, Msg No: L04A
Flight ID: AC0893 REG: C-FNNQ


Message content:-
/PIKCLYA.OC1/CLA 1212 240911 EGGX CLRNCE 982
ACA893 CLRD TO CYUL VIA SIVIR
RANDOM ROUTE
46N015W 46N020W 47N030W 48N040W 49N050W JOOPY
FM SIVIR/1337 MNTN F300 M084
ATC/LEVEL CHANGE
END OF MESSAGEC57E
-------------------------------------------------------[2024-09-11 12:13:14.473]

SOURCE: AIR
RX_ID: 1391, Freq: 131.725MHz
Mode: X NACKLabel: SA Block ID: 5, Msg No: S85A
Flight ID: TS0435 REG: C-GUFZ


Message content:-
0LH121613VS
-------------------------------------------------------[2024-09-11 12:16:15.075]

SOURCE: AIR
RX_ID: 1392, Freq: 131.825MHz
Mode: 2 NACKLabel: SA Block ID: 7, Msg No: S85A
Flight ID: AC0893 REG: C-FNNQ


Message content:-
0LS121700VH
-------------------------------------------------------[2024-09-11 12:17:02.000]

SOURCE: AIR
RX_ID: 1393, Freq: 131.825MHz
Mode: 2 NACKLabel: H1 Block ID: 9, Msg No: C01A
Flight ID: VY04UJ REG: EC-LOB


Message content:-
#CFBWRN/WN24091112180046200006DATALINK ATC FAULT      
-------------------------------------------------------[2024-09-11 12:18:33.983]

SOURCE: AIR
RX_ID: 1394, Freq: 131.825MHz
Mode: 2 NACKLabel: H1 Block ID: 0, Msg No: C02A
Flight ID: VY04UJ REG: EC-LOB


Message content:-
#CFBWRN/WN24091112180046200006DATALINK COMPANY FAULT  
-------------------------------------------------------[2024-09-11 12:18:39.291]

SOURCE: AIR
RX_ID: 1395, Freq: 131.825MHz
Mode: 2 NACKLabel: H1 Block ID: 0, Msg No: C02A
Flight ID: VY04UJ REG: EC-LOB


Message content:-
#CFBWRN/WN24091112180046200006DATALINK COMPANY FAULT  
-------------------------------------------------------[2024-09-11 12:18:57.322]

SOURCE: AIR
RX_ID: 1396, Freq: 131.825MHz
Mode: 2 NACKLabel: H1 Block ID: 0, Msg No: C02A
Flight ID: VY04UJ REG: EC-LOB


Message content:-
#CFBWRN/WN24091112180046200006DATALINK COMPANY FAULT  
-------------------------------------------------------[2024-09-11 12:19:14.955]

SOURCE: AIR
RX_ID: 1397, Freq: 131.825MHz
Mode: 2 NACKLabel: SA Block ID: 9, Msg No: S57A
Flight ID: CA0908 REG: B-7832


Message content:-
0EV121952VS/
-------------------------------------------------------[2024-09-11 12:19:52.223]

SOURCE: AIR
RX_ID: 1398, Freq: 131.725MHz
Mode: E NACKLabel: 4H Block ID: 5, Msg No: M37A
Flight ID: DL0029 REG: N833MH


Message content:-
11124H LFMN KJFK6
  
WPR RESET





-------------------------------------------------------[2024-09-11 12:21:43.591]

SOURCE: AIR
RX_ID: 1399, Freq: 131.725MHz
Mode: X NACKLabel: 44 Block ID: 3, Msg No: M62A
Flight ID: GS0000 REG: FRAFQ


Message content:-
05IOFjd)]uuCjeXjjudxe)ddC)w)w)jBxx)x99o)xdxu)wwwww
-------------------------------------------------------[2024-09-11 12:26:47.743]

SOURCE: AIR
RX_ID: 1400, Freq: 131.725MHz
Mode: 2 NACKLabel: 15 Block ID: 5, Msg No: M04A
Flight ID: XA0001 REG: T7RCW


Message content:-
(2N43292E  5084OFF1109241224B1717------- (Z
-------------------------------------------------------[2024-09-11 12:26:50.191]

SOURCE: AIR
RX_ID: 1401, Freq: 131.725MHz
Mode: E NACKLabel: H1 Block ID: 8, Msg No: F98A
Flight ID: DL0029 REG: N833MH


Message content:-
#M1BPOSN44362E005412,KOTIT,122936,320,ETREK,123717,NOQAS,M43,25042,1042,8005AB6
-------------------------------------------------------[2024-09-11 12:29:39.792]

SOURCE: AIR
RX_ID: 1402, Freq: 131.525MHz
Mode: T NACKLabel: B9 Block ID: 2, Msg No: L10A
Flight ID: AF7308 REG: F-GMZD


Message content:-
/LFMN.TI2/064LFMNCA3EE
-------------------------------------------------------[2024-09-11 12:29:47.947]

SOURCE: AIR
RX_ID: 1403, Freq: 131.725MHz
Mode: E NACKLabel: 4H Block ID: 9, Msg No: M40A
Flight ID: DL0029 REG: N833MH


Message content:-
11124H LFMN KJFK6
  
WPR RESET





-------------------------------------------------------[2024-09-11 12:30:55.982]

SOURCE: AIR
RX_ID: 1404, Freq: 131.725MHz
Mode: E NACKLabel: H1 Block ID: 1, Msg No: F99A
Flight ID: DL0029 REG: N833MH


Message content:-
#M1BREJPOS,123113,130,219,RF101,KOTIT9C05
-------------------------------------------------------[2024-09-11 12:31:16.899]

SOURCE: AIR
RX_ID: 1405, Freq: 131.725MHz
Mode: E NACKLabel: H1 Block ID: 3, Msg No: D51A
Flight ID: DL0029 REG: N833MH


Message content:-
#DFB239N1809 0029091124123248803 4490   523340-19-48262 43XX-223101320
 279 43100492897410J8/9WLFMNKJFK
-------------------------------------------------------[2024-09-11 12:33:06.662]

SOURCE: AIR
RX_ID: 1406, Freq: 131.725MHz
Mode: 2 NACKLabel: 15 Block ID: 6, Msg No: M05A
Flight ID: XA0001 REG: T7RCW


Message content:-
(2N44138E  4483267 33260-26(Z
-------------------------------------------------------[2024-09-11 12:36:48.472]

SOURCE: AIR
RX_ID: 1407, Freq: 131.525MHz
Mode: T NACKLabel: 2F Block ID: 5, Msg No: M87A
Flight ID: AF7308 REG: F-GMZD


Message content:-
1238+4437+518/3440
-------------------------------------------------------[2024-09-11 12:38:59.733]

SOURCE: AIR
RX_ID: 1408, Freq: 131.525MHz
Mode: T NACKLabel: B9 Block ID: 6, Msg No: L11A
Flight ID: AF7308 REG: F-GMZD


Message content:-
/LFMN.TI2/064LFMNCA3EE
-------------------------------------------------------[2024-09-11 12:42:20.438]

SOURCE: AIR
RX_ID: 1409, Freq: 131.525MHz
Mode: T NACKLabel: 2Z Block ID: 9, Msg No: M88A
Flight ID: AF7308 REG: F-GMZD


Message content:-
LFMN
-------------------------------------------------------[2024-09-11 12:45:02.827]

SOURCE: AIR
RX_ID: 1410, Freq: 131.825MHz
Mode: 2 NACKLabel: 44 Block ID: 1, Msg No: M33A
Flight ID: GS0000 REG: DAERO


Message content:-
05JO4jd)]uCjxdXjjojCd)doj)}TXO)Xh&g)jBxx)xd9o)xuu`)jjC7u
-------------------------------------------------------[2024-09-11 13:26:13.071]

SOURCE: AIR
RX_ID: 1411, Freq: 131.725MHz
Mode: X NACKLabel: H1 Block ID: 8, Msg No: C19A
Flight ID: TS0309 REG: C-GTSD


Message content:-
#CFB.1/FLR/FR2409111339  34411206WXR2   1,,,,,,,WXR CTL PNL (3SQ)/      WXR1(1SQ1),INTERMITTENT
-------------------------------------------------------[2024-09-11 13:40:13.979]

SOURCE: AIR
RX_ID: 1412, Freq: 131.725MHz
Mode: 2 NACKLabel: SA Block ID: 7, Msg No: M01A
Flight ID: ZD268W REG: N268WC


Message content:-
0EV134806VS/
-------------------------------------------------------[2024-09-11 13:48:11.761]

SOURCE: AIR
RX_ID: 1413, Freq: 131.825MHz
Mode: 2 NACKLabel: 44 Block ID: 4, Msg No: M23A
Flight ID: GS0000 REG: DAAHO


Message content:-
04p=G'mVNHH'\\(''a!'!Vma'VYVYV'+\\V\mH:V\HFmV'':#F
-------------------------------------------------------[2024-09-11 13:48:59.518]

SOURCE: AIR
RX_ID: 1414, Freq: 131.825MHz
Mode: 2 NACKLabel: 44 Block ID: 5, Msg No: M24A
Flight ID: GS0000 REG: DAAHO


Message content:-
011*4lSb_'S'Ll6llLSLqbSqlb"b"bl?AAbASESbA'ESbll(OS
-------------------------------------------------------[2024-09-11 13:53:59.773]

SOURCE: AIR
RX_ID: 1415, Freq: 131.825MHz
Mode: 2 NACKLabel: 44 Block ID: 6, Msg No: M25A
Flight ID: GS0000 REG: DAAHO


Message content:-
08,suL}Zq`}}aY=LLvvYLZ}KLZbZbZLtYYZY}vcZY`v`ZLLc[Y
-------------------------------------------------------[2024-09-11 13:58:59.594]

SOURCE: AIR
RX_ID: 1416, Freq: 131.825MHz
Mode: 2 NACKLabel: B9 Block ID: 7, Msg No: M26A
Flight ID: GS0000 REG: DAAHO


Message content:-
/LEIB.TI2/024LEIBA401B
-------------------------------------------------------[2024-09-11 14:02:45.292]

SOURCE: AIR
RX_ID: 1417, Freq: 131.825MHz
Mode: 2 NACKLabel: 44 Block ID: 1, Msg No: M30A
Flight ID: GS0000 REG: DAAHO


Message content:-
05JO4jd)]udxodXjjCx9B)d`j)w)w)jBxx)xujd)xuCx)jj`7e
-------------------------------------------------------[2024-09-11 14:03:59.638]

SOURCE: AIR
RX_ID: 1418, Freq: 131.825MHz
Mode: 2 NACKLabel: 17 Block ID: 5, Msg No: M45A
Flight ID: NW0149 REG: N809NW


Message content:-
111417 LIRF KJFK7
/FN 0149
PIGOS   14083412222-482820351117082
-------------------------------------------------------[2024-09-11 14:08:35.721]

SOURCE: AIR
RX_ID: 1419, Freq: 131.825MHz
Mode: 2 NACKLabel: H1 Block ID: 6, Msg No: D37A
Flight ID: NW0149 REG: N809NW


Message content:-
#DFB239021300301010098158
R39/A33039,1,1
239N809NW149 091124141303824 4406   669340-18-49266 36AG0514116080 287 454 0003040010J8FXWLIRFKJFK
-------------------------------------------------------[2024-09-11 14:13:18.127]

SOURCE: AIR
RX_ID: 1420, Freq: 131.725MHz
Mode: E NACKLabel: SA Block ID: 6, Msg No: M33A
Flight ID: GS18XR REG: F-HEXR


Message content:-
0EV144335VS/
-------------------------------------------------------[2024-09-11 14:43:38.599]

SOURCE: AIR
RX_ID: 1421, Freq: 131.725MHz
Mode: 2 NACKLabel: 15 Block ID: 7, Msg No: M16A
Flight ID: XA0001 REG: 9H777MF


Message content:-
(2N43581E  5396--- 49----24(Z
-------------------------------------------------------[2024-09-11 15:04:08.835]

SOURCE: AIR
RX_ID: 1422, Freq: 131.725MHz
Mode: E NACKLabel: 83 Block ID: 9, Msg No: M18A
Flight ID: GS0001 REG: 3AMSR


Message content:-
001PR11150747N4438.0E00450.5318458    
-------------------------------------------------------[2024-09-11 15:07:49.802]

SOURCE: AIR
RX_ID: 1423, Freq: 131.725MHz
Mode: E NACKLabel: 83 Block ID: 9, Msg No: M18A
Flight ID: GS0001 REG: 3AMSR


Message content:-
001PR11150747N4438.0E00450.5318458    
-------------------------------------------------------[2024-09-11 15:07:58.212]

SOURCE: AIR
RX_ID: 1424, Freq: 131.725MHz
Mode: E NACKLabel: 83 Block ID: 0, Msg No: M19A
Flight ID: GS0001 REG: 3AMSR


Message content:-
001PR11151802N4336.0E00550.2158396    
-------------------------------------------------------[2024-09-11 15:18:05.231]

SOURCE: AIR
RX_ID: 1425, Freq: 131.525MHz
Mode: T NACKLabel: 2F Block ID: 1, Msg No: M06A
Flight ID: AF7338 REG: F-GMZE


Message content:-
1527+4423+494/2346
-------------------------------------------------------[2024-09-11 15:27:52.794]

SOURCE: AIR
RX_ID: 1426, Freq: 131.725MHz
Mode: E NACKLabel: 26 Block ID: 5, Msg No: M07A
Flight ID: AF7338 REG: F-GMZE


Message content:-
1529LFPGAF7338/111544LFML31R
-------------------------------------------------------[2024-09-11 15:29:03.890]

SOURCE: AIR
RX_ID: 1427, Freq: 131.725MHz
Mode: E NACKLabel: H1 Block ID: 6, Msg No: D80A
Flight ID: AF7338 REG: F-GMZE


Message content:-
#DFBA01/A32101,1,1/CCF-GMZE,SEP11,150911,LFPG,LFML,0015/C106,89104,5000,54,0010,0,0100,64,X/CEN160,30995,284,767,6587,252,C53015/EC643526,00915,00505,00837,73,26/EE577159,00916,07228,00837,73/N10849,0849,0938,6
-------------------------------------------------------[2024-09-11 15:32:29.936]

SOURCE: AIR
RX_ID: 1428, Freq: 131.725MHz
Mode: E NACKLabel: H1 Block ID: 6, Msg No: D80A
Flight ID: AF7338 REG: F-GMZE


Message content:-
#DFBA01/A32101,1,1/CCF-GMZE,SEP11,150911,LFPG,LFML,0015/C106,89104,5000,54,0010,0,0100,64,X/CEN160,30995,284,767,6587,252,C53015/EC643526,00915,00505,00837,73,26/EE577159,00916,07228,00837,73/N10849,0849,0938,6
-------------------------------------------------------[2024-09-11 15:32:40.980]

SOURCE: AIR
RX_ID: 1429, Freq: 131.725MHz
Mode: E NACKLabel: H1 Block ID: 7, Msg No: D80B
Flight ID: AF7338 REG: F-GMZE


Message content:-
#DFB204,1451,XXXXX/N20849,0849,0937,6229,1444,XXXXX/S1XXXXX,0736,1446,4337,XXXX,029,N00/S2XXXXX,0748,1452,4385,XXXX,033,N00/T1099,096,022,41,081,06196,N088/T2099,095,018,38,086,06208,N093/V1042,087,004,006,275,
-------------------------------------------------------[2024-09-11 15:32:44.860]

SOURCE: AIR
RX_ID: 1430, Freq: 131.725MHz
Mode: E NACKLabel: H1 Block ID: 8, Msg No: D80C
Flight ID: AF7338 REG: F-GMZE


Message content:-
#DFB00008,00081/V2046,087,007,009,092,00008,00061,/
-------------------------------------------------------[2024-09-11 15:32:48.148]

SOURCE: AIR
RX_ID: 1431, Freq: 131.725MHz
Mode: E NACKLabel: 26 Block ID: 9, Msg No: M08A
Flight ID: AF7338 REG: F-GMZE


Message content:-
1534LFPGAF7338/111539LFML31R
-------------------------------------------------------[2024-09-11 15:34:04.144]

SOURCE: AIR
RX_ID: 1432, Freq: 131.725MHz
Mode: G NACKLabel: H1 Block ID: 1, Msg No: D94A
Flight ID: AF7339 REG: F-GMZE


Message content:-
#DFBA04/A32104,1,1/CCF-GMZE,SEP11,164454,LFML,LFPG,0099/C105,90539,4000,00,0000,0,0000,00,X/CE0232,01405,167,259,7166,243,C53015/EC643526,00916,00506,00838,23/EE577159,00916,07229,00838,23/N101,00,00,00,00,01,0
-------------------------------------------------------[2024-09-11 16:45:21.614]

SOURCE: AIR
RX_ID: 1433, Freq: 131.725MHz
Mode: G NACKLabel: H1 Block ID: 2, Msg No: D94B
Flight ID: AF7339 REG: F-GMZE


Message content:-
#DFB0,00/N201,00,00,00,00,01,00,00/S10886,0886,0980,7500,3654,3282,0966/S20887,0887,0975,7590,3698,3302,0966/T15200,1196,262,139,----,025,007/T25285,1200,261,139,----,024,010/V114812,0215,1,1,051,077,006,008,29
-------------------------------------------------------[2024-09-11 16:45:26.732]

SOURCE: AIR
RX_ID: 1434, Freq: 131.725MHz
Mode: G NACKLabel: H1 Block ID: 3, Msg No: D94C
Flight ID: AF7339 REG: F-GMZE


Message content:-
#DFB8/V214734,0210,1,1,054,078,005,009,078/X100008,00060,00010,099,036,1399/X200008,00080,00010,100,037,1398/
-------------------------------------------------------[2024-09-11 16:45:30.830]

SOURCE: AIR
RX_ID: 1435, Freq: 131.725MHz
Mode: G NACKLabel: H1 Block ID: 4, Msg No: C35A
Flight ID: AF7339 REG: F-GMZE


Message content:-
#CFBFLR/FR24091116440034353405NO HUD DATA/IDCFDS
-------------------------------------------------------[2024-09-11 16:46:05.645]

SOURCE: AIR
RX_ID: 1436, Freq: 131.725MHz
Mode: G NACKLabel: H1 Block ID: 4, Msg No: C35A
Flight ID: AF7339 REG: F-GMZE


Message content:-
#CFBFLR/FR24091116440034353405NO HUD DATA/IDCFDS
-------------------------------------------------------[2024-09-11 16:46:15.266]

SOURCE: AIR
RX_ID: 1437, Freq: 131.725MHz
Mode: G NACKLabel: 2F Block ID: 6, Msg No: M23A
Flight ID: AF7339 REG: F-GMZE


Message content:-
1659+4474+462/2658
-------------------------------------------------------[2024-09-11 16:59:36.916]

SOURCE: AIR
RX_ID: 1438, Freq: 131.525MHz
Mode: 2 NACKLabel: SA Block ID: 2, Msg No: M63A
Flight ID: ZD0000 REG: N149LP


Message content:-
0EV111720VS/
-------------------------------------------------------[2024-09-11 17:20:29.243]

SOURCE: AIR
RX_ID: 1439, Freq: 131.725MHz
Mode: 2 NACKLabel: H1 Block ID: 2, Msg No: F16A
Flight ID: XA0000 REG: N60BJ


Message content:-
#M1B/.RESREQ/AK,115/TS180734,110924
-------------------------------------------------------[2024-09-11 18:07:33.714]

SOURCE: AIR
RX_ID: 1440, Freq: 131.725MHz
Mode: 2 NACKLabel: H1 Block ID: 3, Msg No: F17A
Flight ID: XA0000 REG: N60BJ


Message content:-
#M1B/.POS/TS180734,110924N44551E005462,,180734,410,LUNOR,184134,DOLIS,M57,26655,278,850A422
-------------------------------------------------------[2024-09-11 18:07:38.033]

SOURCE: AIR
RX_ID: 1441, Freq: 131.725MHz
Mode: 2 NACKLabel: 5U Block ID: 4, Msg No: M18A
Flight ID: XA0000 REG: N60BJ


Message content:-
001AF   DNMM      N4409.3E00538.7410
-------------------------------------------------------[2024-09-11 18:13:21.335]

SOURCE: AIR
RX_ID: 1442, Freq: 131.725MHz
Mode: 2 NACKLabel: H1 Block ID: 2, Msg No: F26A
Flight ID: XA0000 REG: N60BJ


Message content:-
#M1B/.RESREQ/AK,115/TS181804,110924
-------------------------------------------------------[2024-09-11 18:18:05.171]

SOURCE: AIR
RX_ID: 1443, Freq: 131.725MHz
Mode: 2 NACKLabel: H1 Block ID: 3, Msg No: F27A
Flight ID: XA0000 REG: N60BJ


Message content:-
#M1B/.POS/TS181804,110924N43313E005327,,181804,410,LUNOR,184004,DOLIS,M57,28356,272,850A857
-------------------------------------------------------[2024-09-11 18:18:09.668]

SOURCE: AIR
RX_ID: 1444, Freq: 131.725MHz
Mode: 2 NACKLabel: H1 Block ID: 4, Msg No: F28A
Flight ID: XA0000 REG: N60BJ


Message content:-
#M1B/B0 DAAA.AFN/FMHN60BJ,..N60BJ,,182037/FPON43106E005296,1/FCOADS,01/FCOATC,011B6E
-------------------------------------------------------[2024-09-11 18:20:38.369]

SOURCE: AIR
RX_ID: 1445, Freq: 131.725MHz
Mode: 2 ACK, A2GLabel: H1 Block ID: 4, Msg No: F28A
Flight ID: XA0000 REG: N60BJ


Message content:-
#M1B/B0 DAAA.AFN/FMHN60BJ,..N60BJ,,182037/FPON43106E005296,1/FCOADS,01/FCOATC,011B6E
-------------------------------------------------------[2024-09-11 18:20:42.868]

SOURCE: AIR
RX_ID: 1446, Freq: 131.725MHz
Mode: 2 ACK, A2GLabel: H1 Block ID: 4, Msg No: F28A
Flight ID: XA0000 REG: N60BJ


Message content:-
#M1B/B0 DAAA.AFN/FMHN60BJ,..N60BJ,,182037/FPON43106E005296,1/FCOADS,01/FCOATC,011B6E
-------------------------------------------------------[2024-09-11 18:20:52.489]

SOURCE: AIR
RX_ID: 1447, Freq: 131.725MHz
Mode: 2 NACKLabel: H1 Block ID: 7, Msg No: F31A
Flight ID: XA0000 REG: N60BJ


Message content:-
#M1B/B6 ALGCAYA.ADS..N60BJ0300071EAB881F3C0A0253A41F0D1BBBB81E934A0286FD1A1BD01CE14A02800E4088FABFF834AE
-------------------------------------------------------[2024-09-11 18:20:59.653]

SOURCE: AIR
RX_ID: 1448, Freq: 131.725MHz
Mode: 2 NACKLabel: H1 Block ID: 8, Msg No: F32A
Flight ID: XA0000 REG: N60BJ


Message content:-
#M1B/B6 ALGCAYA.ADS..N60BJ03018B1D
-------------------------------------------------------[2024-09-11 18:21:03.349]

SOURCE: AIR
RX_ID: 1449, Freq: 131.725MHz
Mode: X NACKLabel: SA Block ID: 3, Msg No: M54A
Flight ID: ZD268W REG: N268WC


Message content:-
0EV184312VS/
-------------------------------------------------------[2024-09-11 18:43:21.030]

SOURCE: AIR
RX_ID: 1450, Freq: 131.525MHz
Mode: T NACKLabel: 2F Block ID: 0, Msg No: M13A
Flight ID: AF1184 REG: F-GMZA


Message content:-
1907+4432+574/3566
-------------------------------------------------------[2024-09-11 19:07:23.896]

SOURCE: AIR
RX_ID: 1451, Freq: 131.525MHz
Mode: T NACKLabel: 5U Block ID: 1, Msg No: M14A
Flight ID: AF1184 REG: F-GMZA


Message content:-
3DTTA
-------------------------------------------------------[2024-09-11 19:07:53.593]

SOURCE: AIR
RX_ID: 1452, Freq: 131.725MHz
Mode: G NACKLabel: SA Block ID: 9, Msg No: M01A
Flight ID: 6G2102 REG: OM-GTK


Message content:-
0EV192635V
-------------------------------------------------------[2024-09-11 19:27:07.139]

SOURCE: AIR
RX_ID: 1453, Freq: 131.725MHz
Mode: 2 NACKLabel: SA Block ID: 0, Msg No: M01A
Flight ID: 6G2102 REG: OM-GTK


Message content:-
0EV192635V
-------------------------------------------------------[2024-09-11 19:27:15.732]

SOURCE: AIR
RX_ID: 1454, Freq: 131.725MHz
Mode: X NACKLabel: H1 Block ID: 0, Msg No: F52C
Flight ID: HV5062 REG: PH-HSI


Message content:-
#M1B27.DEVRO,205613,335K,2600,115,M29,006009,492,N,004,27.VANAD,205854,335K,2600,111,M29,006009,492,N,018,22.PIWIZ,210153,335K,2600,108,M29,006009,492,N,019,24.VADOM,210431,335K,2600,104,M29,006009,492,N,019,21
-------------------------------------------------------[2024-09-11 20:27:14.757]

SOURCE: AIR
RX_ID: 1455, Freq: 131.725MHz
Mode: X NACKLabel: H1 Block ID: 2, Msg No: F52E
Flight ID: HV5062 REG: PH-HSI


Message content:-
#M1B,211643,335K,2600,89,M29,006009,492,N,032,19.PERON,211729,335K,2600,88,M29,006009,492,N,032,6.SULEX,211815,335K,2600,87,M29,006009,492,N,032,6.CMB,212016,335K,2600,84,M29,006009,492,N,033,16.VEKIN,212142,33
-------------------------------------------------------[2024-09-11 20:27:24.189]

SOURCE: AIR
RX_ID: 1456, Freq: 131.825MHz
Mode: 2 NACKLabel: H1 Block ID: 1, Msg No: F05A
Flight ID: QY8031 REG: OE-LNI


Message content:-
#M1BPOSN43517E006138,,204159,380,IRMAR,204950,KINES,M52,27261,148,7809605
-------------------------------------------------------[2024-09-11 20:42:03.194]

SOURCE: AIR
RX_ID: 1457, Freq: 131.825MHz
Mode: 2 NACKLabel: H1 Block ID: 1, Msg No: F05A
Flight ID: QY8031 REG: OE-LNI


Message content:-
#M1BPOSN43517E006138,,204159,380,IRMAR,204950,KINES,M52,27261,148,7809605
-------------------------------------------------------[2024-09-11 20:42:30.840]

SOURCE: AIR
RX_ID: 1458, Freq: 131.825MHz
Mode: 2 NACKLabel: H1 Block ID: 3, Msg No: D00B
Flight ID: QY8031 REG: OE-LNI


Message content:-
#DFB0,,
0,0,0,0,0,0,,,0,0,,,,,   9.5,   9.5,,  5.9,  5.9,,0,0,,0,0,
,,,0,0,    0, 7278, 7278,,,,,0,0,0,,,0,0,0,,,0,0,,0,0,,0,0,,
0,0,0,,,,,0,0,0,,,0,0,0,

CREATED BY AVIONIC ENGINEERING

-------------------------------------------------------[2024-09-11 20:48:12.866]

SOURCE: AIR
RX_ID: 1459, Freq: 131.825MHz
Mode: 2 NACKLabel: H1 Block ID: 9, Msg No: F02A
Flight ID: QY1685 REG: OE-LNA


Message content:-
#M1BPOSN43281E005103,,204820,31,ML316,204834,ML312,P18,31022,213,A369
-------------------------------------------------------[2024-09-11 20:48:23.105]

SOURCE: AIR
RX_ID: 1460, Freq: 131.825MHz
Mode: 2 NACKLabel: H1 Block ID: 3, Msg No: D00B
Flight ID: QY8031 REG: OE-LNI


Message content:-
#DFB0,,
0,0,0,0,0,0,,,0,0,,,,,   9.5,   9.5,,  5.9,  5.9,,0,0,,0,0,
,,,0,0,    0, 7278, 7278,,,,,0,0,0,,,0,0,0,,,0,0,,0,0,,0,0,,
0,0,0,,,,,0,0,0,,,0,0,0,

CREATED BY AVIONIC ENGINEERING

-------------------------------------------------------[2024-09-11 20:48:39.488]

SOURCE: AIR
RX_ID: 1461, Freq: 131.850MHz
Mode: 2 NACKLabel: 80 Block ID: 0, Msg No: M04A
Flight ID: QY1685 REG: OE-LNA


Message content:-
10,FDP,112057,QY1685,11,LFML,EDDP,8512834,0,101,0,3,,0,096,,,5,1,
-------------------------------------------------------[2024-09-11 20:57:06.115]

SOURCE: AIR
RX_ID: 1462, Freq: 131.825MHz
Mode: 2 NACKLabel: H1 Block ID: 3, Msg No: F03A
Flight ID: QY1685 REG: OE-LNA


Message content:-
#M1BPOSN44346E005078,,210051,294,ETR02,210455,LTP,M36,28649,181,1A82
-------------------------------------------------------[2024-09-11 21:00:54.101]

SOURCE: AIR
RX_ID: 1463, Freq: 131.825MHz
Mode: 2 NACKLabel: 5U Block ID: 4, Msg No: M05A
Flight ID: QY1685 REG: OE-LNA


Message content:-
10,WX,112108,QY1685,11,LFML,EDDP,8512834,LSGG,LSZH,EDDS,1,0,
-------------------------------------------------------[2024-09-11 21:08:16.080]

SOURCE: AIR
RX_ID: 1464, Freq: 131.725MHz
Mode: E NACKLabel: 80 Block ID: 3, Msg No: M44A
Flight ID: AF1185 REG: F-GMZA


Message content:-
AF1185/DEST/LFPG
BONSOIR.ARR TRES TARDIVE
AVEC 11PMR.MERCI DE BIEN
VOULOIR PREVOIR CELLES 
CI.BONNE NUIT ET MERCI
JULIEN CDB
-------------------------------------------------------[2024-09-11 23:17:18.797]

SOURCE: AIR
RX_ID: 1465, Freq: 131.725MHz
Mode: X NACKLabel: H1 Block ID: 1, Msg No: F65A
Flight ID: CC3162 REG: TF-AKD


Message content:-
#M1BPOSN43204E005073,,233436,340,MRM07,233440,MTL08,M50,26548,523,82,170A
-------------------------------------------------------[2024-09-11 23:34:40.873]

SOURCE: AIR
RX_ID: 1466, Freq: 131.725MHz
Mode: X NACKLabel: 5U Block ID: 5, Msg No: M16A
Flight ID: CC3162 REG: TF-AKD


Message content:-
  01 WXRQ   3162/11 HKJK/EBLG .TF-AKD
/TYP 1/STA EBLG/STA EDFH/STA EBBR
-------------------------------------------------------[2024-09-11 23:40:28.417]

SOURCE: AIR
RX_ID: 1467, Freq: 131.725MHz
Mode: X NACKLabel: H1 Block ID: 0, Msg No: F66A
Flight ID: CC3162 REG: TF-AKD


Message content:-
#M1BPOSN44220E004524,,234236,340,MTL08,234404,ETR09,M51,26554,494,82,EDE9
-------------------------------------------------------[2024-09-11 23:42:41.136]

SOURCE: AIR
RX_ID: 1468, Freq: 131.725MHz
Mode: X NACKLabel: H1 Block ID: 1, Msg No: D02A
Flight ID: CC3162 REG: TF-AKD


Message content:-
#DFB0201B747.F-AKD316211SEP2422255806136758289.828033998-11.0-019
HKJKEBLGER707000707000706147706186CIG04325700201
N1092.9092.9092.9092.9
N2098.7098.6099.0098.7
EGT00683006850068100689
FF057680582505847057
-------------------------------------------------------[2024-09-11 23:47:26.834]

SOURCE: AIR
RX_ID: 1469, Freq: 131.725MHz
Mode: X NACKLabel: H1 Block ID: 2, Msg No: D02B
Flight ID: CC3162 REG: TF-AKD


Message content:-
#DFB37
FC40615412474132740570
TRA63.363.463.663.2
11.300350.4704875.400001422222222222?1
20.412560.6533174.9-000152222222?222?1
31.212940.7028876.9-0001522222222222?1
41.042070.9028775.5-000142222222?222?
-------------------------------------------------------[2024-09-11 23:47:30.746]

SOURCE: AIR
RX_ID: 1470, Freq: 131.725MHz
Mode: X NACKLabel: H1 Block ID: 3, Msg No: D02C
Flight ID: CC3162 REG: TF-AKD


Message content:-
#DFB1
103.6107.39013.130068142.3442029.224270031
203.61XX.XXXXX.XX0068143.4440XXX.XXXXX0030
303.6107.43013.000067143.6440034.363540032
403.6107.42013.060068140.1437034.203540031
10580107011MOD.OFF037NFL372
-------------------------------------------------------[2024-09-11 23:47:34.405]

SOURCE: AIR
RX_ID: 1471, Freq: 131.725MHz
Mode: X NACKLabel: H1 Block ID: 4, Msg No: D02D
Flight ID: CC3162 REG: TF-AKD


Message content:-
#DFB045STOWOFF
20620110011MOD.OFF037FLW289049STOW
30600105011MOD.OFF037FLW380043STOW
40600104011MOD.OFF037FLW357042STOW
137.636.2NORMOFFOFFOFFB..
2NORMOFFOFFOFFA..
3NORMOFFOFFA..
4OFFOFF
XXXXXXXXXXXXXXX
-------------------------------------------------------[2024-09-11 23:47:37.915]

SOURCE: AIR
RX_ID: 1472, Freq: 131.725MHz
Mode: X NACKLabel: H1 Block ID: 6, Msg No: D02F
Flight ID: CC3162 REG: TF-AKD


Message content:-
#DFB9-43.2-11.8
C033985.829289490482061-099003.8-43.2-11.6
LN34199E007055-019007.1-0.00300002003.2000.2
RN34197E007045-019007.2-0.00000003003.1000.0
CN34204E007055-019007.1-0.00200002003.1000.0
LO000.1000.
-------------------------------------------------------[2024-09-11 23:47:45.891]

SOURCE: AIR
RX_ID: 1473, Freq: 131.725MHz
Mode: X NACKLabel: H1 Block ID: 7, Msg No: D02G
Flight ID: CC3162 REG: TF-AKD


Message content:-
#DFB900.0000.4000.1-00.6-00.3-00.3
LI000.9-01.200.0
RI000.8-01.500.0
RO000.5000.900.0

-------------------------------------------------------[2024-09-11 23:47:49.361]

SOURCE: AIR
RX_ID: 1474, Freq: 131.725MHz
Mode: X NACKLabel: H1 Block ID: 9, Msg No: D03B
Flight ID: CC3162 REG: TF-AKD


Message content:-
#DFB652096.60559262.91.020.180.4775.4000-21.3
3338091.100652096.60557662.81.030.190.4775.5000-21.3
3339091.200652096.60557662.81.020.190.4775.4000-21.3
3340091.100651096.70556862.81.020.190.4875.4000-21.3
3
-------------------------------------------------------[2024-09-11 23:49:14.172]

SOURCE: AIR
RX_ID: 1475, Freq: 131.725MHz
Mode: X NACKLabel: H1 Block ID: 0, Msg No: D03C
Flight ID: CC3162 REG: TF-AKD


Message content:-
#DFB341091.100651096.60556862.81.020.210.4775.3000-21.3
3342091.100650096.60556062.81.010.210.4875.1000-21.3
3343091.100650096.60555262.81.010.210.4875.1000-21.3
3344091.100650096.60555262.81.010.210.4775.20
-------------------------------------------------------[2024-09-11 23:49:18.267]

SOURCE: AIR
RX_ID: 1476, Freq: 131.725MHz
Mode: X NACKLabel: H1 Block ID: 1, Msg No: D03D
Flight ID: CC3162 REG: TF-AKD


Message content:-
#DFB00-21.3
3345091.100650096.60555262.81.010.200.4775.1000-21.3
3346091.100650096.60555262.81.010.200.4575.1000-21.3
3347090.900649096.50554462.81.010.210.4574.9000-21.3
3348090.900648096.50552862.81.010.2
-------------------------------------------------------[2024-09-11 23:49:22.148]

SOURCE: AIR
RX_ID: 1477, Freq: 131.725MHz
Mode: X NACKLabel: H1 Block ID: 2, Msg No: D03E
Flight ID: CC3162 REG: TF-AKD


Message content:-
#DFB10.4574.9000-21.3
3349090.900648096.60551262.81.000.210.4574.9000-21.3
3350090.900649096.60551262.81.000.220.4775.0000-21.3
3351091.000649096.60552062.81.000.220.4775.1000-21.3
3352090.900648096.5055206
-------------------------------------------------------[2024-09-11 23:49:26.028]

SOURCE: AIR
RX_ID: 1478, Freq: 131.725MHz
Mode: X NACKLabel: H1 Block ID: 4, Msg No: D03G
Flight ID: CC3162 REG: TF-AKD


Message content:-
#DFB96.60549662.70.980.220.4975.0000-21.3
3357090.900648096.60550462.70.970.230.4875.0000-21.0
3358090.800648096.60549662.70.970.240.4875.0000-21.0
3359090.900648096.60549662.70.970.240.4875.0000-21.0
33600
-------------------------------------------------------[2024-09-11 23:49:35.677]

SOURCE: AIR
RX_ID: 1479, Freq: 131.725MHz
Mode: X NACKLabel: H1 Block ID: 5, Msg No: D03H
Flight ID: CC3162 REG: TF-AKD


Message content:-
#DFB90.900647096.60550462.70.970.240.4875.1000-21.0
3361090.800647096.60549662.70.960.240.4875.0000-21.0
3362090.800647096.60550462.70.960.230.4874.9000-21.0
3363090.700646096.40549662.70.960.230.4874.6000-2
-------------------------------------------------------[2024-09-11 23:49:39.154]

SOURCE: AIR
RX_ID: 1480, Freq: 131.725MHz
Mode: X NACKLabel: H1 Block ID: 5, Msg No: D03H
Flight ID: CC3162 REG: TF-AKD


Message content:-
#DFB90.900647096.60550462.70.970.240.4875.1000-21.0
3361090.800647096.60549662.70.960.240.4875.0000-21.0
3362090.800647096.60550462.70.960.230.4874.9000-21.0
3363090.700646096.40549662.70.960.230.4874.6000-2
-------------------------------------------------------[2024-09-11 23:49:48.992]

SOURCE: AIR
RX_ID: 1481, Freq: 131.725MHz
Mode: X NACKLabel: H1 Block ID: 6, Msg No: D03I
Flight ID: CC3162 REG: TF-AKD


Message content:-
#DFB1.0
3364090.700646096.40548062.70.960.230.4974.6000-21.0
3365090.700646096.40548862.60.940.240.4974.6000-21.0
3366090.700646096.40548062.60.940.240.4974.7000-21.0
3367090.600645096.30546462.60.940.240.4
-------------------------------------------------------[2024-09-11 23:49:53.085]

SOURCE: AIR
RX_ID: 1482, Freq: 131.725MHz
Mode: X NACKLabel: H1 Block ID: 8, Msg No: D03K
Flight ID: CC3162 REG: TF-AKD


Message content:-
#DFB.930.230.5074.6000-20.8
3372090.400644096.30544062.50.940.230.4974.3000-20.8
3373090.400642096.30542462.50.930.240.4974.3000-20.8
3374090.300643096.20541662.50.930.240.4974.2000-20.8
3375090.400643096.3
-------------------------------------------------------[2024-09-11 23:50:01.059]

SOURCE: AIR
RX_ID: 1483, Freq: 131.725MHz
Mode: X NACKLabel: H1 Block ID: 9, Msg No: D03L
Flight ID: CC3162 REG: TF-AKD


Message content:-
#DFB0542462.50.930.240.4974.3000-20.8
3376090.400643096.30543262.50.920.250.4974.3000-20.8
3377090.300642096.20542462.40.920.250.4974.3000-20.8
3378090.300641096.20540862.40.920.250.4973.9000-20.8
3379090.2
-------------------------------------------------------[2024-09-11 23:50:05.556]

SOURCE: AIR
RX_ID: 1484, Freq: 131.725MHz
Mode: X NACKLabel: H1 Block ID: 0, Msg No: D03M
Flight ID: CC3162 REG: TF-AKD


Message content:-
#DFB00641096.10540062.40.910.240.4973.9000-20.8
3380090.300641096.20539262.40.920.250.4974.1000-20.8
3381090.300641096.20539262.40.910.250.4974.1000-20.8
3382090.300641096.20539262.40.910.250.4974.1000-20.8
-------------------------------------------------------[2024-09-11 23:50:10.274]

SOURCE: AIR
RX_ID: 1485, Freq: 131.725MHz
Mode: X NACKLabel: H1 Block ID: 2, Msg No: D03O
Flight ID: CC3162 REG: TF-AKD


Message content:-
#DFB3000-20.8
3387090.200641096.20538462.40.910.250.4974.1000-20.8
3388090.100640096.10536862.30.920.250.4974.0000-20.8
3389090.100640096.10537662.30.910.250.5073.9000-20.8
3390090.100640096.10537662.30.910
-------------------------------------------------------[2024-09-11 23:50:18.246]

SOURCE: AIR
RX_ID: 1486, Freq: 131.725MHz
Mode: X NACKLabel: H1 Block ID: 3, Msg No: D03P
Flight ID: CC3162 REG: TF-AKD


Message content:-
#DFB.250.5074.0000-20.8
3391090.100640096.10536862.30.910.250.4973.9000-20.8
3392090.100640096.10536062.30.900.250.4974.0000-21.0

-------------------------------------------------------[2024-09-11 23:50:21.758]

SOURCE: AIR
RX_ID: 1487, Freq: 131.725MHz
Mode: X NACKLabel: H1 Block ID: 5, Msg No: F67A
Flight ID: CC3162 REG: TF-AKD


Message content:-
#M1BPOSN45241E004368,,235036,340,MAD10,235308,MOPEM,M53,25558,465,82,9962
-------------------------------------------------------[2024-09-11 23:50:40.774]

SOURCE: AIR
RX_ID: 1488, Freq: 131.725MHz
Mode: X NACKLabel: H1 Block ID: 6, Msg No: D04A
Flight ID: CC3162 REG: TF-AKD


Message content:-
#DFB1501B747.F-AKD316211SEP2423471606136458285.817034005-21.3-017
HKJKEBLGER707000707000706147706186CIG04333525645
1707000000007000001000000700000111SEP24003960000615
1010.00001010.00000OIQLOW.1
333707.2812
-------------------------------------------------------[2024-09-11 23:50:44.871]

SOURCE: AIR
RX_ID: 1489, Freq: 131.725MHz
Mode: X NACKLabel: H1 Block ID: 7, Msg No: D04B
Flight ID: CC3162 REG: TF-AKD


Message content:-
#DFB.970054.3140.041729.2504536437.535.9.814
333807.3012.970054.3140.541729.2504536437.535.9.814
333907.3012.970054.3140.541729.2504536537.536.0.814
334007.2812.940054.3141.041729.2504536537.535.9.815
33410
-------------------------------------------------------[2024-09-11 23:50:49.405]

SOURCE: AIR
RX_ID: 1490, Freq: 131.725MHz
Mode: X NACKLabel: H1 Block ID: 8, Msg No: D04C
Flight ID: CC3162 REG: TF-AKD


Message content:-
#DFB7.2813.000054.3141.041729.2504536537.536.0.815
334207.2813.000054.1140.041629.1304536537.536.0.815
334307.3012.970054.1140.541729.1304536537.536.0.815
334407.2812.970054.3139.041729.1304536537.535.9.816
-------------------------------------------------------[2024-09-11 23:50:54.525]

SOURCE: AIR
RX_ID: 1491, Freq: 131.725MHz
Mode: X NACKLabel: H1 Block ID: 8, Msg No: D04C
Flight ID: CC3162 REG: TF-AKD


Message content:-
#DFB7.2813.000054.3141.041729.2504536537.536.0.815
334207.2813.000054.1140.041629.1304536537.536.0.815
334307.3012.970054.1140.541729.1304536537.536.0.815
334407.2812.970054.3139.041729.1304536537.535.9.816
-------------------------------------------------------[2024-09-11 23:51:05.974]

SOURCE: AIR
RX_ID: 1492, Freq: 131.725MHz
Mode: X NACKLabel: H1 Block ID: 9, Msg No: D04D
Flight ID: CC3162 REG: TF-AKD


Message content:-
#DFB
334507.3012.970054.3139.541729.1304536537.535.9.816
334607.2812.970054.3140.541629.1304536537.436.0.816
334707.2812.970054.3140.541629.1304536537.535.9.816
334807.2812.940054.1139.541629.1304536537.535.
-------------------------------------------------------[2024-09-11 23:51:09.887]

SOURCE: AIR
RX_ID: 1493, Freq: 131.725MHz
Mode: X NACKLabel: H1 Block ID: 0, Msg No: D04E
Flight ID: CC3162 REG: TF-AKD


Message content:-
#DFB9.816
334907.2812.940054.1141.041629.1304536537.535.9.816
335007.2812.940054.1139.541629.1304536537.435.9.816
335107.3012.970054.3140.541629.1304536537.535.9.816
335207.3012.940054.1139.541629.000453643
-------------------------------------------------------[2024-09-11 23:51:13.545]

SOURCE: AIR
RX_ID: 1494, Freq: 131.725MHz
Mode: X NACKLabel: H1 Block ID: 1, Msg No: D04F
Flight ID: CC3162 REG: TF-AKD


Message content:-
#DFB7.435.9.817
335307.2812.910053.9139.041629.0004536437.435.9.817
335407.3012.940053.9139.541529.0004536437.436.0.817
335507.2712.940054.0140.041629.0004536437.535.9.817
335607.2812.970054.1140.541629.000
-------------------------------------------------------[2024-09-11 23:51:17.638]

SOURCE: AIR
RX_ID: 1495, Freq: 131.725MHz
Mode: X NACKLabel: H1 Block ID: 4, Msg No: D04I
Flight ID: CC3162 REG: TF-AKD


Message content:-
#DFB9.041528.8804536437.435.9.819
336507.2812.940054.0139.041528.8804536437.536.0.819
336607.2812.940054.0139.041528.8804536537.435.9.820
336707.2812.910053.9139.041528.8804536437.435.9.820
336807.2712.9100
-------------------------------------------------------[2024-09-11 23:51:29.743]

SOURCE: AIR
RX_ID: 1496, Freq: 131.725MHz
Mode: X NACKLabel: H1 Block ID: 7, Msg No: D04L
Flight ID: CC3162 REG: TF-AKD


Message content:-
#DFB07.2812.880053.8138.0E.E28.7504436437.435.9.821
337707.2812.910053.6138.0E.E28.7504436437.435.9.821
337807.2512.910053.5138.0E.E28.7504436437.435.8.821
337907.2712.910053.4137.5E.E28.7504436437.435.9.821
-------------------------------------------------------[2024-09-11 23:51:42.836]

SOURCE: AIR
RX_ID: 1497, Freq: 131.725MHz
Mode: X NACKLabel: H1 Block ID: 8, Msg No: D04M
Flight ID: CC3162 REG: TF-AKD


Message content:-
#DFB
338007.2512.910053.5138.0E.E28.7504436437.335.9.822
338107.2712.910053.5137.5E.E28.6304436437.435.9.822
338207.2712.910053.5137.0E.E28.6304436437.435.9.822
338307.2712.880053.5138.0E.E28.6304436437.435
-------------------------------------------------------[2024-09-11 23:51:46.531]

SOURCE: AIR
RX_ID: 1498, Freq: 131.725MHz
Mode: X NACKLabel: H1 Block ID: 0, Msg No: D04O
Flight ID: CC3162 REG: TF-AKD


Message content:-
#DFB37.435.9.821
338807.2712.880053.3136.5E.E28.6304436537.435.8.821
338907.2512.880053.3137.5E.E28.6304436437.335.8.821
339007.2512.880053.1137.5E.E28.5004436437.335.8.821
339107.2512.880053.3138.0E.E28.63
-------------------------------------------------------[2024-09-11 23:51:53.917]

