SOURCE: AIR
RX_ID: 0, Freq: 131.825MHz
Mode: 2 NACKLabel: 16 Block ID: 9, Msg No: M30A
Flight ID: WB0710 REG: 9XR-WN


Message content:-
070708,40014,0834,  13,N 43.239 E  4.942
-------------------------------------------------------[2024-08-02 07:07:11.353]

SOURCE: AIR
RX_ID: 1, Freq: 131.725MHz
Mode: E NACKLabel: 44 Block ID: 8, Msg No: M23A
Flight ID: GS0000 REG: DAHOX


Message content:-
07*?X.0)Em00kM]..<;4m)4DD) 6y}) 6*x).D.4).M;0).D;0).;4+0
-------------------------------------------------------[2024-08-02 07:13:59.308]

SOURCE: AIR
RX_ID: 2, Freq: 131.725MHz
Mode: E NACKLabel: B9 Block ID: 9, Msg No: M24A
Flight ID: GS0000 REG: DAHOX


Message content:-
/LFPB.TI2/024LFPBA0635
-------------------------------------------------------[2024-08-02 07:15:03.424]

SOURCE: AIR
RX_ID: 3, Freq: 131.725MHz
Mode: 2 NACKLabel: 20 Block ID: 0, Msg No: M20A
Flight ID: ZD0000 REG: OEGKW


Message content:-
POSN43188E005306,,071703,370,NILDU,073305,,N44,20392,46,363
-------------------------------------------------------[2024-08-02 07:17:05.680]

SOURCE: AIR
RX_ID: 4, Freq: 131.725MHz
Mode: 2 NACKLabel: 20 Block ID: 0, Msg No: M20A
Flight ID: ZD0000 REG: OEGKW


Message content:-
POSN43188E005306,,071703,370,NILDU,073305,,N44,20392,46,363
-------------------------------------------------------[2024-08-02 07:17:18.772]

SOURCE: AIR
RX_ID: 5, Freq: 131.725MHz
Mode: 2 NACKLabel: 20 Block ID: 0, Msg No: M20A
Flight ID: ZD0000 REG: OEGKW


Message content:-
POSN43188E005306,,071703,370,NILDU,073305,,N44,20392,46,363
-------------------------------------------------------[2024-08-02 07:17:37.205]

SOURCE: AIR
RX_ID: 6, Freq: 131.825MHz
Mode: 2 NACKLabel: 16 Block ID: 1, Msg No: M43A
Flight ID: FR62VC REG: SP-RNA


Message content:-
073609,,0900, 148,N   .    MMMM.MMM
-------------------------------------------------------[2024-08-02 07:36:11.326]

SOURCE: AIR
RX_ID: 7, Freq: 131.525MHz
Mode: T NACKLabel: 2Z Block ID: 8, Msg No: M37A
Flight ID: AF7302 REG: F-GMZA


Message content:-
LFMN
-------------------------------------------------------[2024-08-02 08:14:03.434]

SOURCE: AIR
RX_ID: 8, Freq: 131.525MHz
Mode: T NACKLabel: 2F Block ID: 0, Msg No: M38A
Flight ID: AF7302 REG: F-GMZA


Message content:-
0815+4439+522/3349
-------------------------------------------------------[2024-08-02 08:16:00.976]

SOURCE: AIR
RX_ID: 9, Freq: 131.525MHz
Mode: T NACKLabel: 26 Block ID: 3, Msg No: M39A
Flight ID: AF7302 REG: F-GMZA


Message content:-
0820LFPGAF7302/020835LFMN04L
-------------------------------------------------------[2024-08-02 08:20:01.851]

SOURCE: AIR
RX_ID: 10, Freq: 131.725MHz
Mode: 2 NACKLabel: 15 Block ID: 3, Msg No: M02A
Flight ID: XA0001 REG: 9HVFL


Message content:-
(2N44124E  6317272 36230-18(Z
-------------------------------------------------------[2024-08-02 08:20:26.604]

SOURCE: AIR
RX_ID: 11, Freq: 131.725MHz
Mode: 2 NACKLabel: 15 Block ID: 3, Msg No: M02A
Flight ID: XA0001 REG: 9HVFL


Message content:-
(2N44124E  6317272 36230-18(Z
-------------------------------------------------------[2024-08-02 08:20:43.830]

SOURCE: AIR
RX_ID: 12, Freq: 131.725MHz
Mode: 2 NACKLabel: 15 Block ID: 3, Msg No: M02A
Flight ID: XA0001 REG: 9HVFL


Message content:-
(2N44124E  6317272 36230-18(Z
-------------------------------------------------------[2024-08-02 08:21:06.761]

SOURCE: AIR
RX_ID: 13, Freq: 131.725MHz
Mode: 2 NACKLabel: SA Block ID: 4, Msg No: S79A
Flight ID: UU9974 REG: F-OREU


Message content:-
0EV082110VS
-------------------------------------------------------[2024-08-02 08:21:15.758]

SOURCE: AIR
RX_ID: 14, Freq: 131.725MHz
Mode: 2 NACKLabel: SA Block ID: 4, Msg No: S79A
Flight ID: UU9974 REG: F-OREU


Message content:-
0EV082110VS
-------------------------------------------------------[2024-08-02 08:21:38.504]

SOURCE: AIR
RX_ID: 15, Freq: 131.525MHz
Mode: T NACKLabel: RB Block ID: 4, Msg No: M40A
Flight ID: AF7302 REG: F-GMZA


Message content:-
QUHDQO3AF
VER/079/A321/A
SCH/AF7302/LFPG/LFMN/02AUG/0655
CREW ACKNOWLEDGED MSG AT 08:24:18
CCO MSG
 CROISEMENT AVIONS ...
-------------------------------------------------------[2024-08-02 08:24:20.300]

SOURCE: AIR
RX_ID: 16, Freq: 131.725MHz
Mode: 2 NACKLabel: B9 Block ID: 1, Msg No: L04A
Flight ID: UA0272 REG: N684UA


Message content:-
/LFMN.TI2/024LFMNA426A
-------------------------------------------------------[2024-08-02 08:24:56.326]

SOURCE: AIR
RX_ID: 17, Freq: 131.725MHz
Mode: 2 NACKLabel: H1 Block ID: 4, Msg No: F46A
Flight ID: XA7413 REG: IWLFZ


Message content:-
#M1B/.RESREQ/AK,115/TS084258,020824
-------------------------------------------------------[2024-08-02 08:42:57.278]

SOURCE: AIR
RX_ID: 18, Freq: 131.725MHz
Mode: 2 NACKLabel: H1 Block ID: 4, Msg No: F46A
Flight ID: XA7413 REG: IWLFZ


Message content:-
#M1B/.RESREQ/AK,115/TS084258,020824
-------------------------------------------------------[2024-08-02 08:43:19.627]

SOURCE: AIR
RX_ID: 19, Freq: 131.725MHz
Mode: 2 NACKLabel: H1 Block ID: 4, Msg No: F46A
Flight ID: XA7413 REG: IWLFZ


Message content:-
#M1B/.RESREQ/AK,115/TS084258,020824
-------------------------------------------------------[2024-08-02 08:43:32.936]

SOURCE: AIR
RX_ID: 20, Freq: 131.725MHz
Mode: 2 NACKLabel: H1 Block ID: 4, Msg No: F46A
Flight ID: XA7413 REG: IWLFZ


Message content:-
#M1B/.RESREQ/AK,115/TS084258,020824
-------------------------------------------------------[2024-08-02 08:43:43.363]

SOURCE: AIR
RX_ID: 21, Freq: 131.725MHz
Mode: 2 NACKLabel: H1 Block ID: 5, Msg No: F47A
Flight ID: XA7413 REG: IWLFZ


Message content:-
#M1B/.POS/TS084258,020824N44294E005117,,084258,430,IPROM,091158,,M48,25970,124,850FA29
-------------------------------------------------------[2024-08-02 08:43:47.454]

SOURCE: AIR
RX_ID: 22, Freq: 131.725MHz
Mode: 2 NACKLabel: H1 Block ID: 8, Msg No: F53A
Flight ID: XA7413 REG: IWLFZ


Message content:-
#M1B/.POS/TS085320,020824N43149E006209,,085320,430,IPROM,091120,,M50,25965,119,8502654
-------------------------------------------------------[2024-08-02 08:53:37.285]

SOURCE: AIR
RX_ID: 23, Freq: 131.825MHz
Mode: 2 NACKLabel: H1 Block ID: 7, Msg No: F11A
Flight ID: AA0290 REG: N761AJ


Message content:-
#M1BPOSN45110E006237,OBI-24,090356,390,ROB-25,090459,LAPRI,M48,26173,3534DA5
-------------------------------------------------------[2024-08-02 09:03:59.083]

SOURCE: AIR
RX_ID: 24, Freq: 131.725MHz
Mode: G NACKLabel: H1 Block ID: 2, Msg No: D08A
Flight ID: DL0025 REG: N836MH


Message content:-
#DFB239N1812 0025080224092401796 4486   541300 -9-39259 52XX-223127320
 302 43800853016010B0W/XLFMNKATL
-------------------------------------------------------[2024-08-02 09:24:16.019]

SOURCE: AIR
RX_ID: 25, Freq: 131.725MHz
Mode: G NACKLabel: 4H Block ID: 3, Msg No: M64A
Flight ID: DL0025 REG: N836MH


Message content:-
02094H LFMN KATL6
  
WPR RESET





-------------------------------------------------------[2024-08-02 09:25:11.717]

SOURCE: AIR
RX_ID: 26, Freq: 131.725MHz
Mode: G NACKLabel: B1 Block ID: 6, Msg No: L05A
Flight ID: DL0025 REG: N836MH


Message content:-
/PIKCLXS.OC1/RCL 024
DAL25-ETIKI/1050 M081F320
-RMK/MAX F34075BB
-------------------------------------------------------[2024-08-02 09:25:42.841]

SOURCE: AIR
RX_ID: 27, Freq: 131.725MHz
Mode: 2 NACKLabel: 5U Block ID: 4, Msg No: M26A
Flight ID: ZD0000 REG: VTHMA


Message content:-
001AF   LEGE      N4444.7E00544.2310
-------------------------------------------------------[2024-08-02 10:06:42.753]

SOURCE: AIR
RX_ID: 28, Freq: 131.825MHz
Mode: 2 NACKLabel: H1 Block ID: 1, Msg No: F61A
Flight ID: NW0207 REG: N817NW


Message content:-
#M1BRESPWI/AKA,071/TS100757,020824ADE0
-------------------------------------------------------[2024-08-02 10:07:59.553]

SOURCE: AIR
RX_ID: 29, Freq: 131.825MHz
Mode: 2 NACKLabel: H1 Block ID: 1, Msg No: F61A
Flight ID: NW0207 REG: N817NW


Message content:-
#M1BRESPWI/AKA,071/TS100757,020824ADE0
-------------------------------------------------------[2024-08-02 10:08:25.774]

SOURCE: AIR
RX_ID: 30, Freq: 131.825MHz
Mode: 2 NACKLabel: H1 Block ID: 3, Msg No: F62A
Flight ID: NW0207 REG: N817NW


Message content:-
#M1BRESPWI/ACA,085/TS100818,02082480A0
-------------------------------------------------------[2024-08-02 10:08:26.579]

SOURCE: AIR
RX_ID: 31, Freq: 131.825MHz
Mode: 2 NACKLabel: H1 Block ID: 3, Msg No: F62A
Flight ID: NW0207 REG: N817NW


Message content:-
#M1BRESPWI/ACA,085/TS100818,02082480A0
-------------------------------------------------------[2024-08-02 10:08:32.102]

SOURCE: AIR
RX_ID: 32, Freq: 131.825MHz
Mode: 2 NACKLabel: H1 Block ID: 3, Msg No: F62A
Flight ID: NW0207 REG: N817NW


Message content:-
#M1BRESPWI/ACA,085/TS100818,02082480A0
-------------------------------------------------------[2024-08-02 10:08:54.631]

SOURCE: AIR
RX_ID: 33, Freq: 131.825MHz
Mode: 2 NACKLabel: H1 Block ID: 3, Msg No: F62A
Flight ID: NW0207 REG: N817NW


Message content:-
#M1BRESPWI/ACA,085/TS100818,02082480A0
-------------------------------------------------------[2024-08-02 10:09:04.870]

SOURCE: AIR
RX_ID: 34, Freq: 131.725MHz
Mode: 2 NACKLabel: H1 Block ID: 2, Msg No: F32A
Flight ID: ZD0000 REG: VTHMA


Message content:-
#M1B/.RESREQ/AK,115/TS101034,020824
-------------------------------------------------------[2024-08-02 10:10:34.799]

SOURCE: AIR
RX_ID: 35, Freq: 131.725MHz
Mode: 2 NACKLabel: H1 Block ID: 3, Msg No: F33A
Flight ID: ZD0000 REG: VTHMA


Message content:-
#M1B/.POS/TS101034,020824/PSN44177E005311,,101034,310,DIVKO,102134,NILDU,M40,25757,131,,MANUAL,0,549B2B5
-------------------------------------------------------[2024-08-02 10:10:38.896]

SOURCE: AIR
RX_ID: 36, Freq: 131.725MHz
Mode: 2 NACKLabel: B9 Block ID: 4, Msg No: M34A
Flight ID: ZD0000 REG: VTHMA


Message content:-
/LEBL.TI2/024LEBLA93E5
-------------------------------------------------------[2024-08-02 10:13:31.733]

SOURCE: AIR
RX_ID: 37, Freq: 131.525MHz
Mode: T NACKLabel: B9 Block ID: 1, Msg No: L20A
Flight ID: AF7303 REG: F-GMZA


Message content:-
/LFPG.TI2/064LFPGA3806
-------------------------------------------------------[2024-08-02 10:13:58.576]

SOURCE: AIR
RX_ID: 38, Freq: 131.725MHz
Mode: 2 NACKLabel: SA Block ID: 7, Msg No: M37A
Flight ID: ZD0000 REG: VTHMA


Message content:-
0LS021015V/
-------------------------------------------------------[2024-08-02 10:15:57.362]

SOURCE: AIR
RX_ID: 39, Freq: 131.725MHz
Mode: 2 NACKLabel: H1 Block ID: 9, Msg No: F42A
Flight ID: ZD0000 REG: VTHMA


Message content:-
#M1B/.POS/TS102103,020824/PSN43124E004367,,102103,310,LEGE,111803,,M40,25058,124,,MANUAL,0,54969CD
-------------------------------------------------------[2024-08-02 10:21:10.892]

SOURCE: AIR
RX_ID: 40, Freq: 131.725MHz
Mode: X NACKLabel: SA Block ID: 3, Msg No: M06A
Flight ID: BO737C REG: N737CM


Message content:-
0EV102133VS
-------------------------------------------------------[2024-08-02 10:21:34.662]

SOURCE: AIR
RX_ID: 41, Freq: 131.725MHz
Mode: E NACKLabel: 12 Block ID: 8, Msg No: M47A
Flight ID: SN04UR REG: OO-SFC


Message content:-
EBBR,HRYR,02AUG24,1021,171612
N 44.573,E  6.963,34969
HRYR28,SN467
-------------------------------------------------------[2024-08-02 10:21:35.908]

SOURCE: AIR
RX_ID: 42, Freq: 131.725MHz
Mode: X NACKLabel: H1 Block ID: 4, Msg No: D02A
Flight ID: BO737C REG: N737CM


Message content:-
#DFB342N737CMFMNPTK0 0208102211   01329  153 -83 180720664 90915956007
371CLMBAAA02 08GEC87587887487435319 975 974 974 974 974 974 974 974 9
74 974  00  00  00101410141014 975 975 975 961 961 961101210121012 
-------------------------------------------------------[2024-08-02 10:22:26.668]

SOURCE: AIR
RX_ID: 43, Freq: 131.725MHz
Mode: X NACKLabel: H1 Block ID: 5, Msg No: D02B
Flight ID: BO737C REG: N737CM


Message content:-
#DFB98
8 988 988 988 988  815  809  831  810  820  827  814  822  814  822 6
557 6576 70 70 70 73 73 678 678 149 149 140 153 153 1140 1148 1146 11
45 1146 539 541 541 540 54325882585260325902595/////////////
-------------------------------------------------------[2024-08-02 10:22:30.361]

SOURCE: AIR
RX_ID: 44, Freq: 131.725MHz
Mode: X NACKLabel: H1 Block ID: 6, Msg No: D02C
Flight ID: BO737C REG: N737CM


Message content:-
#DFB/////// 4
45 439 0 0 0 3 3 3003100031000302/////////719718719719719  647  647  
640  646  638  646  646  639 00 00 01-01-01 00 00 00 -01 -03 -02 -02 
-04 -02 -02 -02  75  75  75  75  75  75  75  75  25  
-------------------------------------------------------[2024-08-02 10:22:43.490]

SOURCE: AIR
RX_ID: 45, Freq: 131.725MHz
Mode: X NACKLabel: H1 Block ID: 8, Msg No: F02A
Flight ID: BO737C REG: N737CM


Message content:-
#M1BPOSN44036E006422,MN047,102247,192,NEDRU,103245,LTP,M11,276037,570CFEE
-------------------------------------------------------[2024-08-02 10:22:51.465]

SOURCE: AIR
RX_ID: 46, Freq: 131.725MHz
Mode: X NACKLabel: H1 Block ID: 0, Msg No: D02F
Flight ID: BO737C REG: N737CM


Message content:-
#DFB000000000000000000000000000000
000000000000000000000000000000000000000000000000000000000000000000000
000000000000000000000000000000000000000000000000000000000000000000000
00000000000000000000000000000000
-------------------------------------------------------[2024-08-02 10:22:58.630]

SOURCE: AIR
RX_ID: 47, Freq: 131.825MHz
Mode: 2 NACKLabel: B1 Block ID: 2, Msg No: M63A
Flight ID: NW0113 REG: N811NW


Message content:-
/PIKCLXS.OC1/RCL 040
DAL113-ETIKI/1201 M082F360
-RMK/9DDC
-------------------------------------------------------[2024-08-02 10:33:54.405]

SOURCE: AIR
RX_ID: 48, Freq: 131.725MHz
Mode: 2 NACKLabel: 15 Block ID: 3, Msg No: M02A
Flight ID: GS0001 REG: CSDXM


Message content:-
(2N44322E  6158--- 52311-38(Z
-------------------------------------------------------[2024-08-02 10:37:48.505]

SOURCE: AIR
RX_ID: 49, Freq: 131.725MHz
Mode: X NACKLabel: H1 Block ID: 0, Msg No: F69A
Flight ID: KL0535 REG: PH-AOC


Message content:-
#M1BRESREQ/AK,1158AF6
-------------------------------------------------------[2024-08-02 10:42:49.563]

SOURCE: AIR
RX_ID: 50, Freq: 131.725MHz
Mode: X NACKLabel: H1 Block ID: 3, Msg No: F70C
Flight ID: KL0535 REG: PH-AOC


Message content:-
#M1BTHRYR,28O,187,173046ABAA
-------------------------------------------------------[2024-08-02 10:43:08.213]

SOURCE: AIR
RX_ID: 51, Freq: 131.725MHz
Mode: G NACKLabel: B2 Block ID: 6, Msg No: J04A
Flight ID: AZ0618 REG: EI-EJM


Message content:-
/PIKCLYA.OC1/CLA 1043 240802 EGGX
CLRNCE 064
ITY618 CLRD TO KIAD VIA
SEPAL
NAT G
SEPAL 47N015W 47N020W
47N030W 47N040W 47N050W
PORTI
FM SEPAL/1209 MNTN F370
M081
ATC/CROSS SEPAL AT OR
AFTER 1209
END
-------------------------------------------------------[2024-08-02 10:44:07.388]

SOURCE: AIR
RX_ID: 52, Freq: 131.725MHz
Mode: G NACKLabel: B2 Block ID: 7, Msg No: J04B
Flight ID: AZ0618 REG: EI-EJM


Message content:-
 OF MESSAGE8AE8
-------------------------------------------------------[2024-08-02 10:44:10.240]

SOURCE: AIR
RX_ID: 53, Freq: 131.725MHz
Mode: X NACKLabel: H1 Block ID: 2, Msg No: F71A
Flight ID: KL0535 REG: PH-AOC


Message content:-
#M1BRESPWI/AK,71605F
-------------------------------------------------------[2024-08-02 10:44:34.411]

SOURCE: AIR
RX_ID: 54, Freq: 131.725MHz
Mode: X NACKLabel: H1 Block ID: 2, Msg No: F71A
Flight ID: KL0535 REG: PH-AOC


Message content:-
#M1BRESPWI/AK,71605F
-------------------------------------------------------[2024-08-02 10:44:41.396]

SOURCE: AIR
RX_ID: 55, Freq: 131.725MHz
Mode: X NACKLabel: H1 Block ID: 3, Msg No: F72A
Flight ID: KL0535 REG: PH-AOC


Message content:-
#M1BRESPWI/AC,3018259
-------------------------------------------------------[2024-08-02 10:44:58.184]

SOURCE: AIR
RX_ID: 56, Freq: 131.725MHz
Mode: G NACKLabel: H1 Block ID: 9, Msg No: C07A
Flight ID: AZ0618 REG: EI-EJM


Message content:-
#CFB.1/FLR/FR2408021046  34533106ADF2   1,,,,,,,ADF2(1RP2),HARD
-------------------------------------------------------[2024-08-02 10:47:03.916]

SOURCE: AIR
RX_ID: 57, Freq: 131.825MHz
Mode: 2 NACKLabel: H1 Block ID: 5, Msg No: F29A
Flight ID: AA0721 REG: N799AN


Message content:-
#M1BPOSN44135E006235,BOD-06,112643,340,KOT-07,113149,ETREK,M43,25571,1696C92F
-------------------------------------------------------[2024-08-02 11:26:45.782]

SOURCE: AIR
RX_ID: 58, Freq: 131.725MHz
Mode: 2 NACKLabel: SA Block ID: 5, Msg No: M06A
Flight ID: E10000 REG: F-ZBMI


Message content:-
0EV112847VS//302R15PMSMMMMM
-------------------------------------------------------[2024-08-02 11:28:49.684]

SOURCE: AIR
RX_ID: 59, Freq: 131.825MHz
Mode: 2 NACKLabel: H1 Block ID: 6, Msg No: F30A
Flight ID: AA0721 REG: N799AN


Message content:-
#M1BPOSN44368E005419,KOT-07,113150,340,ETREK,113931,NOQAS,M44,25765,16805726
-------------------------------------------------------[2024-08-02 11:31:52.805]

SOURCE: AIR
RX_ID: 60, Freq: 131.725MHz
Mode: E NACKLabel: 16 Block ID: 4, Msg No: M78A
Flight ID: SN037K REG: OO-SFH


Message content:-
02AUG24,1134,N 44.438,E  3.979,35007,1813,113000
-------------------------------------------------------[2024-08-02 11:34:18.401]

SOURCE: AIR
RX_ID: 61, Freq: 131.825MHz
Mode: 2 NACKLabel: H1 Block ID: 7, Msg No: D09A
Flight ID: AA0721 REG: N799AN


Message content:-
#DFBTRP LIRF KCLT 07  8 835   0  0 112547
 43.3359   8.1474339985902804900.0040.002 82.12-100.90173680-41 250OFF
 43.4978   7.7177340015893204880.0040.002 76.37-101.95172720-42 250OFF
 43.7083   7.3155339985
-------------------------------------------------------[2024-08-02 11:37:50.809]

SOURCE: AIR
RX_ID: 62, Freq: 131.825MHz
Mode: 2 NACKLabel: H1 Block ID: 8, Msg No: D09B
Flight ID: AA0721 REG: N799AN


Message content:-
#DFB883604880.0170.002 74.37-103.01171760-42 250OFF
 43.9321   6.9190340065874404870.0040.003 71.87-104.77170840-43 250OFF
 44.1580   6.5185340025865204870.0100.003 70.87-106.52169920-43 250OFF
-------------------------------------------------------[2024-08-02 11:37:56.952]

SOURCE: AIR
RX_ID: 63, Freq: 131.725MHz
Mode: E NACKLabel: H1 Block ID: 5, Msg No: D17A
Flight ID: SN037K REG: OO-SFH


Message content:-
#DFB001312000101010734056
R01/A33001,1,1
C1,.OO-SFH,24AUG02,11.37.30,EBBR,FZAA,BEL37K    ,4000,057
C2,004,06.0,000000,D1333RR06C02BEL,000,056,056
C3,-17.3,35001,0.800,111,1.06,111,10,0,01,111,1.08,X
C4,-17
-------------------------------------------------------[2024-08-02 11:37:56.953]

SOURCE: AIR
RX_ID: 64, Freq: 131.725MHz
Mode: E NACKLabel: H1 Block ID: 6, Msg No: D17B
Flight ID: SN037K REG: OO-SFH


Message content:-
#DFB.4,35002,0.802,111
C5,041535,00058,30110,00011,00443,10015,00000,00402,16066,---
C6,041004,69638,13667,26466,00443,10015,00000,00402,1E066
N1,1.467,1.468,080.19,088.3,089.4,0666,07.826,03309,08.96
N2,1.
-------------------------------------------------------[2024-08-02 11:38:00.464]

SOURCE: AIR
RX_ID: 65, Freq: 131.725MHz
Mode: E NACKLabel: H1 Block ID: 7, Msg No: D17C
Flight ID: SN037K REG: OO-SFH


Message content:-
#DFB467,1.468,080.03,088.1,089.1,0665,07.810,03287,08.94
S1,05.28,-17.3,037.1,195.0,159.0,475.4,08.0,058.1,025.2,30,149
S2,05.28,-17.3,037.2,194.6,156.5,472.3,08.2,058.3,028.9,30,136
T1,082,102,114.1,014.4,0
-------------------------------------------------------[2024-08-02 11:38:04.121]

SOURCE: AIR
RX_ID: 66, Freq: 131.725MHz
Mode: E NACKLabel: H1 Block ID: 8, Msg No: D17D
Flight ID: SN037K REG: OO-SFH


Message content:-
#DFB47.5,0.26,0.09,0.17,297,0.34,013.8
T2,075,094,114.5,021.3,047.2,0.18,0.08,0.22,009,0.31,013.5
V1,0448,0384
V2,0438,0384
NO STABLE FRAME CONDITION   :

-------------------------------------------------------[2024-08-02 11:38:07.419]

SOURCE: AIR
RX_ID: 67, Freq: 131.825MHz
Mode: 2 NACKLabel: H1 Block ID: 9, Msg No: F31A
Flight ID: AA0721 REG: N799AN


Message content:-
#M1BPOSN45008E004316,ETR-08,113924,340,NOQ-09,114132,LERGA,M45,25937,165744CE
-------------------------------------------------------[2024-08-02 11:39:26.046]

SOURCE: AIR
RX_ID: 68, Freq: 131.825MHz
Mode: 2 NACKLabel: 16 Block ID: 0, Msg No: M78A
Flight ID: AA0721 REG: N799AN


Message content:-
POSA1N45069E  4309,NOQ-09 ,113950,340,NOQ-10 ,114122,,-45, 32,1658,825
-------------------------------------------------------[2024-08-02 11:40:44.895]

SOURCE: AIR
RX_ID: 69, Freq: 131.825MHz
Mode: 2 NACKLabel: H1 Block ID: 1, Msg No: F32A
Flight ID: AA0721 REG: N799AN


Message content:-
#M1BPOSN45054E004115,NOQ-10,114123,340,LER-11,114404,CNA-12,M45,26728,165179CC
-------------------------------------------------------[2024-08-02 11:41:25.059]

SOURCE: AIR
RX_ID: 70, Freq: 131.725MHz
Mode: E NACKLabel: 44 Block ID: 4, Msg No: M27A
Flight ID: GS0000 REG: DAERO


Message content:-
03m0>xJqL-JxxV+xx-Je(qJ9xq!O+0q!1d>qx9x(qtt-eqt(-VqxxV$e
-------------------------------------------------------[2024-08-02 11:46:31.488]

SOURCE: AIR
RX_ID: 71, Freq: 131.725MHz
Mode: E NACKLabel: H1 Block ID: 6, Msg No: D36C
Flight ID: DL0024 REG: N825MH


Message content:-
#DFB
N1 SPD          4019     4025
HI STG PRESS    4200     4200
INTERM PRESS1    3197     3198
INTERM PRESS2    3413     3533
STRUT OVHT     NRML      NRML
DUCT PRESS       3075     3150
P-COOL TEMP    
-------------------------------------------------------[2024-08-02 11:47:52.585]

SOURCE: AIR
RX_ID: 72, Freq: 131.725MHz
Mode: E NACKLabel: H1 Block ID: 6, Msg No: D36C
Flight ID: DL0024 REG: N825MH


Message content:-
#DFB
N1 SPD          4019     4025
HI STG PRESS    4200     4200
INTERM PRESS1    3197     3198
INTERM PRESS2    3413     3533
STRUT OVHT     NRML      NRML
DUCT PRESS       3075     3150
P-COOL TEMP    
-------------------------------------------------------[2024-08-02 11:48:00.996]

SOURCE: AIR
RX_ID: 73, Freq: 131.725MHz
Mode: E NACKLabel: H1 Block ID: 7, Msg No: D36D
Flight ID: DL0024 REG: N825MH


Message content:-
#DFB36419    36084
PACK HX TEMP    33191    33631
PACK FLOW       11417    12453
WING ANTI ICE  OFF
LT  ISO VLV    CLS
RT  ISO VLV    CLS
CTR ISO VLV    OPN

TRIGGER CODE   0000

STATUS WORDS  DW1  DW
-------------------------------------------------------[2024-08-02 11:48:05.273]

SOURCE: AIR
RX_ID: 74, Freq: 131.725MHz
Mode: E NACKLabel: H1 Block ID: 8, Msg No: D36E
Flight ID: DL0024 REG: N825MH


Message content:-
#DFB2  DW3  DW4  DW5  DW6  DW7  DW8  EICAS
LEFT          0000 0001 0000 0000 0000 0000 1040 0000 0000
RIGHT         0000 0001 0000 0000 0000 0000 1040 0000 0000

-------------------------------------------------------[2024-08-02 11:48:08.568]

SOURCE: AIR
RX_ID: 75, Freq: 131.825MHz
Mode: 2 NACKLabel: 44 Block ID: 6, Msg No: M44A
Flight ID: GS0000 REG: DAAHO


Message content:-
07*?X.0)Emm4;M]..Um;.)0D.)`)`).D.4);;mD);00.)..U+;
-------------------------------------------------------[2024-08-02 11:48:27.000]

SOURCE: AIR
RX_ID: 76, Freq: 131.825MHz
Mode: 2 NACKLabel: H1 Block ID: 5, Msg No: B08A
Flight ID: GS0000 REG: DAAHO


Message content:-
#M2B/.RESPWI/AK,071/TS115421,020824
-------------------------------------------------------[2024-08-02 11:54:24.192]

SOURCE: AIR
RX_ID: 77, Freq: 131.825MHz
Mode: 2 NACKLabel: H1 Block ID: 5, Msg No: F51A
Flight ID: AA0333 REG: N791AN


Message content:-
#M2BPOSN44124E006225,BOD-17,120117,320,KOTIT,120611,ETREK,M40,25568,1514F26A
-------------------------------------------------------[2024-08-02 12:01:19.395]

SOURCE: AIR
RX_ID: 78, Freq: 131.825MHz
Mode: 2 NACKLabel: H1 Block ID: 6, Msg No: F52A
Flight ID: AA0333 REG: N791AN


Message content:-
#M2BPOSN44362E005413,KOTIT,120613,320,ETREK,121331,NOQAS,M41,25750,15008DFE
-------------------------------------------------------[2024-08-02 12:06:15.541]

SOURCE: AIR
RX_ID: 79, Freq: 131.825MHz
Mode: 2 NACKLabel: 5Z Block ID: 7, Msg No: M48A
Flight ID: AA0333 REG: N791AN


Message content:-
OS KJFK /FTM
S/ETIKI/1329/84/35
MAX 350
-------------------------------------------------------[2024-08-02 12:06:44.833]

SOURCE: AIR
RX_ID: 80, Freq: 131.825MHz
Mode: 2 NACKLabel: H1 Block ID: 0, Msg No: D59A
Flight ID: AA0333 REG: N791AN


Message content:-
#DFBTRP LGAV KJFK 07  8  42   0  0 115608
 43.1926   8.9501319975554805000.0090.004 63.88 -97.38156560-39 275OFF
 43.3244   8.4761319995545605000.0050.003 59.00 -98.09155680-40 274OFF
 43.4552   7.9967320005
-------------------------------------------------------[2024-08-02 12:08:11.880]

SOURCE: AIR
RX_ID: 81, Freq: 131.825MHz
Mode: 2 NACKLabel: H1 Block ID: 1, Msg No: D59B
Flight ID: AA0333 REG: N791AN


Message content:-
#DFB536805000.0050.003 54.75 -96.68154760-40 274OFF
 43.5850   7.5124319985527605000.0070.005 55.25-100.90153880-40 275OFF
 43.7898   7.0750319985518805020.0070.002 62.00-101.95152960-41 275OFF
-------------------------------------------------------[2024-08-02 12:08:18.025]

SOURCE: AIR
RX_ID: 82, Freq: 131.825MHz
Mode: 2 NACKLabel: B2 Block ID: 3, Msg No: M49A
Flight ID: AA0333 REG: N791AN


Message content:-
/PIKCLYA.CLA 1210 240802 EGGX CLRNCE 185AAL333 CLRD TO KJFK VIA ETIKINAT FETIKI 48N015W 48N020W 48N030W 48N040W 48N050WNICSOFM ETIKI/1329 MNTN F350 M084END OF MESSAGE
-------------------------------------------------------[2024-08-02 12:10:09.029]

SOURCE: AIR
RX_ID: 83, Freq: 131.825MHz
Mode: 2 NACKLabel: H1 Block ID: 5, Msg No: F53A
Flight ID: AA0333 REG: N791AN


Message content:-
#M2BPOSN45140E004143,NOQ-18,121538,320,LERGA,121813,CNA,M43,27416,14714CF4
-------------------------------------------------------[2024-08-02 12:15:41.031]

SOURCE: AIR
RX_ID: 84, Freq: 131.825MHz
Mode: 2 NACKLabel: 44 Block ID: 0, Msg No: M23A
Flight ID: GS0000 REG: DAVIB


Message content:-
00POS03,N44252E006186,252,LFMD,EGWU,0802,1233,1357,007.0
-------------------------------------------------------[2024-08-02 12:33:34.695]

SOURCE: AIR
RX_ID: 85, Freq: 131.825MHz
Mode: 2 NACKLabel: 44 Block ID: 1, Msg No: M24A
Flight ID: GS0000 REG: DAVIB


Message content:-
00POS03,N44531E005562,326,LFMD,EGWU,0802,1238,1357,006.7
-------------------------------------------------------[2024-08-02 12:38:34.773]

SOURCE: AIR
RX_ID: 86, Freq: 131.725MHz
Mode: 2 NACKLabel: 15 Block ID: 8, Msg No: M07A
Flight ID: XA0001 REG: 9HVFL


Message content:-
(2N45015E  4239249 39370-47(Z
-------------------------------------------------------[2024-08-02 13:09:48.595]

SOURCE: AIR
RX_ID: 87, Freq: 131.725MHz
Mode: 2 NACKLabel: 15 Block ID: 8, Msg No: M07A
Flight ID: XA0001 REG: 9HVFL


Message content:-
(2N45015E  4239249 39370-47(Z
-------------------------------------------------------[2024-08-02 13:10:08.673]

SOURCE: AIR
RX_ID: 88, Freq: 131.725MHz
Mode: 2 NACKLabel: 15 Block ID: 8, Msg No: M07A
Flight ID: XA0001 REG: 9HVFL


Message content:-
(2N45015E  4239249 39370-47(Z
-------------------------------------------------------[2024-08-02 13:10:30.801]

SOURCE: AIR
RX_ID: 89, Freq: 131.725MHz
Mode: 2 NACKLabel: 15 Block ID: 8, Msg No: M07A
Flight ID: XA0001 REG: 9HVFL


Message content:-
(2N45015E  4239249 39370-47(Z
-------------------------------------------------------[2024-08-02 13:10:51.684]

SOURCE: AIR
RX_ID: 90, Freq: 131.725MHz
Mode: G NACKLabel: 2F Block ID: 0, Msg No: M96A
Flight ID: AF7465 REG: F-GMZD


Message content:-
1314+4486+456/2656
-------------------------------------------------------[2024-08-02 13:14:29.185]

SOURCE: AIR
RX_ID: 91, Freq: 131.825MHz
Mode: 2 NACKLabel: SA Block ID: 7, Msg No: S77A
Flight ID: AC0893 REG: C-FRAM


Message content:-
0LH131432VS
-------------------------------------------------------[2024-08-02 13:14:34.111]

SOURCE: AIR
RX_ID: 92, Freq: 131.725MHz
Mode: 2 NACKLabel: 15 Block ID: 9, Msg No: M08A
Flight ID: XA0001 REG: 9HVFL


Message content:-
(2N43595E  5233257 28245-24(Z
-------------------------------------------------------[2024-08-02 13:19:16.131]

SOURCE: AIR
RX_ID: 93, Freq: 131.725MHz
Mode: 2 NACKLabel: 15 Block ID: 9, Msg No: M08A
Flight ID: XA0001 REG: 9HVFL


Message content:-
(2N43595E  5233257 28245-24(Z
-------------------------------------------------------[2024-08-02 13:19:29.850]

SOURCE: AIR
RX_ID: 94, Freq: 131.725MHz
Mode: 2 NACKLabel: 15 Block ID: 9, Msg No: M08A
Flight ID: XA0001 REG: 9HVFL


Message content:-
(2N43595E  5233257 28245-24(Z
-------------------------------------------------------[2024-08-02 13:19:46.452]

SOURCE: AIR
RX_ID: 95, Freq: 131.725MHz
Mode: 2 NACKLabel: 15 Block ID: 9, Msg No: M08A
Flight ID: XA0001 REG: 9HVFL


Message content:-
(2N43595E  5233257 28245-24(Z
-------------------------------------------------------[2024-08-02 13:20:03.024]

SOURCE: AIR
RX_ID: 96, Freq: 131.725MHz
Mode: 2 NACKLabel: 15 Block ID: 9, Msg No: M08A
Flight ID: XA0001 REG: 9HVFL


Message content:-
(2N43595E  5233257 28245-24(Z
-------------------------------------------------------[2024-08-02 13:20:17.173]

SOURCE: AIR
RX_ID: 97, Freq: 131.725MHz
Mode: 2 NACKLabel: 15 Block ID: 9, Msg No: M08A
Flight ID: XA0001 REG: 9HVFL


Message content:-
(2N43595E  5233257 28245-24(Z
-------------------------------------------------------[2024-08-02 13:20:31.290]

SOURCE: AIR
RX_ID: 98, Freq: 131.725MHz
Mode: G NACKLabel: 16 Block ID: 0, Msg No: M38A
Flight ID: XSMBU6 REG: 2-BBMB


Message content:-
133437,,1715, 301,N 44.677 E  3.337
-------------------------------------------------------[2024-08-02 13:34:38.564]

SOURCE: AIR
RX_ID: 99, Freq: 131.825MHz
Mode: 2 NACKLabel: H1 Block ID: 7, Msg No: F28A
Flight ID: AA0289 REG: N761AJ


Message content:-
#M1BPOSN44165E006265,BOD-02,135659,320,KOT-03,140151,ETREK,M43,25650,2011588F
-------------------------------------------------------[2024-08-02 13:57:01.120]

SOURCE: AIR
RX_ID: 100, Freq: 131.825MHz
Mode: 2 NACKLabel: H1 Block ID: 1, Msg No: F29A
Flight ID: AA0289 REG: N761AJ


Message content:-
#M1BPOSN44386E005437,KOT-03,140151,320,ETREK,140906,NOQAS,M44,26631,199572F6
-------------------------------------------------------[2024-08-02 14:01:53.183]

SOURCE: AIR
RX_ID: 101, Freq: 131.825MHz
Mode: 2 NACKLabel: H1 Block ID: 2, Msg No: D07A
Flight ID: AA0289 REG: N761AJ


Message content:-
#DFBTRP LIRF KDFW 07  8 621   0  0 135655
 43.4298   8.1889320026083204950.0050.003 51.88-102.66204920-40 274OFF
 43.6207   7.7380319956073604980.0060.003 56.75-105.12203960-41 275OFF
 43.8222   7.2948320016
-------------------------------------------------------[2024-08-02 14:08:59.174]

SOURCE: AIR
RX_ID: 102, Freq: 131.825MHz
Mode: 2 NACKLabel: H1 Block ID: 3, Msg No: F30A
Flight ID: AA0289 REG: N761AJ


Message content:-
#M1BPOSN45050E004355,ETR-04,140858,340,NOQ-05,141104,LERGA,M47,31310,1970A66A
-------------------------------------------------------[2024-08-02 14:09:05.537]

SOURCE: AIR
RX_ID: 103, Freq: 131.825MHz
Mode: 2 NACKLabel: H1 Block ID: 5, Msg No: F31A
Flight ID: AA0289 REG: N761AJ


Message content:-
#M1BPOSN45096E004132,NOQ-06,141102,340,LER-07,141337,CNA-08,M47,33611,19639530
-------------------------------------------------------[2024-08-02 14:11:04.721]

SOURCE: AIR
RX_ID: 104, Freq: 131.825MHz
Mode: 2 NACKLabel: 83 Block ID: 9, Msg No: M25A
Flight ID: GS0001 REG: CSCHL


Message content:-
001PR02141535N4417.8E00618.72594220023
-------------------------------------------------------[2024-08-02 14:15:37.914]

SOURCE: AIR
RX_ID: 105, Freq: 131.725MHz
Mode: X NACKLabel: H1 Block ID: 9, Msg No: D89A
Flight ID: DL0149 REG: N199DN


Message content:-
#DFB239N199DN0149080424141844760 4396   679240  5-23263 3110-234117400
 325 4410000297540030NXWLIRFKJFK
-------------------------------------------------------[2024-08-02 14:18:53.901]

SOURCE: AIR
RX_ID: 106, Freq: 131.725MHz
Mode: X NACKLabel: H1 Block ID: 1, Msg No: D90A
Flight ID: DL0149 REG: N199DN


Message content:-
#DFB360-2001080424142800000401CR  N199DN1101D01491LIRFKJFK//////727447
NGENEWLBTEMPLO'220 -----1900000000LO LO 4900000000LO LO 2100000000LO 
LO 5100000000LO LO 2400000000LO LO 49 9215610010C 381O 34110P 3011
-------------------------------------------------------[2024-08-02 14:30:12.009]

SOURCE: AIR
RX_ID: 107, Freq: 131.725MHz
Mode: X NACKLabel: H1 Block ID: 2, Msg No: D90B
Flight ID: DL0149 REG: N199DN


Message content:-
#DFBO22
3 9115110010C 371O 33110P 2910P3431 -45 320380.791 1.850000000054 901
4510010C 351O 33110P 2911O220 9014010010C 341O 31110P 2810P3431 -45 3
20490.792 1.850000000000 8913710010C 331O 30110P 2711O216 
-------------------------------------------------------[2024-08-02 14:30:15.885]

SOURCE: AIR
RX_ID: 108, Freq: 131.725MHz
Mode: X NACKLabel: H1 Block ID: 3, Msg No: D90C
Flight ID: DL0149 REG: N199DN


Message content:-
#DFB8913310010C
 321O 29110P 2710P3431 -45 320420.795 1.850000000005 8913510010C 331O
 30110P 2711O214 8913110010C 321O 28110P 2710P3421 -45 320350.793 1.8
50000000011 8913410010C 331O 29110P 2611O205 88130
-------------------------------------------------------[2024-08-02 14:30:19.982]

SOURCE: AIR
RX_ID: 109, Freq: 131.725MHz
Mode: X NACKLabel: H1 Block ID: 4, Msg No: D90D
Flight ID: DL0149 REG: N199DN


Message content:-
#DFB10010C 321O 28110P 
2710P3431 -45 320260.795 1.850000000016 8913410010C 331O 29110P 2611O
202 8813010010C 321O 27110P 2710P3431 -45 320220.795 1.850000000021 8
913510010C 331O 29110P 2611O199 8813110010
-------------------------------------------------------[2024-08-02 14:30:23.894]

SOURCE: AIR
RX_ID: 110, Freq: 131.725MHz
Mode: X NACKLabel: H1 Block ID: 5, Msg No: D90E
Flight ID: DL0149 REG: N199DN


Message content:-
#DFBC 321O 27110P 2710P3421 -45
 320220.797 1.850000000026 8913710010C 331O 29110P 2711O193 891331001
0C 321O 28110P 2710P3431 -44 320290.798 1.850000000031 8913410010C 33
1O 29110P 2711O193 8813010010C 321
-------------------------------------------------------[2024-08-02 14:30:27.992]

SOURCE: AIR
RX_ID: 111, Freq: 131.725MHz
Mode: X NACKLabel: H1 Block ID: 6, Msg No: D90F
Flight ID: DL0149 REG: N199DN


Message content:-
#DFBO 28110P 2710P3421 -45 320350.797 1
.850000000036 8813110010C 321O 29110P 2611O193 8812810010C 311O 27110
P 2610P3421 -45 320350.796 1.850000000041 8813010010C 321O 29110P 261
1O190 8812710010C 311O 271
-------------------------------------------------------[2024-08-02 14:30:32.274]

SOURCE: AIR
RX_ID: 112, Freq: 131.725MHz
Mode: X NACKLabel: H1 Block ID: 7, Msg No: D90G
Flight ID: DL0149 REG: N199DN


Message content:-
#DFB10P 2610P3421 -45 320330.797 1.850000000046
 8813010010C 321O 28110P 2611O190 8812710010C 311O 27110O 2610P3421 -
45 320300.796 1.850000000051 8813010010C 321O 28110P 2511O187 8812710
010C 311O 26110O 2
-------------------------------------------------------[2024-08-02 14:30:36.585]

SOURCE: AIR
RX_ID: 113, Freq: 131.725MHz
Mode: X NACKLabel: H1 Block ID: 8, Msg No: D90H
Flight ID: DL0149 REG: N199DN


Message content:-
#DFB610P3401 -45 320300.797 1.850000000057 8812910010C 
321O 28110P 2511O187 8812610010C 311O 26110P 2610P3421 -45 320280.798
 1.850000000002 8812810010C 311O 28110P 2511O187 8812410010C 301O 261
10O 2510P3
-------------------------------------------------------[2024-08-02 14:30:40.466]

SOURCE: AIR
RX_ID: 114, Freq: 131.725MHz
Mode: X NACKLabel: H1 Block ID: 1, Msg No: D90K
Flight ID: DL0149 REG: N199DN


Message content:-
#DFB50.7
87 1.850000000019408402F89F3000000000400005D09F300040000049408402F89F
3000000000400005D09F300040000021408402F89F3000000000400005D09F3000400
00051408402F89F3000000000400005D09F200040000024408402F89F
-------------------------------------------------------[2024-08-02 14:30:52.574]

SOURCE: AIR
RX_ID: 115, Freq: 131.725MHz
Mode: X NACKLabel: H1 Block ID: 2, Msg No: D90L
Flight ID: DL0149 REG: N199DN


Message content:-
#DFB300000000040
0005D09F3000400000
-------------------------------------------------------[2024-08-02 14:30:56.045]

SOURCE: AIR
RX_ID: 116, Freq: 131.725MHz
Mode: X NACKLabel: H1 Block ID: 7, Msg No: D91B
Flight ID: DL0149 REG: N199DN


Message content:-
#DFBO20
2 9618110010C 441O 36110P 3010P3401 -44 321860.796 1.850000000010 961
8510010C 451O 37110P 3311O205 9618010010C 441O 36110P 3010P3401 -45 3
22900.795 1.850000000015 9618410010C 451O 37110P 3311O208 
-------------------------------------------------------[2024-08-02 14:37:30.692]

SOURCE: AIR
RX_ID: 117, Freq: 131.725MHz
Mode: 2 NACKLabel: 42 Block ID: 0, Msg No: M41A
Flight ID: GS0111 REG: OK-OSK


Message content:-
00TWX03,N45168E005554,430,ESSA,LEIB,0,LEIB,LEMG
-------------------------------------------------------[2024-08-02 14:39:26.621]

SOURCE: AIR
RX_ID: 118, Freq: 131.725MHz
Mode: 2 NACKLabel: 44 Block ID: 4, Msg No: M45A
Flight ID: GS0111 REG: OK-OSK


Message content:-
00POS03,N44256E005323,430,ESSA,LEIB,0802,1447,1557,006.3
-------------------------------------------------------[2024-08-02 14:47:15.620]

SOURCE: AIR
RX_ID: 119, Freq: 131.825MHz
Mode: 2 NACKLabel: H1 Block ID: 6, Msg No: D65A
Flight ID: NW0213 REG: N828NW


Message content:-
#DFB239049200801010098111
R39/A33039,1,1
239N828NW213 080224153154807 4481   528339-18-47278 31AB0510125600
 281 443-0012907500J8IH-LGAVKJFK
-------------------------------------------------------[2024-08-02 15:32:05.705]

SOURCE: AIR
RX_ID: 120, Freq: 131.825MHz
Mode: 2 NACKLabel: B1 Block ID: 7, Msg No: M63A
Flight ID: NW0213 REG: N828NW


Message content:-
/PIKCLXS.OC1/RCL 040
DAL213-ETIKI/1657 M082F370
-RMK/471B
-------------------------------------------------------[2024-08-02 15:33:16.544]

SOURCE: AIR
RX_ID: 121, Freq: 131.725MHz
Mode: E NACKLabel: B1 Block ID: 8, Msg No: L18A
Flight ID: DL0029 REG: N825MH


Message content:-
/PIKCLXS.OC1/RCL 024
DAL29-ETIKI/1713 M081F330
-RMK/MAX340F0E4
-------------------------------------------------------[2024-08-02 15:46:30.589]

SOURCE: AIR
RX_ID: 122, Freq: 131.725MHz
Mode: E NACKLabel: B2 Block ID: 1, Msg No: M82A
Flight ID: DL0029 REG: N825MH


Message content:-
/PIKCLYA.OC1/CLA 1549 240802 EGGX
CLRNCE 419
DAL29 CLRD TO KJFK VIA
ETIKI
NAT F
ETIKI 48N015W 48N020W
48N030W 48N040W 48N050W
NICSO
FM ETIKI/1713 MNTN F340
M081
ATC/LEVEL CHANGE
END OF MESSAGEFBAD
-------------------------------------------------------[2024-08-02 15:49:37.141]

SOURCE: AIR
RX_ID: 123, Freq: 131.725MHz
Mode: E NACKLabel: H1 Block ID: 3, Msg No: D50A
Flight ID: DL0029 REG: N825MH


Message content:-
#DFB239N1801 0029080224155044798 4498   513319-12-42343 12XX-223120000
 290 46601412900410J820)LFMNKJFK
-------------------------------------------------------[2024-08-02 15:50:58.038]

SOURCE: AIR
RX_ID: 124, Freq: 131.725MHz
Mode: G NACKLabel: 26 Block ID: 3, Msg No: M25A
Flight ID: QA0004 REG: A7-AAG


Message content:-
000252-1241YEISA0A61B3PPYEO0KACAA6BNG6YIESAPQW,1YK7AAA61N133YIH4A(((((((YUOJAWPYCSIAN/1Q
-------------------------------------------------------[2024-08-02 16:20:40.850]

SOURCE: AIR
RX_ID: 125, Freq: 131.725MHz
Mode: G NACKLabel: 26 Block ID: 4, Msg No: M26A
Flight ID: QA0004 REG: A7-AAG


Message content:-
000262-1282Q.B8W3W,,)AAAQ.T3(WSWW,),0HQB.8WJY//9Q(VWWW,X9HYXQB5LWZZZZZZZQ1TUW/JQS8BW9HXY
-------------------------------------------------------[2024-08-02 16:22:45.781]

SOURCE: AIR
RX_ID: 126, Freq: 131.725MHz
Mode: G NACKLabel: 2K Block ID: 5, Msg No: M27A
Flight ID: QA0004 REG: A7-AAG


Message content:-
000272-1268-.J,7IXK(L-J7FI B9U-K1TI5:
-------------------------------------------------------[2024-08-02 16:23:15.696]

SOURCE: AIR
RX_ID: 127, Freq: 131.725MHz
Mode: G NACKLabel: 26 Block ID: 6, Msg No: M28A
Flight ID: QA0004 REG: A7-AAG


Message content:-
000282-1222Q.B8W3W,,)0AAQ.T3(WSWW,)A9HQB.8WJY/,AQ(VWWW,X/XCCQB5LWZZZZZZZQ1TUW/YQS8BW9HXJ
-------------------------------------------------------[2024-08-02 16:24:50.929]

SOURCE: AIR
RX_ID: 128, Freq: 131.725MHz
Mode: G NACKLabel: 26 Block ID: 7, Msg No: M29A
Flight ID: QA0004 REG: A7-AAG


Message content:-
000292-1265Y2I6T3TEEBF,CY2P3LTKTT(B:)CYI26T  C FYLRTTTE)(G)(YIV4TXXXXXXXY/P-T,:YK6IT:F( 
-------------------------------------------------------[2024-08-02 16:26:55.855]

SOURCE: AIR
RX_ID: 129, Freq: 131.725MHz
Mode: G NACKLabel: H1 Block ID: 9, Msg No: F06A
Flight ID: QA0004 REG: A7-AAG


Message content:-
#M1BRESPWI/RJA02E1,089/TS162711,020824B2D2
-------------------------------------------------------[2024-08-02 16:27:19.407]

SOURCE: AIR
RX_ID: 130, Freq: 131.725MHz
Mode: G NACKLabel: 26 Block ID: 0, Msg No: M30A
Flight ID: QA0004 REG: A7-AAG


Message content:-
000302-1205Y2I6T3TEEB(G)Y2P3LTKTT(B(DGYI26T : :CYLRTTTE)EFD(YIV4TXXXXXXXY/P-T,:YK6IT:F(E
-------------------------------------------------------[2024-08-02 16:29:00.789]

SOURCE: AIR
RX_ID: 131, Freq: 131.725MHz
Mode: G NACKLabel: 2I Block ID: 1, Msg No: M31A
Flight ID: QA0004 REG: A7-AAG


Message content:-
000312-1252QNSV8W.1K3QS8BW9HXAQ1TUW/C
-------------------------------------------------------[2024-08-02 16:30:55.656]

SOURCE: AIR
RX_ID: 132, Freq: 131.725MHz
Mode: G NACKLabel: 26 Block ID: 2, Msg No: M32A
Flight ID: QA0004 REG: A7-AAG


Message content:-
000322-1247HS32PRP//(/IFHSUR0P7PPI(-FYH3S2PA.JF-H09PPP/A/-GIH3,QPEEEEEEEHNUTPY)H723PJ.IY
-------------------------------------------------------[2024-08-02 16:31:05.897]

SOURCE: AIR
RX_ID: 133, Freq: 131.725MHz
Mode: G NACKLabel: 26 Block ID: 3, Msg No: M33A
Flight ID: QA0004 REG: A7-AAG


Message content:-
000332-1291YEISA0A66BQGGYEO0KACAA/B36,YIESAQN3/WYK7AAA636NQ1YIH4A(((((((YUOJAW3YCSIAN/16
-------------------------------------------------------[2024-08-02 16:33:10.831]

SOURCE: AIR
RX_ID: 134, Freq: 131.725MHz
Mode: G NACKLabel: 26 Block ID: 3, Msg No: M33A
Flight ID: QA0004 REG: A7-AAG


Message content:-
000332-1291YEISA0A66BQGGYEO0KACAA/B36,YIESAQN3/WYK7AAA636NQ1YIH4A(((((((YUOJAW3YCSIAN/16
-------------------------------------------------------[2024-08-02 16:33:19.020]

SOURCE: AIR
RX_ID: 135, Freq: 131.725MHz
Mode: G NACKLabel: 26 Block ID: 4, Msg No: M34A
Flight ID: QA0004 REG: A7-AAG


Message content:-
000342-1231YEISA0A66B3/PYEO0KACAA/BN1GYIESAN/6PGYK7AAAP,WQ13YIH4A(((((((YUOJA,WYCSIAN/16
-------------------------------------------------------[2024-08-02 16:35:15.758]

SOURCE: AIR
RX_ID: 136, Freq: 131.725MHz
Mode: G NACKLabel: 26 Block ID: 5, Msg No: M35A
Flight ID: QA0004 REG: A7-AAG


Message content:-
000352-1272Q.B8W3W,J)AXJQ.T3(WSWWH)YHJQB.8W9JJ,HQ(VWWWJ0JJ0XQB5LWZZZZZZZQ1TUWA/QS8BW9HX,
-------------------------------------------------------[2024-08-02 16:37:20.907]

SOURCE: AIR
RX_ID: 137, Freq: 131.825MHz
Mode: 2 NACKLabel: 44 Block ID: 8, Msg No: M43A
Flight ID: GS404B REG: CSDLG


Message content:-
04p=G'\VNHmF'a(''XHHmVH\'Vq=%GVq(K7V':'!V\XmaV\aF'V\!#\]
-------------------------------------------------------[2024-08-02 16:37:38.937]

SOURCE: AIR
RX_ID: 138, Freq: 131.725MHz
Mode: G NACKLabel: H1 Block ID: 3, Msg No: F91A
Flight ID: TB0634 REG: OO-JAF


Message content:-
#M1BPRG/DTEBBR,25L,71,181243,734309
-------------------------------------------------------[2024-08-02 16:52:42.293]

SOURCE: AIR
RX_ID: 139, Freq: 131.725MHz
Mode: E NACKLabel: 5U Block ID: 7, Msg No: M48A
Flight ID: TB0634 REG: OO-JAF


Message content:-
SA/EBBR LSGG ELLX EBLG
-------------------------------------------------------[2024-08-02 17:10:52.863]

SOURCE: AIR
RX_ID: 140, Freq: 131.825MHz
Mode: 2 NACKLabel: SA Block ID: 3, Msg No: S07A
Flight ID: AA0245 REG: N720AN


Message content:-
0EV171307VS
-------------------------------------------------------[2024-08-02 17:13:08.870]

SOURCE: AIR
RX_ID: 141, Freq: 131.725MHz
Mode: E NACKLabel: B9 Block ID: 0, Msg No: M49A
Flight ID: TB0634 REG: OO-JAF


Message content:-
/EBBR.TI2/024EBBRA4AC8
-------------------------------------------------------[2024-08-02 17:13:46.760]

SOURCE: AIR
RX_ID: 142, Freq: 131.725MHz
Mode: 2 NACKLabel: H1 Block ID: 7, Msg No: F76A
Flight ID: XA0000 REG: OEILK


Message content:-
#M1B/.RESREQ/AK,115/TS184155,020824
-------------------------------------------------------[2024-08-02 18:42:42.481]

SOURCE: AIR
RX_ID: 143, Freq: 131.725MHz
Mode: 2 NACKLabel: H1 Block ID: 8, Msg No: F77A
Flight ID: XA0000 REG: OEILK


Message content:-
#M1B/.POS/TS184155,020824N45288E004027,,184155,410,KOLON,185955,OMARD,M51,31533,102,8509B19
-------------------------------------------------------[2024-08-02 18:43:04.790]

SOURCE: AIR
RX_ID: 144, Freq: 131.725MHz
Mode: 2 NACKLabel: H1 Block ID: 8, Msg No: F77A
Flight ID: XA0000 REG: OEILK


Message content:-
#M1B/.POS/TS184155,020824N45288E004027,,184155,410,KOLON,185955,OMARD,M51,31533,102,8509B19
-------------------------------------------------------[2024-08-02 18:43:19.345]

SOURCE: AIR
RX_ID: 145, Freq: 131.725MHz
Mode: 2 NACKLabel: 5U Block ID: 9, Msg No: M78A
Flight ID: XA0000 REG: OEILK


Message content:-
001AF   LIEO      N4458.2E00447.1410
-------------------------------------------------------[2024-08-02 18:47:03.166]

SOURCE: AIR
RX_ID: 146, Freq: 131.825MHz
Mode: 2 NACKLabel: 44 Block ID: 4, Msg No: M22A
Flight ID: GS0000 REG: DAFBS


Message content:-
08,suL}Zq``L`L=LLa`vaZeecZP\xqZ=yy~ZLcLeZYc`KZeLY`ZLLK[K
-------------------------------------------------------[2024-08-02 18:47:25.922]

SOURCE: AIR
RX_ID: 147, Freq: 131.725MHz
Mode: 2 NACKLabel: H1 Block ID: 3, Msg No: F03A
Flight ID: XA0000 REG: OEILK


Message content:-
#M1B/.RESREQ/AK,115/TS185223,020824
-------------------------------------------------------[2024-08-02 18:52:23.904]

SOURCE: AIR
RX_ID: 148, Freq: 131.725MHz
Mode: 2 NACKLabel: H1 Block ID: 4, Msg No: F04A
Flight ID: XA0000 REG: OEILK


Message content:-
#M1B/.POS/TS185223,020824N44242E005286,,185223,410,ZEFIR,191423,RIDHO,M51,30218,97,850272A
-------------------------------------------------------[2024-08-02 18:52:28.222]

SOURCE: AIR
RX_ID: 149, Freq: 131.725MHz
Mode: 2 NACKLabel: H1 Block ID: 7, Msg No: F07A
Flight ID: XA0000 REG: OEILK


Message content:-
#M1B/.RESREQ/AK,115/TS190251,020824
-------------------------------------------------------[2024-08-02 19:02:52.863]

SOURCE: AIR
RX_ID: 150, Freq: 131.725MHz
Mode: 2 NACKLabel: H1 Block ID: 8, Msg No: F08A
Flight ID: XA0000 REG: OEILK


Message content:-
#M1B/.POS/TS190251,020824N43138E006448,,190251,410,LIEA,200551,,M48,27840,91,85033DE
-------------------------------------------------------[2024-08-02 19:02:57.142]

SOURCE: AIR
RX_ID: 151, Freq: 131.525MHz
Mode: 2 NACKLabel: H1 Block ID: 9, Msg No: F07A
Flight ID: ZD0000 REG: HBJGF


Message content:-
#M2B/.POS/TS193901,020824N44536E005096,,193901,334,NOQAS,194401,LERGA,M45,26228,378,8501FC6
-------------------------------------------------------[2024-08-02 19:39:07.017]

SOURCE: AIR
RX_ID: 152, Freq: 131.825MHz
Mode: 2 NACKLabel: H1 Block ID: 2, Msg No: F05A
Flight ID: QY1929 REG: D-ALEP


Message content:-
#M1BPOSN45079E004370,,202354,390,ETR01,202414,LTP,M49,35429,168,790127E
-------------------------------------------------------[2024-08-02 20:23:56.074]

SOURCE: AIR
RX_ID: 153, Freq: 131.825MHz
Mode: 2 NACKLabel: H1 Block ID: 2, Msg No: F05A
Flight ID: QY1929 REG: D-ALEP


Message content:-
#M1BPOSN45079E004370,,202354,390,ETR01,202414,LTP,M49,35429,168,790127E
-------------------------------------------------------[2024-08-02 20:24:15.748]

SOURCE: AIR
RX_ID: 154, Freq: 131.525MHz
Mode: T NACKLabel: H1 Block ID: 5, Msg No: C46A
Flight ID: AF7314 REG: F-GMZD


Message content:-
#CFBFLR/FR24080221010032493406NO TPIS DATA/IDCFDS,ECAM 1,ECAM 2
-------------------------------------------------------[2024-08-02 21:02:06.602]

SOURCE: AIR
RX_ID: 155, Freq: 131.525MHz
Mode: T NACKLabel: H1 Block ID: 5, Msg No: C46A
Flight ID: AF7314 REG: F-GMZD


Message content:-
#CFBFLR/FR24080221010032493406NO TPIS DATA/IDCFDS,ECAM 1,ECAM 2
-------------------------------------------------------[2024-08-02 21:02:18.268]

SOURCE: AIR
RX_ID: 156, Freq: 131.725MHz
Mode: E NACKLabel: 16 Block ID: 7, Msg No: M68A
Flight ID: XSMBU6 REG: 2-BBMB


Message content:-
210509,,2207, 163,N 44.406 E  3.061
-------------------------------------------------------[2024-08-02 21:05:11.513]

SOURCE: AIR
RX_ID: 157, Freq: 131.525MHz
Mode: T NACKLabel: 2Z Block ID: 6, Msg No: M69A
Flight ID: AF7314 REG: F-GMZD


Message content:-
LFMN
-------------------------------------------------------[2024-08-02 21:06:03.552]

SOURCE: AIR
RX_ID: 158, Freq: 131.525MHz
Mode: T NACKLabel: 2F Block ID: 0, Msg No: M70A
Flight ID: AF7314 REG: F-GMZD


Message content:-
2107+4440+518/3250
-------------------------------------------------------[2024-08-02 21:07:44.087]

SOURCE: AIR
RX_ID: 159, Freq: 131.525MHz
Mode: T NACKLabel: B9 Block ID: 2, Msg No: L24A
Flight ID: AF7314 REG: F-GMZD


Message content:-
/LFMN.TI2/064LFMNA83AC
-------------------------------------------------------[2024-08-02 21:15:52.984]

SOURCE: AIR
RX_ID: 160, Freq: 131.525MHz
Mode: T NACKLabel: H1 Block ID: 3, Msg No: C47A
Flight ID: AF7314 REG: F-GMZD


Message content:-
#CFBWRN/WN24080221160021630006COND HOT AIR FAULTX     
-------------------------------------------------------[2024-08-02 21:15:56.053]

SOURCE: AIR
RX_ID: 161, Freq: 131.525MHz
Mode: T ACK, A2GLabel: H1 Block ID: 3, Msg No: C47A
Flight ID: AF7314 REG: F-GMZD


Message content:-
#CFBWRN/WN24080221160021630006COND HOT AIR FAULTX     
-------------------------------------------------------[2024-08-02 21:15:58.905]

SOURCE: AIR
RX_ID: 162, Freq: 131.525MHz
Mode: T NACKLabel: H1 Block ID: 3, Msg No: C47A
Flight ID: AF7314 REG: F-GMZD


Message content:-
#CFBWRN/WN24080221160021630006COND HOT AIR FAULTX     
-------------------------------------------------------[2024-08-02 21:16:11.816]

SOURCE: AIR
RX_ID: 163, Freq: 131.525MHz
Mode: T NACKLabel: H1 Block ID: 6, Msg No: C48A
Flight ID: AF7314 REG: F-GMZD


Message content:-
#CFBFLR/FR24080221160021631506TEMP SENSOR CKPT DUCT/IDTEMP CTL
-------------------------------------------------------[2024-08-02 21:17:11.610]

SOURCE: AIR
RX_ID: 164, Freq: 131.525MHz
Mode: T NACKLabel: H1 Block ID: 7, Msg No: C49A
Flight ID: AF7314 REG: F-GMZD


Message content:-
#CFBFLR/FR24080221160021510006FLOW SEL/IDTEMP CTL
-------------------------------------------------------[2024-08-02 21:17:42.952]

SOURCE: AIR
RX_ID: 165, Freq: 131.525MHz
Mode: T NACKLabel: 2Z Block ID: 4, Msg No: M38A
Flight ID: AF7342 REG: F-GMZC


Message content:-
LFML
-------------------------------------------------------[2024-08-02 21:27:03.485]

SOURCE: AIR
RX_ID: 166, Freq: 131.525MHz
Mode: T NACKLabel: 2F Block ID: 5, Msg No: M39A
Flight ID: AF7342 REG: F-GMZC


Message content:-
2133+4433+498/2555
-------------------------------------------------------[2024-08-02 21:33:40.582]

SOURCE: AIR
RX_ID: 167, Freq: 131.725MHz
Mode: G NACKLabel: 26 Block ID: 8, Msg No: M40A
Flight ID: AF7342 REG: F-GMZC


Message content:-
2136LFPGAF7342/022151LFML31R
-------------------------------------------------------[2024-08-02 21:36:41.828]

SOURCE: AIR
RX_ID: 168, Freq: 131.825MHz
Mode: 2 NACKLabel: B9 Block ID: 1, Msg No: L09A
Flight ID: QY0421 REG: D-ALEU


Message content:-
/LIMC.TI2/024LIMCAE0D8
-------------------------------------------------------[2024-08-02 22:37:55.811]

SOURCE: AIR
RX_ID: 169, Freq: 131.725MHz
Mode: E NACKLabel: SA Block ID: 2, Msg No: S03A
Flight ID: NO5420 REG: EI-XIN


Message content:-
0EV224255VS/
-------------------------------------------------------[2024-08-02 22:39:05.041]

SOURCE: AIR
RX_ID: 170, Freq: 131.825MHz
Mode: 2 NACKLabel: H1 Block ID: 4, Msg No: F12A
Flight ID: QY0421 REG: D-ALEU


Message content:-
#M1BPOSN44347E003330,,223928,380,ROMAM,224954,NEDRU,M50,35327,179,761A501
-------------------------------------------------------[2024-08-02 22:39:30.642]

SOURCE: AIR
RX_ID: 171, Freq: 131.825MHz
Mode: 2 NACKLabel: H1 Block ID: 7, Msg No: F13A
Flight ID: QY0421 REG: D-ALEU


Message content:-
#M1BPOSN45056E005246,ROMAM,225117,336,NEDRU,225335,RILIP,M44,31421,168,760BE86
-------------------------------------------------------[2024-08-02 22:51:20.284]

SOURCE: AIR
RX_ID: 172, Freq: 131.725MHz
Mode: E NACKLabel: H1 Block ID: 7, Msg No: F85A
Flight ID: ZF2604 REG: TF-AMM


Message content:-
#M1BPOSN43029E005109,,232136,340,PAD07,232248,MRM08,M47,29725,518,84,/TS232138,02082497BA
-------------------------------------------------------[2024-08-02 23:21:40.537]

