SOURCE: AIR
RX_ID: 0, Freq: 131.725MHz
Mode: X NACKLabel: Q0 Block ID: 5, Msg No: S58A
Flight ID: MP8321 REG: PH-CKA


Message content:-

-------------------------------------------------------[2024-02-13 23:49:39.369]

SOURCE: AIR
RX_ID: 1, Freq: 131.725MHz
Mode: G NACKLabel: Q0 Block ID: 6, Msg No: S59A
Flight ID: MP8321 REG: PH-CKA


Message content:-

-------------------------------------------------------[2024-02-13 23:50:39.566]

SOURCE: AIR
RX_ID: 2, Freq: 131.725MHz
Mode: X NACKLabel: Q0 Block ID: 8, Msg No: S60A
Flight ID: MP8321 REG: PH-CKA


Message content:-

-------------------------------------------------------[2024-02-13 23:52:39.597]

SOURCE: AIR
RX_ID: 3, Freq: 131.725MHz
Mode: G NACKLabel: Q0 Block ID: 9, Msg No: S61A
Flight ID: MP8321 REG: PH-CKA


Message content:-

-------------------------------------------------------[2024-02-13 23:53:09.689]

SOURCE: AIR
RX_ID: 4, Freq: 131.725MHz
Mode: G NACKLabel: Q0 Block ID: 1, Msg No: S63A
Flight ID: MP8321 REG: PH-CKA


Message content:-

-------------------------------------------------------[2024-02-13 23:56:39.795]

SOURCE: AIR
RX_ID: 5, Freq: 131.725MHz
Mode: E NACKLabel: Q0 Block ID: 2, Msg No: S64A
Flight ID: MP8321 REG: PH-CKA


Message content:-

-------------------------------------------------------[2024-02-13 23:58:39.823]

SOURCE: AIR
RX_ID: 6, Freq: 131.725MHz
Mode: G NACKLabel: Q0 Block ID: 3, Msg No: S65A
Flight ID: MP8321 REG: PH-CKA


Message content:-

-------------------------------------------------------[2024-02-13 23:59:52.530]

