SOURCE: AIR
RX_ID: 661, Freq: 131.825MHz
Mode: 2 NACKLabel: B9 Block ID: 4, Msg No: M35A
Flight ID: E9116P REG: EC-LXA


Message content:-
/LEMD.TI2/040LEMDA91F9
-------------------------------------------------------[2024-09-03 00:15:18.824]

SOURCE: AIR
RX_ID: 662, Freq: 131.825MHz
Mode: 2 NACKLabel: B9 Block ID: 6, Msg No: M36A
Flight ID: E9116P REG: EC-LXA


Message content:-
/LEVC.TI2/040LEVCABBFC
-------------------------------------------------------[2024-09-03 00:15:37.657]

SOURCE: AIR
RX_ID: 663, Freq: 131.825MHz
Mode: 2 NACKLabel: 16 Block ID: 9, Msg No: M37A
Flight ID: E9116P REG: EC-LXA


Message content:-
EVE716P,-,LROP,LEMD,N43.283,E  5.965,41003,0136,443.250,  18.1,  143.3,278,  38
-------------------------------------------------------[2024-09-03 00:23:35.476]

SOURCE: AIR
RX_ID: 664, Freq: 131.725MHz
Mode: G NACKLabel: B9 Block ID: 9, Msg No: L00A
Flight ID: SK0932 REG: EC-NUG


Message content:-
/LEMD.TI2/024LEMDA367D
-------------------------------------------------------[2024-09-03 01:10:37.649]

SOURCE: AIR
RX_ID: 665, Freq: 131.725MHz
Mode: G NACKLabel: B9 Block ID: 0, Msg No: L01A
Flight ID: SK0932 REG: EC-NUG


Message content:-
/LEMD.TI2/024LEMDA367D
-------------------------------------------------------[2024-09-03 01:12:33.373]

SOURCE: AIR
RX_ID: 666, Freq: 131.725MHz
Mode: G NACKLabel: B9 Block ID: 1, Msg No: L02A
Flight ID: SK0932 REG: EC-NUG


Message content:-
/LEMD.TI2/024LEMDA367D
-------------------------------------------------------[2024-09-03 01:12:54.880]

SOURCE: AIR
RX_ID: 667, Freq: 131.725MHz
Mode: G NACKLabel: B9 Block ID: 1, Msg No: L02A
Flight ID: SK0932 REG: EC-NUG


Message content:-
/LEMD.TI2/024LEMDA367D
-------------------------------------------------------[2024-09-03 01:13:05.960]

SOURCE: AIR
RX_ID: 668, Freq: 131.725MHz
Mode: G NACKLabel: B9 Block ID: 2, Msg No: L03A
Flight ID: SK0932 REG: EC-NUG


Message content:-
/LEMD.TI2/024LEMDA367D
-------------------------------------------------------[2024-09-03 01:16:46.139]

SOURCE: AIR
RX_ID: 669, Freq: 131.725MHz
Mode: G NACKLabel: H1 Block ID: 0, Msg No: D24A
Flight ID: SN028A REG: OO-SFB


Message content:-
#DFB001155500201010734067
R01/A33001,1,1
C1,.OO-SFB,24SEP03,02.07.51,DGAA,EBBR,BEL28A    ,5000,388
C2,002,06.0,000000,D1333RR06C02BEL,000,052,052
C3,-24.0,37001,0.803,111,1.00,111,10,0,01,111,1.03,X
C4,-24
-------------------------------------------------------[2024-09-03 02:56:39.074]

SOURCE: AIR
RX_ID: 670, Freq: 131.725MHz
Mode: G NACKLabel: H1 Block ID: 1, Msg No: D24B
Flight ID: SN028A REG: OO-SFB


Message content:-
#DFB.0,37001,0.803,111
C5,041316,01231,03598,00269,00443,10015,00000,00402,16066,123
C6,041337,12274,05277,02573,00443,10016,00000,00402,16066
N1,1.461,1.461,078.57,086.7,087.4,0632,07.084,02886,08.13
N2,1.
-------------------------------------------------------[2024-09-03 02:56:42.950]

SOURCE: AIR
RX_ID: 671, Freq: 131.725MHz
Mode: G NACKLabel: H1 Block ID: 2, Msg No: D24C
Flight ID: SN028A REG: OO-SFB


Message content:-
#DFB461,1.461,078.91,087.2,088.1,0635,07.079,02968,08.13
S1,04.80,-23.8,033.6,181.6,142.1,449.1,08.5,055.1,025.1,26,106
S2,04.80,-23.8,033.8,184.9,142.7,454.9,07.9,055.6,024.9,29,147
T1,082,099,101.5,-02.8,0
-------------------------------------------------------[2024-09-03 02:56:46.863]

SOURCE: AIR
RX_ID: 672, Freq: 131.725MHz
Mode: G NACKLabel: H1 Block ID: 3, Msg No: D24D
Flight ID: SN028A REG: OO-SFB


Message content:-
#DFB46.9,0.24,0.12,0.04,115,0.29,-02.5
T2,083,101,100.4,-00.7,046.9,0.30,0.11,0.05,175,0.33,-02.9
V1,0424,0369
V2,0424,0369
                            :

-------------------------------------------------------[2024-09-03 02:56:50.558]

SOURCE: AIR
RX_ID: 673, Freq: 131.725MHz
Mode: G NACKLabel: H1 Block ID: 4, Msg No: D25A
Flight ID: SN028A REG: OO-SFB


Message content:-
#DFB002155500201011031052
R02/A33002,1,1
C1,.OO-SFB,24SEP03,02.07.51,DGAA,EBBR,BEL28A    ,5000,080
C2,001,06.0,000000,D1333RR06C02BEL,000,052,052
C3,-24.0,37001,0.803,111,1.00,111,10,0,01,111,1.03,X
C4,-24
-------------------------------------------------------[2024-09-03 02:57:02.626]

SOURCE: AIR
RX_ID: 674, Freq: 131.725MHz
Mode: G NACKLabel: H1 Block ID: 5, Msg No: D25B
Flight ID: SN028A REG: OO-SFB


Message content:-
#DFB.0,37001,0.803,111
C5,041316,01231,03598,00269,00443,10015,00000,00402,16066,136
C6,041337,12274,05277,02573,00443,10016,00000,00402,16066,123
N1,1.461,1.461,078.57,086.7,087.4,0632,07.084,02886,08.13
N
-------------------------------------------------------[2024-09-03 02:57:06.503]

SOURCE: AIR
RX_ID: 675, Freq: 131.725MHz
Mode: G NACKLabel: H1 Block ID: 6, Msg No: D25C
Flight ID: SN028A REG: OO-SFB


Message content:-
#DFB2,1.461,1.461,078.91,087.2,088.1,0635,07.079,02968,08.13
S1,04.80,-23.8,033.6,181.6,142.1,449.1,08.5,055.1,025.1,26,106
S2,04.80,-23.8,033.8,184.9,142.7,454.9,07.9,055.6,024.9,29,147
T1,082,099,101.5,-02
-------------------------------------------------------[2024-09-03 02:57:10.415]

SOURCE: AIR
RX_ID: 676, Freq: 131.725MHz
Mode: G NACKLabel: H1 Block ID: 7, Msg No: D25D
Flight ID: SN028A REG: OO-SFB


Message content:-
#DFB.8,046.9,0.24,0.12,0.04,115,0.29,-02.5
T2,083,101,100.4,-00.7,046.9,0.30,0.11,0.05,175,0.33,-02.9
V1,0424,0369
V2,0424,0369
X1,-00.1,002.5,004.9,0000,00.0011,N37.44
X2,000.0,002.7,005.0,0000,00.0016,N3
-------------------------------------------------------[2024-09-03 02:57:14.294]

SOURCE: AIR
RX_ID: 677, Freq: 131.725MHz
Mode: G NACKLabel: H1 Block ID: 8, Msg No: D25E
Flight ID: SN028A REG: OO-SFB


Message content:-
#DFB7.44
X3,-00.3,000.6,-02.8,-00.3,-00.0,002.7,-00153,189404,31.4
X4,-00.1,-00.1,-00.1,-00.1,-00.1,-00.1,000.0,000.0,0007.9
X5,-00.1,-00.1,-00.1,-00.0,-00.1,-00.1,000.0,000.0,0007.9
X6,000.5,-00.4,041,-089
-------------------------------------------------------[2024-09-03 02:57:18.206]

SOURCE: AIR
RX_ID: 678, Freq: 131.725MHz
Mode: G NACKLabel: H1 Block ID: 9, Msg No: D25F
Flight ID: SN028A REG: OO-SFB


Message content:-
#DFB,0.823
X7,000.8,000.6,042,-088,0.823:

-------------------------------------------------------[2024-09-03 02:57:21.460]

SOURCE: AIR
RX_ID: 679, Freq: 131.725MHz
Mode: G NACKLabel: 16 Block ID: 0, Msg No: M59A
Flight ID: SN028A REG: OO-SFB


Message content:-
03SEP24,0259,N 44.252,E  5.537,37995,0404,26560
-------------------------------------------------------[2024-09-03 02:59:53.853]

SOURCE: AIR
RX_ID: 680, Freq: 131.725MHz
Mode: X NACKLabel: H1 Block ID: 8, Msg No: D22A
Flight ID: SN04UR REG: OO-SFD


Message content:-
#DFB001066600301010734201
R01/A33001,1,1
C1,.OO-SFD,24SEP03,02.36.27,HUEN,EBBR,BEL4UR    ,5000,277
C2,002,06.0,000000,D1333RR06C02BEL,000,052,052
C3,-19.0,36004,0.833,111,1.22,111,10,0,01,111,1.23,X
C4,-19
-------------------------------------------------------[2024-09-03 03:03:23.557]

SOURCE: AIR
RX_ID: 681, Freq: 131.725MHz
Mode: X NACKLabel: H1 Block ID: 9, Msg No: D22B
Flight ID: SN04UR REG: OO-SFD


Message content:-
#DFB.0,36006,0.831,111
C5,041029,75042,22447,26378,00443,10016,00000,00402,0E066,315
C6,042040,03401,01857,00722,00443,10015,00000,00402,36066
N1,1.441,1.442,078.66,086.8,088.1,0646,07.508,03014,08.66
N2,1.
-------------------------------------------------------[2024-09-03 03:03:27.436]

SOURCE: AIR
RX_ID: 682, Freq: 131.725MHz
Mode: X NACKLabel: H1 Block ID: 0, Msg No: D22C
Flight ID: SN04UR REG: OO-SFD


Message content:-
#DFB441,1.442,078.73,087.1,086.9,0623,07.519,02970,08.60
S1,05.18,-18.9,035.5,189.0,148.4,461.6,09.4,057.8,035.4,25,122
S2,05.18,-18.9,036.7,189.8,152.3,455.1,09.0,056.0,027.6,33,136
T1,085,103,100.8,-03.8,0
-------------------------------------------------------[2024-09-03 03:03:31.748]

SOURCE: AIR
RX_ID: 683, Freq: 131.725MHz
Mode: X NACKLabel: H1 Block ID: 1, Msg No: D22D
Flight ID: SN04UR REG: OO-SFD


Message content:-
#DFB47.2,0.07,0.05,0.06,326,0.13,-07.8
T2,087,104,096.7,-03.7,047.2,0.12,0.06,0.07,051,0.19,-08.3
V1,0425,0367
V2,0426,0351
                            :

-------------------------------------------------------[2024-09-03 03:03:35.443]

SOURCE: AIR
RX_ID: 684, Freq: 131.725MHz
Mode: G NACKLabel: 2F Block ID: 6, Msg No: M85A
Flight ID: AF0977 REG: F-GZCK


Message content:-
0304+4390+452/40109
FOOL/LFPG/39989//-58/0.80/162122/151165//URELO  //-113/028
-------------------------------------------------------[2024-09-03 03:04:49.792]

SOURCE: AIR
RX_ID: 685, Freq: 131.725MHz
Mode: G NACKLabel: B9 Block ID: 7, Msg No: J07A
Flight ID: AF0977 REG: F-GZCK


Message content:-
/LFPG.TI2/000LFPGA9F82
-------------------------------------------------------[2024-09-03 03:05:24.170]

SOURCE: AIR
RX_ID: 686, Freq: 131.725MHz
Mode: G NACKLabel: 26 Block ID: 0, Msg No: M86A
Flight ID: AF0977 REG: F-GZCK


Message content:-
0311FOOLAF0977/030356LFPG26L
-------------------------------------------------------[2024-09-03 03:11:04.358]

SOURCE: AIR
RX_ID: 687, Freq: 131.725MHz
Mode: X NACKLabel: 16 Block ID: 2, Msg No: M81A
Flight ID: SN04UR REG: OO-SFD


Message content:-
03SEP24,0311,N 44.294,E  4.895,38012,0418,30960
-------------------------------------------------------[2024-09-03 03:11:45.940]

SOURCE: AIR
RX_ID: 688, Freq: 131.825MHz
Mode: 2 NACKLabel: B9 Block ID: 7, Msg No: L07A
Flight ID: QY8030 REG: OE-LNO


Message content:-
/LEBL.TI2/024LEBLA93E5
-------------------------------------------------------[2024-09-03 03:20:32.466]

SOURCE: AIR
RX_ID: 689, Freq: 131.825MHz
Mode: 2 NACKLabel: H1 Block ID: 2, Msg No: F18A
Flight ID: QY8030 REG: OE-LNO


Message content:-
#M1BPOSN43210E004296,,033157,390,BISBA,034357,NEMUM,M55,24725,153,7698071
-------------------------------------------------------[2024-09-03 03:31:59.799]

SOURCE: AIR
RX_ID: 690, Freq: 131.725MHz
Mode: G NACKLabel: H1 Block ID: 9, Msg No: F59A
Flight ID: CC2601 REG: TF-AMN


Message content:-
#M1B/B6 NBOCAYA.ADS.TF-AMN071E79681DCDC84CF7A49D26D8
-------------------------------------------------------[2024-09-03 03:59:24.141]

SOURCE: AIR
RX_ID: 691, Freq: 131.725MHz
Mode: G NACKLabel: HX Block ID: 1, Msg No: S77A
Flight ID: CC2601 REG: TF-AMN


Message content:-
H1 MBB /A6 NBOCAYA.ADS.TF-AMN072C0B00CD33
-------------------------------------------------------[2024-09-03 04:00:16.182]

SOURCE: AIR
RX_ID: 692, Freq: 131.725MHz
Mode: G NACKLabel: H1 Block ID: 3, Msg No: F61A
Flight ID: CC2601 REG: TF-AMN


Message content:-
#M1B/B6 NBOCAYA.ADS.TF-AMN071EADE81D6AC84CC1649DBC1B
-------------------------------------------------------[2024-09-03 04:01:32.580]

SOURCE: AIR
RX_ID: 693, Freq: 131.725MHz
Mode: G NACKLabel: HX Block ID: 5, Msg No: S79A
Flight ID: CC2601 REG: TF-AMN


Message content:-
H1 MBB /A6 NBOCAYA.ADS.TF-AMN072D0B00FA03
-------------------------------------------------------[2024-09-03 04:02:23.964]

SOURCE: AIR
RX_ID: 694, Freq: 131.725MHz
Mode: G NACKLabel: H1 Block ID: 6, Msg No: F62A
Flight ID: CC2601 REG: TF-AMN


Message content:-
#M1B/B6 NBOCAYA.ADS.TF-AMN071EC8381D38884D02689D0D20E9A818F0C84D053C217838175CC84D000E7C80F80000015E
-------------------------------------------------------[2024-09-03 04:02:36.470]

SOURCE: AIR
RX_ID: 695, Freq: 131.725MHz
Mode: G NACKLabel: H1 Block ID: 7, Msg No: F63A
Flight ID: CC2601 REG: TF-AMN


Message content:-
#M1B/B6 NBOCAYA.ADS.TF-AMN071EE2A01D06484C83649D967A
-------------------------------------------------------[2024-09-03 04:03:40.142]

SOURCE: AIR
RX_ID: 696, Freq: 131.725MHz
Mode: G NACKLabel: HX Block ID: 9, Msg No: S81A
Flight ID: CC2601 REG: TF-AMN


Message content:-
H1 MBB /A6 NBOCAYA.ADS.TF-AMN072E0B00A353
-------------------------------------------------------[2024-09-03 04:04:32.588]

SOURCE: AIR
RX_ID: 697, Freq: 131.725MHz
Mode: G NACKLabel: H1 Block ID: 0, Msg No: F64A
Flight ID: CC2601 REG: TF-AMN


Message content:-
#M1B/B6 NBOCAYA.ADS.TF-AMN071EFCF81CD3884CC4689DD271
-------------------------------------------------------[2024-09-03 04:04:44.072]

SOURCE: AIR
RX_ID: 698, Freq: 131.725MHz
Mode: G NACKLabel: 16 Block ID: 2, Msg No: M29A
Flight ID: P47578 REG: 5N-BWI


Message content:-
POSA1N43746E  4499,MRM-19 ,040242,379,MTL-20 ,041123,,-51, 24, 193,837
-------------------------------------------------------[2024-09-03 04:05:32.599]

SOURCE: AIR
RX_ID: 699, Freq: 131.725MHz
Mode: G NACKLabel: H1 Block ID: 1, Msg No: F65A
Flight ID: CC2601 REG: TF-AMN


Message content:-
#M1B/B6 NBOCAYA.ADS.TF-AMN071F17481CA0C84D05689DB822
-------------------------------------------------------[2024-09-03 04:05:48.582]

SOURCE: AIR
RX_ID: 700, Freq: 131.725MHz
Mode: G NACKLabel: H1 Block ID: 5, Msg No: D21A
Flight ID: KL0538 REG: PH-AOE


Message content:-
#DFB(POS-KLM538  -4432N00451E/040602 F380
RMK/FUEL  10.8 M0.80)
-------------------------------------------------------[2024-09-03 04:06:28.920]

SOURCE: AIR
RX_ID: 701, Freq: 131.725MHz
Mode: G NACKLabel: HX Block ID: 3, Msg No: S83A
Flight ID: CC2601 REG: TF-AMN


Message content:-
H1 MBB /A6 NBOCAYA.ADS.TF-AMN072F0B009463
-------------------------------------------------------[2024-09-03 04:06:40.586]

SOURCE: AIR
RX_ID: 702, Freq: 131.725MHz
Mode: G NACKLabel: H1 Block ID: 4, Msg No: F66A
Flight ID: CC2601 REG: TF-AMN


Message content:-
#M1B/B6 NBOCAYA.ADS.TF-AMN071F31901C6DC84D06649D0D20E9A818F0C84D043C217838175CC84D000E7C70F73FFC075B
-------------------------------------------------------[2024-09-03 04:06:52.655]

SOURCE: AIR
RX_ID: 703, Freq: 131.725MHz
Mode: G NACKLabel: H1 Block ID: 5, Msg No: F67A
Flight ID: CC2601 REG: TF-AMN


Message content:-
#M1B/B6 NBOCAYA.ADS.TF-AMN071F4BB81C3AC84C87689D27B0
-------------------------------------------------------[2024-09-03 04:07:56.143]

SOURCE: AIR
RX_ID: 704, Freq: 131.725MHz
Mode: G NACKLabel: HX Block ID: 7, Msg No: S85A
Flight ID: CC2601 REG: TF-AMN


Message content:-
H1 MBB /A6 NBOCAYA.ADS.TF-AMN07300B00FB31
-------------------------------------------------------[2024-09-03 04:08:50.635]

SOURCE: AIR
RX_ID: 705, Freq: 131.725MHz
Mode: G NACKLabel: H1 Block ID: 8, Msg No: F68A
Flight ID: CC2601 REG: TF-AMN


Message content:-
#M1B/B6 NBOCAYA.ADS.TF-AMN071F65D01C07C84CC8689D300A
-------------------------------------------------------[2024-09-03 04:09:00.253]

SOURCE: AIR
RX_ID: 706, Freq: 131.725MHz
Mode: G NACKLabel: H1 Block ID: 9, Msg No: F69A
Flight ID: CC2601 REG: TF-AMN


Message content:-
#M1B/B6 NBOCAYA.ADS.TF-AMN071F7FE81BD4484D09689DE2D9
-------------------------------------------------------[2024-09-03 04:10:04.145]

SOURCE: AIR
RX_ID: 707, Freq: 131.725MHz
Mode: G NACKLabel: HX Block ID: 1, Msg No: S87A
Flight ID: CC2601 REG: TF-AMN


Message content:-
H1 MBB /A6 NBOCAYA.ADS.TF-AMN07310B00CC01
-------------------------------------------------------[2024-09-03 04:10:56.805]

SOURCE: AIR
RX_ID: 708, Freq: 131.725MHz
Mode: G NACKLabel: H1 Block ID: 2, Msg No: F70A
Flight ID: CC2601 REG: TF-AMN


Message content:-
#M1B/B6 NBOCAYA.ADS.TF-AMN071F9A101BA0884CCA689D0D20E9A818F0C84D0334217838175CC84D000E7C68F68000AAEE
-------------------------------------------------------[2024-09-03 04:11:08.657]

SOURCE: AIR
RX_ID: 709, Freq: 131.725MHz
Mode: G NACKLabel: H1 Block ID: 3, Msg No: F71A
Flight ID: CC2601 REG: TF-AMN


Message content:-
#M1B/B6 NBOCAYA.ADS.TF-AMN071FB4401B6C884CCB649D2022
-------------------------------------------------------[2024-09-03 04:12:12.582]

SOURCE: AIR
RX_ID: 710, Freq: 131.725MHz
Mode: G NACKLabel: HX Block ID: 6, Msg No: S89A
Flight ID: CC2601 REG: TF-AMN


Message content:-
H1 MBB /A6 ALGCAYA.ADS.TF-AMN013001
-------------------------------------------------------[2024-09-03 04:12:23.006]

SOURCE: AIR
RX_ID: 711, Freq: 131.725MHz
Mode: G NACKLabel: HX Block ID: 8, Msg No: S91A
Flight ID: CC2601 REG: TF-AMN


Message content:-
H1 MBB /A6 NBOCAYA.ADS.TF-AMN07320B009551
-------------------------------------------------------[2024-09-03 04:13:05.209]

SOURCE: AIR
RX_ID: 712, Freq: 131.725MHz
Mode: G NACKLabel: H1 Block ID: 9, Msg No: F73A
Flight ID: CC2601 REG: TF-AMN


Message content:-
#M1B/B6 NBOCAYA.ADS.TF-AMN071FCE701B38484D0C689DF78E
-------------------------------------------------------[2024-09-03 04:13:16.256]

SOURCE: AIR
RX_ID: 713, Freq: 131.725MHz
Mode: G NACKLabel: H1 Block ID: 0, Msg No: F74A
Flight ID: CC2601 REG: TF-AMN


Message content:-
#M1B/B6 NBOCAYA.ADS.TF-AMN071FE8A81B03884D0D649D8F0E
-------------------------------------------------------[2024-09-03 04:14:20.145]

SOURCE: AIR
RX_ID: 714, Freq: 131.725MHz
Mode: G NACKLabel: HX Block ID: 2, Msg No: S93A
Flight ID: CC2601 REG: TF-AMN


Message content:-
H1 MBB /A6 NBOCAYA.ADS.TF-AMN07330B00A261
-------------------------------------------------------[2024-09-03 04:15:15.443]

SOURCE: AIR
RX_ID: 715, Freq: 131.725MHz
Mode: G NACKLabel: H1 Block ID: 3, Msg No: F75A
Flight ID: CC2601 REG: TF-AMN


Message content:-
#M1B/B6 NBOCAYA.ADS.TF-AMN072002D81ACEC84D0E689D0D20E9A818F0C84D0234217838175CC84D000E7C60F73FF85B0B
-------------------------------------------------------[2024-09-03 04:15:24.659]

SOURCE: AIR
RX_ID: 716, Freq: 131.725MHz
Mode: G NACKLabel: H1 Block ID: 4, Msg No: F76A
Flight ID: CC2601 REG: TF-AMN


Message content:-
#M1B/B6 NBOCAYA.ADS.TF-AMN142009681AC1884D0EA89D0D21D20815B1A0003FFF221BF0144BA0000084D7
-------------------------------------------------------[2024-09-03 04:15:43.931]

SOURCE: AIR
RX_ID: 717, Freq: 131.725MHz
Mode: G NACKLabel: H1 Block ID: 5, Msg No: F77A
Flight ID: CC2601 REG: TF-AMN


Message content:-
#M1B/B6 ALGCAYA.ADS.TF-AMN142009681AC1884D0EA89D0D21D20815B1A0003FFF221BF0144BA0000084D7
-------------------------------------------------------[2024-09-03 04:15:48.832]

SOURCE: AIR
RX_ID: 718, Freq: 131.725MHz
Mode: G NACKLabel: HX Block ID: 6, Msg No: S94A
Flight ID: CC2601 REG: TF-AMN


Message content:-
H1 MBB /A6 ALGCAYA.ADS.TF-AMN013001
-------------------------------------------------------[2024-09-03 04:15:57.025]

SOURCE: AIR
RX_ID: 719, Freq: 131.725MHz
Mode: G NACKLabel: H1 Block ID: 7, Msg No: F78A
Flight ID: CC2601 REG: TF-AMN


Message content:-
#M1B/B6 NBOCAYA.ADS.TF-AMN07201CF01A94884CCF649DA9BB
-------------------------------------------------------[2024-09-03 04:16:28.584]

SOURCE: AIR
RX_ID: 720, Freq: 131.725MHz
Mode: G NACKLabel: HX Block ID: 9, Msg No: S98A
Flight ID: CC2601 REG: TF-AMN


Message content:-
H1 MBB /A6 NBOCAYA.ADS.TF-AMN07340B0027F1
-------------------------------------------------------[2024-09-03 04:17:21.395]

SOURCE: AIR
RX_ID: 721, Freq: 131.725MHz
Mode: G NACKLabel: H1 Block ID: 0, Msg No: F79A
Flight ID: CC2601 REG: TF-AMN


Message content:-
#M1B/B6 NBOCAYA.ADS.TF-AMN072036C81A4FC84C90689DF835
-------------------------------------------------------[2024-09-03 04:17:32.660]

SOURCE: AIR
RX_ID: 722, Freq: 131.725MHz
Mode: G NACKLabel: H1 Block ID: 1, Msg No: F80A
Flight ID: CC2601 REG: TF-AMN


Message content:-
#M1B/B6 NBOCAYA.ADS.TF-AMN072050981A07C84D11689D8C70
-------------------------------------------------------[2024-09-03 04:18:36.371]

SOURCE: AIR
RX_ID: 723, Freq: 131.725MHz
Mode: G NACKLabel: H1 Block ID: 2, Msg No: C06A
Flight ID: AF7343 REG: F-GMZC


Message content:-
#CFBFLR/FR24090304360038314106LAV E/IDTOILET
-------------------------------------------------------[2024-09-03 04:37:10.095]

SOURCE: AIR
RX_ID: 724, Freq: 131.725MHz
Mode: G NACKLabel: B9 Block ID: 3, Msg No: L01A
Flight ID: AF7343 REG: F-GMZC


Message content:-
/LFLL.TI2/064LFLLAD2FE
-------------------------------------------------------[2024-09-03 04:41:50.052]

SOURCE: AIR
RX_ID: 725, Freq: 131.725MHz
Mode: G NACKLabel: B9 Block ID: 6, Msg No: L02A
Flight ID: AF7343 REG: F-GMZC


Message content:-
/LSGG.TI2/064LSGGA5917
-------------------------------------------------------[2024-09-03 04:42:56.831]

SOURCE: AIR
RX_ID: 726, Freq: 131.725MHz
Mode: G NACKLabel: 2F Block ID: 8, Msg No: M11A
Flight ID: AF7343 REG: F-GMZC


Message content:-
0444+4476+498/2449
-------------------------------------------------------[2024-09-03 04:44:23.653]

SOURCE: AIR
RX_ID: 727, Freq: 131.850MHz
Mode: 2 NACKLabel: 16 Block ID: 6, Msg No: M32A
Flight ID: WB0712 REG: 9XR-WN


Message content:-
044431,37999,0602,  14,N 43.819 E  4.821
-------------------------------------------------------[2024-09-03 04:44:33.126]

SOURCE: AIR
RX_ID: 728, Freq: 131.725MHz
Mode: G NACKLabel: 2F Block ID: 8, Msg No: M11A
Flight ID: AF7343 REG: F-GMZC


Message content:-
0444+4476+498/2449
-------------------------------------------------------[2024-09-03 04:44:33.271]

SOURCE: AIR
RX_ID: 729, Freq: 131.725MHz
Mode: G NACKLabel: 26 Block ID: 8, Msg No: M60A
Flight ID: AF0775 REG: F-GZCG


Message content:-
0445FKYSAF0775/030530LFPG27R
-------------------------------------------------------[2024-09-03 04:45:02.565]

SOURCE: AIR
RX_ID: 730, Freq: 131.725MHz
Mode: G NACKLabel: 2F Block ID: 9, Msg No: M61A
Flight ID: AF0775 REG: F-GZCG


Message content:-
0446+4542+461/4079
FKYS/LFPG/40009//-56/0.81/166802/158875//DJL    //-118/028
-------------------------------------------------------[2024-09-03 04:46:46.611]

SOURCE: AIR
RX_ID: 731, Freq: 131.725MHz
Mode: G NACKLabel: B9 Block ID: 0, Msg No: J07A
Flight ID: AF0837 REG: F-GZCO


Message content:-
/LFPG.TI2/000LFPGA9F82
-------------------------------------------------------[2024-09-03 05:01:39.727]

SOURCE: AIR
RX_ID: 732, Freq: 131.725MHz
Mode: G NACKLabel: 2F Block ID: 3, Msg No: M04A
Flight ID: AF0837 REG: F-GZCO


Message content:-
0506+4389+475/4089
FKKD/LFPG/40001//-56/0.80/169179/160181//RUSIT  //-115/031
-------------------------------------------------------[2024-09-03 05:06:33.032]

SOURCE: AIR
RX_ID: 733, Freq: 131.725MHz
Mode: X NACKLabel: 26 Block ID: 5, Msg No: M05A
Flight ID: AF0837 REG: F-GZCO


Message content:-
0516FKKDAF0837/030601LFPG26L
-------------------------------------------------------[2024-09-03 05:16:03.592]

SOURCE: AIR
RX_ID: 734, Freq: 131.725MHz
Mode: X NACKLabel: H1 Block ID: 3, Msg No: F87A
Flight ID: DL0028 REG: N827MH


Message content:-
#M1BPOSN44296E005044,NISAR,052538,337,XIRBI,052703,DOTIG,M46,21514,268,7983867
-------------------------------------------------------[2024-09-03 05:25:40.109]

SOURCE: AIR
RX_ID: 735, Freq: 131.725MHz
Mode: X NACKLabel: H1 Block ID: 4, Msg No: D38A
Flight ID: DL0028 REG: N827MH


Message content:-
#DFBENGINE BLEED REPORT

AID:N1803  DA:03/09    GMT:05:33    FNO:1297      ISFC: 3938
TAT:  95  SAT:-108   ALT: 19212   MACH:0622    FCNT:  184
GW:317360  FLT:0028-1  MODE:DESC    SID:AK-67-223
S/N L:70623
-------------------------------------------------------[2024-09-03 05:33:25.851]

SOURCE: AIR
RX_ID: 736, Freq: 131.725MHz
Mode: X NACKLabel: H1 Block ID: 5, Msg No: D38B
Flight ID: DL0028 REG: N827MH


Message content:-
#DFB9         DEPART:KJFK    DESTIN:LFMN
S/N R:706150

               ENG L     ENG R
HPSOV          OPN       OPN
PRV            OPN       OPN
PRSOV          OPN       OPN
FAV %            -335     -348
-------------------------------------------------------[2024-09-03 05:33:29.508]

SOURCE: AIR
RX_ID: 737, Freq: 131.725MHz
Mode: X NACKLabel: H1 Block ID: 6, Msg No: D38C
Flight ID: DL0028 REG: N827MH


Message content:-
#DFB
N1 SPD          4025     4063
HI STG PRESS    4250     4150
INTERM PRESS1    3089     3247
INTERM PRESS2    3197     3247
STRUT OVHT     NRML      NRML
DUCT PRESS       2800     3125
P-COOL TEMP    
-------------------------------------------------------[2024-09-03 05:33:34.225]

SOURCE: AIR
RX_ID: 738, Freq: 131.725MHz
Mode: X NACKLabel: H1 Block ID: 7, Msg No: D38D
Flight ID: DL0028 REG: N827MH


Message content:-
#DFB36338    36222
PACK HX TEMP    34400    33191
PACK FLOW       10134    12052
WING ANTI ICE  OFF
LT  ISO VLV    CLS
RT  ISO VLV    CLS
CTR ISO VLV    OPN

TRIGGER CODE   0000

STATUS WORDS  DW1  DW
-------------------------------------------------------[2024-09-03 05:33:39.164]

SOURCE: AIR
RX_ID: 739, Freq: 131.725MHz
Mode: X NACKLabel: H1 Block ID: 8, Msg No: D38E
Flight ID: DL0028 REG: N827MH


Message content:-
#DFB2  DW3  DW4  DW5  DW6  DW7  DW8  EICAS
LEFT          0000 0001 0000 0000 0000 0000 1040 0000 0000
RIGHT         0000 0001 0000 0000 0000 0000 1040 0000 0000

-------------------------------------------------------[2024-09-03 05:33:42.820]

SOURCE: AIR
RX_ID: 740, Freq: 131.725MHz
Mode: X NACKLabel: H1 Block ID: 9, Msg No: D39A
Flight ID: DL0028 REG: N827MH


Message content:-
#DFB239N1803 0028090324053356597 4388   605172 11 -7232  9XX-223 26600
 289 3790035134650030/9WKJFKLFMN
-------------------------------------------------------[2024-09-03 05:34:09.042]

SOURCE: AIR
RX_ID: 741, Freq: 131.825MHz
Mode: 2 NACKLabel: H1 Block ID: 0, Msg No: D99A
Flight ID: AA0720 REG: N788AN


Message content:-
#DFBTRP KCLT LIRF 07  8 235   4  0 054603
 46.5120   1.5171390024236804850.0090.008 40.00-125.86 40480-52 197OFF
 46.3221   2.0524389984230004880.0130.005 41.25-130.08 39800-53 197OFF
 46.0813   2.5317390034
-------------------------------------------------------[2024-09-03 05:58:07.372]

SOURCE: AIR
RX_ID: 742, Freq: 131.825MHz
Mode: 2 NACKLabel: H1 Block ID: 1, Msg No: D99B
Flight ID: AA0720 REG: N788AN


Message content:-
#DFB223604870.0080.005 38.25-134.65 39160-55 197OFF
 45.8408   3.0020390004216804800.0070.005 39.63-128.32 38480-56 197OFF
 45.5771   3.4372390014210404810.0110.004 36.13-132.54 37840-56 197OFF
-------------------------------------------------------[2024-09-03 05:58:14.321]

SOURCE: AIR
RX_ID: 743, Freq: 131.525MHz
Mode: T NACKLabel: 2F Block ID: 3, Msg No: M14A
Flight ID: AF7300 REG: F-GMZA


Message content:-
0600+4467+490/3748
-------------------------------------------------------[2024-09-03 06:00:31.939]

SOURCE: AIR
RX_ID: 744, Freq: 131.825MHz
Mode: 2 NACKLabel: 16 Block ID: 2, Msg No: M59A
Flight ID: AA0720 REG: N788AN


Message content:-
POSA1N44391E  5645,BEPER  ,054957,390,KOLON  ,060942,,-56, 16, 344,830
-------------------------------------------------------[2024-09-03 06:01:06.975]

SOURCE: AIR
RX_ID: 745, Freq: 131.825MHz
Mode: 2 NACKLabel: 5U Block ID: 8, Msg No: 0106
Flight ID: QY 081 REG: D-AEAB


Message content:-
01,WX,190601,081,03,EBBR,DNMM,8495566,DNMM,DGAA,DBBB,1,1,
-------------------------------------------------------[2024-09-03 06:01:07.597]

SOURCE: AIR
RX_ID: 746, Freq: 131.825MHz
Mode: 2 NACKLabel: 5U Block ID: 9, Msg No: 0201
Flight ID: QY 081 REG: D-AEAB


Message content:-
01,WX,190602,081,03,EBBR,DNMM,8495566,DABB,DAAG,DNKN,1,1,
-------------------------------------------------------[2024-09-03 06:02:02.894]

SOURCE: AIR
RX_ID: 747, Freq: 131.825MHz
Mode: 2 NACKLabel: 5U Block ID: 0, Msg No: 0248
Flight ID: QY 081 REG: D-AEAB


Message content:-
01,WX,190602,081,03,EBBR,DNMM,8495566,DRRN,DNAA,DAUG,1,1,
-------------------------------------------------------[2024-09-03 06:02:49.778]

SOURCE: AIR
RX_ID: 748, Freq: 131.525MHz
Mode: T NACKLabel: 2Z Block ID: 5, Msg No: M15A
Flight ID: AF7300 REG: F-GMZA


Message content:-
LFMN
-------------------------------------------------------[2024-09-03 06:03:03.496]

SOURCE: AIR
RX_ID: 749, Freq: 131.825MHz
Mode: 2 NACKLabel: 5U Block ID: 0, Msg No: 0248
Flight ID: QY 081 REG: D-AEAB


Message content:-
01,WX,190602,081,03,EBBR,DNMM,8495566,DRRN,DNAA,DAUG,1,1,
-------------------------------------------------------[2024-09-03 06:03:04.955]

SOURCE: AIR
RX_ID: 750, Freq: 131.525MHz
Mode: T NACKLabel: B9 Block ID: 6, Msg No: L07A
Flight ID: AF7300 REG: F-GMZA


Message content:-
/LFMN.TI2/064LFMNA83AC
-------------------------------------------------------[2024-09-03 06:11:13.153]

SOURCE: AIR
RX_ID: 751, Freq: 131.525MHz
Mode: T NACKLabel: 26 Block ID: 9, Msg No: M16A
Flight ID: AF7300 REG: F-GMZA


Message content:-
0612LFPGAF7300/030627LFMN04L
-------------------------------------------------------[2024-09-03 06:12:03.146]

SOURCE: AIR
RX_ID: 752, Freq: 131.525MHz
Mode: T NACKLabel: 26 Block ID: 9, Msg No: M16A
Flight ID: AF7300 REG: F-GMZA


Message content:-
0612LFPGAF7300/030627LFMN04L
-------------------------------------------------------[2024-09-03 06:12:13.974]

SOURCE: AIR
RX_ID: 753, Freq: 131.825MHz
Mode: 2 NACKLabel: H1 Block ID: 4, Msg No: D01A
Flight ID: AA0720 REG: N788AN


Message content:-
#DFBTRP KCLT LIRF 07  8 236   4  0 060104
 45.3090   3.8514389984204004750.0420.030 24.00-147.30 37200-55 197OFF
 45.0731   4.2963389954197604760.0160.011 20.75-147.30 36560-56 197OFF
 44.8503   4.7561390054
-------------------------------------------------------[2024-09-03 06:13:08.100]

SOURCE: AIR
RX_ID: 754, Freq: 131.525MHz
Mode: T NACKLabel: 2F Block ID: 0, Msg No: M17A
Flight ID: AF7300 REG: F-GMZA


Message content:-
0615+4353+631/1245
-------------------------------------------------------[2024-09-03 06:15:33.652]

SOURCE: AIR
RX_ID: 755, Freq: 131.525MHz
Mode: T NACKLabel: H1 Block ID: 2, Msg No: D09B
Flight ID: AF7300 REG: F-GMZA


Message content:-
#DFB070,1231,XXXXX/N20858,0859,0931,6211,1278,XXXXX/S1XXXXX,0601,1218,4214,XXXX,013,N00/S2XXXXX,0609,1247,4263,XXXX,009,003/T1099,092,024,40,064,04746,0177/T2099,083,017,40,077,04676,0174/V1040,085,005,000,279,
-------------------------------------------------------[2024-09-03 06:16:51.076]

SOURCE: AIR
RX_ID: 756, Freq: 131.725MHz
Mode: 2 NACKLabel: SA Block ID: 7, Msg No: S22A
Flight ID: JU073A REG: YU-APS


Message content:-
0EV061700V
-------------------------------------------------------[2024-09-03 06:17:02.191]

SOURCE: AIR
RX_ID: 757, Freq: 131.725MHz
Mode: 2 NACKLabel: B9 Block ID: 1, Msg No: M03A
Flight ID: JU073A REG: YU-APS


Message content:-
/LEBL.TI2/040LEBLA3461
-------------------------------------------------------[2024-09-03 06:22:03.250]

SOURCE: AIR
RX_ID: 758, Freq: 131.725MHz
Mode: 2 NACKLabel: 2P Block ID: 6, Msg No: M04A
Flight ID: JU073A REG: YU-APS


Message content:-
FM3 062606,0712,N 43.424,E  5.777,34702,  438,62
-------------------------------------------------------[2024-09-03 06:26:36.036]

SOURCE: AIR
RX_ID: 759, Freq: 131.725MHz
Mode: E NACKLabel: B0 Block ID: 2, Msg No: L24A
Flight ID: KL0592 REG: PH-BVU


Message content:-
/LFMM.AFN/FMHKLM592,.PH-BVU,4851F7,063605/FPON43099E005053,1/FCOADS,01/FCOATC,010CCF
-------------------------------------------------------[2024-09-03 06:36:08.056]

SOURCE: AIR
RX_ID: 760, Freq: 131.725MHz
Mode: E NACKLabel: H1 Block ID: 3, Msg No: D05A
Flight ID: KL0592 REG: PH-BVU


Message content:-
#DFB(POS-KLM592  -4320N00506E/063717 F380
RMK/FUEL  13.2 M0.83)
-------------------------------------------------------[2024-09-03 06:37:19.737]

SOURCE: AIR
RX_ID: 761, Freq: 131.725MHz
Mode: G NACKLabel: H1 Block ID: 5, Msg No: D04A
Flight ID: KL0104 REG: PH-BQK


Message content:-
#DFB(POS-KLM104  -4321N00505E/065627 F380
RMK/FUEL  13.1 M0.83)
-------------------------------------------------------[2024-09-03 06:56:30.116]

SOURCE: AIR
RX_ID: 762, Freq: 131.725MHz
Mode: 2 NACKLabel: 15 Block ID: 3, Msg No: M02A
Flight ID: GS0001 REG: FGUYM


Message content:-
(2N43283E  5562252 30394-56(Z
-------------------------------------------------------[2024-09-03 06:58:30.948]

SOURCE: AIR
RX_ID: 763, Freq: 131.850MHz
Mode: 2 NACKLabel: 16 Block ID: 2, Msg No: M12A
Flight ID: FR3631 REG: 9H-QEW


Message content:-
070218,,0739,  88,N   .    MMMM.MMM
-------------------------------------------------------[2024-09-03 07:02:20.988]

SOURCE: AIR
RX_ID: 764, Freq: 131.725MHz
Mode: G NACKLabel: 20 Block ID: 6, Msg No: M45A
Flight ID: KL0104 REG: PH-BQK


Message content:-
RST07A03070300KLM104  FACTEHAM
-------------------------------------------------------[2024-09-03 07:03:47.561]

SOURCE: AIR
RX_ID: 765, Freq: 131.825MHz
Mode: 2 NACKLabel: 16 Block ID: 4, Msg No: M13A
Flight ID: FR3631 REG: 9H-QEW


Message content:-
071719,,0738,  78,N   .    MMMM.MMM
-------------------------------------------------------[2024-09-03 07:17:21.865]

SOURCE: AIR
RX_ID: 766, Freq: 131.725MHz
Mode: X NACKLabel: H1 Block ID: 0, Msg No: F41A
Flight ID: HV181K REG: PH-HZJ


Message content:-
#M1BPOSN44528E005448,BALSI,072703,370,MTG,073941,DIVKO,M54,222010,107/RP:DA:EHEH:AA:LEPA:CR:OFP10(24L)..MTG.UN852.VATIR..PIVUS..BODEQ..VERSO..LUNIK:A:LUNI2P:F:CDP:AP:ILSZ 24L.CDP:F:VECTOR/PR1393,50,370,107,,53,
-------------------------------------------------------[2024-09-03 07:27:08.840]

SOURCE: AIR
RX_ID: 767, Freq: 131.725MHz
Mode: X NACKLabel: H1 Block ID: 2, Msg No: F41C
Flight ID: HV181K REG: PH-HZJ


Message content:-
#M1B24030,459,N,209,17.BODEQ,075621,258K,3700,81,M54,225031,459,N,190,19.VERSO,080010,258K,3700,78,M54,225031,459,N,190,28.LUNIK,080648,280K,1000,76,M20,241021,393,Y,201,46.SLP01,081053,250K,1505,76,M6,256018,3
-------------------------------------------------------[2024-09-03 07:27:20.687]

SOURCE: AIR
RX_ID: 768, Freq: 131.725MHz
Mode: X NACKLabel: H1 Block ID: 3, Msg No: F41D
Flight ID: HV181K REG: PH-HZJ


Message content:-
#M1B17,Y,178,24.CDP,081445,250K,450,75,P5,223008,291,Y,178,19.BAVUM,081808,220K,450,74,P13,223004,242,Y,272,15.OBUMU,082005,178K,250,73,P17,223003,190,Y,239,7.IPAL7,082104,159K,250,73,P19,223002,167,Y,239,3.RW2
-------------------------------------------------------[2024-09-03 07:27:25.624]

SOURCE: AIR
RX_ID: 769, Freq: 131.725MHz
Mode: X NACKLabel: H1 Block ID: 4, Msg No: F41E
Flight ID: HV181K REG: PH-HZJ


Message content:-
#M1B4L,082350,159K,6,70,P24,000000,161,Y,239,8.X193,,,,,,000000,,Y,238,1.420,,,42,,,000000,,Y,238,0.VECTOR,,185K,300,,,000000,,Y,193.LEPA,,150K,3,,,000000,163,N,258,1/DTLEPA,24L,70,082350,738755
-------------------------------------------------------[2024-09-03 07:27:30.122]

SOURCE: AIR
RX_ID: 770, Freq: 131.725MHz
Mode: X NACKLabel: B9 Block ID: 6, Msg No: M57A
Flight ID: HV181K REG: PH-HZJ


Message content:-
/LEIB.TI2/064LEIBA81DD
-------------------------------------------------------[2024-09-03 07:29:49.388]

SOURCE: AIR
RX_ID: 771, Freq: 131.725MHz
Mode: G NACKLabel: 20 Block ID: 0, Msg No: M58A
Flight ID: HV181K REG: PH-HZJ


Message content:-
RST13A03073332TRA181K EHEHLEPA
-------------------------------------------------------[2024-09-03 07:33:34.668]

SOURCE: AIR
RX_ID: 772, Freq: 131.825MHz
Mode: 2 NACKLabel: 44 Block ID: 2, Msg No: M44A
Flight ID: GS0767 REG: DAFBS


Message content:-
06cE5gC7M9 ).gLggfg(f7C9g7aL617ascA7g`gC7g(9C7g:9C7gg),`
-------------------------------------------------------[2024-09-03 07:43:42.708]

SOURCE: AIR
RX_ID: 773, Freq: 131.725MHz
Mode: G NACKLabel: 16 Block ID: 3, Msg No: M87A
Flight ID: ROT415 REG: YR-BGL


Message content:-
074448,35000,0900, 141,N 43.492 E  5.915
-------------------------------------------------------[2024-09-03 07:44:51.939]

SOURCE: AIR
RX_ID: 774, Freq: 131.825MHz
Mode: 2 NACKLabel: 44 Block ID: 4, Msg No: M46A
Flight ID: GS0767 REG: DAFBS


Message content:-
011*4lSb_'S'AL6llqS~SbS'lb\6@Ib\G1^bl?lSblqESbl('AbllEOE
-------------------------------------------------------[2024-09-03 07:53:42.780]

SOURCE: AIR
RX_ID: 775, Freq: 131.825MHz
Mode: 2 NACKLabel: H1 Block ID: 4, Msg No: D33A
Flight ID: NW0212 REG: N826NW


Message content:-
#DFB239096702201010098096
R39/A33039,1,1
239N826NW212 090324075348809 4404   635389-28-56247 28AB0510 39000
 251 480-0001221400B07GXKJFKLGAV
-------------------------------------------------------[2024-09-03 07:54:01.026]

SOURCE: AIR
RX_ID: 776, Freq: 131.825MHz
Mode: 2 NACKLabel: H1 Block ID: 6, Msg No: C13A
Flight ID: VY08VH REG: EC-NGB


Message content:-
#CFBWRN/WN24090308010046200006DATALINK COMPANY FAULT  
-------------------------------------------------------[2024-09-03 08:01:19.488]

SOURCE: AIR
RX_ID: 777, Freq: 131.825MHz
Mode: 2 NACKLabel: H1 Block ID: 7, Msg No: C14A
Flight ID: VY08VH REG: EC-NGB


Message content:-
#CFBWRN/WN24090308010046200006DATALINK ATC FAULT      
-------------------------------------------------------[2024-09-03 08:01:25.449]

SOURCE: AIR
RX_ID: 778, Freq: 131.825MHz
Mode: 2 NACKLabel: 16 Block ID: 8, Msg No: M32A
Flight ID: VY08VH REG: EC-NGB


Message content:-
080112,35013,0848, 108,N 43.555 E  6.201, 752
-------------------------------------------------------[2024-09-03 08:01:31.374]

SOURCE: AIR
RX_ID: 779, Freq: 131.525MHz
Mode: T NACKLabel: B9 Block ID: 5, Msg No: L09A
Flight ID: AF1284 REG: F-GRHF


Message content:-
/LFMN.TI2/064LFMNA83AC
-------------------------------------------------------[2024-09-03 08:11:18.942]

SOURCE: AIR
RX_ID: 780, Freq: 131.525MHz
Mode: T NACKLabel: 2F Block ID: 8, Msg No: M40A
Flight ID: AF1284 REG: F-GRHF


Message content:-
0818+4479+485/3960
-------------------------------------------------------[2024-09-03 08:18:11.184]

SOURCE: AIR
RX_ID: 781, Freq: 131.525MHz
Mode: T NACKLabel: 2F Block ID: 0, Msg No: M41A
Flight ID: AF1284 REG: F-GRHF


Message content:-
0833+4325+636/3955
-------------------------------------------------------[2024-09-03 08:33:11.729]

SOURCE: AIR
RX_ID: 782, Freq: 131.525MHz
Mode: T NACKLabel: 5U Block ID: 1, Msg No: M42A
Flight ID: AF1284 REG: F-GRHF


Message content:-
3LFKJ
-------------------------------------------------------[2024-09-03 08:34:42.025]

SOURCE: AIR
RX_ID: 783, Freq: 131.725MHz
Mode: 2 NACKLabel: SA Block ID: 7, Msg No: S98A
Flight ID: GR0000 REG: OKPHO


Message content:-
0EV085434V/
-------------------------------------------------------[2024-09-03 09:07:43.943]

SOURCE: AIR
RX_ID: 784, Freq: 131.725MHz
Mode: 2 NACKLabel: SA Block ID: 7, Msg No: S98A
Flight ID: GR0000 REG: OKPHO


Message content:-
0EV085434V/
-------------------------------------------------------[2024-09-03 09:07:54.000]

SOURCE: AIR
RX_ID: 785, Freq: 131.725MHz
Mode: G NACKLabel: 4H Block ID: 9, Msg No: M55A
Flight ID: DL0025 REG: N827MH


Message content:-
03094H LFMN KATL6
  
WPR RESET





-------------------------------------------------------[2024-09-03 09:14:16.139]

SOURCE: AIR
RX_ID: 786, Freq: 131.725MHz
Mode: G NACKLabel: H1 Block ID: 2, Msg No: D08A
Flight ID: DL0025 REG: N827MH


Message content:-
#DFB239N1803 0025090324091528803 4496   520299 -5-35215 18XX-223126720
 305 48200563009200309B(LFMNKATL
-------------------------------------------------------[2024-09-03 09:15:38.501]

SOURCE: AIR
RX_ID: 787, Freq: 131.725MHz
Mode: 2 NACKLabel: SA Block ID: 0, Msg No: S98A
Flight ID: GR0000 REG: OKPHO


Message content:-
0EV085434V/
-------------------------------------------------------[2024-09-03 09:16:12.071]

SOURCE: AIR
RX_ID: 788, Freq: 131.725MHz
Mode: 2 NACKLabel: SA Block ID: 0, Msg No: S98A
Flight ID: GR0000 REG: OKPHO


Message content:-
0EV085434V/
-------------------------------------------------------[2024-09-03 09:16:20.046]

SOURCE: AIR
RX_ID: 789, Freq: 131.725MHz
Mode: 2 NACKLabel: SA Block ID: 0, Msg No: S98A
Flight ID: GR0000 REG: OKPHO


Message content:-
0EV085434V/
-------------------------------------------------------[2024-09-03 09:16:28.053]

SOURCE: AIR
RX_ID: 790, Freq: 131.725MHz
Mode: 2 NACKLabel: SA Block ID: 2, Msg No: S08A
Flight ID: GR0000 REG: OKPHO


Message content:-
0EV090743V/
-------------------------------------------------------[2024-09-03 09:16:38.915]

SOURCE: AIR
RX_ID: 791, Freq: 131.725MHz
Mode: 2 NACKLabel: SA Block ID: 2, Msg No: S08A
Flight ID: GR0000 REG: OKPHO


Message content:-
0EV090743V/
-------------------------------------------------------[2024-09-03 09:16:45.644]

SOURCE: AIR
RX_ID: 792, Freq: 131.725MHz
Mode: 2 NACKLabel: SA Block ID: 2, Msg No: S08A
Flight ID: GR0000 REG: OKPHO


Message content:-
0EV090743V/
-------------------------------------------------------[2024-09-03 09:16:52.009]

SOURCE: AIR
RX_ID: 793, Freq: 131.725MHz
Mode: 2 NACKLabel: SA Block ID: 4, Msg No: S10A
Flight ID: GR0000 REG: OKPHO


Message content:-
0EV091638V/
-------------------------------------------------------[2024-09-03 09:17:06.965]

SOURCE: AIR
RX_ID: 794, Freq: 131.725MHz
Mode: G NACKLabel: H1 Block ID: 3, Msg No: F00A
Flight ID: DL0025 REG: N827MH


Message content:-
#M2BPOSN45096E004363,ETR01,091917,300,NOQ02,092108,LER03,M36,19822,1278,803B36F
-------------------------------------------------------[2024-09-03 09:19:21.736]

SOURCE: AIR
RX_ID: 795, Freq: 131.725MHz
Mode: E NACKLabel: H1 Block ID: 9, Msg No: C12A
Flight ID: TS0434 REG: C-GUBC


Message content:-
#CFB.1/WRN/WN2409030937  360030506MAINTENANCE STATUS      BMC 2
-------------------------------------------------------[2024-09-03 09:37:59.513]

SOURCE: AIR
RX_ID: 796, Freq: 131.725MHz
Mode: E NACKLabel: H1 Block ID: 0, Msg No: C13A
Flight ID: TS0434 REG: C-GUBC


Message content:-
#CFB.1/FLR/FR2409030937  36115106BMC2   X2,,,,,,,HP BLEED-V (E2-4000HA),HARD
-------------------------------------------------------[2024-09-03 09:39:09.364]

SOURCE: AIR
RX_ID: 797, Freq: 131.725MHz
Mode: 2 NACKLabel: H1 Block ID: 0, Msg No: D44A
Flight ID: DL0024 REG: N832MH


Message content:-
#DFB239N1808 0024090324094558814 4485   469350-18-48204 24XX-223 25000
 277 46700171346500B89B(KATLLFMN
-------------------------------------------------------[2024-09-03 09:46:09.833]

SOURCE: AIR
RX_ID: 798, Freq: 131.725MHz
Mode: 2 NACKLabel: H1 Block ID: 1, Msg No: F05A
Flight ID: DL0024 REG: N832MH


Message content:-
#M1BPOSN44297E005043,NISAR,094900,340,XIRBI,095025,DOTIG,M46,19818,248,813F023
-------------------------------------------------------[2024-09-03 09:49:02.489]

SOURCE: AIR
RX_ID: 799, Freq: 131.725MHz
Mode: E NACKLabel: 16 Block ID: 1, Msg No: M37A
Flight ID: TS0434 REG: C-GUBC


Message content:-
094948,7727,0958, 141,N 43.388,E  5.209
-------------------------------------------------------[2024-09-03 09:49:54.710]

SOURCE: AIR
RX_ID: 800, Freq: 131.725MHz
Mode: E NACKLabel: H1 Block ID: 7, Msg No: D93A
Flight ID: KL0119 REG: PH-BVR


Message content:-
#DFB(POS-KLM119  -4320N00523E/095131 F310
RMK/FUEL  99.4 M0.84)
-------------------------------------------------------[2024-09-03 09:51:34.044]

SOURCE: AIR
RX_ID: 801, Freq: 131.825MHz
Mode: 2 NACKLabel: 44 Block ID: 0, Msg No: M51A
Flight ID: GS393N REG: GNJAE


Message content:-
04p=G'\VNHHH'H(''HHHXVmHaV(ww%VqzDZV'+'mV'+F\V\'!\Va#']]
-------------------------------------------------------[2024-09-03 09:51:49.989]

SOURCE: AIR
RX_ID: 802, Freq: 131.725MHz
Mode: 2 NACKLabel: B9 Block ID: 2, Msg No: L05A
Flight ID: DL0024 REG: N832MH


Message content:-
/LFMN.TI2/024LFMNA426A
-------------------------------------------------------[2024-09-03 09:54:12.987]

SOURCE: AIR
RX_ID: 803, Freq: 131.725MHz
Mode: 2 NACKLabel: H1 Block ID: 5, Msg No: D45A
Flight ID: DL0024 REG: N832MH


Message content:-
#DFBENGINE BLEED REPORT

AID:N1808  DA:03/09    GMT:09:56    FNO: 272      ISFC: 1978
TAT: 125  SAT:-110   ALT: 18744   MACH:0670    FCNT: 1999
GW:314880  FLT:0024-1  MODE:DESC    SID:AK-67-223
S/N L:70495
-------------------------------------------------------[2024-09-03 09:56:25.486]

SOURCE: AIR
RX_ID: 804, Freq: 131.725MHz
Mode: 2 NACKLabel: H1 Block ID: 6, Msg No: D45B
Flight ID: DL0024 REG: N832MH


Message content:-
#DFB2         DEPART:KATL    DESTIN:LFMN
S/N R:707000

               ENG L     ENG R
HPSOV          OPN       OPN
PRV            OPN       OPN
PRSOV          OPN       OPN
FAV %            -422     -218
-------------------------------------------------------[2024-09-03 09:56:29.181]

SOURCE: AIR
RX_ID: 805, Freq: 131.725MHz
Mode: 2 NACKLabel: H1 Block ID: 7, Msg No: D45C
Flight ID: DL0024 REG: N832MH


Message content:-
#DFB
N1 SPD          4088     4088
HI STG PRESS    4400     4350
INTERM PRESS1    2886     3331
INTERM PRESS2    3436     3644
STRUT OVHT     NRML      NRML
DUCT PRESS       2838     3250
P-COOL TEMP    
-------------------------------------------------------[2024-09-03 09:56:34.923]

SOURCE: AIR
RX_ID: 806, Freq: 131.725MHz
Mode: 2 NACKLabel: H1 Block ID: 8, Msg No: D45D
Flight ID: DL0024 REG: N832MH


Message content:-
#DFB37953    37991
PACK HX TEMP    34266    34747
PACK FLOW       13197    11559
WING ANTI ICE  OFF
LT  ISO VLV    CLS
RT  ISO VLV    CLS
CTR ISO VLV    OPN

TRIGGER CODE   0000

STATUS WORDS  DW1  DW
-------------------------------------------------------[2024-09-03 09:56:40.261]

SOURCE: AIR
RX_ID: 807, Freq: 131.725MHz
Mode: 2 NACKLabel: H1 Block ID: 9, Msg No: D45E
Flight ID: DL0024 REG: N832MH


Message content:-
#DFB2  DW3  DW4  DW5  DW6  DW7  DW8  EICAS
LEFT          0000 0001 0000 0000 0000 0000 1040 0000 0000
RIGHT         0000 0001 0000 0000 0000 0000 1040 0000 0000

-------------------------------------------------------[2024-09-03 09:56:43.921]

SOURCE: AIR
RX_ID: 808, Freq: 131.725MHz
Mode: G NACKLabel: 16 Block ID: 4, Msg No: M11A
Flight ID: SN03DY REG: OO-SFD


Message content:-
03SEP24,1104,N 44.574,E  6.988,37003,1629,93960
-------------------------------------------------------[2024-09-03 11:04:23.563]

SOURCE: AIR
RX_ID: 809, Freq: 131.725MHz
Mode: E NACKLabel: 16 Block ID: 6, Msg No: M17A
Flight ID: SN03KR REG: OO-SFF


Message content:-
03SEP24,1110,N 44.346,E  6.994,32963,1802,115520
-------------------------------------------------------[2024-09-03 11:10:49.402]

SOURCE: AIR
RX_ID: 810, Freq: 131.725MHz
Mode: G NACKLabel: H1 Block ID: 0, Msg No: D33A
Flight ID: SN03DY REG: OO-SFD


Message content:-
#DFB002066700101011031089
R02/A33002,1,1
C1,.OO-SFD,24SEP03,11.18.51,EBBR,FKKD,BEL3DY    ,5000,381
C2,001,06.0,000000,D1333RR06C02BEL,000,052,052
C3,-24.0,37003,0.807,111,1.02,111,10,0,01,111,1.05,X
C4,-24
-------------------------------------------------------[2024-09-03 11:19:44.156]

SOURCE: AIR
RX_ID: 811, Freq: 131.725MHz
Mode: E NACKLabel: H1 Block ID: 3, Msg No: D02C
Flight ID: SN0301 REG: OO-SFC


Message content:-
#DFB455,1.455,078.89,087.0,088.6,0645,07.839,03173,09.04
S1,05.37,-20.6,037.6,191.3,159.6,466.7,85.7,058.4,028.3,32,140
S2,05.37,-20.6,037.6,190.5,158.0,464.1,08.9,058.0,029.5,29,131
T1,075,094,116.8,009.0,0
-------------------------------------------------------[2024-09-03 11:20:47.023]

SOURCE: AIR
RX_ID: 812, Freq: 131.725MHz
Mode: X NACKLabel: H1 Block ID: 5, Msg No: B02A
Flight ID: GS393N REG: GNJAE


Message content:-
#M2B/.REQPWI/TS114002,030924/WQ380.360.400.420:MADOT.MOPEM.CACHI.AVLON.OKRIX.BRY.CLM.UTELA.KOPOR.PIREG.SOSUN.SUBIP.EGSSB34B
-------------------------------------------------------[2024-09-03 11:40:05.287]

SOURCE: AIR
RX_ID: 813, Freq: 131.725MHz
Mode: X NACKLabel: H1 Block ID: 9, Msg No: B03A
Flight ID: GS393N REG: GNJAE


Message content:-
#M2B/.RESPWI/AK,071/TS114019,0309248CD8
-------------------------------------------------------[2024-09-03 11:40:22.081]

SOURCE: AIR
RX_ID: 814, Freq: 131.725MHz
Mode: X NACKLabel: 44 Block ID: 0, Msg No: M77A
Flight ID: GS393N REG: GNJAE


Message content:-
03m0>xtqL-JDe9+xxDxeeqJxDq!1T@q+o!1qxVxJqtt-JqtJx-qD$JWW
-------------------------------------------------------[2024-09-03 11:43:09.808]

SOURCE: AIR
RX_ID: 815, Freq: 131.825MHz
Mode: 2 NACKLabel: B6 Block ID: 4, Msg No: F83A
Flight ID: BA0082 REG: G-RAES


Message content:-
/QUKAXBA.ADS.G-RAES071EF8501C2E494729159D8154
-------------------------------------------------------[2024-09-03 11:43:51.247]

SOURCE: AIR
RX_ID: 816, Freq: 131.825MHz
Mode: 2 NACKLabel: H1 Block ID: 6, Msg No: F84A
Flight ID: BA0082 REG: G-RAES


Message content:-
#M1BPRG/TS114537,030924/DTEGLL,27L,184,125955,/PR4351,234,380,303,,115,57,,,50,P30,P0,,,,,,,M375C39
-------------------------------------------------------[2024-09-03 11:45:39.803]

SOURCE: AIR
RX_ID: 817, Freq: 131.725MHz
Mode: G NACKLabel: 44 Block ID: 2, Msg No: M79A
Flight ID: GS393N REG: GNJAE


Message content:-
02e;q,0Irmm-0]X,,mQ9QI09QIv*ehIXOv*I,),0I33m9I30,0I,,QT3
-------------------------------------------------------[2024-09-03 11:46:33.053]

SOURCE: AIR
RX_ID: 818, Freq: 131.825MHz
Mode: 2 NACKLabel: 15 Block ID: 8, Msg No: M08A
Flight ID: BA0082 REG: G-RAES


Message content:-
FST01DNAAEGLLN444821E0047927380 131 325 M54C 2821834935350111600012591150
-------------------------------------------------------[2024-09-03 11:50:36.797]

SOURCE: AIR
RX_ID: 819, Freq: 131.825MHz
Mode: 2 NACKLabel: B9 Block ID: 9, Msg No: M09A
Flight ID: BA0082 REG: G-RAES


Message content:-
046EGLLA
-------------------------------------------------------[2024-09-03 11:50:59.725]

SOURCE: AIR
RX_ID: 820, Freq: 131.825MHz
Mode: 2 NACKLabel: B9 Block ID: 9, Msg No: M09A
Flight ID: BA0082 REG: G-RAES


Message content:-
046EGLLA
-------------------------------------------------------[2024-09-03 11:51:13.842]

SOURCE: AIR
RX_ID: 821, Freq: 131.825MHz
Mode: 2 NACKLabel: H1 Block ID: 1, Msg No: 381A
Flight ID: LH062W REG: D-AIRO


Message content:-
#T3BC*)KD0KY274 2)ZH0K/CSM)4LEY
-------------------------------------------------------[2024-09-03 11:58:59.990]

SOURCE: AIR
RX_ID: 822, Freq: 131.725MHz
Mode: G NACKLabel: H1 Block ID: 1, Msg No: C25A
Flight ID: TS0435 REG: C-GUBC


Message content:-
#CFB.1/WRN/WN2409031159  383100506MAINTENANCE STATUS      TOILET
-------------------------------------------------------[2024-09-03 11:59:43.181]

SOURCE: AIR
RX_ID: 823, Freq: 131.725MHz
Mode: G NACKLabel: 16 Block ID: 0, Msg No: M33A
Flight ID: XSMBU6 REG: 2-BBMB


Message content:-
115952,,1532, 298,N 43.473 E  5.731
-------------------------------------------------------[2024-09-03 11:59:53.644]

SOURCE: AIR
RX_ID: 824, Freq: 131.725MHz
Mode: X NACKLabel: B9 Block ID: 1, Msg No: L14A
Flight ID: AF1285 REG: F-GRHF


Message content:-
/LFLL.TI2/064LFLLAD2FE
-------------------------------------------------------[2024-09-03 12:11:07.048]

SOURCE: AIR
RX_ID: 825, Freq: 131.725MHz
Mode: X NACKLabel: B9 Block ID: 4, Msg No: L15A
Flight ID: AF1285 REG: F-GRHF


Message content:-
/LFPG.TI2/064LFPGA3806
-------------------------------------------------------[2024-09-03 12:12:36.144]

SOURCE: AIR
RX_ID: 826, Freq: 131.725MHz
Mode: X NACKLabel: 2F Block ID: 7, Msg No: M72A
Flight ID: AF1285 REG: F-GRHF


Message content:-
1220+4469+638/3642
-------------------------------------------------------[2024-09-03 12:20:12.869]

SOURCE: AIR
RX_ID: 827, Freq: 131.725MHz
Mode: E NACKLabel: H1 Block ID: 4, Msg No: D42B
Flight ID: AF7464 REG: F-GMZE


Message content:-
#DFB07162,00784,73/N10870,0870,0953,6572,1592,XXXXX/N20871,0871,0953,6530,1582,XXXXX/S1XXXXX,0815,1540,4546,XXXX,021,N00/S2XXXXX,0830,1546,4593,XXXX,026,N00/T1091,094,022,41,093,06241,0278/T2092,096,017,39,097,
-------------------------------------------------------[2024-09-03 12:29:08.284]

SOURCE: AIR
RX_ID: 828, Freq: 131.725MHz
Mode: 2 NACKLabel: 4H Block ID: 6, Msg No: M29A
Flight ID: DL0029 REG: N832MH


Message content:-
03124H LFMN KJFK6
  
WPR RESET





-------------------------------------------------------[2024-09-03 12:36:57.924]

SOURCE: AIR
RX_ID: 829, Freq: 131.725MHz
Mode: 2 NACKLabel: H1 Block ID: 9, Msg No: D63A
Flight ID: DL0029 REG: N832MH


Message content:-
#DFB239N1808 0029090324123931795 4491   526319-12-42214 26XX-223106400
 289 4730071300630030GMYLFMNKJFK
-------------------------------------------------------[2024-09-03 12:39:54.860]

SOURCE: AIR
RX_ID: 830, Freq: 131.725MHz
Mode: 2 NACKLabel: 24 Block ID: 0, Msg No: M32A
Flight ID: DL0029 REG: N832MH


Message content:-
031224 LFMN KJFK6
-------------------------------------------------------[2024-09-03 12:40:08.794]

SOURCE: AIR
RX_ID: 831, Freq: 131.725MHz
Mode: 2 NACKLabel: H1 Block ID: 2, Msg No: F07A
Flight ID: DL0029 REG: N832MH


Message content:-
#M2BPOSN45090E004360,ETR01,124351,340,NOQ02,124545,LER03,M47,20331,1079,798A398
-------------------------------------------------------[2024-09-03 12:43:55.505]

SOURCE: AIR
RX_ID: 832, Freq: 131.725MHz
Mode: 2 NACKLabel: 15 Block ID: 9, Msg No: M08A
Flight ID: GS0001 REG: CESSNA


Message content:-
(2N44252E  5010--- 18296-34(Z
-------------------------------------------------------[2024-09-03 13:18:24.482]

SOURCE: AIR
RX_ID: 833, Freq: 131.825MHz
Mode: 2 NACKLabel: 15 Block ID: 6, Msg No: M05A
Flight ID: XA0000 REG: N480VR


Message content:-
(2N44131E  6346--- 13287-31(Z
-------------------------------------------------------[2024-09-03 13:30:20.265]

SOURCE: AIR
RX_ID: 834, Freq: 131.825MHz
Mode: 2 NACKLabel: 15 Block ID: 6, Msg No: M05A
Flight ID: XA0000 REG: N480VR


Message content:-
(2N44131E  6346--- 13287-31(Z
-------------------------------------------------------[2024-09-03 13:30:44.003]

SOURCE: AIR
RX_ID: 835, Freq: 131.825MHz
Mode: 2 NACKLabel: 15 Block ID: 7, Msg No: M06A
Flight ID: XA0000 REG: N480VR


Message content:-
(2N45140E  5359--- 18399-55(Z
-------------------------------------------------------[2024-09-03 13:40:18.873]

SOURCE: AIR
RX_ID: 836, Freq: 131.725MHz
Mode: G NACKLabel: H1 Block ID: 1, Msg No: D59A
Flight ID: AF7465 REG: F-GMZE


Message content:-
#DFBA31/A32131,1,1/C1F-GMZE,SEP03,133906,LFMT,LFPG,0044/C202,00000,8100,21,0000,1,0000,26,1/C30275,N0015,---,---,6811,225,C53015/C4XXXXX,XXXXX,N0014,0275,---/4CN000,---,N0025,068111,---/C54357,XXXXX,N0014,0275,
-------------------------------------------------------[2024-09-03 13:55:20.838]

SOURCE: AIR
RX_ID: 837, Freq: 131.725MHz
Mode: G NACKLabel: H1 Block ID: 2, Msg No: D59B
Flight ID: AF7465 REG: F-GMZE


Message content:-
#DFB---/5C0000,---,N0023,068111,---/C6XXXXX,0397,N0015,0275,---/6C0002,---,N0017,068093,---/C7XXXXX,XXXXX,N0014,0272,---/7C0001,---,00008,068093,---/C8XXXXX,XXXXX,N0015,0270,---/8C0001,---,00001,068093,---/C943
-------------------------------------------------------[2024-09-03 13:55:24.716]

SOURCE: AIR
RX_ID: 838, Freq: 131.725MHz
Mode: G NACKLabel: H1 Block ID: 3, Msg No: D59C
Flight ID: AF7465 REG: F-GMZE


Message content:-
#DFB57,0397,N0014,0270,---/9C0000,---,00000,068075,---/C0XXXXX,0397,N0013,0270,---/0CN002,---,N0003,068093,---/E1XXXXX,XXXXX,N0014,0267,---/1EN000,---,N0004,068075,---/E2XXXXX,XXXXX,N0015,0267,---/2EN006,---,N0
-------------------------------------------------------[2024-09-03 13:55:29.030]

SOURCE: AIR
RX_ID: 839, Freq: 131.725MHz
Mode: G NACKLabel: H1 Block ID: 5, Msg No: D59E
Flight ID: AF7465 REG: F-GMZE


Message content:-
#DFB139/6E0004,147,00170,068020,004/E74358,0394,00532,0250,161/7E0177,157,00023,068184,009/E84359,0393,01382,0230,173/8E0202,152,N0377,068165,015/E94361,0394,02086,0217,182/9E0234,154,N0275,068147,016/E04362,03
-------------------------------------------------------[2024-09-03 13:55:37.221]

SOURCE: AIR
RX_ID: 840, Freq: 131.725MHz
Mode: G NACKLabel: H1 Block ID: 6, Msg No: D59F
Flight ID: AF7465 REG: F-GMZE


Message content:-
#DFB96,02709,0202,206/0EN107,159,N0151,068129,010/N14363,0398,03331,0185,192/1N0011,168,00184,068220,010/N24363,0400,03811,0175,188/2NN004,185,N0101,068238,010/N34364,0402,04158,0162,195/3N0007,210,00435,068311
-------------------------------------------------------[2024-09-03 13:55:41.099]

SOURCE: AIR
RX_ID: 841, Freq: 131.725MHz
Mode: G NACKLabel: H1 Block ID: 7, Msg No: D59G
Flight ID: AF7465 REG: F-GMZE


Message content:-
#DFB,011/N44365,0405,04677,0150,188/4NN002,235,00229,068456,011/N54367,0408,05367,0135,199/5NN000,246,00153,068419,012/N64368,0411,06330,0112,199/6NN001,247,N0072,068401,013/N74369,0415,07306,0092,195/7NN002,24
-------------------------------------------------------[2024-09-03 13:55:45.011]

SOURCE: AIR
RX_ID: 842, Freq: 131.725MHz
Mode: G NACKLabel: H1 Block ID: 8, Msg No: D59H
Flight ID: AF7465 REG: F-GMZE


Message content:-
#DFB7,N0067,068401,016/N84370,0418,08258,0072,195/8NN002,246,N0268,068510,017/N94372,0421,09209,0057,199/9N0001,245,N0302,068365,017/N04373,0425,10047,0037,211/0N0001,248,00288,068347,017/S14374,0428,10914,0022
-------------------------------------------------------[2024-09-03 13:55:48.671]

SOURCE: AIR
RX_ID: 843, Freq: 131.725MHz
Mode: G NACKLabel: H1 Block ID: 9, Msg No: D59I
Flight ID: AF7465 REG: F-GMZE


Message content:-
#DFB,214/1S0003,247,00216,068456,020/S24375,0432,11805,0007,216/2SN004,247,00001,068292,020/S34376,0436,12634,N007,210/3SN009,250,00477,068256,019/S44378,0439,13575,N012,212/4SN005,245,N0278,068238,020/S54379,0
-------------------------------------------------------[2024-09-03 13:55:53.204]

SOURCE: AIR
RX_ID: 844, Freq: 131.725MHz
Mode: G NACKLabel: H1 Block ID: 0, Msg No: D59J
Flight ID: AF7465 REG: F-GMZE


Message content:-
#DFB443,14337,N027,214/5SN126,248,00104,068347,018/S64381,0446,15168,N042,209/6SN006,246,00018,068184,020/S74384,0449,15915,N060,207/7SN003,247,N0003,068147,020/S84385,0452,16695,N070,217/8S0004,248,N0665,06825
-------------------------------------------------------[2024-09-03 13:55:57.886]

SOURCE: AIR
RX_ID: 845, Freq: 131.725MHz
Mode: G NACKLabel: H1 Block ID: 1, Msg No: D59K
Flight ID: AF7465 REG: F-GMZE


Message content:-
#DFB6,017/S94387,0456,17213,N082,208/9SN004,260,N0078,068093,013/S04390,0459,17570,N092,210/0S0001,270,N0054,068056,014/T14392,0463,17870,N100,212/1TN002,282,00008,068038,015/T24395,0467,18150,N107,216/2TN208,2
-------------------------------------------------------[2024-09-03 13:56:01.797]

SOURCE: AIR
RX_ID: 846, Freq: 131.725MHz
Mode: G NACKLabel: H1 Block ID: 2, Msg No: D59L
Flight ID: AF7465 REG: F-GMZE


Message content:-
#DFB92,N0330,068147,016/T34397,0470,18329,N110,215/3TN268,305,00039,067984,017/T44401,XXXXX,18690,N115,202/4TN037,310,N0166,067948,016/T54406,0471,19165,N122,198/5TN000,312,00000,067911,017/T64409,XXXXX,19659,N
-------------------------------------------------------[2024-09-03 13:56:05.675]

SOURCE: AIR
RX_ID: 847, Freq: 131.725MHz
Mode: G NACKLabel: 2F Block ID: 4, Msg No: M81A
Flight ID: AF7465 REG: F-GMZE


Message content:-
1358+4474+486/2751
-------------------------------------------------------[2024-09-03 13:58:25.345]

SOURCE: AIR
RX_ID: 848, Freq: 131.725MHz
Mode: G NACKLabel: B9 Block ID: 5, Msg No: L07A
Flight ID: AF7465 REG: F-GMZE


Message content:-
/LFPG.TI2/064LFPGD68A3
-------------------------------------------------------[2024-09-03 13:58:52.589]

SOURCE: AIR
RX_ID: 849, Freq: 131.825MHz
Mode: 2 NACKLabel: B2 Block ID: 7, Msg No: M57A
Flight ID: AA0721 REG: N758AN


Message content:-
/PIKCLYA.CLA 1358 240903 EGGX CLRNCE 881AAL721 CLRD TO KCLT VIA BUNAVRANDOM ROUTE46N015W 46N020W 45N030W 43N040W 41N050W39N060W 37N070WFM BUNAV/1520 MNTN F340 M085ATC/LEVEL CHANGEEND OF MESSAGE
-------------------------------------------------------[2024-09-03 13:59:19.030]

SOURCE: AIR
RX_ID: 850, Freq: 131.825MHz
Mode: 2 NACKLabel: H1 Block ID: 9, Msg No: F22A
Flight ID: AA0721 REG: N758AN


Message content:-
#M1BPOSN44125E006226,BODRU,140015,320,KOTIT,140443,ETREK,M41,20221,16148D60
-------------------------------------------------------[2024-09-03 14:00:17.400]

SOURCE: AIR
RX_ID: 851, Freq: 131.725MHz
Mode: G NACKLabel: 26 Block ID: 8, Msg No: M82A
Flight ID: AF7465 REG: F-GMZE


Message content:-
1401LFMTAF7465/031446LFPG26L
-------------------------------------------------------[2024-09-03 14:01:10.025]

SOURCE: AIR
RX_ID: 852, Freq: 131.825MHz
Mode: 2 NACKLabel: H1 Block ID: 0, Msg No: D58A
Flight ID: AA0721 REG: N758AN


Message content:-
#DFBTRP LIRF KCLT 07  8 173   0  0 134929
 42.7265  10.1151292755688404970.0070.005 10.38 -98.79168840-34 311OFF
 42.9543   9.6560319955675205060.0160.008 14.38 -86.84167520-40 275OFF
 43.1093   9.1427319995
-------------------------------------------------------[2024-09-03 14:01:33.176]

SOURCE: AIR
RX_ID: 853, Freq: 131.825MHz
Mode: 2 NACKLabel: H1 Block ID: 1, Msg No: D58B
Flight ID: AA0721 REG: N758AN


Message content:-
#DFB666405000.0070.004 13.88-111.09166640-40 274OFF
 43.2625   8.6243319985656805020.0160.012 17.62-129.38165680-41 275OFF
 43.4139   8.1007319975647605020.0100.008 14.13-133.59164760-40 275OFF
-------------------------------------------------------[2024-09-03 14:01:40.345]

SOURCE: AIR
RX_ID: 854, Freq: 131.825MHz
Mode: 2 NACKLabel: H1 Block ID: 2, Msg No: F23A
Flight ID: AA0721 REG: N758AN


Message content:-
#M1BPOSN44362E005413,KOTIT,140444,320,ETREK,141125,NOQAS,M41,20325,16016C40
-------------------------------------------------------[2024-09-03 14:04:46.717]

SOURCE: AIR
RX_ID: 855, Freq: 131.725MHz
Mode: E NACKLabel: 5U Block ID: 9, Msg No: M21A
Flight ID: ZD0719 REG: 9H-LEON


Message content:-
05,33,LFPO,DTTA,0000000000
1,1,0,DTTA,,,
-------------------------------------------------------[2024-09-03 14:07:24.820]

SOURCE: AIR
RX_ID: 856, Freq: 131.825MHz
Mode: 2 NACKLabel: H1 Block ID: 3, Msg No: F24A
Flight ID: AA0721 REG: N758AN


Message content:-
#M1BPOSN45018E004328,ETR-01,141121,320,NOQ-02,141321,LERGA,M42,20435,15818EFF
-------------------------------------------------------[2024-09-03 14:11:24.033]

SOURCE: AIR
RX_ID: 857, Freq: 131.825MHz
Mode: 2 NACKLabel: H1 Block ID: 5, Msg No: D06A
Flight ID: NW0149 REG: N825NW


Message content:-
#DFB239132000301010098054
R39/A33039,1,1
239N825NW149 090324141315806 4403   690319-12-42211 21AB0510124240
 293 480-0013020100B0/9WLIRFKJFK
-------------------------------------------------------[2024-09-03 14:13:29.548]

SOURCE: AIR
RX_ID: 858, Freq: 131.825MHz
Mode: 2 NACKLabel: 17 Block ID: 7, Msg No: M20A
Flight ID: NW0149 REG: N825NW


Message content:-
031417 LIRF KJFK7
/FN 0149
PIGOS   14093202224-422160211125081
-------------------------------------------------------[2024-09-03 14:16:40.633]

SOURCE: AIR
RX_ID: 859, Freq: 131.725MHz
Mode: X NACKLabel: 4H Block ID: 9, Msg No: M62A
Flight ID: DL0233 REG: N177DZ


Message content:-
03144H LIRN KJFK6
  
WPR RESET





-------------------------------------------------------[2024-09-03 14:50:29.421]

SOURCE: AIR
RX_ID: 860, Freq: 131.725MHz
Mode: X NACKLabel: H1 Block ID: 2, Msg No: F34A
Flight ID: DL0233 REG: N177DZ


Message content:-
#M2BREJPOS,145037,130,219,RF101,TOBGA444C
-------------------------------------------------------[2024-09-03 14:50:41.709]

SOURCE: AIR
RX_ID: 861, Freq: 131.725MHz
Mode: X NACKLabel: H1 Block ID: 2, Msg No: F34A
Flight ID: DL0233 REG: N177DZ


Message content:-
#M2BREJPOS,145037,130,219,RF101,TOBGA444C
-------------------------------------------------------[2024-09-03 14:50:53.158]

SOURCE: AIR
RX_ID: 862, Freq: 131.725MHz
Mode: X NACKLabel: SA Block ID: 4, Msg No: S16A
Flight ID: XY0001 REG: CESSNA1


Message content:-
0EV145850V
-------------------------------------------------------[2024-09-03 14:59:22.308]

SOURCE: AIR
RX_ID: 863, Freq: 131.725MHz
Mode: E NACKLabel: SA Block ID: 5, Msg No: S16A
Flight ID: XY0001 REG: CESSNA1


Message content:-
0EV145850V
-------------------------------------------------------[2024-09-03 14:59:59.170]

SOURCE: AIR
RX_ID: 864, Freq: 131.725MHz
Mode: G NACKLabel: SA Block ID: 6, Msg No: S16A
Flight ID: XY0001 REG: CESSNA1


Message content:-
0EV145850V
-------------------------------------------------------[2024-09-03 15:00:05.718]

SOURCE: AIR
RX_ID: 865, Freq: 131.725MHz
Mode: G NACKLabel: SA Block ID: 6, Msg No: S16A
Flight ID: XY0001 REG: CESSNA1


Message content:-
0EV145850V
-------------------------------------------------------[2024-09-03 15:00:16.798]

SOURCE: AIR
RX_ID: 866, Freq: 131.725MHz
Mode: G NACKLabel: SA Block ID: 6, Msg No: S16A
Flight ID: XY0001 REG: CESSNA1


Message content:-
0EV145850V
-------------------------------------------------------[2024-09-03 15:00:26.014]

SOURCE: AIR
RX_ID: 867, Freq: 131.725MHz
Mode: G NACKLabel: SA Block ID: 6, Msg No: S16A
Flight ID: XY0001 REG: CESSNA1


Message content:-
0EV145850V
-------------------------------------------------------[2024-09-03 15:00:36.839]

SOURCE: AIR
RX_ID: 868, Freq: 131.725MHz
Mode: 2 NACKLabel: SA Block ID: 7, Msg No: S16A
Flight ID: XY0001 REG: CESSNA1


Message content:-
0EV145850V
-------------------------------------------------------[2024-09-03 15:00:43.423]

SOURCE: AIR
RX_ID: 869, Freq: 131.725MHz
Mode: 2 NACKLabel: SA Block ID: 7, Msg No: S16A
Flight ID: XY0001 REG: CESSNA1


Message content:-
0EV145850V
-------------------------------------------------------[2024-09-03 15:00:51.394]

SOURCE: AIR
RX_ID: 870, Freq: 131.725MHz
Mode: 2 NACKLabel: SA Block ID: 7, Msg No: S16A
Flight ID: XY0001 REG: CESSNA1


Message content:-
0EV145850V
-------------------------------------------------------[2024-09-03 15:01:01.232]

SOURCE: AIR
RX_ID: 871, Freq: 131.725MHz
Mode: 2 NACKLabel: SA Block ID: 7, Msg No: S16A
Flight ID: XY0001 REG: CESSNA1


Message content:-
0EV145850V
-------------------------------------------------------[2024-09-03 15:01:08.182]

SOURCE: AIR
RX_ID: 872, Freq: 131.525MHz
Mode: 2 NACKLabel: 2L Block ID: 1, Msg No: M15A
Flight ID: AF0984 REG: F-GZCG


Message content:-
A/15:01/350-     /   
+43.93+003.83/-50/2/2
-------------------------------------------------------[2024-09-03 15:01:53.823]

SOURCE: AIR
RX_ID: 873, Freq: 131.725MHz
Mode: E NACKLabel: SA Block ID: 9, Msg No: S18A
Flight ID: XY0001 REG: CESSNA1


Message content:-
0EV150330V
-------------------------------------------------------[2024-09-03 15:03:32.163]

SOURCE: AIR
RX_ID: 874, Freq: 131.725MHz
Mode: E NACKLabel: SA Block ID: 9, Msg No: S18A
Flight ID: XY0001 REG: CESSNA1


Message content:-
0EV150330V
-------------------------------------------------------[2024-09-03 15:03:43.207]

SOURCE: AIR
RX_ID: 875, Freq: 131.725MHz
Mode: E NACKLabel: SA Block ID: 9, Msg No: S18A
Flight ID: XY0001 REG: CESSNA1


Message content:-
0EV150330V
-------------------------------------------------------[2024-09-03 15:03:51.400]

SOURCE: AIR
RX_ID: 876, Freq: 131.725MHz
Mode: E NACKLabel: SA Block ID: 9, Msg No: S18A
Flight ID: XY0001 REG: CESSNA1


Message content:-
0EV150330V
-------------------------------------------------------[2024-09-03 15:04:02.482]

SOURCE: AIR
RX_ID: 877, Freq: 131.725MHz
Mode: G NACKLabel: SA Block ID: 0, Msg No: S18A
Flight ID: XY0001 REG: CESSNA1


Message content:-
0EV150330V
-------------------------------------------------------[2024-09-03 15:04:09.026]

SOURCE: AIR
RX_ID: 878, Freq: 131.725MHz
Mode: G NACKLabel: SA Block ID: 0, Msg No: S18A
Flight ID: XY0001 REG: CESSNA1


Message content:-
0EV150330V
-------------------------------------------------------[2024-09-03 15:04:16.597]

SOURCE: AIR
RX_ID: 879, Freq: 131.725MHz
Mode: G NACKLabel: SA Block ID: 0, Msg No: S18A
Flight ID: XY0001 REG: CESSNA1


Message content:-
0EV150330V
-------------------------------------------------------[2024-09-03 15:04:23.765]

SOURCE: AIR
RX_ID: 880, Freq: 131.725MHz
Mode: X NACKLabel: SA Block ID: 1, Msg No: S18A
Flight ID: XY0001 REG: CESSNA1


Message content:-
0EV150330V
-------------------------------------------------------[2024-09-03 15:04:41.394]

SOURCE: AIR
RX_ID: 881, Freq: 131.725MHz
Mode: X NACKLabel: SA Block ID: 1, Msg No: S18A
Flight ID: XY0001 REG: CESSNA1


Message content:-
0EV150330V
-------------------------------------------------------[2024-09-03 15:04:49.365]

SOURCE: AIR
RX_ID: 882, Freq: 131.725MHz
Mode: X NACKLabel: SA Block ID: 1, Msg No: S18A
Flight ID: XY0001 REG: CESSNA1


Message content:-
0EV150330V
-------------------------------------------------------[2024-09-03 15:05:00.848]

SOURCE: AIR
RX_ID: 883, Freq: 131.725MHz
Mode: 2 NACKLabel: SA Block ID: 2, Msg No: S18A
Flight ID: XY0001 REG: CESSNA1


Message content:-
0EV150330V
-------------------------------------------------------[2024-09-03 15:05:16.209]

SOURCE: AIR
RX_ID: 884, Freq: 131.725MHz
Mode: G NACKLabel: SA Block ID: 6, Msg No: S85A
Flight ID: QR054E REG: A7-AEG


Message content:-
0EV150531VS
-------------------------------------------------------[2024-09-03 15:05:33.215]

SOURCE: AIR
RX_ID: 885, Freq: 131.725MHz
Mode: 2 NACKLabel: 5U Block ID: 3, Msg No: M25A
Flight ID: GS0000 REG: LXZIO


Message content:-
001AF   EGLF      N4422.1E00643.2296
-------------------------------------------------------[2024-09-03 15:06:10.262]

SOURCE: AIR
RX_ID: 886, Freq: 131.725MHz
Mode: E NACKLabel: SA Block ID: 4, Msg No: S20A
Flight ID: XY0001 REG: CESSNA1


Message content:-
0EV150813V
-------------------------------------------------------[2024-09-03 15:08:14.391]

SOURCE: AIR
RX_ID: 887, Freq: 131.725MHz
Mode: E NACKLabel: SA Block ID: 4, Msg No: S20A
Flight ID: XY0001 REG: CESSNA1


Message content:-
0EV150813V
-------------------------------------------------------[2024-09-03 15:08:24.410]

SOURCE: AIR
RX_ID: 888, Freq: 131.725MHz
Mode: E NACKLabel: SA Block ID: 4, Msg No: S20A
Flight ID: XY0001 REG: CESSNA1


Message content:-
0EV150813V
-------------------------------------------------------[2024-09-03 15:08:31.982]

SOURCE: AIR
RX_ID: 889, Freq: 131.725MHz
Mode: E NACKLabel: SA Block ID: 4, Msg No: S20A
Flight ID: XY0001 REG: CESSNA1


Message content:-
0EV150813V
-------------------------------------------------------[2024-09-03 15:08:38.563]

SOURCE: AIR
RX_ID: 890, Freq: 131.725MHz
Mode: G NACKLabel: SA Block ID: 5, Msg No: S20A
Flight ID: XY0001 REG: CESSNA1


Message content:-
0EV150813V
-------------------------------------------------------[2024-09-03 15:08:44.890]

SOURCE: AIR
RX_ID: 891, Freq: 131.725MHz
Mode: G NACKLabel: SA Block ID: 5, Msg No: S20A
Flight ID: XY0001 REG: CESSNA1


Message content:-
0EV150813V
-------------------------------------------------------[2024-09-03 15:08:56.375]

SOURCE: AIR
RX_ID: 892, Freq: 131.725MHz
Mode: 2 NACKLabel: 15 Block ID: 3, Msg No: M02A
Flight ID: GS0001 REG: CESSNA


Message content:-
(2N44264E  6072--- 29312-37(Z
-------------------------------------------------------[2024-09-03 15:09:05.774]

SOURCE: AIR
RX_ID: 893, Freq: 131.725MHz
Mode: G NACKLabel: SA Block ID: 5, Msg No: S20A
Flight ID: XY0001 REG: CESSNA1


Message content:-
0EV150813V
-------------------------------------------------------[2024-09-03 15:09:07.016]

SOURCE: AIR
RX_ID: 894, Freq: 131.725MHz
Mode: G NACKLabel: SA Block ID: 5, Msg No: S20A
Flight ID: XY0001 REG: CESSNA1


Message content:-
0EV150813V
-------------------------------------------------------[2024-09-03 15:09:13.563]

SOURCE: AIR
RX_ID: 895, Freq: 131.725MHz
Mode: X NACKLabel: SA Block ID: 6, Msg No: S20A
Flight ID: XY0001 REG: CESSNA1


Message content:-
0EV150813V
-------------------------------------------------------[2024-09-03 15:09:20.108]

SOURCE: AIR
RX_ID: 896, Freq: 131.725MHz
Mode: X NACKLabel: SA Block ID: 6, Msg No: S20A
Flight ID: XY0001 REG: CESSNA1


Message content:-
0EV150813V
-------------------------------------------------------[2024-09-03 15:09:29.325]

SOURCE: AIR
RX_ID: 897, Freq: 131.725MHz
Mode: X NACKLabel: SA Block ID: 6, Msg No: S20A
Flight ID: XY0001 REG: CESSNA1


Message content:-
0EV150813V
-------------------------------------------------------[2024-09-03 15:09:38.361]

SOURCE: AIR
RX_ID: 898, Freq: 131.725MHz
Mode: X NACKLabel: SA Block ID: 6, Msg No: S20A
Flight ID: XY0001 REG: CESSNA1


Message content:-
0EV150813V
-------------------------------------------------------[2024-09-03 15:09:48.198]

SOURCE: AIR
RX_ID: 899, Freq: 131.725MHz
Mode: 2 NACKLabel: SA Block ID: 7, Msg No: S20A
Flight ID: XY0001 REG: CESSNA1


Message content:-
0EV150813V
-------------------------------------------------------[2024-09-03 15:09:55.148]

SOURCE: AIR
RX_ID: 900, Freq: 131.725MHz
Mode: 2 NACKLabel: SA Block ID: 7, Msg No: S20A
Flight ID: XY0001 REG: CESSNA1


Message content:-
0EV150813V
-------------------------------------------------------[2024-09-03 15:10:02.534]

SOURCE: AIR
RX_ID: 901, Freq: 131.725MHz
Mode: 2 NACKLabel: SA Block ID: 7, Msg No: S20A
Flight ID: XY0001 REG: CESSNA1


Message content:-
0EV150813V
-------------------------------------------------------[2024-09-03 15:10:13.981]

SOURCE: AIR
RX_ID: 902, Freq: 131.725MHz
Mode: 2 NACKLabel: SA Block ID: 7, Msg No: S20A
Flight ID: XY0001 REG: CESSNA1


Message content:-
0EV150813V
-------------------------------------------------------[2024-09-03 15:10:23.600]

SOURCE: AIR
RX_ID: 903, Freq: 131.725MHz
Mode: G NACKLabel: H1 Block ID: 1, Msg No: D93A
Flight ID: KL0589 REG: PH-BVO


Message content:-
#DFB(POS-KLM589  -4333N00538E/151057 F330
RMK/FUEL  45.0 M0.84)
-------------------------------------------------------[2024-09-03 15:10:59.880]

SOURCE: AIR
RX_ID: 904, Freq: 131.525MHz
Mode: 2 NACKLabel: H1 Block ID: 7, Msg No: F46A
Flight ID: ZD0000 REG: HBJGF


Message content:-
#M1B/.POS/TS151222,030924N45036E005448,,151222,350,DIVKO,152822,NILDU,M50,19433,156,8506F2E
-------------------------------------------------------[2024-09-03 15:12:24.398]

SOURCE: AIR
RX_ID: 905, Freq: 131.725MHz
Mode: E NACKLabel: SA Block ID: 9, Msg No: S22A
Flight ID: XY0001 REG: CESSNA1


Message content:-
0EV151247V
-------------------------------------------------------[2024-09-03 15:12:48.826]

SOURCE: AIR
RX_ID: 906, Freq: 131.725MHz
Mode: E NACKLabel: SA Block ID: 9, Msg No: S22A
Flight ID: XY0001 REG: CESSNA1


Message content:-
0EV151247V
-------------------------------------------------------[2024-09-03 15:12:58.849]

SOURCE: AIR
RX_ID: 907, Freq: 131.725MHz
Mode: E NACKLabel: SA Block ID: 9, Msg No: S22A
Flight ID: XY0001 REG: CESSNA1


Message content:-
0EV151247V
-------------------------------------------------------[2024-09-03 15:13:07.038]

SOURCE: AIR
RX_ID: 908, Freq: 131.725MHz
Mode: E NACKLabel: SA Block ID: 9, Msg No: S22A
Flight ID: XY0001 REG: CESSNA1


Message content:-
0EV151247V
-------------------------------------------------------[2024-09-03 15:13:15.047]

SOURCE: AIR
RX_ID: 909, Freq: 131.725MHz
Mode: X NACKLabel: SA Block ID: 0, Msg No: S22A
Flight ID: XY0001 REG: CESSNA1


Message content:-
0EV151247V
-------------------------------------------------------[2024-09-03 15:13:21.376]

SOURCE: AIR
RX_ID: 910, Freq: 131.725MHz
Mode: X NACKLabel: SA Block ID: 0, Msg No: S22A
Flight ID: XY0001 REG: CESSNA1


Message content:-
0EV151247V
-------------------------------------------------------[2024-09-03 15:13:32.456]

SOURCE: AIR
RX_ID: 911, Freq: 131.725MHz
Mode: X NACKLabel: SA Block ID: 0, Msg No: S22A
Flight ID: XY0001 REG: CESSNA1


Message content:-
0EV151247V
-------------------------------------------------------[2024-09-03 15:13:53.522]

SOURCE: AIR
RX_ID: 912, Freq: 131.725MHz
Mode: 2 NACKLabel: SA Block ID: 1, Msg No: S22A
Flight ID: XY0001 REG: CESSNA1


Message content:-
0EV151247V
-------------------------------------------------------[2024-09-03 15:14:00.104]

SOURCE: AIR
RX_ID: 913, Freq: 131.725MHz
Mode: 2 NACKLabel: SA Block ID: 1, Msg No: S22A
Flight ID: XY0001 REG: CESSNA1


Message content:-
0EV151247V
-------------------------------------------------------[2024-09-03 15:14:08.479]

SOURCE: AIR
RX_ID: 914, Freq: 131.725MHz
Mode: 2 NACKLabel: SA Block ID: 1, Msg No: S22A
Flight ID: XY0001 REG: CESSNA1


Message content:-
0EV151247V
-------------------------------------------------------[2024-09-03 15:14:15.869]

SOURCE: AIR
RX_ID: 915, Freq: 131.725MHz
Mode: 2 NACKLabel: SA Block ID: 1, Msg No: S22A
Flight ID: XY0001 REG: CESSNA1


Message content:-
0EV151247V
-------------------------------------------------------[2024-09-03 15:14:23.844]

SOURCE: AIR
RX_ID: 916, Freq: 131.725MHz
Mode: G NACKLabel: SA Block ID: 2, Msg No: S22A
Flight ID: XY0001 REG: CESSNA1


Message content:-
0EV151247V
-------------------------------------------------------[2024-09-03 15:14:30.202]

SOURCE: AIR
RX_ID: 917, Freq: 131.725MHz
Mode: G NACKLabel: SA Block ID: 2, Msg No: S22A
Flight ID: XY0001 REG: CESSNA1


Message content:-
0EV151247V
-------------------------------------------------------[2024-09-03 15:14:37.772]

SOURCE: AIR
RX_ID: 918, Freq: 131.725MHz
Mode: G NACKLabel: SA Block ID: 2, Msg No: S22A
Flight ID: XY0001 REG: CESSNA1


Message content:-
0EV151247V
-------------------------------------------------------[2024-09-03 15:14:46.587]

SOURCE: AIR
RX_ID: 919, Freq: 131.725MHz
Mode: G NACKLabel: SA Block ID: 2, Msg No: S22A
Flight ID: XY0001 REG: CESSNA1


Message content:-
0EV151247V
-------------------------------------------------------[2024-09-03 15:14:56.826]

SOURCE: AIR
RX_ID: 920, Freq: 131.725MHz
Mode: G NACKLabel: 20 Block ID: 2, Msg No: M80A
Flight ID: KL0589 REG: PH-BVO


Message content:-
RST07A03151400KLM589  EHAMDGAA
-------------------------------------------------------[2024-09-03 15:14:59.682]

SOURCE: AIR
RX_ID: 921, Freq: 131.725MHz
Mode: 2 NACKLabel: SA Block ID: 3, Msg No: S22A
Flight ID: XY0001 REG: CESSNA1


Message content:-
0EV151247V
-------------------------------------------------------[2024-09-03 15:15:03.994]

SOURCE: AIR
RX_ID: 922, Freq: 131.725MHz
Mode: 2 NACKLabel: SA Block ID: 3, Msg No: S22A
Flight ID: XY0001 REG: CESSNA1


Message content:-
0EV151247V
-------------------------------------------------------[2024-09-03 15:15:10.764]

SOURCE: AIR
RX_ID: 923, Freq: 131.525MHz
Mode: 2 NACKLabel: B9 Block ID: 8, Msg No: M47A
Flight ID: ZD0000 REG: HBJGF


Message content:-
/LEBL.TI2/024LEBLA93E5
-------------------------------------------------------[2024-09-03 15:17:55.991]

SOURCE: AIR
RX_ID: 924, Freq: 131.725MHz
Mode: 2 NACKLabel: SA Block ID: 5, Msg No: S24A
Flight ID: XY0001 REG: CESSNA1


Message content:-
0EV151753V
-------------------------------------------------------[2024-09-03 15:18:02.976]

SOURCE: AIR
RX_ID: 925, Freq: 131.725MHz
Mode: 2 NACKLabel: SA Block ID: 5, Msg No: S24A
Flight ID: XY0001 REG: CESSNA1


Message content:-
0EV151753V
-------------------------------------------------------[2024-09-03 15:18:18.556]

SOURCE: AIR
RX_ID: 926, Freq: 131.725MHz
Mode: X NACKLabel: SA Block ID: 6, Msg No: S24A
Flight ID: XY0001 REG: CESSNA1


Message content:-
0EV151753V
-------------------------------------------------------[2024-09-03 15:18:25.108]

SOURCE: AIR
RX_ID: 927, Freq: 131.725MHz
Mode: X NACKLabel: SA Block ID: 6, Msg No: S24A
Flight ID: XY0001 REG: CESSNA1


Message content:-
0EV151753V
-------------------------------------------------------[2024-09-03 15:18:33.075]

SOURCE: AIR
RX_ID: 928, Freq: 131.725MHz
Mode: X NACKLabel: SA Block ID: 6, Msg No: S24A
Flight ID: XY0001 REG: CESSNA1


Message content:-
0EV151753V
-------------------------------------------------------[2024-09-03 15:18:43.534]

SOURCE: AIR
RX_ID: 929, Freq: 131.725MHz
Mode: X NACKLabel: SA Block ID: 6, Msg No: S24A
Flight ID: XY0001 REG: CESSNA1


Message content:-
0EV151753V
-------------------------------------------------------[2024-09-03 15:18:50.087]

SOURCE: AIR
RX_ID: 930, Freq: 131.725MHz
Mode: 2 NACKLabel: SA Block ID: 7, Msg No: S24A
Flight ID: XY0001 REG: CESSNA1


Message content:-
0EV151753V
-------------------------------------------------------[2024-09-03 15:18:56.454]

SOURCE: AIR
RX_ID: 931, Freq: 131.725MHz
Mode: E NACKLabel: SA Block ID: 8, Msg No: S24A
Flight ID: XY0001 REG: CESSNA1


Message content:-
0EV151753V
-------------------------------------------------------[2024-09-03 15:19:33.095]

SOURCE: AIR
RX_ID: 932, Freq: 131.725MHz
Mode: E NACKLabel: SA Block ID: 8, Msg No: S24A
Flight ID: XY0001 REG: CESSNA1


Message content:-
0EV151753V
-------------------------------------------------------[2024-09-03 15:19:51.129]

SOURCE: AIR
RX_ID: 933, Freq: 131.725MHz
Mode: G NACKLabel: SA Block ID: 9, Msg No: S24A
Flight ID: XY0001 REG: CESSNA1


Message content:-
0EV151753V
-------------------------------------------------------[2024-09-03 15:20:18.373]

SOURCE: AIR
RX_ID: 934, Freq: 131.725MHz
Mode: G NACKLabel: SA Block ID: 9, Msg No: S24A
Flight ID: XY0001 REG: CESSNA1


Message content:-
0EV151753V
-------------------------------------------------------[2024-09-03 15:20:29.823]

SOURCE: AIR
RX_ID: 935, Freq: 131.725MHz
Mode: G NACKLabel: SA Block ID: 9, Msg No: S24A
Flight ID: XY0001 REG: CESSNA1


Message content:-
0EV151753V
-------------------------------------------------------[2024-09-03 15:20:37.000]

SOURCE: AIR
RX_ID: 936, Freq: 131.725MHz
Mode: 2 NACKLabel: SA Block ID: 0, Msg No: S24A
Flight ID: XY0001 REG: CESSNA1


Message content:-
0EV151753V
-------------------------------------------------------[2024-09-03 15:20:43.351]

SOURCE: AIR
RX_ID: 937, Freq: 131.525MHz
Mode: 2 NACKLabel: H1 Block ID: 2, Msg No: F51A
Flight ID: ZD0000 REG: HBJGF


Message content:-
#M1B/.RESREQ/AK,115/TS152302,030924
-------------------------------------------------------[2024-09-03 15:23:00.749]

SOURCE: AIR
RX_ID: 938, Freq: 131.525MHz
Mode: 2 NACKLabel: H1 Block ID: 3, Msg No: F52A
Flight ID: ZD0000 REG: HBJGF


Message content:-
#M1B/.POS/TS152302,030924N43540E004449,,152302,340,,152302,,M48,18625,149,850E3EF
-------------------------------------------------------[2024-09-03 15:23:05.248]

SOURCE: AIR
RX_ID: 939, Freq: 131.825MHz
Mode: 2 NACKLabel: 4A Block ID: 0, Msg No: M36A
Flight ID: GS0000 REG: CSLTT


Message content:-
/01-C
-------------------------------------------------------[2024-09-03 15:23:11.428]

SOURCE: AIR
RX_ID: 940, Freq: 131.825MHz
Mode: 2 NACKLabel: SA Block ID: 1, Msg No: S37A
Flight ID: GS0000 REG: CSLTT


Message content:-
0EV152316VS/
-------------------------------------------------------[2024-09-03 15:23:17.169]

SOURCE: AIR
RX_ID: 941, Freq: 131.525MHz
Mode: 2 NACKLabel: B9 Block ID: 4, Msg No: M53A
Flight ID: ZD0000 REG: HBJGF


Message content:-
/LEBL.TI2/024LEBLA93E5
-------------------------------------------------------[2024-09-03 15:23:26.532]

SOURCE: AIR
RX_ID: 942, Freq: 131.525MHz
Mode: T NACKLabel: 26 Block ID: 9, Msg No: M59A
Flight ID: AF7338 REG: F-GMZD


Message content:-
1524LFPGAF7338/031539LFML13L
-------------------------------------------------------[2024-09-03 15:24:02.997]

SOURCE: AIR
RX_ID: 943, Freq: 131.725MHz
Mode: E NACKLabel: H1 Block ID: 3, Msg No: D43A
Flight ID: AF7338 REG: F-GMZD


Message content:-
#DFBA01/A32101,1,1/CCF-GMZD,SEP03,151424,LFPG,LFML,0015/C106,80404,5000,64,0010,0,0100,59,X/CEN105,31000,292,788,6669,263,C51020/EC577521,01337,03009,01336,C3,10/EE577523,30958,01030,27908,C3/N10870,0870,0958,6
-------------------------------------------------------[2024-09-03 15:30:44.045]

SOURCE: AIR
RX_ID: 944, Freq: 131.725MHz
Mode: E NACKLabel: H1 Block ID: 3, Msg No: D43A
Flight ID: AF7338 REG: F-GMZD


Message content:-
#DFBA01/A32101,1,1/CCF-GMZD,SEP03,151424,LFPG,LFML,0015/C106,80404,5000,64,0010,0,0100,59,X/CEN105,31000,292,788,6669,263,C51020/EC577521,01337,03009,01336,C3,10/EE577523,30958,01030,27908,C3/N10870,0870,0958,6
-------------------------------------------------------[2024-09-03 15:30:56.513]

SOURCE: AIR
RX_ID: 945, Freq: 131.725MHz
Mode: E NACKLabel: H1 Block ID: 3, Msg No: D43A
Flight ID: AF7338 REG: F-GMZD


Message content:-
#DFBA01/A32101,1,1/CCF-GMZD,SEP03,151424,LFPG,LFML,0015/C106,80404,5000,64,0010,0,0100,59,X/CEN105,31000,292,788,6669,263,C51020/EC577521,01337,03009,01336,C3,10/EE577523,30958,01030,27908,C3/N10870,0870,0958,6
-------------------------------------------------------[2024-09-03 15:31:06.352]

SOURCE: AIR
RX_ID: 946, Freq: 131.725MHz
Mode: G NACKLabel: H1 Block ID: 3, Msg No: D43A
Flight ID: AF7338 REG: F-GMZD


Message content:-
#DFBA01/A32101,1,1/CCF-GMZD,SEP03,151424,LFPG,LFML,0015/C106,80404,5000,64,0010,0,0100,59,X/CEN105,31000,292,788,6669,263,C51020/EC577521,01337,03009,01336,C3,10/EE577523,30958,01030,27908,C3/N10870,0870,0958,6
-------------------------------------------------------[2024-09-03 15:31:15.569]

SOURCE: AIR
RX_ID: 947, Freq: 131.725MHz
Mode: G NACKLabel: H1 Block ID: 4, Msg No: D43B
Flight ID: AF7338 REG: F-GMZD


Message content:-
#DFB602,1580,XXXXX/N20870,0870,0954,6505,1568,XXXXX/S1XXXXX,0837,1554,4625,XXXX,019,N00/S2XXXXX,0820,1547,4580,XXXX,021,N00/T1089,096,023,38,095,06305,N024/T2091,095,018,39,101,06296,0000/V106,03,052,084,02,00,
-------------------------------------------------------[2024-09-03 15:31:19.261]

SOURCE: AIR
RX_ID: 948, Freq: 131.725MHz
Mode: G NACKLabel: H1 Block ID: 5, Msg No: D43C
Flight ID: AF7338 REG: F-GMZD


Message content:-
#DFB00000/V203,05,329,017,06,00,00000/V3XX,XX,XXX,XXX,XXXX/V4XX,XX,XXX,XXX,XXXX/V508,03,051,116,0916/V603,06,314,002,0916/V7044,088,00081,22222222222111/V8044,086,00061,22222222222111,/
-------------------------------------------------------[2024-09-03 15:31:22.955]

SOURCE: AIR
RX_ID: 949, Freq: 131.725MHz
Mode: G NACKLabel: H1 Block ID: 6, Msg No: D44A
Flight ID: AF7338 REG: F-GMZD


Message content:-
#DFBA02/A32102,1,1/CCF-GMZD,SEP03,150803,LFPG,LFML,0015/C106,80501,5000,64,0010,0,0100,59,X/CEN106,31005,293,790,6705,262,C51020/CNN043,31032,293,791,6705,262/EC577521,01337,03009,01336,73,22,11/EE577523,30958,
-------------------------------------------------------[2024-09-03 15:31:50.202]

SOURCE: AIR
RX_ID: 950, Freq: 131.725MHz
Mode: G NACKLabel: H1 Block ID: 7, Msg No: D44B
Flight ID: AF7338 REG: F-GMZD


Message content:-
#DFB01030,27908,73/N10869,0870,0957,6570,1575,XXXXX/N20869,0869,0953,6473,1563,XXXXX/S1XXXXX,0831,1555,4611,XXXX,018,N00/S2XXXXX,0814,1547,4565,XXXX,021,N00/T1089,096,023,38,098,06309,N024/T2091,095,017,39,102,
-------------------------------------------------------[2024-09-03 15:31:53.858]

SOURCE: AIR
RX_ID: 951, Freq: 131.725MHz
Mode: G NACKLabel: H1 Block ID: 8, Msg No: D44C
Flight ID: AF7338 REG: F-GMZD


Message content:-
#DFB06302,0000/V106,03,055,087,02,00,00000/V203,05,330,013,06,00,00000/V3XX,XX,XXX,XXX,XXXX/V4XX,XX,XXX,XXX,XXXX/V508,03,051,116,0916/V603,06,314,002,0916/V7044,089,00081,22222222222111/V8044,087,00061,22222222
-------------------------------------------------------[2024-09-03 15:32:07.171]

SOURCE: AIR
RX_ID: 952, Freq: 131.725MHz
Mode: G NACKLabel: H1 Block ID: 9, Msg No: D44D
Flight ID: AF7338 REG: F-GMZD


Message content:-
#DFB222111/X102480,0000,0011,N001,00011,0001/X202634,N007,0010,N002,00011,0001/X3N007,N001,N011,N008,N002,N005,N000/X40000,0000,N000,0000,0000,0000/X50000,N002,N000,0000,0000,0000/X61663,E0032,N463,042,207,0234
-------------------------------------------------------[2024-09-03 15:32:11.083]

SOURCE: AIR
RX_ID: 953, Freq: 131.725MHz
Mode: G NACKLabel: 26 Block ID: 1, Msg No: M61A
Flight ID: AF7338 REG: F-GMZD


Message content:-
1535LFPGAF7338/031540LFML13L
-------------------------------------------------------[2024-09-03 15:35:34.642]

SOURCE: AIR
RX_ID: 954, Freq: 131.725MHz
Mode: G NACKLabel: 83 Block ID: 3, Msg No: M08A
Flight ID: GS0001 REG: OEGTI


Message content:-
001PR03160513N4320.5E00702.1400472    
-------------------------------------------------------[2024-09-03 16:05:14.776]

SOURCE: AIR
RX_ID: 955, Freq: 131.725MHz
Mode: E NACKLabel: B9 Block ID: 0, Msg No: M77A
Flight ID: X30618 REG: D-ATUN


Message content:-
/LEPA.TI2/040LEPAA6F3E
-------------------------------------------------------[2024-09-03 16:13:36.975]

SOURCE: AIR
RX_ID: 956, Freq: 131.725MHz
Mode: 2 NACKLabel: SA Block ID: 3, Msg No: M56A
Flight ID: GS0000 REG: LXLFX


Message content:-
0LS031618V/
-------------------------------------------------------[2024-09-03 16:18:06.876]

SOURCE: AIR
RX_ID: 957, Freq: 131.725MHz
Mode: 2 NACKLabel: SA Block ID: 4, Msg No: M59A
Flight ID: GS0000 REG: LXLFX


Message content:-
0LS031622V/
-------------------------------------------------------[2024-09-03 16:22:12.454]

SOURCE: AIR
RX_ID: 958, Freq: 131.725MHz
Mode: G NACKLabel: H1 Block ID: 2, Msg No: C22A
Flight ID: AF7339 REG: F-GMZD


Message content:-
#CFBFLR/FR24090317060030310005SDAC2:NO DL  ATA FROM      PHC2/IDECAM 2,ECAM 1
-------------------------------------------------------[2024-09-03 17:07:37.528]

SOURCE: AIR
RX_ID: 959, Freq: 131.725MHz
Mode: G NACKLabel: 2F Block ID: 4, Msg No: M78A
Flight ID: AF7339 REG: F-GMZD


Message content:-
1721+4492+491/2647
-------------------------------------------------------[2024-09-03 17:21:29.249]

SOURCE: AIR
RX_ID: 960, Freq: 131.725MHz
Mode: G NACKLabel: 26 Block ID: 5, Msg No: M79A
Flight ID: AF7339 REG: F-GMZD


Message content:-
1722LFMLAF7339/031807LFPG26L
-------------------------------------------------------[2024-09-03 17:22:03.845]

SOURCE: AIR
RX_ID: 961, Freq: 131.725MHz
Mode: 2 NACKLabel: 15 Block ID: 3, Msg No: M02A
Flight ID: GS0001 REG: CSDXN


Message content:-
(2N43092E  5188--- 26410-54(Z
-------------------------------------------------------[2024-09-03 17:42:25.313]

SOURCE: AIR
RX_ID: 962, Freq: 131.725MHz
Mode: X NACKLabel: SA Block ID: 7, Msg No: M70A
Flight ID: DE08EP REG: D-ABOK


Message content:-
0EV180101V
-------------------------------------------------------[2024-09-03 18:01:09.850]

SOURCE: AIR
RX_ID: 963, Freq: 131.725MHz
Mode: X NACKLabel: SA Block ID: 7, Msg No: M70A
Flight ID: DE08EP REG: D-ABOK


Message content:-
0EV180101V
-------------------------------------------------------[2024-09-03 18:01:19.910]

SOURCE: AIR
RX_ID: 964, Freq: 131.725MHz
Mode: X NACKLabel: 80 Block ID: 8, Msg No: M72A
Flight ID: DE08EP REG: D-ABOK


Message content:-
11   MISCRP 08EP/03 LEPA/EDDF .D-ABOK
93 /0031/84 /0100
EF78
-------------------------------------------------------[2024-09-03 18:01:24.008]

SOURCE: AIR
RX_ID: 965, Freq: 131.725MHz
Mode: X NACKLabel: 80 Block ID: 9, Msg No: M73A
Flight ID: DE08EP REG: D-ABOK


Message content:-
3A01 OPSCTL 08EP/03 LEPA/EDDF .D-ABOK
NABEND. ETA 1900Z. LG.
-------------------------------------------------------[2024-09-03 18:01:28.101]

SOURCE: AIR
RX_ID: 966, Freq: 131.725MHz
Mode: E NACKLabel: SA Block ID: 2, Msg No: M74A
Flight ID: DE08EP REG: D-ABOK


Message content:-
0EV180619V
-------------------------------------------------------[2024-09-03 18:06:22.393]

SOURCE: AIR
RX_ID: 967, Freq: 131.725MHz
Mode: E NACKLabel: 80 Block ID: 3, Msg No: M75A
Flight ID: DE08EP REG: D-ABOK


Message content:-
11   MISCRP 08EP/03 LEPA/EDDF .D-ABOK
DE1505
93 /0031/84 /0100
EF78
-------------------------------------------------------[2024-09-03 18:06:27.516]

SOURCE: AIR
RX_ID: 968, Freq: 131.725MHz
Mode: E NACKLabel: 80 Block ID: 4, Msg No: M76A
Flight ID: DE08EP REG: D-ABOK


Message content:-
22   MISCRP 08EP/03 LEPA/EDDF .D-ABOK
DE1504
8911
LT
0786
RE
5000
-------------------------------------------------------[2024-09-03 18:06:32.414]

SOURCE: AIR
RX_ID: 969, Freq: 131.725MHz
Mode: E NACKLabel: 80 Block ID: 5, Msg No: M77A
Flight ID: DE08EP REG: D-ABOK


Message content:-
3K01 STNS   08EP/03 LEPA/EDDF .D-ABOK
EDDF
HALLO. ETA 1900Z.
WIR HABEN
1 WCHC
1 WCHS
GRUSS
-------------------------------------------------------[2024-09-03 18:06:38.376]

SOURCE: AIR
RX_ID: 970, Freq: 131.725MHz
Mode: E NACKLabel: 80 Block ID: 5, Msg No: M77A
Flight ID: DE08EP REG: D-ABOK


Message content:-
3K01 STNS   08EP/03 LEPA/EDDF .D-ABOK
EDDF
HALLO. ETA 1900Z.
WIR HABEN
1 WCHC
1 WCHS
GRUSS
-------------------------------------------------------[2024-09-03 18:06:52.711]

SOURCE: AIR
RX_ID: 971, Freq: 131.725MHz
Mode: 2 NACKLabel: H1 Block ID: 7, Msg No: F42A
Flight ID: XA0000 REG: N375WB


Message content:-
#M1B/.RESREQ/AK,115/TS183526,030924
-------------------------------------------------------[2024-09-03 18:35:30.600]

SOURCE: AIR
RX_ID: 972, Freq: 131.725MHz
Mode: 2 NACKLabel: H1 Block ID: 8, Msg No: F43A
Flight ID: XA0000 REG: N375WB


Message content:-
#M1B/.POS/TS183526,030924N43480E005393,,183526,223,,183526,,M19,19912,97,850891E
-------------------------------------------------------[2024-09-03 18:35:35.097]

SOURCE: AIR
RX_ID: 973, Freq: 131.725MHz
Mode: G NACKLabel: 83 Block ID: 7, Msg No: M07A
Flight ID: GS0001 REG: OEGPP


Message content:-
001PR03184043N4302.8E00559.32124230009
-------------------------------------------------------[2024-09-03 18:40:45.153]

SOURCE: AIR
RX_ID: 974, Freq: 131.725MHz
Mode: 2 NACKLabel: 83 Block ID: 2, Msg No: M35A
Flight ID: XA0001 REG: 9HVIE


Message content:-
001PR03191158N4431.7E00554.34294830486
-------------------------------------------------------[2024-09-03 19:12:00.338]

SOURCE: AIR
RX_ID: 975, Freq: 131.725MHz
Mode: 2 NACKLabel: 83 Block ID: 3, Msg No: M36A
Flight ID: XA0001 REG: 9HVIE


Message content:-
001PR03192158N4503.0E00413.94304800476
-------------------------------------------------------[2024-09-03 19:22:01.430]

SOURCE: AIR
RX_ID: 976, Freq: 131.725MHz
Mode: G NACKLabel: H1 Block ID: 0, Msg No: F00A
Flight ID: SK0932 REG: EC-NUG


Message content:-
#M1BPRG/FNBCS225P/DTN42411E005170,LIPZ,04R,98,203652,29585A
-------------------------------------------------------[2024-09-03 19:36:58.458]

SOURCE: AIR
RX_ID: 977, Freq: 131.825MHz
Mode: 2 NACKLabel: H1 Block ID: 9, Msg No: C09A
Flight ID: VY03DY REG: EC-NGB


Message content:-
#CFBWRN/WN24090319450046200006DATALINK ATC FAULT      
-------------------------------------------------------[2024-09-03 19:45:51.348]

SOURCE: AIR
RX_ID: 978, Freq: 131.825MHz
Mode: 2 NACKLabel: H1 Block ID: 0, Msg No: C10A
Flight ID: VY03DY REG: EC-NGB


Message content:-
#CFBWRN/WN24090319450046200006DATALINK COMPANY FAULT  
-------------------------------------------------------[2024-09-03 19:45:57.090]

SOURCE: AIR
RX_ID: 979, Freq: 131.725MHz
Mode: G NACKLabel: B9 Block ID: 1, Msg No: L00A
Flight ID: SK0932 REG: EC-NUG


Message content:-
/LIPZ.TI2/024LIPZA5801
-------------------------------------------------------[2024-09-03 19:46:50.959]

SOURCE: AIR
RX_ID: 980, Freq: 131.725MHz
Mode: G NACKLabel: B9 Block ID: 2, Msg No: L01A
Flight ID: SK0932 REG: EC-NUG


Message content:-
/LIPZ.TI2/024LIPZA5801
-------------------------------------------------------[2024-09-03 19:48:09.189]

SOURCE: AIR
RX_ID: 981, Freq: 131.825MHz
Mode: 2 NACKLabel: SA Block ID: 8, Msg No: S02A
Flight ID: LH0859 REG: D-AGWK


Message content:-
0EV200924V
-------------------------------------------------------[2024-09-03 20:09:49.859]

SOURCE: AIR
RX_ID: 982, Freq: 131.825MHz
Mode: 2 NACKLabel: HX Block ID: 9, Msg No: S97A
Flight ID: LH0859 REG: D-AGWK


Message content:-
3L IV2 79000003BE901ZSIGMET,0027,00SIGMET T03 VALID 032000/032130 LFPW-D-RLFMM MARSEILLE FIR/UIR EMBD TS OBS WI-RN4130 E00530 -D N4145 E00430 -D N4200-RE0043
-------------------------------------------------------[2024-09-03 20:09:56.221]

SOURCE: AIR
RX_ID: 983, Freq: 131.825MHz
Mode: 2 NACKLabel: HX Block ID: 0, Msg No: S04A
Flight ID: LH0859 REG: D-AGWK


Message content:-
3L IV2 79000003BE901ZSIGMET,0027,00SIGMET T03 VALID 032000/032130 LFPW-D-RLFMM MARSEILLE FIR/UIR EMBD TS OBS WI-RN4130 E00530 -D N4145 E00430 -D N4200-RE0043
-------------------------------------------------------[2024-09-03 20:10:02.365]

SOURCE: AIR
RX_ID: 984, Freq: 131.825MHz
Mode: 2 NACKLabel: SA Block ID: 0, Msg No: S27A
Flight ID: FR541V REG: EI-IJZ


Message content:-
0EV201219V/
-------------------------------------------------------[2024-09-03 20:12:21.227]

SOURCE: AIR
RX_ID: 985, Freq: 131.525MHz
Mode: T NACKLabel: 2F Block ID: 7, Msg No: M05A
Flight ID: AF7314 REG: F-GMZD


Message content:-
2031+4486+458/3652
-------------------------------------------------------[2024-09-03 20:31:35.035]

SOURCE: AIR
RX_ID: 986, Freq: 131.525MHz
Mode: T NACKLabel: H1 Block ID: 8, Msg No: C29A
Flight ID: AF7314 REG: F-GMZD


Message content:-
#CFBFLR/FR24090320330038314106LAV E/IDTOILET
-------------------------------------------------------[2024-09-03 20:34:12.111]

SOURCE: AIR
RX_ID: 987, Freq: 131.525MHz
Mode: T NACKLabel: 2Z Block ID: 9, Msg No: M06A
Flight ID: AF7314 REG: F-GMZD


Message content:-
LFMN
-------------------------------------------------------[2024-09-03 20:35:02.909]

SOURCE: AIR
RX_ID: 988, Freq: 131.525MHz
Mode: T NACKLabel: 26 Block ID: 1, Msg No: M07A
Flight ID: AF7314 REG: F-GMZD


Message content:-
2042LFPGAF7314/032057LFMN04L
-------------------------------------------------------[2024-09-03 20:42:03.593]

SOURCE: AIR
RX_ID: 989, Freq: 131.825MHz
Mode: 2 NACKLabel: H1 Block ID: 0, Msg No: F05A
Flight ID: QY8031 REG: OE-LNO


Message content:-
#M1BPOSN43566E005580,,204554,380,KINES,205722,VANAS,M55,23939,206,763725D
-------------------------------------------------------[2024-09-03 20:45:55.860]

SOURCE: AIR
RX_ID: 990, Freq: 131.525MHz
Mode: T NACKLabel: 2F Block ID: 2, Msg No: M08A
Flight ID: AF7314 REG: F-GMZD


Message content:-
2046+4360+628/2047
-------------------------------------------------------[2024-09-03 20:46:35.357]

SOURCE: AIR
RX_ID: 991, Freq: 131.725MHz
Mode: G NACKLabel: B9 Block ID: 1, Msg No: M07A
Flight ID: WG2049 REG: C-GFEH


Message content:-
/LKPR.TI2/040LKPRA9B44
-------------------------------------------------------[2024-09-03 21:19:02.226]

SOURCE: AIR
RX_ID: 992, Freq: 131.725MHz
Mode: E NACKLabel: H1 Block ID: 5, Msg No: F20A
Flight ID: WG2049 REG: C-GFEH


Message content:-
#M1BREQPWI/WQ400:NOSTA.NOPMU.MALUG.NEMAL.MEDEL/DQ400/SPCF0C
-------------------------------------------------------[2024-09-03 21:24:51.231]

