SOURCE: AIR
RX_ID: 109, Freq: 131.825MHz
Mode: 2 NACKLabel: B6 Block ID: 2, Msg No: F93A
Flight ID: BA2066 REG: G-VIIR


Message content:-
/ACCFAYA.ADS.G-VIIR071F26081AEA09C429591D0C0815F2C36DA00E7E08E100000F7BC9A40000425F
-------------------------------------------------------[2024-02-12 03:44:07.992]

SOURCE: AIR
RX_ID: 110, Freq: 131.725MHz
Mode: X NACKLabel: Q0 Block ID: 9, Msg No: S32A
Flight ID: AF0931 REG: F-GZCJ


Message content:-

-------------------------------------------------------[2024-02-12 03:59:08.709]

SOURCE: AIR
RX_ID: 111, Freq: 131.825MHz
Mode: 2 ACK, A2GLabel: _d Block ID: 5, Msg No: M18A
Flight ID: XA0000 REG: 5NFZE


Message content:-

-------------------------------------------------------[2024-02-12 04:33:06.686]

SOURCE: AIR
RX_ID: 112, Freq: 131.825MHz
Mode: 2 NACKLabel: 44 Block ID: 6, Msg No: M19A
Flight ID: XA0000 REG: 5NFZE


Message content:-
POS02,N43493 E005017,166,LFML,LFPB,0212,0433,0529,010.7
-------------------------------------------------------[2024-02-12 04:33:19.779]

SOURCE: AIR
RX_ID: 113, Freq: 131.725MHz
Mode: G NACKLabel: 2T Block ID: 3, Msg No: M12A
Flight ID: AF7343 REG: F-GMZC


Message content:-
4
-------------------------------------------------------[2024-02-12 05:18:57.551]

SOURCE: AIR
RX_ID: 114, Freq: 131.725MHz
Mode: G ACK, A2GLabel: _d Block ID: 5, Msg No: S28A
Flight ID: AF7343 REG: F-GMZC


Message content:-

-------------------------------------------------------[2024-02-12 05:19:10.242]

SOURCE: AIR
RX_ID: 115, Freq: 131.725MHz
Mode: G NACKLabel: SA Block ID: 4, Msg No: S95A
Flight ID: SS0985 REG: F-HJAZ


Message content:-
0LH063226VS
-------------------------------------------------------[2024-02-12 06:32:27.925]

SOURCE: AIR
RX_ID: 116, Freq: 131.725MHz
Mode: G NACKLabel: B9 Block ID: 5, Msg No: J90A
Flight ID: SS0985 REG: F-HJAZ


Message content:-
/LFPO.TI2/000LFPOA162B
-------------------------------------------------------[2024-02-12 06:32:48.806]

SOURCE: AIR
RX_ID: 117, Freq: 131.725MHz
Mode: G ACK, A2GLabel: _d Block ID: 6, Msg No: S96A
Flight ID: SS0985 REG: F-HJAZ


Message content:-

-------------------------------------------------------[2024-02-12 06:32:53.708]

SOURCE: AIR
RX_ID: 118, Freq: 131.725MHz
Mode: G ACK, A2GLabel: _d Block ID: 7, Msg No: S97A
Flight ID: SS0985 REG: F-HJAZ


Message content:-

-------------------------------------------------------[2024-02-12 06:32:57.399]

SOURCE: AIR
RX_ID: 119, Freq: 131.825MHz
Mode: 2 NACKLabel: H1 Block ID: 5, Msg No: O78A
Flight ID: EK0255 REG: A6-EWF


Message content:-
#10BSB0122BA_A6-EWF  OMDBLEBL700
 43361 0056610654 33003-55028803709020;014021
-------------------------------------------------------[2024-02-12 06:54:42.822]

SOURCE: AIR
RX_ID: 120, Freq: 131.825MHz
Mode: 2 NACKLabel: 3G Block ID: 6, Msg No: M86A
Flight ID: EK0255 REG: A6-EWF


Message content:-
MTG01UAE255    /11120657OMDBLEBL
XFLASH  
TO:ENGINEERING
GPS L NOT RECOVERED 
REQ MMR L RESET CB

-------------------------------------------------------[2024-02-12 06:57:21.724]

SOURCE: AIR
RX_ID: 121, Freq: 131.525MHz
Mode: T ACK, A2GLabel: _d Block ID: 1, Msg No: S25A
Flight ID: AF7300 REG: F-GRHF


Message content:-

-------------------------------------------------------[2024-02-12 07:51:31.492]

SOURCE: AIR
RX_ID: 122, Freq: 131.525MHz
Mode: T NACKLabel: 2F Block ID: 3, Msg No: M15A
Flight ID: AF7300 REG: F-GRHF


Message content:-
0753+4437+524/3138
-------------------------------------------------------[2024-02-12 07:53:02.410]

SOURCE: AIR
RX_ID: 123, Freq: 131.525MHz
Mode: T NACKLabel: 26 Block ID: 4, Msg No: M16A
Flight ID: AF7300 REG: F-GRHF


Message content:-
0800LFPGAF7300/120815LFMN04R
-------------------------------------------------------[2024-02-12 08:00:03.276]

SOURCE: AIR
RX_ID: 124, Freq: 131.725MHz
Mode: X ACK, A2GLabel: _d Block ID: 0, Msg No: S68A
Flight ID: TK05NC REG: TC-LOH


Message content:-

-------------------------------------------------------[2024-02-12 08:44:51.898]

SOURCE: AIR
RX_ID: 125, Freq: 131.725MHz
Mode: X ACK, A2GLabel: _d Block ID: 1, Msg No: S69A
Flight ID: TK05NC REG: TC-LOH


Message content:-

-------------------------------------------------------[2024-02-12 08:44:55.811]

SOURCE: AIR
RX_ID: 126, Freq: 131.825MHz
Mode: 2 NACKLabel: 44 Block ID: 9, Msg No: M18A
Flight ID: GS0000 REG: DANCE


Message content:-
08,suL}Zq``LLK=LLveYKZ}KLZPuyyZ7qxxZLeYeZLc`cZYveaZLYK[c
-------------------------------------------------------[2024-02-12 08:48:33.924]

SOURCE: AIR
RX_ID: 127, Freq: 131.825MHz
Mode: 2 NACKLabel: 44 Block ID: 0, Msg No: M19A
Flight ID: GS0000 REG: DANCE


Message content:-
05JO4jd)]ud9`xXjjCjjB)d`j)}4hh)Q]//)j9x9)jeCd)xC9o)jx`7C
-------------------------------------------------------[2024-02-12 08:53:34.979]

SOURCE: AIR
RX_ID: 128, Freq: 131.725MHz
Mode: X NACKLabel: Q0 Block ID: 0, Msg No: S10A
Flight ID: UV0001 REG: MAZIA


Message content:-

-------------------------------------------------------[2024-02-12 09:01:58.565]

SOURCE: AIR
RX_ID: 129, Freq: 131.725MHz
Mode: X NACKLabel: SA Block ID: 1, Msg No: S11A
Flight ID: UV0001 REG: MAZIA


Message content:-
0EV090159V
-------------------------------------------------------[2024-02-12 09:02:01.858]

SOURCE: AIR
RX_ID: 130, Freq: 131.725MHz
Mode: X NACKLabel: SA Block ID: 1, Msg No: S11A
Flight ID: UV0001 REG: MAZIA


Message content:-
0EV090159V
-------------------------------------------------------[2024-02-12 09:02:09.026]

SOURCE: AIR
RX_ID: 131, Freq: 131.725MHz
Mode: X NACKLabel: SA Block ID: 1, Msg No: S11A
Flight ID: UV0001 REG: MAZIA


Message content:-
0EV090159V
-------------------------------------------------------[2024-02-12 09:02:18.022]

SOURCE: AIR
RX_ID: 132, Freq: 131.725MHz
Mode: G NACKLabel: SA Block ID: 2, Msg No: S11A
Flight ID: UV0001 REG: MAZIA


Message content:-
0EV090159V
-------------------------------------------------------[2024-02-12 09:02:48.964]

SOURCE: AIR
RX_ID: 133, Freq: 131.725MHz
Mode: G NACKLabel: SA Block ID: 2, Msg No: S11A
Flight ID: UV0001 REG: MAZIA


Message content:-
0EV090159V
-------------------------------------------------------[2024-02-12 09:02:59.607]

SOURCE: AIR
RX_ID: 134, Freq: 131.725MHz
Mode: G NACKLabel: SA Block ID: 2, Msg No: S11A
Flight ID: UV0001 REG: MAZIA


Message content:-
0EV090159V
-------------------------------------------------------[2024-02-12 09:03:08.603]

SOURCE: AIR
RX_ID: 135, Freq: 131.725MHz
Mode: X NACKLabel: SA Block ID: 4, Msg No: S13A
Flight ID: UV0001 REG: MAZIA


Message content:-
0EV090540V
-------------------------------------------------------[2024-02-12 09:05:43.225]

SOURCE: AIR
RX_ID: 136, Freq: 131.725MHz
Mode: X NACKLabel: SA Block ID: 4, Msg No: S13A
Flight ID: UV0001 REG: MAZIA


Message content:-
0EV090540V
-------------------------------------------------------[2024-02-12 09:05:53.281]

SOURCE: AIR
RX_ID: 137, Freq: 131.725MHz
Mode: X NACKLabel: SA Block ID: 4, Msg No: S13A
Flight ID: UV0001 REG: MAZIA


Message content:-
0EV090540V
-------------------------------------------------------[2024-02-12 09:06:10.690]

SOURCE: AIR
RX_ID: 138, Freq: 131.725MHz
Mode: G NACKLabel: SA Block ID: 5, Msg No: S13A
Flight ID: UV0001 REG: MAZIA


Message content:-
0EV090540V
-------------------------------------------------------[2024-02-12 09:06:17.242]

SOURCE: AIR
RX_ID: 139, Freq: 131.725MHz
Mode: G NACKLabel: Q0 Block ID: 6, Msg No: S14A
Flight ID: UV0001 REG: MAZIA


Message content:-

-------------------------------------------------------[2024-02-12 09:09:49.206]

SOURCE: AIR
RX_ID: 140, Freq: 131.725MHz
Mode: G NACKLabel: SA Block ID: 7, Msg No: S15A
Flight ID: UV0001 REG: MAZIA


Message content:-
0EV090950V
-------------------------------------------------------[2024-02-12 09:10:02.917]

SOURCE: AIR
RX_ID: 141, Freq: 131.725MHz
Mode: G NACKLabel: SA Block ID: 7, Msg No: S15A
Flight ID: UV0001 REG: MAZIA


Message content:-
0EV090950V
-------------------------------------------------------[2024-02-12 09:10:10.305]

SOURCE: AIR
RX_ID: 142, Freq: 131.725MHz
Mode: G NACKLabel: SA Block ID: 7, Msg No: S15A
Flight ID: UV0001 REG: MAZIA


Message content:-
0EV090950V
-------------------------------------------------------[2024-02-12 09:10:18.899]

SOURCE: AIR
RX_ID: 143, Freq: 131.725MHz
Mode: X NACKLabel: SA Block ID: 8, Msg No: S15A
Flight ID: UV0001 REG: MAZIA


Message content:-
0EV090950V
-------------------------------------------------------[2024-02-12 09:10:25.446]

SOURCE: AIR
RX_ID: 144, Freq: 131.725MHz
Mode: X NACKLabel: SA Block ID: 8, Msg No: S15A
Flight ID: UV0001 REG: MAZIA


Message content:-
0EV090950V
-------------------------------------------------------[2024-02-12 09:10:35.468]

SOURCE: AIR
RX_ID: 145, Freq: 131.725MHz
Mode: X NACKLabel: SA Block ID: 8, Msg No: S15A
Flight ID: UV0001 REG: MAZIA


Message content:-
0EV090950V
-------------------------------------------------------[2024-02-12 09:10:47.754]

SOURCE: AIR
RX_ID: 146, Freq: 131.725MHz
Mode: X NACKLabel: SA Block ID: 8, Msg No: S15A
Flight ID: UV0001 REG: MAZIA


Message content:-
0EV090950V
-------------------------------------------------------[2024-02-12 09:10:55.946]

SOURCE: AIR
RX_ID: 147, Freq: 131.725MHz
Mode: 2 NACKLabel: Q0 Block ID: 1, Msg No: S27A
Flight ID: AH1036 REG: 7T-VJP


Message content:-

-------------------------------------------------------[2024-02-12 09:26:14.474]

SOURCE: AIR
RX_ID: 148, Freq: 131.725MHz
Mode: G NACKLabel: B9 Block ID: 2, Msg No: L03A
Flight ID: AH1036 REG: 7T-VJP


Message content:-
/LFLL.TI2/024LFLLA1338
-------------------------------------------------------[2024-02-12 09:26:19.011]

SOURCE: AIR
RX_ID: 149, Freq: 131.725MHz
Mode: G NACKLabel: B9 Block ID: 3, Msg No: L04A
Flight ID: AH1036 REG: 7T-VJP


Message content:-
/LFLL.TI2/024LFLLA1338
-------------------------------------------------------[2024-02-12 09:26:23.690]

SOURCE: AIR
RX_ID: 150, Freq: 131.725MHz
Mode: G ACK, A2GLabel: SA Block ID: 4, Msg No: M10A
Flight ID: AH1036 REG: 7T-VJP


Message content:-
0EV092617V
-------------------------------------------------------[2024-02-12 09:26:33.934]

SOURCE: AIR
RX_ID: 151, Freq: 131.725MHz
Mode: G ACK, A2GLabel: _d Block ID: 5, Msg No: S28A
Flight ID: AH1036 REG: 7T-VJP


Message content:-

-------------------------------------------------------[2024-02-12 09:26:38.027]

SOURCE: AIR
RX_ID: 152, Freq: 131.725MHz
Mode: G ACK, A2GLabel: _d Block ID: 6, Msg No: S29A
Flight ID: AH1036 REG: 7T-VJP


Message content:-

-------------------------------------------------------[2024-02-12 09:26:42.122]

SOURCE: AIR
RX_ID: 153, Freq: 131.725MHz
Mode: G ACK, A2GLabel: _d Block ID: 7, Msg No: S30A
Flight ID: AH1036 REG: 7T-VJP


Message content:-

-------------------------------------------------------[2024-02-12 09:26:46.218]

SOURCE: AIR
RX_ID: 154, Freq: 131.725MHz
Mode: 2 NACKLabel: 5V Block ID: 8, Msg No: S31A
Flight ID: AH1036 REG: 7T-VJP


Message content:-

-------------------------------------------------------[2024-02-12 09:27:09.371]

SOURCE: AIR
RX_ID: 155, Freq: 131.725MHz
Mode: E NACKLabel: Q0 Block ID: 7, Msg No: S28A
Flight ID: AH2062 REG: 7T-VJR


Message content:-

-------------------------------------------------------[2024-02-12 10:42:04.115]

SOURCE: AIR
RX_ID: 156, Freq: 131.725MHz
Mode: E NACKLabel: SA Block ID: 8, Msg No: M23A
Flight ID: AH2062 REG: 7T-VJR


Message content:-
0EV104205VS
-------------------------------------------------------[2024-02-12 10:42:08.208]

SOURCE: AIR
RX_ID: 157, Freq: 131.725MHz
Mode: E NACKLabel: 5V Block ID: 9, Msg No: S29A
Flight ID: AH2062 REG: 7T-VJR


Message content:-

-------------------------------------------------------[2024-02-12 10:42:28.506]

SOURCE: AIR
RX_ID: 158, Freq: 131.725MHz
Mode: X NACKLabel: SA Block ID: 4, Msg No: M27A
Flight ID: AH2062 REG: 7T-VJR


Message content:-
0EV105131VS
-------------------------------------------------------[2024-02-12 10:51:32.430]

SOURCE: AIR
RX_ID: 159, Freq: 131.825MHz
Mode: 2 ACK, A2GLabel: _d Block ID: 3, Msg No: S28A
Flight ID: EK03MV REG: A6-EGP


Message content:-

-------------------------------------------------------[2024-02-12 11:00:47.036]

SOURCE: AIR
RX_ID: 160, Freq: 131.825MHz
Mode: 2 NACKLabel: B6 Block ID: 5, Msg No: F72A
Flight ID: EK03MV REG: A6-EGP


Message content:-
/DXBEGEK.ADS.A6-EGP071EA3D81EBB888B83609D036C
-------------------------------------------------------[2024-02-12 11:03:38.045]

SOURCE: AIR
RX_ID: 161, Freq: 131.825MHz
Mode: 2 NACKLabel: Q0 Block ID: 4, Msg No: S76A
Flight ID: FR95TA REG: 9H-QAM


Message content:-

-------------------------------------------------------[2024-02-12 13:48:02.639]

SOURCE: AIR
RX_ID: 162, Freq: 131.725MHz
Mode: 2 NACKLabel: Q0 Block ID: 4, Msg No: S45A
Flight ID: AH1214 REG: 7T-VJL


Message content:-

-------------------------------------------------------[2024-02-12 13:49:45.878]

SOURCE: AIR
RX_ID: 163, Freq: 131.725MHz
Mode: 2 NACKLabel: SA Block ID: 5, Msg No: M33A
Flight ID: AH1214 REG: 7T-VJL


Message content:-
0EV134948VS
-------------------------------------------------------[2024-02-12 13:49:50.159]

SOURCE: AIR
RX_ID: 164, Freq: 131.725MHz
Mode: X NACKLabel: Q0 Block ID: 6, Msg No: S46A
Flight ID: AH1214 REG: 7T-VJL


Message content:-

-------------------------------------------------------[2024-02-12 13:50:00.399]

SOURCE: AIR
RX_ID: 165, Freq: 131.725MHz
Mode: X NACKLabel: 5V Block ID: 7, Msg No: S47A
Flight ID: AH1214 REG: 7T-VJL


Message content:-

-------------------------------------------------------[2024-02-12 13:50:17.405]

SOURCE: AIR
RX_ID: 166, Freq: 131.825MHz
Mode: 2 NACKLabel: Q0 Block ID: 9, Msg No: S96A
Flight ID: AH2063 REG: 7T-VJR


Message content:-

-------------------------------------------------------[2024-02-12 14:37:39.010]

SOURCE: AIR
RX_ID: 167, Freq: 131.825MHz
Mode: 2 NACKLabel: SA Block ID: 0, Msg No: M80A
Flight ID: AH2063 REG: 7T-VJR


Message content:-
0EV143744VS
-------------------------------------------------------[2024-02-12 14:37:46.799]

SOURCE: AIR
RX_ID: 168, Freq: 131.825MHz
Mode: 2 NACKLabel: 5V Block ID: 1, Msg No: S97A
Flight ID: AH2063 REG: 7T-VJR


Message content:-

-------------------------------------------------------[2024-02-12 14:38:11.996]

SOURCE: AIR
RX_ID: 169, Freq: 131.825MHz
Mode: 2 NACKLabel: Q0 Block ID: 2, Msg No: S98A
Flight ID: AH2063 REG: 7T-VJR


Message content:-

-------------------------------------------------------[2024-02-12 14:42:24.083]

SOURCE: AIR
RX_ID: 170, Freq: 131.825MHz
Mode: 2 ACK, A2GLabel: _d Block ID: 3, Msg No: S99A
Flight ID: AH2063 REG: 7T-VJR


Message content:-

-------------------------------------------------------[2024-02-12 14:42:26.570]

SOURCE: AIR
RX_ID: 171, Freq: 131.825MHz
Mode: 2 NACKLabel: SA Block ID: 4, Msg No: M82A
Flight ID: AH2063 REG: 7T-VJR


Message content:-
0EV144226VS
-------------------------------------------------------[2024-02-12 14:42:27.998]

SOURCE: AIR
RX_ID: 172, Freq: 131.825MHz
Mode: 2 ACK, A2GLabel: _d Block ID: 5, Msg No: S01A
Flight ID: AH2063 REG: 7T-VJR


Message content:-

-------------------------------------------------------[2024-02-12 14:42:33.116]

SOURCE: AIR
RX_ID: 173, Freq: 131.825MHz
Mode: 2 ACK, A2GLabel: _d Block ID: 6, Msg No: S02A
Flight ID: AH2063 REG: 7T-VJR


Message content:-

-------------------------------------------------------[2024-02-12 14:42:39.884]

SOURCE: AIR
RX_ID: 174, Freq: 131.825MHz
Mode: 2 ACK, A2GLabel: _d Block ID: 7, Msg No: S03A
Flight ID: AH2063 REG: 7T-VJR


Message content:-

-------------------------------------------------------[2024-02-12 14:42:45.405]

SOURCE: AIR
RX_ID: 175, Freq: 131.825MHz
Mode: 2 NACKLabel: 5V Block ID: 8, Msg No: S04A
Flight ID: AH2063 REG: 7T-VJR


Message content:-

-------------------------------------------------------[2024-02-12 14:42:55.425]

SOURCE: AIR
RX_ID: 176, Freq: 131.725MHz
Mode: G NACKLabel: Q0 Block ID: 0, Msg No: S18A
Flight ID: CC4100 REG: TF-AMM


Message content:-

-------------------------------------------------------[2024-02-12 17:05:55.125]

SOURCE: AIR
RX_ID: 177, Freq: 131.825MHz
Mode: 2 ACK, A2GLabel: _d Block ID: 2, Msg No: S51A
Flight ID: EK005M REG: A6-EBR


Message content:-

-------------------------------------------------------[2024-02-12 17:47:39.021]

SOURCE: AIR
RX_ID: 178, Freq: 131.725MHz
Mode: 2 NACKLabel: Q0 Block ID: 2, Msg No: S24A
Flight ID: AH1230 REG: 7T-VKD


Message content:-

-------------------------------------------------------[2024-02-12 18:57:16.949]

SOURCE: AIR
RX_ID: 179, Freq: 131.725MHz
Mode: 2 NACKLabel: B9 Block ID: 3, Msg No: L01A
Flight ID: AH1230 REG: 7T-VKD


Message content:-
/LFPG.TI2/024LFPGAF9C0
-------------------------------------------------------[2024-02-12 18:57:21.447]

SOURCE: AIR
RX_ID: 180, Freq: 131.725MHz
Mode: 2 NACKLabel: SA Block ID: 4, Msg No: M07A
Flight ID: AH1230 REG: 7T-VKD


Message content:-
0EV185720V
-------------------------------------------------------[2024-02-12 18:57:25.726]

SOURCE: AIR
RX_ID: 181, Freq: 131.725MHz
Mode: 2 ACK, A2GLabel: SA Block ID: 4, Msg No: M07A
Flight ID: AH1230 REG: 7T-VKD


Message content:-
0EV185720V
-------------------------------------------------------[2024-02-12 18:57:36.185]

SOURCE: AIR
RX_ID: 182, Freq: 131.725MHz
Mode: 2 ACK, A2GLabel: _d Block ID: 5, Msg No: S25A
Flight ID: AH1230 REG: 7T-VKD


Message content:-

-------------------------------------------------------[2024-02-12 18:57:40.903]

SOURCE: AIR
RX_ID: 183, Freq: 131.725MHz
Mode: 2 ACK, A2GLabel: _d Block ID: 6, Msg No: S26A
Flight ID: AH1230 REG: 7T-VKD


Message content:-

-------------------------------------------------------[2024-02-12 18:57:44.597]

SOURCE: AIR
RX_ID: 184, Freq: 131.725MHz
Mode: X NACKLabel: Q0 Block ID: 7, Msg No: S27A
Flight ID: AH1230 REG: 7T-VKD


Message content:-

-------------------------------------------------------[2024-02-12 18:57:55.423]

SOURCE: AIR
RX_ID: 185, Freq: 131.725MHz
Mode: X NACKLabel: 5V Block ID: 8, Msg No: S28A
Flight ID: AH1230 REG: 7T-VKD


Message content:-

-------------------------------------------------------[2024-02-12 18:58:09.174]

SOURCE: AIR
RX_ID: 186, Freq: 131.825MHz
Mode: 2 NACKLabel: Q0 Block ID: 3, Msg No: S29A
Flight ID: QY8031 REG: D-ALEV


Message content:-

-------------------------------------------------------[2024-02-12 21:34:28.384]

SOURCE: AIR
RX_ID: 187, Freq: 131.825MHz
Mode: 2 ACK, A2GLabel: _d Block ID: 4, Msg No: S30A
Flight ID: QY8031 REG: D-ALEV


Message content:-

-------------------------------------------------------[2024-02-12 21:34:34.712]

SOURCE: AIR
RX_ID: 188, Freq: 131.825MHz
Mode: 2 NACKLabel: H1 Block ID: 5, Msg No: F05A
Flight ID: QY8031 REG: D-ALEV


Message content:-
#M1BPOSN43457E006025,,213435,380,IRMAR,214443,KINES,M52,31776,177,77613BE
-------------------------------------------------------[2024-02-12 21:34:37.604]

SOURCE: AIR
RX_ID: 189, Freq: 131.525MHz
Mode: T NACKLabel: 26 Block ID: 9, Msg No: M71A
Flight ID: AF7342 REG: F-GMZD


Message content:-
2135LFPGAF7342/122150LFML31R
-------------------------------------------------------[2024-02-12 21:35:26.934]

SOURCE: AIR
RX_ID: 190, Freq: 131.525MHz
Mode: 2 NACKLabel: 26 Block ID: 9, Msg No: M71A
Flight ID: AF7342 REG: F-GMZD


Message content:-
2135LFPGAF7342/122150LFML31R
-------------------------------------------------------[2024-02-12 21:35:58.098]

SOURCE: AIR
RX_ID: 191, Freq: 131.725MHz
Mode: G NACKLabel: Q0 Block ID: 0, Msg No: S12A
Flight ID: AF7342 REG: F-GMZD


Message content:-

-------------------------------------------------------[2024-02-12 21:37:28.793]

SOURCE: AIR
RX_ID: 192, Freq: 131.725MHz
Mode: G NACKLabel: H1 Block ID: 1, Msg No: D28A
Flight ID: AF7342 REG: F-GMZD


Message content:-
#DFBA01/A32101,1,1/CCF-GMZD,FEB12,211655,LFPG,LFML,0094/C106,11239,5000,62,0010,0,0100,53,X/CEN312,32956,260,737,7144,200,C51020/EC577521,00054,01342,00060,73,18/EE697634,00054,06475,00060,73/N10834,0834,0918,5
-------------------------------------------------------[2024-02-12 21:39:32.914]

SOURCE: AIR
RX_ID: 193, Freq: 131.725MHz
Mode: G NACKLabel: H1 Block ID: 2, Msg No: D28B
Flight ID: AF7342 REG: F-GMZD


Message content:-
#DFB865,1316,XXXXX/N20834,0834,0915,5945,1311,XXXXX/S1XXXXX,0551,1357,4066,XXXX,019,N00/S2XXXXX,0543,1347,4016,XXXX,023,N00/T1099,099,028,41,077,05532,0039/T2099,099,020,39,072,05533,0104/V108,05,096,176,00,00,
-------------------------------------------------------[2024-02-12 21:39:37.009]

SOURCE: AIR
RX_ID: 194, Freq: 131.725MHz
Mode: G NACKLabel: H1 Block ID: 4, Msg No: D29A
Flight ID: AF7342 REG: F-GMZD


Message content:-
#DFBA02/A32102,1,1/CCF-GMZD,FEB12,211513,LFPG,LFML,0094/C106,11301,5000,62,0010,0,0100,53,X/CEN316,32998,264,747,7155,200,C51020/CNN320,33023,264,748,7154,200/EC577521,00054,01342,00060,73,54,43/EE697634,00054,
-------------------------------------------------------[2024-02-12 21:40:10.179]

SOURCE: AIR
RX_ID: 195, Freq: 131.725MHz
Mode: G NACKLabel: H1 Block ID: 5, Msg No: D29B
Flight ID: AF7342 REG: F-GMZD


Message content:-
#DFB06475,00060,73/N10835,0835,0918,5900,1329,XXXXX/N20836,0836,0915,5980,1325,XXXXX/S1XXXXX,0551,1368,4076,XXXX,019,N00/S2XXXXX,0542,1360,4027,XXXX,022,N00/T1099,098,028,41,079,05541,0039/T2099,099,020,39,074,
-------------------------------------------------------[2024-02-12 21:40:14.683]

SOURCE: AIR
RX_ID: 196, Freq: 131.725MHz
Mode: G NACKLabel: Q0 Block ID: 3, Msg No: S16A
Flight ID: IB0421 REG: EC-FTR


Message content:-

-------------------------------------------------------[2024-02-12 23:13:03.012]

