SOURCE: AIR
RX_ID: 0, Freq: 131.725MHz
Mode: 2 NACKLabel: 5V Block ID: 6, Msg No: S35A
Flight ID: AH1155 REG: 7T-VKF


Message content:-

-------------------------------------------------------[2024-01-30 11:21:00.171]

SOURCE: AIR
RX_ID: 1, Freq: 131.725MHz
Mode: G NACKLabel: 5V Block ID: 7, Msg No: S37A
Flight ID: AH1155 REG: 7T-VKF


Message content:-

-------------------------------------------------------[2024-01-30 11:21:05.515]

SOURCE: AIR
RX_ID: 2, Freq: 131.825MHz
Mode: 2 NACKLabel: 83 Block ID: 8, Msg No: M05A
Flight ID: GS0001 REG: DCSMC


Message content:-
001PR30112343N4426.2E00620.4316373    
-------------------------------------------------------[2024-01-30 11:23:45.437]

SOURCE: AIR
RX_ID: 3, Freq: 131.725MHz
Mode: E NACKLabel: Q0 Block ID: 8, Msg No: S47A
Flight ID: AH1155 REG: 7T-VKF


Message content:-

-------------------------------------------------------[2024-01-30 11:25:16.172]

SOURCE: AIR
RX_ID: 4, Freq: 131.725MHz
Mode: E NACKLabel: SA Block ID: 9, Msg No: M35A
Flight ID: AH1155 REG: 7T-VKF


Message content:-
0EV112518VS
-------------------------------------------------------[2024-01-30 11:25:19.467]

SOURCE: AIR
RX_ID: 5, Freq: 131.725MHz
Mode: E ACK, A2GLabel: SA Block ID: 9, Msg No: M35A
Flight ID: AH1155 REG: 7T-VKF


Message content:-
0EV112518VS
-------------------------------------------------------[2024-01-30 11:25:21.511]

SOURCE: AIR
RX_ID: 6, Freq: 131.725MHz
Mode: E NACKLabel: 5V Block ID: 0, Msg No: S48A
Flight ID: AH1155 REG: 7T-VKF


Message content:-

-------------------------------------------------------[2024-01-30 11:25:54.280]

SOURCE: AIR
RX_ID: 7, Freq: 131.725MHz
Mode: G NACKLabel: H1 Block ID: 7, Msg No: D42A
Flight ID: KL0119 REG: PH-BVI


Message content:-
#DFB(POS-KLM119  -4332N00523E/114716 F290
RMK/FUEL  97.1 M0.84)
-------------------------------------------------------[2024-01-30 11:47:19.584]

SOURCE: AIR
RX_ID: 8, Freq: 131.725MHz
Mode: 2 NACKLabel: Q0 Block ID: 3, Msg No: S97A
Flight ID: AH2054 REG: 7T-VKI


Message content:-

-------------------------------------------------------[2024-01-30 12:32:46.490]

SOURCE: AIR
RX_ID: 9, Freq: 131.725MHz
Mode: 2 NACKLabel: SA Block ID: 4, Msg No: M12A
Flight ID: AH2054 REG: 7T-VKI


Message content:-
0EV123249V
-------------------------------------------------------[2024-01-30 12:32:50.185]

SOURCE: AIR
RX_ID: 10, Freq: 131.725MHz
Mode: 2 NACKLabel: H1 Block ID: 5, Msg No: D35A
Flight ID: AH2054 REG: 7T-VKI


Message content:-
#DFBAPM000??????0000000037??????DAAGEGLLXXXX24122859,,,781,,,2587,,,-3550,,,36003,,,142760,,,2591,2697,,,08632,08634,,,000,4500,,,0,0,,0,0,,0,0,0,0,0,0,,,+432654,,,,,,-0001,,,+031,,,+0000,,,+00187,-0009,,,,,,20
-------------------------------------------------------[2024-01-30 12:32:55.524]

SOURCE: AIR
RX_ID: 11, Freq: 131.725MHz
Mode: 2 NACKLabel: H1 Block ID: 6, Msg No: D35B
Flight ID: AH2054 REG: 7T-VKI


Message content:-
#DFB160,,,,,,,,,,,,XXX,,,,,XXXXXX,,,,,,,,,XXXXX,,,,,,,,00864407,00892507,,,,,,,,,,0897,0903,,,,,,,6200,6230,,,,,,,-613,,,-002,,,+000,,,+028,,,+054,+06,+07,+019,+007,,,-004,,+024,+022,,,+10,+09,,,+000,,,EEEE,,,+
-------------------------------------------------------[2024-01-30 12:32:59.621]

SOURCE: AIR
RX_ID: 12, Freq: 131.725MHz
Mode: 2 NACKLabel: H1 Block ID: 7, Msg No: D35C
Flight ID: AH2054 REG: 7T-VKI


Message content:-
#DFB102,,,-00498,,,

-------------------------------------------------------[2024-01-30 12:33:02.874]

SOURCE: AIR
RX_ID: 13, Freq: 131.725MHz
Mode: 2 NACKLabel: 5V Block ID: 8, Msg No: S98A
Flight ID: AH2054 REG: 7T-VKI


Message content:-

-------------------------------------------------------[2024-01-30 12:33:16.002]

SOURCE: AIR
RX_ID: 14, Freq: 131.725MHz
Mode: 2 NACKLabel: SA Block ID: 1, Msg No: M13A
Flight ID: AH2054 REG: 7T-VKI


Message content:-
0EV123728V
-------------------------------------------------------[2024-01-30 12:37:34.045]

SOURCE: AIR
RX_ID: 15, Freq: 131.725MHz
Mode: 2 NACKLabel: Q0 Block ID: 5, Msg No: S04A
Flight ID: AH2054 REG: 7T-VKI


Message content:-

-------------------------------------------------------[2024-01-30 12:42:07.852]

SOURCE: AIR
RX_ID: 16, Freq: 131.725MHz
Mode: G ACK, A2GLabel: _d Block ID: 8, Msg No: S05A
Flight ID: AH2054 REG: 7T-VKI


Message content:-

-------------------------------------------------------[2024-01-30 12:42:19.921]

SOURCE: AIR
RX_ID: 17, Freq: 131.825MHz
Mode: 2 NACKLabel: 15 Block ID: 3, Msg No: M27A
Flight ID: BA0082 REG: G-VIIG


Message content:-
FST01DNAAEGLLN435747E0049699400 109 305 M61C 2827434735246711600014251304
-------------------------------------------------------[2024-01-30 13:04:25.187]

SOURCE: AIR
RX_ID: 18, Freq: 131.525MHz
Mode: T NACKLabel: Q0 Block ID: 6, Msg No: S35A
Flight ID: AF7306 REG: F-GMZC


Message content:-

-------------------------------------------------------[2024-01-30 13:42:24.776]

SOURCE: AIR
RX_ID: 19, Freq: 131.525MHz
Mode: T ACK, A2GLabel: _d Block ID: 8, Msg No: S36A
Flight ID: AF7306 REG: F-GMZC


Message content:-

-------------------------------------------------------[2024-01-30 13:44:25.610]

SOURCE: AIR
RX_ID: 20, Freq: 131.725MHz
Mode: X NACKLabel: 5V Block ID: 5, Msg No: S82A
Flight ID: W67434 REG: HA-LVO


Message content:-

-------------------------------------------------------[2024-01-30 14:43:45.882]

SOURCE: AIR
RX_ID: 21, Freq: 131.725MHz
Mode: G NACKLabel: Q0 Block ID: 2, Msg No: S29A
Flight ID: GR0000 REG: OKPHE


Message content:-

-------------------------------------------------------[2024-01-30 15:29:54.777]

SOURCE: AIR
RX_ID: 22, Freq: 131.725MHz
Mode: G NACKLabel: SA Block ID: 3, Msg No: S30A
Flight ID: GR0000 REG: OKPHE


Message content:-
0EV152756V/
-------------------------------------------------------[2024-01-30 15:29:57.667]

SOURCE: AIR
RX_ID: 23, Freq: 131.725MHz
Mode: G NACKLabel: SA Block ID: 3, Msg No: S30A
Flight ID: GR0000 REG: OKPHE


Message content:-
0EV152756V/
-------------------------------------------------------[2024-01-30 15:30:09.516]

SOURCE: AIR
RX_ID: 24, Freq: 131.725MHz
Mode: X NACKLabel: SA Block ID: 4, Msg No: S30A
Flight ID: GR0000 REG: OKPHE


Message content:-
0EV152756V/
-------------------------------------------------------[2024-01-30 15:30:29.597]

SOURCE: AIR
RX_ID: 25, Freq: 131.725MHz
Mode: X NACKLabel: 5V Block ID: 6, Msg No: S48A
Flight ID: AH1461 REG: 7T-VKF


Message content:-

-------------------------------------------------------[2024-01-30 16:40:11.206]

SOURCE: AIR
RX_ID: 26, Freq: 131.725MHz
Mode: 2 NACKLabel: Q0 Block ID: 7, Msg No: S50A
Flight ID: AH1461 REG: 7T-VKF


Message content:-

-------------------------------------------------------[2024-01-30 16:44:22.087]

SOURCE: AIR
RX_ID: 27, Freq: 131.725MHz
Mode: 2 ACK, A2GLabel: _d Block ID: 9, Msg No: S51A
Flight ID: AH1461 REG: 7T-VKF


Message content:-

-------------------------------------------------------[2024-01-30 16:44:34.375]

SOURCE: AIR
RX_ID: 28, Freq: 131.725MHz
Mode: G NACKLabel: Q0 Block ID: 7, Msg No: S01A
Flight ID: CC5310 REG: TF-WFF


Message content:-

-------------------------------------------------------[2024-01-30 18:37:25.873]

SOURCE: AIR
RX_ID: 29, Freq: 131.825MHz
Mode: 2 NACKLabel: Q0 Block ID: 9, Msg No: S18A
Flight ID: QY1683 REG: OE-LNJ


Message content:-

-------------------------------------------------------[2024-01-30 19:52:29.858]

SOURCE: AIR
RX_ID: 30, Freq: 131.825MHz
Mode: 2 ACK, A2GLabel: _d Block ID: 1, Msg No: S20A
Flight ID: QY1683 REG: OE-LNJ


Message content:-

-------------------------------------------------------[2024-01-30 19:54:11.418]

SOURCE: AIR
RX_ID: 31, Freq: 131.825MHz
Mode: 2 NACKLabel: 16 Block ID: 2, Msg No: M13A
Flight ID: FR80ST REG: EI-DLY


Message content:-
200606,,2055, 115,N   .    MMMM.MMM
-------------------------------------------------------[2024-01-30 20:06:08.034]

SOURCE: AIR
RX_ID: 32, Freq: 131.725MHz
Mode: E NACKLabel: 10 Block ID: 2, Msg No: M03A
Flight ID: IB8049 REG: EC-FTR


Message content:-
DIA01LEBLEBBR    IB5T100995OFF        CLOSEDRLS131725OK  N/A OK      OK  OK  OK  N/A OK  PAPER 
-------------------------------------------------------[2024-01-30 21:50:08.684]

SOURCE: AIR
RX_ID: 33, Freq: 131.725MHz
Mode: X NACKLabel: Q0 Block ID: 3, Msg No: S04A
Flight ID: IB8049 REG: EC-FTR


Message content:-

-------------------------------------------------------[2024-01-30 21:50:26.896]

SOURCE: AIR
RX_ID: 34, Freq: 131.725MHz
Mode: G NACKLabel: 44 Block ID: 3, Msg No: M02A
Flight ID: MP8321 REG: PH-MPS


Message content:-
(POS-MPH8321 -N43709E005849/231837 F310
RMK/FUEL  1177 M0.84)

-------------------------------------------------------[2024-01-30 23:18:46.741]

