SOURCE: AIR
RX_ID: 0, Freq: 131.725MHz
Mode: X NACKLabel: H1 Block ID: 8, Msg No: D04A
Flight ID: SN027A REG: OO-SFC


Message content:-
#DFB001274800101010734071
R01/A33001,1,1
C1,.OO-SFC,24JAN22,12.15.09,EBBR,DGAA,BEL27A    ,5000,726
C2,001,06.0,000000,D1333RR06C02BEL,000,052,052
C3,-34.5,36980,0.800,111,1.03,111,10,0,01,111,1.02,X
C4,-34
-------------------------------------------------------[2024-01-22 12:15:37.278]

SOURCE: AIR
RX_ID: 1, Freq: 131.725MHz
Mode: X NACKLabel: H1 Block ID: 9, Msg No: D04B
Flight ID: SN027A REG: OO-SFC


Message content:-
#DFB.7,36978,0.800,111
C5,041205,08164,04810,01673,00443,10016,00000,00402,06066,195
C6,041196,05374,33306,01111,00443,10016,00000,00402,1E066
N1,1.474,1.474,077.90,085.2,086.8,0617,07.129,02961,08.21
N2,1.
-------------------------------------------------------[2024-01-22 12:15:40.750]

SOURCE: AIR
RX_ID: 2, Freq: 131.725MHz
Mode: X NACKLabel: H1 Block ID: 0, Msg No: D04C
Flight ID: SN027A REG: OO-SFC


Message content:-
#DFB474,1.474,077.54,085.3,086.7,0611,07.083,02807,08.17
S1,04.79,-34.7,034.2,167.2,146.2,435.1,08.2,056.1,030.1,28,112
S2,04.79,-34.7,034.1,167.6,144.4,432.2,08.0,055.6,026.7,25,115
T1,083,100,102.2,-07.8,0
-------------------------------------------------------[2024-01-22 12:15:44.224]

SOURCE: AIR
RX_ID: 3, Freq: 131.725MHz
Mode: X NACKLabel: H1 Block ID: 1, Msg No: D04D
Flight ID: SN027A REG: OO-SFC


Message content:-
#DFB46.5,0.09,0.01,0.08,170,0.16,000.3
T2,086,103,097.9,-05.3,045.8,0.09,0.13,0.09,049,0.20,000.3
V1,0399,0340
V2,0403,0337
                            :

-------------------------------------------------------[2024-01-22 12:15:47.736]

SOURCE: AIR
RX_ID: 4, Freq: 131.725MHz
Mode: X NACKLabel: H1 Block ID: 2, Msg No: D05A
Flight ID: SN027A REG: OO-SFC


Message content:-
#DFB002274800101011031020
R02/A33002,1,1
C1,.OO-SFC,24JAN22,12.15.09,EBBR,DGAA,BEL27A    ,5000,348
C2,001,06.0,000000,D1333RR06C02BEL,000,052,052
C3,-34.5,36980,0.800,111,1.03,111,10,0,01,111,1.02,X
C4,-34
-------------------------------------------------------[2024-01-22 12:16:00.425]

SOURCE: AIR
RX_ID: 5, Freq: 131.725MHz
Mode: X NACKLabel: H1 Block ID: 3, Msg No: D05B
Flight ID: SN027A REG: OO-SFC


Message content:-
#DFB.7,36978,0.800,111
C5,041205,08164,04810,01673,00443,10016,00000,00402,06066,221
C6,041196,05374,33306,01111,00443,10016,00000,00402,1E066,195
N1,1.474,1.474,077.90,085.2,086.8,0617,07.129,02961,08.21
N
-------------------------------------------------------[2024-01-22 12:16:04.304]

SOURCE: AIR
RX_ID: 6, Freq: 131.725MHz
Mode: X NACKLabel: H1 Block ID: 4, Msg No: D05C
Flight ID: SN027A REG: OO-SFC


Message content:-
#DFB2,1.474,1.474,077.54,085.3,086.7,0611,07.083,02807,08.17
S1,04.79,-34.7,034.2,167.2,146.2,435.1,08.2,056.1,030.1,28,112
S2,04.79,-34.7,034.1,167.6,144.4,432.2,08.0,055.6,026.7,25,115
T1,083,100,102.2,-07
-------------------------------------------------------[2024-01-22 12:16:07.996]

SOURCE: AIR
RX_ID: 7, Freq: 131.725MHz
Mode: X NACKLabel: H1 Block ID: 6, Msg No: D05E
Flight ID: SN027A REG: OO-SFC


Message content:-
#DFB3.23
X3,-00.3,000.6,-02.9,-00.1,-00.0,002.8,-02043,193034,30.5
X4,000.0,-00.2,-00.1,-00.1,-00.1,-00.1,000.0,000.0,-179.5
X5,-00.1,-00.1,-00.1,-00.0,-00.1,-00.1,000.0,000.0,-179.3
X6,-00.5,000.5,035,-051
-------------------------------------------------------[2024-01-22 12:16:15.384]

SOURCE: AIR
RX_ID: 8, Freq: 131.725MHz
Mode: X NACKLabel: H1 Block ID: 7, Msg No: D05F
Flight ID: SN027A REG: OO-SFC


Message content:-
#DFB,0.814
X7,-00.2,000.4,036,-054,0.814:

-------------------------------------------------------[2024-01-22 12:16:18.454]

