SOURCE: AIR
RX_ID: 1203, Freq: 131.825MHz
Mode: 2 NACKLabel: B6 Block ID: 8, Msg No: F51A
Flight ID: BA2066 REG: G-YMMC


Message content:-
/ACCFAYA.ADS.G-YMMC141EB8681C30094736EE1D0D20E9B018F1094705A4217838175CC9470078A9
-------------------------------------------------------[2024-05-31 01:58:37.592]

SOURCE: AIR
RX_ID: 1204, Freq: 131.825MHz
Mode: 2 NACKLabel: B6 Block ID: 9, Msg No: F52A
Flight ID: BA2066 REG: G-YMMC


Message content:-
/ACCFAYA.ADS.G-YMMC071EF5781BD9894741261D0C0815F2C36DA00E7D60E83FF80F7AF9A5BFF8D5CD
-------------------------------------------------------[2024-05-31 02:01:15.508]

SOURCE: AIR
RX_ID: 1205, Freq: 131.725MHz
Mode: G NACKLabel: 2F Block ID: 8, Msg No: M56A
Flight ID: AF0995 REG: F-GZNU


Message content:-
0305+4332+521/36160
FAOR/LFPG/36007/ -01/ -47/0.81/228233/212212/31.0/MTL-29 /MRM-28 / -87/   69
-------------------------------------------------------[2024-05-31 03:05:35.428]

SOURCE: AIR
RX_ID: 1206, Freq: 131.725MHz
Mode: G NACKLabel: B6 Block ID: 9, Msg No: F10A
Flight ID: AF0995 REG: F-GZNU


Message content:-
/ACCFAYA.ADS.F-GZNU141ED8D81DA208C9C5AA9D0D1FB0A01D5848CA02122024601D2F88CA00510C
-------------------------------------------------------[2024-05-31 03:06:05.129]

SOURCE: AIR
RX_ID: 1207, Freq: 131.725MHz
Mode: G NACKLabel: B6 Block ID: 0, Msg No: F11A
Flight ID: AF0995 REG: F-GZNU


Message content:-
/ACCFAYA.ADS.F-GZNU071F1DE81D8A88CA086F9D0C0464B9E758200E7F60E840080F7CA199C008D613
-------------------------------------------------------[2024-05-31 03:09:02.274]

SOURCE: AIR
RX_ID: 1208, Freq: 131.725MHz
Mode: G NACKLabel: H1 Block ID: 1, Msg No: C02A
Flight ID: AF0995 REG: F-GZNU


Message content:-
#CFBRTE 1 31MAY24 0310 AFF-GZNU AFR995 FAOR/LFPG 311B-BCG-00W-19 L 1706 30MAY24
FDE 28412100 A 0308 31MAY24
MSG 2811081 A 0308 31MAY24 ER H
DB CMCF IN LEFT AIMS
EOR

-------------------------------------------------------[2024-05-31 03:10:33.192]

SOURCE: AIR
RX_ID: 1209, Freq: 131.725MHz
Mode: G NACKLabel: B6 Block ID: 2, Msg No: F12A
Flight ID: AF0995 REG: F-GZNU


Message content:-
/ACCFAYA.ADS.F-GZNU071F92F01D62C8CA0D0F9D0C0464B9E758200E7F60F03FFC0F7D59A57FFC923D
-------------------------------------------------------[2024-05-31 03:13:58.212]

SOURCE: AIR
RX_ID: 1210, Freq: 131.725MHz
Mode: G NACKLabel: B6 Block ID: 3, Msg No: F13A
Flight ID: AF0995 REG: F-GZNU


Message content:-
/ACCFAYA.ADS.F-GZNU141FB1701D5808CA0E3B9D0D2024601D2F88CA0119207A881D1088CA004FE6
-------------------------------------------------------[2024-05-31 03:15:13.148]

SOURCE: AIR
RX_ID: 1211, Freq: 131.725MHz
Mode: G NACKLabel: 2F Block ID: 6, Msg No: M91A
Flight ID: AF0977 REG: F-GZCA


Message content:-
0319+4321+480/40107
FOOL/LFPG/39998//-51/0.79/148698/137977//BULOL  //-74/051
-------------------------------------------------------[2024-05-31 03:19:52.922]

SOURCE: AIR
RX_ID: 1212, Freq: 131.725MHz
Mode: G NACKLabel: B9 Block ID: 7, Msg No: J83A
Flight ID: AF0977 REG: F-GZCA


Message content:-
/LFPG.TI2/000LFPGA9F82
-------------------------------------------------------[2024-05-31 03:22:15.888]

SOURCE: AIR
RX_ID: 1213, Freq: 131.825MHz
Mode: 2 NACKLabel: H1 Block ID: 3, Msg No: F19A
Flight ID: QY1956 REG: OE-LND


Message content:-
#M1BPOSN44284E004429,,032354,261,ELRUN,032710,SAURG,M35,27961,252,BF10
-------------------------------------------------------[2024-05-31 03:23:57.446]

SOURCE: AIR
RX_ID: 1214, Freq: 131.825MHz
Mode: 2 NACKLabel: SA Block ID: 4, Msg No: M15A
Flight ID: QY1684 REG: OE-LNX


Message content:-
0EV032901V
-------------------------------------------------------[2024-05-31 03:29:09.988]

SOURCE: AIR
RX_ID: 1215, Freq: 131.850MHz
Mode: 2 NACKLabel: SA Block ID: 4, Msg No: M15A
Flight ID: QY1684 REG: OE-LNX


Message content:-
0EV032901V
-------------------------------------------------------[2024-05-31 03:29:10.132]

SOURCE: AIR
RX_ID: 1216, Freq: 131.725MHz
Mode: G NACKLabel: B6 Block ID: 4, Msg No: F40A
Flight ID: KL0590 REG: PH-BVS


Message content:-
/ACCFAYA.ADS.PH-BVS071F3D6019EE48CA1BB11D0C2CC375E708200E7FA0EA80000F7D59A28000E841
-------------------------------------------------------[2024-05-31 03:29:35.806]

SOURCE: AIR
RX_ID: 1217, Freq: 131.725MHz
Mode: G NACKLabel: B6 Block ID: 5, Msg No: F41A
Flight ID: KL0590 REG: PH-BVS


Message content:-
/ACCFAYA.ADS.PH-BVS071FB1E019D808C9E0521D0C2CC375E708200E7FB0EC40000F7D71A080003C5B
-------------------------------------------------------[2024-05-31 03:34:30.718]

SOURCE: AIR
RX_ID: 1218, Freq: 131.725MHz
Mode: X NACKLabel: 16 Block ID: 6, Msg No: M07A
Flight ID: SN038K REG: OO-SFD


Message content:-
31MAY24,0339,N 44.644,E  6.777,39992,0440,28280
-------------------------------------------------------[2024-05-31 03:39:55.912]

SOURCE: AIR
RX_ID: 1219, Freq: 131.725MHz
Mode: X NACKLabel: 16 Block ID: 3, Msg No: M59A
Flight ID: SN0465 REG: OO-SFC


Message content:-
31MAY24,0347,N 43.421,E  6.854,37968,0501,27880
-------------------------------------------------------[2024-05-31 03:47:54.964]

SOURCE: AIR
RX_ID: 1220, Freq: 131.725MHz
Mode: X ACK, A2GLabel: B9 Block ID: 4, Msg No: M60A
Flight ID: SN0465 REG: OO-SFC


Message content:-
/EBBR.TI2/040EBBRAED4C
-------------------------------------------------------[2024-05-31 03:51:11.572]

SOURCE: AIR
RX_ID: 1221, Freq: 131.725MHz
Mode: X NACKLabel: H1 Block ID: 0, Msg No: D92B
Flight ID: SN0465 REG: OO-SFC


Message content:-
#DFB.2,38981,0.808,111
C5,041205,08576,05322,01770,00443,10016,00000,00402,06066,200
C6,041196,05787,33814,01208,00443,10016,00000,00402,16066
N1,1.510,1.510,079.57,086.3,087.7,0637,06.685,02879,07.68
N2,1.
-------------------------------------------------------[2024-05-31 03:54:47.418]

SOURCE: AIR
RX_ID: 1222, Freq: 131.725MHz
Mode: X NACKLabel: H1 Block ID: 6, Msg No: D93D
Flight ID: SN0465 REG: OO-SFC


Message content:-
#DFB.9,046.4,0.19,0.04,0.07,126,0.24,-12.1
T2,094,111,095.2,-05.3,046.0,0.22,0.08,0.07,288,0.25,-12.2
V1,0415,0362
V2,0421,0358
X1,-00.2,002.6,003.5,0003,00.0010,N37.08
X2,-00.2,002.9,003.3,0001,00.0010,N3
-------------------------------------------------------[2024-05-31 03:55:11.371]

SOURCE: AIR
RX_ID: 1223, Freq: 131.725MHz
Mode: X NACKLabel: H1 Block ID: 6, Msg No: D93D
Flight ID: SN0465 REG: OO-SFC


Message content:-
#DFB.9,046.4,0.19,0.04,0.07,126,0.24,-12.1
T2,094,111,095.2,-05.3,046.0,0.22,0.08,0.07,288,0.25,-12.2
V1,0415,0362
V2,0421,0358
X1,-00.2,002.6,003.5,0003,00.0010,N37.08
X2,-00.2,002.9,003.3,0001,00.0010,N3
-------------------------------------------------------[2024-05-31 03:55:20.809]

SOURCE: AIR
RX_ID: 1224, Freq: 131.725MHz
Mode: X NACKLabel: H1 Block ID: 7, Msg No: D93E
Flight ID: SN0465 REG: OO-SFC


Message content:-
#DFB7.12
X3,000.0,000.8,-02.9,-00.1,-00.0,002.9,000473,189454,30.8
X4,000.0,-00.2,-00.1,-00.1,-00.0,-00.1,000.0,000.0,0003.7
X5,-00.1,-00.1,-00.1,-00.0,-00.1,-00.1,000.0,000.0,0003.7
X6,-00.5,000.5,029,-098
-------------------------------------------------------[2024-05-31 03:55:25.305]

SOURCE: AIR
RX_ID: 1225, Freq: 131.725MHz
Mode: G NACKLabel: 2F Block ID: 8, Msg No: M15A
Flight ID: AF7343 REG: F-GMZE


Message content:-
0419+4469+507/2949
-------------------------------------------------------[2024-05-31 04:19:12.587]

SOURCE: AIR
RX_ID: 1226, Freq: 131.525MHz
Mode: T NACKLabel: 2F Block ID: 0, Msg No: M12A
Flight ID: AF7315 REG: F-GMZD


Message content:-
0423+4453+644/2855
-------------------------------------------------------[2024-05-31 04:23:20.943]

SOURCE: AIR
RX_ID: 1227, Freq: 131.525MHz
Mode: T NACKLabel: H1 Block ID: 3, Msg No: D12C
Flight ID: AF7315 REG: F-GMZD


Message content:-
#DFB,03944,0127,329/9C0185,177,N0020,070941,020/C04359,0730,04239,0117,338/0C0224,197,00125,070923,021/E14358,0728,04443,0112,349/1E0248,226,00076,070832,022/E2XXXXX,0725,04955,0107,000/2E0264,241,00279,070905,
-------------------------------------------------------[2024-05-31 04:24:44.913]

SOURCE: AIR
RX_ID: 1228, Freq: 131.725MHz
Mode: G NACKLabel: B6 Block ID: 3, Msg No: J22A
Flight ID: AF0929 REG: F-GZCL


Message content:-
/ACCFAYA.ADS.F-GZCL071EF1001AC2C9C4278C1D0C0464B9CB98200E0110DFC0000F7F218EBFFCDDC2
-------------------------------------------------------[2024-05-31 04:42:13.362]

SOURCE: AIR
RX_ID: 1229, Freq: 131.725MHz
Mode: G NACKLabel: B6 Block ID: 4, Msg No: J23A
Flight ID: AF0929 REG: F-GZCL


Message content:-
/ACCFAYA.ADS.F-GZCL141F33901AE909C3EA501D0D1FAEE81B3FC9C401442020881B9149C4002D58
-------------------------------------------------------[2024-05-31 04:45:10.298]

SOURCE: AIR
RX_ID: 1230, Freq: 131.725MHz
Mode: G NACKLabel: B6 Block ID: 4, Msg No: J23A
Flight ID: AF0929 REG: F-GZCL


Message content:-
/ACCFAYA.ADS.F-GZCL141F33901AE909C3EA501D0D1FAEE81B3FC9C401442020881B9149C4002D58
-------------------------------------------------------[2024-05-31 04:45:21.558]

SOURCE: AIR
RX_ID: 1231, Freq: 131.725MHz
Mode: G NACKLabel: B6 Block ID: 6, Msg No: J25A
Flight ID: AF0929 REG: F-GZCL


Message content:-
/ACCFAYA.ADS.F-GZCL141FB0701B40C9C3AF741D0D2020881B9149C401282079A01BD249C40084CF
-------------------------------------------------------[2024-05-31 04:50:42.478]

SOURCE: AIR
RX_ID: 1232, Freq: 131.725MHz
Mode: G NACKLabel: 2F Block ID: 7, Msg No: M65A
Flight ID: AF0929 REG: F-GZCL


Message content:-
0451+4463+479/4090
FNLU/LFPG/40011//-47/0.80/164680/155664//RUSIT  //-62/039
-------------------------------------------------------[2024-05-31 04:51:16.710]

SOURCE: AIR
RX_ID: 1233, Freq: 131.725MHz
Mode: G NACKLabel: B6 Block ID: 8, Msg No: J26A
Flight ID: AF0929 REG: F-GZCL


Message content:-
/ACCFAYA.ADS.F-GZCL071FD0B01B5809C3F0C81D0C0464B9CB98200E0148E3FFEC0F7FE98EBFF08450
-------------------------------------------------------[2024-05-31 04:52:05.423]

SOURCE: AIR
RX_ID: 1234, Freq: 131.725MHz
Mode: G NACKLabel: B6 Block ID: 8, Msg No: J26A
Flight ID: AF0929 REG: F-GZCL


Message content:-
/ACCFAYA.ADS.F-GZCL071FD0B01B5809C3F0C81D0C0464B9CB98200E0148E3FFEC0F7FE98EBFF08450
-------------------------------------------------------[2024-05-31 04:52:13.213]

SOURCE: AIR
RX_ID: 1235, Freq: 131.725MHz
Mode: G NACKLabel: B6 Block ID: 9, Msg No: J27A
Flight ID: AF0929 REG: F-GZCL


Message content:-
/ACCFAYA.ADS.F-GZCL141FF5281B7209C432441D0D2020081B9909C4006F2079701BEA89C400A980
-------------------------------------------------------[2024-05-31 04:53:39.633]

SOURCE: AIR
RX_ID: 1236, Freq: 131.825MHz
Mode: 2 NACKLabel: H1 Block ID: 4, Msg No: F90A
Flight ID: AA0334 REG: N792AN


Message content:-
#M1BPOSN44324E005083,BEP-20,045517,370,RET-21,045752,KOLON,M44,29742,561A84A
-------------------------------------------------------[2024-05-31 04:55:19.583]

SOURCE: AIR
RX_ID: 1237, Freq: 131.725MHz
Mode: G NACKLabel: B6 Block ID: 0, Msg No: J28A
Flight ID: AF0929 REG: F-GZCL


Message content:-
/ACCFAYA.ADS.F-GZCL142021B81B9AC9C434101D0D2079701BEA89C400E320BFD81C2C09C4001C43
-------------------------------------------------------[2024-05-31 04:55:34.322]

SOURCE: AIR
RX_ID: 1238, Freq: 131.825MHz
Mode: 2 NACKLabel: H1 Block ID: 5, Msg No: F91A
Flight ID: AA0334 REG: N792AN


Message content:-
#M1BPOSN44223E005374,RET-22,045755,370,KOL-23,050550,RAP-24,M44,28541,555CDFC
-------------------------------------------------------[2024-05-31 04:57:57.500]

SOURCE: AIR
RX_ID: 1239, Freq: 131.825MHz
Mode: 2 NACKLabel: H1 Block ID: 6, Msg No: D29A
Flight ID: AA0334 REG: N792AN


Message content:-
#DFBTRP KJFK LGAV 07  8  37   1  0 044716
 45.6044   1.3209370054465604850.0110.008 56.00 -43.59 60760-47 217OFF
 45.5708   1.9408369964458404910.0070.005 49.75 -42.89 60040-45 217OFF
 45.5363   2.5590370014
-------------------------------------------------------[2024-05-31 04:59:20.223]

SOURCE: AIR
RX_ID: 1240, Freq: 131.825MHz
Mode: 2 NACKLabel: H1 Block ID: 8, Msg No: F92A
Flight ID: AA0334 REG: N792AN


Message content:-
#M1BPOSN43459E006595,KOL-23,050553,370,RAP-24,051557,RAT-25,M46,27063,5366063
-------------------------------------------------------[2024-05-31 05:05:55.491]

SOURCE: AIR
RX_ID: 1241, Freq: 131.725MHz
Mode: X NACKLabel: H1 Block ID: 3, Msg No: F91A
Flight ID: DL0028 REG: N831MH


Message content:-
#M1BPOSN44295E005043,NISAR,051118,338,XIRBI,051234,DOTIG,M42,28455,299,800FBE0
-------------------------------------------------------[2024-05-31 05:11:21.346]

SOURCE: AIR
RX_ID: 1242, Freq: 131.725MHz
Mode: X NACKLabel: H1 Block ID: 4, Msg No: D33A
Flight ID: DL0028 REG: N831MH


Message content:-
#DFBENGINE BLEED REPORT

AID:N1807  DA:31/05    GMT:05:18    FNO: 881      ISFC: 1422
TAT:  03  SAT:-203   ALT: 18488   MACH:0641    FCNT:   15
GW:312480  FLT:0028-1  MODE:DESC    SID:AK-67-223
S/N L:70700
-------------------------------------------------------[2024-05-31 05:18:22.211]

SOURCE: AIR
RX_ID: 1243, Freq: 131.725MHz
Mode: X NACKLabel: H1 Block ID: 5, Msg No: D33B
Flight ID: DL0028 REG: N831MH


Message content:-
#DFB0         DEPART:KJFK    DESTIN:LFMN
S/N R:707000

               ENG L     ENG R
HPSOV          OPN       OPN
PRV            OPN       OPN
PRSOV          OPN       OPN
FAV %            -308     -184
-------------------------------------------------------[2024-05-31 05:18:25.688]

SOURCE: AIR
RX_ID: 1244, Freq: 131.725MHz
Mode: X NACKLabel: H1 Block ID: 6, Msg No: D33C
Flight ID: DL0028 REG: N831MH


Message content:-
#DFB
N1 SPD          3905     3924
HI STG PRESS    4250     4300
INTERM PRESS1    3084     2725
INTERM PRESS2    3559     2650
STRUT OVHT     NRML      NRML
DUCT PRESS       3100     2625
P-COOL TEMP    
-------------------------------------------------------[2024-05-31 05:18:29.162]

SOURCE: AIR
RX_ID: 1245, Freq: 131.725MHz
Mode: X NACKLabel: H1 Block ID: 7, Msg No: D33D
Flight ID: DL0028 REG: N831MH


Message content:-
#DFB34091    34441
PACK HX TEMP    30981    31241
PACK FLOW       12197    12484
WING ANTI ICE  OFF
LT  ISO VLV    CLS
RT  ISO VLV    CLS
CTR ISO VLV    OPN

TRIGGER CODE   0000

STATUS WORDS  DW1  DW
-------------------------------------------------------[2024-05-31 05:18:33.074]

SOURCE: AIR
RX_ID: 1246, Freq: 131.725MHz
Mode: X NACKLabel: H1 Block ID: 8, Msg No: D33E
Flight ID: DL0028 REG: N831MH


Message content:-
#DFB2  DW3  DW4  DW5  DW6  DW7  DW8  EICAS
LEFT          0000 0001 0000 0000 0000 0000 1040 0000 0000
RIGHT         0000 0001 0000 0000 0000 0000 1040 0000 0000

-------------------------------------------------------[2024-05-31 05:18:36.950]

SOURCE: AIR
RX_ID: 1247, Freq: 131.825MHz
Mode: 2 NACKLabel: H1 Block ID: 7, Msg No: F89A
Flight ID: AA0720 REG: N750AN


Message content:-
#M1BPOSN44207E005357,RET-32,054112,370,KOL-33,054902,RAP-34,M45,28742,379CB31
-------------------------------------------------------[2024-05-31 05:41:14.788]

SOURCE: AIR
RX_ID: 1248, Freq: 131.825MHz
Mode: 2 NACKLabel: H1 Block ID: 8, Msg No: D83A
Flight ID: AA0720 REG: N750AN


Message content:-
#DFBTRP KCLT LIRF 07  8 334   0  0 053308
 45.5157   1.7039370074292404860.0070.005 60.13 -48.16 42520-49 217OFF
 45.3730   2.3119370054285604960.0040.003 52.75 -44.65 41840-46 217OFF
 45.2318   2.9160370084
-------------------------------------------------------[2024-05-31 05:45:11.737]

SOURCE: AIR
RX_ID: 1249, Freq: 131.825MHz
Mode: 2 NACKLabel: H1 Block ID: 9, Msg No: D83B
Flight ID: AA0720 REG: N750AN


Message content:-
#DFB278804890.0050.003 56.25 -48.16 41160-48 217OFF
 45.0889   3.5191369964272004910.0060.003 53.38 -51.33 40480-47 217OFF
 44.9018   4.0957369984265204920.0060.003 49.38 -61.52 39800-47 217OFF
-------------------------------------------------------[2024-05-31 05:45:18.099]

SOURCE: AIR
RX_ID: 1250, Freq: 131.825MHz
Mode: 2 NACKLabel: H1 Block ID: 6, Msg No: C00A
Flight ID: EC97VZ REG: OE-LKV


Message content:-
#CFBWRN/WN24053106050046200006DATALINK ATC FAULT      
-------------------------------------------------------[2024-05-31 06:05:52.216]

SOURCE: AIR
RX_ID: 1251, Freq: 131.525MHz
Mode: T NACKLabel: 2Z Block ID: 5, Msg No: M14A
Flight ID: AF7300 REG: F-GMZC


Message content:-
LFMN
-------------------------------------------------------[2024-05-31 06:15:02.915]

SOURCE: AIR
RX_ID: 1252, Freq: 131.525MHz
Mode: T NACKLabel: 2Z Block ID: 5, Msg No: M14A
Flight ID: AF7300 REG: F-GMZC


Message content:-
LFMN
-------------------------------------------------------[2024-05-31 06:15:12.533]

SOURCE: AIR
RX_ID: 1253, Freq: 131.725MHz
Mode: E NACKLabel: SA Block ID: 6, Msg No: M20A
Flight ID: GS0000 REG: F-WSIX


Message content:-
0EV061855VS/
-------------------------------------------------------[2024-05-31 06:18:58.290]

SOURCE: AIR
RX_ID: 1254, Freq: 131.525MHz
Mode: T NACKLabel: 2F Block ID: 7, Msg No: M15A
Flight ID: AF7300 REG: F-GMZC


Message content:-
0621+4409+556/2846
-------------------------------------------------------[2024-05-31 06:21:11.597]

SOURCE: AIR
RX_ID: 1255, Freq: 131.525MHz
Mode: T NACKLabel: 26 Block ID: 8, Msg No: M16A
Flight ID: AF7300 REG: F-GMZC


Message content:-
0622LFPGAF7300/310637LFMN04L
-------------------------------------------------------[2024-05-31 06:22:02.980]

SOURCE: AIR
RX_ID: 1256, Freq: 131.525MHz
Mode: T NACKLabel: 26 Block ID: 0, Msg No: M13A
Flight ID: AF7590 REG: F-GRHF


Message content:-
0633LFPOAF7590/310718LFKB34 
-------------------------------------------------------[2024-05-31 06:33:03.279]

SOURCE: AIR
RX_ID: 1257, Freq: 131.725MHz
Mode: 2 NACKLabel: 44 Block ID: 6, Msg No: M16A
Flight ID: GS0801 REG: ITAOS


Message content:-
00POS03,N43404E006259,370,LIPH,LEBL,0531,0633,0726,007.6
-------------------------------------------------------[2024-05-31 06:33:13.556]

SOURCE: AIR
RX_ID: 1258, Freq: 131.725MHz
Mode: G NACKLabel: H1 Block ID: 5, Msg No: D36A
Flight ID: KL0592 REG: PH-BQI


Message content:-
#DFB(POS-KLM592  -4323N00507E/063750 F380
RMK/FUEL  13.3 M0.83)
-------------------------------------------------------[2024-05-31 06:37:53.111]

SOURCE: AIR
RX_ID: 1259, Freq: 131.525MHz
Mode: T NACKLabel: B9 Block ID: 1, Msg No: L02A
Flight ID: AF7590 REG: F-GRHF


Message content:-
/LIRF.TI2/064LIRFAB1B9
-------------------------------------------------------[2024-05-31 06:38:14.578]

SOURCE: AIR
RX_ID: 1260, Freq: 131.525MHz
Mode: T NACKLabel: B9 Block ID: 4, Msg No: L03A
Flight ID: AF7590 REG: F-GRHF


Message content:-
/LFMN.TI2/064LFMNA83AC
-------------------------------------------------------[2024-05-31 06:38:32.791]

SOURCE: AIR
RX_ID: 1261, Freq: 131.725MHz
Mode: G NACKLabel: 10 Block ID: 6, Msg No: M10A
Flight ID: KL0592 REG: PH-BQI


Message content:-
ETA07A31064100KLM592  FAOREHAM310754EHAM0130
-------------------------------------------------------[2024-05-31 06:41:34.918]

SOURCE: AIR
RX_ID: 1262, Freq: 131.525MHz
Mode: T NACKLabel: 2F Block ID: 8, Msg No: M14A
Flight ID: AF7590 REG: F-GRHF


Message content:-
0642+4424+588/3539
-------------------------------------------------------[2024-05-31 06:42:11.125]

SOURCE: AIR
RX_ID: 1263, Freq: 131.825MHz
Mode: 2 NACKLabel: SA Block ID: 6, Msg No: S67A
Flight ID: FR0005 REG: EI-GXJ


Message content:-
0EV065314VS/
-------------------------------------------------------[2024-05-31 06:53:16.507]

