SOURCE: AIR
RX_ID: 294, Freq: 131.725MHz
Mode: X NACKLabel: Q0 Block ID: 4, Msg No: S12A
Flight ID: MP8322 REG: PH-CKB


Message content:-

-------------------------------------------------------[2024-03-14 03:10:02.247]

SOURCE: AIR
RX_ID: 295, Freq: 131.725MHz
Mode: X NACKLabel: H1 Block ID: 5, Msg No: D18A
Flight ID: KL8322 REG: PH-CKB


Message content:-
#DFB(POS-MPH8322 -4316N00509E/030923 F340
RMK/FUEL  23.1 M0.86)
-------------------------------------------------------[2024-03-14 03:10:14.316]

SOURCE: AIR
RX_ID: 296, Freq: 131.725MHz
Mode: E NACKLabel: Q0 Block ID: 6, Msg No: S13A
Flight ID: MP8322 REG: PH-CKB


Message content:-

-------------------------------------------------------[2024-03-14 03:10:32.346]

SOURCE: AIR
RX_ID: 297, Freq: 131.725MHz
Mode: E NACKLabel: B9 Block ID: 7, Msg No: M43A
Flight ID: MP8322 REG: PH-CKB


Message content:-
/EHAM.TI2/024EHAMA687E
-------------------------------------------------------[2024-03-14 03:10:37.867]

SOURCE: AIR
RX_ID: 298, Freq: 131.725MHz
Mode: E ACK, A2GLabel: _d Block ID: 8, Msg No: S14A
Flight ID: MP8322 REG: PH-CKB


Message content:-

-------------------------------------------------------[2024-03-14 03:10:42.183]

SOURCE: AIR
RX_ID: 299, Freq: 131.725MHz
Mode: E ACK, A2GLabel: _d Block ID: 9, Msg No: S15A
Flight ID: MP8322 REG: PH-CKB


Message content:-

-------------------------------------------------------[2024-03-14 03:10:45.657]

SOURCE: AIR
RX_ID: 300, Freq: 131.725MHz
Mode: G NACKLabel: Q0 Block ID: 0, Msg No: S16A
Flight ID: MP8322 REG: PH-CKB


Message content:-

-------------------------------------------------------[2024-03-14 03:12:32.557]

SOURCE: AIR
RX_ID: 301, Freq: 131.725MHz
Mode: G NACKLabel: 10 Block ID: 1, Msg No: M44A
Flight ID: MP8322 REG: PH-CKB


Message content:-
WXR55M14031229MPH8322 HKJKEHAMM  EBBREDDLEDDF        
-------------------------------------------------------[2024-03-14 03:12:41.992]

SOURCE: AIR
RX_ID: 302, Freq: 131.725MHz
Mode: G NACKLabel: 10 Block ID: 2, Msg No: M45A
Flight ID: MP8322 REG: PH-CKB


Message content:-
WXR55M14031234MPH8322 HKJKEHAM  TEBBREDDLEDDF        
-------------------------------------------------------[2024-03-14 03:12:47.110]

SOURCE: AIR
RX_ID: 303, Freq: 131.725MHz
Mode: G ACK, A2GLabel: _d Block ID: 3, Msg No: S17A
Flight ID: MP8322 REG: PH-CKB


Message content:-

-------------------------------------------------------[2024-03-14 03:12:59.802]

SOURCE: AIR
RX_ID: 304, Freq: 131.725MHz
Mode: G ACK, A2GLabel: _d Block ID: 4, Msg No: S18A
Flight ID: MP8322 REG: PH-CKB


Message content:-

-------------------------------------------------------[2024-03-14 03:13:03.277]

SOURCE: AIR
RX_ID: 305, Freq: 131.725MHz
Mode: G ACK, A2GLabel: _d Block ID: 5, Msg No: S19A
Flight ID: MP8322 REG: PH-CKB


Message content:-

-------------------------------------------------------[2024-03-14 03:13:12.090]

SOURCE: AIR
RX_ID: 306, Freq: 131.725MHz
Mode: G ACK, A2GLabel: _d Block ID: 6, Msg No: S20A
Flight ID: MP8322 REG: PH-CKB


Message content:-

-------------------------------------------------------[2024-03-14 03:13:16.002]

SOURCE: AIR
RX_ID: 307, Freq: 131.725MHz
Mode: E NACKLabel: Q0 Block ID: 7, Msg No: S21A
Flight ID: MP8322 REG: PH-CKB


Message content:-

-------------------------------------------------------[2024-03-14 03:14:32.802]

SOURCE: AIR
RX_ID: 308, Freq: 131.725MHz
Mode: G NACKLabel: Q0 Block ID: 8, Msg No: S22A
Flight ID: MP8322 REG: PH-CKB


Message content:-

-------------------------------------------------------[2024-03-14 03:17:02.897]

SOURCE: AIR
RX_ID: 309, Freq: 131.725MHz
Mode: E ACK, A2GLabel: _d Block ID: 2, Msg No: S39A
Flight ID: SN06AD REG: OO-SFE


Message content:-

-------------------------------------------------------[2024-03-14 03:22:38.370]

SOURCE: AIR
RX_ID: 310, Freq: 131.725MHz
Mode: X NACKLabel: Q0 Block ID: 9, Msg No: S23A
Flight ID: MP8322 REG: PH-CKB


Message content:-

-------------------------------------------------------[2024-03-14 03:23:33.484]

SOURCE: AIR
RX_ID: 311, Freq: 131.725MHz
Mode: G NACKLabel: Q0 Block ID: 5, Msg No: S42A
Flight ID: SN06AD REG: OO-SFE


Message content:-

-------------------------------------------------------[2024-03-14 03:23:36.962]

SOURCE: AIR
RX_ID: 312, Freq: 131.725MHz
Mode: G ACK, A2GLabel: _d Block ID: 9, Msg No: S46A
Flight ID: SN06AD REG: OO-SFE


Message content:-

-------------------------------------------------------[2024-03-14 03:24:11.774]

SOURCE: AIR
RX_ID: 313, Freq: 131.725MHz
Mode: G NACKLabel: Q0 Block ID: 0, Msg No: S24A
Flight ID: MP8322 REG: PH-CKB


Message content:-

-------------------------------------------------------[2024-03-14 03:24:33.461]

SOURCE: AIR
RX_ID: 314, Freq: 131.725MHz
Mode: G NACKLabel: H1 Block ID: 1, Msg No: D19A
Flight ID: KL8322 REG: PH-CKB


Message content:-
#DFB(POS-MPH8322 -4512N00440E/032423 F360
RMK/FUEL  20.4 M0.86)
-------------------------------------------------------[2024-03-14 03:25:01.110]

SOURCE: AIR
RX_ID: 315, Freq: 131.725MHz
Mode: E NACKLabel: Q0 Block ID: 2, Msg No: S25A
Flight ID: MP8322 REG: PH-CKB


Message content:-

-------------------------------------------------------[2024-03-14 03:25:33.475]

SOURCE: AIR
RX_ID: 316, Freq: 131.725MHz
Mode: G NACKLabel: Q0 Block ID: 3, Msg No: S26A
Flight ID: MP8322 REG: PH-CKB


Message content:-

-------------------------------------------------------[2024-03-14 03:26:03.574]

SOURCE: AIR
RX_ID: 317, Freq: 131.725MHz
Mode: G ACK, A2GLabel: _d Block ID: 1, Msg No: S47A
Flight ID: SN06AD REG: OO-SFE


Message content:-

-------------------------------------------------------[2024-03-14 03:27:15.072]

SOURCE: AIR
RX_ID: 318, Freq: 131.725MHz
Mode: G ACK, A2GLabel: _d Block ID: 4, Msg No: S49A
Flight ID: SN06AD REG: OO-SFE


Message content:-

-------------------------------------------------------[2024-03-14 03:27:27.359]

SOURCE: AIR
RX_ID: 319, Freq: 131.725MHz
Mode: E ACK, A2GLabel: _d Block ID: 8, Msg No: S54A
Flight ID: AF0931 REG: F-GZCG


Message content:-

-------------------------------------------------------[2024-03-14 03:39:00.609]

SOURCE: AIR
RX_ID: 320, Freq: 131.725MHz
Mode: E ACK, A2GLabel: _d Block ID: 9, Msg No: S55A
Flight ID: AF0931 REG: F-GZCG


Message content:-

-------------------------------------------------------[2024-03-14 03:39:13.921]

SOURCE: AIR
RX_ID: 321, Freq: 131.725MHz
Mode: E NACKLabel: 2F Block ID: 0, Msg No: M82A
Flight ID: AF0931 REG: F-GZCG


Message content:-
0340+4354+523/40112
DGAA/LFPG/40004//-69/0.81/160399/149170//DJL    //-42/025
-------------------------------------------------------[2024-03-14 03:40:46.703]

SOURCE: AIR
RX_ID: 322, Freq: 131.725MHz
Mode: E NACKLabel: H1 Block ID: 1, Msg No: C18A
Flight ID: AF0931 REG: F-GZCG


Message content:-
#CFB.1/FLR/FR2403140353  21511106ECS    1,,,,,,,PACK1 FLOW SENSOR(513HB),HARD
-------------------------------------------------------[2024-03-14 03:54:29.382]

SOURCE: AIR
RX_ID: 323, Freq: 131.725MHz
Mode: G ACK, A2GLabel: _d Block ID: 9, Msg No: S20A
Flight ID: AF0805 REG: F-GZCC


Message content:-

-------------------------------------------------------[2024-03-14 03:55:07.890]

SOURCE: AIR
RX_ID: 324, Freq: 131.725MHz
Mode: G ACK, A2GLabel: _d Block ID: 2, Msg No: S22A
Flight ID: AF0805 REG: F-GZCC


Message content:-

-------------------------------------------------------[2024-03-14 03:56:03.990]

SOURCE: AIR
RX_ID: 325, Freq: 131.725MHz
Mode: G NACKLabel: B9 Block ID: 3, Msg No: J13A
Flight ID: AF0805 REG: F-GZCC


Message content:-
/LFPG.TI2/000LFPGA9F82
-------------------------------------------------------[2024-03-14 03:56:16.680]

SOURCE: AIR
RX_ID: 326, Freq: 131.725MHz
Mode: G ACK, A2GLabel: _d Block ID: 4, Msg No: S23A
Flight ID: AF0805 REG: F-GZCC


Message content:-

-------------------------------------------------------[2024-03-14 03:56:21.399]

SOURCE: AIR
RX_ID: 327, Freq: 131.725MHz
Mode: G ACK, A2GLabel: _d Block ID: 5, Msg No: S24A
Flight ID: AF0805 REG: F-GZCC


Message content:-

-------------------------------------------------------[2024-03-14 03:56:25.495]

SOURCE: AIR
RX_ID: 328, Freq: 131.725MHz
Mode: G NACKLabel: H1 Block ID: 6, Msg No: D53A
Flight ID: KL0536 REG: PH-AOC


Message content:-
#DFB(POS-KLM536  -4337N00460E/035720 F380
RMK/FUEL  11.2 M0.82)
-------------------------------------------------------[2024-03-14 03:57:34.322]

SOURCE: AIR
RX_ID: 329, Freq: 131.725MHz
Mode: G NACKLabel: B9 Block ID: 6, Msg No: J14A
Flight ID: AF0805 REG: F-GZCC


Message content:-
/LFPG.TI2/000LFPGA9F82
-------------------------------------------------------[2024-03-14 03:58:08.516]

SOURCE: AIR
RX_ID: 330, Freq: 131.725MHz
Mode: G ACK, A2GLabel: _d Block ID: 7, Msg No: S25A
Flight ID: AF0805 REG: F-GZCC


Message content:-

-------------------------------------------------------[2024-03-14 03:58:13.235]

SOURCE: AIR
RX_ID: 331, Freq: 131.725MHz
Mode: G ACK, A2GLabel: _d Block ID: 7, Msg No: S31A
Flight ID: SN038K REG: OO-SFF


Message content:-

-------------------------------------------------------[2024-03-14 04:02:57.686]

SOURCE: AIR
RX_ID: 332, Freq: 131.725MHz
Mode: G ACK, A2GLabel: _d Block ID: 8, Msg No: S32A
Flight ID: SN038K REG: OO-SFF


Message content:-

-------------------------------------------------------[2024-03-14 04:03:02.003]

SOURCE: AIR
RX_ID: 333, Freq: 131.825MHz
Mode: 2 NACKLabel: B9 Block ID: 7, Msg No: L11A
Flight ID: AA8030 REG: N659AA


Message content:-
/EDDP.TI2/024EDDPAB993
-------------------------------------------------------[2024-03-14 04:11:43.000]

SOURCE: AIR
RX_ID: 334, Freq: 131.825MHz
Mode: 2 ACK, A2GLabel: _d Block ID: 8, Msg No: S40A
Flight ID: AA8030 REG: N659AA


Message content:-

-------------------------------------------------------[2024-03-14 04:12:09.224]

SOURCE: AIR
RX_ID: 335, Freq: 131.825MHz
Mode: 2 ACK, A2GLabel: _d Block ID: 1, Msg No: S42A
Flight ID: AA8030 REG: N659AA


Message content:-

-------------------------------------------------------[2024-03-14 04:12:22.317]

SOURCE: AIR
RX_ID: 336, Freq: 131.825MHz
Mode: 2 ACK, A2GLabel: _d Block ID: 5, Msg No: S45A
Flight ID: AA8030 REG: N659AA


Message content:-

-------------------------------------------------------[2024-03-14 04:12:42.173]

SOURCE: AIR
RX_ID: 337, Freq: 131.825MHz
Mode: 2 NACKLabel: Q0 Block ID: 7, Msg No: S46A
Flight ID: AA8030 REG: N659AA


Message content:-

-------------------------------------------------------[2024-03-14 04:22:58.439]

SOURCE: AIR
RX_ID: 338, Freq: 131.725MHz
Mode: G ACK, A2GLabel: _d Block ID: 6, Msg No: S09A
Flight ID: AF0995 REG: F-GZNJ


Message content:-

-------------------------------------------------------[2024-03-14 04:30:38.405]

SOURCE: AIR
RX_ID: 339, Freq: 131.725MHz
Mode: G ACK, A2GLabel: _d Block ID: 7, Msg No: S10A
Flight ID: AF0995 REG: F-GZNJ


Message content:-

-------------------------------------------------------[2024-03-14 04:30:43.524]

SOURCE: AIR
RX_ID: 340, Freq: 131.725MHz
Mode: X NACKLabel: B6 Block ID: 7, Msg No: F33A
Flight ID: AF0861 REG: F-GSPA


Message content:-
/ACCFAYA.ADS.F-GSPA141E80E01D2EC94720339D0D1E97981D4F60003FFF1ED8681D492000002613
-------------------------------------------------------[2024-03-14 04:34:22.884]

SOURCE: AIR
RX_ID: 341, Freq: 131.825MHz
Mode: 2 NACKLabel: 1L Block ID: 8, Msg No: M52A
Flight ID: LH0569 REG: D-AIFC


Message content:-
00126209251G:PP63 XX4:KVEKH7S9HPRKM)D-LEE77BF:0P03TIB3K+:BV
-------------------------------------------------------[2024-03-14 04:37:01.606]

SOURCE: AIR
RX_ID: 342, Freq: 131.725MHz
Mode: X NACKLabel: H1 Block ID: 2, Msg No: D72B
Flight ID: AF0861 REG: F-GSPA


Message content:-
#DFB22L23L24L25L26L27L28L21R22R23R24R25R26R27R28R
  )  )  )  )  )  )  )  )  )  )  )  )  )  )  )  )
-------------------------------------------------------[2024-03-14 04:37:56.283]

SOURCE: AIR
RX_ID: 343, Freq: 131.725MHz
Mode: X NACKLabel: H1 Block ID: 3, Msg No: D73A
Flight ID: AF0861 REG: F-GSPA


Message content:-
#DFBOP DATAFUEL
0437 37998  2.34  0.3
 7500       0  7900 15400
 0.811 0.814  0.811
 38600         38160
TRUE   TRUE   
  -7
 405 783
-------------------------------------------------------[2024-03-14 04:38:01.400]

SOURCE: AIR
RX_ID: 344, Freq: 131.725MHz
Mode: X NACKLabel: B6 Block ID: 4, Msg No: F36A
Flight ID: AF0861 REG: F-GSPA


Message content:-
/ACCFAYA.ADS.F-GSPA141ED8E01D48094723C01D0D1FAF801D33C94702292022F01D280947000058
-------------------------------------------------------[2024-03-14 04:38:10.214]

SOURCE: AIR
RX_ID: 345, Freq: 131.725MHz
Mode: X NACKLabel: B6 Block ID: 5, Msg No: F37A
Flight ID: AF0861 REG: F-GSPA


Message content:-
/ACCFAYA.ADS.F-GSPA071EF4801D46494724DC1D0C0464B8DB18200E7FD8E7C0000F7EE1A48000F982
-------------------------------------------------------[2024-03-14 04:39:21.090]

SOURCE: AIR
RX_ID: 346, Freq: 131.825MHz
Mode: 2 NACKLabel: 10 Block ID: 1, Msg No: M88A
Flight ID: BA2040 REG: G-YMMC


Message content:-
FTX01.FIC
LOC MMC
-------------------------------------------------------[2024-03-14 04:41:09.195]

SOURCE: AIR
RX_ID: 347, Freq: 131.825MHz
Mode: 2 ACK, A2GLabel: _d Block ID: 2, Msg No: S20A
Flight ID: BA2040 REG: G-YMMC


Message content:-

-------------------------------------------------------[2024-03-14 04:41:15.962]

SOURCE: AIR
RX_ID: 348, Freq: 131.825MHz
Mode: 2 NACKLabel: 10 Block ID: 3, Msg No: M89A
Flight ID: BA2040 REG: G-YMMC


Message content:-
ARR01       EGKK0602                                   ------------00
-------------------------------------------------------[2024-03-14 04:41:43.427]

SOURCE: AIR
RX_ID: 349, Freq: 131.825MHz
Mode: 2 NACKLabel: B6 Block ID: 4, Msg No: F47A
Flight ID: BA2040 REG: G-YMMC


Message content:-
/QUKAXBA.ADS.G-YMMC071EFB481CB7094727739D4C79
-------------------------------------------------------[2024-03-14 04:42:06.761]

SOURCE: AIR
RX_ID: 350, Freq: 131.725MHz
Mode: X NACKLabel: 80 Block ID: 6, Msg No: M47A
Flight ID: AF0861 REG: F-GSPA


Message content:-
AF0861/DSP CCO
RE LUDOVIC
EN CONTACT AVEC MRS
MERCI POUR LE RELAIS
PAS RECU LE TRANSFERT DE
BARCELONE
-------------------------------------------------------[2024-03-14 04:42:46.914]

SOURCE: AIR
RX_ID: 351, Freq: 131.725MHz
Mode: X NACKLabel: 80 Block ID: 6, Msg No: M47A
Flight ID: AF0861 REG: F-GSPA


Message content:-
AF0861/DSP CCO
RE LUDOVIC
EN CONTACT AVEC MRS
MERCI POUR LE RELAIS
PAS RECU LE TRANSFERT DE
BARCELONE
-------------------------------------------------------[2024-03-14 04:42:57.558]

SOURCE: AIR
RX_ID: 352, Freq: 131.725MHz
Mode: X NACKLabel: B6 Block ID: 7, Msg No: F38A
Flight ID: AF0861 REG: F-GSPA


Message content:-
/ACCFAYA.ADS.F-GSPA071F67C01D3AC947297C1D0C0464B8DB18200E7FD0E700040F7EE9A54004DD8B
-------------------------------------------------------[2024-03-14 04:44:17.212]

SOURCE: AIR
RX_ID: 353, Freq: 131.725MHz
Mode: G NACKLabel: Q0 Block ID: 8, Msg No: S53A
Flight ID: AF0861 REG: F-GSPA


Message content:-

-------------------------------------------------------[2024-03-14 04:44:54.477]

SOURCE: AIR
RX_ID: 354, Freq: 131.725MHz
Mode: G NACKLabel: H1 Block ID: 9, Msg No: C16A
Flight ID: AF0861 REG: F-GSPA


Message content:-
#CFBRTE 1 14MAR24 0444 AFF-GSPA AFR861 DXXX/LFPG 311B-BCG-00W-19 L 2338 13MAR24
FDE 77330151 A 0442 14MAR24
MSG 7708841 A 0442 14MAR24 ER H PL
DB LEFT AIMS
DB RIGHT AIMS
EOR

-------------------------------------------------------[2024-03-14 04:44:59.818]

SOURCE: AIR
RX_ID: 355, Freq: 131.725MHz
Mode: G NACKLabel: B6 Block ID: 0, Msg No: F39A
Flight ID: AF0861 REG: F-GSPA


Message content:-
/ACCFAYA.ADS.F-GSPA141FB0181D3389472C650D0D2022F01D28094701282079F01D1F094700314C
-------------------------------------------------------[2024-03-14 04:47:23.396]

SOURCE: AIR
RX_ID: 356, Freq: 131.725MHz
Mode: G NACKLabel: H1 Block ID: 1, Msg No: D74A
Flight ID: AF0861 REG: F-GSPA


Message content:-
#DFBOP FUELPROBES
 94 73 78 57 57 12 42  0  0  0  0  0  0  0  0  0  0  0  0  0
  0  0  0  0  0  0  0  0  0  0  0  0  0  0  0  0  0  0  0  0
 95 74 80 59 60 16 45  0  0  0  0  0  0  0  0  0  0  0  0  0

21L
-------------------------------------------------------[2024-03-14 04:47:51.228]

SOURCE: AIR
RX_ID: 357, Freq: 131.725MHz
Mode: G NACKLabel: B6 Block ID: 4, Msg No: F40A
Flight ID: AF0861 REG: F-GSPA


Message content:-
/ACCFAYA.ADS.F-GSPA071FDAE81D2F49472E1D1D0C0464B8DB18200E7FD0E83FFC0F7EF9A3BFFC6CD0
-------------------------------------------------------[2024-03-14 04:49:13.368]

SOURCE: AIR
RX_ID: 358, Freq: 131.825MHz
Mode: 2 ACK, A2GLabel: _d Block ID: 9, Msg No: S22A
Flight ID: BA2040 REG: G-YMMC


Message content:-

-------------------------------------------------------[2024-03-14 04:55:29.358]

SOURCE: AIR
RX_ID: 359, Freq: 131.825MHz
Mode: 2 NACKLabel: 10 Block ID: 0, Msg No: M93A
Flight ID: BA2040 REG: G-YMMC


Message content:-
MET01LSGG
-------------------------------------------------------[2024-03-14 04:55:30.820]

SOURCE: AIR
RX_ID: 360, Freq: 131.825MHz
Mode: 2 NACKLabel: 10 Block ID: 2, Msg No: M94A
Flight ID: BA2040 REG: G-YMMC


Message content:-
MET01LFPG
-------------------------------------------------------[2024-03-14 04:55:37.988]

SOURCE: AIR
RX_ID: 361, Freq: 131.825MHz
Mode: 2 ACK, A2GLabel: _d Block ID: 4, Msg No: S25A
Flight ID: BA2040 REG: G-YMMC


Message content:-

-------------------------------------------------------[2024-03-14 04:55:51.081]

SOURCE: AIR
RX_ID: 362, Freq: 131.725MHz
Mode: G NACKLabel: H1 Block ID: 5, Msg No: D42F
Flight ID: SN04BE REG: OO-SFG


Message content:-
#DFB,0.814
X7,000.3,000.1,023,-062,0.813:

-------------------------------------------------------[2024-03-14 05:00:00.535]

SOURCE: AIR
RX_ID: 363, Freq: 131.725MHz
Mode: G NACKLabel: 16 Block ID: 6, Msg No: M06A
Flight ID: SN04BE REG: OO-SFG


Message content:-
14MAR24,0500,N 44.100,E  4.932,38001,0613,30080
-------------------------------------------------------[2024-03-14 05:00:12.422]

SOURCE: AIR
RX_ID: 364, Freq: 131.725MHz
Mode: G NACKLabel: B9 Block ID: 7, Msg No: J26A
Flight ID: SN04BE REG: OO-SFG


Message content:-
/EBBR.TI2/000EBBRA2C8A
-------------------------------------------------------[2024-03-14 05:03:31.261]

SOURCE: AIR
RX_ID: 365, Freq: 131.725MHz
Mode: G ACK, A2GLabel: _d Block ID: 8, Msg No: S34A
Flight ID: SN04BE REG: OO-SFG


Message content:-

-------------------------------------------------------[2024-03-14 05:03:36.381]

SOURCE: AIR
RX_ID: 366, Freq: 131.725MHz
Mode: G NACKLabel: B9 Block ID: 9, Msg No: J27A
Flight ID: SN04BE REG: OO-SFG


Message content:-
/LFLL.TI2/000LFLLA757A
-------------------------------------------------------[2024-03-14 05:03:42.340]

SOURCE: AIR
RX_ID: 367, Freq: 131.725MHz
Mode: G ACK, A2GLabel: _d Block ID: 1, Msg No: S36A
Flight ID: SN04BE REG: OO-SFG


Message content:-

-------------------------------------------------------[2024-03-14 05:04:12.036]

SOURCE: AIR
RX_ID: 368, Freq: 131.725MHz
Mode: 2 NACKLabel: Q0 Block ID: 2, Msg No: S37A
Flight ID: SN04BE REG: OO-SFG


Message content:-

-------------------------------------------------------[2024-03-14 05:08:59.163]

SOURCE: AIR
RX_ID: 369, Freq: 131.825MHz
Mode: 2 NACKLabel: Q0 Block ID: 6, Msg No: S48A
Flight ID: NW0182 REG: N815NW


Message content:-

-------------------------------------------------------[2024-03-14 05:25:33.477]

SOURCE: AIR
RX_ID: 370, Freq: 131.825MHz
Mode: 2 NACKLabel: B6 Block ID: 4, Msg No: F41A
Flight ID: BA0054 REG: G-STBA


Message content:-
/QUKAXBA.ADS.G-STBA071EC8801D1B094701EB1D1D6B
-------------------------------------------------------[2024-03-14 06:02:04.853]

SOURCE: AIR
RX_ID: 371, Freq: 131.825MHz
Mode: 2 NACKLabel: 15 Block ID: 5, Msg No: M85A
Flight ID: BA0054 REG: G-STBA


Message content:-
FST01FAOREGLLN440346E0049385380 156 776 M63C 1829634735045911600007240607
-------------------------------------------------------[2024-03-14 06:08:01.209]

SOURCE: AIR
RX_ID: 372, Freq: 131.825MHz
Mode: 2 NACKLabel: B6 Block ID: 6, Msg No: F42A
Flight ID: BA0054 REG: G-STBA


Message content:-
/QUKAXBA.ADS.G-STBA072006101AB9C9470EEC1D2F1F
-------------------------------------------------------[2024-03-14 06:15:57.150]

SOURCE: AIR
RX_ID: 373, Freq: 131.825MHz
Mode: 2 NACKLabel: Q0 Block ID: 1, Msg No: S08A
Flight ID: EK0255 REG: A6-EWB


Message content:-

-------------------------------------------------------[2024-03-14 06:31:59.943]

SOURCE: AIR
RX_ID: 374, Freq: 131.850MHz
Mode: 2 NACKLabel: B9 Block ID: 2, Msg No: L08A
Flight ID: EK0255 REG: A6-EWB


Message content:-
/LEBL.TI2/046LEBLAB980
-------------------------------------------------------[2024-03-14 06:32:06.087]

SOURCE: AIR
RX_ID: 375, Freq: 131.825MHz
Mode: 2 ACK, A2GLabel: _d Block ID: 3, Msg No: S09A
Flight ID: EK0255 REG: A6-EWB


Message content:-

-------------------------------------------------------[2024-03-14 06:32:12.414]

SOURCE: AIR
RX_ID: 376, Freq: 131.825MHz
Mode: 2 ACK, A2GLabel: _d Block ID: 4, Msg No: S10A
Flight ID: EK0255 REG: A6-EWB


Message content:-

-------------------------------------------------------[2024-03-14 06:32:18.998]

SOURCE: AIR
RX_ID: 377, Freq: 131.825MHz
Mode: 2 NACKLabel: B6 Block ID: 5, Msg No: F72A
Flight ID: EK0255 REG: A6-EWB


Message content:-
/DXBEGEK.ADS.A6-EWB071EBAF01E9389859F7F9DC5FC
-------------------------------------------------------[2024-03-14 06:33:37.626]

SOURCE: AIR
RX_ID: 378, Freq: 131.725MHz
Mode: 2 NACKLabel: Q0 Block ID: 5, Msg No: S17A
Flight ID: GR0000 REG: LZJET


Message content:-

-------------------------------------------------------[2024-03-14 07:30:50.925]

SOURCE: AIR
RX_ID: 379, Freq: 131.725MHz
Mode: 2 NACKLabel: SA Block ID: 6, Msg No: S11A
Flight ID: GR0000 REG: LZJET


Message content:-
0EV072203V/
-------------------------------------------------------[2024-03-14 07:30:53.593]

SOURCE: AIR
RX_ID: 380, Freq: 131.725MHz
Mode: 2 NACKLabel: SA Block ID: 6, Msg No: S11A
Flight ID: GR0000 REG: LZJET


Message content:-
0EV072203V/
-------------------------------------------------------[2024-03-14 07:30:59.556]

SOURCE: AIR
RX_ID: 381, Freq: 131.725MHz
Mode: 2 NACKLabel: SA Block ID: 6, Msg No: S11A
Flight ID: GR0000 REG: LZJET


Message content:-
0EV072203V/
-------------------------------------------------------[2024-03-14 07:31:11.621]

SOURCE: AIR
RX_ID: 382, Freq: 131.725MHz
Mode: 2 NACKLabel: Q0 Block ID: 7, Msg No: S18A
Flight ID: GR0000 REG: LZJET


Message content:-

-------------------------------------------------------[2024-03-14 07:31:22.265]

SOURCE: AIR
RX_ID: 383, Freq: 131.725MHz
Mode: 2 NACKLabel: SA Block ID: 8, Msg No: S19A
Flight ID: GR0000 REG: LZJET


Message content:-
0EV073124V/
-------------------------------------------------------[2024-03-14 07:31:25.335]

SOURCE: AIR
RX_ID: 384, Freq: 131.725MHz
Mode: 2 NACKLabel: 5V Block ID: 9, Msg No: S20A
Flight ID: GR0000 REG: LZJET


Message content:-

-------------------------------------------------------[2024-03-14 07:31:26.762]

SOURCE: AIR
RX_ID: 385, Freq: 131.725MHz
Mode: 2 NACKLabel: Q0 Block ID: 4, Msg No: S23A
Flight ID: GR0000 REG: LZJET


Message content:-

-------------------------------------------------------[2024-03-14 07:34:57.526]

SOURCE: AIR
RX_ID: 386, Freq: 131.725MHz
Mode: 2 NACKLabel: SA Block ID: 5, Msg No: S19A
Flight ID: GR0000 REG: LZJET


Message content:-
0EV073124V/
-------------------------------------------------------[2024-03-14 07:35:00.378]

SOURCE: AIR
RX_ID: 387, Freq: 131.725MHz
Mode: X NACKLabel: SA Block ID: 7, Msg No: S19A
Flight ID: GR0000 REG: LZJET


Message content:-
0EV073124V/
-------------------------------------------------------[2024-03-14 07:35:21.078]

SOURCE: AIR
RX_ID: 388, Freq: 131.725MHz
Mode: X NACKLabel: SA Block ID: 7, Msg No: S19A
Flight ID: GR0000 REG: LZJET


Message content:-
0EV073124V/
-------------------------------------------------------[2024-03-14 07:35:27.002]

SOURCE: AIR
RX_ID: 389, Freq: 131.725MHz
Mode: 2 NACKLabel: SA Block ID: 8, Msg No: S19A
Flight ID: GR0000 REG: LZJET


Message content:-
0EV073124V/
-------------------------------------------------------[2024-03-14 07:35:37.062]

SOURCE: AIR
RX_ID: 390, Freq: 131.725MHz
Mode: G NACKLabel: Q0 Block ID: 9, Msg No: S25A
Flight ID: GR0000 REG: LZJET


Message content:-

-------------------------------------------------------[2024-03-14 07:35:46.058]

SOURCE: AIR
RX_ID: 391, Freq: 131.725MHz
Mode: G NACKLabel: SA Block ID: 0, Msg No: S19A
Flight ID: GR0000 REG: LZJET


Message content:-
0EV073124V/
-------------------------------------------------------[2024-03-14 07:35:48.908]

SOURCE: AIR
RX_ID: 392, Freq: 131.725MHz
Mode: G NACKLabel: SA Block ID: 0, Msg No: S19A
Flight ID: GR0000 REG: LZJET


Message content:-
0EV073124V/
-------------------------------------------------------[2024-03-14 07:36:01.819]

SOURCE: AIR
RX_ID: 393, Freq: 131.725MHz
Mode: X NACKLabel: SA Block ID: 1, Msg No: S19A
Flight ID: GR0000 REG: LZJET


Message content:-
0EV073124V/
-------------------------------------------------------[2024-03-14 07:36:11.658]

SOURCE: AIR
RX_ID: 394, Freq: 131.725MHz
Mode: X NACKLabel: SA Block ID: 1, Msg No: S19A
Flight ID: GR0000 REG: LZJET


Message content:-
0EV073124V/
-------------------------------------------------------[2024-03-14 07:36:22.920]

SOURCE: AIR
RX_ID: 395, Freq: 131.725MHz
Mode: X NACKLabel: SA Block ID: 1, Msg No: S19A
Flight ID: GR0000 REG: LZJET


Message content:-
0EV073124V/
-------------------------------------------------------[2024-03-14 07:36:34.807]

SOURCE: AIR
RX_ID: 396, Freq: 131.725MHz
Mode: 2 NACKLabel: SA Block ID: 2, Msg No: S19A
Flight ID: GR0000 REG: LZJET


Message content:-
0EV073124V/
-------------------------------------------------------[2024-03-14 07:36:41.973]

SOURCE: AIR
RX_ID: 397, Freq: 131.725MHz
Mode: X NACKLabel: Q0 Block ID: 3, Msg No: S26A
Flight ID: GR0000 REG: LZJET


Message content:-

-------------------------------------------------------[2024-03-14 07:36:53.859]

SOURCE: AIR
RX_ID: 398, Freq: 131.725MHz
Mode: X NACKLabel: SA Block ID: 4, Msg No: S19A
Flight ID: GR0000 REG: LZJET


Message content:-
0EV073124V/
-------------------------------------------------------[2024-03-14 07:36:56.712]

SOURCE: AIR
RX_ID: 399, Freq: 131.725MHz
Mode: G NACKLabel: Q0 Block ID: 5, Msg No: S27A
Flight ID: GR0000 REG: LZJET


Message content:-

-------------------------------------------------------[2024-03-14 07:37:03.662]

SOURCE: AIR
RX_ID: 400, Freq: 131.725MHz
Mode: G NACKLabel: SA Block ID: 6, Msg No: S19A
Flight ID: GR0000 REG: LZJET


Message content:-
0EV073124V/
-------------------------------------------------------[2024-03-14 07:37:13.315]

SOURCE: AIR
RX_ID: 401, Freq: 131.725MHz
Mode: G NACKLabel: SA Block ID: 6, Msg No: S19A
Flight ID: GR0000 REG: LZJET


Message content:-
0EV073124V/
-------------------------------------------------------[2024-03-14 07:37:19.242]

SOURCE: AIR
RX_ID: 402, Freq: 131.725MHz
Mode: X NACKLabel: SA Block ID: 7, Msg No: S19A
Flight ID: GR0000 REG: LZJET


Message content:-
0EV073124V/
-------------------------------------------------------[2024-03-14 07:37:30.286]

SOURCE: AIR
RX_ID: 403, Freq: 131.725MHz
Mode: X NACKLabel: Q0 Block ID: 9, Msg No: S28A
Flight ID: GR0000 REG: LZJET


Message content:-

-------------------------------------------------------[2024-03-14 07:38:13.294]

SOURCE: AIR
RX_ID: 404, Freq: 131.725MHz
Mode: X NACKLabel: SA Block ID: 0, Msg No: S19A
Flight ID: GR0000 REG: LZJET


Message content:-
0EV073124V/
-------------------------------------------------------[2024-03-14 07:38:15.966]

SOURCE: AIR
RX_ID: 405, Freq: 131.725MHz
Mode: X NACKLabel: SA Block ID: 0, Msg No: S19A
Flight ID: GR0000 REG: LZJET


Message content:-
0EV073124V/
-------------------------------------------------------[2024-03-14 07:38:37.066]

SOURCE: AIR
RX_ID: 406, Freq: 131.725MHz
Mode: 2 NACKLabel: SA Block ID: 1, Msg No: S19A
Flight ID: GR0000 REG: LZJET


Message content:-
0EV073124V/
-------------------------------------------------------[2024-03-14 07:38:46.064]

SOURCE: AIR
RX_ID: 407, Freq: 131.725MHz
Mode: 2 NACKLabel: SA Block ID: 1, Msg No: S19A
Flight ID: GR0000 REG: LZJET


Message content:-
0EV073124V/
-------------------------------------------------------[2024-03-14 07:38:57.953]

SOURCE: AIR
RX_ID: 408, Freq: 131.725MHz
Mode: G NACKLabel: Q0 Block ID: 2, Msg No: S29A
Flight ID: GR0000 REG: LZJET


Message content:-

-------------------------------------------------------[2024-03-14 07:39:05.964]

SOURCE: AIR
RX_ID: 409, Freq: 131.725MHz
Mode: G NACKLabel: SA Block ID: 3, Msg No: S19A
Flight ID: GR0000 REG: LZJET


Message content:-
0EV073124V/
-------------------------------------------------------[2024-03-14 07:39:18.656]

SOURCE: AIR
RX_ID: 410, Freq: 131.725MHz
Mode: G NACKLabel: SA Block ID: 3, Msg No: S19A
Flight ID: GR0000 REG: LZJET


Message content:-
0EV073124V/
-------------------------------------------------------[2024-03-14 07:39:30.722]

SOURCE: AIR
RX_ID: 411, Freq: 131.725MHz
Mode: 2 NACKLabel: SA Block ID: 4, Msg No: S19A
Flight ID: GR0000 REG: LZJET


Message content:-
0EV073124V/
-------------------------------------------------------[2024-03-14 07:39:39.753]

SOURCE: AIR
RX_ID: 412, Freq: 131.725MHz
Mode: G NACKLabel: 5V Block ID: 7, Msg No: S31A
Flight ID: GR0000 REG: LZJET


Message content:-

-------------------------------------------------------[2024-03-14 07:40:12.706]

SOURCE: AIR
RX_ID: 413, Freq: 131.725MHz
Mode: G NACKLabel: SA Block ID: 8, Msg No: S05A
Flight ID: GR0000 REG: DCLUB


Message content:-
0EV073705V/
-------------------------------------------------------[2024-03-14 07:41:54.922]

SOURCE: AIR
RX_ID: 414, Freq: 131.525MHz
Mode: T NACKLabel: 26 Block ID: 1, Msg No: M18A
Flight ID: AF7330 REG: F-GMZE


Message content:-
0745LFPGAF7330/140800LFML31L
-------------------------------------------------------[2024-03-14 07:45:03.523]

SOURCE: AIR
RX_ID: 415, Freq: 131.525MHz
Mode: T NACKLabel: 26 Block ID: 1, Msg No: M18A
Flight ID: AF7330 REG: F-GMZE


Message content:-
0745LFPGAF7330/140800LFML31L
-------------------------------------------------------[2024-03-14 07:45:13.763]

SOURCE: AIR
RX_ID: 416, Freq: 131.525MHz
Mode: T ACK, A2GLabel: _d Block ID: 2, Msg No: S33A
Flight ID: AF7330 REG: F-GMZE


Message content:-

-------------------------------------------------------[2024-03-14 07:45:28.319]

SOURCE: AIR
RX_ID: 417, Freq: 131.725MHz
Mode: 2 NACKLabel: Q0 Block ID: 3, Msg No: S34A
Flight ID: AF7330 REG: F-GMZE


Message content:-

-------------------------------------------------------[2024-03-14 07:45:30.149]

SOURCE: AIR
RX_ID: 418, Freq: 131.725MHz
Mode: G NACKLabel: Q0 Block ID: 4, Msg No: S35A
Flight ID: AF7330 REG: F-GMZE


Message content:-

-------------------------------------------------------[2024-03-14 07:45:39.180]

SOURCE: AIR
RX_ID: 419, Freq: 131.725MHz
Mode: G NACKLabel: H1 Block ID: 7, Msg No: D15C
Flight ID: AF7330 REG: F-GMZE


Message content:-
#DFB00008,00061/V2045,082,011,006,096,00008,00081,/
-------------------------------------------------------[2024-03-14 07:51:04.374]

SOURCE: AIR
RX_ID: 420, Freq: 131.725MHz
Mode: G NACKLabel: H1 Block ID: 8, Msg No: D16A
Flight ID: AF7330 REG: F-GMZE


Message content:-
#DFBA02/A32102,1,1/CCF-GMZE,MAR14,072853,LFPG,LFML,7330/C106,01401,5000,54,0010,0,0100,65,X/CEN153,28966,296,767,7315,279,C53015/CNN155,29002,297,769,7314,279/EC643526,00000,01754,00001,73,13,05/EE577159,00000,
-------------------------------------------------------[2024-03-14 07:51:32.462]

SOURCE: AIR
RX_ID: 421, Freq: 131.725MHz
Mode: G NACKLabel: H1 Block ID: 9, Msg No: D16B
Flight ID: AF7330 REG: F-GMZE


Message content:-
#DFB05941,00001,73/N10848,0848,0938,6120,1566,XXXXX/N20848,0848,0937,6158,1558,XXXXX/S1XXXXX,0738,1582,4324,XXXX,030,N00/S2XXXXX,0755,1578,4386,XXXX,035,N00/T1099,085,023,42,082,06809,XXXX/T2099,086,016,40,077,
-------------------------------------------------------[2024-03-14 07:51:36.958]

SOURCE: AIR
RX_ID: 422, Freq: 131.725MHz
Mode: G NACKLabel: H1 Block ID: 0, Msg No: D16C
Flight ID: AF7330 REG: F-GMZE


Message content:-
#DFB06799,XXXX/V1044,080,002,007,356,00008,00061/V2045,084,012,006,094,00008,00081/X102663,0000,0014,N002,00003,N001/X202643,0000,0015,N002,00003,N001/X3N001,0007,N007,N008,0000,N002,N000/X4N002,N003,N003,N002,
-------------------------------------------------------[2024-03-14 07:51:41.677]

SOURCE: AIR
RX_ID: 423, Freq: 131.725MHz
Mode: G NACKLabel: H1 Block ID: 1, Msg No: D16D
Flight ID: AF7330 REG: F-GMZE


Message content:-
#DFB0000,0000/X5N000,N001,N002,0000,0000,0000/X61583,E0037,N462,023,241,0083,0792/X71583,E0037,N462,025,235,0070,0797,/
-------------------------------------------------------[2024-03-14 07:51:45.151]

SOURCE: AIR
RX_ID: 424, Freq: 131.725MHz
Mode: G NACKLabel: 26 Block ID: 2, Msg No: M19A
Flight ID: AF7330 REG: F-GMZE


Message content:-
0754LFPGAF7330/140759LFML31L
-------------------------------------------------------[2024-03-14 07:54:03.394]

SOURCE: AIR
RX_ID: 425, Freq: 131.825MHz
Mode: 2 NACKLabel: 1L Block ID: 0, Msg No: M56A
Flight ID: LH0577 REG: D-AIGT


Message content:-
00145209292H7Y70KDK07435,00K+G05:TF(J-I9UBBJ(4IJ97XXLUJJS34*J
-------------------------------------------------------[2024-03-14 08:13:52.046]

SOURCE: AIR
RX_ID: 426, Freq: 131.825MHz
Mode: 2 NACKLabel: Q0 Block ID: 3, Msg No: S57A
Flight ID: FR30BX REG: 9H-QBR


Message content:-

-------------------------------------------------------[2024-03-14 08:30:02.414]

SOURCE: AIR
RX_ID: 427, Freq: 131.825MHz
Mode: 2 NACKLabel: 16 Block ID: 4, Msg No: M09A
Flight ID: FR30BX REG: 9H-QBR


Message content:-
083455,,0850,  90,N   .    MMMM.MMM
-------------------------------------------------------[2024-03-14 08:34:57.736]

SOURCE: AIR
RX_ID: 428, Freq: 131.825MHz
Mode: 2 NACKLabel: Q0 Block ID: 5, Msg No: S58A
Flight ID: FR30BX REG: 9H-QBR


Message content:-

-------------------------------------------------------[2024-03-14 08:45:03.335]

SOURCE: AIR
RX_ID: 429, Freq: 131.725MHz
Mode: 2 NACKLabel: _d Block ID: 6, Msg No: M63A
Flight ID: XA0000 REG: N930EN


Message content:-

-------------------------------------------------------[2024-03-14 08:51:30.845]

SOURCE: AIR
RX_ID: 430, Freq: 131.725MHz
Mode: G NACKLabel: H1 Block ID: 9, Msg No: D97A
Flight ID: KL0104 REG: PH-BVS


Message content:-
#DFB(POS-KLM104  -4425N00450E/085530 F360
RMK/FUEL  16.5 M0.84)
-------------------------------------------------------[2024-03-14 08:55:32.513]

SOURCE: AIR
RX_ID: 431, Freq: 131.725MHz
Mode: 2 ACK, A2GLabel: _d Block ID: 2, Msg No: M72A
Flight ID: XA0000 REG: N930EN


Message content:-

-------------------------------------------------------[2024-03-14 08:58:33.545]

SOURCE: AIR
RX_ID: 432, Freq: 131.725MHz
Mode: 2 ACK, A2GLabel: _d Block ID: 3, Msg No: M73A
Flight ID: XA0000 REG: N930EN


Message content:-

-------------------------------------------------------[2024-03-14 08:58:36.618]

SOURCE: AIR
RX_ID: 433, Freq: 131.725MHz
Mode: 2 NACKLabel: H1 Block ID: 7, Msg No: F77A
Flight ID: XA0000 REG: N930EN


Message content:-
#M1B/.POS/TS090754,140324N43353E006078,,090754,110,,090754,,M3,3083,144,8507393
-------------------------------------------------------[2024-03-14 09:07:55.107]

SOURCE: AIR
RX_ID: 434, Freq: 131.725MHz
Mode: G NACKLabel: H1 Block ID: 3, Msg No: D32B
Flight ID: AF7331 REG: F-GMZE


Message content:-
#DFB0,00/N202,00,00,00,02,00,00,00/S10894,0894,0970,7450,3916,3515,0950/S20893,0893,0970,7480,3933,3520,0950/T15090,1122,153,140,----,017,000/T25185,1136,153,140,----,019,001/V114890,0130,1,1,051,071,002,009,00
-------------------------------------------------------[2024-03-14 09:08:31.166]

SOURCE: AIR
RX_ID: 435, Freq: 131.725MHz
Mode: G NACKLabel: H1 Block ID: 4, Msg No: D32C
Flight ID: AF7331 REG: F-GMZE


Message content:-
#DFB0/V214750,0130,1,1,052,070,017,008,134/X100008,00080,00010,099,036,1321/X200008,00060,00010,099,037,1319/
-------------------------------------------------------[2024-03-14 09:08:36.688]

SOURCE: AIR
RX_ID: 436, Freq: 131.725MHz
Mode: G NACKLabel: 2F Block ID: 8, Msg No: M33A
Flight ID: AF7331 REG: F-GMZE


Message content:-
0922+4481+457/2658
-------------------------------------------------------[2024-03-14 09:22:40.688]

SOURCE: AIR
RX_ID: 437, Freq: 131.825MHz
Mode: 2 NACKLabel: Q0 Block ID: 3, Msg No: S90A
Flight ID: NW0183 REG: N815NW


Message content:-

-------------------------------------------------------[2024-03-14 10:02:04.279]

SOURCE: AIR
RX_ID: 438, Freq: 131.825MHz
Mode: 2 ACK, A2GLabel: _d Block ID: 4, Msg No: S91A
Flight ID: NW0183 REG: N815NW


Message content:-

-------------------------------------------------------[2024-03-14 10:05:58.592]

SOURCE: AIR
RX_ID: 439, Freq: 131.825MHz
Mode: 2 ACK, A2GLabel: _d Block ID: 5, Msg No: S92A
Flight ID: NW0183 REG: N815NW


Message content:-

-------------------------------------------------------[2024-03-14 10:06:05.139]

SOURCE: AIR
RX_ID: 440, Freq: 131.825MHz
Mode: 2 ACK, A2GLabel: _d Block ID: 7, Msg No: S94A
Flight ID: NW0183 REG: N815NW


Message content:-

-------------------------------------------------------[2024-03-14 10:06:18.855]

SOURCE: AIR
RX_ID: 441, Freq: 131.825MHz
Mode: 2 ACK, A2GLabel: _d Block ID: 9, Msg No: S96A
Flight ID: NW0183 REG: N815NW


Message content:-

-------------------------------------------------------[2024-03-14 10:06:31.763]

SOURCE: AIR
RX_ID: 442, Freq: 131.825MHz
Mode: 2 NACKLabel: Q0 Block ID: 9, Msg No: S06A
Flight ID: VY43JM REG: EC-KLB


Message content:-

-------------------------------------------------------[2024-03-14 10:12:16.452]

SOURCE: AIR
RX_ID: 443, Freq: 131.825MHz
Mode: 2 NACKLabel: Q0 Block ID: 9, Msg No: S06A
Flight ID: VY43JM REG: EC-KLB


Message content:-

-------------------------------------------------------[2024-03-14 10:12:40.187]

SOURCE: AIR
RX_ID: 444, Freq: 131.825MHz
Mode: 2 NACKLabel: H1 Block ID: 0, Msg No: C08A
Flight ID: VY43JM REG: EC-KLB


Message content:-
#CFBWRN/WN24031410120046200006DATALINK ATC FAULT      
-------------------------------------------------------[2024-03-14 10:12:46.952]

SOURCE: AIR
RX_ID: 445, Freq: 131.825MHz
Mode: 2 NACKLabel: H1 Block ID: 1, Msg No: C09A
Flight ID: VY43JM REG: EC-KLB


Message content:-
#CFBWRN/WN24031410120046200006DATALINK COMPANY FAULT  
-------------------------------------------------------[2024-03-14 10:12:52.476]

SOURCE: AIR
RX_ID: 446, Freq: 131.825MHz
Mode: 2 NACKLabel: H1 Block ID: 1, Msg No: C09A
Flight ID: VY43JM REG: EC-KLB


Message content:-
#CFBWRN/WN24031410120046200006DATALINK COMPANY FAULT  
-------------------------------------------------------[2024-03-14 10:13:12.552]

SOURCE: AIR
RX_ID: 447, Freq: 131.825MHz
Mode: 2 NACKLabel: H1 Block ID: 2, Msg No: C10A
Flight ID: VY43JM REG: EC-KLB


Message content:-
#CFBFLR/FR24031410120023123306VHF3(1RC3)/IDVHF 3,VHF 3,ATSU
-------------------------------------------------------[2024-03-14 10:13:18.477]

SOURCE: AIR
RX_ID: 448, Freq: 131.725MHz
Mode: 2 NACKLabel: Q0 Block ID: 0, Msg No: S29A
Flight ID: AH1000 REG: 7T-VKI


Message content:-

-------------------------------------------------------[2024-03-14 10:46:18.513]

SOURCE: AIR
RX_ID: 449, Freq: 131.725MHz
Mode: 2 NACKLabel: SA Block ID: 1, Msg No: M16A
Flight ID: AH1000 REG: 7T-VKI


Message content:-
0EV104621V
-------------------------------------------------------[2024-03-14 10:46:22.204]

SOURCE: AIR
RX_ID: 450, Freq: 131.725MHz
Mode: 2 ACK, A2GLabel: _d Block ID: 2, Msg No: S30A
Flight ID: AH1000 REG: 7T-VKI


Message content:-

-------------------------------------------------------[2024-03-14 10:46:25.676]

SOURCE: AIR
RX_ID: 451, Freq: 131.725MHz
Mode: 2 NACKLabel: H1 Block ID: 3, Msg No: F04A
Flight ID: AH1000 REG: 7T-VKI


Message content:-
#M1BPOSN43550E004599,MTG,104627,380,MTL01,105139,ETR01,M62,262023,187/RP:DA:DAAG:AA:LFPG:CR:OFP008293(08R)..MTL01..ETR01..RUSIT.UN854.LOGNI..MOKIP..ARFOZ.UN854.TINIL:A:TINI9E:F:OKIPA:AP:ILS 08R.OKI6E:F:PG416/PR
-------------------------------------------------------[2024-03-14 10:46:31.418]

SOURCE: AIR
RX_ID: 452, Freq: 131.725MHz
Mode: 2 NACKLabel: H1 Block ID: 4, Msg No: F04B
Flight ID: AH1000 REG: 7T-VKI


Message content:-
#M1B1388,50,380,187,,71,30,273021,M59,40,P22,P0/FHMTL01,105139,249K,3800,183,M62,259021,446,N,358,40.ETR01,105646,249K,3800,179,M62,255020,445,N,357,38.RUSIT,110032,249K,3800,175,M62,250020,445,N,357,28.BULOL,1
-------------------------------------------------------[2024-03-14 10:46:35.736]

SOURCE: AIR
RX_ID: 453, Freq: 131.725MHz
Mode: 2 NACKLabel: H1 Block ID: 5, Msg No: F04C
Flight ID: AH1000 REG: 7T-VKI


Message content:-
#M1B10342,249K,3800,173,M62,246020,445,N,021,24.LOGNI,110516,249K,3800,172,M62,245020,445,N,000,12.MOKIP,110653,249K,3800,170,M62,241020,445,N,000,12.ARFOZ,110932,249K,3800,168,M62,235019,445,N,000,20.DJL,11132
-------------------------------------------------------[2024-03-14 10:46:40.231]

SOURCE: AIR
RX_ID: 454, Freq: 131.725MHz
Mode: 2 NACKLabel: H1 Block ID: 6, Msg No: F04D
Flight ID: AH1000 REG: 7T-VKI


Message content:-
#M1B2,251K,3760,165,M57,228021,451,N,000,29.TINIL,111550,273K,3136,165,M47,229022,436,Y,000,19.FF302,111729,273K,2800,164,M40,242025,414,Y,320,12.NANOP,112400,273K,2064,161,M26,247021,369,Y,319,42.FF301,112522,
-------------------------------------------------------[2024-03-14 10:46:44.327]

SOURCE: AIR
RX_ID: 455, Freq: 131.725MHz
Mode: G NACKLabel: H1 Block ID: 7, Msg No: F04E
Flight ID: AH1000 REG: 7T-VKI


Message content:-
#M1B300K,2000,161,M23,247019,361,Y,309,8.URELO,112832,273K,1600,159,M17,247016,344,Y,309,18.OKIPA,112958,300K,1485,158,M14,247015,338,Y,303,8.CLM,113449,273K,1112,155,M7,247011,320,Y,302,26.MOSUD,113629,240K,99
-------------------------------------------------------[2024-03-14 10:46:48.827]

SOURCE: AIR
RX_ID: 456, Freq: 131.725MHz
Mode: G NACKLabel: H1 Block ID: 8, Msg No: F04F
Flight ID: AH1000 REG: 7T-VKI


Message content:-
#M1B3,154,M5,247010,277,Y,312,8.PG503,114005,240K,766,152,M0,247007,268,Y,265,16.VECTOR,,,,,,229022,,Y,258.CF08R,114325,172K,500,151,P4,247005,187,Y,085,13.FF08R,114407,158K,500,151,P5,247005,170,Y,085,2.RW08R,
-------------------------------------------------------[2024-03-14 10:46:53.324]

SOURCE: AIR
RX_ID: 457, Freq: 131.725MHz
Mode: G NACKLabel: H1 Block ID: 9, Msg No: F04G
Flight ID: AH1000 REG: 7T-VKI


Message content:-
#M1B114920,158K,39,145,P14,000000,159,Y,085,14.PG425,,,,,,000000,,Y,086,20.PG416,,,500,,,000000,,Y,083,4.LFPG,,150K,39,,,000000,164,N,325,1/DTLFPG,08R,145,114920,7325E7
-------------------------------------------------------[2024-03-14 10:46:57.422]

SOURCE: AIR
RX_ID: 458, Freq: 131.725MHz
Mode: G ACK, A2GLabel: _d Block ID: 0, Msg No: S31A
Flight ID: AH1000 REG: 7T-VKI


Message content:-

-------------------------------------------------------[2024-03-14 10:47:07.263]

SOURCE: AIR
RX_ID: 459, Freq: 131.725MHz
Mode: G NACKLabel: 5V Block ID: 1, Msg No: S32A
Flight ID: AH1000 REG: 7T-VKI


Message content:-

-------------------------------------------------------[2024-03-14 10:47:10.732]

SOURCE: AIR
RX_ID: 460, Freq: 131.725MHz
Mode: 2 NACKLabel: Q0 Block ID: 2, Msg No: S33A
Flight ID: AH1000 REG: 7T-VKI


Message content:-

-------------------------------------------------------[2024-03-14 10:51:21.001]

SOURCE: AIR
RX_ID: 461, Freq: 131.725MHz
Mode: X NACKLabel: SA Block ID: 3, Msg No: M17A
Flight ID: AH1000 REG: 7T-VKI


Message content:-
0EV105123V
-------------------------------------------------------[2024-03-14 10:51:24.698]

SOURCE: AIR
RX_ID: 462, Freq: 131.725MHz
Mode: X NACKLabel: 5V Block ID: 4, Msg No: S34A
Flight ID: AH1000 REG: 7T-VKI


Message content:-

-------------------------------------------------------[2024-03-14 10:52:08.727]

SOURCE: AIR
RX_ID: 463, Freq: 131.725MHz
Mode: 2 NACKLabel: Q0 Block ID: 5, Msg No: S35A
Flight ID: AH1000 REG: 7T-VKI


Message content:-

-------------------------------------------------------[2024-03-14 10:56:18.584]

SOURCE: AIR
RX_ID: 464, Freq: 131.725MHz
Mode: X NACKLabel: SA Block ID: 6, Msg No: M18A
Flight ID: AH1000 REG: 7T-VKI


Message content:-
0EV105620V
-------------------------------------------------------[2024-03-14 10:56:22.497]

SOURCE: AIR
RX_ID: 465, Freq: 131.725MHz
Mode: X NACKLabel: 5V Block ID: 7, Msg No: S36A
Flight ID: AH1000 REG: 7T-VKI


Message content:-

-------------------------------------------------------[2024-03-14 10:56:48.280]

SOURCE: AIR
RX_ID: 466, Freq: 131.725MHz
Mode: G NACKLabel: Q0 Block ID: 8, Msg No: S37A
Flight ID: AH1000 REG: 7T-VKI


Message content:-

-------------------------------------------------------[2024-03-14 10:57:19.843]

SOURCE: AIR
RX_ID: 467, Freq: 131.725MHz
Mode: G NACKLabel: SA Block ID: 9, Msg No: M19A
Flight ID: AH1000 REG: 7T-VKI


Message content:-
0EV105722V
-------------------------------------------------------[2024-03-14 10:57:23.317]

SOURCE: AIR
RX_ID: 468, Freq: 131.825MHz
Mode: 2 NACKLabel: 44 Block ID: 6, Msg No: M44A
Flight ID: GS0000 REG: DAHOX


Message content:-
07*?X.0)Em04k0]..m<4k)4mk) ]xx) 6-r).0;m);.<M);;4M).;.+4
-------------------------------------------------------[2024-03-14 10:57:44.602]

SOURCE: AIR
RX_ID: 469, Freq: 131.725MHz
Mode: G NACKLabel: B9 Block ID: 0, Msg No: L00A
Flight ID: AH1000 REG: 7T-VKI


Message content:-
/LFPG.TI2/024LFPGCD982
-------------------------------------------------------[2024-03-14 10:57:46.246]

SOURCE: AIR
RX_ID: 470, Freq: 131.725MHz
Mode: G ACK, A2GLabel: _d Block ID: 1, Msg No: S38A
Flight ID: AH1000 REG: 7T-VKI


Message content:-

-------------------------------------------------------[2024-03-14 10:57:50.745]

SOURCE: AIR
RX_ID: 471, Freq: 131.725MHz
Mode: G ACK, A2GLabel: _d Block ID: 2, Msg No: S39A
Flight ID: AH1000 REG: 7T-VKI


Message content:-

-------------------------------------------------------[2024-03-14 10:57:54.664]

SOURCE: AIR
RX_ID: 472, Freq: 131.825MHz
Mode: 2 NACKLabel: 44 Block ID: 7, Msg No: M45A
Flight ID: GS0000 REG: DAHOX


Message content:-
04p=G'mVNHm!a+(''Fm::V\XXVq(77VqzkrV'm\HV\\'!V\\!FV'\'#\
-------------------------------------------------------[2024-03-14 11:02:44.640]

SOURCE: AIR
RX_ID: 473, Freq: 131.725MHz
Mode: 2 NACKLabel: Q0 Block ID: 4, Msg No: S54A
Flight ID: TK06XV REG: TC-JSE


Message content:-

-------------------------------------------------------[2024-03-14 11:30:18.404]

SOURCE: AIR
RX_ID: 474, Freq: 131.725MHz
Mode: 2 ACK, A2GLabel: _d Block ID: 0, Msg No: S57A
Flight ID: TK06XV REG: TC-JSE


Message content:-

-------------------------------------------------------[2024-03-14 11:30:52.599]

SOURCE: AIR
RX_ID: 475, Freq: 131.725MHz
Mode: X NACKLabel: Q0 Block ID: 1, Msg No: S58A
Flight ID: TK06XV REG: TC-JSE


Message content:-

-------------------------------------------------------[2024-03-14 11:31:01.813]

SOURCE: AIR
RX_ID: 476, Freq: 131.725MHz
Mode: X NACKLabel: Q0 Block ID: 1, Msg No: S58A
Flight ID: TK06XV REG: TC-JSE


Message content:-

-------------------------------------------------------[2024-03-14 11:31:14.725]

SOURCE: AIR
RX_ID: 477, Freq: 131.725MHz
Mode: X NACKLabel: 5V Block ID: 2, Msg No: S59A
Flight ID: TK06XV REG: TC-JSE


Message content:-

-------------------------------------------------------[2024-03-14 11:31:17.612]

SOURCE: AIR
RX_ID: 478, Freq: 131.725MHz
Mode: E NACKLabel: H1 Block ID: 5, Msg No: D07C
Flight ID: SN037K REG: OO-SFD


Message content:-
#DFB2,1.502,1.502,079.73,087.0,086.4,0614,08.158,03317,09.36
S1,05.39,-29.2,039.1,179.1,165.7,450.3,08.0,059.8,024.9,29,123
S2,05.39,-29.2,040.6,180.3,170.4,443.1,07.4,058.0,027.3,37,124
T1,080,098,103.7,-06
-------------------------------------------------------[2024-03-14 11:42:29.782]

SOURCE: AIR
RX_ID: 479, Freq: 131.725MHz
Mode: E NACKLabel: H1 Block ID: 7, Msg No: D07E
Flight ID: SN037K REG: OO-SFD


Message content:-
#DFB3.93
X3,-00.0,000.9,-02.7,-00.0,-00.0,002.6,-03142,221270,32.2
X4,-00.1,-00.1,-00.1,-00.1,-00.1,-00.1,000.0,000.0,0157.6
X5,-00.1,-00.1,-00.1,-00.0,-00.1,-00.1,000.0,000.0,0157.3
X6,-00.7,000.8,027,-105
-------------------------------------------------------[2024-03-14 11:42:37.135]

SOURCE: AIR
RX_ID: 480, Freq: 131.725MHz
Mode: E NACKLabel: B9 Block ID: 7, Msg No: L02A
Flight ID: XA0001 REG: OEGMJ


Message content:-
/LEMD.TI2/024LEMDA367D
-------------------------------------------------------[2024-03-14 12:52:48.572]

SOURCE: AIR
RX_ID: 481, Freq: 131.725MHz
Mode: E ACK, A2GLabel: _d Block ID: 8, Msg No: S05A
Flight ID: XA0001 REG: OEGMJ


Message content:-

-------------------------------------------------------[2024-03-14 12:52:53.070]

SOURCE: AIR
RX_ID: 482, Freq: 131.725MHz
Mode: E ACK, A2GLabel: _d Block ID: 9, Msg No: S06A
Flight ID: XA0001 REG: OEGMJ


Message content:-

-------------------------------------------------------[2024-03-14 12:52:56.581]

SOURCE: AIR
RX_ID: 483, Freq: 131.525MHz
Mode: T ACK, A2GLabel: _d Block ID: 0, Msg No: S33A
Flight ID: AF7336 REG: F-GMZE


Message content:-

-------------------------------------------------------[2024-03-14 13:07:29.242]

SOURCE: AIR
RX_ID: 484, Freq: 131.725MHz
Mode: 2 NACKLabel: Q0 Block ID: 1, Msg No: S34A
Flight ID: AF7336 REG: F-GMZE


Message content:-

-------------------------------------------------------[2024-03-14 13:07:31.290]

SOURCE: AIR
RX_ID: 485, Freq: 131.725MHz
Mode: E NACKLabel: Q0 Block ID: 2, Msg No: S35A
Flight ID: AF7336 REG: F-GMZE


Message content:-

-------------------------------------------------------[2024-03-14 13:07:42.153]

SOURCE: AIR
RX_ID: 486, Freq: 131.725MHz
Mode: E ACK, A2GLabel: _d Block ID: 4, Msg No: S36A
Flight ID: AF7336 REG: F-GMZE


Message content:-

-------------------------------------------------------[2024-03-14 13:10:21.503]

SOURCE: AIR
RX_ID: 487, Freq: 131.725MHz
Mode: E NACKLabel: H1 Block ID: 6, Msg No: D19B
Flight ID: AF7336 REG: F-GMZE


Message content:-
#DFB028,1402,XXXXX/N20846,0846,0927,6039,1389,XXXXX/S1XXXXX,0620,1407,4161,XXXX,020,N00/S2XXXXX,0638,1405,4217,XXXX,026,N00/T1099,099,023,41,075,05702,XXXX/T2099,099,018,40,071,05700,XXXX/V1042,082,001,009,000,
-------------------------------------------------------[2024-03-14 13:11:29.088]

SOURCE: AIR
RX_ID: 488, Freq: 131.725MHz
Mode: E NACKLabel: H1 Block ID: 8, Msg No: D20A
Flight ID: AF7336 REG: F-GMZE


Message content:-
#DFBA02/A32102,1,1/CCF-GMZE,MAR14,125357,LFPG,LFML,0062/C106,01801,5000,53,0010,0,0100,62,X/CEN261,32962,275,776,6980,275,C53015/CNN262,32999,276,778,6980,275/EC643526,00000,01757,00001,73,23,09/EE577159,00000,
-------------------------------------------------------[2024-03-14 13:12:00.430]

SOURCE: AIR
RX_ID: 489, Freq: 131.725MHz
Mode: E NACKLabel: H1 Block ID: 9, Msg No: D20B
Flight ID: AF7336 REG: F-GMZE


Message content:-
#DFB05944,00001,73/N10846,0846,0927,6030,1402,XXXXX/N20846,0846,0927,6041,1389,XXXXX/S1XXXXX,0620,1406,4161,XXXX,020,N00/S2XXXXX,0638,1404,4216,XXXX,026,N00/T1099,099,023,41,075,05699,XXXX/T2099,099,018,39,071,
-------------------------------------------------------[2024-03-14 13:12:04.094]

SOURCE: AIR
RX_ID: 490, Freq: 131.725MHz
Mode: E NACKLabel: H1 Block ID: 0, Msg No: D20C
Flight ID: AF7336 REG: F-GMZE


Message content:-
#DFB05697,XXXX/V1042,082,001,009,000,00008,00061/V2043,079,012,007,116,00008,00081/X102396,0000,0018,N001,N0006,0005/X202480,0000,0019,N001,N0007,0005/X3N000,0009,N006,N008,N002,N000,N000/X4N002,N003,N002,N001,
-------------------------------------------------------[2024-03-14 13:12:08.001]

SOURCE: AIR
RX_ID: 491, Freq: 131.725MHz
Mode: E NACKLabel: H1 Block ID: 1, Msg No: D20D
Flight ID: AF7336 REG: F-GMZE


Message content:-
#DFB0000,0000/X5N000,N001,N002,0000,0000,0000/X61576,E0035,N459,021,244,0128,0790/X71576,E0035,N459,021,243,0099,0792,/
-------------------------------------------------------[2024-03-14 13:12:11.259]

SOURCE: AIR
RX_ID: 492, Freq: 131.725MHz
Mode: 2 ACK, A2GLabel: _d Block ID: 6, Msg No: M51A
Flight ID: XA0000 REG: N930EN


Message content:-

-------------------------------------------------------[2024-03-14 14:18:44.562]

SOURCE: AIR
RX_ID: 493, Freq: 131.725MHz
Mode: 2 NACKLabel: H1 Block ID: 7, Msg No: F52A
Flight ID: XA0000 REG: N930EN


Message content:-
#M1B/.RESREQ/AK,115/TS141849,140324
-------------------------------------------------------[2024-03-14 14:18:46.216]

SOURCE: AIR
RX_ID: 494, Freq: 131.725MHz
Mode: G ACK, A2GLabel: _d Block ID: 0, Msg No: S22A
Flight ID: AH1001 REG: 7T-VKI


Message content:-

-------------------------------------------------------[2024-03-14 14:27:26.190]

SOURCE: AIR
RX_ID: 495, Freq: 131.825MHz
Mode: 2 NACKLabel: Q0 Block ID: 1, Msg No: M90A
Flight ID: XA0000 REG: N255JX


Message content:-

-------------------------------------------------------[2024-03-14 14:28:15.560]

SOURCE: AIR
RX_ID: 496, Freq: 131.725MHz
Mode: G NACKLabel: H1 Block ID: 5, Msg No: D37B
Flight ID: AF7337 REG: F-GMZE


Message content:-
#DFB0,00/N202,00,00,01,00,01,00,00/S10916,0916,0980,7760,4267,3747,0952/S20916,0915,0980,7770,4289,3750,0952/T15260,1203,180,142,----,017,N00/T25355,1218,182,142,----,019,001/V115109,0160,1,1,051,075,004,009,08
-------------------------------------------------------[2024-03-14 14:28:19.659]

SOURCE: AIR
RX_ID: 497, Freq: 131.725MHz
Mode: G NACKLabel: H1 Block ID: 6, Msg No: D37C
Flight ID: AF7337 REG: F-GMZE


Message content:-
#DFB8/V215000,0157,1,1,053,073,020,006,104/X100008,00080,00010,099,036,0951/X200008,00060,00010,100,037,0943/
-------------------------------------------------------[2024-03-14 14:28:23.129]

SOURCE: AIR
RX_ID: 498, Freq: 131.725MHz
Mode: G NACKLabel: B9 Block ID: 7, Msg No: L04A
Flight ID: AF7337 REG: F-GMZE


Message content:-
/LFPG.TI2/064LFPGA3806
-------------------------------------------------------[2024-03-14 14:37:23.403]

SOURCE: AIR
RX_ID: 499, Freq: 131.725MHz
Mode: G ACK, A2GLabel: _d Block ID: 8, Msg No: S62A
Flight ID: AF7337 REG: F-GMZE


Message content:-

-------------------------------------------------------[2024-03-14 14:37:27.902]

SOURCE: AIR
RX_ID: 500, Freq: 131.725MHz
Mode: G ACK, A2GLabel: _d Block ID: 9, Msg No: S63A
Flight ID: AF7337 REG: F-GMZE


Message content:-

-------------------------------------------------------[2024-03-14 14:37:31.816]

SOURCE: AIR
RX_ID: 501, Freq: 131.725MHz
Mode: G NACKLabel: H1 Block ID: 1, Msg No: D38A
Flight ID: AF7337 REG: F-GMZE


Message content:-
#DFBA31/A32131,1,1/C1F-GMZE,MAR14,142314,LFML,LFPG,0017/C202,00000,8100,65,0011,0,1100,65,X/C30162,N0115,---,---,7017,233,C53015/C44344,XXXXX,N0115,0160,---/4CN003,---,00072,070179,---/C5XXXXX,XXXXX,N0117,0167,
-------------------------------------------------------[2024-03-14 14:39:20.361]

SOURCE: AIR
RX_ID: 502, Freq: 131.725MHz
Mode: G NACKLabel: H1 Block ID: 2, Msg No: D38B
Flight ID: AF7337 REG: F-GMZE


Message content:-
#DFB---/5CN005,---,N0010,070143,---/C64344,XXXXX,N0117,0172,---/6CN006,---,N0007,XXXXXX,---/C74344,XXXXX,N0116,0177,---/7CN006,---,N0003,070179,---/C84344,0519,N0115,0182,---/8CN004,---,00029,070161,---/C94344,
-------------------------------------------------------[2024-03-14 14:39:24.456]

SOURCE: AIR
RX_ID: 503, Freq: 131.725MHz
Mode: G NACKLabel: H1 Block ID: 3, Msg No: D38C
Flight ID: AF7337 REG: F-GMZE


Message content:-
#DFBXXXXX,N0112,0180,---/9CN002,---,00079,070197,---/C04344,XXXXX,N0115,0167,---/0CN002,---,00000,070179,---/E1XXXXX,XXXXX,N0116,0167,---/1EN000,---,N0003,070179,---/E2XXXXX,XXXXX,N0116,0172,---/2EN000,---,N000
-------------------------------------------------------[2024-03-14 14:39:28.954]

SOURCE: AIR
RX_ID: 504, Freq: 131.725MHz
Mode: G NACKLabel: H1 Block ID: 4, Msg No: D38D
Flight ID: AF7337 REG: F-GMZE


Message content:-
#DFB1,070161,---/E3XXXXX,XXXXX,N0115,0175,---/3EN000,---,N0003,XXXXXX,---/E4XXXXX,XXXXX,N0115,0177,---/4EN000,---,N0004,070125,---/E5XXXXX,XXXXX,N0092,0162,---/5EN001,065,00056,070107,---/E64343,0520,N0086,0147
-------------------------------------------------------[2024-03-14 14:39:33.050]

SOURCE: AIR
RX_ID: 505, Freq: 131.725MHz
Mode: G NACKLabel: H1 Block ID: 5, Msg No: D38E
Flight ID: AF7337 REG: F-GMZE


Message content:-
#DFB,158/6EN000,158,00527,070107,006/E74342,0521,00450,0135,191/7E0004,172,00349,070270,006/E84341,0523,01399,0110,214/8EN192,171,00349,070216,004/E9XXXXX,0525,02284,0095,202/9EN035,167,N0002,070197,002/E04342,
-------------------------------------------------------[2024-03-14 14:39:37.146]

SOURCE: AIR
RX_ID: 506, Freq: 131.725MHz
Mode: G NACKLabel: H1 Block ID: 6, Msg No: D38F
Flight ID: AF7337 REG: F-GMZE


Message content:-
#DFB0527,02976,0085,120/0EN191,170,N0505,XXXXXX,001/N14343,0529,03450,0080,201/1NN220,183,N0278,070143,002/N24345,0528,03761,0082,192/2NN015,203,N0145,070143,005/N34347,0527,03919,0080,175/3N0012,243,00069,0701
-------------------------------------------------------[2024-03-14 14:39:41.243]

SOURCE: AIR
RX_ID: 507, Freq: 131.725MHz
Mode: G NACKLabel: H1 Block ID: 7, Msg No: D38G
Flight ID: AF7337 REG: F-GMZE


Message content:-
#DFB79,003/N44349,0526,04579,0070,177/4N0007,254,00373,070125,004/N54352,0525,05636,0067,200/5NN006,250,N0131,070107,006/N64354,0524,06668,0052,275/6N0000,252,00496,070089,000/N74356,0523,07744,0032,310/7NN004,
-------------------------------------------------------[2024-03-14 14:39:45.120]

SOURCE: AIR
RX_ID: 508, Freq: 131.725MHz
Mode: G NACKLabel: H1 Block ID: 8, Msg No: D38H
Flight ID: AF7337 REG: F-GMZE


Message content:-
#DFB248,N0214,XXXXXX,001/N84359,0522,08638,0015,232/8NN001,247,N0277,070052,005/N94362,0521,09481,0005,266/9NN000,251,00124,070016,007/N04364,0520,10408,N015,256/0NN000,250,N0687,070052,008/S14367,0519,10835,N0
-------------------------------------------------------[2024-03-14 14:39:48.814]

SOURCE: AIR
RX_ID: 509, Freq: 131.725MHz
Mode: G NACKLabel: H1 Block ID: 9, Msg No: D38I
Flight ID: AF7337 REG: F-GMZE


Message content:-
#DFB25,260/1SN000,268,N0001,069962,012/S24369,0518,11200,N032,265/2S0003,285,N0013,069943,014/S34373,0516,11553,N040,269/3SN013,301,N0017,069907,012/S44375,0515,11873,N045,268/4S0024,315,N0007,XXXXXX,011/S54379
-------------------------------------------------------[2024-03-14 14:39:52.913]

SOURCE: AIR
RX_ID: 510, Freq: 131.725MHz
Mode: G NACKLabel: H1 Block ID: 0, Msg No: D38J
Flight ID: AF7337 REG: F-GMZE


Message content:-
#DFB,0514,12222,N052,258/5SN000,325,00258,069853,013/S64382,0512,12832,N067,252/6SN002,326,00111,069816,010/S74386,0511,13541,N085,244/7SN003,326,N0028,069835,008/S84390,0510,14235,N100,253/8SN000,327,N0043,069
-------------------------------------------------------[2024-03-14 14:39:56.387]

SOURCE: AIR
RX_ID: 511, Freq: 131.725MHz
Mode: G NACKLabel: H1 Block ID: 1, Msg No: D38K
Flight ID: AF7337 REG: F-GMZE


Message content:-
#DFB762,013/S94393,0509,14997,N110,256/9SN002,325,N0213,069726,014/S04397,0507,15624,N122,237/0SN003,323,N0300,069689,014/T14401,0506,16128,N130,236/1T0057,326,N0009,XXXXXX,014/T24404,0505,16761,N145,243/2TN000
-------------------------------------------------------[2024-03-14 14:40:00.299]

SOURCE: AIR
RX_ID: 512, Freq: 131.725MHz
Mode: G NACKLabel: H1 Block ID: 2, Msg No: D38L
Flight ID: AF7337 REG: F-GMZE


Message content:-
#DFB,327,00062,069635,017/T34408,0504,17472,N162,248/3TN000,326,N0072,069599,017/T44412,XXXXX,18055,N172,238/4TN000,324,N0178,069635,018/T54416,XXXXX,18519,N182,241/5T0004,327,00148,069544,020/T64420,0502,19093
-------------------------------------------------------[2024-03-14 14:40:04.176]

SOURCE: AIR
RX_ID: 513, Freq: 131.725MHz
Mode: G NACKLabel: H1 Block ID: 3, Msg No: D38M
Flight ID: AF7337 REG: F-GMZE


Message content:-
#DFB,N192,239/6TN003,326,00072,069508,019/T74424,0500,19694,N207,245/7TN007,327,00036,069472,015/T84428,0499,20297,N222,252/8T0002,326,00184,XXXXXX,017/T9XXXXX,0499,20891,N237,253/9T0002,324,N0191,069417,020,/
-------------------------------------------------------[2024-03-14 14:40:08.053]

SOURCE: AIR
RX_ID: 514, Freq: 131.725MHz
Mode: G NACKLabel: 80 Block ID: 4, Msg No: M33A
Flight ID: AF7337 REG: F-GMZE


Message content:-
AF7337/DEST/LFPG
BONJOUR.
DEMANDONS MOUSSE ASSISE
POUR SIEGE PAX 22D.
SIEGE INUTILISABLE
EN L ETAT....
MERCI
-------------------------------------------------------[2024-03-14 14:40:26.301]

SOURCE: AIR
RX_ID: 515, Freq: 131.725MHz
Mode: G NACKLabel: 2F Block ID: 5, Msg No: M34A
Flight ID: AF7337 REG: F-GMZE


Message content:-
1442+4485+491/2658
-------------------------------------------------------[2024-03-14 14:42:24.464]

SOURCE: AIR
RX_ID: 516, Freq: 131.825MHz
Mode: 2 NACKLabel: Q0 Block ID: 1, Msg No: S27A
Flight ID: EC451R REG: OE-IVW


Message content:-

-------------------------------------------------------[2024-03-14 14:55:34.195]

SOURCE: AIR
RX_ID: 517, Freq: 131.825MHz
Mode: 2 NACKLabel: H1 Block ID: 2, Msg No: C10A
Flight ID: EC451R REG: OE-IVW


Message content:-
#CFBFLR/FR24031414550023123306VHF3(1RC3)/IDVHF 3,CFDS,ATSU  
-------------------------------------------------------[2024-03-14 14:56:19.433]

SOURCE: AIR
RX_ID: 518, Freq: 131.825MHz
Mode: 2 NACKLabel: 5V Block ID: 3, Msg No: S28A
Flight ID: EC451R REG: OE-IVW


Message content:-

-------------------------------------------------------[2024-03-14 14:56:28.468]

SOURCE: AIR
RX_ID: 519, Freq: 131.725MHz
Mode: 2 NACKLabel: Q0 Block ID: 5, Msg No: S66A
Flight ID: QR038Q REG: A7-ACS


Message content:-

-------------------------------------------------------[2024-03-14 15:14:45.369]

SOURCE: AIR
RX_ID: 520, Freq: 131.725MHz
Mode: 2 NACKLabel: SA Block ID: 6, Msg No: S67A
Flight ID: QR038Q REG: A7-ACS


Message content:-
0EV151447VS
-------------------------------------------------------[2024-03-14 15:14:48.443]

SOURCE: AIR
RX_ID: 521, Freq: 131.725MHz
Mode: 2 NACKLabel: H1 Block ID: 7, Msg No: F32A
Flight ID: QR038Q REG: A7-ACS


Message content:-
#M1BPRG/DTOTHH,16L,221,203406,046/FNQTR38Q/TS151434,140324E4EF
-------------------------------------------------------[2024-03-14 15:14:51.732]

SOURCE: AIR
RX_ID: 522, Freq: 131.725MHz
Mode: 2 NACKLabel: 16 Block ID: 8, Msg No: M14A
Flight ID: QR038Q REG: A7-ACS


Message content:-
BTA    ,N 43.250,E  5.356,36995,0265,2029, 79\TS151306,140324
-------------------------------------------------------[2024-03-14 15:14:55.425]

SOURCE: AIR
RX_ID: 523, Freq: 131.725MHz
Mode: 2 NACKLabel: 5V Block ID: 9, Msg No: S68A
Flight ID: QR038Q REG: A7-ACS


Message content:-

-------------------------------------------------------[2024-03-14 15:15:13.419]

SOURCE: AIR
RX_ID: 524, Freq: 131.525MHz
Mode: T NACKLabel: 2F Block ID: 0, Msg No: M15A
Flight ID: AF7338 REG: F-GRHF


Message content:-
1550+4462+454/2428
-------------------------------------------------------[2024-03-14 15:50:25.775]

SOURCE: AIR
RX_ID: 525, Freq: 131.525MHz
Mode: T NACKLabel: 2F Block ID: 0, Msg No: M15A
Flight ID: AF7338 REG: F-GRHF


Message content:-
1550+4462+454/2428
-------------------------------------------------------[2024-03-14 15:50:35.394]

SOURCE: AIR
RX_ID: 526, Freq: 131.525MHz
Mode: T NACKLabel: 2F Block ID: 0, Msg No: M15A
Flight ID: AF7338 REG: F-GRHF


Message content:-
1550+4462+454/2428
-------------------------------------------------------[2024-03-14 15:50:43.807]

SOURCE: AIR
RX_ID: 527, Freq: 131.525MHz
Mode: 2 NACKLabel: 2F Block ID: 0, Msg No: M15A
Flight ID: AF7338 REG: F-GRHF


Message content:-
1550+4462+454/2428
-------------------------------------------------------[2024-03-14 15:50:52.182]

SOURCE: AIR
RX_ID: 528, Freq: 131.525MHz
Mode: T NACKLabel: Q0 Block ID: 1, Msg No: S34A
Flight ID: AF7338 REG: F-GRHF


Message content:-

-------------------------------------------------------[2024-03-14 15:51:16.353]

SOURCE: AIR
RX_ID: 529, Freq: 131.525MHz
Mode: T NACKLabel: 26 Block ID: 2, Msg No: M16A
Flight ID: AF7338 REG: F-GRHF


Message content:-
1553LFPGAF7338/141608LFML13R
-------------------------------------------------------[2024-03-14 15:53:05.300]

SOURCE: AIR
RX_ID: 530, Freq: 131.525MHz
Mode: 2 NACKLabel: Q0 Block ID: 3, Msg No: S35A
Flight ID: AF7338 REG: F-GRHF


Message content:-

-------------------------------------------------------[2024-03-14 15:58:10.280]

SOURCE: AIR
RX_ID: 531, Freq: 131.525MHz
Mode: 2 NACKLabel: Q0 Block ID: 3, Msg No: S35A
Flight ID: AF7338 REG: F-GRHF


Message content:-

-------------------------------------------------------[2024-03-14 15:58:19.897]

SOURCE: AIR
RX_ID: 532, Freq: 131.725MHz
Mode: 2 NACKLabel: Q0 Block ID: 3, Msg No: S35A
Flight ID: AF7338 REG: F-GRHF


Message content:-

-------------------------------------------------------[2024-03-14 15:58:42.425]

SOURCE: AIR
RX_ID: 533, Freq: 131.725MHz
Mode: E NACKLabel: Q0 Block ID: 5, Msg No: S37A
Flight ID: AF7338 REG: F-GRHF


Message content:-

-------------------------------------------------------[2024-03-14 15:58:53.474]

SOURCE: AIR
RX_ID: 534, Freq: 131.725MHz
Mode: E NACKLabel: H1 Block ID: 6, Msg No: D10A
Flight ID: AF7338 REG: F-GRHF


Message content:-
#DFBA01/A31901,1,1/CCF-GRHF,MAR14,152726,LFPG,LFML,0011/C106,00239,5000,45,0010,0,0100,45,X/CEN272,33006,280,789,5816,285,C43025/EC645937,20596,00731,16681,73,08/EE645936,20573,00934,16720,73/N10814,0814,0913,5
-------------------------------------------------------[2024-03-14 15:58:57.787]

SOURCE: AIR
RX_ID: 535, Freq: 131.725MHz
Mode: E NACKLabel: H1 Block ID: 7, Msg No: D10B
Flight ID: AF7338 REG: F-GRHF


Message content:-
#DFB668,1233,XXXXX/N20814,0814,0916,5667,1242,XXXXX/S1XXXXX,0572,1317,4025,XXXX,034,000/S2XXXXX,0587,1334,4023,XXXX,032,001/T1100,100,022,39,086,05749,0090/T2099,100,014,42,067,05798,0065/V104,00,188,336,01,00,
-------------------------------------------------------[2024-03-14 15:59:13.953]

SOURCE: AIR
RX_ID: 536, Freq: 131.725MHz
Mode: E NACKLabel: H1 Block ID: 7, Msg No: D10B
Flight ID: AF7338 REG: F-GRHF


Message content:-
#DFB668,1233,XXXXX/N20814,0814,0916,5667,1242,XXXXX/S1XXXXX,0572,1317,4025,XXXX,034,000/S2XXXXX,0587,1334,4023,XXXX,032,001/T1100,100,022,39,086,05749,0090/T2099,100,014,42,067,05798,0065/V104,00,188,336,01,00,
-------------------------------------------------------[2024-03-14 15:59:23.571]

SOURCE: AIR
RX_ID: 537, Freq: 131.725MHz
Mode: E NACKLabel: H1 Block ID: 9, Msg No: D11A
Flight ID: AF7338 REG: F-GRHF


Message content:-
#DFBA02/A31902,1,1/CCF-GRHF,MAR14,152727,LFPG,LFML,0011/C106,00301,5000,45,0010,0,0100,45,X/CEN272,32999,280,788,5821,285,C43025/CNN271,33000,279,787,5822,285/EC645937,20596,00731,16681,73,12,08/EE645936,20573,
-------------------------------------------------------[2024-03-14 15:59:54.107]

SOURCE: AIR
RX_ID: 538, Freq: 131.725MHz
Mode: E NACKLabel: H1 Block ID: 0, Msg No: D11B
Flight ID: AF7338 REG: F-GRHF


Message content:-
#DFB00934,16720,73/N10814,0814,0913,5668,1234,XXXXX/N20814,0814,0916,5667,1242,XXXXX/S1XXXXX,0572,1317,4025,XXXX,033,000/S2XXXXX,0587,1334,4023,XXXX,032,001/T1100,100,022,39,086,05749,0090/T2099,100,014,42,067,
-------------------------------------------------------[2024-03-14 15:59:57.982]

SOURCE: AIR
RX_ID: 539, Freq: 131.725MHz
Mode: E NACKLabel: H1 Block ID: 2, Msg No: D11D
Flight ID: AF7338 REG: F-GRHF


Message content:-
#DFB222111/X101108,N004,0017,N001,00018,0000/X201179,0000,0017,N001,00018,0000/X3N001,0001,N008,N003,N007,N003,N000/X40000,N000,N000,0000,0000,0000/X50000,N000,0000,N002,0000,0000/X61665,E0028,N471,037,220,0160
-------------------------------------------------------[2024-03-14 16:00:05.772]

SOURCE: AIR
RX_ID: 540, Freq: 131.725MHz
Mode: E NACKLabel: H1 Block ID: 3, Msg No: D11E
Flight ID: AF7338 REG: F-GRHF


Message content:-
#DFB,1053/X71666,E0028,N471,037,224,0158,XXXX,/
-------------------------------------------------------[2024-03-14 16:00:09.062]

SOURCE: AIR
RX_ID: 541, Freq: 131.725MHz
Mode: E NACKLabel: 26 Block ID: 4, Msg No: M17A
Flight ID: AF7338 REG: F-GRHF


Message content:-
1602LFPGAF7338/141607LFML13L
-------------------------------------------------------[2024-03-14 16:02:05.583]

SOURCE: AIR
RX_ID: 542, Freq: 131.725MHz
Mode: 2 NACKLabel: Q0 Block ID: 4, Msg No: M26A
Flight ID: ZD0000 REG: 9H94FX


Message content:-

-------------------------------------------------------[2024-03-14 16:02:07.227]

SOURCE: AIR
RX_ID: 543, Freq: 131.725MHz
Mode: 2 NACKLabel: Q0 Block ID: 9, Msg No: S06A
Flight ID: GR0000 REG: FHRDG


Message content:-

-------------------------------------------------------[2024-03-14 16:58:32.825]

SOURCE: AIR
RX_ID: 544, Freq: 131.725MHz
Mode: 2 NACKLabel: Q0 Block ID: 9, Msg No: S06A
Flight ID: GR0000 REG: FHRDG


Message content:-

-------------------------------------------------------[2024-03-14 16:58:43.904]

SOURCE: AIR
RX_ID: 545, Freq: 131.725MHz
Mode: 2 NACKLabel: Q0 Block ID: 9, Msg No: S06A
Flight ID: GR0000 REG: FHRDG


Message content:-

-------------------------------------------------------[2024-03-14 16:58:50.853]

SOURCE: AIR
RX_ID: 546, Freq: 131.725MHz
Mode: 2 NACKLabel: SA Block ID: 0, Msg No: S01A
Flight ID: GR0000 REG: FHRDG


Message content:-
0EV165156V/
-------------------------------------------------------[2024-03-14 16:58:53.524]

SOURCE: AIR
RX_ID: 547, Freq: 131.725MHz
Mode: E NACKLabel: Q0 Block ID: 1, Msg No: S07A
Flight ID: GR0000 REG: FHRDG


Message content:-

-------------------------------------------------------[2024-03-14 16:59:05.408]

SOURCE: AIR
RX_ID: 548, Freq: 131.725MHz
Mode: E NACKLabel: SA Block ID: 2, Msg No: S01A
Flight ID: GR0000 REG: FHRDG


Message content:-
0EV165156V/
-------------------------------------------------------[2024-03-14 16:59:08.261]

SOURCE: AIR
RX_ID: 549, Freq: 131.725MHz
Mode: E NACKLabel: SA Block ID: 2, Msg No: S01A
Flight ID: GR0000 REG: FHRDG


Message content:-
0EV165156V/
-------------------------------------------------------[2024-03-14 16:59:16.272]

SOURCE: AIR
RX_ID: 550, Freq: 131.725MHz
Mode: E NACKLabel: SA Block ID: 2, Msg No: S01A
Flight ID: GR0000 REG: FHRDG


Message content:-
0EV165156V/
-------------------------------------------------------[2024-03-14 16:59:23.221]

SOURCE: AIR
RX_ID: 551, Freq: 131.725MHz
Mode: 2 NACKLabel: SA Block ID: 3, Msg No: S01A
Flight ID: GR0000 REG: FHRDG


Message content:-
0EV165156V/
-------------------------------------------------------[2024-03-14 16:59:34.265]

SOURCE: AIR
RX_ID: 552, Freq: 131.725MHz
Mode: 2 NACKLabel: SA Block ID: 3, Msg No: S01A
Flight ID: GR0000 REG: FHRDG


Message content:-
0EV165156V/
-------------------------------------------------------[2024-03-14 16:59:43.296]

SOURCE: AIR
RX_ID: 553, Freq: 131.725MHz
Mode: X NACKLabel: Q0 Block ID: 4, Msg No: S08A
Flight ID: GR0000 REG: FHRDG


Message content:-

-------------------------------------------------------[2024-03-14 16:59:52.294]

SOURCE: AIR
RX_ID: 554, Freq: 131.725MHz
Mode: E NACKLabel: SA Block ID: 5, Msg No: S01A
Flight ID: GR0000 REG: FHRDG


Message content:-
0EV165156V/
-------------------------------------------------------[2024-03-14 16:59:55.367]

SOURCE: AIR
RX_ID: 555, Freq: 131.725MHz
Mode: E NACKLabel: Q0 Block ID: 6, Msg No: S09A
Flight ID: GR0000 REG: FHRDG


Message content:-

-------------------------------------------------------[2024-03-14 17:00:05.607]

SOURCE: AIR
RX_ID: 556, Freq: 131.725MHz
Mode: E NACKLabel: Q0 Block ID: 6, Msg No: S09A
Flight ID: GR0000 REG: FHRDG


Message content:-

-------------------------------------------------------[2024-03-14 17:00:15.224]

SOURCE: AIR
RX_ID: 557, Freq: 131.725MHz
Mode: E NACKLabel: SA Block ID: 7, Msg No: S01A
Flight ID: GR0000 REG: FHRDG


Message content:-
0EV165156V/
-------------------------------------------------------[2024-03-14 17:00:18.112]

SOURCE: AIR
RX_ID: 558, Freq: 131.725MHz
Mode: E NACKLabel: SA Block ID: 7, Msg No: S01A
Flight ID: GR0000 REG: FHRDG


Message content:-
0EV165156V/
-------------------------------------------------------[2024-03-14 17:00:28.135]

SOURCE: AIR
RX_ID: 559, Freq: 131.725MHz
Mode: E NACKLabel: SA Block ID: 7, Msg No: S01A
Flight ID: GR0000 REG: FHRDG


Message content:-
0EV165156V/
-------------------------------------------------------[2024-03-14 17:00:39.214]

SOURCE: AIR
RX_ID: 560, Freq: 131.725MHz
Mode: E NACKLabel: SA Block ID: 7, Msg No: S01A
Flight ID: GR0000 REG: FHRDG


Message content:-
0EV165156V/
-------------------------------------------------------[2024-03-14 17:00:51.064]

SOURCE: AIR
RX_ID: 561, Freq: 131.725MHz
Mode: E NACKLabel: SA Block ID: 7, Msg No: S01A
Flight ID: GR0000 REG: FHRDG


Message content:-
0EV165156V/
-------------------------------------------------------[2024-03-14 17:00:59.073]

SOURCE: AIR
RX_ID: 562, Freq: 131.725MHz
Mode: E NACKLabel: SA Block ID: 7, Msg No: S01A
Flight ID: GR0000 REG: FHRDG


Message content:-
0EV165156V/
-------------------------------------------------------[2024-03-14 17:01:07.045]

SOURCE: AIR
RX_ID: 563, Freq: 131.725MHz
Mode: X NACKLabel: SA Block ID: 9, Msg No: S01A
Flight ID: GR0000 REG: FHRDG


Message content:-
0EV165156V/
-------------------------------------------------------[2024-03-14 17:01:14.214]

SOURCE: AIR
RX_ID: 564, Freq: 131.725MHz
Mode: X NACKLabel: SA Block ID: 9, Msg No: S01A
Flight ID: GR0000 REG: FHRDG


Message content:-
0EV165156V/
-------------------------------------------------------[2024-03-14 17:01:26.099]

SOURCE: AIR
RX_ID: 565, Freq: 131.725MHz
Mode: X NACKLabel: SA Block ID: 9, Msg No: S01A
Flight ID: GR0000 REG: FHRDG


Message content:-
0EV165156V/
-------------------------------------------------------[2024-03-14 17:01:34.073]

SOURCE: AIR
RX_ID: 566, Freq: 131.725MHz
Mode: 2 NACKLabel: SA Block ID: 0, Msg No: S01A
Flight ID: GR0000 REG: FHRDG


Message content:-
0EV165156V/
-------------------------------------------------------[2024-03-14 17:01:46.178]

SOURCE: AIR
RX_ID: 567, Freq: 131.725MHz
Mode: 2 NACKLabel: SA Block ID: 0, Msg No: S01A
Flight ID: GR0000 REG: FHRDG


Message content:-
0EV165156V/
-------------------------------------------------------[2024-03-14 17:01:58.247]

SOURCE: AIR
RX_ID: 568, Freq: 131.725MHz
Mode: 2 NACKLabel: SA Block ID: 0, Msg No: S01A
Flight ID: GR0000 REG: FHRDG


Message content:-
0EV165156V/
-------------------------------------------------------[2024-03-14 17:02:07.278]

SOURCE: AIR
RX_ID: 569, Freq: 131.725MHz
Mode: 2 NACKLabel: Q0 Block ID: 1, Msg No: S11A
Flight ID: GR0000 REG: FHRDG


Message content:-

-------------------------------------------------------[2024-03-14 17:02:15.872]

SOURCE: AIR
RX_ID: 570, Freq: 131.725MHz
Mode: 2 NACKLabel: SA Block ID: 2, Msg No: S12A
Flight ID: GR0000 REG: FHRDG


Message content:-
0EV170217V/
-------------------------------------------------------[2024-03-14 17:02:18.325]

SOURCE: AIR
RX_ID: 571, Freq: 131.725MHz
Mode: G NACKLabel: 5V Block ID: 3, Msg No: S13A
Flight ID: GR0000 REG: FHRDG


Message content:-

-------------------------------------------------------[2024-03-14 17:02:22.822]

SOURCE: AIR
RX_ID: 572, Freq: 131.725MHz
Mode: G NACKLabel: H1 Block ID: 1, Msg No: D25A
Flight ID: AF7339 REG: F-GRHF


Message content:-
#DFBA04/A31904,1,1/CCF-GRHF,MAR14,171329,LFML,LFPG,0092/C105,01739,4000,00,0000,0,0100,00,X/CE0142,01099,165,253,5800,296,C43025/EC645937,20597,00732,16682,D3/EE645936,20574,00934,16721,D3/N104,00,00,01,02,01,0
-------------------------------------------------------[2024-03-14 17:14:03.867]

SOURCE: AIR
RX_ID: 573, Freq: 131.725MHz
Mode: G NACKLabel: H1 Block ID: 2, Msg No: D25B
Flight ID: AF7339 REG: F-GRHF


Message content:-
#DFB0,00,7470/N204,00,00,01,02,01,00,00,7450/S10845,0840,0953,7470,3388,3197,0868/S20846,0839,0956,7450,3416,3225,0867/T14925,1027,185,140,----,024,025/T24915,1042,181,140,----,023,023/V113,07,152,282,02,00,000
-------------------------------------------------------[2024-03-14 17:14:07.743]

SOURCE: AIR
RX_ID: 574, Freq: 131.725MHz
Mode: G NACKLabel: H1 Block ID: 3, Msg No: D25C
Flight ID: AF7339 REG: F-GRHF


Message content:-
#DFB00/V215,09,188,268,01,00,00000/V3049,072,1,1,00080,00000,2221/V4049,067,1,1,00060,00000,2221/X115000,0135,100,037,1140/X214984,0127,100,036,1146/
-------------------------------------------------------[2024-03-14 17:14:12.682]

SOURCE: AIR
RX_ID: 575, Freq: 131.825MHz
Mode: 2 NACKLabel: 44 Block ID: 7, Msg No: M28A
Flight ID: GS324N REG: CSDLJ


Message content:-
08msWL}Zq`ev}v=LLvvvLZ}KKZP\xqZP=x7ZL}Y`ZYKe}ZYc`YZLLa[L
-------------------------------------------------------[2024-03-14 17:23:32.415]

SOURCE: AIR
RX_ID: 576, Freq: 131.725MHz
Mode: G NACKLabel: Q0 Block ID: 5, Msg No: S60A
Flight ID: AF7339 REG: F-GRHF


Message content:-

-------------------------------------------------------[2024-03-14 17:24:19.918]

SOURCE: AIR
RX_ID: 577, Freq: 131.725MHz
Mode: G NACKLabel: H1 Block ID: 7, Msg No: D26A
Flight ID: AF7339 REG: F-GRHF


Message content:-
#DFBA31/A31931,1,1/C1F-GRHF,MAR14,171313,LFML,LFPG,0092/C205,00000,8100,00,0000,0,0100,00,X/C30157,00309,163,248,5802,296,C43025/C44342,0521,00234,0122,167/4C0014,163,00704,058041,002/C5XXXXX,0522,01178,0100,16
-------------------------------------------------------[2024-03-14 17:29:21.603]

SOURCE: AIR
RX_ID: 578, Freq: 131.725MHz
Mode: G NACKLabel: H1 Block ID: 8, Msg No: D26B
Flight ID: AF7339 REG: F-GRHF


Message content:-
#DFB6/5CN119,171,N0788,057878,012/C6XXXXX,0525,01839,0090,174/6CN233,185,00328,057461,008/C74341,0527,02346,0087,264/7CN221,208,00649,057950,007/C84343,0528,03234,0072,242/8CN220,221,N0629,058241,008/C94346,052
-------------------------------------------------------[2024-03-14 17:29:25.479]

SOURCE: AIR
RX_ID: 579, Freq: 131.725MHz
Mode: G NACKLabel: H1 Block ID: 9, Msg No: D26C
Flight ID: AF7339 REG: F-GRHF


Message content:-
#DFB8,04086,0065,277/9CN051,243,00079,058295,000/C04348,0527,05005,0062,201/0CN013,251,00224,XXXXXX,003/E14350,0526,06166,0047,280/1EN001,255,00288,058223,004/E24352,0525,07536,0030,306/2E0012,249,N0219,058186,
-------------------------------------------------------[2024-03-14 17:29:29.175]

SOURCE: AIR
RX_ID: 580, Freq: 131.725MHz
Mode: G NACKLabel: H1 Block ID: 0, Msg No: D26D
Flight ID: AF7339 REG: F-GRHF


Message content:-
#DFB005/E34355,0524,08643,0007,284/3E0002,249,00177,057860,006/E44357,0523,09729,N010,281/4E0000,250,00000,058114,007/E54360,0522,10817,N020,276/5EN003,250,00059,058096,014/E64363,0520,11918,N047,277/6EN001,248
-------------------------------------------------------[2024-03-14 17:29:32.868]

SOURCE: AIR
RX_ID: 581, Freq: 131.725MHz
Mode: G NACKLabel: H1 Block ID: 1, Msg No: D26E
Flight ID: AF7339 REG: F-GRHF


Message content:-
#DFB,N0151,058059,012/E74365,0519,12923,N075,273/7EN000,250,00031,XXXXXX,016/E84368,0518,13999,N095,279/8E0000,247,N0455,058005,015/E94370,0517,14899,N112,268/9EN000,249,00024,057987,014/E04373,0516,15795,N130,
-------------------------------------------------------[2024-03-14 17:29:37.547]

SOURCE: AIR
RX_ID: 582, Freq: 131.725MHz
Mode: G NACKLabel: H1 Block ID: 2, Msg No: D26F
Flight ID: AF7339 REG: F-GRHF


Message content:-
#DFB280/0EN006,252,00043,057642,018/N14376,XXXXX,16786,N150,265/1NN003,246,N0406,057932,019/N24379,0513,17365,N170,263/2N0003,256,N0106,057896,019/N34381,0512,17725,N177,263/3NN000,271,00472,057878,020/N44385,0
-------------------------------------------------------[2024-03-14 17:29:42.082]

SOURCE: AIR
RX_ID: 583, Freq: 131.725MHz
Mode: G NACKLabel: H1 Block ID: 3, Msg No: D26G
Flight ID: AF7339 REG: F-GRHF


Message content:-
#DFB510,18416,N190,266/4NN002,275,00061,XXXXXX,021/N54387,0509,19231,N210,261/5N0091,274,N0216,057823,017/N6XXXXX,0508,19931,N227,252/6NN008,275,00042,057805,015/N74394,XXXXX,20643,N242,253/7NN003,277,00289,057
-------------------------------------------------------[2024-03-14 17:29:46.178]

SOURCE: AIR
RX_ID: 584, Freq: 131.725MHz
Mode: G NACKLabel: H1 Block ID: 4, Msg No: D26H
Flight ID: AF7339 REG: F-GRHF


Message content:-
#DFB479,013/N84398,0507,21483,N257,255/8NN003,274,N0017,057751,013/N94401,0506,22262,N272,255/9NN000,273,N0233,057733,017/N04405,0505,22909,N287,257/0NN006,275,N0029,057715,020/S14408,0504,23602,N307,257/1SN002
-------------------------------------------------------[2024-03-14 17:29:50.458]

SOURCE: AIR
RX_ID: 585, Freq: 131.725MHz
Mode: G NACKLabel: H1 Block ID: 5, Msg No: D26I
Flight ID: AF7339 REG: F-GRHF


Message content:-
#DFB,275,00041,XXXXXX,020/S24412,0503,24274,N325,256/2SN003,275,N0032,057660,021/S34415,XXXXX,24930,N340,254/3SN001,274,N0078,057642,020/S44419,0502,25555,N357,254/4SN002,275,N0042,057315,020/S54423,0500,26179,
-------------------------------------------------------[2024-03-14 17:29:54.955]

SOURCE: AIR
RX_ID: 586, Freq: 131.725MHz
Mode: G NACKLabel: H1 Block ID: 6, Msg No: D26J
Flight ID: AF7339 REG: F-GRHF


Message content:-
#DFBN372,257/5SN002,275,00069,057606,022/S64426,XXXXX,26806,N385,256/6SN003,275,N0029,057588,022/S74430,0499,27381,N400,256/7SN004,274,N0131,057569,022/S84434,0498,27938,N417,254/8SN005,275,N0054,XXXXXX,022/S94
-------------------------------------------------------[2024-03-14 17:29:59.053]

SOURCE: AIR
RX_ID: 587, Freq: 131.725MHz
Mode: G NACKLabel: H1 Block ID: 7, Msg No: D26K
Flight ID: AF7339 REG: F-GRHF


Message content:-
#DFB438,0497,28482,N432,257/9SN000,275,00006,057515,021/S04442,0496,29017,N445,255/0SN005,275,N0039,057497,021/T14446,0496,29498,N460,253/1TN003,275,00296,057188,020/T24450,0494,30077,N472,246/2TN003,271,N0079,
-------------------------------------------------------[2024-03-14 17:30:03.148]

SOURCE: AIR
RX_ID: 588, Freq: 131.725MHz
Mode: G NACKLabel: H1 Block ID: 8, Msg No: D26L
Flight ID: AF7339 REG: F-GRHF


Message content:-
#DFB057461,021/T34453,0494,30696,N477,252/3TN004,268,N0150,057442,024/T44457,0493,31350,N490,254/4TN006,264,00074,057424,027/T54461,0492,31879,N505,252/5TN000,261,N0472,XXXXXX,027/T64465,0491,31991,N510,250/6TN
-------------------------------------------------------[2024-03-14 17:30:06.840]

SOURCE: AIR
RX_ID: 589, Freq: 131.725MHz
Mode: G NACKLabel: H1 Block ID: 9, Msg No: D26M
Flight ID: AF7339 REG: F-GRHF


Message content:-
#DFB002,260,N0013,057388,026/T74469,0490,32109,N512,252/7T0067,259,00393,057388,025/T84473,XXXXX,32617,N522,249/8T0066,256,N0228,057061,024/T94476,XXXXX,33106,N535,248/9TN004,254,N0451,057352,025,/
-------------------------------------------------------[2024-03-14 17:30:10.753]

SOURCE: AIR
RX_ID: 590, Freq: 131.725MHz
Mode: 2 NACKLabel: 5U Block ID: 3, Msg No: M25A
Flight ID: ZD0000 REG: N954JJ


Message content:-
001AF   LFPB      N4411.3E00633.8242
-------------------------------------------------------[2024-03-14 17:50:22.157]

SOURCE: AIR
RX_ID: 591, Freq: 131.725MHz
Mode: 2 ACK, A2GLabel: _d Block ID: 4, Msg No: M26A
Flight ID: ZD0000 REG: N954JJ


Message content:-

-------------------------------------------------------[2024-03-14 17:50:49.587]

SOURCE: AIR
RX_ID: 592, Freq: 131.725MHz
Mode: 2 ACK, A2GLabel: _d Block ID: 5, Msg No: M27A
Flight ID: ZD0000 REG: N954JJ


Message content:-

-------------------------------------------------------[2024-03-14 17:50:53.280]

SOURCE: AIR
RX_ID: 593, Freq: 131.725MHz
Mode: 2 ACK, A2GLabel: _d Block ID: 6, Msg No: M28A
Flight ID: ZD0000 REG: N954JJ


Message content:-

-------------------------------------------------------[2024-03-14 17:50:56.753]

SOURCE: AIR
RX_ID: 594, Freq: 131.725MHz
Mode: 2 ACK, A2GLabel: _d Block ID: 7, Msg No: M29A
Flight ID: ZD0000 REG: N954JJ


Message content:-

-------------------------------------------------------[2024-03-14 17:51:00.230]

SOURCE: AIR
RX_ID: 595, Freq: 131.725MHz
Mode: 2 ACK, A2GLabel: _d Block ID: 9, Msg No: M31A
Flight ID: ZD0000 REG: N954JJ


Message content:-

-------------------------------------------------------[2024-03-14 17:51:16.614]

SOURCE: AIR
RX_ID: 596, Freq: 131.725MHz
Mode: 2 ACK, A2GLabel: _d Block ID: 1, Msg No: M33A
Flight ID: ZD0000 REG: N954JJ


Message content:-

-------------------------------------------------------[2024-03-14 17:51:24.184]

SOURCE: AIR
RX_ID: 597, Freq: 131.725MHz
Mode: 2 ACK, A2GLabel: _d Block ID: 2, Msg No: M34A
Flight ID: ZD0000 REG: N954JJ


Message content:-

-------------------------------------------------------[2024-03-14 17:51:27.692]

SOURCE: AIR
RX_ID: 598, Freq: 131.725MHz
Mode: 2 ACK, A2GLabel: _d Block ID: 3, Msg No: M35A
Flight ID: ZD0000 REG: N954JJ


Message content:-

-------------------------------------------------------[2024-03-14 17:51:31.169]

SOURCE: AIR
RX_ID: 599, Freq: 131.725MHz
Mode: 2 NACKLabel: _d Block ID: 4, Msg No: M36A
Flight ID: ZD0000 REG: N954JJ


Message content:-

-------------------------------------------------------[2024-03-14 17:51:34.642]

SOURCE: AIR
RX_ID: 600, Freq: 131.725MHz
Mode: 2 NACKLabel: _d Block ID: 5, Msg No: M37A
Flight ID: ZD0000 REG: N954JJ


Message content:-

-------------------------------------------------------[2024-03-14 17:51:44.663]

SOURCE: AIR
RX_ID: 601, Freq: 131.725MHz
Mode: 2 ACK, A2GLabel: _d Block ID: 6, Msg No: M38A
Flight ID: ZD0000 REG: N954JJ


Message content:-

-------------------------------------------------------[2024-03-14 17:51:54.719]

SOURCE: AIR
RX_ID: 602, Freq: 131.725MHz
Mode: 2 NACKLabel: _d Block ID: 7, Msg No: M39A
Flight ID: ZD0000 REG: N954JJ


Message content:-

-------------------------------------------------------[2024-03-14 17:51:58.195]

SOURCE: AIR
RX_ID: 603, Freq: 131.725MHz
Mode: 2 NACKLabel: _d Block ID: 9, Msg No: M41A
Flight ID: ZD0000 REG: N954JJ


Message content:-

-------------------------------------------------------[2024-03-14 17:52:21.344]

SOURCE: AIR
RX_ID: 604, Freq: 131.725MHz
Mode: 2 ACK, A2GLabel: _d Block ID: 0, Msg No: M42A
Flight ID: ZD0000 REG: N954JJ


Message content:-

-------------------------------------------------------[2024-03-14 17:52:30.563]

SOURCE: AIR
RX_ID: 605, Freq: 131.725MHz
Mode: 2 NACKLabel: _d Block ID: 5, Msg No: M47A
Flight ID: ZD0000 REG: N954JJ


Message content:-

-------------------------------------------------------[2024-03-14 17:59:35.521]

SOURCE: AIR
RX_ID: 606, Freq: 131.725MHz
Mode: 2 NACKLabel: H1 Block ID: 8, Msg No: F50A
Flight ID: ZD0000 REG: N954JJ


Message content:-
#M1B/.RESREQ/AK,115/TS180033,140324
-------------------------------------------------------[2024-03-14 18:00:36.341]

SOURCE: AIR
RX_ID: 607, Freq: 131.825MHz
Mode: 2 NACKLabel: Q0 Block ID: 7, Msg No: S37A
Flight ID: I23734 REG: EC-MEH


Message content:-

-------------------------------------------------------[2024-03-14 19:59:42.677]

SOURCE: AIR
RX_ID: 608, Freq: 131.825MHz
Mode: 2 NACKLabel: Q0 Block ID: 0, Msg No: S24A
Flight ID: FR06YN REG: EI-EMJ


Message content:-

-------------------------------------------------------[2024-03-14 20:03:29.822]

SOURCE: AIR
RX_ID: 609, Freq: 131.825MHz
Mode: 2 NACKLabel: Q0 Block ID: 2, Msg No: S08A
Flight ID: AA8031 REG: N659AA


Message content:-

-------------------------------------------------------[2024-03-14 21:28:41.261]

SOURCE: AIR
RX_ID: 610, Freq: 131.825MHz
Mode: 2 ACK, A2GLabel: _d Block ID: 0, Msg No: S20A
Flight ID: QY1685 REG: D-ALEQ


Message content:-

-------------------------------------------------------[2024-03-14 21:47:54.293]

SOURCE: AIR
RX_ID: 611, Freq: 131.825MHz
Mode: 2 NACKLabel: H1 Block ID: 1, Msg No: F02A
Flight ID: QY1685 REG: D-ALEQ


Message content:-
#M1BPOSN43253E005163,,214754,31,ML362,214759,VENTA,P8,1825,186,6529
-------------------------------------------------------[2024-03-14 21:47:56.340]

SOURCE: AIR
RX_ID: 612, Freq: 131.825MHz
Mode: 2 NACKLabel: Q0 Block ID: 2, Msg No: S21A
Flight ID: QY1685 REG: D-ALEQ


Message content:-

-------------------------------------------------------[2024-03-14 21:58:00.504]

SOURCE: AIR
RX_ID: 613, Freq: 131.825MHz
Mode: 2 ACK, A2GLabel: _d Block ID: 3, Msg No: S22A
Flight ID: QY1685 REG: D-ALEQ


Message content:-

-------------------------------------------------------[2024-03-14 21:59:34.896]

SOURCE: AIR
RX_ID: 614, Freq: 131.825MHz
Mode: 2 NACKLabel: H1 Block ID: 4, Msg No: F03A
Flight ID: QY1685 REG: D-ALEQ


Message content:-
#M1BPOSN44306E004578,,215935,271,KURIR,220124,ETREK,M40,24821,158,17B1
-------------------------------------------------------[2024-03-14 21:59:37.346]

SOURCE: AIR
RX_ID: 615, Freq: 131.725MHz
Mode: G NACKLabel: Q0 Block ID: 3, Msg No: S45A
Flight ID: MP8341 REG: PH-CKC


Message content:-

-------------------------------------------------------[2024-03-14 23:26:59.668]

SOURCE: AIR
RX_ID: 616, Freq: 131.725MHz
Mode: X NACKLabel: Q0 Block ID: 4, Msg No: S46A
Flight ID: MP8341 REG: PH-CKC


Message content:-

-------------------------------------------------------[2024-03-14 23:28:29.780]

SOURCE: AIR
RX_ID: 617, Freq: 131.725MHz
Mode: G NACKLabel: Q0 Block ID: 5, Msg No: S47A
Flight ID: MP8341 REG: PH-CKC


Message content:-

-------------------------------------------------------[2024-03-14 23:30:59.871]

SOURCE: AIR
RX_ID: 618, Freq: 131.825MHz
Mode: 2 ACK, A2GLabel: _d Block ID: 1, Msg No: S80A
Flight ID: 5Y0567 REG: N861GT


Message content:-

-------------------------------------------------------[2024-03-14 23:44:54.454]

SOURCE: AIR
RX_ID: 619, Freq: 131.825MHz
Mode: 2 NACKLabel: 34 Block ID: 2, Msg No: M42A
Flight ID: 5Y0567 REG: N861GT


Message content:-
207,C,1,14,VIDP,LEZG,,1888
-------------------------------------------------------[2024-03-14 23:45:37.902]

SOURCE: AIR
RX_ID: 620, Freq: 131.825MHz
Mode: 2 ACK, A2GLabel: _d Block ID: 3, Msg No: S81A
Flight ID: 5Y0567 REG: N861GT


Message content:-

-------------------------------------------------------[2024-03-14 23:45:52.019]

SOURCE: AIR
RX_ID: 621, Freq: 131.825MHz
Mode: 2 NACKLabel: 33 Block ID: 4, Msg No: M43A
Flight ID: 5Y0567 REG: N861GT


Message content:-
207,C,14,VIDP,LEZG,30R/,12L/,0,0,310,05,,+15,1018,0,0,0,0,0,0,341.4,F63B
-------------------------------------------------------[2024-03-14 23:46:42.818]

SOURCE: AIR
RX_ID: 622, Freq: 131.825MHz
Mode: 2 ACK, A2GLabel: _d Block ID: 6, Msg No: S83A
Flight ID: 5Y0567 REG: N861GT


Message content:-

-------------------------------------------------------[2024-03-14 23:47:02.058]

SOURCE: AIR
RX_ID: 623, Freq: 131.825MHz
Mode: 2 NACKLabel: 33 Block ID: 8, Msg No: M44A
Flight ID: 5Y0567 REG: N861GT


Message content:-
207,C,14,VIDP,LEZG,30R/,12L/,0,0,310,05,,+15,1018,1,0,0,0,0,0,341.4,060A
-------------------------------------------------------[2024-03-14 23:47:30.107]

SOURCE: AIR
RX_ID: 624, Freq: 131.825MHz
Mode: 2 ACK, A2GLabel: _d Block ID: 9, Msg No: S85A
Flight ID: 5Y0567 REG: N861GT


Message content:-

-------------------------------------------------------[2024-03-14 23:47:37.276]

SOURCE: AIR
RX_ID: 625, Freq: 131.825MHz
Mode: 2 ACK, A2GLabel: _d Block ID: 0, Msg No: S86A
Flight ID: 5Y0567 REG: N861GT


Message content:-

-------------------------------------------------------[2024-03-14 23:47:43.857]

SOURCE: AIR
RX_ID: 626, Freq: 131.825MHz
Mode: 2 ACK, A2GLabel: _d Block ID: 2, Msg No: S88A
Flight ID: 5Y0567 REG: N861GT


Message content:-

-------------------------------------------------------[2024-03-14 23:51:22.376]

SOURCE: AIR
RX_ID: 627, Freq: 131.825MHz
Mode: 2 NACKLabel: SA Block ID: 3, Msg No: M45A
Flight ID: 5Y0567 REG: N861GT


Message content:-
0LH235412VS
-------------------------------------------------------[2024-03-14 23:54:15.835]

