SOURCE: AIR
RX_ID: 0, Freq: 131.725MHz
Mode: G NACKLabel: H1 Block ID: 6, Msg No: D21A
Flight ID: UA0272 REG: N685UA


Message content:-
#DFB36067303081024070233390260DESC      1130202721KEWRLFMN727334727386
NGENEWDESC TRIGGER -----1000000000LO LO 4000000000LO LO 1000000000LO 
LO 4000000000LO LO 1000000000LO LO 40 69 3411101O 131O 25110O 2510P
-------------------------------------------------------[2024-08-09 07:03:58.801]

SOURCE: AIR
RX_ID: 1, Freq: 131.725MHz
Mode: G NACKLabel: H1 Block ID: 7, Msg No: D21B
Flight ID: UA0272 REG: N685UA


Message content:-
#DFB35
4 69 3311101O 131O024110O 2400C3671 -13 210240.647 8.570000000045 69 
3411101O 131O 25110O 2510C354 69 3411101O 131O024110O 2500C3661 -13 2
08320.644 8.610000000050 69 3411101O 131O 25110O 2510C353 69
-------------------------------------------------------[2024-08-09 07:04:02.313]

SOURCE: AIR
RX_ID: 2, Freq: 131.725MHz
Mode: G NACKLabel: H1 Block ID: 8, Msg No: D21C
Flight ID: UA0272 REG: N685UA


Message content:-
#DFB 3411101O
 131O024110O 2500C3651 -12 206720.638 8.630000000055 69 3411101O 131O
 25110O 2510C353 69 3411101O 131O024110O 2500C3631 -12 204800.631 8.6
50000000000 69 3411101O 131O 25110O 2510C354 69 34111
-------------------------------------------------------[2024-08-09 07:04:05.970]

SOURCE: AIR
RX_ID: 3, Freq: 131.725MHz
Mode: G NACKLabel: H1 Block ID: 9, Msg No: D21D
Flight ID: UA0272 REG: N685UA


Message content:-
#DFB01O 131O024110O 
2400C3631 -12 203200.627 8.680000000005 69 3411101O 131O 25110O 2510C
354 69 3411101O 131O024110O 2500C3621 -12 201600.626 8.730000000010 6
9 3411101O 131O 25110O 2510C354 69 3411101O 13
-------------------------------------------------------[2024-08-09 07:04:09.478]

SOURCE: AIR
RX_ID: 4, Freq: 131.725MHz
Mode: G NACKLabel: H1 Block ID: 0, Msg No: D21E
Flight ID: UA0272 REG: N685UA


Message content:-
#DFB1O024110O 2400C3611 -12
 199680.626 8.800000000015 69 3411101O 131O 25110O 2510C354 69 341110
1O 131O024110O 2500C3611 -11 198080.624 8.850000000020 69 3411101O 13
1O 25110O 2510C354 69 3411101O 131O0241
-------------------------------------------------------[2024-08-09 07:04:12.733]

SOURCE: AIR
RX_ID: 5, Freq: 131.725MHz
Mode: G NACKLabel: H1 Block ID: 1, Msg No: D21F
Flight ID: UA0272 REG: N685UA


Message content:-
#DFB10O 2500C3591 -11 196480.620 8
.880000000025 69 3511101O 131O 25110O 2510C353 69 3511101O 131O024110
O 2500C3591 -10 194560.617 8.920000000030 69 3511101O 131O 26110O 251
0C353 69 3511101O 131O024110O 25
-------------------------------------------------------[2024-08-09 07:04:16.204]

