SOURCE: AIR
RX_ID: 0, Freq: 131.725MHz
Mode: G NACKLabel: H1 Block ID: 0, Msg No: D24A
Flight ID: AF7465 REG: F-GMZD


Message content:-
#DFBA31/A32131,1,1/C1F-GMZD,FEB22,172450,LFMT,LFPG,0027/C202,00000,8100,59,0100,1,0010,57,1/C30137,00311,---,---,7177,208,C51020/C44357,XXXXX,00310,0137,---/4C0004,---,00000,071794,---/C54357,XXXXX,00311,0135,-
-------------------------------------------------------[2024-02-22 17:41:16.249]

SOURCE: AIR
RX_ID: 1, Freq: 131.725MHz
Mode: G NACKLabel: H1 Block ID: 4, Msg No: D24E
Flight ID: AF7465 REG: F-GMZD


Message content:-
#DFB6EN007,---,N0007,071740,---/E7XXXXX,0397,00312,0130,---/7EN003,---,00067,071722,---/E84357,0397,00335,0125,---/8EN001,079,00007,071703,---/E94357,0396,00313,0120,083/9EN014,154,01616,071740,009/E04358,0394,
-------------------------------------------------------[2024-02-22 17:41:31.801]

SOURCE: AIR
RX_ID: 2, Freq: 131.725MHz
Mode: G NACKLabel: H1 Block ID: 5, Msg No: D24F
Flight ID: AF7465 REG: F-GMZD


Message content:-
#DFB00921,0122,087/0E0190,155,00349,071812,019/N14359,XXXXX,01672,0112,105/1N0187,162,00319,071758,010/N24361,0394,02539,0097,123/2N0215,155,N0147,071740,006/N34362,0396,03121,0090,314/3NN014,159,00214,071703,0
-------------------------------------------------------[2024-02-22 17:41:35.704]

SOURCE: AIR
RX_ID: 3, Freq: 131.725MHz
Mode: G NACKLabel: H1 Block ID: 6, Msg No: D24G
Flight ID: AF7465 REG: F-GMZD


Message content:-
#DFB04/N44363,0398,03520,0087,326/4NN011,173,00618,071613,012/N54364,0399,03682,0080,319/5N0091,203,00906,071631,009/N6XXXXX,0402,04201,0080,305/6N0208,205,00919,071667,016/N74364,0405,04904,0065,309/7N0097,202
-------------------------------------------------------[2024-02-22 17:41:39.398]

SOURCE: AIR
RX_ID: 4, Freq: 131.725MHz
Mode: G NACKLabel: 2F Block ID: 6, Msg No: M40A
Flight ID: AF7465 REG: F-GMZD


Message content:-
1745+4470+445/2691
-------------------------------------------------------[2024-02-22 17:45:20.311]

SOURCE: AIR
RX_ID: 5, Freq: 131.725MHz
Mode: 2 NACKLabel: Q0 Block ID: 9, Msg No: S54A
Flight ID: AH1004 REG: 7T-VJO


Message content:-

-------------------------------------------------------[2024-02-22 17:46:48.389]

SOURCE: AIR
RX_ID: 6, Freq: 131.725MHz
Mode: 2 NACKLabel: SA Block ID: 0, Msg No: M26A
Flight ID: AH1004 REG: 7T-VJO


Message content:-
0EV174651V
-------------------------------------------------------[2024-02-22 17:46:52.078]

SOURCE: AIR
RX_ID: 7, Freq: 131.725MHz
Mode: 2 NACKLabel: 5V Block ID: 1, Msg No: S55A
Flight ID: AH1004 REG: 7T-VJO


Message content:-

-------------------------------------------------------[2024-02-22 17:47:32.961]

SOURCE: AIR
RX_ID: 8, Freq: 131.725MHz
Mode: G ACK, A2GLabel: _d Block ID: 8, Msg No: S97A
Flight ID: AH1006 REG: 7T-VJP


Message content:-

-------------------------------------------------------[2024-02-22 17:49:01.949]

SOURCE: AIR
RX_ID: 9, Freq: 131.725MHz
Mode: G ACK, A2GLabel: _d Block ID: 9, Msg No: S98A
Flight ID: AH1006 REG: 7T-VJP


Message content:-

-------------------------------------------------------[2024-02-22 17:49:06.846]

SOURCE: AIR
RX_ID: 10, Freq: 131.725MHz
Mode: G ACK, A2GLabel: _d Block ID: 0, Msg No: S99A
Flight ID: AH1006 REG: 7T-VJP


Message content:-

-------------------------------------------------------[2024-02-22 17:49:10.541]

SOURCE: AIR
RX_ID: 11, Freq: 131.725MHz
Mode: X NACKLabel: Q0 Block ID: 1, Msg No: S01A
Flight ID: AH1006 REG: 7T-VJP


Message content:-

-------------------------------------------------------[2024-02-22 17:49:47.626]

SOURCE: AIR
RX_ID: 12, Freq: 131.725MHz
Mode: X NACKLabel: 5V Block ID: 2, Msg No: S02A
Flight ID: AH1006 REG: 7T-VJP


Message content:-

-------------------------------------------------------[2024-02-22 17:53:49.662]

SOURCE: AIR
RX_ID: 13, Freq: 131.725MHz
Mode: X NACKLabel: 5V Block ID: 8, Msg No: S59A
Flight ID: AH1004 REG: 7T-VJO


Message content:-

-------------------------------------------------------[2024-02-22 17:56:36.982]

SOURCE: AIR
RX_ID: 14, Freq: 131.725MHz
Mode: 2 NACKLabel: Q0 Block ID: 3, Msg No: S03A
Flight ID: AH1006 REG: 7T-VJP


Message content:-

-------------------------------------------------------[2024-02-22 17:58:02.742]

SOURCE: AIR
RX_ID: 15, Freq: 131.725MHz
Mode: 2 NACKLabel: SA Block ID: 4, Msg No: M35A
Flight ID: AH1006 REG: 7T-VJP


Message content:-
0EV175805V
-------------------------------------------------------[2024-02-22 17:58:06.843]

SOURCE: AIR
RX_ID: 16, Freq: 131.725MHz
Mode: 2 NACKLabel: SA Block ID: 4, Msg No: M35A
Flight ID: AH1006 REG: 7T-VJP


Message content:-
0EV175805V
-------------------------------------------------------[2024-02-22 17:58:18.110]

SOURCE: AIR
RX_ID: 17, Freq: 131.725MHz
Mode: 2 NACKLabel: 5V Block ID: 5, Msg No: S04A
Flight ID: AH1006 REG: 7T-VJP


Message content:-

-------------------------------------------------------[2024-02-22 17:58:38.438]

SOURCE: AIR
RX_ID: 18, Freq: 131.725MHz
Mode: X NACKLabel: Q0 Block ID: 6, Msg No: S05A
Flight ID: AH1006 REG: 7T-VJP


Message content:-

-------------------------------------------------------[2024-02-22 17:59:28.905]

SOURCE: AIR
RX_ID: 19, Freq: 131.725MHz
Mode: X NACKLabel: SA Block ID: 7, Msg No: M36A
Flight ID: AH1006 REG: 7T-VJP


Message content:-
0EV175932V
-------------------------------------------------------[2024-02-22 17:59:34.226]

SOURCE: AIR
RX_ID: 20, Freq: 131.725MHz
Mode: X NACKLabel: B9 Block ID: 8, Msg No: L12A
Flight ID: AH1006 REG: 7T-VJP


Message content:-
/LFPO.TI2/024LFPOA7069
-------------------------------------------------------[2024-02-22 17:59:49.788]

SOURCE: AIR
RX_ID: 21, Freq: 131.725MHz
Mode: X ACK, A2GLabel: _d Block ID: 9, Msg No: S06A
Flight ID: AH1006 REG: 7T-VJP


Message content:-

-------------------------------------------------------[2024-02-22 17:59:55.934]

