SOURCE: AIR
RX_ID: 0, Freq: 131.825MHz
Mode: 2 NACKLabel: Q0 Block ID: 0, Msg No: S44A
Flight ID: XSASL6 REG: 2-UTMH


Message content:-

-------------------------------------------------------[2024-02-19 19:27:36.950]

SOURCE: AIR
RX_ID: 1, Freq: 131.825MHz
Mode: 2 NACKLabel: Q0 Block ID: 9, Msg No: S28A
Flight ID: FR36TL REG: EI-DYE


Message content:-

-------------------------------------------------------[2024-02-19 20:47:26.387]

SOURCE: AIR
RX_ID: 2, Freq: 131.525MHz
Mode: T NACKLabel: 2Z Block ID: 7, Msg No: M86A
Flight ID: AF7312 REG: F-GMZD


Message content:-
LFMN
-------------------------------------------------------[2024-02-19 21:03:03.348]

SOURCE: AIR
RX_ID: 3, Freq: 131.525MHz
Mode: T ACK, A2GLabel: _d Block ID: 8, Msg No: S25A
Flight ID: AF7312 REG: F-GMZD


Message content:-

-------------------------------------------------------[2024-02-19 21:03:10.333]

SOURCE: AIR
RX_ID: 4, Freq: 131.725MHz
Mode: X NACKLabel: Q0 Block ID: 1, Msg No: S14A
Flight ID: TO8777 REG: F-HTVV


Message content:-

-------------------------------------------------------[2024-02-19 21:07:32.879]

SOURCE: AIR
RX_ID: 5, Freq: 131.525MHz
Mode: T NACKLabel: 2F Block ID: 9, Msg No: M87A
Flight ID: AF7312 REG: F-GMZD


Message content:-
2109+4382+567/2247
-------------------------------------------------------[2024-02-19 21:09:52.764]

SOURCE: AIR
RX_ID: 6, Freq: 131.525MHz
Mode: T NACKLabel: 26 Block ID: 0, Msg No: M88A
Flight ID: AF7312 REG: F-GMZD


Message content:-
2110LFPGAF7312/192125LFMN04R
-------------------------------------------------------[2024-02-19 21:10:03.590]

SOURCE: AIR
RX_ID: 7, Freq: 131.525MHz
Mode: T NACKLabel: 2Z Block ID: 3, Msg No: M54A
Flight ID: AF7342 REG: F-GMZC


Message content:-
LFML
-------------------------------------------------------[2024-02-19 21:10:05.053]

SOURCE: AIR
RX_ID: 8, Freq: 131.525MHz
Mode: T NACKLabel: 5U Block ID: 4, Msg No: M55A
Flight ID: AF7342 REG: F-GMZC


Message content:-
3LFML
-------------------------------------------------------[2024-02-19 21:12:09.357]

SOURCE: AIR
RX_ID: 9, Freq: 131.525MHz
Mode: T NACKLabel: B9 Block ID: 5, Msg No: L15A
Flight ID: AF7342 REG: F-GMZC


Message content:-
/LFMN.TI2/064LFMNA83AC
-------------------------------------------------------[2024-02-19 21:12:21.427]

SOURCE: AIR
RX_ID: 10, Freq: 131.525MHz
Mode: T ACK, A2GLabel: _d Block ID: 6, Msg No: S49A
Flight ID: AF7342 REG: F-GMZC


Message content:-

-------------------------------------------------------[2024-02-19 21:12:25.928]

SOURCE: AIR
RX_ID: 11, Freq: 131.525MHz
Mode: T ACK, A2GLabel: _d Block ID: 7, Msg No: S50A
Flight ID: AF7342 REG: F-GMZC


Message content:-

-------------------------------------------------------[2024-02-19 21:12:29.621]

SOURCE: AIR
RX_ID: 12, Freq: 131.525MHz
Mode: T ACK, A2GLabel: _d Block ID: 8, Msg No: S51A
Flight ID: AF7342 REG: F-GMZC


Message content:-

-------------------------------------------------------[2024-02-19 21:12:32.691]

SOURCE: AIR
RX_ID: 13, Freq: 131.525MHz
Mode: T NACKLabel: 26 Block ID: 0, Msg No: M56A
Flight ID: AF7342 REG: F-GMZC


Message content:-
2118LFPGAF7342/192133LFML31R
-------------------------------------------------------[2024-02-19 21:18:04.066]

SOURCE: AIR
RX_ID: 14, Freq: 131.525MHz
Mode: T NACKLabel: 26 Block ID: 0, Msg No: M56A
Flight ID: AF7342 REG: F-GMZC


Message content:-
2118LFPGAF7342/192133LFML31R
-------------------------------------------------------[2024-02-19 21:18:14.089]

SOURCE: AIR
RX_ID: 15, Freq: 131.525MHz
Mode: 2 NACKLabel: 26 Block ID: 0, Msg No: M56A
Flight ID: AF7342 REG: F-GMZC


Message content:-
2118LFPGAF7342/192133LFML31R
-------------------------------------------------------[2024-02-19 21:18:32.520]

SOURCE: AIR
RX_ID: 16, Freq: 131.525MHz
Mode: 2 NACKLabel: 26 Block ID: 0, Msg No: M56A
Flight ID: AF7342 REG: F-GMZC


Message content:-
2118LFPGAF7342/192133LFML31R
-------------------------------------------------------[2024-02-19 21:18:43.199]

SOURCE: AIR
RX_ID: 17, Freq: 131.525MHz
Mode: 2 NACKLabel: 26 Block ID: 0, Msg No: M56A
Flight ID: AF7342 REG: F-GMZC


Message content:-
2118LFPGAF7342/192133LFML31R
-------------------------------------------------------[2024-02-19 21:18:54.459]

SOURCE: AIR
RX_ID: 18, Freq: 131.725MHz
Mode: 2 NACKLabel: 26 Block ID: 0, Msg No: M56A
Flight ID: AF7342 REG: F-GMZC


Message content:-
2118LFPGAF7342/192133LFML31R
-------------------------------------------------------[2024-02-19 21:19:05.286]

SOURCE: AIR
RX_ID: 19, Freq: 131.725MHz
Mode: 2 NACKLabel: SA Block ID: 1, Msg No: S53A
Flight ID: AF7342 REG: F-GMZC


Message content:-
0EV211902V
-------------------------------------------------------[2024-02-19 21:19:08.979]

SOURCE: AIR
RX_ID: 20, Freq: 131.725MHz
Mode: X NACKLabel: Q0 Block ID: 2, Msg No: S54A
Flight ID: AF7342 REG: F-GMZC


Message content:-

-------------------------------------------------------[2024-02-19 21:19:20.058]

SOURCE: AIR
RX_ID: 21, Freq: 131.725MHz
Mode: X NACKLabel: 2F Block ID: 3, Msg No: M57A
Flight ID: AF7342 REG: F-GMZC


Message content:-
2119+4386+512/1443
-------------------------------------------------------[2024-02-19 21:19:39.698]

SOURCE: AIR
RX_ID: 22, Freq: 131.725MHz
Mode: X NACKLabel: H1 Block ID: 4, Msg No: D03A
Flight ID: AF7342 REG: F-GMZC


Message content:-
#DFBA01/A32101,1,1/CCF-GMZC,FEB19,210241,LFPG,LFML,0094/C106,90239,5000,53,0010,0,0100,53,X/CEN322,32995,260,738,7150,239,C53025/EC699257,00050,05885,00049,73,08/EE575645,00050,08361,00049,73/N10841,0841,0920,5
-------------------------------------------------------[2024-02-19 21:22:39.740]

SOURCE: AIR
RX_ID: 23, Freq: 131.725MHz
Mode: X NACKLabel: H1 Block ID: 5, Msg No: D03B
Flight ID: AF7342 REG: F-GMZC


Message content:-
#DFB958,1350,XXXXX/N20841,0841,0917,5865,1321,XXXXX/S1XXXXX,0573,1370,4045,XXXX,023,001/S2XXXXX,0539,1361,4060,XXXX,018,001/T1099,095,026,42,073,05579,0194/T2099,100,017,43,071,05512,0159/V106,08,302,103,01,00,
-------------------------------------------------------[2024-02-19 21:22:45.045]

SOURCE: AIR
RX_ID: 24, Freq: 131.725MHz
Mode: X NACKLabel: H1 Block ID: 5, Msg No: D03B
Flight ID: AF7342 REG: F-GMZC


Message content:-
#DFB958,1350,XXXXX/N20841,0841,0917,5865,1321,XXXXX/S1XXXXX,0573,1370,4045,XXXX,023,001/S2XXXXX,0539,1361,4060,XXXX,018,001/T1099,095,026,42,073,05579,0194/T2099,100,017,43,071,05512,0159/V106,08,302,103,01,00,
-------------------------------------------------------[2024-02-19 21:22:55.687]

SOURCE: AIR
RX_ID: 25, Freq: 131.725MHz
Mode: X NACKLabel: H1 Block ID: 7, Msg No: D04A
Flight ID: AF7342 REG: F-GMZC


Message content:-
#DFBA02/A32102,1,1/CCF-GMZC,FEB19,210139,LFPG,LFML,0094/C106,90301,5000,53,0010,0,0100,53,X/CEN322,33004,261,740,7160,239,C53025/CNN322,33008,261,740,7160,239/EC699257,00050,05885,00049,73,17,09/EE575645,00050,
-------------------------------------------------------[2024-02-19 21:23:28.269]

SOURCE: AIR
RX_ID: 26, Freq: 131.725MHz
Mode: X NACKLabel: H1 Block ID: 8, Msg No: D04B
Flight ID: AF7342 REG: F-GMZC


Message content:-
#DFB08361,00049,73/N10841,0841,0919,5962,1348,XXXXX/N20841,0841,0917,5866,1319,XXXXX/S1XXXXX,0573,1369,4043,XXXX,023,001/S2XXXXX,0539,1361,4056,XXXX,019,001/T1099,095,025,42,074,05587,0194/T2099,100,017,43,072,
-------------------------------------------------------[2024-02-19 21:23:31.964]

SOURCE: AIR
RX_ID: 27, Freq: 131.725MHz
Mode: X NACKLabel: H1 Block ID: 0, Msg No: D04D
Flight ID: AF7342 REG: F-GMZC


Message content:-
#DFB222111/X102347,N001,0026,N003,00004,N000/X202518,N002,0027,N003,00004,N000/X3N007,N000,N007,N010,N006,N005,N000/X4N000,N002,N001,N000,0000,0000/X50000,N000,N001,N000,0000,0000/X61431,E0036,N459,102,359,0089
-------------------------------------------------------[2024-02-19 21:23:39.935]

SOURCE: AIR
RX_ID: 28, Freq: 131.725MHz
Mode: X NACKLabel: H1 Block ID: 1, Msg No: D04E
Flight ID: AF7342 REG: F-GMZC


Message content:-
#DFB,0801/X71431,E0035,N459,106,359,0094,0798,/
-------------------------------------------------------[2024-02-19 21:23:43.630]

SOURCE: AIR
RX_ID: 29, Freq: 131.825MHz
Mode: 2 NACKLabel: 5U Block ID: 8, Msg No: M06A
Flight ID: QY8031 REG: D-ALEQ


Message content:-
10,WX,192139,QY8031,19,LEBL,EDDP,8114140,LFML,LFLL,LSGG,1,0,
-------------------------------------------------------[2024-02-19 21:39:42.093]

SOURCE: AIR
RX_ID: 30, Freq: 131.825MHz
Mode: 2 ACK, A2GLabel: _d Block ID: 9, Msg No: S24A
Flight ID: QY8031 REG: D-ALEQ


Message content:-

-------------------------------------------------------[2024-02-19 21:40:13.833]

SOURCE: AIR
RX_ID: 31, Freq: 131.825MHz
Mode: 2 ACK, A2GLabel: _d Block ID: 0, Msg No: S25A
Flight ID: QY8031 REG: D-ALEQ


Message content:-

-------------------------------------------------------[2024-02-19 21:41:14.432]

SOURCE: AIR
RX_ID: 32, Freq: 131.825MHz
Mode: 2 ACK, A2GLabel: _d Block ID: 1, Msg No: S26A
Flight ID: QY8031 REG: D-ALEQ


Message content:-

-------------------------------------------------------[2024-02-19 21:41:20.798]

SOURCE: AIR
RX_ID: 33, Freq: 131.825MHz
Mode: 2 ACK, A2GLabel: _d Block ID: 2, Msg No: S27A
Flight ID: QY8031 REG: D-ALEQ


Message content:-

-------------------------------------------------------[2024-02-19 21:41:27.744]

SOURCE: AIR
RX_ID: 34, Freq: 131.825MHz
Mode: 2 ACK, A2GLabel: _d Block ID: 3, Msg No: S28A
Flight ID: QY8031 REG: D-ALEQ


Message content:-

-------------------------------------------------------[2024-02-19 21:41:33.708]

SOURCE: AIR
RX_ID: 35, Freq: 131.825MHz
Mode: 2 NACKLabel: 5U Block ID: 4, Msg No: M07A
Flight ID: QY8031 REG: D-ALEQ


Message content:-
10,WX,192142,QY8031,19,LEBL,EDDP,8114140,LIMC,EDDS,LSZH,1,0,
-------------------------------------------------------[2024-02-19 21:42:54.381]

SOURCE: AIR
RX_ID: 36, Freq: 131.825MHz
Mode: 2 ACK, A2GLabel: _d Block ID: 5, Msg No: S29A
Flight ID: QY8031 REG: D-ALEQ


Message content:-

-------------------------------------------------------[2024-02-19 21:43:24.702]

SOURCE: AIR
RX_ID: 37, Freq: 131.825MHz
Mode: 2 ACK, A2GLabel: _d Block ID: 6, Msg No: S30A
Flight ID: QY8031 REG: D-ALEQ


Message content:-

-------------------------------------------------------[2024-02-19 21:44:14.877]

SOURCE: AIR
RX_ID: 38, Freq: 131.825MHz
Mode: 2 ACK, A2GLabel: _d Block ID: 7, Msg No: S31A
Flight ID: QY8031 REG: D-ALEQ


Message content:-

-------------------------------------------------------[2024-02-19 21:44:21.237]

SOURCE: AIR
RX_ID: 39, Freq: 131.825MHz
Mode: 2 ACK, A2GLabel: _d Block ID: 8, Msg No: S32A
Flight ID: QY8031 REG: D-ALEQ


Message content:-

-------------------------------------------------------[2024-02-19 21:44:28.807]

SOURCE: AIR
RX_ID: 40, Freq: 131.825MHz
Mode: 2 ACK, A2GLabel: _d Block ID: 9, Msg No: S33A
Flight ID: QY8031 REG: D-ALEQ


Message content:-

-------------------------------------------------------[2024-02-19 21:44:35.354]

SOURCE: AIR
RX_ID: 41, Freq: 131.825MHz
Mode: 2 NACKLabel: Q0 Block ID: 6, Msg No: S77A
Flight ID: FR5107 REG: 9H-QAE


Message content:-

-------------------------------------------------------[2024-02-19 23:00:41.750]

SOURCE: AIR
RX_ID: 42, Freq: 131.725MHz
Mode: E NACKLabel: Q0 Block ID: 2, Msg No: S29A
Flight ID: IB0421 REG: EC-FTR


Message content:-

-------------------------------------------------------[2024-02-19 23:02:01.841]

SOURCE: AIR
RX_ID: 43, Freq: 131.725MHz
Mode: G NACKLabel: Q0 Block ID: 3, Msg No: S30A
Flight ID: IB0421 REG: EC-FTR


Message content:-

-------------------------------------------------------[2024-02-19 23:07:01.651]

SOURCE: AIR
RX_ID: 44, Freq: 131.725MHz
Mode: E NACKLabel: Q0 Block ID: 4, Msg No: S31A
Flight ID: IB0421 REG: EC-FTR


Message content:-

-------------------------------------------------------[2024-02-19 23:12:01.683]

