SOURCE: AIR
RX_ID: 0, Freq: 131.725MHz
Mode: X ACK, A2GLabel: _d Block ID: 2, Msg No: S37A
Flight ID: TK06WS REG: TC-JVF


Message content:-

-------------------------------------------------------[2024-01-26 08:25:58.310]

SOURCE: AIR
RX_ID: 1, Freq: 131.725MHz
Mode: X ACK, A2GLabel: Q0 Block ID: 3, Msg No: S38A
Flight ID: TK06WS REG: TC-JVF


Message content:-

-------------------------------------------------------[2024-01-26 08:26:31.471]

SOURCE: AIR
RX_ID: 2, Freq: 131.725MHz
Mode: 2 NACKLabel: Q0 Block ID: 9, Msg No: S17A
Flight ID: AH1426 REG: 7T-VJO


Message content:-

-------------------------------------------------------[2024-01-26 08:30:48.301]

SOURCE: AIR
RX_ID: 3, Freq: 131.725MHz
Mode: 2 NACKLabel: H1 Block ID: 1, Msg No: D15A
Flight ID: AH1426 REG: 7T-VJO


Message content:-
#DFB411017T-VJOB737-80026JAN24AH1426DABCLFML2475AH706A
073733CR657032000279769-470-202N38218E006140137669
08520853091509160640065400330032
028620285000610061045042094093
000052048051000001005008
XXX0290970
-------------------------------------------------------[2024-01-26 08:31:03.450]

SOURCE: AIR
RX_ID: 4, Freq: 131.725MHz
Mode: 2 NACKLabel: H1 Block ID: 2, Msg No: D15B
Flight ID: AH1426 REG: 7T-VJO


Message content:-
#DFB13000
110000001100085608580000-0011
018CE018CE000000000000009000093988439A04
000000100010000200005F0925F0920000000000
4084E408478881568899837BA67BA6BB
03660368099100062063-003-003XXXX0582
040604061290
-------------------------------------------------------[2024-01-26 08:31:07.768]

SOURCE: AIR
RX_ID: 5, Freq: 131.725MHz
Mode: X NACKLabel: 16 Block ID: 5, Msg No: M35A
Flight ID: TK06WS REG: TC-JVF


Message content:-
/N 44.170/E  6.467/30361/2601/0834/04988/0900/
-------------------------------------------------------[2024-01-26 08:34:34.008]

SOURCE: AIR
RX_ID: 6, Freq: 131.725MHz
Mode: X NACKLabel: B9 Block ID: 6, Msg No: L08A
Flight ID: TK06WS REG: TC-JVF


Message content:-
/LFLL.TI2/024LFLLA1338
-------------------------------------------------------[2024-01-26 08:40:45.677]

SOURCE: AIR
RX_ID: 7, Freq: 131.725MHz
Mode: X ACK, A2GLabel: _d Block ID: 7, Msg No: S39A
Flight ID: TK06WS REG: TC-JVF


Message content:-

-------------------------------------------------------[2024-01-26 08:40:50.174]

SOURCE: AIR
RX_ID: 8, Freq: 131.725MHz
Mode: X ACK, A2GLabel: _d Block ID: 8, Msg No: S40A
Flight ID: TK06WS REG: TC-JVF


Message content:-

-------------------------------------------------------[2024-01-26 08:40:54.273]

SOURCE: AIR
RX_ID: 9, Freq: 131.725MHz
Mode: G NACKLabel: 5V Block ID: 4, Msg No: S04A
Flight ID: E14131 REG: F-UJCM


Message content:-

-------------------------------------------------------[2024-01-26 08:42:48.870]

SOURCE: AIR
RX_ID: 10, Freq: 131.825MHz
Mode: 2 NACKLabel: Q0 Block ID: 9, Msg No: S46A
Flight ID: LW04ZT REG: 9H-LMI


Message content:-

-------------------------------------------------------[2024-01-26 08:58:05.284]

SOURCE: AIR
RX_ID: 11, Freq: 131.825MHz
Mode: 2 NACKLabel: 5V Block ID: 0, Msg No: S47A
Flight ID: LW04ZT REG: 9H-LMI


Message content:-

-------------------------------------------------------[2024-01-26 08:58:44.125]

SOURCE: AIR
RX_ID: 12, Freq: 131.725MHz
Mode: G NACKLabel: H1 Block ID: 5, Msg No: D01A
Flight ID: KL0104 REG: PH-BVF


Message content:-
#DFB(POS-KLM104  -4308N00603E/090844 F360
RMK/FUEL  19.2 M0.85)
-------------------------------------------------------[2024-01-26 09:08:47.352]

SOURCE: AIR
RX_ID: 13, Freq: 131.525MHz
Mode: T NACKLabel: 2Z Block ID: 4, Msg No: M14A
Flight ID: AF6204 REG: F-GRHF


Message content:-
LFMN
-------------------------------------------------------[2024-01-26 09:36:01.380]

SOURCE: AIR
RX_ID: 14, Freq: 131.825MHz
Mode: 2 NACKLabel: Q0 Block ID: 1, Msg No: S32A
Flight ID: VY51ZP REG: EC-MBF


Message content:-

-------------------------------------------------------[2024-01-26 09:37:39.063]

SOURCE: AIR
RX_ID: 15, Freq: 131.825MHz
Mode: 2 NACKLabel: H1 Block ID: 2, Msg No: C09A
Flight ID: VY51ZP REG: EC-MBF


Message content:-
#CFBWRN/WN24012609370046200006DATALINK COMPANY FAULT  
-------------------------------------------------------[2024-01-26 09:37:45.828]

SOURCE: AIR
RX_ID: 16, Freq: 131.525MHz
Mode: T ACK, A2GLabel: _d Block ID: 5, Msg No: S55A
Flight ID: AF6204 REG: F-GRHF


Message content:-

-------------------------------------------------------[2024-01-26 09:38:34.980]

SOURCE: AIR
RX_ID: 17, Freq: 131.825MHz
Mode: 2 NACKLabel: Q0 Block ID: 6, Msg No: S35A
Flight ID: VY51ZP REG: EC-MBF


Message content:-

-------------------------------------------------------[2024-01-26 09:39:02.413]

SOURCE: AIR
RX_ID: 18, Freq: 131.825MHz
Mode: 2 NACKLabel: H1 Block ID: 7, Msg No: C11A
Flight ID: VY51ZP REG: EC-MBF


Message content:-
#CFBWRN/WN24012609380046200006DATALINK ATC FAULT      
-------------------------------------------------------[2024-01-26 09:39:08.555]

SOURCE: AIR
RX_ID: 19, Freq: 131.825MHz
Mode: 2 NACKLabel: 5V Block ID: 8, Msg No: S36A
Flight ID: VY51ZP REG: EC-MBF


Message content:-

-------------------------------------------------------[2024-01-26 09:39:25.562]

SOURCE: AIR
RX_ID: 20, Freq: 131.525MHz
Mode: T NACKLabel: 2F Block ID: 6, Msg No: M15A
Flight ID: AF6204 REG: F-GRHF


Message content:-
0942+4392+571/2338
-------------------------------------------------------[2024-01-26 09:42:38.086]

SOURCE: AIR
RX_ID: 21, Freq: 131.525MHz
Mode: T NACKLabel: 26 Block ID: 7, Msg No: M16A
Flight ID: AF6204 REG: F-GRHF


Message content:-
0943LFPOAF6204/260958LFMN04R
-------------------------------------------------------[2024-01-26 09:43:03.505]

SOURCE: AIR
RX_ID: 22, Freq: 131.850MHz
Mode: 2 NACKLabel: Q0 Block ID: 3, Msg No: S61A
Flight ID: FR09MU REG: EI-EVG


Message content:-

-------------------------------------------------------[2024-01-26 10:30:30.860]

SOURCE: AIR
RX_ID: 23, Freq: 131.725MHz
Mode: G ACK, A2GLabel: _d Block ID: 6, Msg No: S16A
Flight ID: CC2604 REG: TF-AMM


Message content:-

-------------------------------------------------------[2024-01-26 11:08:31.438]

SOURCE: AIR
RX_ID: 24, Freq: 131.725MHz
Mode: X NACKLabel: H1 Block ID: 0, Msg No: D09A
Flight ID: KL0119 REG: PH-BVR


Message content:-
#DFB(POS-KLM119  -4258N00540E/111243 F310
RMK/FUEL 103.4 M0.84)
-------------------------------------------------------[2024-01-26 11:12:45.619]

SOURCE: AIR
RX_ID: 25, Freq: 131.525MHz
Mode: T NACKLabel: H1 Block ID: 5, Msg No: D24B
Flight ID: AF6209 REG: F-GRHF


Message content:-
#DFB,---/5C0007,---,00004,060091,---/C6XXXXX,XXXXX,N0368,0122,---/6C0010,---,N0001,060073,---/C74364,0720,N0368,0122,---/7C0009,---,00003,060091,---/C8XXXXX,0720,N0366,0125,---/8C0009,---,N0015,060091,---/C9XXX
-------------------------------------------------------[2024-01-26 11:22:23.750]

SOURCE: AIR
RX_ID: 26, Freq: 131.525MHz
Mode: T NACKLabel: H1 Block ID: 7, Msg No: D24D
Flight ID: AF6209 REG: F-GRHF


Message content:-
#DFB59874,007/E34366,0725,01223,0090,162/3E0259,159,N0107,059529,002/E4XXXXX,0726,01921,0072,035/4E0003,157,N0097,059656,008/E54364,0728,02570,0055,028/5E0006,159,00004,059892,008/E64363,0729,02991,0085,032/6E0
-------------------------------------------------------[2024-01-26 11:22:31.138]

SOURCE: AIR
RX_ID: 27, Freq: 131.525MHz
Mode: T NACKLabel: H1 Block ID: 8, Msg No: D24E
Flight ID: AF6209 REG: F-GRHF


Message content:-
#DFB001,178,00093,060073,010/E7XXXXX,0731,03294,0117,349/7E0237,207,01019,059964,003/E84359,0731,04066,0115,347/8E0267,206,00042,060672,017/E94357,0730,04986,0120,015/9E0007,220,00644,060926,003/E04356,0728,062
-------------------------------------------------------[2024-01-26 11:22:34.610]

SOURCE: AIR
RX_ID: 28, Freq: 131.525MHz
Mode: T NACKLabel: H1 Block ID: 9, Msg No: D24F
Flight ID: AF6209 REG: F-GRHF


Message content:-
#DFB58,0110,325/0E0272,211,N0141,060309,011/N14354,0725,07350,0085,348/1N0227,209,00092,060382,017/N24354,0722,08320,0067,002/2N0231,210,N0253,060073,013/N34356,0720,08880,0047,336/3NN013,240,00401,059837,019/N
-------------------------------------------------------[2024-01-26 11:22:38.085]

SOURCE: AIR
RX_ID: 29, Freq: 131.525MHz
Mode: T NACKLabel: H1 Block ID: 0, Msg No: D24G
Flight ID: AF6209 REG: F-GRHF


Message content:-
#DFB44358,0718,09673,0040,329/4NN007,247,N0380,059583,020/N54360,0716,10605,0010,330/5NN014,247,N0047,059837,015/N64362,0714,11612,N012,329/6N0006,252,00270,059801,021/N74364,0711,12898,N040,324/7N0110,249,N023
-------------------------------------------------------[2024-01-26 11:22:41.779]

SOURCE: AIR
RX_ID: 30, Freq: 131.525MHz
Mode: T NACKLabel: H1 Block ID: 0, Msg No: D24G
Flight ID: AF6209 REG: F-GRHF


Message content:-
#DFB44358,0718,09673,0040,329/4NN007,247,N0380,059583,020/N54360,0716,10605,0010,330/5NN014,247,N0047,059837,015/N64362,0714,11612,N012,329/6N0006,252,00270,059801,021/N74364,0711,12898,N040,324/7N0110,249,N023
-------------------------------------------------------[2024-01-26 11:22:51.619]

SOURCE: AIR
RX_ID: 31, Freq: 131.525MHz
Mode: T NACKLabel: H1 Block ID: 1, Msg No: D24H
Flight ID: AF6209 REG: F-GRHF


Message content:-
#DFB9,059493,033/N84365,0709,14068,N065,316/8NN003,239,N0616,059747,027/N94368,0708,14615,N087,314/9NN000,255,N0065,059747,029/N04370,0706,15054,N097,308/0NN004,266,00125,059729,027/S14373,0704,15847,N110,303/1
-------------------------------------------------------[2024-01-26 11:22:55.313]

SOURCE: AIR
RX_ID: 32, Freq: 131.525MHz
Mode: T NACKLabel: H1 Block ID: 2, Msg No: D24I
Flight ID: AF6209 REG: F-GRHF


Message content:-
#DFBSN001,270,N0039,059456,028/S24375,0702,16703,N120,307/2SN003,269,N0012,059674,026/S34378,0700,17480,N140,299/3SN002,270,N0019,059656,027/S44381,0698,18265,N152,288/4SN006,268,N0227,059366,026/S54384,0695,18
-------------------------------------------------------[2024-01-26 11:22:59.006]

SOURCE: AIR
RX_ID: 33, Freq: 131.525MHz
Mode: T NACKLabel: H1 Block ID: 4, Msg No: D24K
Flight ID: AF6209 REG: F-GRHF


Message content:-
#DFBS94395,0687,22382,N260,289/9SN004,261,N0104,059511,029/S04397,0684,23191,N282,297/0SN003,261,00158,059475,030/T14400,0682,23953,N300,299/1TN002,258,N0186,059202,030/T24403,0680,24599,N315,295/2T0001,260,001
-------------------------------------------------------[2024-01-26 11:23:06.978]

SOURCE: AIR
RX_ID: 34, Freq: 131.525MHz
Mode: T NACKLabel: H1 Block ID: 5, Msg No: D24L
Flight ID: AF6209 REG: F-GRHF


Message content:-
#DFB00,059438,033/T34406,0678,25243,N330,298/3TN002,260,00166,059420,034/T44408,0676,25943,N350,299/4TN002,260,N0158,059402,038/T54411,0674,26659,N367,300/5TN003,258,N0220,059130,040/T64414,0671,27250,N385,299/
-------------------------------------------------------[2024-01-26 11:23:11.292]

SOURCE: AIR
RX_ID: 35, Freq: 131.525MHz
Mode: T NACKLabel: H1 Block ID: 6, Msg No: D24M
Flight ID: AF6209 REG: F-GRHF


Message content:-
#DFB6TN001,259,N0003,059348,040/T74417,0669,27784,N397,299/7TN002,260,00152,059329,040/T84420,0666,28400,N410,300/8TN004,259,N0228,059057,041/T94423,0664,28934,N425,301/9TN001,261,N0024,059293,043,/
-------------------------------------------------------[2024-01-26 11:23:15.171]

SOURCE: AIR
RX_ID: 36, Freq: 131.525MHz
Mode: T NACKLabel: H1 Block ID: 6, Msg No: D24M
Flight ID: AF6209 REG: F-GRHF


Message content:-
#DFB6TN001,259,N0003,059348,040/T74417,0669,27784,N397,299/7TN002,260,00152,059329,040/T84420,0666,28400,N410,300/8TN004,259,N0228,059057,041/T94423,0664,28934,N425,301/9TN001,261,N0024,059293,043,/
-------------------------------------------------------[2024-01-26 11:23:26.434]

SOURCE: AIR
RX_ID: 37, Freq: 131.825MHz
Mode: 2 NACKLabel: H1 Block ID: 0, Msg No: 116B
Flight ID: TK03NZ REG: TC-LCF


Message content:-
#T1B12G160i235q8i3v+UF2/A9E/IguKP8dkK6StxqQ282a/VMiPzIit5+4tMrv+vWixe8fL3aC/l2JVWXJC/7R9QJNglC0LJRx/CjCukyXlu4Bavrc2xqWlZyKfL1X/Ggby+6Tvpnzz/iz6iXdHeQV7Vk1fojzIqdHUsZqcEvh1NKlcShkzVx/jiNPqtdJoqn7hvoyU04HiDiQ8Fr
-------------------------------------------------------[2024-01-26 11:39:09.538]

SOURCE: AIR
RX_ID: 38, Freq: 131.825MHz
Mode: 2 NACKLabel: H1 Block ID: 1, Msg No: 116C
Flight ID: TK03NZ REG: TC-LCF


Message content:-
#T1BLu9BNra/UOcbIcRZUA3bdBZONL15rFAtosax8/xvUSXUyNwwiKg3D5xl5saPwcrL4ijJ/hGeAhOPRobKeX5zMKzr0NatmzTOABoEELSxMQzMA98fYAxom+YNEVEjir3V6jH2hueCU2t6nxkeDY6nvT6O+9UPH57vjKZDhIeQYNl0ugOpnwTj5rq79wRO7/6mX64=
-------------------------------------------------------[2024-01-26 11:39:16.083]

SOURCE: AIR
RX_ID: 39, Freq: 131.825MHz
Mode: 2 NACKLabel: 16 Block ID: 2, Msg No: M64A
Flight ID: TK03NZ REG: TC-LCF


Message content:-
/N 45.008/E  5.911/39004/2601/1144/06857/1412/
-------------------------------------------------------[2024-01-26 11:44:27.786]

SOURCE: AIR
RX_ID: 40, Freq: 131.825MHz
Mode: 2 NACKLabel: Q0 Block ID: 2, Msg No: S20A
Flight ID: VY62UZ REG: EC-KDH


Message content:-

-------------------------------------------------------[2024-01-26 11:50:44.839]

SOURCE: AIR
RX_ID: 41, Freq: 131.825MHz
Mode: 2 NACKLabel: H1 Block ID: 3, Msg No: C06A
Flight ID: VY62UZ REG: EC-KDH


Message content:-
#CFBWRN/WN24012611500046200006DATALINK COMPANY FAULT  
-------------------------------------------------------[2024-01-26 11:50:49.957]

SOURCE: AIR
RX_ID: 42, Freq: 131.825MHz
Mode: 2 NACKLabel: H1 Block ID: 3, Msg No: C06A
Flight ID: VY62UZ REG: EC-KDH


Message content:-
#CFBWRN/WN24012611500046200006DATALINK COMPANY FAULT  
-------------------------------------------------------[2024-01-26 11:51:07.766]

SOURCE: AIR
RX_ID: 43, Freq: 131.825MHz
Mode: 2 NACKLabel: 5V Block ID: 4, Msg No: S21A
Flight ID: VY62UZ REG: EC-KDH


Message content:-

-------------------------------------------------------[2024-01-26 11:51:15.558]

SOURCE: AIR
RX_ID: 44, Freq: 131.725MHz
Mode: 2 NACKLabel: Q6 Block ID: 9, Msg No: S07A
Flight ID: 4YIQ01 REG: F-WWIQ


Message content:-

-------------------------------------------------------[2024-01-26 12:01:13.575]

SOURCE: AIR
RX_ID: 45, Freq: 131.725MHz
Mode: 2 NACKLabel: SA Block ID: 0, Msg No: S08A
Flight ID: 4YIQ01 REG: F-WWIQ


Message content:-
0EV120114V
-------------------------------------------------------[2024-01-26 12:01:16.245]

SOURCE: AIR
RX_ID: 46, Freq: 131.725MHz
Mode: 2 NACKLabel: H1 Block ID: 1, Msg No: D14A
Flight ID: 4YIQ01 REG: F-WWIQ


Message content:-
#DFBA320,000132,1,1,TB000000/REP019,84,01,1/CCF-WWIQ,JAN26,115816,LFBO,LFBO,0001/C0TWP020FF010011/C106,00103,4310,00,0000,0,0000,00,X/CE-168,30995,300,806,5831,224,W22F01/EC800890,00000,00001,72,15,042/EE800888
-------------------------------------------------------[2024-01-26 12:01:22.792]

SOURCE: AIR
RX_ID: 47, Freq: 131.725MHz
Mode: X NACKLabel: H1 Block ID: 2, Msg No: D14B
Flight ID: 4YIQ01 REG: F-WWIQ


Message content:-
#DFB,00000,00001,72/E10824,0869,03,163,008,000,002,1/N10825,0870,05,163,008,000,002,1/S11080,5105,020,029,164,02,31000,2/T11093,5063,022,034,188,01,31030,2/V1-165,-460,05408,00512,235,229,231,1/X10501,00400,079
-------------------------------------------------------[2024-01-26 12:01:26.269]

SOURCE: AIR
RX_ID: 48, Freq: 131.725MHz
Mode: X NACKLabel: H1 Block ID: 3, Msg No: D14C
Flight ID: 4YIQ01 REG: F-WWIQ


Message content:-
#DFB,002,002,002,000,1/V2-163,-460,05536,00512,235,229,231,1/E30788,0855,00,163,008,000,002,1/N30788,0856,00,163,008,000,002,1/V3-163,-460,05856,00512,235,229,231,1/X30501,01150,077,002,002,002,000,1/E40810,086
-------------------------------------------------------[2024-01-26 12:01:29.741]

SOURCE: AIR
RX_ID: 49, Freq: 131.725MHz
Mode: X NACKLabel: H1 Block ID: 4, Msg No: D14D
Flight ID: 4YIQ01 REG: F-WWIQ


Message content:-
#DFB4,00,162,008,000,002,1/N40810,0865,00,162,008,000,002,1/V4-165,-460,06400,00512,235,229,231,1/X40501,01750,074,002,002,002,000,1/V5-163,-460,06896,00512,235,229,231,1/X50501,01650,072,002,002,002,000,1/E607
-------------------------------------------------------[2024-01-26 12:01:33.433]

SOURCE: AIR
RX_ID: 50, Freq: 131.725MHz
Mode: X NACKLabel: H1 Block ID: 5, Msg No: D14E
Flight ID: 4YIQ01 REG: F-WWIQ


Message content:-
#DFB92,0856,00,159,008,000,002,1/N60793,0857,00,159,008,000,002,1/V6-163,-458,07264,00512,235,229,231,1/E70827,0869,00,156,008,000,002,1/N70827,0871,00,158,008,000,002,1/X70501,00250,070,002,002,002,000,1/E8081
-------------------------------------------------------[2024-01-26 12:01:36.728]

SOURCE: AIR
RX_ID: 51, Freq: 131.725MHz
Mode: X NACKLabel: H1 Block ID: 6, Msg No: D14F
Flight ID: 4YIQ01 REG: F-WWIQ


Message content:-
#DFB4,0865,00,154,008,000,002,1/N80814,0867,00,156,008,000,002,1/V8-163,-458,07648,00512,235,229,231,1/E90787,0852,00,152,008,000,002,1/N90787,0853,00,154,008,000,002,1/V9-165,-463,08144,00512,235,229,231,1/X90
-------------------------------------------------------[2024-01-26 12:01:40.203]

SOURCE: AIR
RX_ID: 52, Freq: 131.725MHz
Mode: X NACKLabel: H1 Block ID: 7, Msg No: D14G
Flight ID: 4YIQ01 REG: F-WWIQ


Message content:-
#DFB501,01550,067,002,002,002,000,1/E00804,0861,00,149,008,000,002,1/N00804,0863,00,152,008,000,002,1/V0-168,-460,08640,00512,235,229,231,1/X00501,01500,065,002,002,002,000,1/1V-168,-463,09104,00512,235,229,231
-------------------------------------------------------[2024-01-26 12:01:43.679]

SOURCE: AIR
RX_ID: 53, Freq: 131.725MHz
Mode: X NACKLabel: H1 Block ID: 0, Msg No: D15A
Flight ID: 4YIQ01 REG: F-WWIQ


Message content:-
#DFBA320,000133,1,1,TB000000/REP019,84,01,1/CCF-WWIQ,JAN26,115816,LFBO,LFBO,0001/C0TWP020FF010011/C106,00219,4320,00,0000,0,0000,00,X/CE-168,30995,300,806,5831,224,W22F01/EC800890,00000,00001,72,15,042/EE800888
-------------------------------------------------------[2024-01-26 12:01:53.511]

SOURCE: AIR
RX_ID: 54, Freq: 131.725MHz
Mode: X NACKLabel: H1 Block ID: 1, Msg No: D15B
Flight ID: 4YIQ01 REG: F-WWIQ


Message content:-
#DFB,00000,00001,72/E10824,0869,03,163,008,000,002,1/N10825,0870,05,163,008,000,002,1/S11080,5105,020,029,164,02,31000,2/T11093,5063,022,034,188,01,31030,2/V1-165,-460,05408,00512,235,229,231,1/X10501,00400,079
-------------------------------------------------------[2024-01-26 12:01:57.207]

SOURCE: AIR
RX_ID: 55, Freq: 131.725MHz
Mode: X NACKLabel: H1 Block ID: 2, Msg No: D15C
Flight ID: 4YIQ01 REG: F-WWIQ


Message content:-
#DFB,002,002,002,000,1/V2-163,-460,05536,00512,235,229,231,1/E30788,0855,00,163,008,000,002,1/N30788,0856,00,163,008,000,002,1/V3-163,-460,05856,00512,235,229,231,1/X30501,01150,077,002,002,002,000,1/E40810,086
-------------------------------------------------------[2024-01-26 12:02:00.680]

SOURCE: AIR
RX_ID: 56, Freq: 131.725MHz
Mode: X NACKLabel: H1 Block ID: 3, Msg No: D15D
Flight ID: 4YIQ01 REG: F-WWIQ


Message content:-
#DFB4,00,162,008,000,002,1/N40810,0865,00,162,008,000,002,1/V4-165,-460,06400,00512,235,229,231,1/X40501,01750,074,002,002,002,000,1/V5-163,-460,06896,00512,235,229,231,1/X50501,01650,072,002,002,002,000,1/E607
-------------------------------------------------------[2024-01-26 12:02:04.372]

SOURCE: AIR
RX_ID: 57, Freq: 131.725MHz
Mode: X NACKLabel: H1 Block ID: 4, Msg No: D15E
Flight ID: 4YIQ01 REG: F-WWIQ


Message content:-
#DFB92,0856,00,159,008,000,002,1/N60793,0857,00,159,008,000,002,1/V6-163,-458,07264,00512,235,229,231,1/E70827,0869,00,156,008,000,002,1/N70827,0871,00,158,008,000,002,1/X70501,00250,070,002,002,002,000,1/E8081
-------------------------------------------------------[2024-01-26 12:02:07.847]

SOURCE: AIR
RX_ID: 58, Freq: 131.725MHz
Mode: X NACKLabel: H1 Block ID: 5, Msg No: D15F
Flight ID: 4YIQ01 REG: F-WWIQ


Message content:-
#DFB4,0865,00,154,008,000,002,1/N80814,0867,00,156,008,000,002,1/V8-163,-458,07648,00512,235,229,231,1/E90787,0852,00,152,008,000,002,1/N90787,0853,00,154,008,000,002,1/V9-165,-463,08144,00512,235,229,231,1/X90
-------------------------------------------------------[2024-01-26 12:02:11.325]

SOURCE: AIR
RX_ID: 59, Freq: 131.725MHz
Mode: X NACKLabel: H1 Block ID: 6, Msg No: D15G
Flight ID: 4YIQ01 REG: F-WWIQ


Message content:-
#DFB501,01550,067,002,002,002,000,1/E00804,0861,00,149,008,000,002,1/N00804,0863,00,152,008,000,002,1/V0-168,-460,08640,00512,235,229,231,1/X00501,01500,065,002,002,002,000,1/1V-168,-463,09104,00512,235,229,231
-------------------------------------------------------[2024-01-26 12:02:14.795]

SOURCE: AIR
RX_ID: 60, Freq: 131.725MHz
Mode: X NACKLabel: H1 Block ID: 7, Msg No: D15H
Flight ID: 4YIQ01 REG: F-WWIQ


Message content:-
#DFB,1/1X0501,01450,063,002,002,002,000,1/2E0813,0863,00,145,008,000,002,1/2N0813,0864,00,148,008,000,002,1/2S1038,5051,021,028,141,02,30995,2/2T1053,5018,026,034,159,02,31032,2/2V-168,-463,09568,00512,235,229,
-------------------------------------------------------[2024-01-26 12:02:18.309]

SOURCE: AIR
RX_ID: 61, Freq: 131.725MHz
Mode: X NACKLabel: H1 Block ID: 8, Msg No: D15I
Flight ID: 4YIQ01 REG: F-WWIQ


Message content:-
#DFB231,1/2X0509,01400,061,002,002,002,000,1/:
-------------------------------------------------------[2024-01-26 12:02:21.378]

SOURCE: AIR
RX_ID: 62, Freq: 131.725MHz
Mode: X NACKLabel: H1 Block ID: 9, Msg No: D16A
Flight ID: 4YIQ01 REG: F-WWIQ


Message content:-
#DFBA320,000134,1,1,TB000000/REP019,84,01,1/CCF-WWIQ,JAN26,120122,LFBO,LFBO,0001/C0TWP020FF010011/C106,00319,5100,00,0000,0,0000,00,X/CE-170,30998,300,805,5820,225,W22F01/EC800890,00000,00001,72,15,039/EE800888
-------------------------------------------------------[2024-01-26 12:02:24.854]

SOURCE: AIR
RX_ID: 63, Freq: 131.725MHz
Mode: X NACKLabel: H1 Block ID: 1, Msg No: D16C
Flight ID: 4YIQ01 REG: F-WWIQ


Message content:-
#DFB,002,002,002,000,1/V2-165,-463,10656,00512,235,229,231,1/X20509,01300,057,002,002,002,000,1/V3-168,-463,11104,00512,235,229,231,1/X30509,01300,055,002,002,002,000,1/E40823,0866,00,135,008,000,002,1/N40823,0
-------------------------------------------------------[2024-01-26 12:02:31.805]

SOURCE: AIR
RX_ID: 64, Freq: 131.725MHz
Mode: X NACKLabel: H1 Block ID: 2, Msg No: D16D
Flight ID: 4YIQ01 REG: F-WWIQ


Message content:-
#DFB868,00,140,008,000,002,1/V4-168,-460,11552,00512,235,229,231,1/X40509,01250,053,002,002,002,000,1/E50802,0858,00,133,008,000,002,1/N50801,0859,00,138,008,000,002,1/V5-165,-463,12000,00512,235,229,231,1/V6-1
-------------------------------------------------------[2024-01-26 12:02:35.497]

SOURCE: AIR
RX_ID: 65, Freq: 131.725MHz
Mode: X NACKLabel: H1 Block ID: 3, Msg No: D16E
Flight ID: 4YIQ01 REG: F-WWIQ


Message content:-
#DFB68,-463,12432,00512,235,229,231,1/X60509,01200,050,002,002,002,000,1/V7-168,-463,12864,00512,235,229,231,1/E80840,0875,00,126,008,000,002,1/N80840,0876,00,132,008,000,002,1/V8-168,-463,13296,00512,235,229,2
-------------------------------------------------------[2024-01-26 12:02:38.790]

SOURCE: AIR
RX_ID: 66, Freq: 131.725MHz
Mode: X NACKLabel: H1 Block ID: 4, Msg No: D16F
Flight ID: 4YIQ01 REG: F-WWIQ


Message content:-
#DFB31,1/X80509,01150,047,002,002,002,000,1/E90828,0870,00,124,008,000,002,1/N90828,0871,00,130,008,000,002,1/V9-168,-463,13728,00512,235,229,231,1/E00814,0862,00,122,008,000,002,1/N00815,0864,00,128,008,000,00
-------------------------------------------------------[2024-01-26 12:02:42.260]

SOURCE: AIR
RX_ID: 67, Freq: 131.725MHz
Mode: X NACKLabel: H1 Block ID: 5, Msg No: D16G
Flight ID: 4YIQ01 REG: F-WWIQ


Message content:-
#DFB2,1/V0-168,-465,14160,00512,235,229,231,1/X00509,01100,044,002,002,002,000,1/1N0804,0860,00,126,008,000,002,1/1V-170,-465,14576,00512,235,229,231,1/2E0820,0867,00,118,008,000,002,1/2N0820,0868,00,125,008,00
-------------------------------------------------------[2024-01-26 12:02:45.954]

SOURCE: AIR
RX_ID: 68, Freq: 131.725MHz
Mode: X NACKLabel: H1 Block ID: 6, Msg No: D16H
Flight ID: 4YIQ01 REG: F-WWIQ


Message content:-
#DFB0,002,1/2S1066,5079,020,027,112,02,30998,2/2T1081,5054,026,033,116,02,31019,2/2V-170,-465,15008,00512,235,229,231,1/2X0509,01100,041,002,002,002,000,1/:
-------------------------------------------------------[2024-01-26 12:02:49.428]

SOURCE: AIR
RX_ID: 69, Freq: 131.725MHz
Mode: X NACKLabel: H1 Block ID: 7, Msg No: D17A
Flight ID: 4YIQ01 REG: F-WWIQ


Message content:-
#DFBA320,000135,1,1,TB000000/REP019,84,01,1/CCF-WWIQ,JAN26,120122,LFBO,LFBO,0001/C0TWP020FF010011/C106,00419,5120,00,0000,0,0000,00,X/CE-170,30998,300,805,5820,225,W22F01/EC800890,00000,00001,72,15,039/EE800888
-------------------------------------------------------[2024-01-26 12:02:53.126]

SOURCE: AIR
RX_ID: 70, Freq: 131.725MHz
Mode: X NACKLabel: H1 Block ID: 8, Msg No: D17B
Flight ID: 4YIQ01 REG: F-WWIQ


Message content:-
#DFB,00000,00001,72/E10806,0860,00,142,008,000,002,1/N10806,0861,00,146,008,000,002,1/S11021,5032,021,028,137,02,30995,2/T11033,5008,026,034,155,02,31030,2/V1-165,-463,10208,00512,235,229,231,1/X10509,01350,059
-------------------------------------------------------[2024-01-26 12:02:56.597]

SOURCE: AIR
RX_ID: 71, Freq: 131.725MHz
Mode: X NACKLabel: H1 Block ID: 8, Msg No: D17B
Flight ID: 4YIQ01 REG: F-WWIQ


Message content:-
#DFB,00000,00001,72/E10806,0860,00,142,008,000,002,1/N10806,0861,00,146,008,000,002,1/S11021,5032,021,028,137,02,30995,2/T11033,5008,026,034,155,02,31030,2/V1-165,-463,10208,00512,235,229,231,1/X10509,01350,059
-------------------------------------------------------[2024-01-26 12:03:06.002]

SOURCE: AIR
RX_ID: 72, Freq: 131.725MHz
Mode: X NACKLabel: H1 Block ID: 9, Msg No: D17C
Flight ID: 4YIQ01 REG: F-WWIQ


Message content:-
#DFB,002,002,002,000,1/V2-165,-463,10656,00512,235,229,231,1/X20509,01300,057,002,002,002,000,1/V3-168,-463,11104,00512,235,229,231,1/X30509,01300,055,002,002,002,000,1/E40823,0866,00,135,008,000,002,1/N40823,0
-------------------------------------------------------[2024-01-26 12:03:09.689]

SOURCE: AIR
RX_ID: 73, Freq: 131.725MHz
Mode: X NACKLabel: H1 Block ID: 0, Msg No: D17D
Flight ID: 4YIQ01 REG: F-WWIQ


Message content:-
#DFB868,00,140,008,000,002,1/V4-168,-460,11552,00512,235,229,231,1/X40509,01250,053,002,002,002,000,1/E50802,0858,00,133,008,000,002,1/N50801,0859,00,138,008,000,002,1/V5-165,-463,12000,00512,235,229,231,1/V6-1
-------------------------------------------------------[2024-01-26 12:03:13.383]

SOURCE: AIR
RX_ID: 74, Freq: 131.725MHz
Mode: X NACKLabel: H1 Block ID: 1, Msg No: D17E
Flight ID: 4YIQ01 REG: F-WWIQ


Message content:-
#DFB68,-463,12432,00512,235,229,231,1/X60509,01200,050,002,002,002,000,1/V7-168,-463,12864,00512,235,229,231,1/E80840,0875,00,126,008,000,002,1/N80840,0876,00,132,008,000,002,1/V8-168,-463,13296,00512,235,229,2
-------------------------------------------------------[2024-01-26 12:03:17.075]

SOURCE: AIR
RX_ID: 75, Freq: 131.725MHz
Mode: X NACKLabel: H1 Block ID: 2, Msg No: D17F
Flight ID: 4YIQ01 REG: F-WWIQ


Message content:-
#DFB31,1/X80509,01150,047,002,002,002,000,1/E90828,0870,00,124,008,000,002,1/N90828,0871,00,130,008,000,002,1/V9-168,-463,13728,00512,235,229,231,1/E00814,0862,00,122,008,000,002,1/N00815,0864,00,128,008,000,00
-------------------------------------------------------[2024-01-26 12:03:20.550]

SOURCE: AIR
RX_ID: 76, Freq: 131.725MHz
Mode: X NACKLabel: H1 Block ID: 3, Msg No: D17G
Flight ID: 4YIQ01 REG: F-WWIQ


Message content:-
#DFB2,1/V0-168,-465,14160,00512,235,229,231,1/X00509,01100,044,002,002,002,000,1/1N0804,0860,00,126,008,000,002,1/1V-170,-465,14576,00512,235,229,231,1/2E0820,0867,00,118,008,000,002,1/2N0820,0868,00,125,008,00
-------------------------------------------------------[2024-01-26 12:03:24.026]

SOURCE: AIR
RX_ID: 77, Freq: 131.725MHz
Mode: X NACKLabel: H1 Block ID: 4, Msg No: D17H
Flight ID: 4YIQ01 REG: F-WWIQ


Message content:-
#DFB0,002,1/2S1066,5079,020,027,112,02,30998,2/2T1081,5054,026,033,116,02,31019,2/2V-170,-465,15008,00512,235,229,231,1/2X0509,01100,041,002,002,002,000,1/:
-------------------------------------------------------[2024-01-26 12:03:27.317]

SOURCE: AIR
RX_ID: 78, Freq: 131.725MHz
Mode: X NACKLabel: 16 Block ID: 5, Msg No: M05A
Flight ID: 4YIQ01 REG: F-WWIQ


Message content:-
120406,31000,1245, 325,N 44.528 E  5.061
-------------------------------------------------------[2024-01-26 12:04:13.800]

SOURCE: AIR
RX_ID: 79, Freq: 131.725MHz
Mode: X NACKLabel: H1 Block ID: 6, Msg No: D18A
Flight ID: 4YIQ01 REG: F-WWIQ


Message content:-
#DFBA320,000136,1,1,TB000000/REP019,84,01,1/CCF-WWIQ,JAN26,120402,LFBO,LFBO,0001/C0TWP020FF010011/C106,00519,4400,41,0010,0,0100,41,X/CE-170,31003,300,806,5807,225,W22F01/EC800890,00000,00001,72,15,046/EE800888
-------------------------------------------------------[2024-01-26 12:04:32.852]

SOURCE: AIR
RX_ID: 80, Freq: 131.725MHz
Mode: X NACKLabel: H1 Block ID: 7, Msg No: D18B
Flight ID: 4YIQ01 REG: F-WWIQ


Message content:-
#DFB,00000,00001,72/E10810,0863,00,119,008,000,002,1/N10810,0864,00,125,008,000,002,1/S11036,5045,020,027,113,02,30997,2/T11050,5025,026,033,117,02,31025,2/V1-170,-463,14864,00512,235,229,231,1/X10509,01100,042
-------------------------------------------------------[2024-01-26 12:04:36.329]

SOURCE: AIR
RX_ID: 81, Freq: 131.725MHz
Mode: X NACKLabel: H1 Block ID: 8, Msg No: D18C
Flight ID: 4YIQ01 REG: F-WWIQ


Message content:-
#DFB,002,002,002,000,1/E20822,0868,00,117,008,000,002,1/N20822,0869,00,123,008,000,002,1/V2-168,-463,15280,00512,235,229,231,1/X20509,01050,040,002,002,002,000,1/E30798,0857,00,115,008,000,002,1/N30798,0858,00,
-------------------------------------------------------[2024-01-26 12:04:39.819]

SOURCE: AIR
RX_ID: 82, Freq: 131.725MHz
Mode: X NACKLabel: H1 Block ID: 9, Msg No: D18D
Flight ID: 4YIQ01 REG: F-WWIQ


Message content:-
#DFB122,008,000,002,1/V3-168,-463,15712,00512,235,229,231,1/E40817,0866,00,113,008,000,002,1/N40816,0869,00,120,008,000,002,0/V4-170,-463,16000,00512,235,229,231,1/X40509,00750,038,002,002,002,000,1/N50822,0870
-------------------------------------------------------[2024-01-26 12:04:43.278]

SOURCE: AIR
RX_ID: 83, Freq: 131.725MHz
Mode: X NACKLabel: H1 Block ID: 0, Msg No: D18E
Flight ID: 4YIQ01 REG: F-WWIQ


Message content:-
#DFB,28,105,009,000,014,0/V5-170,-463,15056,00512,235,229,231,1/X50509,-1950,041,002,002,002,000,1/E60830,0867,00,109,008,000,002,1/N60829,0872,42,129,008,000,050,0/V6-168,-463,14608,00512,235,229,231,1/X60509,
-------------------------------------------------------[2024-01-26 12:04:46.568]

SOURCE: AIR
RX_ID: 84, Freq: 131.725MHz
Mode: X NACKLabel: H1 Block ID: 1, Msg No: D18F
Flight ID: 4YIQ01 REG: F-WWIQ


Message content:-
#DFB-0900,043,002,002,002,008,1/E70780,0854,08,092,040,000,002,0/N70781,0854,45,127,008,000,066,0/V7-165,-463,14448,00512,235,229,231,1/E80776,0854,28,088,007,000,020,0/N80777,0855,42,121,007,000,082,0/S80936,4
-------------------------------------------------------[2024-01-26 12:04:50.041]

SOURCE: AIR
RX_ID: 85, Freq: 131.725MHz
Mode: X NACKLabel: H1 Block ID: 3, Msg No: D18H
Flight ID: 4YIQ01 REG: F-WWIQ


Message content:-
#DFB463,14272,00512,235,229,231,0/E00811,0866,39,092,007,000,080,0/N00811,0867,42,114,007,000,082,0/V0-168,-463,14160,00512,235,229,231,0/1V-170,-463,14048,00512,235,229,231,0/2E0802,0863,41,085,007,000,080,0/2
-------------------------------------------------------[2024-01-26 12:05:07.669]

SOURCE: AIR
RX_ID: 86, Freq: 131.725MHz
Mode: X NACKLabel: H1 Block ID: 4, Msg No: D18I
Flight ID: 4YIQ01 REG: F-WWIQ


Message content:-
#DFBN0803,0865,41,104,007,000,082,0/2S1015,4960,007,020,201,38,31003,2/2T1030,4928,023,038,210,38,31026,2/2V-170,-465,13936,-----,235,229,231,0/2X----,-0300,045,082,082,083,011,0/:
-------------------------------------------------------[2024-01-26 12:05:10.925]

SOURCE: AIR
RX_ID: 87, Freq: 131.825MHz
Mode: 2 NACKLabel: Q0 Block ID: 0, Msg No: S93A
Flight ID: NW0231 REG: N831NW


Message content:-

-------------------------------------------------------[2024-01-26 12:25:57.611]

SOURCE: AIR
RX_ID: 88, Freq: 131.825MHz
Mode: 2 NACKLabel: H1 Block ID: 1, Msg No: D54A
Flight ID: NW0231 REG: N831NW


Message content:-
#DFB239188500401010098039
R39/A33039,1,1
239N831NW231 012624123539811 4502   438320-20-50275 55AB0510142720
 295 421 000293531030/9WLIRFKJFK
-------------------------------------------------------[2024-01-26 12:35:51.931]

SOURCE: AIR
RX_ID: 89, Freq: 131.825MHz
Mode: 2 NACKLabel: Q0 Block ID: 0, Msg No: S08A
Flight ID: GS0001 REG: DCSMC


Message content:-

-------------------------------------------------------[2024-01-26 12:44:02.012]

SOURCE: AIR
RX_ID: 90, Freq: 131.825MHz
Mode: 2 NACKLabel: 83 Block ID: 1, Msg No: M12A
Flight ID: GS0001 REG: DCSMC


Message content:-
001PR26124408N4346.0E00506.4389408    
-------------------------------------------------------[2024-01-26 12:44:10.204]

SOURCE: AIR
RX_ID: 91, Freq: 131.725MHz
Mode: 2 NACKLabel: B9 Block ID: 6, Msg No: M82A
Flight ID: XA0000 REG: P4TNA


Message content:-
/LEVC.TI2/024LEVCA1C78
-------------------------------------------------------[2024-01-26 13:00:18.903]

SOURCE: AIR
RX_ID: 92, Freq: 131.725MHz
Mode: 2 ACK, A2GLabel: B9 Block ID: 6, Msg No: M82A
Flight ID: XA0000 REG: P4TNA


Message content:-
/LEVC.TI2/024LEVCA1C78
-------------------------------------------------------[2024-01-26 13:00:23.401]

SOURCE: AIR
RX_ID: 93, Freq: 131.725MHz
Mode: 2 ACK, A2GLabel: _d Block ID: 7, Msg No: M83A
Flight ID: XA0000 REG: P4TNA


Message content:-

-------------------------------------------------------[2024-01-26 13:00:46.112]

SOURCE: AIR
RX_ID: 94, Freq: 131.725MHz
Mode: 2 NACKLabel: Q0 Block ID: 8, Msg No: M84A
Flight ID: XA0000 REG: P4TNA


Message content:-

-------------------------------------------------------[2024-01-26 13:10:46.615]

SOURCE: AIR
RX_ID: 95, Freq: 131.725MHz
Mode: G NACKLabel: Q0 Block ID: 8, Msg No: S09A
Flight ID: GS0001 REG: OEGTI


Message content:-

-------------------------------------------------------[2024-01-26 13:11:27.582]

SOURCE: AIR
RX_ID: 96, Freq: 131.725MHz
Mode: G NACKLabel: 83 Block ID: 9, Msg No: M06A
Flight ID: GS0001 REG: OEGTI


Message content:-
001PR26131151N4314.2E00535.0410390    
-------------------------------------------------------[2024-01-26 13:11:53.760]

SOURCE: AIR
RX_ID: 97, Freq: 131.725MHz
Mode: 2 NACKLabel: Q0 Block ID: 1, Msg No: S10A
Flight ID: ZD0001 REG: HZ-MS1A


Message content:-

-------------------------------------------------------[2024-01-26 13:39:55.172]

SOURCE: AIR
RX_ID: 98, Freq: 131.725MHz
Mode: 2 NACKLabel: SA Block ID: 2, Msg No: S11A
Flight ID: ZD0001 REG: HZ-MS1A


Message content:-
0EV133956V
-------------------------------------------------------[2024-01-26 13:39:58.243]

SOURCE: AIR
RX_ID: 99, Freq: 131.725MHz
Mode: 2 NACKLabel: 83 Block ID: 3, Msg No: M20A
Flight ID: ZD0001 REG: HZ-MS1A


Message content:-
001PR26133654N4441.3E00541.5410431    
-------------------------------------------------------[2024-01-26 13:40:01.317]

SOURCE: AIR
RX_ID: 100, Freq: 131.725MHz
Mode: 2 NACKLabel: 5U Block ID: 4, Msg No: M21A
Flight ID: ZD0001 REG: HZ-MS1A


Message content:-
001WX26134050N4414.5E00533.0409414    
024AQ,LEBL,,,,,,
-------------------------------------------------------[2024-01-26 13:40:53.358]

SOURCE: AIR
RX_ID: 101, Freq: 131.725MHz
Mode: 2 ACK, A2GLabel: _d Block ID: 5, Msg No: S12A
Flight ID: ZD0001 REG: HZ-MS1A


Message content:-

-------------------------------------------------------[2024-01-26 13:41:18.737]

SOURCE: AIR
RX_ID: 102, Freq: 131.725MHz
Mode: 2 ACK, A2GLabel: _d Block ID: 6, Msg No: S13A
Flight ID: ZD0001 REG: HZ-MS1A


Message content:-

-------------------------------------------------------[2024-01-26 13:41:21.809]

SOURCE: AIR
RX_ID: 103, Freq: 131.525MHz
Mode: T NACKLabel: H1 Block ID: 4, Msg No: C02A
Flight ID: AF7306 REG: F-GMZD


Message content:-
#CFBFLR/FR24012613410038314106LAV E/IDTOILET
-------------------------------------------------------[2024-01-26 13:41:24.700]

SOURCE: AIR
RX_ID: 104, Freq: 131.525MHz
Mode: T NACKLabel: 2Z Block ID: 5, Msg No: M14A
Flight ID: AF7306 REG: F-GMZD


Message content:-
LFMN
-------------------------------------------------------[2024-01-26 13:45:02.813]

SOURCE: AIR
RX_ID: 105, Freq: 131.525MHz
Mode: T ACK, A2GLabel: _d Block ID: 6, Msg No: S29A
Flight ID: AF7306 REG: F-GMZD


Message content:-

-------------------------------------------------------[2024-01-26 13:46:35.780]

SOURCE: AIR
RX_ID: 106, Freq: 131.525MHz
Mode: T NACKLabel: 2F Block ID: 7, Msg No: M15A
Flight ID: AF7306 REG: F-GMZD


Message content:-
1348+4428+535/3245
-------------------------------------------------------[2024-01-26 13:48:34.781]

SOURCE: AIR
RX_ID: 107, Freq: 131.525MHz
Mode: T NACKLabel: B9 Block ID: 8, Msg No: L03A
Flight ID: AF7306 REG: F-GMZD


Message content:-
/LFMN.TI2/064LFMNA83AC
-------------------------------------------------------[2024-01-26 13:51:22.096]

SOURCE: AIR
RX_ID: 108, Freq: 131.525MHz
Mode: T ACK, A2GLabel: _d Block ID: 9, Msg No: S30A
Flight ID: AF7306 REG: F-GMZD


Message content:-

-------------------------------------------------------[2024-01-26 13:51:27.619]

SOURCE: AIR
RX_ID: 109, Freq: 131.525MHz
Mode: T ACK, A2GLabel: _d Block ID: 0, Msg No: S31A
Flight ID: AF7306 REG: F-GMZD


Message content:-

-------------------------------------------------------[2024-01-26 13:51:31.093]

SOURCE: AIR
RX_ID: 110, Freq: 131.525MHz
Mode: T ACK, A2GLabel: _d Block ID: 1, Msg No: S32A
Flight ID: AF7306 REG: F-GMZD


Message content:-

-------------------------------------------------------[2024-01-26 13:51:33.763]

SOURCE: AIR
RX_ID: 111, Freq: 131.525MHz
Mode: T NACKLabel: 26 Block ID: 2, Msg No: M16A
Flight ID: AF7306 REG: F-GMZD


Message content:-
1353LFPGAF7306/261408LFMN04R
-------------------------------------------------------[2024-01-26 13:53:03.253]

SOURCE: AIR
RX_ID: 112, Freq: 131.825MHz
Mode: 2 NACKLabel: 44 Block ID: 5, Msg No: M34A
Flight ID: GS05FE REG: CSDLF


Message content:-
011*4lAb_''A?~6llEALLbS~Ab62_9b\C@_blA~LbA''lbA'EqbSO(00
-------------------------------------------------------[2024-01-26 14:40:16.879]

SOURCE: AIR
RX_ID: 113, Freq: 131.725MHz
Mode: E NACKLabel: SA Block ID: 0, Msg No: M13A
Flight ID: ZD3899 REG: N737ER


Message content:-
0LS144607V
-------------------------------------------------------[2024-01-26 14:46:12.209]

SOURCE: AIR
RX_ID: 114, Freq: 131.725MHz
Mode: E ACK, A2GLabel: _d Block ID: 1, Msg No: S35A
Flight ID: ZD3899 REG: N737ER


Message content:-

-------------------------------------------------------[2024-01-26 14:46:18.758]

SOURCE: AIR
RX_ID: 115, Freq: 131.725MHz
Mode: E NACKLabel: B9 Block ID: 3, Msg No: L02A
Flight ID: ZD3899 REG: N737ER


Message content:-
/LFMN.TI2/024LFMNA426A
-------------------------------------------------------[2024-01-26 14:52:49.522]

SOURCE: AIR
RX_ID: 116, Freq: 131.725MHz
Mode: E ACK, A2GLabel: _d Block ID: 4, Msg No: S38A
Flight ID: ZD3899 REG: N737ER


Message content:-

-------------------------------------------------------[2024-01-26 14:52:54.234]

SOURCE: AIR
RX_ID: 117, Freq: 131.725MHz
Mode: E ACK, A2GLabel: _d Block ID: 5, Msg No: S39A
Flight ID: ZD3899 REG: N737ER


Message content:-

-------------------------------------------------------[2024-01-26 14:52:58.111]

SOURCE: AIR
RX_ID: 118, Freq: 131.725MHz
Mode: E ACK, A2GLabel: _d Block ID: 6, Msg No: S40A
Flight ID: ZD3899 REG: N737ER


Message content:-

-------------------------------------------------------[2024-01-26 14:53:01.586]

SOURCE: AIR
RX_ID: 119, Freq: 131.725MHz
Mode: E NACKLabel: SA Block ID: 7, Msg No: M15A
Flight ID: ZD3899 REG: N737ER


Message content:-
0LS145523V
-------------------------------------------------------[2024-01-26 14:55:29.443]

SOURCE: AIR
RX_ID: 120, Freq: 131.725MHz
Mode: E NACKLabel: H1 Block ID: 8, Msg No: F10A
Flight ID: ZD3899 REG: N737ER


Message content:-
#M1BPOSN44181E005201,NISAR,145653,314,DOT01,145826,VED01,M46,287055,2853BFA
-------------------------------------------------------[2024-01-26 14:56:56.298]

SOURCE: AIR
RX_ID: 121, Freq: 131.725MHz
Mode: E NACKLabel: SA Block ID: 9, Msg No: M17A
Flight ID: ZD3899 REG: N737ER


Message content:-
0LS150557V
-------------------------------------------------------[2024-01-26 15:06:02.268]

SOURCE: AIR
RX_ID: 122, Freq: 131.725MHz
Mode: E ACK, A2GLabel: _d Block ID: 0, Msg No: S43A
Flight ID: ZD3899 REG: N737ER


Message content:-

-------------------------------------------------------[2024-01-26 15:07:17.022]

SOURCE: AIR
RX_ID: 123, Freq: 131.525MHz
Mode: T NACKLabel: B9 Block ID: 5, Msg No: L07A
Flight ID: AF7307 REG: F-GMZD


Message content:-
/LFPG.TI2/064LFPGA3806
-------------------------------------------------------[2024-01-26 16:05:03.495]

SOURCE: AIR
RX_ID: 124, Freq: 131.525MHz
Mode: T NACKLabel: Q0 Block ID: 7, Msg No: S72A
Flight ID: AF7307 REG: F-GMZD


Message content:-

-------------------------------------------------------[2024-01-26 16:05:38.311]

SOURCE: AIR
RX_ID: 125, Freq: 131.525MHz
Mode: T NACKLabel: Q0 Block ID: 7, Msg No: S72A
Flight ID: AF7307 REG: F-GMZD


Message content:-

-------------------------------------------------------[2024-01-26 16:05:50.598]

SOURCE: AIR
RX_ID: 126, Freq: 131.525MHz
Mode: T ACK, A2GLabel: _d Block ID: 8, Msg No: S73A
Flight ID: AF7307 REG: F-GMZD


Message content:-

-------------------------------------------------------[2024-01-26 16:05:52.648]

SOURCE: AIR
RX_ID: 127, Freq: 131.825MHz
Mode: 2 NACKLabel: Q0 Block ID: 9, Msg No: S31A
Flight ID: FR04FX REG: 9H-QAW


Message content:-

-------------------------------------------------------[2024-01-26 16:16:12.385]

SOURCE: AIR
RX_ID: 128, Freq: 131.525MHz
Mode: T NACKLabel: 5U Block ID: 9, Msg No: M18A
Flight ID: AF6010 REG: F-GRHF


Message content:-
3LFMN
-------------------------------------------------------[2024-01-26 17:05:45.238]

SOURCE: AIR
RX_ID: 129, Freq: 131.525MHz
Mode: T ACK, A2GLabel: _d Block ID: 0, Msg No: S29A
Flight ID: AF6010 REG: F-GRHF


Message content:-

-------------------------------------------------------[2024-01-26 17:05:51.202]

SOURCE: AIR
RX_ID: 130, Freq: 131.725MHz
Mode: 2 NACKLabel: Q0 Block ID: 0, Msg No: S25A
Flight ID: AH1032 REG: 7T-VJK


Message content:-

-------------------------------------------------------[2024-01-26 17:08:12.074]

SOURCE: AIR
RX_ID: 131, Freq: 131.725MHz
Mode: G NACKLabel: SA Block ID: 1, Msg No: M17A
Flight ID: AH1032 REG: 7T-VJK


Message content:-
0EV170813VS
-------------------------------------------------------[2024-01-26 17:08:15.770]

SOURCE: AIR
RX_ID: 132, Freq: 131.725MHz
Mode: G NACKLabel: 5V Block ID: 2, Msg No: S26A
Flight ID: AH1032 REG: 7T-VJK


Message content:-

-------------------------------------------------------[2024-01-26 17:08:46.896]

SOURCE: AIR
RX_ID: 133, Freq: 131.725MHz
Mode: X NACKLabel: 83 Block ID: 7, Msg No: M11A
Flight ID: GS0001 REG: OEGTI


Message content:-
001PR26171139N4326.5E00653.2400463    
-------------------------------------------------------[2024-01-26 17:11:41.994]

SOURCE: AIR
RX_ID: 134, Freq: 131.525MHz
Mode: T NACKLabel: 26 Block ID: 1, Msg No: M19A
Flight ID: AF6010 REG: F-GRHF


Message content:-
1713LFPOAF6010/261728LFML31R
-------------------------------------------------------[2024-01-26 17:13:02.087]

SOURCE: AIR
RX_ID: 135, Freq: 131.525MHz
Mode: T ACK, A2GLabel: _d Block ID: 2, Msg No: S30A
Flight ID: AF6010 REG: F-GRHF


Message content:-

-------------------------------------------------------[2024-01-26 17:13:16.018]

SOURCE: AIR
RX_ID: 136, Freq: 131.725MHz
Mode: 2 NACKLabel: Q0 Block ID: 3, Msg No: S31A
Flight ID: AF6010 REG: F-GRHF


Message content:-

-------------------------------------------------------[2024-01-26 17:13:17.851]

SOURCE: AIR
RX_ID: 137, Freq: 131.725MHz
Mode: E NACKLabel: Q0 Block ID: 4, Msg No: S32A
Flight ID: AF6010 REG: F-GRHF


Message content:-

-------------------------------------------------------[2024-01-26 17:13:25.239]

SOURCE: AIR
RX_ID: 138, Freq: 131.725MHz
Mode: E NACKLabel: Q0 Block ID: 4, Msg No: S32A
Flight ID: AF6010 REG: F-GRHF


Message content:-

-------------------------------------------------------[2024-01-26 17:13:36.278]

SOURCE: AIR
RX_ID: 139, Freq: 131.725MHz
Mode: E NACKLabel: B9 Block ID: 5, Msg No: L02A
Flight ID: AF6010 REG: F-GRHF


Message content:-
/LFMN.TI2/064LFMNA83AC
-------------------------------------------------------[2024-01-26 17:13:59.832]

SOURCE: AIR
RX_ID: 140, Freq: 131.725MHz
Mode: E ACK, A2GLabel: _d Block ID: 6, Msg No: S33A
Flight ID: AF6010 REG: F-GRHF


Message content:-

-------------------------------------------------------[2024-01-26 17:14:04.329]

SOURCE: AIR
RX_ID: 141, Freq: 131.725MHz
Mode: E ACK, A2GLabel: _d Block ID: 7, Msg No: S34A
Flight ID: AF6010 REG: F-GRHF


Message content:-

-------------------------------------------------------[2024-01-26 17:14:07.841]

SOURCE: AIR
RX_ID: 142, Freq: 131.725MHz
Mode: E ACK, A2GLabel: _d Block ID: 8, Msg No: S35A
Flight ID: AF6010 REG: F-GRHF


Message content:-

-------------------------------------------------------[2024-01-26 17:14:11.099]

SOURCE: AIR
RX_ID: 143, Freq: 131.725MHz
Mode: E NACKLabel: 2F Block ID: 9, Msg No: M20A
Flight ID: AF6010 REG: F-GRHF


Message content:-
1716+4372+513/1534
-------------------------------------------------------[2024-01-26 17:16:16.243]

SOURCE: AIR
RX_ID: 144, Freq: 131.725MHz
Mode: 2 NACKLabel: Q0 Block ID: 6, Msg No: S31A
Flight ID: AH1032 REG: 7T-VJK


Message content:-

-------------------------------------------------------[2024-01-26 17:17:38.162]

SOURCE: AIR
RX_ID: 145, Freq: 131.725MHz
Mode: X NACKLabel: SA Block ID: 7, Msg No: M21A
Flight ID: AH1032 REG: 7T-VJK


Message content:-
0EV171741VS
-------------------------------------------------------[2024-01-26 17:17:42.258]

SOURCE: AIR
RX_ID: 146, Freq: 131.725MHz
Mode: E NACKLabel: H1 Block ID: 0, Msg No: D11A
Flight ID: AF6010 REG: F-GRHF


Message content:-
#DFBA01/A31901,1,1/CCF-GRHF,JAN26,165637,LFPO,LFML,0017/C106,10939,5000,43,0010,0,0100,43,X/CEN267,32979,277,783,5697,256,C43025/EC645937,20260,00337,16453,73,08/EE645936,20237,00556,16492,73/N10807,0807,0910,5
-------------------------------------------------------[2024-01-26 17:20:26.318]

SOURCE: AIR
RX_ID: 147, Freq: 131.725MHz
Mode: E NACKLabel: H1 Block ID: 5, Msg No: D12B
Flight ID: AF6010 REG: F-GRHF


Message content:-
#DFB00556,16492,73/N10807,0808,0910,5576,1189,XXXXX/N20807,0808,0913,5598,1195,XXXXX/S1XXXXX,0552,1278,3983,XXXX,034,N00/S2XXXXX,0580,1295,3986,XXXX,035,001/T1099,100,023,38,089,05725,0116/T2099,100,015,41,068,
-------------------------------------------------------[2024-01-26 17:21:09.142]

SOURCE: AIR
RX_ID: 148, Freq: 131.725MHz
Mode: 2 NACKLabel: Q0 Block ID: 7, Msg No: S42A
Flight ID: AH1040 REG: 7T-VJR


Message content:-

-------------------------------------------------------[2024-01-26 17:33:00.420]

SOURCE: AIR
RX_ID: 149, Freq: 131.725MHz
Mode: 2 NACKLabel: SA Block ID: 8, Msg No: M33A
Flight ID: AH1040 REG: 7T-VJR


Message content:-
0EV173302VS
-------------------------------------------------------[2024-01-26 17:33:04.917]

SOURCE: AIR
RX_ID: 150, Freq: 131.725MHz
Mode: 2 NACKLabel: 80 Block ID: 9, Msg No: M34A
Flight ID: AH1040 REG: 7T-VJR


Message content:-
3701 INRANG 1040/26 DAAG/LFMN .7T-VJR
/ETA 1749/ERT     
-------------------------------------------------------[2024-01-26 17:33:08.793]

SOURCE: AIR
RX_ID: 151, Freq: 131.725MHz
Mode: 2 NACKLabel: SA Block ID: 0, Msg No: M35A
Flight ID: AH1040 REG: 7T-VJR


Message content:-
0LS173346V
-------------------------------------------------------[2024-01-26 17:33:47.705]

SOURCE: AIR
RX_ID: 152, Freq: 131.725MHz
Mode: 2 NACKLabel: 5V Block ID: 1, Msg No: S43A
Flight ID: AH1040 REG: 7T-VJR


Message content:-

-------------------------------------------------------[2024-01-26 17:34:18.645]

SOURCE: AIR
RX_ID: 153, Freq: 131.725MHz
Mode: E NACKLabel: Q0 Block ID: 3, Msg No: S44A
Flight ID: CC2614 REG: TF-AMM


Message content:-

-------------------------------------------------------[2024-01-26 17:59:29.667]

SOURCE: AIR
RX_ID: 154, Freq: 131.725MHz
Mode: E NACKLabel: Q0 Block ID: 4, Msg No: S45A
Flight ID: CC2614 REG: TF-AMM


Message content:-

-------------------------------------------------------[2024-01-26 18:09:51.016]

SOURCE: AIR
RX_ID: 155, Freq: 131.725MHz
Mode: E NACKLabel: Q0 Block ID: 4, Msg No: S45A
Flight ID: CC2614 REG: TF-AMM


Message content:-

-------------------------------------------------------[2024-01-26 18:10:00.634]

SOURCE: AIR
RX_ID: 156, Freq: 131.825MHz
Mode: 2 NACKLabel: 16 Block ID: 2, Msg No: M28A
Flight ID: FR07DL REG: EI-DCM


Message content:-
181018,,1858, 105,N   .    MMMM.MMM
-------------------------------------------------------[2024-01-26 18:10:20.933]

SOURCE: AIR
RX_ID: 157, Freq: 131.725MHz
Mode: G NACKLabel: H1 Block ID: 2, Msg No: D22A
Flight ID: AF6015 REG: F-GRHF


Message content:-
#DFBA04/A31904,1,1/CCF-GRHF,JAN26,183135,LFML,LFPO,0025/C105,12039,4000,00,0000,0,0100,01,X/CE0192,01346,164,255,5869,278,C43025/EC645937,20260,00338,16454,23/EE645936,20237,00557,16493,23/N102,00,00,00,01,01,0
-------------------------------------------------------[2024-01-26 18:31:57.899]

SOURCE: AIR
RX_ID: 158, Freq: 131.725MHz
Mode: G NACKLabel: H1 Block ID: 3, Msg No: D22B
Flight ID: AF6015 REG: F-GRHF


Message content:-
#DFB0,00,7180/N202,00,00,00,01,01,00,00,7190/S10804,0804,0946,7180,2893,2845,0880/S20801,0801,0948,7190,2875,2835,0876/T14795,0988,245,139,----,030,016/T24770,0997,241,139,----,029,033/V107,04,162,282,01,00,000
-------------------------------------------------------[2024-01-26 18:32:02.216]

SOURCE: AIR
RX_ID: 159, Freq: 131.725MHz
Mode: G NACKLabel: H1 Block ID: 4, Msg No: D22C
Flight ID: AF6015 REG: F-GRHF


Message content:-
#DFB00/V215,18,190,312,02,00,00000/V3048,074,1,1,00080,00010,2221/V4047,074,1,1,00060,00010,2221/X114859,0117,100,037,1768/X214859,0117,100,036,1769/
-------------------------------------------------------[2024-01-26 18:32:05.692]

SOURCE: AIR
RX_ID: 160, Freq: 131.725MHz
Mode: G NACKLabel: H1 Block ID: 5, Msg No: C06A
Flight ID: AF6015 REG: F-GRHF


Message content:-
#CFBFLR/FR24012618310030310005SDAC2:NO DATA FROM      PHC2/IDECAM 2,ECAM 1
-------------------------------------------------------[2024-01-26 18:32:15.321]

SOURCE: AIR
RX_ID: 161, Freq: 131.725MHz
Mode: G NACKLabel: 5U Block ID: 6, Msg No: M37A
Flight ID: AF6015 REG: F-GRHF


Message content:-
3LFPO/LFLL/LFPG
-------------------------------------------------------[2024-01-26 18:36:59.980]

SOURCE: AIR
RX_ID: 162, Freq: 131.725MHz
Mode: G ACK, A2GLabel: _d Block ID: 7, Msg No: S62A
Flight ID: AF6015 REG: F-GRHF


Message content:-

-------------------------------------------------------[2024-01-26 18:37:08.172]

SOURCE: AIR
RX_ID: 163, Freq: 131.725MHz
Mode: G ACK, A2GLabel: _d Block ID: 8, Msg No: S63A
Flight ID: AF6015 REG: F-GRHF


Message content:-

-------------------------------------------------------[2024-01-26 18:37:21.300]

SOURCE: AIR
RX_ID: 164, Freq: 131.725MHz
Mode: G ACK, A2GLabel: _d Block ID: 9, Msg No: S64A
Flight ID: AF6015 REG: F-GRHF


Message content:-

-------------------------------------------------------[2024-01-26 18:37:33.184]

SOURCE: AIR
RX_ID: 165, Freq: 131.725MHz
Mode: G NACKLabel: 2F Block ID: 0, Msg No: M38A
Flight ID: AF6015 REG: F-GRHF


Message content:-
1846+4463+457/3346
-------------------------------------------------------[2024-01-26 18:46:08.475]

SOURCE: AIR
RX_ID: 166, Freq: 131.825MHz
Mode: 2 NACKLabel: H1 Block ID: 4, Msg No: D01A
Flight ID: QY1683 REG: D-ALEV


Message content:-
#DFBAMDAR REPORT         TIME: 193317UTC
123456789X01BCSXXXX0D-ALEV
4331N00509W193326F086PS02317048RA
4328N00509W193200F052PS10326031RA
4328N00510W193200F045PS11336029  
4327N00510W193100F036PS12345033  

-------------------------------------------------------[2024-01-26 19:33:37.650]

SOURCE: AIR
RX_ID: 167, Freq: 131.825MHz
Mode: 2 NACKLabel: H1 Block ID: 5, Msg No: D01B
Flight ID: QY1683 REG: D-ALEV


Message content:-
#DFB4327N00511W193100F024PS14347037  

-------------------------------------------------------[2024-01-26 19:33:43.392]

SOURCE: AIR
RX_ID: 168, Freq: 131.725MHz
Mode: X NACKLabel: 16 Block ID: 8, Msg No: M64A
Flight ID: FR95TQ REG: EI-EMC


Message content:-
193501,,2006, 102,N   .    MMMM.MMM
-------------------------------------------------------[2024-01-26 19:35:03.663]

SOURCE: AIR
RX_ID: 169, Freq: 131.825MHz
Mode: 2 NACKLabel: 5U Block ID: 8, Msg No: M05A
Flight ID: QY1683 REG: D-ALEV


Message content:-
10,WX,261938,QY1683,26,LFML,LIPE,,LIPE,LIMC,LIME,1,0,
-------------------------------------------------------[2024-01-26 19:38:06.962]

SOURCE: AIR
RX_ID: 170, Freq: 131.825MHz
Mode: 2 ACK, A2GLabel: _d Block ID: 9, Msg No: S14A
Flight ID: QY1683 REG: D-ALEV


Message content:-

-------------------------------------------------------[2024-01-26 19:38:32.378]

SOURCE: AIR
RX_ID: 171, Freq: 131.825MHz
Mode: 2 ACK, A2GLabel: _d Block ID: 0, Msg No: S15A
Flight ID: QY1683 REG: D-ALEV


Message content:-

-------------------------------------------------------[2024-01-26 19:39:12.314]

SOURCE: AIR
RX_ID: 172, Freq: 131.825MHz
Mode: 2 ACK, A2GLabel: _d Block ID: 1, Msg No: S16A
Flight ID: QY1683 REG: D-ALEV


Message content:-

-------------------------------------------------------[2024-01-26 19:39:19.078]

SOURCE: AIR
RX_ID: 173, Freq: 131.825MHz
Mode: 2 ACK, A2GLabel: _d Block ID: 2, Msg No: S17A
Flight ID: QY1683 REG: D-ALEV


Message content:-

-------------------------------------------------------[2024-01-26 19:39:26.650]

SOURCE: AIR
RX_ID: 174, Freq: 131.825MHz
Mode: 2 ACK, A2GLabel: _d Block ID: 3, Msg No: S18A
Flight ID: QY1683 REG: D-ALEV


Message content:-

-------------------------------------------------------[2024-01-26 19:39:32.575]

SOURCE: AIR
RX_ID: 175, Freq: 131.825MHz
Mode: 2 NACKLabel: B9 Block ID: 4, Msg No: L01A
Flight ID: QY1683 REG: D-ALEV


Message content:-
/LIPE.TI2/024LIPEA4B4C
-------------------------------------------------------[2024-01-26 19:42:36.710]

SOURCE: AIR
RX_ID: 176, Freq: 131.825MHz
Mode: 2 ACK, A2GLabel: _d Block ID: 5, Msg No: S19A
Flight ID: QY1683 REG: D-ALEV


Message content:-

-------------------------------------------------------[2024-01-26 19:42:42.235]

SOURCE: AIR
RX_ID: 177, Freq: 131.825MHz
Mode: 2 NACKLabel: HX Block ID: 6, Msg No: S20A
Flight ID: QY1683 REG: D-ALEV


Message content:-
RA FMT NO PARTICIPATING ATIS
AIRPORT IN REQUEST

-------------------------------------------------------[2024-01-26 19:42:43.440]

SOURCE: AIR
RX_ID: 178, Freq: 131.825MHz
Mode: 2 NACKLabel: H1 Block ID: 8, Msg No: F02A
Flight ID: QY1683 REG: D-ALEV


Message content:-
#M1BPOSN43378E006579,,194435,320,NOSTA,194911,KALMO,M50,29455,161,7504E57
-------------------------------------------------------[2024-01-26 19:44:37.727]

SOURCE: AIR
RX_ID: 179, Freq: 131.825MHz
Mode: 2 NACKLabel: B9 Block ID: 4, Msg No: L02A
Flight ID: QY0081 REG: D-AZMK


Message content:-
/EBBR.TI2/024EBBRA4AC8
-------------------------------------------------------[2024-01-26 20:02:05.095]

SOURCE: AIR
RX_ID: 180, Freq: 131.825MHz
Mode: 2 ACK, A2GLabel: _d Block ID: 5, Msg No: S35A
Flight ID: QY0081 REG: D-AZMK


Message content:-

-------------------------------------------------------[2024-01-26 20:02:11.641]

SOURCE: AIR
RX_ID: 181, Freq: 131.825MHz
Mode: 2 NACKLabel: Q0 Block ID: 4, Msg No: S08A
Flight ID: FR74WF REG: 9H-VVH


Message content:-

-------------------------------------------------------[2024-01-26 21:00:09.331]

SOURCE: AIR
RX_ID: 182, Freq: 131.525MHz
Mode: T NACKLabel: 2F Block ID: 7, Msg No: M68A
Flight ID: AF7342 REG: F-GMZE


Message content:-
2113+4401+500/1841
-------------------------------------------------------[2024-01-26 21:14:01.442]

SOURCE: AIR
RX_ID: 183, Freq: 131.525MHz
Mode: T NACKLabel: 2F Block ID: 7, Msg No: M68A
Flight ID: AF7342 REG: F-GMZE


Message content:-
2113+4401+500/1841
-------------------------------------------------------[2024-01-26 21:14:13.733]

SOURCE: AIR
RX_ID: 184, Freq: 131.525MHz
Mode: T NACKLabel: 26 Block ID: 8, Msg No: M69A
Flight ID: AF7342 REG: F-GMZE


Message content:-
2114LFPGAF7342/262129LFML31R
-------------------------------------------------------[2024-01-26 21:14:26.861]

SOURCE: AIR
RX_ID: 185, Freq: 131.525MHz
Mode: T NACKLabel: 26 Block ID: 8, Msg No: M69A
Flight ID: AF7342 REG: F-GMZE


Message content:-
2114LFPGAF7342/262129LFML31R
-------------------------------------------------------[2024-01-26 21:14:38.308]

SOURCE: AIR
RX_ID: 186, Freq: 131.525MHz
Mode: 2 NACKLabel: 26 Block ID: 8, Msg No: M69A
Flight ID: AF7342 REG: F-GMZE


Message content:-
2114LFPGAF7342/262129LFML31R
-------------------------------------------------------[2024-01-26 21:14:47.340]

SOURCE: AIR
RX_ID: 187, Freq: 131.525MHz
Mode: 2 NACKLabel: 26 Block ID: 8, Msg No: M69A
Flight ID: AF7342 REG: F-GMZE


Message content:-
2114LFPGAF7342/262129LFML31R
-------------------------------------------------------[2024-01-26 21:14:59.408]

SOURCE: AIR
RX_ID: 188, Freq: 131.825MHz
Mode: 2 NACKLabel: 16 Block ID: 2, Msg No: M69A
Flight ID: FR08AC REG: EI-EVL


Message content:-
211507,,2301, 180,N   .    MMMM.MMM
-------------------------------------------------------[2024-01-26 21:15:08.628]

SOURCE: AIR
RX_ID: 189, Freq: 131.525MHz
Mode: 2 ACK, A2GLabel: _d Block ID: 9, Msg No: S18A
Flight ID: AF7342 REG: F-GMZE


Message content:-

-------------------------------------------------------[2024-01-26 21:15:16.818]

SOURCE: AIR
RX_ID: 190, Freq: 131.725MHz
Mode: 2 NACKLabel: Q0 Block ID: 0, Msg No: S19A
Flight ID: AF7342 REG: F-GMZE


Message content:-

-------------------------------------------------------[2024-01-26 21:15:18.865]

SOURCE: AIR
RX_ID: 191, Freq: 131.725MHz
Mode: G NACKLabel: Q0 Block ID: 1, Msg No: S20A
Flight ID: AF7342 REG: F-GMZE


Message content:-

-------------------------------------------------------[2024-01-26 21:15:22.339]

SOURCE: AIR
RX_ID: 192, Freq: 131.725MHz
Mode: G NACKLabel: H1 Block ID: 2, Msg No: D31A
Flight ID: AF7342 REG: F-GMZE


Message content:-
#DFBA01/A32101,1,1/CCF-GMZE,JAN26,205930,LFPG,LFML,0094/C106,29639,5000,51,0010,0,0100,62,X/CEN285,32993,261,741,7110,280,C53015/EC643526,23614,01721,20991,73,18/EE577159,37029,05909,29713,73/N10840,0840,0922,5
-------------------------------------------------------[2024-01-26 21:18:49.406]

SOURCE: AIR
RX_ID: 193, Freq: 131.725MHz
Mode: G NACKLabel: H1 Block ID: 3, Msg No: D31B
Flight ID: AF7342 REG: F-GMZE


Message content:-
#DFB944,1337,XXXXX/N20840,0840,0921,5926,1327,XXXXX/S1XXXXX,0586,1354,4100,XXXX,022,N00/S2XXXXX,0606,1352,4159,XXXX,028,N00/T1099,100,022,41,071,05534,0162/T2099,100,019,39,069,05535,0193/V1041,081,002,008,358,
-------------------------------------------------------[2024-01-26 21:18:53.687]

SOURCE: AIR
RX_ID: 194, Freq: 131.725MHz
Mode: G NACKLabel: H1 Block ID: 5, Msg No: D32A
Flight ID: AF7342 REG: F-GMZE


Message content:-
#DFBA02/A32102,1,1/CCF-GMZE,JAN26,205931,LFPG,LFML,0094/C106,29701,5000,51,0010,0,0100,62,X/CEN284,33015,263,745,7115,280,C53015/CNN284,33051,263,747,7115,280/EC643526,23614,01721,20991,73,32,17/EE577159,37029,
-------------------------------------------------------[2024-01-26 21:19:23.199]

SOURCE: AIR
RX_ID: 195, Freq: 131.725MHz
Mode: G NACKLabel: H1 Block ID: 6, Msg No: D32B
Flight ID: AF7342 REG: F-GMZE


Message content:-
#DFB05909,29713,73/N10840,0840,0922,5943,1336,XXXXX/N20840,0840,0921,5925,1327,XXXXX/S1XXXXX,0586,1353,4100,XXXX,022,N00/S2XXXXX,0606,1352,4158,XXXX,028,N00/T1099,100,022,41,071,05533,0162/T2099,100,019,39,069,
-------------------------------------------------------[2024-01-26 21:19:26.457]

SOURCE: AIR
RX_ID: 196, Freq: 131.725MHz
Mode: G NACKLabel: H1 Block ID: 7, Msg No: D32C
Flight ID: AF7342 REG: F-GMZE


Message content:-
#DFB05534,0193/V1041,081,002,008,358,00008,00081/V2041,079,013,008,111,00008,00081/X102253,N000,0024,N000,N0004,N017/X202266,0000,0025,N000,N0005,N017/X30000,0012,N006,N008,N003,0000,N000/X4N002,N002,N001,N002,
-------------------------------------------------------[2024-01-26 21:19:30.148]

SOURCE: AIR
RX_ID: 197, Freq: 131.725MHz
Mode: G NACKLabel: H1 Block ID: 8, Msg No: D32D
Flight ID: AF7342 REG: F-GMZE


Message content:-
#DFB0000,0000/X5N000,N001,N002,0000,0000,0000/X61606,E0039,N457,073,297,0081,0794/X71608,E0039,N457,074,296,0086,0796,/
-------------------------------------------------------[2024-01-26 21:19:33.623]

SOURCE: AIR
RX_ID: 198, Freq: 131.725MHz
Mode: G NACKLabel: 26 Block ID: 9, Msg No: M70A
Flight ID: AF7342 REG: F-GMZE


Message content:-
2124LFPGAF7342/262129LFML31R
-------------------------------------------------------[2024-01-26 21:24:05.201]

