SOURCE: AIR
RX_ID: 0, Freq: 131.725MHz
Mode: E NACKLabel: B9 Block ID: 8, Msg No: L15A
Flight ID: AF7342 REG: F-GMZE


Message content:-
/LFMN.TI2/064LFMNA83AC
-------------------------------------------------------[2024-03-17 21:33:41.132]

SOURCE: AIR
RX_ID: 1, Freq: 131.725MHz
Mode: E ACK, A2GLabel: B9 Block ID: 8, Msg No: L15A
Flight ID: AF7342 REG: F-GMZE


Message content:-
/LFMN.TI2/064LFMNA83AC
-------------------------------------------------------[2024-03-17 21:33:46.471]

SOURCE: AIR
RX_ID: 2, Freq: 131.725MHz
Mode: E ACK, A2GLabel: _d Block ID: 9, Msg No: S38A
Flight ID: AF7342 REG: F-GMZE


Message content:-

-------------------------------------------------------[2024-03-17 21:33:50.567]

SOURCE: AIR
RX_ID: 3, Freq: 131.725MHz
Mode: E NACKLabel: H1 Block ID: 0, Msg No: D50A
Flight ID: AF7342 REG: F-GMZE


Message content:-
#DFBA01/A32101,1,1/CCF-GMZE,MAR17,211239,LFPG,LFML,0094/C106,04739,6002,53,0010,0,0100,64,X/CEN277,32957,265,749,7348,253,C53015/EC643526,00001,01787,00003,73,08/EE577159,00001,05973,00003,73/N10850,0851,0929,6
-------------------------------------------------------[2024-03-17 21:36:15.135]

SOURCE: AIR
RX_ID: 4, Freq: 131.725MHz
Mode: E NACKLabel: H1 Block ID: 1, Msg No: D50B
Flight ID: AF7342 REG: F-GMZE


Message content:-
#DFB098,1413,XXXXX/N20851,0851,0928,6088,1400,XXXXX/S1XXXXX,0611,1408,4171,XXXX,015,N00/S2XXXXX,0630,1406,4226,XXXX,021,N00/T1099,094,023,42,078,05579,0303/T2099,094,017,40,080,05577,0339/V1041,083,002,010,187,
-------------------------------------------------------[2024-03-17 21:36:19.634]

SOURCE: AIR
RX_ID: 5, Freq: 131.725MHz
Mode: E NACKLabel: H1 Block ID: 1, Msg No: D50B
Flight ID: AF7342 REG: F-GMZE


Message content:-
#DFB098,1413,XXXXX/N20851,0851,0928,6088,1400,XXXXX/S1XXXXX,0611,1408,4171,XXXX,015,N00/S2XXXXX,0630,1406,4226,XXXX,021,N00/T1099,094,023,42,078,05579,0303/T2099,094,017,40,080,05577,0339/V1041,083,002,010,187,
-------------------------------------------------------[2024-03-17 21:36:30.897]

SOURCE: AIR
RX_ID: 6, Freq: 131.725MHz
Mode: E NACKLabel: H1 Block ID: 1, Msg No: D50B
Flight ID: AF7342 REG: F-GMZE


Message content:-
#DFB098,1413,XXXXX/N20851,0851,0928,6088,1400,XXXXX/S1XXXXX,0611,1408,4171,XXXX,015,N00/S2XXXXX,0630,1406,4226,XXXX,021,N00/T1099,094,023,42,078,05579,0303/T2099,094,017,40,080,05577,0339/V1041,083,002,010,187,
-------------------------------------------------------[2024-03-17 21:36:42.162]

SOURCE: AIR
RX_ID: 7, Freq: 131.725MHz
Mode: G NACKLabel: H1 Block ID: 1, Msg No: D50B
Flight ID: AF7342 REG: F-GMZE


Message content:-
#DFB098,1413,XXXXX/N20851,0851,0928,6088,1400,XXXXX/S1XXXXX,0611,1408,4171,XXXX,015,N00/S2XXXXX,0630,1406,4226,XXXX,021,N00/T1099,094,023,42,078,05579,0303/T2099,094,017,40,080,05577,0339/V1041,083,002,010,187,
-------------------------------------------------------[2024-03-17 21:36:51.379]

SOURCE: AIR
RX_ID: 8, Freq: 131.725MHz
Mode: G NACKLabel: H1 Block ID: 2, Msg No: D50C
Flight ID: AF7342 REG: F-GMZE


Message content:-
#DFB00008,00061/V2045,083,010,006,128,00008,00081,/
-------------------------------------------------------[2024-03-17 21:36:55.072]

SOURCE: AIR
RX_ID: 9, Freq: 131.725MHz
Mode: G NACKLabel: H1 Block ID: 3, Msg No: D51A
Flight ID: AF7342 REG: F-GMZE


Message content:-
#DFBA02/A32102,1,1/CCF-GMZE,MAR17,211237,LFPG,LFML,0094/C106,04801,5000,53,0010,0,0100,64,X/CEN277,32966,265,750,7353,253,C53015/CNN277,33001,266,752,7352,253/EC643526,00001,01787,00003,73,12,07/EE577159,00001,
-------------------------------------------------------[2024-03-17 21:37:22.940]

SOURCE: AIR
RX_ID: 10, Freq: 131.725MHz
Mode: G NACKLabel: H1 Block ID: 4, Msg No: D51B
Flight ID: AF7342 REG: F-GMZE


Message content:-
#DFB05973,00003,73/N10850,0850,0929,6098,1413,XXXXX/N20850,0851,0928,6088,1400,XXXXX/S1XXXXX,0611,1408,4170,XXXX,015,N00/S2XXXXX,0630,1406,4225,XXXX,021,N00/T1099,094,023,42,078,05579,0303/T2099,094,017,40,080,
-------------------------------------------------------[2024-03-17 21:37:26.633]

SOURCE: AIR
RX_ID: 11, Freq: 131.725MHz
Mode: G NACKLabel: H1 Block ID: 5, Msg No: D51C
Flight ID: AF7342 REG: F-GMZE


Message content:-
#DFB05577,0339/V1041,083,002,010,180,00008,00061/V2045,083,010,006,128,00008,00081/X102779,0000,0025,N002,00007,N012/X202810,0000,0025,N002,00008,N012/X3N001,0009,N005,N008,N005,N001,N000/X4N002,N003,N002,N002,
-------------------------------------------------------[2024-03-17 21:37:30.733]

SOURCE: AIR
RX_ID: 12, Freq: 131.725MHz
Mode: G NACKLabel: H1 Block ID: 6, Msg No: D51D
Flight ID: AF7342 REG: F-GMZE


Message content:-
#DFB0000,0000/X5N000,N001,N002,0000,0000,0000/X61718,E0032,N464,062,271,0127,0791/X71718,E0032,N464,062,272,0113,0793,/
-------------------------------------------------------[2024-03-17 21:37:34.388]

SOURCE: AIR
RX_ID: 13, Freq: 131.725MHz
Mode: G NACKLabel: 26 Block ID: 7, Msg No: M64A
Flight ID: AF7342 REG: F-GMZE


Message content:-
2140LFPGAF7342/172145LFML13L
-------------------------------------------------------[2024-03-17 21:40:03.489]

SOURCE: AIR
RX_ID: 14, Freq: 131.825MHz
Mode: 2 NACKLabel: Q0 Block ID: 7, Msg No: S15A
Flight ID: WB0711 REG: 9XR-WP


Message content:-

-------------------------------------------------------[2024-03-17 22:13:21.153]

SOURCE: AIR
RX_ID: 15, Freq: 131.825MHz
Mode: 2 NACKLabel: 1L Block ID: 5, Msg No: M24A
Flight ID: LH0500 REG: D-AIGW


Message content:-
00021209294NM**OQYVV7I2)U33PRKK310VATIR,,,0GPMKK::AY9UUX6V7B
-------------------------------------------------------[2024-03-17 22:38:04.962]

SOURCE: AIR
RX_ID: 16, Freq: 131.725MHz
Mode: G NACKLabel: H1 Block ID: 8, Msg No: D33A
Flight ID: KL8371 REG: PH-CKA


Message content:-
#DFB(POS-MPH8371 -4441N00656E/231113 F310
RMK/FUEL 107.2 M0.83)
-------------------------------------------------------[2024-03-17 23:11:35.502]

SOURCE: AIR
RX_ID: 17, Freq: 131.725MHz
Mode: G NACKLabel: Q0 Block ID: 0, Msg No: S22A
Flight ID: MP8371 REG: PH-CKA


Message content:-

-------------------------------------------------------[2024-03-17 23:12:58.845]

SOURCE: AIR
RX_ID: 18, Freq: 131.725MHz
Mode: X NACKLabel: Q0 Block ID: 1, Msg No: S23A
Flight ID: MP8371 REG: PH-CKA


Message content:-

-------------------------------------------------------[2024-03-17 23:16:59.265]

SOURCE: AIR
RX_ID: 19, Freq: 131.725MHz
Mode: G NACKLabel: Q0 Block ID: 2, Msg No: S24A
Flight ID: MP8371 REG: PH-CKA


Message content:-

-------------------------------------------------------[2024-03-17 23:17:29.183]

SOURCE: AIR
RX_ID: 20, Freq: 131.725MHz
Mode: X NACKLabel: Q0 Block ID: 3, Msg No: S25A
Flight ID: MP8371 REG: PH-CKA


Message content:-

-------------------------------------------------------[2024-03-17 23:18:59.297]

SOURCE: AIR
RX_ID: 21, Freq: 131.725MHz
Mode: G NACKLabel: Q0 Block ID: 4, Msg No: S26A
Flight ID: MP8371 REG: PH-CKA


Message content:-

-------------------------------------------------------[2024-03-17 23:19:59.315]

