SOURCE: AIR
RX_ID: 55, Freq: 131.725MHz
Mode: E NACKLabel: Q0 Block ID: 5, Msg No: S28A
Flight ID: IB8341 REG: EC-FTR


Message content:-

-------------------------------------------------------[2024-03-16 00:01:27.565]

SOURCE: AIR
RX_ID: 56, Freq: 131.725MHz
Mode: X NACKLabel: 16 Block ID: 2, Msg No: M84A
Flight ID: SN039G REG: OO-SFF


Message content:-
16MAR24,0250,N 43.563,E  6.615,39960,0403,24200
-------------------------------------------------------[2024-03-16 02:50:31.605]

SOURCE: AIR
RX_ID: 57, Freq: 131.725MHz
Mode: E NACKLabel: Q0 Block ID: 1, Msg No: S23A
Flight ID: SN029B REG: OO-SFE


Message content:-

-------------------------------------------------------[2024-03-16 02:52:33.645]

SOURCE: AIR
RX_ID: 58, Freq: 131.725MHz
Mode: E ACK, A2GLabel: _d Block ID: 5, Msg No: S26A
Flight ID: SN029B REG: OO-SFE


Message content:-

-------------------------------------------------------[2024-03-16 02:55:25.900]

SOURCE: AIR
RX_ID: 59, Freq: 131.725MHz
Mode: X NACKLabel: B6 Block ID: 4, Msg No: F35A
Flight ID: KL0590 REG: PH-BVU


Message content:-
/ACCFAYA.ADS.PH-BVU071EFDE81DC4C8C9DABC9F0C2CC375E708200E7970D280040F7851A680047F07
-------------------------------------------------------[2024-03-16 03:28:33.293]

SOURCE: AIR
RX_ID: 60, Freq: 131.725MHz
Mode: X NACKLabel: H1 Block ID: 5, Msg No: D64A
Flight ID: KL0590 REG: PH-BVU


Message content:-
#DFB(POS-KLM590  -4337N00513E/032906 F360
RMK/FUEL  15.0 M0.84)
-------------------------------------------------------[2024-03-16 03:29:09.355]

SOURCE: AIR
RX_ID: 61, Freq: 131.725MHz
Mode: X NACKLabel: B6 Block ID: 6, Msg No: F36A
Flight ID: KL0590 REG: PH-BVU


Message content:-
/ACCFAYA.ADS.PH-BVU071F61F01C5308CA1F5C9F0C2CC375E708200E7960D3C0080F7801A800080265
-------------------------------------------------------[2024-03-16 03:33:29.240]

SOURCE: AIR
RX_ID: 62, Freq: 131.725MHz
Mode: G NACKLabel: 2F Block ID: 5, Msg No: M08A
Flight ID: AF0866 REG: F-GZCF


Message content:-
0339+4480+441/40112
DNAA/LFPG/39995//-59/0.82/165315/154068//URELO  //-48/058
-------------------------------------------------------[2024-03-16 03:39:19.444]

SOURCE: AIR
RX_ID: 63, Freq: 131.725MHz
Mode: G NACKLabel: B9 Block ID: 5, Msg No: J90A
Flight ID: AF0977 REG: F-GZCC


Message content:-
/LFPG.TI2/000LFPGA9F82
-------------------------------------------------------[2024-03-16 03:50:08.878]

SOURCE: AIR
RX_ID: 64, Freq: 131.725MHz
Mode: G NACKLabel: B9 Block ID: 5, Msg No: J90A
Flight ID: AF0977 REG: F-GZCC


Message content:-
/LFPG.TI2/000LFPGA9F82
-------------------------------------------------------[2024-03-16 03:50:15.243]

SOURCE: AIR
RX_ID: 65, Freq: 131.725MHz
Mode: G ACK, A2GLabel: _d Block ID: 6, Msg No: S88A
Flight ID: AF0977 REG: F-GZCC


Message content:-

-------------------------------------------------------[2024-03-16 03:50:23.217]

SOURCE: AIR
RX_ID: 66, Freq: 131.725MHz
Mode: G ACK, A2GLabel: _d Block ID: 7, Msg No: S89A
Flight ID: AF0977 REG: F-GZCC


Message content:-

-------------------------------------------------------[2024-03-16 03:50:27.530]

SOURCE: AIR
RX_ID: 67, Freq: 131.725MHz
Mode: G ACK, A2GLabel: _d Block ID: 8, Msg No: S90A
Flight ID: AF0977 REG: F-GZCC


Message content:-

-------------------------------------------------------[2024-03-16 03:50:32.213]

SOURCE: AIR
RX_ID: 68, Freq: 131.725MHz
Mode: G NACKLabel: Q0 Block ID: 5, Msg No: S35A
Flight ID: AF0929 REG: F-GZCB


Message content:-

-------------------------------------------------------[2024-03-16 03:51:56.179]

SOURCE: AIR
RX_ID: 69, Freq: 131.725MHz
Mode: G NACKLabel: B9 Block ID: 6, Msg No: J56A
Flight ID: AF0929 REG: F-GZCB


Message content:-
/LFLL.TI2/000LFLLA757A
-------------------------------------------------------[2024-03-16 03:54:30.806]

SOURCE: AIR
RX_ID: 70, Freq: 131.725MHz
Mode: G ACK, A2GLabel: B9 Block ID: 6, Msg No: J56A
Flight ID: AF0929 REG: F-GZCB


Message content:-
/LFLL.TI2/000LFLLA757A
-------------------------------------------------------[2024-03-16 03:54:35.929]

SOURCE: AIR
RX_ID: 71, Freq: 131.725MHz
Mode: G ACK, A2GLabel: _d Block ID: 7, Msg No: S36A
Flight ID: AF0929 REG: F-GZCB


Message content:-

-------------------------------------------------------[2024-03-16 03:54:40.241]

SOURCE: AIR
RX_ID: 72, Freq: 131.725MHz
Mode: G ACK, A2GLabel: _d Block ID: 8, Msg No: S37A
Flight ID: AF0929 REG: F-GZCB


Message content:-

-------------------------------------------------------[2024-03-16 03:54:43.717]

SOURCE: AIR
RX_ID: 73, Freq: 131.725MHz
Mode: G NACKLabel: B6 Block ID: 2, Msg No: F28A
Flight ID: AF0995 REG: F-GZNT


Message content:-
/ACCFAYA.ADS.F-GZNT071EC3281A39094733561F0C0464B9E758200E7DC0D47FFC0F7C51A1BFFC61B5
-------------------------------------------------------[2024-03-16 03:54:47.812]

SOURCE: AIR
RX_ID: 74, Freq: 131.725MHz
Mode: G NACKLabel: 26 Block ID: 9, Msg No: M84A
Flight ID: AF0977 REG: F-GZCC


Message content:-
0355FOOLAF0977/160440LFPG26L
-------------------------------------------------------[2024-03-16 03:55:02.988]

SOURCE: AIR
RX_ID: 75, Freq: 131.725MHz
Mode: G NACKLabel: B6 Block ID: 3, Msg No: F29A
Flight ID: AF0995 REG: F-GZNT


Message content:-
/ACCFAYA.ADS.F-GZNT141ECEE01A2AC946F3DA1F0D1FA9B8191C09470265201D781888494700ACC3
-------------------------------------------------------[2024-03-16 03:55:20.800]

SOURCE: AIR
RX_ID: 76, Freq: 131.725MHz
Mode: G NACKLabel: B6 Block ID: 4, Msg No: F30A
Flight ID: AF0995 REG: F-GZNT


Message content:-
/ACCFAYA.ADS.F-GZNT071F2C8019B8494777F69F0C0464B9E758200E7DB8D6FFFC0F7BE19E3FFCF671
-------------------------------------------------------[2024-03-16 03:59:43.749]

SOURCE: AIR
RX_ID: 77, Freq: 131.725MHz
Mode: G NACKLabel: 2F Block ID: 0, Msg No: M79A
Flight ID: AF0931 REG: F-GZCL


Message content:-
0406+4419+450/4088
DGAA/LFPG/40000//-57/0.82/158603/149768//URELO  //-47/046
-------------------------------------------------------[2024-03-16 04:06:51.787]

SOURCE: AIR
RX_ID: 78, Freq: 131.725MHz
Mode: G ACK, A2GLabel: _d Block ID: 3, Msg No: S40A
Flight ID: AF0995 REG: F-GZNT


Message content:-

-------------------------------------------------------[2024-03-16 04:11:52.851]

SOURCE: AIR
RX_ID: 79, Freq: 131.725MHz
Mode: G NACKLabel: 26 Block ID: 1, Msg No: M80A
Flight ID: AF0931 REG: F-GZCL


Message content:-
0414DGAAAF0931/160459LFPG26L
-------------------------------------------------------[2024-03-16 04:14:03.519]

SOURCE: AIR
RX_ID: 80, Freq: 131.725MHz
Mode: G NACKLabel: B9 Block ID: 5, Msg No: J17A
Flight ID: AF0775 REG: F-GZCE


Message content:-
/LFPG.TI2/000LFPGA9F82
-------------------------------------------------------[2024-03-16 04:32:12.266]

SOURCE: AIR
RX_ID: 81, Freq: 131.725MHz
Mode: E ACK, A2GLabel: _d Block ID: 9, Msg No: S20A
Flight ID: AF0703 REG: F-GSQB


Message content:-

-------------------------------------------------------[2024-03-16 04:33:17.986]

SOURCE: AIR
RX_ID: 82, Freq: 131.725MHz
Mode: G NACKLabel: 16 Block ID: 3, Msg No: M22A
Flight ID: SN04UR REG: OO-SFH


Message content:-
16MAR24,0436,N 44.389,E  6.449,37988,0545,28280
-------------------------------------------------------[2024-03-16 04:36:28.277]

SOURCE: AIR
RX_ID: 83, Freq: 131.725MHz
Mode: E NACKLabel: H1 Block ID: 1, Msg No: F31B
Flight ID: AF0703 REG: F-GSQB


Message content:-
#M1BSU12.RW26L.PG442.PG433/DQ360D47A
-------------------------------------------------------[2024-03-16 04:36:29.081]

SOURCE: AIR
RX_ID: 84, Freq: 131.825MHz
Mode: 2 NACKLabel: Q0 Block ID: 1, Msg No: S15A
Flight ID: QY8030 REG: D-AZML


Message content:-

-------------------------------------------------------[2024-03-16 04:36:56.509]

SOURCE: AIR
RX_ID: 85, Freq: 131.725MHz
Mode: E ACK, A2GLabel: _d Block ID: 2, Msg No: S21A
Flight ID: AF0703 REG: F-GSQB


Message content:-

-------------------------------------------------------[2024-03-16 04:37:46.904]

SOURCE: AIR
RX_ID: 86, Freq: 131.725MHz
Mode: G ACK, A2GLabel: _d Block ID: 0, Msg No: S47A
Flight ID: SS0872 REG: F-HROK


Message content:-

-------------------------------------------------------[2024-03-16 04:41:04.134]

SOURCE: AIR
RX_ID: 87, Freq: 131.725MHz
Mode: G NACKLabel: H1 Block ID: 1, Msg No: F28A
Flight ID: SS0872 REG: F-HROK


Message content:-
#M1BRESREQ/AK,1158AF6
-------------------------------------------------------[2024-03-16 04:41:05.159]

SOURCE: AIR
RX_ID: 88, Freq: 131.725MHz
Mode: G NACKLabel: B6 Block ID: 3, Msg No: J95A
Flight ID: SS0872 REG: F-HROK


Message content:-
/ORYCASS.ADS.F-HROK071EDE9019D14946E69C1D0E7F50D2C00C0D1FAD90197B094702512021381949894700A58A
-------------------------------------------------------[2024-03-16 04:41:14.778]

SOURCE: AIR
RX_ID: 89, Freq: 131.725MHz
Mode: G ACK, A2GLabel: _d Block ID: 4, Msg No: S48A
Flight ID: SS0872 REG: F-HROK


Message content:-

-------------------------------------------------------[2024-03-16 04:43:39.567]

SOURCE: AIR
RX_ID: 90, Freq: 131.725MHz
Mode: G NACKLabel: H1 Block ID: 5, Msg No: F30A
Flight ID: SS0872 REG: F-HROK


Message content:-
#M1BRESREQ/AK,1158AF6
-------------------------------------------------------[2024-03-16 04:43:40.408]

SOURCE: AIR
RX_ID: 91, Freq: 131.725MHz
Mode: G NACKLabel: H1 Block ID: 5, Msg No: F30A
Flight ID: SS0872 REG: F-HROK


Message content:-
#M1BRESREQ/AK,1158AF6
-------------------------------------------------------[2024-03-16 04:43:52.074]

SOURCE: AIR
RX_ID: 92, Freq: 131.725MHz
Mode: G NACKLabel: H1 Block ID: 6, Msg No: F31A
Flight ID: SS0872 REG: F-HROK


Message content:-
#M1BPOSN43416E004314,N43215E004324,044339,380,N44328E004287,045059,N45110E004267,M61,31257,231/TS044339,031624B70F
-------------------------------------------------------[2024-03-16 04:43:55.768]

SOURCE: AIR
RX_ID: 93, Freq: 131.825MHz
Mode: 2 NACKLabel: Q0 Block ID: 2, Msg No: S16A
Flight ID: QY8030 REG: D-AZML


Message content:-

-------------------------------------------------------[2024-03-16 04:47:02.143]

SOURCE: AIR
RX_ID: 94, Freq: 131.725MHz
Mode: G NACKLabel: SA Block ID: 7, Msg No: S49A
Flight ID: SS0872 REG: F-HROK


Message content:-
0LH044851VS
-------------------------------------------------------[2024-03-16 04:48:52.299]

SOURCE: AIR
RX_ID: 95, Freq: 131.725MHz
Mode: G ACK, A2GLabel: _d Block ID: 1, Msg No: S53A
Flight ID: SS0872 REG: F-HROK


Message content:-

-------------------------------------------------------[2024-03-16 04:51:17.123]

SOURCE: AIR
RX_ID: 96, Freq: 131.725MHz
Mode: G NACKLabel: H1 Block ID: 2, Msg No: F34A
Flight ID: SS0872 REG: F-HROK


Message content:-
#M1BRESREQ/AK,1158AF6
-------------------------------------------------------[2024-03-16 04:51:17.927]

SOURCE: AIR
RX_ID: 97, Freq: 131.725MHz
Mode: G NACKLabel: H1 Block ID: 3, Msg No: F35A
Flight ID: SS0872 REG: F-HROK


Message content:-
#M1BPOSN44349E004286,N44328E004287,045116,380,N45110E004267,045628,N45436E004249,M58,30962,208/TS045116,0316246E9A
-------------------------------------------------------[2024-03-16 04:51:21.621]

SOURCE: AIR
RX_ID: 98, Freq: 131.725MHz
Mode: G NACKLabel: B6 Block ID: 4, Msg No: J96A
Flight ID: SS0872 REG: F-HROK


Message content:-
/ORYCASS.ADS.F-HROK071FD73819698946B1A01D0E7F48D100040D2021381949894700D7208468191E0947007F2B
-------------------------------------------------------[2024-03-16 04:52:58.904]

SOURCE: AIR
RX_ID: 99, Freq: 131.725MHz
Mode: G ACK, A2GLabel: _d Block ID: 5, Msg No: S54A
Flight ID: SS0872 REG: F-HROK


Message content:-

-------------------------------------------------------[2024-03-16 04:54:51.325]

SOURCE: AIR
RX_ID: 100, Freq: 131.725MHz
Mode: G NACKLabel: H1 Block ID: 7, Msg No: F37A
Flight ID: SS0872 REG: F-HROK


Message content:-
#M1BPOSN44598E004273,N44328E004287,045451,380,N45110E004267,045632,N45436E004249,M60,31358,204/TS045451,03162413D3
-------------------------------------------------------[2024-03-16 04:54:56.041]

SOURCE: AIR
RX_ID: 101, Freq: 131.725MHz
Mode: G NACKLabel: H1 Block ID: 7, Msg No: F37A
Flight ID: SS0872 REG: F-HROK


Message content:-
#M1BPOSN44598E004273,N44328E004287,045451,380,N45110E004267,045632,N45436E004249,M60,31358,204/TS045451,03162413D3
-------------------------------------------------------[2024-03-16 04:55:04.012]

SOURCE: AIR
RX_ID: 102, Freq: 131.725MHz
Mode: G ACK, A2GLabel: _d Block ID: 8, Msg No: S55A
Flight ID: SS0872 REG: F-HROK


Message content:-

-------------------------------------------------------[2024-03-16 04:59:09.189]

SOURCE: AIR
RX_ID: 103, Freq: 131.725MHz
Mode: G NACKLabel: H1 Block ID: 9, Msg No: F38A
Flight ID: SS0872 REG: F-HROK


Message content:-
#M1BRESREQ/AK,1158AF6
-------------------------------------------------------[2024-03-16 04:59:10.214]

SOURCE: AIR
RX_ID: 104, Freq: 131.725MHz
Mode: G NACKLabel: H1 Block ID: 0, Msg No: F39A
Flight ID: SS0872 REG: F-HROK


Message content:-
#M1BPOSN45299E004257,N45110E004267,045908,380,N45436E004249,050112,MOPEM,M59,31959,198/TS045908,031624FAB1
-------------------------------------------------------[2024-03-16 04:59:13.472]

SOURCE: AIR
RX_ID: 105, Freq: 131.725MHz
Mode: G NACKLabel: B6 Block ID: 0, Msg No: F26A
Flight ID: AF0861 REG: F-GSPA


Message content:-
/ACCFAYA.ADS.F-GSPA071EB1B01DDA094705551D0C0464B8DB18200E7F88DC40080F7DF1A900089082
-------------------------------------------------------[2024-03-16 05:05:43.433]

SOURCE: AIR
RX_ID: 106, Freq: 131.725MHz
Mode: G NACKLabel: B6 Block ID: 2, Msg No: F28A
Flight ID: AF0861 REG: F-GSPA


Message content:-
/ACCFAYA.ADS.F-GSPA141ED8F81DCF0946C6FD1D0D1FB0801D93094702492024301D71C947001D49
-------------------------------------------------------[2024-03-16 05:07:29.307]

SOURCE: AIR
RX_ID: 107, Freq: 131.725MHz
Mode: G NACKLabel: H1 Block ID: 3, Msg No: D03A
Flight ID: AF0861 REG: F-GSPA


Message content:-
#DFBOP FUELPROBES
 87 66 71 50 51  5 34  0  0  0  0  0  0  0  0  0  0  0  0  0
  0  0  0  0  0  0  0  0  0  0  0  0  0  0  0  0  0  0  0  0
 89 69 74 54 54 11 39  0  0  0  0  0  0  0  0  0  0  0  0  0

21L
-------------------------------------------------------[2024-03-16 05:08:19.263]

SOURCE: AIR
RX_ID: 108, Freq: 131.725MHz
Mode: G NACKLabel: H1 Block ID: 4, Msg No: D03B
Flight ID: AF0861 REG: F-GSPA


Message content:-
#DFB22L23L24L25L26L27L28L21R22R23R24R25R26R27R28R
  )  )  )  )  )  )  )  )  )  )  )  )  )  )  )  )
-------------------------------------------------------[2024-03-16 05:08:23.762]

SOURCE: AIR
RX_ID: 109, Freq: 131.725MHz
Mode: G NACKLabel: H1 Block ID: 5, Msg No: D04A
Flight ID: AF0861 REG: F-GSPA


Message content:-
#DFBOP DATAFUEL
0508 37994  2.18  0.6
 5900       0  6500 12400
 0.810 0.814  0.808
 40920         40440
TRUE   TRUE   
  -4
 410 782
-------------------------------------------------------[2024-03-16 05:08:29.323]

SOURCE: AIR
RX_ID: 110, Freq: 131.725MHz
Mode: G NACKLabel: 2F Block ID: 6, Msg No: M87A
Flight ID: AF0861 REG: F-GSPA


Message content:-
0509+4363+523/38124
DXXX/LFPG/37988/ -01/ -59/0.84/204682/192398/27.0/ETR-14 /MTL-13 / -39/   54
-------------------------------------------------------[2024-03-16 05:09:34.015]

SOURCE: AIR
RX_ID: 111, Freq: 131.725MHz
Mode: G NACKLabel: B6 Block ID: 7, Msg No: F29A
Flight ID: AF0861 REG: F-GSPA


Message content:-
/ACCFAYA.ADS.F-GSPA071F1F401DBBC946C9F61D0C0464B8DB18200E7F78DB00040F7DF9A940041BB1
-------------------------------------------------------[2024-03-16 05:10:39.556]

SOURCE: AIR
RX_ID: 112, Freq: 131.725MHz
Mode: G NACKLabel: B6 Block ID: 8, Msg No: F30A
Flight ID: AF0861 REG: F-GSPA


Message content:-
/ACCFAYA.ADS.F-GSPA071F8D281D9D09470E961D0C0464B8DB18200E7F70DD00040F7DF9A5C00497C3
-------------------------------------------------------[2024-03-16 05:15:35.712]

SOURCE: AIR
RX_ID: 113, Freq: 131.725MHz
Mode: G NACKLabel: B6 Block ID: 9, Msg No: F31A
Flight ID: AF0861 REG: F-GSPA


Message content:-
/ACCFAYA.ADS.F-GSPA141FB1401D92C947101A1D0D2024301D71C9470134207A901D584947000F99
-------------------------------------------------------[2024-03-16 05:17:12.775]

SOURCE: AIR
RX_ID: 114, Freq: 131.725MHz
Mode: G NACKLabel: H1 Block ID: 0, Msg No: D05A
Flight ID: AF0861 REG: F-GSPA


Message content:-
#DFBOP FUELPROBES
 83 62 67 46 47  0 31  0  0  0  0  0  0  0  0  0  0  0  0  0
  0  0  0  0  0  0  0  0  0  0  0  0  0  0  0  0  0  0  0  0
 86 65 71 50 51  6 36  0  0  0  0  0  0  0  0  0  0  0  0  0

21L
-------------------------------------------------------[2024-03-16 05:18:18.533]

SOURCE: AIR
RX_ID: 115, Freq: 131.725MHz
Mode: G NACKLabel: H1 Block ID: 1, Msg No: D05B
Flight ID: AF0861 REG: F-GSPA


Message content:-
#DFB22L23L24L25L26L27L28L21R22R23R24R25R26R27R28R
  )  )  )  )  )  )  )  )  )  )  )  )  )  )  )  )
-------------------------------------------------------[2024-03-16 05:18:22.406]

SOURCE: AIR
RX_ID: 116, Freq: 131.725MHz
Mode: G NACKLabel: H1 Block ID: 2, Msg No: D06A
Flight ID: AF0861 REG: F-GSPA


Message content:-
#DFBOP DATAFUEL
0518 38005  2.23  0.1
 5400       0  6000 11400
 0.810 0.814  0.809
 42080         41560
TRUE   TRUE   
  -4
 410 782
-------------------------------------------------------[2024-03-16 05:18:27.343]

SOURCE: AIR
RX_ID: 117, Freq: 131.725MHz
Mode: G NACKLabel: 2T Block ID: 5, Msg No: M10A
Flight ID: AF7343 REG: F-GMZE


Message content:-
4
-------------------------------------------------------[2024-03-16 05:32:48.541]

SOURCE: AIR
RX_ID: 118, Freq: 131.725MHz
Mode: G ACK, A2GLabel: _d Block ID: 6, Msg No: S21A
Flight ID: AF7343 REG: F-GMZE


Message content:-

-------------------------------------------------------[2024-03-16 05:33:10.631]

SOURCE: AIR
RX_ID: 119, Freq: 131.725MHz
Mode: G ACK, A2GLabel: _d Block ID: 7, Msg No: S22A
Flight ID: AF7343 REG: F-GMZE


Message content:-

-------------------------------------------------------[2024-03-16 05:33:15.165]

SOURCE: AIR
RX_ID: 120, Freq: 131.725MHz
Mode: G ACK, A2GLabel: _d Block ID: 8, Msg No: S23A
Flight ID: AF7343 REG: F-GMZE


Message content:-

-------------------------------------------------------[2024-03-16 05:33:18.823]

SOURCE: AIR
RX_ID: 121, Freq: 131.725MHz
Mode: G NACKLabel: 2F Block ID: 9, Msg No: M11A
Flight ID: AF7343 REG: F-GMZE


Message content:-
0541+4475+505/2752
-------------------------------------------------------[2024-03-16 05:41:31.188]

SOURCE: AIR
RX_ID: 122, Freq: 131.825MHz
Mode: 2 NACKLabel: H1 Block ID: 3, Msg No: D09A
Flight ID: EK0255 REG: A6-EWC


Message content:-
#DFBACM01ACM397ASEKA6-EWCUAE255  OMDBLEBL150324   6ER174922  753317BEAD10008
 10 42482  29744  21  22  21  231378
-191-243-244-192-238-241-192607607
0011
 3675827175-499 3440  439  432
102102 91 91 91 9110
-------------------------------------------------------[2024-03-16 06:35:44.478]

SOURCE: AIR
RX_ID: 123, Freq: 131.825MHz
Mode: 2 NACKLabel: H1 Block ID: 4, Msg No: D09B
Flight ID: EK0255 REG: A6-EWC


Message content:-
#DFB5105
-316-331-332-316-322-326-316477478
0011
 3607828050-616 3598   35   35
 98 98 66 66 65 66 92 92
-------------------------------------------------------[2024-03-16 06:35:51.242]

SOURCE: AIR
RX_ID: 124, Freq: 131.825MHz
Mode: 2 NACKLabel: B6 Block ID: 5, Msg No: F77A
Flight ID: EK0255 REG: A6-EWC


Message content:-
/DXBEGEK.ADS.A6-EWC071EBC481F4E888BA8CB9DF1E7
-------------------------------------------------------[2024-03-16 06:43:33.655]

SOURCE: AIR
RX_ID: 125, Freq: 131.825MHz
Mode: 2 NACKLabel: H1 Block ID: 6, Msg No: O38A
Flight ID: EK0255 REG: A6-EWC


Message content:-
#10BSB0122BA_A6-EWC  OMDBLEBL 79
 42997 0051800646 35004-5903230640109B,012015
-------------------------------------------------------[2024-03-16 06:46:10.553]

SOURCE: AIR
RX_ID: 126, Freq: 131.725MHz
Mode: G NACKLabel: 5V Block ID: 9, Msg No: S04A
Flight ID: E11075 REG: F-UJCO


Message content:-

-------------------------------------------------------[2024-03-16 07:00:59.799]

SOURCE: AIR
RX_ID: 127, Freq: 131.825MHz
Mode: 2 NACKLabel: Q0 Block ID: 5, Msg No: S50A
Flight ID: FR92MP REG: EI-HGR


Message content:-

-------------------------------------------------------[2024-03-16 07:15:07.498]

SOURCE: AIR
RX_ID: 128, Freq: 131.825MHz
Mode: 2 NACKLabel: 3A Block ID: 7, Msg No: M42A
Flight ID: EK9747 REG: A6-EFK


Message content:-
WXR01UAE9747   /15160715HKJKEHBK
/TYP M/STA EHBK/STA EBBR/STA ----
-------------------------------------------------------[2024-03-16 07:15:44.547]

SOURCE: AIR
RX_ID: 129, Freq: 131.825MHz
Mode: 2 ACK, A2GLabel: _d Block ID: 8, Msg No: S65A
Flight ID: EK9747 REG: A6-EFK


Message content:-

-------------------------------------------------------[2024-03-16 07:16:10.153]

SOURCE: AIR
RX_ID: 130, Freq: 131.825MHz
Mode: 2 ACK, A2GLabel: _d Block ID: 9, Msg No: S66A
Flight ID: EK9747 REG: A6-EFK


Message content:-

-------------------------------------------------------[2024-03-16 07:16:17.131]

SOURCE: AIR
RX_ID: 131, Freq: 131.825MHz
Mode: 2 NACKLabel: 5V Block ID: 8, Msg No: S53A
Flight ID: FR92MP REG: EI-HGR


Message content:-

-------------------------------------------------------[2024-03-16 07:17:33.934]

SOURCE: AIR
RX_ID: 132, Freq: 131.825MHz
Mode: 2 NACKLabel: Q0 Block ID: 9, Msg No: S55A
Flight ID: FR92MP REG: EI-HGR


Message content:-

-------------------------------------------------------[2024-03-16 07:17:54.998]

SOURCE: AIR
RX_ID: 133, Freq: 131.825MHz
Mode: 2 NACKLabel: SA Block ID: 0, Msg No: S56A
Flight ID: FR92MP REG: EI-HGR


Message content:-
0EV071821V/
-------------------------------------------------------[2024-03-16 07:18:23.671]

SOURCE: AIR
RX_ID: 134, Freq: 131.725MHz
Mode: G NACKLabel: 10 Block ID: 3, Msg No: M06A
Flight ID: KL0592 REG: PH-BVF


Message content:-
ETA07A16073200KLM592  FAOREHAM160857EHAM0153
-------------------------------------------------------[2024-03-16 07:32:05.543]

SOURCE: AIR
RX_ID: 135, Freq: 131.725MHz
Mode: X NACKLabel: B9 Block ID: 2, Msg No: J05A
Flight ID: TK05NC REG: TC-JIT


Message content:-
/LEBL.TI2/000LEBLAF5A7
-------------------------------------------------------[2024-03-16 08:31:24.814]

SOURCE: AIR
RX_ID: 136, Freq: 131.725MHz
Mode: X NACKLabel: B9 Block ID: 2, Msg No: J05A
Flight ID: TK05NC REG: TC-JIT


Message content:-
/LEBL.TI2/000LEBLAF5A7
-------------------------------------------------------[2024-03-16 08:31:31.764]

SOURCE: AIR
RX_ID: 137, Freq: 131.725MHz
Mode: 2 NACKLabel: Q0 Block ID: 3, Msg No: S66A
Flight ID: TK05NC REG: TC-JIT


Message content:-

-------------------------------------------------------[2024-03-16 08:32:17.625]

SOURCE: AIR
RX_ID: 138, Freq: 131.725MHz
Mode: 2 ACK, A2GLabel: _d Block ID: 4, Msg No: S67A
Flight ID: TK05NC REG: TC-JIT


Message content:-

-------------------------------------------------------[2024-03-16 08:32:28.084]

SOURCE: AIR
RX_ID: 139, Freq: 131.725MHz
Mode: 2 ACK, A2GLabel: _d Block ID: 6, Msg No: S69A
Flight ID: TK05NC REG: TC-JIT


Message content:-

-------------------------------------------------------[2024-03-16 08:32:31.960]

SOURCE: AIR
RX_ID: 140, Freq: 131.725MHz
Mode: G NACKLabel: SA Block ID: 5, Msg No: S68A
Flight ID: TK05NC REG: TC-JIT


Message content:-
0EV083226VS
-------------------------------------------------------[2024-03-16 08:32:32.399]

SOURCE: AIR
RX_ID: 141, Freq: 131.725MHz
Mode: G NACKLabel: 20 Block ID: 0, Msg No: M63A
Flight ID: KL0104 REG: PH-BVD


Message content:-
RST07A16083300KLM104  FACTEHAM
-------------------------------------------------------[2024-03-16 08:34:00.648]

SOURCE: AIR
RX_ID: 142, Freq: 131.525MHz
Mode: T ACK, A2GLabel: _d Block ID: 1, Msg No: S71A
Flight ID: AF7302 REG: F-GMZE


Message content:-

-------------------------------------------------------[2024-03-16 08:34:24.605]

SOURCE: AIR
RX_ID: 143, Freq: 131.725MHz
Mode: G NACKLabel: H1 Block ID: 1, Msg No: D86A
Flight ID: KL0104 REG: PH-BVD


Message content:-
#DFB(POS-KLM104  -4333N00503E/083742 F360
RMK/FUEL  16.3 M0.85)
-------------------------------------------------------[2024-03-16 08:37:44.909]

SOURCE: AIR
RX_ID: 144, Freq: 131.525MHz
Mode: T NACKLabel: B9 Block ID: 3, Msg No: L06A
Flight ID: AF7302 REG: F-GMZE


Message content:-
/LFMN.TI2/064LFMNA83AC
-------------------------------------------------------[2024-03-16 08:37:55.990]

SOURCE: AIR
RX_ID: 145, Freq: 131.525MHz
Mode: T ACK, A2GLabel: _d Block ID: 5, Msg No: S74A
Flight ID: AF7302 REG: F-GMZE


Message content:-

-------------------------------------------------------[2024-03-16 08:38:03.964]

SOURCE: AIR
RX_ID: 146, Freq: 131.725MHz
Mode: G NACKLabel: 16 Block ID: 9, Msg No: M25A
Flight ID: TK05NC REG: TC-JIT


Message content:-
/N 43.336/E 5.611/37006/1603/083906/0122/0923/
-------------------------------------------------------[2024-03-16 08:39:08.695]

SOURCE: AIR
RX_ID: 147, Freq: 131.525MHz
Mode: T NACKLabel: 2Z Block ID: 7, Msg No: M37A
Flight ID: AF7302 REG: F-GMZE


Message content:-
LFMN
-------------------------------------------------------[2024-03-16 08:40:03.551]

SOURCE: AIR
RX_ID: 148, Freq: 131.525MHz
Mode: T ACK, A2GLabel: _d Block ID: 8, Msg No: S76A
Flight ID: AF7302 REG: F-GMZE


Message content:-

-------------------------------------------------------[2024-03-16 08:41:46.575]

SOURCE: AIR
RX_ID: 149, Freq: 131.725MHz
Mode: 2 NACKLabel: H1 Block ID: 1, Msg No: D02A
Flight ID: AH1022 REG: 7T-VKD


Message content:-
#DFBAPM0007T-VKD---0000037DAH1022/DAAGLFML160324080200,,,785,,,2603,,,-3100,,,35973,,,138740,,,2589,2580,,,08679,08678,,,000,3871,,,0,0,,0,0,,0,0,0,0,0,0,,+387928,,,,,,+0026,,,+060,,,+0087,,,-00018,+0006,,,,,,1
-------------------------------------------------------[2024-03-16 08:42:41.248]

SOURCE: AIR
RX_ID: 150, Freq: 131.725MHz
Mode: 2 NACKLabel: H1 Block ID: 3, Msg No: D02C
Flight ID: AH1022 REG: 7T-VKD


Message content:-
#DFB00,,,-000,,,+103,,,+00058,,,

-------------------------------------------------------[2024-03-16 08:42:50.063]

SOURCE: AIR
RX_ID: 151, Freq: 131.725MHz
Mode: 2 NACKLabel: 5V Block ID: 4, Msg No: S17A
Flight ID: AH1022 REG: 7T-VKD


Message content:-

-------------------------------------------------------[2024-03-16 08:43:03.777]

SOURCE: AIR
RX_ID: 152, Freq: 131.525MHz
Mode: T NACKLabel: 2F Block ID: 9, Msg No: M38A
Flight ID: AF7302 REG: F-GMZE


Message content:-
0844+4414+538/2949
-------------------------------------------------------[2024-03-16 08:44:49.064]

SOURCE: AIR
RX_ID: 153, Freq: 131.725MHz
Mode: 2 NACKLabel: Q0 Block ID: 5, Msg No: S18A
Flight ID: AH1022 REG: 7T-VKD


Message content:-

-------------------------------------------------------[2024-03-16 08:47:16.704]

SOURCE: AIR
RX_ID: 154, Freq: 131.725MHz
Mode: G NACKLabel: SA Block ID: 6, Msg No: M09A
Flight ID: AH1022 REG: 7T-VKD


Message content:-
0EV084720V
-------------------------------------------------------[2024-03-16 08:47:21.424]

SOURCE: AIR
RX_ID: 155, Freq: 131.525MHz
Mode: T NACKLabel: 26 Block ID: 0, Msg No: M39A
Flight ID: AF7302 REG: F-GMZE


Message content:-
0848LFPGAF7302/160903LFMN04L
-------------------------------------------------------[2024-03-16 08:48:04.028]

SOURCE: AIR
RX_ID: 156, Freq: 131.725MHz
Mode: G NACKLabel: 5V Block ID: 7, Msg No: S19A
Flight ID: AH1022 REG: 7T-VKD


Message content:-

-------------------------------------------------------[2024-03-16 08:49:25.947]

SOURCE: AIR
RX_ID: 157, Freq: 131.725MHz
Mode: G NACKLabel: 44 Block ID: 8, Msg No: M78A
Flight ID: GS0000 REG: DAOTE


Message content:-
01H*#lSb_''SAL6ll'~(Sb~q'b\C@Hb62\CblSALbl(ESbAlA~bllAO~
-------------------------------------------------------[2024-03-16 08:53:32.341]

SOURCE: AIR
RX_ID: 158, Freq: 131.725MHz
Mode: G NACKLabel: 44 Block ID: 9, Msg No: M79A
Flight ID: GS0000 REG: DAOTE


Message content:-
06cE5gC7M999)`Lgg9 ::7 ` 7aS6"7L?aS7gC.f7g:))7.g.97gg., 
-------------------------------------------------------[2024-03-16 08:55:39.943]

SOURCE: AIR
RX_ID: 159, Freq: 131.825MHz
Mode: 2 NACKLabel: Q0 Block ID: 4, Msg No: S08A
Flight ID: FR63SG REG: EI-DPG


Message content:-

-------------------------------------------------------[2024-03-16 08:58:14.349]

SOURCE: AIR
RX_ID: 160, Freq: 131.825MHz
Mode: 2 NACKLabel: Q0 Block ID: 2, Msg No: S30A
Flight ID: FR38ZZ REG: EI-ENJ


Message content:-

-------------------------------------------------------[2024-03-16 09:30:35.254]

SOURCE: AIR
RX_ID: 161, Freq: 131.725MHz
Mode: E NACKLabel: B9 Block ID: 6, Msg No: L55A
Flight ID: AF0713 REG: F-GSPK


Message content:-
/LFPG.TI2/046LFPGAD3A5
-------------------------------------------------------[2024-03-16 09:41:50.918]

SOURCE: AIR
RX_ID: 162, Freq: 131.725MHz
Mode: E ACK, A2GLabel: _d Block ID: 7, Msg No: S17A
Flight ID: AF0713 REG: F-GSPK


Message content:-

-------------------------------------------------------[2024-03-16 09:41:55.599]

SOURCE: AIR
RX_ID: 163, Freq: 131.725MHz
Mode: E ACK, A2GLabel: _d Block ID: 9, Msg No: S19A
Flight ID: AF0713 REG: F-GSPK


Message content:-

-------------------------------------------------------[2024-03-16 09:42:02.770]

SOURCE: AIR
RX_ID: 164, Freq: 131.825MHz
Mode: 2 ACK, A2GLabel: _d Block ID: 9, Msg No: S92A
Flight ID: NW0183 REG: N830NW


Message content:-

-------------------------------------------------------[2024-03-16 09:44:52.762]

SOURCE: AIR
RX_ID: 165, Freq: 131.825MHz
Mode: 2 NACKLabel: 83 Block ID: 0, Msg No: M09A
Flight ID: ZD0001 REG: OOROK


Message content:-
001PR16094819N4333.9E00549.01453960010
-------------------------------------------------------[2024-03-16 09:48:21.659]

SOURCE: AIR
RX_ID: 166, Freq: 131.725MHz
Mode: E NACKLabel: 2F Block ID: 0, Msg No: M87A
Flight ID: AF0713 REG: F-GSPK


Message content:-
0953+4465+486/38113
DIAP/LFPG/38001/ +03/ -60/0.84/205825/194812/23.0/ETR-12 / -45/   65
-------------------------------------------------------[2024-03-16 09:53:43.196]

SOURCE: AIR
RX_ID: 167, Freq: 131.825MHz
Mode: 2 NACKLabel: H1 Block ID: 2, Msg No: D46A
Flight ID: NW0183 REG: N830NW


Message content:-
#DFB239161400401010098024
R39/A33039,1,1
239N830NW183 031624095911814 4486   470320-27-56320 53AB0510121960
 297 421 0002926100B020)LIRFKJFK
-------------------------------------------------------[2024-03-16 09:59:25.650]

SOURCE: AIR
RX_ID: 168, Freq: 131.825MHz
Mode: 2 NACKLabel: Q0 Block ID: 4, Msg No: S87A
Flight ID: DS32RZ REG: HB-JXR


Message content:-

-------------------------------------------------------[2024-03-16 10:02:20.134]

SOURCE: AIR
RX_ID: 169, Freq: 131.825MHz
Mode: 2 NACKLabel: 5V Block ID: 5, Msg No: S88A
Flight ID: DS32RZ REG: HB-JXR


Message content:-

-------------------------------------------------------[2024-03-16 10:02:45.734]

SOURCE: AIR
RX_ID: 170, Freq: 131.725MHz
Mode: E NACKLabel: Q0 Block ID: 9, Msg No: S38A
Flight ID: KL0537 REG: PH-AOA


Message content:-

-------------------------------------------------------[2024-03-16 10:24:57.137]

SOURCE: AIR
RX_ID: 171, Freq: 131.525MHz
Mode: T NACKLabel: 2F Block ID: 4, Msg No: M57A
Flight ID: AF7303 REG: F-GMZE


Message content:-
1029+4447+645/2855
-------------------------------------------------------[2024-03-16 10:29:24.231]

SOURCE: AIR
RX_ID: 172, Freq: 131.525MHz
Mode: T NACKLabel: H1 Block ID: 5, Msg No: D50A
Flight ID: AF7303 REG: F-GMZE


Message content:-
#DFBA31/A32131,1,1/C1F-GMZE,MAR16,101345,LFMN,LFPG,0098/C203,00000,8100,00,0000,0,0000,00,X/C30155,N0142,056,---,7228,280,C53015/C44364,XXXXX,N0146,0152,---/4CN001,056,00021,072302,---/C54365,0721,N0137,0140,10
-------------------------------------------------------[2024-03-16 10:29:52.904]

SOURCE: AIR
RX_ID: 173, Freq: 131.525MHz
Mode: T NACKLabel: H1 Block ID: 4, Msg No: D50J
Flight ID: AF7303 REG: F-GMZE


Message content:-
#DFB,334/5SN003,293,N0112,071830,035/S64402,0680,20166,N257,331/6S0000,293,00026,071812,034/S7XXXXX,0678,20706,N272,332/7SN002,293,N0067,071939,032/S84407,0675,21271,N285,336/8SN000,294,00388,071758,032/S94411,
-------------------------------------------------------[2024-03-16 10:31:14.422]

SOURCE: AIR
RX_ID: 174, Freq: 131.525MHz
Mode: T NACKLabel: H1 Block ID: 5, Msg No: D50K
Flight ID: AF7303 REG: F-GMZE


Message content:-
#DFB0673,22058,N297,331/9SN001,296,00024,071722,044/S04413,0671,22874,N317,334/0S0003,290,N0319,071849,042/T14416,0669,23290,N330,339/1TN001,293,00130,071667,041/T24419,0666,23796,N342,333/2TN003,294,00048,0716
-------------------------------------------------------[2024-03-16 10:31:18.299]

SOURCE: AIR
RX_ID: 175, Freq: 131.725MHz
Mode: X NACKLabel: Q0 Block ID: 0, Msg No: S39A
Flight ID: KL0537 REG: PH-AOA


Message content:-

-------------------------------------------------------[2024-03-16 10:31:26.892]

SOURCE: AIR
RX_ID: 176, Freq: 131.725MHz
Mode: X NACKLabel: Q0 Block ID: 0, Msg No: S39A
Flight ID: KL0537 REG: PH-AOA


Message content:-

-------------------------------------------------------[2024-03-16 10:31:32.855]

SOURCE: AIR
RX_ID: 177, Freq: 131.525MHz
Mode: T NACKLabel: B9 Block ID: 9, Msg No: L09A
Flight ID: AF7303 REG: F-GMZE


Message content:-
/LFPG.TI2/064LFPGA3806
-------------------------------------------------------[2024-03-16 10:35:28.777]

SOURCE: AIR
RX_ID: 178, Freq: 131.525MHz
Mode: T ACK, A2GLabel: _d Block ID: 1, Msg No: S07A
Flight ID: AF7303 REG: F-GMZE


Message content:-

-------------------------------------------------------[2024-03-16 10:35:38.396]

SOURCE: AIR
RX_ID: 179, Freq: 131.725MHz
Mode: 2 NACKLabel: Q0 Block ID: 8, Msg No: S79A
Flight ID: AH1148 REG: 7T-VKH


Message content:-

-------------------------------------------------------[2024-03-16 10:46:35.004]

SOURCE: AIR
RX_ID: 180, Freq: 131.725MHz
Mode: 2 NACKLabel: Q0 Block ID: 1, Msg No: S81A
Flight ID: AH1148 REG: 7T-VKH


Message content:-

-------------------------------------------------------[2024-03-16 10:51:12.917]

SOURCE: AIR
RX_ID: 181, Freq: 131.725MHz
Mode: 2 NACKLabel: SA Block ID: 2, Msg No: M69A
Flight ID: AH1148 REG: 7T-VKH


Message content:-
0EV105115VS
-------------------------------------------------------[2024-03-16 10:51:17.193]

SOURCE: AIR
RX_ID: 182, Freq: 131.725MHz
Mode: 2 NACKLabel: 5V Block ID: 3, Msg No: S82A
Flight ID: AH1148 REG: 7T-VKH


Message content:-

-------------------------------------------------------[2024-03-16 10:51:46.304]

SOURCE: AIR
RX_ID: 183, Freq: 131.725MHz
Mode: 2 NACKLabel: Q0 Block ID: 4, Msg No: S88A
Flight ID: AH1148 REG: 7T-VKH


Message content:-

-------------------------------------------------------[2024-03-16 11:00:02.508]

SOURCE: AIR
RX_ID: 184, Freq: 131.725MHz
Mode: 2 NACKLabel: SA Block ID: 5, Msg No: M71A
Flight ID: AH1148 REG: 7T-VKH


Message content:-
0EV110005VS
-------------------------------------------------------[2024-03-16 11:00:06.823]

SOURCE: AIR
RX_ID: 185, Freq: 131.725MHz
Mode: 2 NACKLabel: 5V Block ID: 6, Msg No: S89A
Flight ID: AH1148 REG: 7T-VKH


Message content:-

-------------------------------------------------------[2024-03-16 11:00:27.925]

SOURCE: AIR
RX_ID: 186, Freq: 131.725MHz
Mode: 2 NACKLabel: Q0 Block ID: 7, Msg No: S90A
Flight ID: AH1148 REG: 7T-VKH


Message content:-

-------------------------------------------------------[2024-03-16 11:04:40.635]

SOURCE: AIR
RX_ID: 187, Freq: 131.725MHz
Mode: X NACKLabel: SA Block ID: 8, Msg No: M73A
Flight ID: AH1148 REG: 7T-VKH


Message content:-
0EV110443VS
-------------------------------------------------------[2024-03-16 11:04:44.731]

SOURCE: AIR
RX_ID: 188, Freq: 131.725MHz
Mode: X NACKLabel: 5V Block ID: 9, Msg No: S91A
Flight ID: AH1148 REG: 7T-VKH


Message content:-

-------------------------------------------------------[2024-03-16 11:05:04.004]

SOURCE: AIR
RX_ID: 189, Freq: 131.725MHz
Mode: 2 NACKLabel: Q0 Block ID: 0, Msg No: S92A
Flight ID: AH1148 REG: 7T-VKH


Message content:-

-------------------------------------------------------[2024-03-16 11:09:17.967]

SOURCE: AIR
RX_ID: 190, Freq: 131.725MHz
Mode: E NACKLabel: SA Block ID: 1, Msg No: M75A
Flight ID: AH1148 REG: 7T-VKH


Message content:-
0EV110920VS
-------------------------------------------------------[2024-03-16 11:09:22.463]

SOURCE: AIR
RX_ID: 191, Freq: 131.725MHz
Mode: X NACKLabel: Q0 Block ID: 3, Msg No: S11A
Flight ID: FR756A REG: 9H-QBR


Message content:-

-------------------------------------------------------[2024-03-16 11:13:22.485]

SOURCE: AIR
RX_ID: 192, Freq: 131.825MHz
Mode: 2 NACKLabel: Q0 Block ID: 8, Msg No: S57A
Flight ID: NW0231 REG: N818NW


Message content:-

-------------------------------------------------------[2024-03-16 11:26:19.497]

SOURCE: AIR
RX_ID: 193, Freq: 131.825MHz
Mode: 2 NACKLabel: Q0 Block ID: 6, Msg No: S18A
Flight ID: FR34RT REG: EI-DPG


Message content:-

-------------------------------------------------------[2024-03-16 11:28:26.291]

SOURCE: AIR
RX_ID: 194, Freq: 131.825MHz
Mode: 2 NACKLabel: 24 Block ID: 9, Msg No: M20A
Flight ID: NW0231 REG: N818NW


Message content:-
161124 LIRF KJFK7
/FN 0231
-------------------------------------------------------[2024-03-16 11:34:53.767]

SOURCE: AIR
RX_ID: 195, Freq: 131.825MHz
Mode: 2 ACK, A2GLabel: _d Block ID: 0, Msg No: S58A
Flight ID: NW0231 REG: N818NW


Message content:-

-------------------------------------------------------[2024-03-16 11:34:59.693]

