SOURCE: AIR
RX_ID: 22, Freq: 131.725MHz
Mode: X NACKLabel: Q0 Block ID: 9, Msg No: S29A
Flight ID: IB8340 REG: EC-FTR


Message content:-

-------------------------------------------------------[2024-03-09 02:26:36.898]

SOURCE: AIR
RX_ID: 23, Freq: 131.725MHz
Mode: E NACKLabel: Q0 Block ID: 0, Msg No: S30A
Flight ID: IB8340 REG: EC-FTR


Message content:-

-------------------------------------------------------[2024-03-09 02:28:27.888]

SOURCE: AIR
RX_ID: 24, Freq: 131.725MHz
Mode: E NACKLabel: 10 Block ID: 1, Msg No: M31A
Flight ID: IB8340 REG: EC-FTR


Message content:-
DIA01LIMCLEMD    IB5T100995OFF        CLOSEDRLS131725OK  N/A OK      OK  OK  OK  N/A OK  PAPER 
-------------------------------------------------------[2024-03-09 02:32:43.270]

SOURCE: AIR
RX_ID: 25, Freq: 131.725MHz
Mode: X NACKLabel: Q0 Block ID: 2, Msg No: S32A
Flight ID: IB8340 REG: EC-FTR


Message content:-

-------------------------------------------------------[2024-03-09 02:33:27.922]

SOURCE: AIR
RX_ID: 26, Freq: 131.725MHz
Mode: E NACKLabel: Q0 Block ID: 3, Msg No: S33A
Flight ID: IB8340 REG: EC-FTR


Message content:-

-------------------------------------------------------[2024-03-09 02:34:41.030]

SOURCE: AIR
RX_ID: 27, Freq: 131.725MHz
Mode: G ACK, A2GLabel: _d Block ID: 4, Msg No: S90A
Flight ID: SN039G REG: OO-SFG


Message content:-

-------------------------------------------------------[2024-03-09 02:35:40.238]

SOURCE: AIR
RX_ID: 28, Freq: 131.725MHz
Mode: X NACKLabel: Q0 Block ID: 4, Msg No: S34A
Flight ID: IB8340 REG: EC-FTR


Message content:-

-------------------------------------------------------[2024-03-09 02:37:29.991]

SOURCE: AIR
RX_ID: 29, Freq: 131.725MHz
Mode: E NACKLabel: Q0 Block ID: 5, Msg No: S35A
Flight ID: IB8340 REG: EC-FTR


Message content:-

-------------------------------------------------------[2024-03-09 02:37:51.898]

SOURCE: AIR
RX_ID: 30, Freq: 131.725MHz
Mode: 2 NACKLabel: Q0 Block ID: 6, Msg No: S36A
Flight ID: IB8340 REG: EC-FTR


Message content:-

-------------------------------------------------------[2024-03-09 02:38:07.074]

SOURCE: AIR
RX_ID: 31, Freq: 131.725MHz
Mode: 2 NACKLabel: Q0 Block ID: 8, Msg No: S84A
Flight ID: KL0588 REG: PH-AOA


Message content:-

-------------------------------------------------------[2024-03-09 02:39:55.618]

SOURCE: AIR
RX_ID: 32, Freq: 131.725MHz
Mode: X NACKLabel: Q0 Block ID: 9, Msg No: S85A
Flight ID: KL0588 REG: PH-AOA


Message content:-

-------------------------------------------------------[2024-03-09 02:40:12.005]

SOURCE: AIR
RX_ID: 33, Freq: 131.725MHz
Mode: X NACKLabel: H1 Block ID: 7, Msg No: D90A
Flight ID: KL0590 REG: PH-BVG


Message content:-
#DFB(POS-KLM590  -4420N00441E/030840 F360
RMK/FUEL  13.0 M0.84)
-------------------------------------------------------[2024-03-09 03:08:43.296]

SOURCE: AIR
RX_ID: 34, Freq: 131.825MHz
Mode: 2 ACK, A2GLabel: _d Block ID: 7, Msg No: S24A
Flight ID: BA2064 REG: G-YMMN


Message content:-

-------------------------------------------------------[2024-03-09 03:58:17.624]

SOURCE: AIR
RX_ID: 35, Freq: 131.825MHz
Mode: 2 NACKLabel: B6 Block ID: 8, Msg No: F75A
Flight ID: BA2064 REG: G-YMMN


Message content:-
/QUKAXBA.ADS.G-YMMN071F02D01CCB894701B29D43C3
-------------------------------------------------------[2024-03-09 04:01:50.436]

SOURCE: AIR
RX_ID: 36, Freq: 131.825MHz
Mode: 2 NACKLabel: 15 Block ID: 9, Msg No: M02A
Flight ID: BA2064 REG: G-YMMN


Message content:-
FST01FIMPEGKKN439710E0049738380 135 833 M59C 4025234435047011600005190404
-------------------------------------------------------[2024-03-09 04:04:39.800]

SOURCE: AIR
RX_ID: 37, Freq: 131.825MHz
Mode: 2 NACKLabel: 10 Block ID: 0, Msg No: M03A
Flight ID: BA2064 REG: G-YMMN


Message content:-
FTX01.LGWOOXH
HI FROM BA2064. PLEASE
ADD AN ADDITIONAL 
WHEELCHAIR FOR UNWELL
PAX... SEAT 13F. THNX
-------------------------------------------------------[2024-03-09 04:06:26.918]

SOURCE: AIR
RX_ID: 38, Freq: 131.825MHz
Mode: 2 ACK, A2GLabel: _d Block ID: 2, Msg No: S25A
Flight ID: BA2064 REG: G-YMMN


Message content:-

-------------------------------------------------------[2024-03-09 04:07:11.755]

SOURCE: AIR
RX_ID: 39, Freq: 131.725MHz
Mode: 2 NACKLabel: Q0 Block ID: 0, Msg No: S02A
Flight ID: SN038K REG: OO-SFH


Message content:-

-------------------------------------------------------[2024-03-09 04:18:51.776]

SOURCE: AIR
RX_ID: 40, Freq: 131.725MHz
Mode: E NACKLabel: Q0 Block ID: 2, Msg No: S04A
Flight ID: SN038K REG: OO-SFH


Message content:-

-------------------------------------------------------[2024-03-09 04:18:58.103]

SOURCE: AIR
RX_ID: 41, Freq: 131.725MHz
Mode: G NACKLabel: Q0 Block ID: 3, Msg No: S23A
Flight ID: MP8342 REG: PH-CKB


Message content:-

-------------------------------------------------------[2024-03-09 04:23:56.087]

SOURCE: AIR
RX_ID: 42, Freq: 131.725MHz
Mode: G NACKLabel: Q0 Block ID: 5, Msg No: S25A
Flight ID: MP8342 REG: PH-CKB


Message content:-

-------------------------------------------------------[2024-03-09 04:26:26.616]

SOURCE: AIR
RX_ID: 43, Freq: 131.825MHz
Mode: 2 NACKLabel: Q0 Block ID: 0, Msg No: 3905
Flight ID: QY8030 REG: D-AEAH


Message content:-

-------------------------------------------------------[2024-03-09 04:39:04.817]

SOURCE: AIR
RX_ID: 44, Freq: 131.825MHz
Mode: 2 NACKLabel: Q0 Block ID: 1, Msg No: 4922
Flight ID: QY8030 REG: D-AEAH


Message content:-

-------------------------------------------------------[2024-03-09 04:49:08.981]

SOURCE: AIR
RX_ID: 45, Freq: 131.825MHz
Mode: 2 NACKLabel: Q0 Block ID: 1, Msg No: 4922
Flight ID: QY8030 REG: D-AEAH


Message content:-

-------------------------------------------------------[2024-03-09 04:49:19.805]

SOURCE: AIR
RX_ID: 46, Freq: 131.825MHz
Mode: 2 NACKLabel: Q0 Block ID: 0, Msg No: S22A
Flight ID: WB0700 REG: 9XR-WP


Message content:-

-------------------------------------------------------[2024-03-09 05:37:34.916]

