SOURCE: AIR
RX_ID: 935, Freq: 131.725MHz
Mode: G NACKLabel: H1 Block ID: 9, Msg No: D18B
Flight ID: SK0932 REG: EC-NUG


Message content:-
#DFB1,.759,CL,N4416.0,E00734.2,079,060::0111,-23.3,-48.8,32895,.754,CL,N4412.1,E00726.4,063,057::0111,-24.8,-50.0,33502,.750,CL,N4410.0,E00722.3,067,062::
-------------------------------------------------------[2024-09-18 01:12:08.349]

SOURCE: AIR
RX_ID: 936, Freq: 131.725MHz
Mode: X NACKLabel: B9 Block ID: 5, Msg No: M53A
Flight ID: SN0301 REG: OO-SFB


Message content:-
/EBBR.TI2/040EBBRAED4C
-------------------------------------------------------[2024-09-18 01:53:12.331]

SOURCE: AIR
RX_ID: 937, Freq: 131.725MHz
Mode: X NACKLabel: 16 Block ID: 8, Msg No: M54A
Flight ID: SN0301 REG: OO-SFB


Message content:-
18SEP24,0158,N 44.881,E  6.481,39985,0305,30440
-------------------------------------------------------[2024-09-18 01:58:16.980]

SOURCE: AIR
RX_ID: 938, Freq: 131.725MHz
Mode: X NACKLabel: 16 Block ID: 5, Msg No: M31A
Flight ID: SN03DY REG: OO-SFC


Message content:-
18SEP24,0158,N 43.009,E  6.652,37976,0313,34520
-------------------------------------------------------[2024-09-18 01:58:47.078]

SOURCE: AIR
RX_ID: 939, Freq: 131.725MHz
Mode: X NACKLabel: B9 Block ID: 6, Msg No: M32A
Flight ID: SN03DY REG: OO-SFC


Message content:-
/EBBR.TI2/040EBBRAED4C
-------------------------------------------------------[2024-09-18 02:00:28.676]

SOURCE: AIR
RX_ID: 940, Freq: 131.825MHz
Mode: 2 NACKLabel: H1 Block ID: 7, Msg No: O29G
Flight ID: BA2066 REG: G-VIIT


Message content:-
#10B100110111100000001111
-221100000001000011110111111110010000111100110111100000001111
-211100000001000011110111111110010000111100110111100000001111
-20110000000100001111011111111001000011110011011110000000
-------------------------------------------------------[2024-09-18 02:01:27.410]

SOURCE: AIR
RX_ID: 941, Freq: 131.825MHz
Mode: 2 NACKLabel: H1 Block ID: 7, Msg No: O30A
Flight ID: BA2066 REG: G-VIIT


Message content:-
#10BSB0122BA_G-VIIT  DGAAEGKK131
 42922 0047790200 38000-420024018010NXW013016
-------------------------------------------------------[2024-09-18 02:02:39.495]

SOURCE: AIR
RX_ID: 942, Freq: 131.825MHz
Mode: 2 NACKLabel: B6 Block ID: 8, Msg No: F59A
Flight ID: BA2066 REG: G-VIIT


Message content:-
/ACCFAYA.ADS.G-VIIT141EB8C81AEE494702BF9D0D20E9B018F109470587217838175CC94700FA68
-------------------------------------------------------[2024-09-18 02:02:58.144]

SOURCE: AIR
RX_ID: 943, Freq: 131.825MHz
Mode: 2 NACKLabel: B6 Block ID: 9, Msg No: F60A
Flight ID: BA2066 REG: G-VIIT


Message content:-
/ACCFAYA.ADS.G-VIIT071EE8F81AC48947449F9D0C0815F2C36DA00E7E60EF00000F7F21A280001E60
-------------------------------------------------------[2024-09-18 02:04:58.146]

SOURCE: AIR
RX_ID: 944, Freq: 131.825MHz
Mode: 2 NACKLabel: 15 Block ID: 0, Msg No: M49A
Flight ID: BA2066 REG: G-VIIT


Message content:-
FST01DGAAEGKKN437768E0046715380 142 354 M42C 2404535635548111600003230207
-------------------------------------------------------[2024-09-18 02:07:18.424]

SOURCE: AIR
RX_ID: 945, Freq: 131.825MHz
Mode: 2 NACKLabel: B6 Block ID: 1, Msg No: F61A
Flight ID: BA2066 REG: G-VIIT


Message content:-
/QUKAXBA.ADS.G-VIIT071F38381A7F494707B41D5D6C
-------------------------------------------------------[2024-09-18 02:08:14.964]

SOURCE: AIR
RX_ID: 946, Freq: 131.825MHz
Mode: 2 NACKLabel: B6 Block ID: 2, Msg No: F62A
Flight ID: BA2066 REG: G-VIIT


Message content:-
/ACCFAYA.ADS.G-VIIT071F60101A5C094709401D0C0815F2C36DA00E7E60F000040F7F79A14004CF5B
-------------------------------------------------------[2024-09-18 02:09:54.072]

SOURCE: AIR
RX_ID: 947, Freq: 131.725MHz
Mode: X NACKLabel: 16 Block ID: 8, Msg No: M33A
Flight ID: SN03DY REG: OO-SFC


Message content:-
18SEP24,0213,N 44.997,E  6.479,37979,0313,31000
-------------------------------------------------------[2024-09-18 02:13:48.018]

SOURCE: AIR
RX_ID: 948, Freq: 131.825MHz
Mode: 2 NACKLabel: B6 Block ID: 3, Msg No: F63A
Flight ID: BA2066 REG: G-VIIT


Message content:-
/ACCFAYA.ADS.G-VIIT071FD5D019F249470DE01D0C0815F2C36DA00E7E58EBBFFC0F0019A3BFFCEDB5
-------------------------------------------------------[2024-09-18 02:14:50.234]

SOURCE: AIR
RX_ID: 949, Freq: 131.825MHz
Mode: 2 NACKLabel: H1 Block ID: 5, Msg No: F64A
Flight ID: BA2066 REG: G-VIIT


Message content:-
#M1BPRG/TS021603,180924/DTEGKK,08L,184,032246,/PR4463,310,380,292,,141,57,,,30,P20,P0,,,,,,,M37D647
-------------------------------------------------------[2024-09-18 02:16:06.003]

SOURCE: AIR
RX_ID: 950, Freq: 131.825MHz
Mode: 2 NACKLabel: H1 Block ID: 6, Msg No: O31A
Flight ID: BA2066 REG: G-VIIT


Message content:-
#10BSB0122BA_G-VIIT  DGAAEGKK132
 44898 0045710215 37996-460062047010YY,017020
-------------------------------------------------------[2024-09-18 02:16:57.206]

SOURCE: AIR
RX_ID: 951, Freq: 131.825MHz
Mode: 2 NACKLabel: 15 Block ID: 7, Msg No: M50A
Flight ID: BA2066 REG: G-VIIT


Message content:-
FST01DGAAEGKKN450932E0045237380 132 364 M46C 5106736035547511600003220217
-------------------------------------------------------[2024-09-18 02:17:19.330]

SOURCE: AIR
RX_ID: 952, Freq: 131.725MHz
Mode: G NACKLabel: H1 Block ID: 0, Msg No: D53A
Flight ID: KL0588 REG: PH-AOE


Message content:-
#DFB(POS-KLM588  -4306N00449E/021902 F400
RMK/FUEL  11.0 M0.81)
-------------------------------------------------------[2024-09-18 02:19:16.727]

SOURCE: AIR
RX_ID: 953, Freq: 131.825MHz
Mode: 2 NACKLabel: B6 Block ID: 8, Msg No: F65A
Flight ID: BA2066 REG: G-VIIT


Message content:-
/ACCFAYA.ADS.G-VIIT07204B501986494712811D0C0815F2C36DA00E7E58EAC0000F0079A5400059BA
-------------------------------------------------------[2024-09-18 02:19:46.569]

SOURCE: AIR
RX_ID: 954, Freq: 131.725MHz
Mode: G NACKLabel: H1 Block ID: 2, Msg No: D54A
Flight ID: KL0588 REG: PH-AOE


Message content:-
#DFB(POS-KLM588  -4501N00434E/023402 F400
RMK/FUEL   9.4 M0.80)
-------------------------------------------------------[2024-09-18 02:34:16.833]

SOURCE: AIR
RX_ID: 955, Freq: 131.825MHz
Mode: 2 NACKLabel: SA Block ID: 8, Msg No: S99A
Flight ID: BA058L REG: G-XWBI


Message content:-
0EV025436VS/
-------------------------------------------------------[2024-09-18 02:54:37.416]

SOURCE: AIR
RX_ID: 956, Freq: 131.825MHz
Mode: 2 NACKLabel: B6 Block ID: 4, Msg No: J84A
Flight ID: BA064M REG: G-XWBE


Message content:-
/NBOCAYA.ADS.G-XWBE0384071EABB01D05494777081FB587
-------------------------------------------------------[2024-09-18 02:58:45.041]

SOURCE: AIR
RX_ID: 957, Freq: 131.825MHz
Mode: 2 NACKLabel: B6 Block ID: 5, Msg No: J85A
Flight ID: BA064M REG: G-XWBE


Message content:-
/NBOCAYA.ADS.G-XWBE071EAFC01CFE494737301F1988
-------------------------------------------------------[2024-09-18 02:58:55.062]

SOURCE: AIR
RX_ID: 958, Freq: 131.825MHz
Mode: 2 NACKLabel: B6 Block ID: 8, Msg No: J87A
Flight ID: BA064M REG: G-XWBE


Message content:-
/NBOCAYA.ADS.G-XWBE071ECA201CD04946F8341F0E7CC8F380000D2084E019ADC946C44C20E9A818F0C946C085D6
-------------------------------------------------------[2024-09-18 02:59:59.390]

SOURCE: AIR
RX_ID: 959, Freq: 131.825MHz
Mode: 2 NACKLabel: B6 Block ID: 0, Msg No: J88A
Flight ID: BA064M REG: G-XWBE


Message content:-
/NBOCAYA.ADS.G-XWBE0386071EDE601CAD494740BC1F9F68
-------------------------------------------------------[2024-09-18 03:00:50.187]

SOURCE: AIR
RX_ID: 960, Freq: 131.825MHz
Mode: 2 NACKLabel: B6 Block ID: 0, Msg No: J88A
Flight ID: BA064M REG: G-XWBE


Message content:-
/NBOCAYA.ADS.G-XWBE0386071EDE601CAD494740BC1F9F68
-------------------------------------------------------[2024-09-18 03:01:06.975]

SOURCE: AIR
RX_ID: 961, Freq: 131.825MHz
Mode: 2 NACKLabel: H1 Block ID: 2, Msg No: F74A
Flight ID: BA064M REG: G-XWBE


Message content:-
#M1BRESREQ/AK,1158AF6
-------------------------------------------------------[2024-09-18 03:01:46.508]

SOURCE: AIR
RX_ID: 962, Freq: 131.825MHz
Mode: 2 NACKLabel: H1 Block ID: 3, Msg No: F75A
Flight ID: BA064M REG: G-XWBE


Message content:-
#M1BPRG/TS030144,180924/DTEGLL,09L,158,042244/PR5121,292,380,308,,0,93,,,90,,,P0,P8,36090,,4813,290D357
-------------------------------------------------------[2024-09-18 03:01:52.657]

SOURCE: AIR
RX_ID: 963, Freq: 131.825MHz
Mode: 2 NACKLabel: B6 Block ID: 5, Msg No: J91A
Flight ID: BA064M REG: G-XWBE


Message content:-
/NBOCAYA.ADS.G-XWBE0387071EFE401C75494701F81F02EA
-------------------------------------------------------[2024-09-18 03:02:09.622]

SOURCE: AIR
RX_ID: 964, Freq: 131.825MHz
Mode: 2 NACKLabel: B6 Block ID: 7, Msg No: J92A
Flight ID: BA064M REG: G-XWBE


Message content:-
/NBOCAYA.ADS.G-XWBE0388071F13E81C4F8946C2CC1FA5AF
-------------------------------------------------------[2024-09-18 03:03:02.286]

SOURCE: AIR
RX_ID: 965, Freq: 131.850MHz
Mode: 2 NACKLabel: B6 Block ID: 7, Msg No: J92A
Flight ID: BA064M REG: G-XWBE


Message content:-
/NBOCAYA.ADS.G-XWBE0388071F13E81C4F8946C2CC1FA5AF
-------------------------------------------------------[2024-09-18 03:03:16.769]

SOURCE: AIR
RX_ID: 966, Freq: 131.825MHz
Mode: 2 NACKLabel: B6 Block ID: 9, Msg No: J94A
Flight ID: BA064M REG: G-XWBE


Message content:-
/NBOCAYA.ADS.G-XWBE0389071F2E581C20894743D01F116D
-------------------------------------------------------[2024-09-18 03:04:06.578]

SOURCE: AIR
RX_ID: 967, Freq: 131.825MHz
Mode: 2 NACKLabel: B6 Block ID: 9, Msg No: J94A
Flight ID: BA064M REG: G-XWBE


Message content:-
/NBOCAYA.ADS.G-XWBE0389071F2E581C20894743D01F116D
-------------------------------------------------------[2024-09-18 03:04:20.294]

SOURCE: AIR
RX_ID: 968, Freq: 131.825MHz
Mode: 2 NACKLabel: B6 Block ID: 1, Msg No: J96A
Flight ID: BA064M REG: G-XWBE


Message content:-
/NBOCAYA.ADS.G-XWBE038A071F4B901BECC946C4F01FFDF7
-------------------------------------------------------[2024-09-18 03:05:18.660]

SOURCE: AIR
RX_ID: 969, Freq: 131.825MHz
Mode: 2 NACKLabel: B6 Block ID: 3, Msg No: J98A
Flight ID: BA064M REG: G-XWBE


Message content:-
/NBOCAYA.ADS.G-XWBE038B071F62301BC4894745D01F4851
-------------------------------------------------------[2024-09-18 03:06:15.384]

SOURCE: AIR
RX_ID: 970, Freq: 131.825MHz
Mode: 2 NACKLabel: B6 Block ID: 4, Msg No: J99A
Flight ID: BA064M REG: G-XWBE


Message content:-
/NBOCAYA.ADS.G-XWBE071F66481BBD494705F81F3EAD
-------------------------------------------------------[2024-09-18 03:06:24.416]

SOURCE: AIR
RX_ID: 971, Freq: 131.825MHz
Mode: 2 NACKLabel: B6 Block ID: 4, Msg No: J99A
Flight ID: BA064M REG: G-XWBE


Message content:-
/NBOCAYA.ADS.G-XWBE071F66481BBD494705F81F3EAD
-------------------------------------------------------[2024-09-18 03:06:38.752]

SOURCE: AIR
RX_ID: 972, Freq: 131.825MHz
Mode: 2 NACKLabel: B6 Block ID: 4, Msg No: J99A
Flight ID: BA064M REG: G-XWBE


Message content:-
/NBOCAYA.ADS.G-XWBE071F66481BBD494705F81F3EAD
-------------------------------------------------------[2024-09-18 03:06:44.896]

SOURCE: AIR
RX_ID: 973, Freq: 131.825MHz
Mode: 2 NACKLabel: B6 Block ID: 4, Msg No: J99A
Flight ID: BA064M REG: G-XWBE


Message content:-
/NBOCAYA.ADS.G-XWBE071F66481BBD494705F81F3EAD
-------------------------------------------------------[2024-09-18 03:06:56.784]

SOURCE: AIR
RX_ID: 974, Freq: 131.825MHz
Mode: 2 NACKLabel: SA Block ID: 8, Msg No: S99A
Flight ID: BA064M REG: G-XWBE


Message content:-
0EV030828VS/
-------------------------------------------------------[2024-09-18 03:08:29.747]

SOURCE: AIR
RX_ID: 975, Freq: 131.825MHz
Mode: 2 NACKLabel: H1 Block ID: 9, Msg No: F13A
Flight ID: QY1956 REG: D-ALEV


Message content:-
#M1BPOSN44500E005248,,031354,255,ZEBRA,032700,ML125,M34,06545,128,BF2C
-------------------------------------------------------[2024-09-18 03:13:56.623]

SOURCE: AIR
RX_ID: 976, Freq: 131.725MHz
Mode: X NACKLabel: SA Block ID: 4, Msg No: S49A
Flight ID: QR8216 REG: A7-BFS


Message content:-
0EV032539VS
-------------------------------------------------------[2024-09-18 03:25:41.144]

SOURCE: AIR
RX_ID: 977, Freq: 131.825MHz
Mode: 2 NACKLabel: H1 Block ID: 2, Msg No: F14A
Flight ID: QY1956 REG: D-ALEV


Message content:-
#M1BPOSN43432E004599,,032544,49,ZEBRA,032718,ML125,P8,2616,124,9D00
-------------------------------------------------------[2024-09-18 03:25:47.470]

SOURCE: AIR
RX_ID: 978, Freq: 131.725MHz
Mode: G NACKLabel: 4H Block ID: 9, Msg No: M46A
Flight ID: DL0232 REG: N1604R


Message content:-
17044H KJFK LIRN6
  
WPR RESET





-------------------------------------------------------[2024-09-18 04:16:10.577]

SOURCE: AIR
RX_ID: 979, Freq: 131.725MHz
Mode: G ACK, A2GLabel: H1 Block ID: 1, Msg No: F82A
Flight ID: DL0232 REG: N1604R


Message content:-
#M2BREJPOS,041617,130,219,RF101,ACK.130,219,RF101,SUPRY.130,219,RF101,N48W040.130,219,RF101,N50W030.130,219,RF101,SOMAX6080
-------------------------------------------------------[2024-09-18 04:16:21.432]

SOURCE: AIR
RX_ID: 980, Freq: 131.725MHz
Mode: G NACKLabel: 16 Block ID: 5, Msg No: M04A
Flight ID: P47578 REG: 5N-BVE


Message content:-
POSA1N45018E  4537,MTL-29 ,041253,379,ETR-30 ,041745,,-50, 49, 201,846
-------------------------------------------------------[2024-09-18 04:16:32.260]

SOURCE: AIR
RX_ID: 981, Freq: 131.725MHz
Mode: G NACKLabel: H1 Block ID: 2, Msg No: D99A
Flight ID: DL0232 REG: N1604R


Message content:-
#DFB239N1604 0232091824041725798 4418   605389-15-44 56 2012-167 32000
 247 460 1001170200B8PSZKJFKLIRN
-------------------------------------------------------[2024-09-18 04:17:47.012]

SOURCE: AIR
RX_ID: 982, Freq: 131.725MHz
Mode: G NACKLabel: H1 Block ID: 2, Msg No: D99A
Flight ID: DL0232 REG: N1604R


Message content:-
#DFB239N1604 0232091824041725798 4418   605389-15-44 56 2012-167 32000
 247 460 1001170200B8PSZKJFKLIRN
-------------------------------------------------------[2024-09-18 04:17:57.474]

SOURCE: AIR
RX_ID: 983, Freq: 131.725MHz
Mode: G NACKLabel: H1 Block ID: 2, Msg No: D99A
Flight ID: DL0232 REG: N1604R


Message content:-
#DFB239N1604 0232091824041725798 4418   605389-15-44 56 2012-167 32000
 247 460 1001170200B8PSZKJFKLIRN
-------------------------------------------------------[2024-09-18 04:18:09.138]

SOURCE: AIR
RX_ID: 984, Freq: 131.525MHz
Mode: T NACKLabel: H1 Block ID: 8, Msg No: D12D
Flight ID: AF7315 REG: F-GMZE


Message content:-
#DFB,071177,013/E34366,0726,01466,0162,289/3E0078,163,N0087,XXXXXX,012/E44365,0727,02208,0150,359/4E0002,163,N0073,070978,011/E54363,0728,02978,0130,021/5EN021,161,N0090,070887,014/E64362,0730,03545,0110,048/6E
-------------------------------------------------------[2024-09-18 04:25:05.292]

SOURCE: AIR
RX_ID: 985, Freq: 131.525MHz
Mode: T NACKLabel: H1 Block ID: 9, Msg No: D12E
Flight ID: AF7315 REG: F-GMZE


Message content:-
#DFBN011,176,N0224,071032,012/E74361,0731,04011,0095,046/7E0314,192,N0070,070996,013/E84358,0730,04391,0087,049/8E0197,207,00303,070996,027/E94357,0728,04863,0072,036/9E0293,218,00205,070978,039/E04357,0725,055
-------------------------------------------------------[2024-09-18 04:25:08.801]

SOURCE: AIR
RX_ID: 986, Freq: 131.525MHz
Mode: T NACKLabel: H1 Block ID: 0, Msg No: D12F
Flight ID: AF7315 REG: F-GMZE


Message content:-
#DFB95,0055,061/0E0261,219,00133,XXXXXX,036/N14359,0722,06501,0032,067/1N0040,213,00213,070941,034/N24361,0721,07377,0015,074/2N0015,209,N0002,070923,033/N34363,0720,08060,N002,071/3NN002,219,00382,071014,028/N
-------------------------------------------------------[2024-09-18 04:25:12.275]

SOURCE: AIR
RX_ID: 987, Freq: 131.525MHz
Mode: T NACKLabel: H1 Block ID: 3, Msg No: D12I
Flight ID: AF7315 REG: F-GMZE


Message content:-
#DFB1SN008,273,00058,071595,029/S24384,0703,13432,N092,082/2SN006,289,00295,071595,028/S34387,0701,14083,N102,081/3S0000,292,00048,071576,027/S44390,0699,14827,N097,080/4S0001,292,00238,XXXXXX,028/S54393,0697,1
-------------------------------------------------------[2024-09-18 04:25:23.727]

SOURCE: AIR
RX_ID: 988, Freq: 131.825MHz
Mode: 2 NACKLabel: H1 Block ID: 7, Msg No: F25A
Flight ID: NW0182 REG: N815NW


Message content:-
#M1BPOSN45069E006359,ROBEX,044439,370,LAPRI,044755,MOGBO,M48,06647,325/TS044439,1809240436
-------------------------------------------------------[2024-09-18 04:44:42.900]

SOURCE: AIR
RX_ID: 989, Freq: 131.825MHz
Mode: 2 NACKLabel: H1 Block ID: 3, Msg No: D24A
Flight ID: AA0240 REG: N794AN


Message content:-
#DFBTRP KDFW LIRF 07  8 627   0  0 044602
 46.2888   0.6645370004316004910.0060.004 84.37  48.52 43080-53 217OFF
 46.1314   1.1546369974308804910.0140.010 79.37  51.33 42360-54 217OFF
 46.0483   1.6617370014
-------------------------------------------------------[2024-09-18 04:58:06.162]

SOURCE: AIR
RX_ID: 990, Freq: 131.825MHz
Mode: 2 NACKLabel: H1 Block ID: 4, Msg No: D24B
Flight ID: AA0240 REG: N794AN


Message content:-
#DFB301604900.0090.004 77.62  52.03 41680-53 217OFF
 45.9811   2.1729369994294404870.0070.005 67.87  53.79 40960-53 217OFF
 45.9150   2.6913370014287204890.0070.005 63.50  51.33 40240-54 217OFF
-------------------------------------------------------[2024-09-18 04:58:13.330]

SOURCE: AIR
RX_ID: 991, Freq: 131.825MHz
Mode: 2 NACKLabel: H1 Block ID: 5, Msg No: F13A
Flight ID: AA0240 REG: N794AN


Message content:-
#M1BPOSN44252E005400,RET-19,050603,370,KOLON,051442,RAPUR,M46,05836,3550F18
-------------------------------------------------------[2024-09-18 05:06:05.183]

SOURCE: AIR
RX_ID: 992, Freq: 131.825MHz
Mode: 2 NACKLabel: 5U Block ID: 6, Msg No: M10A
Flight ID: AA0240 REG: N794AN


Message content:-
OS LIRF /WXRLIRF
-------------------------------------------------------[2024-09-18 05:09:06.213]

SOURCE: AIR
RX_ID: 993, Freq: 131.825MHz
Mode: 2 NACKLabel: H1 Block ID: 0, Msg No: D25A
Flight ID: AA0240 REG: N794AN


Message content:-
#DFBTRP KDFW LIRF 07  8 628   0  0 050102
 45.7193   3.1603370014280004930.0310.027 62.38  56.60 39520-54 217OFF
 45.4870   3.6032369944273204920.0450.036 66.00  61.52 38840-53 217OFF
 45.2580   4.0346370044
-------------------------------------------------------[2024-09-18 05:13:06.856]

SOURCE: AIR
RX_ID: 994, Freq: 131.825MHz
Mode: 2 NACKLabel: H1 Block ID: 1, Msg No: D25B
Flight ID: AA0240 REG: N794AN


Message content:-
#DFB266404920.0210.017 64.62  67.15 38120-49 217OFF
 45.0390   4.4744369994259204900.0140.008 64.12  60.47 37400-51 217OFF
 44.8156   4.9147369964252004900.0130.007 48.50  63.63 36680-48 217OFF
-------------------------------------------------------[2024-09-18 05:13:13.218]

SOURCE: AIR
RX_ID: 995, Freq: 131.825MHz
Mode: 2 NACKLabel: 16 Block ID: 3, Msg No: M12A
Flight ID: AA0240 REG: N794AN


Message content:-
POSA1N43626E  7175,RAPUR  ,051522,369,BTA    ,053057,,-44, 30, 333,851
-------------------------------------------------------[2024-09-18 05:16:07.519]

SOURCE: AIR
RX_ID: 996, Freq: 131.825MHz
Mode: 2 NACKLabel: H1 Block ID: 3, Msg No: F66A
Flight ID: NW0112 REG: N809NW


Message content:-
#M1BPOSN45068E006360,ROBEX,052511,391,LAPRI,052820,MOGBO,M49,06837,342/TS052511,180924247B
-------------------------------------------------------[2024-09-18 05:25:13.901]

SOURCE: AIR
RX_ID: 997, Freq: 131.825MHz
Mode: 2 NACKLabel: 1L Block ID: 9, Msg No: M77A
Flight ID: LH0501 REG: D-AIGL


Message content:-
00059209217P4(4TT4YY6206EK8VPP2Y)2LUYT 1 66H+DHBH737Y9+4U-U53
-------------------------------------------------------[2024-09-18 05:42:02.371]

SOURCE: AIR
RX_ID: 998, Freq: 131.725MHz
Mode: X NACKLabel: H1 Block ID: 8, Msg No: F20A
Flight ID: DL0028 REG: N832MH


Message content:-
#M2BPOSN44296E005044,NISAR,054553,340,XIRBI,054723,DOTIG,M50,06761,243,800A921
-------------------------------------------------------[2024-09-18 05:45:56.462]

SOURCE: AIR
RX_ID: 999, Freq: 131.725MHz
Mode: X NACKLabel: B9 Block ID: 9, Msg No: L16A
Flight ID: DL0028 REG: N832MH


Message content:-
/LFMN.TI2/024LFMNC6228
-------------------------------------------------------[2024-09-18 05:49:47.456]

SOURCE: AIR
RX_ID: 1000, Freq: 131.825MHz
Mode: 2 NACKLabel: H2 Block ID: 0, Msg No: M78A
Flight ID: LH0501 REG: D-AIGL


Message content:-
89Y,4KM6SJO4CC4KYJDWYYVVPPK0YHKJJUJ2BD+EWJOVA,NDDFF8VGYGU-5UEOE,:V:VPP7H7,41-JU(UY+SHHDDNG:V0PV4YY4K(UUJ+YY0:0U:0KPV0YK0JPPIIQKOWEDUMEVQ,V+K8VPP7H7,4JUJYYV8,NDDFF8VG,G1A5UU-W22V:8AA484ZG+7YKMY+1XIIHH2M,AO0ADKK7
-------------------------------------------------------[2024-09-18 05:50:13.495]

SOURCE: AIR
RX_ID: 1001, Freq: 131.825MHz
Mode: 2 NACKLabel: H2 Block ID: 1, Msg No: M78B
Flight ID: LH0501 REG: D-AIGL


Message content:-
K79UA+JJUJUI,AQVQ8K00JPPIIQ
-------------------------------------------------------[2024-09-18 05:50:43.190]

SOURCE: AIR
RX_ID: 1002, Freq: 131.825MHz
Mode: 2 NACKLabel: H1 Block ID: 8, Msg No: F73A
Flight ID: EK081W REG: A6-EWC


Message content:-
#M1BPOSN43333E006016,GANGU,055401,370,PADKO,055814,DIVKO,M43,10419,2837E00
-------------------------------------------------------[2024-09-18 05:54:04.080]

SOURCE: AIR
RX_ID: 1003, Freq: 131.725MHz
Mode: X NACKLabel: H1 Block ID: 3, Msg No: D73A
Flight ID: DL0028 REG: N832MH


Message content:-
#DFBENGINE BLEED REPORT

AID:N1808  DA:18/09    GMT:05:53    FNO:3783      ISFC: 3061
TAT: -17  SAT:-198   ALT: 19120   MACH:0596    FCNT: 2029
GW:313800  FLT:0028-1  MODE:DESC    SID:AK-67-223
S/N L:70495
-------------------------------------------------------[2024-09-18 05:54:09.603]

SOURCE: AIR
RX_ID: 1004, Freq: 131.725MHz
Mode: X NACKLabel: H1 Block ID: 4, Msg No: D73B
Flight ID: DL0028 REG: N832MH


Message content:-
#DFB2         DEPART:KJFK    DESTIN:LFMN
S/N R:707000

               ENG L     ENG R
HPSOV          OPN       OPN
PRV            OPN       OPN
PRSOV          OPN       OPN
FAV %            -394     -251
-------------------------------------------------------[2024-09-18 05:54:13.516]

SOURCE: AIR
RX_ID: 1005, Freq: 131.725MHz
Mode: X NACKLabel: H1 Block ID: 5, Msg No: D73C
Flight ID: DL0028 REG: N832MH


Message content:-
#DFB
N1 SPD          3852     3876
HI STG PRESS    4100     4050
INTERM PRESS1    2623     3173
INTERM PRESS2    3227     3519
STRUT OVHT     NRML      NRML
DUCT PRESS       2550     3113
P-COOL TEMP    
-------------------------------------------------------[2024-09-18 05:54:17.392]

SOURCE: AIR
RX_ID: 1006, Freq: 131.725MHz
Mode: X NACKLabel: H1 Block ID: 6, Msg No: D73D
Flight ID: DL0028 REG: N832MH


Message content:-
#DFB34300    34066
PACK HX TEMP    30878    30878
PACK FLOW       12375    10942
WING ANTI ICE  OFF
LT  ISO VLV    CLS
RT  ISO VLV    CLS
CTR ISO VLV    OPN

TRIGGER CODE   0000

STATUS WORDS  DW1  DW
-------------------------------------------------------[2024-09-18 05:54:20.683]

SOURCE: AIR
RX_ID: 1007, Freq: 131.725MHz
Mode: X NACKLabel: H1 Block ID: 7, Msg No: D73E
Flight ID: DL0028 REG: N832MH


Message content:-
#DFB2  DW3  DW4  DW5  DW6  DW7  DW8  EICAS
LEFT          0000 0001 0000 0000 0000 0000 1040 0000 0000
RIGHT         0000 0001 0000 0000 0000 0000 1040 0000 0000

-------------------------------------------------------[2024-09-18 05:54:23.943]

SOURCE: AIR
RX_ID: 1008, Freq: 131.725MHz
Mode: X NACKLabel: H1 Block ID: 8, Msg No: D74A
Flight ID: DL0028 REG: N832MH


Message content:-
#DFB239N1808 0028091824055449538 4381   597176 -1-16 61 24XX-223 23920
 257 33300321364400B8NXWKJFKLFMN
-------------------------------------------------------[2024-09-18 05:55:07.571]

SOURCE: AIR
RX_ID: 1009, Freq: 131.850MHz
Mode: 2 NACKLabel: B6 Block ID: 9, Msg No: F74A
Flight ID: EK081W REG: A6-EWC


Message content:-
/DXBEGEK.ADS.A6-EWC071EE4D01F484908354F9DB508
-------------------------------------------------------[2024-09-18 05:56:53.847]

SOURCE: AIR
RX_ID: 1010, Freq: 131.825MHz
Mode: 2 NACKLabel: B6 Block ID: 8, Msg No: F10A
Flight ID: EK9745 REG: A6-EFI


Message content:-
/DXBEGEK.ADS.A6-EFI071FC61026DD084D77941D438E
-------------------------------------------------------[2024-09-18 05:59:19.290]

SOURCE: AIR
RX_ID: 1011, Freq: 131.825MHz
Mode: 2 NACKLabel: H1 Block ID: 9, Msg No: O42A
Flight ID: EK9745 REG: A6-EFI


Message content:-
#10BSB0122BA_A6-EFI  HKJKEHBK830
 44754 0068300559 34001-500068046010YY,014019
-------------------------------------------------------[2024-09-18 06:00:04.753]

SOURCE: AIR
RX_ID: 1012, Freq: 131.725MHz
Mode: 2 NACKLabel: SA Block ID: 7, Msg No: S22A
Flight ID: GR0000 REG: FHRDG


Message content:-
0EV055456V/
-------------------------------------------------------[2024-09-18 06:05:51.487]

SOURCE: AIR
RX_ID: 1013, Freq: 131.725MHz
Mode: X NACKLabel: SA Block ID: 0, Msg No: S22A
Flight ID: GR0000 REG: FHRDG


Message content:-
0EV055456V/
-------------------------------------------------------[2024-09-18 06:06:23.228]

SOURCE: AIR
RX_ID: 1014, Freq: 131.725MHz
Mode: X NACKLabel: SA Block ID: 0, Msg No: S22A
Flight ID: GR0000 REG: FHRDG


Message content:-
0EV055456V/
-------------------------------------------------------[2024-09-18 06:06:47.183]

SOURCE: AIR
RX_ID: 1015, Freq: 131.725MHz
Mode: 2 NACKLabel: SA Block ID: 5, Msg No: S22A
Flight ID: GR0000 REG: FHRDG


Message content:-
0EV055456V/
-------------------------------------------------------[2024-09-18 06:08:24.870]

SOURCE: AIR
RX_ID: 1016, Freq: 131.725MHz
Mode: 2 NACKLabel: SA Block ID: 7, Msg No: S36A
Flight ID: GR0000 REG: FHRDG


Message content:-
0EV060857V/
-------------------------------------------------------[2024-09-18 06:08:58.257]

SOURCE: AIR
RX_ID: 1017, Freq: 131.825MHz
Mode: 2 ACK, A2GLabel: H1 Block ID: 1, Msg No: D25A
Flight ID: AA0720 REG: N770AN


Message content:-
#DFBTRP KCLT LIRF 07  8 807   4  0 062224
 45.6173   2.5899410024232404840.0130.008 49.13  56.25 39040-50 179OFF
 45.4841   3.0921410034226004760.0110.009 44.25  48.87 38400-51 179OFF
 45.3474   3.5954409984
-------------------------------------------------------[2024-09-18 06:34:32.630]

SOURCE: AIR
RX_ID: 1018, Freq: 131.825MHz
Mode: 2 NACKLabel: 5D Block ID: 2, Msg No: M90A
Flight ID: AA0720 REG: N770AN


Message content:-
LIRFA046
-------------------------------------------------------[2024-09-18 06:34:38.994]

SOURCE: AIR
RX_ID: 1019, Freq: 131.825MHz
Mode: 2 ACK, A2GLabel: H1 Block ID: 3, Msg No: D25B
Flight ID: AA0720 REG: N770AN


Message content:-
#DFB219204800.0080.007 43.75  46.05 37720-50 179OFF
 45.2077   4.0996410014212404790.0080.004 39.25  45.70 37040-50 179OFF
 45.0295   4.5803410024205604790.0100.008 33.25  45.70 36360-49 179OFF
-------------------------------------------------------[2024-09-18 06:34:46.343]

SOURCE: AIR
RX_ID: 1020, Freq: 131.725MHz
Mode: E NACKLabel: H1 Block ID: 7, Msg No: F20A
Flight ID: 4Y39ZO REG: D-AVZO


Message content:-
#M1B/TLSET7X TLSAC7X FANSH7X.PRG/DTLFBO,,126,093058,046/FNAIB39ZO/GATLSET7X.TLSAC7X.FANSH7X/CAFANSH7X/TS070701,18092489DF
-------------------------------------------------------[2024-09-18 07:07:02.964]

SOURCE: AIR
RX_ID: 1021, Freq: 131.725MHz
Mode: E NACKLabel: H1 Block ID: 8, Msg No: F21A
Flight ID: 4Y39ZO REG: D-AVZO


Message content:-
#M1B/TLSET7X TLSAC7X FANSH7X.PRG/DTLFBO,,125,093249,046/FNAIB39ZO/GATLSET7X.TLSAC7X.FANSH7X/CAFANSH7X/TS070801,180924AE22
-------------------------------------------------------[2024-09-18 07:08:03.379]

SOURCE: AIR
RX_ID: 1022, Freq: 131.725MHz
Mode: E NACKLabel: H1 Block ID: 9, Msg No: F22A
Flight ID: 4Y39ZO REG: D-AVZO


Message content:-
#M1B/TLSET7X TLSAC7X FANSH7X.PRG/DTLFBO,,115,093557,046/FNAIB39ZO/GATLSET7X.TLSAC7X.FANSH7X/CAFANSH7X/TS071103,1809249548
-------------------------------------------------------[2024-09-18 07:11:05.250]

SOURCE: AIR
RX_ID: 1023, Freq: 131.725MHz
Mode: E NACKLabel: H1 Block ID: 0, Msg No: F23A
Flight ID: 4Y39ZO REG: D-AVZO


Message content:-
#M1B/TLSET7X TLSAC7X FANSH7X.PRG/DTLFBO,,114,093800,046/FNAIB39ZO/GATLSET7X.TLSAC7X.FANSH7X/CAFANSH7X/TS071202,180924C95F
-------------------------------------------------------[2024-09-18 07:12:04.205]

SOURCE: AIR
RX_ID: 1024, Freq: 131.725MHz
Mode: E NACKLabel: H1 Block ID: 1, Msg No: F24A
Flight ID: 4Y39ZO REG: D-AVZO


Message content:-
#M1B/TLSET7X TLSAC7X FANSH7X.PRG/DTLFBO,,112,094005,046/FNAIB39ZO/GATLSET7X.TLSAC7X.FANSH7X/CAFANSH7X/TS071302,1809248B2F
-------------------------------------------------------[2024-09-18 07:13:04.439]

SOURCE: AIR
RX_ID: 1025, Freq: 131.725MHz
Mode: E NACKLabel: H1 Block ID: 1, Msg No: F24A
Flight ID: 4Y39ZO REG: D-AVZO


Message content:-
#M1B/TLSET7X TLSAC7X FANSH7X.PRG/DTLFBO,,112,094005,046/FNAIB39ZO/GATLSET7X.TLSAC7X.FANSH7X/CAFANSH7X/TS071302,1809248B2F
-------------------------------------------------------[2024-09-18 07:13:15.887]

SOURCE: AIR
RX_ID: 1026, Freq: 131.725MHz
Mode: E NACKLabel: 58 Block ID: 2, Msg No: M05A
Flight ID: 4Y39ZO REG: D-AVZO


Message content:-
4Y39ZO/18/071355/N43.404/E5.447/38978/N/
-------------------------------------------------------[2024-09-18 07:13:56.042]

SOURCE: AIR
RX_ID: 1027, Freq: 131.725MHz
Mode: E NACKLabel: H1 Block ID: 3, Msg No: F25A
Flight ID: 4Y39ZO REG: D-AVZO


Message content:-
#M1B/TLSET7X TLSAC7X FANSH7X.PRG/DTLFBO,,110,094233,046/FNAIB39ZO/GATLSET7X.TLSAC7X.FANSH7X/CAFANSH7X/TS071433,18092428BA
-------------------------------------------------------[2024-09-18 07:14:34.551]

SOURCE: AIR
RX_ID: 1028, Freq: 131.725MHz
Mode: E NACKLabel: H1 Block ID: 5, Msg No: F26A
Flight ID: 4Y39ZO REG: D-AVZO


Message content:-
#M1B/TLSET7X TLSAC7X FANSH7X.RESREQ/AK,115/GATLSET7X.TLSAC7X.FANSH7X/CAFANSH7X/TS071500,180924D3FD
-------------------------------------------------------[2024-09-18 07:15:01.580]

SOURCE: AIR
RX_ID: 1029, Freq: 131.725MHz
Mode: E ACK, A2GLabel: H1 Block ID: 5, Msg No: F26A
Flight ID: 4Y39ZO REG: D-AVZO


Message content:-
#M1B/TLSET7X TLSAC7X FANSH7X.RESREQ/AK,115/GATLSET7X.TLSAC7X.FANSH7X/CAFANSH7X/TS071500,180924D3FD
-------------------------------------------------------[2024-09-18 07:15:03.625]

SOURCE: AIR
RX_ID: 1030, Freq: 131.725MHz
Mode: E NACKLabel: H1 Block ID: 6, Msg No: F27A
Flight ID: 4Y39ZO REG: D-AVZO


Message content:-
#M1B/TLSET7X TLSAC7X FANSH7X.FPN/FNAIB39ZO/RP:DA:LFBO:AA:LFBO:R:14R:D:LACO7A..LERMA,N43100E007044.N86.PIGOS..PIGOS,N43373E007223.Y15.ANAKI..ANAKI,N44121E008435.P860.TOP..EVANO,N45202E008456.N736.PIGOS..PIGOS,N4
-------------------------------------------------------[2024-09-18 07:15:07.100]

SOURCE: AIR
RX_ID: 1031, Freq: 131.725MHz
Mode: E NACKLabel: H1 Block ID: 7, Msg No: F27B
Flight ID: 4Y39ZO REG: D-AVZO


Message content:-
#M1B3373E007223.N86.LERMA..LERMA,N43100E007044.A3.RUBIT..RUBIT,N43133E006247.G7.MTG..MTG,N43232E005052.Y25.FJR..FJR,N43347E003585.G393.AFRIC/GATLSET7X.TLSAC7X.FANSH7X/CAFANSH7X/TS071501,1809248484
-------------------------------------------------------[2024-09-18 07:15:10.577]

SOURCE: AIR
RX_ID: 1032, Freq: 131.725MHz
Mode: E NACKLabel: H1 Block ID: 8, Msg No: F28A
Flight ID: 4Y39ZO REG: D-AVZO


Message content:-
#M1B/TLSET7X TLSAC7X FANSH7X.RESREQ/AK,115/GATLSET7X.TLSAC7X.FANSH7X/CAFANSH7X/TS071503,180924DE55
-------------------------------------------------------[2024-09-18 07:15:13.867]

SOURCE: AIR
RX_ID: 1033, Freq: 131.725MHz
Mode: E NACKLabel: H1 Block ID: 9, Msg No: F29A
Flight ID: 4Y39ZO REG: D-AVZO


Message content:-
#M1B/TLSET7X TLSAC7X FANSH7X.POSN43225E005386,D142H,071504,390,LERMA,082039,ADUDU,M48,04814,218/GATLSET7X.TLSAC7X.FANSH7X/CAFANSH7X/TS071504,1809248DB9
-------------------------------------------------------[2024-09-18 07:15:16.940]

SOURCE: AIR
RX_ID: 1034, Freq: 131.725MHz
Mode: E NACKLabel: H2 Block ID: 0, Msg No: M06A
Flight ID: 4Y39ZO REG: D-AVZO


Message content:-
A06

N0LFBOLFBO
7 156069  2081114949533894-475 41 13XE500B8NXW
-------------------------------------------------------[2024-09-18 07:15:54.204]

SOURCE: AIR
RX_ID: 1035, Freq: 131.725MHz
Mode: E NACKLabel: H1 Block ID: 1, Msg No: F30A
Flight ID: 4Y39ZO REG: D-AVZO


Message content:-
#M1B/TLSET7X TLSAC7X FANSH7X.PRG/DTLFBO,,107,094530,046/FNAIB39ZO/GATLSET7X.TLSAC7X.FANSH7X/CAFANSH7X/TS071603,180924167B
-------------------------------------------------------[2024-09-18 07:16:05.284]

SOURCE: AIR
RX_ID: 1036, Freq: 131.725MHz
Mode: E NACKLabel: H1 Block ID: 2, Msg No: F31A
Flight ID: 4Y39ZO REG: D-AVZO


Message content:-
#M1B/TLSET7X TLSAC7X FANSH7X.PRG/DTLFBO,,105,094835,046/FNAIB39ZO/GATLSET7X.TLSAC7X.FANSH7X/CAFANSH7X/TS071733,180924BC6B
-------------------------------------------------------[2024-09-18 07:17:35.179]

SOURCE: AIR
RX_ID: 1037, Freq: 131.725MHz
Mode: E NACKLabel: H1 Block ID: 3, Msg No: F32A
Flight ID: 4Y39ZO REG: D-AVZO


Message content:-
#M1B/TLSET7X TLSAC7X FANSH7X.PRG/DTLFBO,,102,095114,046/FNAIB39ZO/GATLSET7X.TLSAC7X.FANSH7X/CAFANSH7X/TS071903,1809244A28
-------------------------------------------------------[2024-09-18 07:19:05.289]

SOURCE: AIR
RX_ID: 1038, Freq: 131.725MHz
Mode: X NACKLabel: 16 Block ID: 4, Msg No: M37A
Flight ID: TS0402 REG: C-GUBC


Message content:-
073030,38997,0832, 256,N 45.244,E  6.229
-------------------------------------------------------[2024-09-18 07:30:39.201]

SOURCE: AIR
RX_ID: 1039, Freq: 131.725MHz
Mode: 2 NACKLabel: 20 Block ID: 8, Msg No: M08A
Flight ID: ZD0000 REG: OEGBD


Message content:-
POSN44363E004537,,075217,299,LUXAN,075828,,N46,34326,35,423
-------------------------------------------------------[2024-09-18 07:52:29.715]

SOURCE: AIR
RX_ID: 1040, Freq: 131.525MHz
Mode: T NACKLabel: 2F Block ID: 4, Msg No: M36A
Flight ID: AF7302 REG: F-GMZA


Message content:-
0800+4452+502/3452
-------------------------------------------------------[2024-09-18 08:00:46.585]

SOURCE: AIR
RX_ID: 1041, Freq: 131.725MHz
Mode: G NACKLabel: H2 Block ID: 0, Msg No: M14A
Flight ID: 4Y39ZO REG: D-AVZO


Message content:-
A06

N0LFBOLFBO
7 156744  2647014976533484-452 82 26XE500ZOGMY
-------------------------------------------------------[2024-09-18 08:01:02.569]

SOURCE: AIR
RX_ID: 1042, Freq: 131.825MHz
Mode: 2 NACKLabel: 16 Block ID: 5, Msg No: M47A
Flight ID: XRCXI3 REG: 9H-TJD


Message content:-
080110,,0900, 110,N 43.923 E  5.285
-------------------------------------------------------[2024-09-18 08:01:12.591]

SOURCE: AIR
RX_ID: 1043, Freq: 131.725MHz
Mode: G NACKLabel: H1 Block ID: 1, Msg No: F74A
Flight ID: 4Y39ZO REG: D-AVZO


Message content:-
#M1B/TLSET7X TLSAC7X FANSH7X.PRG/DTLFBO,14R,M7,122230,046/FNAIB39ZO/GATLSET7X.TLSAC7X.FANSH7X/CAFANSH7X/TS080148,180924FDEA
-------------------------------------------------------[2024-09-18 08:01:49.856]

SOURCE: AIR
RX_ID: 1044, Freq: 131.525MHz
Mode: T NACKLabel: 2Z Block ID: 5, Msg No: M37A
Flight ID: AF7302 REG: F-GMZA


Message content:-
LFMN
-------------------------------------------------------[2024-09-18 08:02:10.556]

SOURCE: AIR
RX_ID: 1045, Freq: 131.850MHz
Mode: 2 NACKLabel: H1 Block ID: 6, Msg No: F87A
Flight ID: XRCXI3 REG: 9H-TJD


Message content:-
#M1BPRG/FNCXI31FQ/DTLEPA,06L,82,084933,2E6F4B
-------------------------------------------------------[2024-09-18 08:03:08.265]

SOURCE: AIR
RX_ID: 1046, Freq: 131.825MHz
Mode: 2 NACKLabel: H1 Block ID: 7, Msg No: F88A
Flight ID: XRCXI3 REG: 9H-TJD


Message content:-
#M1BPRG/FNCXI31FQ/DTLEPA,06L,82,084933,304098
-------------------------------------------------------[2024-09-18 08:03:25.088]

SOURCE: AIR
RX_ID: 1047, Freq: 131.725MHz
Mode: G NACKLabel: H1 Block ID: 2, Msg No: F75A
Flight ID: 4Y39ZO REG: D-AVZO


Message content:-
#M1B/TLSET7X TLSAC7X FANSH7X.PRG/DTLFBO,14R,M6,122000,046/FNAIB39ZO/GATLSET7X.TLSAC7X.FANSH7X/CAFANSH7X/TS080349,180924E385
-------------------------------------------------------[2024-09-18 08:03:51.310]

SOURCE: AIR
RX_ID: 1048, Freq: 131.725MHz
Mode: G NACKLabel: H1 Block ID: 3, Msg No: F76A
Flight ID: 4Y39ZO REG: D-AVZO


Message content:-
#M1B/TLSET7X TLSAC7X FANSH7X.PRG/DTLFBO,14R,M7,121555,046/FNAIB39ZO/GATLSET7X.TLSAC7X.FANSH7X/CAFANSH7X/TS080419,1809242750
-------------------------------------------------------[2024-09-18 08:04:20.787]

SOURCE: AIR
RX_ID: 1049, Freq: 131.825MHz
Mode: 2 NACKLabel: B9 Block ID: 8, Msg No: M48A
Flight ID: XRCXI3 REG: 9H-TJD


Message content:-
/EDDV.TI2/024EDDVA1335
-------------------------------------------------------[2024-09-18 08:07:39.045]

SOURCE: AIR
RX_ID: 1050, Freq: 131.825MHz
Mode: 2 NACKLabel: B9 Block ID: 9, Msg No: M49A
Flight ID: XRCXI3 REG: 9H-TJD


Message content:-
/LEPA.TI2/024LEPAAC8BA
-------------------------------------------------------[2024-09-18 08:08:17.335]

SOURCE: AIR
RX_ID: 1051, Freq: 131.725MHz
Mode: G NACKLabel: H1 Block ID: 5, Msg No: F78A
Flight ID: 4Y39ZO REG: D-AVZO


Message content:-
#M1B/TLSET7X TLSAC7X FANSH7X.PRG/DTLFBO,14R,M4,121121,046/FNAIB39ZO/GATLSET7X.TLSAC7X.FANSH7X/CAFANSH7X/TS080820,1809247FB7
-------------------------------------------------------[2024-09-18 08:08:22.670]

SOURCE: AIR
RX_ID: 1052, Freq: 131.725MHz
Mode: G ACK, A2GLabel: H1 Block ID: 5, Msg No: F78A
Flight ID: 4Y39ZO REG: D-AVZO


Message content:-
#M1B/TLSET7X TLSAC7X FANSH7X.PRG/DTLFBO,14R,M4,121121,046/FNAIB39ZO/GATLSET7X.TLSAC7X.FANSH7X/CAFANSH7X/TS080820,1809247FB7
-------------------------------------------------------[2024-09-18 08:08:23.475]

SOURCE: AIR
RX_ID: 1053, Freq: 131.725MHz
Mode: G NACKLabel: H1 Block ID: 6, Msg No: F79A
Flight ID: 4Y39ZO REG: D-AVZO


Message content:-
#M1B/TLSET7X TLSAC7X FANSH7X.RESREQ/AK,115/GATLSET7X.TLSAC7X.FANSH7X/CAFANSH7X/TS080821,180924F0DE
-------------------------------------------------------[2024-09-18 08:08:26.547]

SOURCE: AIR
RX_ID: 1054, Freq: 131.725MHz
Mode: G NACKLabel: H1 Block ID: 7, Msg No: F80A
Flight ID: 4Y39ZO REG: D-AVZO


Message content:-
#M1B/TLSET7X TLSAC7X FANSH7X.POSN43338E006033,D142H,080822,390,LERMA,094614,ADUDU,M47,07114,174/GATLSET7X.TLSAC7X.FANSH7X/CAFANSH7X/TS080822,180924D49A
-------------------------------------------------------[2024-09-18 08:08:29.839]

SOURCE: AIR
RX_ID: 1055, Freq: 131.525MHz
Mode: T NACKLabel: 26 Block ID: 7, Msg No: M38A
Flight ID: AF7302 REG: F-GMZA


Message content:-
0810LFPGAF7302/180825LFMN04L
-------------------------------------------------------[2024-09-18 08:10:04.051]

SOURCE: AIR
RX_ID: 1056, Freq: 131.725MHz
Mode: G NACKLabel: H1 Block ID: 8, Msg No: F81A
Flight ID: 4Y39ZO REG: D-AVZO


Message content:-
#M1B/TLSET7X TLSAC7X FANSH7X.PRG/DTLFBO,14R,M3,120922,046/FNAIB39ZO/GATLSET7X.TLSAC7X.FANSH7X/CAFANSH7X/TS081051,1809244A25
-------------------------------------------------------[2024-09-18 08:10:53.610]

SOURCE: AIR
RX_ID: 1057, Freq: 131.525MHz
Mode: T NACKLabel: B9 Block ID: 8, Msg No: L11A
Flight ID: AF7302 REG: F-GMZA


Message content:-
/LFMN.TI2/064LFMNA83AC
-------------------------------------------------------[2024-09-18 08:11:07.537]

SOURCE: AIR
RX_ID: 1058, Freq: 131.725MHz
Mode: G NACKLabel: H1 Block ID: 9, Msg No: F82A
Flight ID: 4Y39ZO REG: D-AVZO


Message content:-
#M1B/TLSET7X TLSAC7X FANSH7X.PRG/DTLFBO,14R,156,084221,046/FNAIB39ZO/GATLSET7X.TLSAC7X.FANSH7X/CAFANSH7X/TS081323,1809242E9F
-------------------------------------------------------[2024-09-18 08:13:25.156]

SOURCE: AIR
RX_ID: 1059, Freq: 131.725MHz
Mode: G NACKLabel: 58 Block ID: 0, Msg No: M15A
Flight ID: 4Y39ZO REG: D-AVZO


Message content:-
4Y39ZO/18/081355/N43.480/E5.048/38958/N/
-------------------------------------------------------[2024-09-18 08:13:56.279]

SOURCE: AIR
RX_ID: 1060, Freq: 131.525MHz
Mode: T NACKLabel: 2F Block ID: 2, Msg No: M39A
Flight ID: AF7302 REG: F-GMZA


Message content:-
0815+4346+651/1348
-------------------------------------------------------[2024-09-18 08:15:46.873]

SOURCE: AIR
RX_ID: 1061, Freq: 131.725MHz
Mode: G NACKLabel: H2 Block ID: 1, Msg No: M16A
Flight ID: 4Y39ZO REG: D-AVZO


Message content:-
A06

N0LFBOLFBO
7 156475  1689214985533896-490 56 18XE510B8YY(
-------------------------------------------------------[2024-09-18 08:15:54.043]

SOURCE: AIR
RX_ID: 1062, Freq: 131.725MHz
Mode: G NACKLabel: H2 Block ID: 1, Msg No: M16A
Flight ID: 4Y39ZO REG: D-AVZO


Message content:-
A06

N0LFBOLFBO
7 156475  1689214985533896-490 56 18XE510B8YY(
-------------------------------------------------------[2024-09-18 08:16:03.478]

SOURCE: AIR
RX_ID: 1063, Freq: 131.725MHz
Mode: G NACKLabel: H1 Block ID: 3, Msg No: F83A
Flight ID: 4Y39ZO REG: D-AVZO


Message content:-
#M1B/TLSET7X TLSAC7X FANSH7X.RESREQ/AK,115/GATLSET7X.TLSAC7X.FANSH7X/CAFANSH7X/TS081821,180924E98B
-------------------------------------------------------[2024-09-18 08:18:23.365]

SOURCE: AIR
RX_ID: 1064, Freq: 131.725MHz
Mode: G NACKLabel: H1 Block ID: 4, Msg No: F84A
Flight ID: 4Y39ZO REG: D-AVZO


Message content:-
#M1B/TLSET7X TLSAC7X FANSH7X.POSN43270E004142,D142H,081822,390,AFRIC,082617,,M48,03619,165/GATLSET7X.TLSAC7X.FANSH7X/CAFANSH7X/TS081822,180924B14E
-------------------------------------------------------[2024-09-18 08:18:26.439]

SOURCE: AIR
RX_ID: 1065, Freq: 131.725MHz
Mode: G NACKLabel: 83 Block ID: 8, Msg No: M11A
Flight ID: GS0001 REG: 3AMSR


Message content:-
001PR18081946N4323.3E00513.3215394    
-------------------------------------------------------[2024-09-18 08:19:49.566]

SOURCE: AIR
RX_ID: 1066, Freq: 131.725MHz
Mode: 2 NACKLabel: H1 Block ID: 6, Msg No: F37A
Flight ID: XA0000 REG: OK1


Message content:-
#M1B/.RESREQ/AK,115/TS090122,180924
-------------------------------------------------------[2024-09-18 09:01:24.057]

SOURCE: AIR
RX_ID: 1067, Freq: 131.725MHz
Mode: 2 NACKLabel: H1 Block ID: 8, Msg No: F39A
Flight ID: XA0000 REG: OK1


Message content:-
#M1B/B0 ARDC.AFN/FMHF707,....OK1,,090134/FPON43265E004009,1/FCOADS,01/FCOATC,01C779
-------------------------------------------------------[2024-09-18 09:01:35.943]

SOURCE: AIR
RX_ID: 1068, Freq: 131.825MHz
Mode: 2 NACKLabel: H1 Block ID: 8, Msg No: F22A
Flight ID: AA0239 REG: N794AN


Message content:-
#M1BRESPWI/AC,91ECA8
-------------------------------------------------------[2024-09-18 09:10:41.554]

SOURCE: AIR
RX_ID: 1069, Freq: 131.825MHz
Mode: 2 NACKLabel: H1 Block ID: 8, Msg No: F22A
Flight ID: AA0239 REG: N794AN


Message content:-
#M1BRESPWI/AC,91ECA8
-------------------------------------------------------[2024-09-18 09:11:01.819]

SOURCE: AIR
RX_ID: 1070, Freq: 131.825MHz
Mode: 2 NACKLabel: 5Z Block ID: 9, Msg No: M31A
Flight ID: AA0239 REG: N794AN


Message content:-
OS KDFW /FTM
S/SEPAL/1033/83/34
-------------------------------------------------------[2024-09-18 09:13:30.294]

SOURCE: AIR
RX_ID: 1071, Freq: 131.825MHz
Mode: 2 NACKLabel: H1 Block ID: 2, Msg No: D46A
Flight ID: AA0239 REG: N794AN


Message content:-
#DFBTRP LIRF KDFW 07  0 408   1  0 091549
 44.0854   6.5741320016016804820.0970.061 57.13  76.29191080-50 274OFF
0.02362 1.201 0.783 0.050-0.068 0302 32 11
-------------------------------------------------------[2024-09-18 09:16:50.600]

SOURCE: AIR
RX_ID: 1072, Freq: 131.825MHz
Mode: 2 NACKLabel: H1 Block ID: 3, Msg No: D47A
Flight ID: AA0239 REG: N794AN


Message content:-
#DFBTRP LIRF KDFW 07  8 634   0  0 090517
 42.6599  10.2770272236094004710.0090.005 23.75 156.09198800-41 341OFF
 42.9773   9.9205279986084004740.0280.020 20.37 117.77197800-43 329OFF
 43.1917   9.4644285466
-------------------------------------------------------[2024-09-18 09:17:20.915]

SOURCE: AIR
RX_ID: 1073, Freq: 131.725MHz
Mode: X NACKLabel: 5Z Block ID: 6, Msg No: M73A
Flight ID: UA0965 REG: N673UA


Message content:-
/C4 DISP MSG       / LIRN KEWR 18 091937
MOSTLY SMTH SO FAR A
LITTLE LGHT TURB ON 
CLIMB OUT DODGING THE
WX BUT OTHER THAN THAT
NOT BAD
-------------------------------------------------------[2024-09-18 09:19:39.343]

SOURCE: AIR
RX_ID: 1074, Freq: 131.825MHz
Mode: 2 NACKLabel: B2 Block ID: 8, Msg No: M32B
Flight ID: AA0239 REG: N794AN


Message content:-
 MESSAGE
-------------------------------------------------------[2024-09-18 09:20:40.595]

SOURCE: AIR
RX_ID: 1075, Freq: 131.725MHz
Mode: E NACKLabel: H1 Block ID: 4, Msg No: D89A
Flight ID: DL0025 REG: N832MH


Message content:-
#DFB239N1808 0025091824092132804 4485   500319-18-48 68 60XX-223114400
 293 512008429883103020)LFMNKATL
-------------------------------------------------------[2024-09-18 09:21:51.035]

SOURCE: AIR
RX_ID: 1076, Freq: 131.725MHz
Mode: E NACKLabel: 24 Block ID: 5, Msg No: M47A
Flight ID: DL0025 REG: N832MH


Message content:-
180924 LFMN KATL6
-------------------------------------------------------[2024-09-18 09:23:02.312]

SOURCE: AIR
RX_ID: 1077, Freq: 131.725MHz
Mode: E NACKLabel: 24 Block ID: 6, Msg No: M48A
Flight ID: DL0025 REG: N832MH


Message content:-
180924 LFMN KATL6
-------------------------------------------------------[2024-09-18 09:23:13.359]

SOURCE: AIR
RX_ID: 1078, Freq: 131.725MHz
Mode: 2 NACKLabel: H1 Block ID: 3, Msg No: F57A
Flight ID: ZD0000 REG: N954JJ


Message content:-
#M1B/.POS/TS092702,180924N44527E004355,,092702,400,NEDRU,093402,RILIP,M52,04132,181,830FCC4
-------------------------------------------------------[2024-09-18 09:27:07.859]

SOURCE: AIR
RX_ID: 1079, Freq: 131.825MHz
Mode: 2 NACKLabel: H1 Block ID: 0, Msg No: F23A
Flight ID: AA0239 REG: N794AN


Message content:-
#M1BPRG/DTKDFW,,0,263610,046/FNAAL23909D2
-------------------------------------------------------[2024-09-18 09:27:45.974]

SOURCE: AIR
RX_ID: 1080, Freq: 131.825MHz
Mode: 2 NACKLabel: H1 Block ID: 2, Msg No: F24A
Flight ID: AA0239 REG: N794AN


Message content:-
#M1BPOSN45117E004161,DOBIM,093004,320,LERGA,093237,CNA,M47,06558,18676B79
-------------------------------------------------------[2024-09-18 09:30:06.657]

SOURCE: AIR
RX_ID: 1081, Freq: 131.825MHz
Mode: 2 NACKLabel: H1 Block ID: 2, Msg No: D11A
Flight ID: NW0207 REG: N809NW


Message content:-
#DFB239022700301010098091
R39/A33039,1,1
239N809NW207 091824094710851 4427   666331-17-49 66 44AG0514128840 299 510 00330641002H9B(LIRFKDTW
-------------------------------------------------------[2024-09-18 09:47:23.174]

SOURCE: AIR
RX_ID: 1082, Freq: 131.825MHz
Mode: 2 NACKLabel: H1 Block ID: 5, Msg No: D13A
Flight ID: NW0207 REG: N809NW


Message content:-
#DFB286022700201010301064
R86/A33086,1,1
/WX02EN18LIRFKDTW
N44422E00634309493401M5300650540XXXX20::J805Z
N44497E00618109503399M5150590550XXXX20::B07GX
N44572E00601809513399M5000540560XXXX20::B09B(
N44646E
-------------------------------------------------------[2024-09-18 09:54:24.844]

SOURCE: AIR
RX_ID: 1083, Freq: 131.825MHz
Mode: 2 NACKLabel: H1 Block ID: 6, Msg No: D13B
Flight ID: NW0207 REG: N809NW


Message content:-
#DFB00564609523400M5000600610XXXX20::B8W/X
N44720E00572009533400M4900620680XXXX20::B8W/X
N44795E00579509543399M4970600680XXXX2000B0/9W

-------------------------------------------------------[2024-09-18 09:54:31.208]

SOURCE: AIR
RX_ID: 1084, Freq: 131.725MHz
Mode: X NACKLabel: 5U Block ID: 7, Msg No: M55A
Flight ID: UX1502 REG: EC-NVJ


Message content:-
LFLL LFBO  ZAZ  VLC-SA
-------------------------------------------------------[2024-09-18 10:01:26.961]

SOURCE: AIR
RX_ID: 1085, Freq: 131.725MHz
Mode: E NACKLabel: B9 Block ID: 2, Msg No: L10A
Flight ID: DL0024 REG: N827MH


Message content:-
/LFMN.TI2/024LFMNC6228
-------------------------------------------------------[2024-09-18 10:39:18.811]

SOURCE: AIR
RX_ID: 1086, Freq: 131.825MHz
Mode: 2 NACKLabel: 44 Block ID: 6, Msg No: M54A
Flight ID: GS0000 REG: DAERO


Message content:-
06cE5gC7M99C `Lgg) fC7C`g7a5A<7aLso7g`.:7.g9 7..)97ggf,9
-------------------------------------------------------[2024-09-18 10:42:50.596]

SOURCE: AIR
RX_ID: 1087, Freq: 131.825MHz
Mode: 2 NACKLabel: B9 Block ID: 7, Msg No: M55A
Flight ID: GS0000 REG: DAERO


Message content:-
/LEIB.TI2/024LEIBA401B
-------------------------------------------------------[2024-09-18 10:46:39.755]

SOURCE: AIR
RX_ID: 1088, Freq: 131.825MHz
Mode: 2 NACKLabel: 44 Block ID: 1, Msg No: M59A
Flight ID: GS0000 REG: DAERO


Message content:-
09|\L46c+N6BB1G44B4,Zc6Z4c-Ln%c-GrPc4Z81c84Nsc88BNc44,5h
-------------------------------------------------------[2024-09-18 10:47:50.631]

SOURCE: AIR
RX_ID: 1089, Freq: 131.725MHz
Mode: E NACKLabel: H1 Block ID: 6, Msg No: D38A
Flight ID: DL0024 REG: N827MH


Message content:-
#DFBENGINE BLEED REPORT

AID:N1803  DA:18/09    GMT:10:48    FNO: 634      ISFC: 2891
TAT:  53  SAT:-193   ALT: 19328   MACH:0696    FCNT:  211
GW:311360  FLT:0024-1  MODE:DESC    SID:AK-67-223
S/N L:70623
-------------------------------------------------------[2024-09-18 10:48:40.403]

SOURCE: AIR
RX_ID: 1090, Freq: 131.725MHz
Mode: E NACKLabel: H1 Block ID: 7, Msg No: D38B
Flight ID: DL0024 REG: N827MH


Message content:-
#DFB9         DEPART:KATL    DESTIN:LFMN
S/N R:706150

               ENG L     ENG R
HPSOV          OPN       OPN
PRV            OPN       OPN
PRSOV          OPN       OPN
FAV %            2229     2131
-------------------------------------------------------[2024-09-18 10:48:43.662]

SOURCE: AIR
RX_ID: 1091, Freq: 131.725MHz
Mode: E NACKLabel: H1 Block ID: 8, Msg No: D38C
Flight ID: DL0024 REG: N827MH


Message content:-
#DFB
N1 SPD          6675     6673
HI STG PRESS   10650    10350
INTERM PRESS1    4517     4716
INTERM PRESS2    4656     4628
STRUT OVHT     NRML      NRML
DUCT PRESS       4238     4350
P-COOL TEMP    
-------------------------------------------------------[2024-09-18 10:48:47.574]

SOURCE: AIR
RX_ID: 1092, Freq: 131.725MHz
Mode: E NACKLabel: H1 Block ID: 0, Msg No: D38E
Flight ID: DL0024 REG: N827MH


Message content:-
#DFB2  DW3  DW4  DW5  DW6  DW7  DW8  EICAS
LEFT          0000 0001 0000 0000 0000 0000 1040 8000 0000
RIGHT         0000 0001 0000 0000 0000 0000 1040 8000 8000

-------------------------------------------------------[2024-09-18 10:48:54.302]

SOURCE: AIR
RX_ID: 1093, Freq: 131.825MHz
Mode: 2 NACKLabel: 44 Block ID: 2, Msg No: M60A
Flight ID: GS0000 REG: DAERO


Message content:-
08,suL}Zq`}Yte=LL``vKZ}tLZPuAfZP=|0ZLtYcZYLveZYYv}ZLLa[L
-------------------------------------------------------[2024-09-18 10:52:50.672]

SOURCE: AIR
RX_ID: 1094, Freq: 131.725MHz
Mode: G NACKLabel: H1 Block ID: 0, Msg No: D03A
Flight ID: SN039G REG: OO-SFD


Message content:-
#DFB001071500101010734062
R01/A33001,1,1
C1,.OO-SFD,24SEP18,11.01.14,EBBR,FKKD,BEL39G    ,4000,488
C2,004,06.0,000000,D1333RR06C02BEL,000,052,052
C3,-20.2,37018,0.797,111,1.05,111,10,0,01,111,1.05,X
C4,-19
-------------------------------------------------------[2024-09-18 11:01:39.705]

SOURCE: AIR
RX_ID: 1095, Freq: 131.725MHz
Mode: G NACKLabel: H1 Block ID: 1, Msg No: D03B
Flight ID: SN039G REG: OO-SFD


Message content:-
#DFB.9,37009,0.801,111
C5,041029,75269,22703,26427,00443,10016,00000,00402,16066,---
C6,042040,03628,02110,00771,00443,10015,00000,00402,36066
N1,1.497,1.498,080.64,087.9,089.1,0663,07.220,03074,08.32
N2,1.
-------------------------------------------------------[2024-09-18 11:01:43.179]

SOURCE: AIR
RX_ID: 1096, Freq: 131.725MHz
Mode: G NACKLabel: H1 Block ID: 3, Msg No: D03D
Flight ID: SN039G REG: OO-SFD


Message content:-
#DFB47.2,0.12,0.06,0.06,291,0.19,011.6
T2,077,094,107.0,001.4,046.9,0.14,0.07,0.13,067,0.24,011.3
V1,0424,0373
V2,0426,0355
NO STABLE FRAME CONDITION   :

-------------------------------------------------------[2024-09-18 11:01:50.129]

SOURCE: AIR
RX_ID: 1097, Freq: 131.725MHz
Mode: G NACKLabel: 16 Block ID: 4, Msg No: M18A
Flight ID: SN039G REG: OO-SFD


Message content:-
18SEP24,1107,N 44.220,E  5.959,36999,1626,90080
-------------------------------------------------------[2024-09-18 11:07:26.641]

SOURCE: AIR
RX_ID: 1098, Freq: 131.725MHz
Mode: G NACKLabel: 16 Block ID: 4, Msg No: M50A
Flight ID: XSMBU6 REG: 2-BBMB


Message content:-
111907,,1436, 256,N 45.102 E  3.372
-------------------------------------------------------[2024-09-18 11:19:08.315]

SOURCE: AIR
RX_ID: 1099, Freq: 131.725MHz
Mode: X NACKLabel: 16 Block ID: 7, Msg No: M55A
Flight ID: TS0403 REG: C-GUBC


Message content:-
113042,38000,1853, 964,N 45.220,E  6.066
-------------------------------------------------------[2024-09-18 11:31:00.419]

SOURCE: AIR
RX_ID: 1100, Freq: 131.850MHz
Mode: 2 NACKLabel: 16 Block ID: 0, Msg No: M85A
Flight ID: FRRYR3 REG: 9H-QDZ


Message content:-
114511,,1246, 111,N   .    MMMM.MMM
-------------------------------------------------------[2024-09-18 11:45:13.453]

SOURCE: AIR
RX_ID: 1101, Freq: 131.725MHz
Mode: 2 NACKLabel: B9 Block ID: 3, Msg No: M81A
Flight ID: GS0112 REG: OK-OSK


Message content:-
/LEMG.TI2/024LEMGA632E
-------------------------------------------------------[2024-09-18 11:45:53.827]

SOURCE: AIR
RX_ID: 1102, Freq: 131.725MHz
Mode: 2 NACKLabel: 44 Block ID: 6, Msg No: M84A
Flight ID: GS0112 REG: OK-OSK


Message content:-
00TOC03,N43307E004499,402,LSGS,LEMG,0918,1146,1309,006.2
-------------------------------------------------------[2024-09-18 11:46:45.432]

SOURCE: AIR
RX_ID: 1103, Freq: 131.725MHz
Mode: 2 NACKLabel: 44 Block ID: 7, Msg No: M85A
Flight ID: GS0112 REG: OK-OSK


Message content:-
00POS03,N43212E004421,410,LSGS,LEMG,0918,1148,1309,006.1
-------------------------------------------------------[2024-09-18 11:48:14.540]

SOURCE: AIR
RX_ID: 1104, Freq: 131.725MHz
Mode: X NACKLabel: 16 Block ID: 4, Msg No: M84A
Flight ID: QR057G REG: A7-BAC


Message content:-
PADKO  ,N 43.390,E   5.822,33000,0472,1242,024\TS115558,180924
-------------------------------------------------------[2024-09-18 11:56:01.567]

SOURCE: AIR
RX_ID: 1105, Freq: 131.725MHz
Mode: X NACKLabel: 16 Block ID: 5, Msg No: M85A
Flight ID: QR057G REG: A7-BAC


Message content:-
PADKO  ,N 43.377,E   5.784,33001,0475,1242,024\TS115611,180924
-------------------------------------------------------[2024-09-18 11:56:14.077]

SOURCE: AIR
RX_ID: 1106, Freq: 131.725MHz
Mode: X NACKLabel: SA Block ID: 6, Msg No: S87A
Flight ID: QR057G REG: A7-BAC


Message content:-
0LS115633V
-------------------------------------------------------[2024-09-18 11:56:35.178]

SOURCE: AIR
RX_ID: 1107, Freq: 131.825MHz
Mode: 2 NACKLabel: 15 Block ID: 8, Msg No: M58A
Flight ID: BA0082 REG: G-VIIE


Message content:-
FST01DNAAEGLLN432244E0051721400 132 304 M45C 1302834834848611600013191156
-------------------------------------------------------[2024-09-18 11:56:59.543]

SOURCE: AIR
RX_ID: 1108, Freq: 131.725MHz
Mode: X NACKLabel: H1 Block ID: 7, Msg No: F13A
Flight ID: QR057G REG: A7-BAC


Message content:-
#M1BPRG/TS115718,180924/DTLEBL,06L,172,124238,118/FNQTR57G7884
-------------------------------------------------------[2024-09-18 11:57:31.070]

SOURCE: AIR
RX_ID: 1109, Freq: 131.725MHz
Mode: G NACKLabel: SA Block ID: 9, Msg No: S91A
Flight ID: QR057G REG: A7-BAC


Message content:-
0LS115917V
-------------------------------------------------------[2024-09-18 11:59:19.038]

SOURCE: AIR
RX_ID: 1110, Freq: 131.725MHz
Mode: G NACKLabel: 16 Block ID: 0, Msg No: M86A
Flight ID: QR057G REG: A7-BAC


Message content:-
NILDU  ,N 43.118,E   5.153,32995,0475,1242,022\TS115957,180924
-------------------------------------------------------[2024-09-18 12:00:06.729]

SOURCE: AIR
RX_ID: 1111, Freq: 131.825MHz
Mode: 2 NACKLabel: H1 Block ID: 2, Msg No: F93A
Flight ID: BA0082 REG: G-VIIE


Message content:-
#M1BPRG/TS120100,180924/DTEGLL,09L,150,131956,/PR4240,315,400,281,,115,57,,,50,P25,P0,,,,,,,M37A057
-------------------------------------------------------[2024-09-18 12:01:02.483]

SOURCE: AIR
RX_ID: 1112, Freq: 131.825MHz
Mode: 2 NACKLabel: 15 Block ID: 3, Msg No: M59A
Flight ID: BA0082 REG: G-VIIE


Message content:-
FST01DNAAEGLLN445359E0048312400 121 314 M47C 2203935035047511600013191206
-------------------------------------------------------[2024-09-18 12:06:59.910]

SOURCE: AIR
RX_ID: 1113, Freq: 131.825MHz
Mode: 2 NACKLabel: 12 Block ID: 6, Msg No: M61A
Flight ID: BA0082 REG: G-VIIE


Message content:-
OFF011210DIA02DNAAEGLL1319BAB6170519116000READY 
-------------------------------------------------------[2024-09-18 12:10:43.755]

SOURCE: AIR
RX_ID: 1114, Freq: 131.825MHz
Mode: 2 ACK, A2GLabel: B6 Block ID: 7, Msg No: F94A
Flight ID: BA0082 REG: G-VIIE


Message content:-
/QUKAXBA.ADS.G-VIIE0301ECF8
-------------------------------------------------------[2024-09-18 12:10:48.872]

SOURCE: AIR
RX_ID: 1115, Freq: 131.825MHz
Mode: 2 NACKLabel: 15 Block ID: 9, Msg No: M62A
Flight ID: BA0082 REG: G-VIIE


Message content:-
FST01DNAAEGLLN450468E0047034400 118 318 M48C 3005135235047911600013191210
-------------------------------------------------------[2024-09-18 12:10:55.858]

SOURCE: AIR
RX_ID: 1116, Freq: 131.825MHz
Mode: 2 NACKLabel: H1 Block ID: 1, Msg No: O06A
Flight ID: BA0082 REG: G-VIIE


Message content:-
#10BSB016BA_580011-154  3688   20000
011-154  3650   30000
ER121109  03  22 -1-15139986838000M07
 800 600 200  20    5 70
1675  729 458 9151019.... 6232609....... 272
1667  740 398 9151017.... 6192609.....
-------------------------------------------------------[2024-09-18 12:11:13.451]

SOURCE: AIR
RX_ID: 1117, Freq: 131.725MHz
Mode: E NACKLabel: 4H Block ID: 0, Msg No: M05A
Flight ID: DL0029 REG: N827MH


Message content:-
18134H LFMN KJFK6
  
WPR RESET





-------------------------------------------------------[2024-09-18 13:29:09.027]

SOURCE: AIR
RX_ID: 1118, Freq: 131.725MHz
Mode: E NACKLabel: H1 Block ID: 3, Msg No: D53A
Flight ID: DL0029 REG: N827MH


Message content:-
#DFB239N1803 0029091824133037807 4503   506320-19-48 61 45XX-223105120
 293 4890094308330030/9WLFMNKJFK
-------------------------------------------------------[2024-09-18 13:30:52.016]

SOURCE: AIR
RX_ID: 1119, Freq: 131.725MHz
Mode: E NACKLabel: H1 Block ID: 4, Msg No: F93A
Flight ID: DL0029 REG: N827MH


Message content:-
#M1BPOSN45097E004366,ETR01,133324,320,NOQ02,133515,LER03,M48,05851,1073,807111A
-------------------------------------------------------[2024-09-18 13:33:26.648]

SOURCE: AIR
RX_ID: 1120, Freq: 131.725MHz
Mode: E NACKLabel: H1 Block ID: 4, Msg No: F93A
Flight ID: DL0029 REG: N827MH


Message content:-
#M1BPOSN45097E004366,ETR01,133324,320,NOQ02,133515,LER03,M48,05851,1073,807111A
-------------------------------------------------------[2024-09-18 13:33:34.438]

SOURCE: AIR
RX_ID: 1121, Freq: 131.725MHz
Mode: 2 NACKLabel: 15 Block ID: 6, Msg No: M05A
Flight ID: GS0001 REG: N251TX


Message content:-
(2N44149E  6005067 23429-49(Z
-------------------------------------------------------[2024-09-18 13:56:57.146]

SOURCE: AIR
RX_ID: 1122, Freq: 131.725MHz
Mode: 2 NACKLabel: 15 Block ID: 2, Msg No: M21A
Flight ID: XA0001 REG: HBJRQ


Message content:-
(2N44472E  5385073 49330-51(Z
-------------------------------------------------------[2024-09-18 15:25:29.718]

SOURCE: AIR
RX_ID: 1123, Freq: 131.725MHz
Mode: 2 NACKLabel: 15 Block ID: 3, Msg No: M22A
Flight ID: XA0001 REG: HBJRQ


Message content:-
(2N43313E  4531036 39329-51(Z
-------------------------------------------------------[2024-09-18 15:35:27.534]

SOURCE: AIR
RX_ID: 1124, Freq: 131.725MHz
Mode: G NACKLabel: 16 Block ID: 1, Msg No: M40A
Flight ID: SN03DY REG: OO-SFH


Message content:-
18SEP24,1616,N 44.214,E  6.209,39995,1726,36000
-------------------------------------------------------[2024-09-18 16:16:37.222]

SOURCE: AIR
RX_ID: 1125, Freq: 131.825MHz
Mode: 2 NACKLabel: 83 Block ID: 6, Msg No: M15A
Flight ID: ZD0001 REG: DBEAM


Message content:-
001PR18161728N4415.9E00527.74095000052
-------------------------------------------------------[2024-09-18 16:17:32.334]

SOURCE: AIR
RX_ID: 1126, Freq: 131.850MHz
Mode: 2 NACKLabel: 83 Block ID: 6, Msg No: M15A
Flight ID: ZD0001 REG: DBEAM


Message content:-
001PR18161728N4415.9E00527.74095000052
-------------------------------------------------------[2024-09-18 16:17:50.510]

SOURCE: AIR
RX_ID: 1127, Freq: 131.825MHz
Mode: 2 NACKLabel: B9 Block ID: 7, Msg No: L07A
Flight ID: ZD0001 REG: DBEAM


Message content:-
/LEPA.TI2/024LEPAAC8BA
-------------------------------------------------------[2024-09-18 16:21:41.979]

SOURCE: AIR
RX_ID: 1128, Freq: 131.725MHz
Mode: G NACKLabel: 45 Block ID: 2, Msg No: M41A
Flight ID: SN03DY REG: OO-SFH


Message content:-
MEBBR
HELLO/OO-SFH/FOR INFO
WE GO STRAIGHT TO HANGAR
UPON ARRIVAL/NEED A STAI
R/TKS
SN9902
-------------------------------------------------------[2024-09-18 16:23:35.461]

SOURCE: AIR
RX_ID: 1129, Freq: 131.725MHz
Mode: E NACKLabel: 5U Block ID: 5, Msg No: M04A
Flight ID: 9L3340 REG: G-VYGK


Message content:-
  01 WXRQ   3340/18 EGVN/BKPR .G-VYGK
/TYP 1/STA LIRF/STA LIBD/STA LIBR
-------------------------------------------------------[2024-09-18 16:26:22.783]

SOURCE: AIR
RX_ID: 1130, Freq: 131.725MHz
Mode: 2 NACKLabel: SA Block ID: 7, Msg No: S17A
Flight ID: GR0000 REG: DCHJD


Message content:-
0EV165904V/
-------------------------------------------------------[2024-09-18 17:04:44.177]

SOURCE: AIR
RX_ID: 1131, Freq: 131.525MHz
Mode: T NACKLabel: B9 Block ID: 1, Msg No: L22A
Flight ID: AF7312 REG: F-GMZA


Message content:-
/LFMN.TI2/064LFMNA83AC
-------------------------------------------------------[2024-09-18 17:20:10.691]

SOURCE: AIR
RX_ID: 1132, Freq: 131.525MHz
Mode: T NACKLabel: 2Z Block ID: 5, Msg No: M27A
Flight ID: AF7312 REG: F-GMZA


Message content:-
LFMN
-------------------------------------------------------[2024-09-18 17:26:04.405]

SOURCE: AIR
RX_ID: 1133, Freq: 131.525MHz
Mode: T NACKLabel: 2F Block ID: 7, Msg No: M28A
Flight ID: AF7312 REG: F-GMZA


Message content:-
1727+4437+520/3351
-------------------------------------------------------[2024-09-18 17:27:29.179]

SOURCE: AIR
RX_ID: 1134, Freq: 131.525MHz
Mode: T NACKLabel: 26 Block ID: 8, Msg No: M29A
Flight ID: AF7312 REG: F-GMZA


Message content:-
1735LFPGAF7312/181750LFMN04L
-------------------------------------------------------[2024-09-18 17:35:05.675]

SOURCE: AIR
RX_ID: 1135, Freq: 131.525MHz
Mode: T NACKLabel: B9 Block ID: 9, Msg No: L23A
Flight ID: AF7312 REG: F-GMZA


Message content:-
/LFMN.TI2/064LFMNA83AC
-------------------------------------------------------[2024-09-18 17:37:21.867]

SOURCE: AIR
RX_ID: 1136, Freq: 131.725MHz
Mode: G NACKLabel: 83 Block ID: 1, Msg No: M05A
Flight ID: GS0001 REG: DCFRT


Message content:-
001PR18180657N4252.4E00538.4430434    
-------------------------------------------------------[2024-09-18 18:06:59.150]

SOURCE: AIR
RX_ID: 1137, Freq: 131.725MHz
Mode: 2 NACKLabel: 15 Block ID: 3, Msg No: M12A
Flight ID: XA0001 REG: 9H777MF


Message content:-
(2N45137E  4245--- 41----51(Z
-------------------------------------------------------[2024-09-18 18:09:24.778]

SOURCE: AIR
RX_ID: 1138, Freq: 131.725MHz
Mode: 2 NACKLabel: 15 Block ID: 0, Msg No: M39A
Flight ID: XA0001 REG: HBJRQ


Message content:-
(2N43099E  5267050 18221-27(Z
-------------------------------------------------------[2024-09-18 18:20:36.711]

SOURCE: AIR
RX_ID: 1139, Freq: 131.725MHz
Mode: G NACKLabel: 83 Block ID: 2, Msg No: M06A
Flight ID: GS0001 REG: DCFRT


Message content:-
001PR18182209N4432.5E00638.1429429    
-------------------------------------------------------[2024-09-18 18:22:12.788]

SOURCE: AIR
RX_ID: 1140, Freq: 131.725MHz
Mode: G NACKLabel: H1 Block ID: 3, Msg No: F00A
Flight ID: SK0932 REG: EC-NUG


Message content:-
#M1BPRG/FNBCS225P/DTN42389E005588,LIPZ,04R,99,200153,29B7AF
-------------------------------------------------------[2024-09-18 19:01:58.356]

SOURCE: AIR
RX_ID: 1141, Freq: 131.725MHz
Mode: G NACKLabel: 16 Block ID: 5, Msg No: M80A
Flight ID: XSMBU6 REG: 2-BBMB


Message content:-
190441,,2016, 142,N 44.911 E  4.132
-------------------------------------------------------[2024-09-18 19:04:43.225]

SOURCE: AIR
RX_ID: 1142, Freq: 131.525MHz
Mode: T NACKLabel: 2L Block ID: 2, Msg No: M47A
Flight ID: AF7313 REG: F-GMZA


Message content:-
M/19:05/220-     /   
+44.50+006.44/+--/2/5
-------------------------------------------------------[2024-09-18 19:09:15.174]

SOURCE: AIR
RX_ID: 1143, Freq: 131.525MHz
Mode: T NACKLabel: H1 Block ID: 6, Msg No: D13C
Flight ID: AF7313 REG: F-GMZA


Message content:-
#DFB26,02262,0147,357/9C0010,157,00115,065408,009/C04364,0728,02990,0137,355/0C0010,153,N0654,065408,012/E14363,0729,03541,0117,348/1E0205,169,00103,065462,008/E24361,0729,03978,0105,025/2E0245,182,N0185,065462
-------------------------------------------------------[2024-09-18 19:11:05.988]

SOURCE: AIR
RX_ID: 1144, Freq: 131.525MHz
Mode: T NACKLabel: H1 Block ID: 1, Msg No: D13H
Flight ID: AF7313 REG: F-GMZA


Message content:-
#DFB89,019/N84390,0694,16306,N132,074/8NN006,284,N0217,065353,013/N94393,0692,17099,N155,076/9NN009,284,00344,065353,013/N04396,0689,18005,N175,057/0NN007,284,N0026,065317,010/S14398,0687,18823,N195,068/1SN007,
-------------------------------------------------------[2024-09-18 19:11:24.420]

SOURCE: AIR
RX_ID: 1145, Freq: 131.525MHz
Mode: T NACKLabel: H1 Block ID: 2, Msg No: D13I
Flight ID: AF7313 REG: F-GMZA


Message content:-
#DFB281,N0103,065281,013/S24402,0684,19515,N212,066/2SN006,284,00289,065262,013/S34404,0682,20264,N230,055/3SN006,286,00261,065244,015/S44408,0680,21046,N247,049/4SN011,283,N0159,065208,014/S54411,0677,21704,N2
-------------------------------------------------------[2024-09-18 19:11:28.515]

SOURCE: AIR
RX_ID: 1146, Freq: 131.525MHz
Mode: T NACKLabel: H1 Block ID: 3, Msg No: D13J
Flight ID: AF7313 REG: F-GMZA


Message content:-
#DFB67,064/5SN006,282,N0183,065172,017/S64414,0674,22221,N280,078/6SN010,283,00137,065154,016/S74417,0671,22760,N287,087/7SN006,282,N0292,065135,024/S84420,0669,23252,N300,095/8SN003,283,N0139,065081,026/S94424
-------------------------------------------------------[2024-09-18 19:11:31.989]

SOURCE: AIR
RX_ID: 1147, Freq: 131.725MHz
Mode: G NACKLabel: H1 Block ID: 5, Msg No: F01A
Flight ID: SK0932 REG: EC-NUG


Message content:-
#M1BPRG/FNBCS225P/DTN43440E007555,LIPZ,04R,99,200150,2AF40A
-------------------------------------------------------[2024-09-18 19:17:11.774]

SOURCE: AIR
RX_ID: 1148, Freq: 131.725MHz
Mode: E NACKLabel: H1 Block ID: 2, Msg No: D29A
Flight ID: AF7342 REG: F-GMZE


Message content:-
#DFBA01/A32101,1,1/CCF-GMZE,SEP18,202234,LFPG,LFML,0082/C106,83839,5000,53,0010,0,0100,62,X/CEN250,33003,265,750,6970,266,C53015/EC643526,00968,00575,00891,73,16/EE577159,00969,07293,00891,73/N10851,0851,0931,6
-------------------------------------------------------[2024-09-18 20:42:42.195]

SOURCE: AIR
RX_ID: 1149, Freq: 131.725MHz
Mode: E NACKLabel: H1 Block ID: 3, Msg No: D29B
Flight ID: AF7342 REG: F-GMZE


Message content:-
#DFB188,1386,XXXXX/N20851,0851,0931,6145,1377,XXXXX/S1XXXXX,0648,1367,4237,XXXX,020,N00/S2XXXXX,0661,1376,4278,XXXX,024,N00/T1099,096,023,41,077,05544,0215/T2099,098,018,37,079,05555,0242/V1042,085,002,007,237,
-------------------------------------------------------[2024-09-18 20:42:46.074]

SOURCE: AIR
RX_ID: 1150, Freq: 131.725MHz
Mode: E NACKLabel: H1 Block ID: 4, Msg No: D29C
Flight ID: AF7342 REG: F-GMZE


Message content:-
#DFB00008,00081/V2042,083,008,006,076,00008,00061,/
-------------------------------------------------------[2024-09-18 20:42:59.202]

SOURCE: AIR
RX_ID: 1151, Freq: 131.725MHz
Mode: E NACKLabel: H1 Block ID: 5, Msg No: D30A
Flight ID: AF7342 REG: F-GMZE


Message content:-
#DFBA02/A32102,1,1/CCF-GMZE,SEP18,202252,LFPG,LFML,0082/C106,83901,5000,53,0010,0,0100,62,X/CEN247,32993,264,747,6973,266,C53015/CNN248,33028,264,749,6974,266/EC643526,00968,00575,00891,73,36,24/EE577159,00969,
-------------------------------------------------------[2024-09-18 20:43:26.630]

SOURCE: AIR
RX_ID: 1152, Freq: 131.725MHz
Mode: E NACKLabel: H1 Block ID: 5, Msg No: D30A
Flight ID: AF7342 REG: F-GMZE


Message content:-
#DFBA02/A32102,1,1/CCF-GMZE,SEP18,202252,LFPG,LFML,0082/C106,83901,5000,53,0010,0,0100,62,X/CEN247,32993,264,747,6973,266,C53015/CNN248,33028,264,749,6974,266/EC643526,00968,00575,00891,73,36,24/EE577159,00969,
-------------------------------------------------------[2024-09-18 20:43:39.137]

SOURCE: AIR
RX_ID: 1153, Freq: 131.725MHz
Mode: X NACKLabel: H1 Block ID: 5, Msg No: D30A
Flight ID: AF7342 REG: F-GMZE


Message content:-
#DFBA02/A32102,1,1/CCF-GMZE,SEP18,202252,LFPG,LFML,0082/C106,83901,5000,53,0010,0,0100,62,X/CEN247,32993,264,747,6973,266,C53015/CNN248,33028,264,749,6974,266/EC643526,00968,00575,00891,73,36,24/EE577159,00969,
-------------------------------------------------------[2024-09-18 20:44:01.263]

SOURCE: AIR
RX_ID: 1154, Freq: 131.725MHz
Mode: X NACKLabel: H1 Block ID: 6, Msg No: D30B
Flight ID: AF7342 REG: F-GMZE


Message content:-
#DFB07293,00891,73/N10851,0851,0931,6189,1384,XXXXX/N20851,0851,0931,6145,1374,XXXXX/S1XXXXX,0647,1365,4235,XXXX,020,N00/S2XXXXX,0660,1374,4276,XXXX,024,N00/T1099,097,023,41,077,05544,0215/T2099,098,018,37,079,
-------------------------------------------------------[2024-09-18 20:44:05.141]

SOURCE: AIR
RX_ID: 1155, Freq: 131.725MHz
Mode: X NACKLabel: H1 Block ID: 7, Msg No: D30C
Flight ID: AF7342 REG: F-GMZE


Message content:-
#DFB05556,0242/V1042,085,002,007,006,00008,00081/V2042,083,008,006,076,00008,00061/X102476,0000,0022,N001,00005,0019/X202536,0000,0023,N001,00005,0019/X3N001,0008,N008,N006,N003,N002,N000/X4N002,N003,N002,N002,
-------------------------------------------------------[2024-09-18 20:44:08.615]

SOURCE: AIR
RX_ID: 1156, Freq: 131.725MHz
Mode: X NACKLabel: H1 Block ID: 8, Msg No: D30D
Flight ID: AF7342 REG: F-GMZE


Message content:-
#DFB0000,0000/X50000,N001,N002,0000,0000,0000/X61505,E0036,N460,033,055,0188,0790/X71505,E0036,N460,033,056,0164,0792,/
-------------------------------------------------------[2024-09-18 20:44:11.907]

SOURCE: AIR
RX_ID: 1157, Freq: 131.725MHz
Mode: X NACKLabel: 26 Block ID: 9, Msg No: M71A
Flight ID: AF7342 REG: F-GMZE


Message content:-
2047LFPGAF7342/182052LFML13L
-------------------------------------------------------[2024-09-18 20:47:03.728]

SOURCE: AIR
RX_ID: 1158, Freq: 131.825MHz
Mode: 2 NACKLabel: H1 Block ID: 1, Msg No: F03A
Flight ID: QY1685 REG: D-ALEV


Message content:-
#M1BPOSN44424E005107,,205838,347,LTP,210509,GIPNO,M50,06939,219,7804239
-------------------------------------------------------[2024-09-18 20:58:40.274]

SOURCE: AIR
RX_ID: 1159, Freq: 131.825MHz
Mode: 2 NACKLabel: H1 Block ID: 1, Msg No: F03A
Flight ID: QY1685 REG: D-ALEV


Message content:-
#M1BPOSN44424E005107,,205838,347,LTP,210509,GIPNO,M50,06939,219,7804239
-------------------------------------------------------[2024-09-18 20:58:51.538]

SOURCE: AIR
RX_ID: 1160, Freq: 131.725MHz
Mode: X NACKLabel: 5U Block ID: 1, Msg No: M16A
Flight ID: 9L3341 REG: G-VYGK


Message content:-
  01 WXRQ   3341/18 BKPR/EGVN .G-VYGK
/TYP 1/STA EGVN/STA EGBB/STA EGSS
-------------------------------------------------------[2024-09-18 22:05:24.554]

