SOURCE: AIR
RX_ID: 14, Freq: 131.825MHz
Mode: 2 ACK, A2GLabel: _d Block ID: 7, Msg No: S40A
Flight ID: QY8000 REG: OE-LND


Message content:-

-------------------------------------------------------[2024-03-01 02:21:03.160]

SOURCE: AIR
RX_ID: 15, Freq: 131.825MHz
Mode: 2 ACK, A2GLabel: _d Block ID: 8, Msg No: S41A
Flight ID: QY8000 REG: OE-LND


Message content:-

-------------------------------------------------------[2024-03-01 02:21:10.111]

SOURCE: AIR
RX_ID: 16, Freq: 131.825MHz
Mode: 2 ACK, A2GLabel: _d Block ID: 9, Msg No: S42A
Flight ID: QY8000 REG: OE-LND


Message content:-

-------------------------------------------------------[2024-03-01 02:27:52.360]

SOURCE: AIR
RX_ID: 17, Freq: 131.825MHz
Mode: 2 NACKLabel: H1 Block ID: 0, Msg No: F08A
Flight ID: QY8000 REG: OE-LND


Message content:-
#M1BPOSN44203E005396,,022752,370,MTG,023625,DIVKO,M59,21019,218,8003B34
-------------------------------------------------------[2024-03-01 02:27:54.993]

SOURCE: AIR
RX_ID: 18, Freq: 131.825MHz
Mode: 2 NACKLabel: Q0 Block ID: 1, Msg No: S43A
Flight ID: QY8000 REG: OE-LND


Message content:-

-------------------------------------------------------[2024-03-01 02:37:58.581]

SOURCE: AIR
RX_ID: 19, Freq: 131.825MHz
Mode: 2 ACK, A2GLabel: _d Block ID: 2, Msg No: S44A
Flight ID: QY8000 REG: OE-LND


Message content:-

-------------------------------------------------------[2024-03-01 02:40:12.727]

SOURCE: AIR
RX_ID: 20, Freq: 131.825MHz
Mode: 2 NACKLabel: H1 Block ID: 3, Msg No: F09A
Flight ID: QY8000 REG: OE-LND


Message content:-
#M1BPOSN43047E004347,,024013,370,NILDU,024831,BISBA,M58,19931,203,800053C
-------------------------------------------------------[2024-03-01 02:40:15.798]

SOURCE: AIR
RX_ID: 21, Freq: 131.825MHz
Mode: 2 NACKLabel: 15 Block ID: 8, Msg No: M86A
Flight ID: BA2066 REG: G-VIIO


Message content:-
FST01DGAAEGKKN440084E0046352360 166 355 M57C 3220300901150811600003580251
-------------------------------------------------------[2024-03-01 02:51:13.806]

SOURCE: AIR
RX_ID: 22, Freq: 131.825MHz
Mode: 2 NACKLabel: Q0 Block ID: 9, Msg No: S86A
Flight ID: BA2066 REG: G-VIIO


Message content:-

-------------------------------------------------------[2024-03-01 02:51:19.947]

SOURCE: AIR
RX_ID: 23, Freq: 131.825MHz
Mode: 2 NACKLabel: B6 Block ID: 0, Msg No: F60A
Flight ID: BA2066 REG: G-VIIO


Message content:-
/QUKAXBA.ADS.G-VIIO071F68801A9B88C9F1149D6BBD
-------------------------------------------------------[2024-03-01 02:52:23.437]

SOURCE: AIR
RX_ID: 24, Freq: 131.725MHz
Mode: E NACKLabel: H1 Block ID: 8, Msg No: D41F
Flight ID: SN03DY REG: OO-SFG


Message content:-
#DFB,0.839
X7,000.6,-00.2,018,-087,0.837:

-------------------------------------------------------[2024-03-01 02:53:32.898]

SOURCE: AIR
RX_ID: 25, Freq: 131.725MHz
Mode: G NACKLabel: Q0 Block ID: 0, Msg No: S23A
Flight ID: SN03DY REG: OO-SFG


Message content:-

-------------------------------------------------------[2024-03-01 02:55:04.843]

SOURCE: AIR
RX_ID: 26, Freq: 131.725MHz
Mode: X NACKLabel: B6 Block ID: 5, Msg No: F24A
Flight ID: KL0590 REG: PH-BVU


Message content:-
/ACCFAYA.ADS.PH-BVU141ED2A01B6788CA08059D0D1FAD281A6DC8CA020620210019E508CA00C35A
-------------------------------------------------------[2024-03-01 03:08:35.869]

SOURCE: AIR
RX_ID: 27, Freq: 131.725MHz
Mode: X NACKLabel: B6 Block ID: 6, Msg No: F25A
Flight ID: KL0590 REG: PH-BVU


Message content:-
/ACCFAYA.ADS.PH-BVU071F0F881B2308CA0A469D0C2CC375E708200E7DE8FD7FFC0F7D49A13FFC786B
-------------------------------------------------------[2024-03-01 03:10:59.634]

SOURCE: AIR
RX_ID: 28, Freq: 131.725MHz
Mode: X NACKLabel: B6 Block ID: 8, Msg No: F27A
Flight ID: KL0590 REG: PH-BVU


Message content:-
/ACCFAYA.ADS.PH-BVU141FAE001A6CC8CA101A9D0D20210019E508CA010F208448196D88CA000FA5
-------------------------------------------------------[2024-03-01 03:17:12.815]

SOURCE: AIR
RX_ID: 29, Freq: 131.725MHz
Mode: X NACKLabel: B9 Block ID: 0, Msg No: J86A
Flight ID: AF0805 REG: F-GZCF


Message content:-
/LFPG.TI2/000LFPGA9F82
-------------------------------------------------------[2024-03-01 03:38:24.634]

SOURCE: AIR
RX_ID: 30, Freq: 131.725MHz
Mode: X ACK, A2GLabel: _d Block ID: 1, Msg No: S49A
Flight ID: AF0805 REG: F-GZCF


Message content:-

-------------------------------------------------------[2024-03-01 03:38:29.754]

SOURCE: AIR
RX_ID: 31, Freq: 131.725MHz
Mode: X ACK, A2GLabel: _d Block ID: 2, Msg No: S50A
Flight ID: AF0805 REG: F-GZCF


Message content:-

-------------------------------------------------------[2024-03-01 03:38:33.632]

SOURCE: AIR
RX_ID: 32, Freq: 131.725MHz
Mode: X ACK, A2GLabel: B9 Block ID: 5, Msg No: J88A
Flight ID: AF0805 REG: F-GZCF


Message content:-
/LFPO.TI2/000LFPOA162B
-------------------------------------------------------[2024-03-01 03:44:35.108]

SOURCE: AIR
RX_ID: 33, Freq: 131.725MHz
Mode: X ACK, A2GLabel: _d Block ID: 6, Msg No: S52A
Flight ID: AF0805 REG: F-GZCF


Message content:-

-------------------------------------------------------[2024-03-01 03:44:39.202]

SOURCE: AIR
RX_ID: 34, Freq: 131.725MHz
Mode: G NACKLabel: B9 Block ID: 2, Msg No: L08A
Flight ID: AF0703 REG: F-GSQY


Message content:-
/LFPG.TI2/046LFPGCF3E7
-------------------------------------------------------[2024-03-01 03:52:59.941]

SOURCE: AIR
RX_ID: 35, Freq: 131.725MHz
Mode: G NACKLabel: B9 Block ID: 5, Msg No: J00A
Flight ID: AF0947 REG: F-GZCD


Message content:-
/LFPG.TI2/000LFPGA9F82
-------------------------------------------------------[2024-03-01 04:29:55.114]

SOURCE: AIR
RX_ID: 36, Freq: 131.725MHz
Mode: G ACK, A2GLabel: _d Block ID: 7, Msg No: S06A
Flight ID: AF0947 REG: F-GZCD


Message content:-

-------------------------------------------------------[2024-03-01 04:30:04.513]

SOURCE: AIR
RX_ID: 37, Freq: 131.825MHz
Mode: 2 NACKLabel: Q0 Block ID: 1, Msg No: S11A
Flight ID: WB0710 REG: 9XR-WP


Message content:-

-------------------------------------------------------[2024-03-01 04:56:08.567]

SOURCE: AIR
RX_ID: 38, Freq: 131.825MHz
Mode: 2 NACKLabel: B9 Block ID: 2, Msg No: J07A
Flight ID: WB0710 REG: 9XR-WP


Message content:-
/EGLL.TI2/000EGLLAABB2
-------------------------------------------------------[2024-03-01 04:57:06.346]

SOURCE: AIR
RX_ID: 39, Freq: 131.825MHz
Mode: 2 ACK, A2GLabel: _d Block ID: 3, Msg No: S12A
Flight ID: WB0710 REG: 9XR-WP


Message content:-

-------------------------------------------------------[2024-03-01 04:57:12.896]

SOURCE: AIR
RX_ID: 40, Freq: 131.825MHz
Mode: 2 ACK, A2GLabel: _d Block ID: 4, Msg No: S13A
Flight ID: WB0710 REG: 9XR-WP


Message content:-

-------------------------------------------------------[2024-03-01 04:57:19.219]

SOURCE: AIR
RX_ID: 41, Freq: 131.825MHz
Mode: 2 ACK, A2GLabel: _d Block ID: 5, Msg No: S14A
Flight ID: WB0710 REG: 9XR-WP


Message content:-

-------------------------------------------------------[2024-03-01 04:57:25.365]

SOURCE: AIR
RX_ID: 42, Freq: 131.825MHz
Mode: 2 ACK, A2GLabel: _d Block ID: 6, Msg No: S97A
Flight ID: QY1684 REG: D-ALEQ


Message content:-

-------------------------------------------------------[2024-03-01 05:03:29.505]

SOURCE: AIR
RX_ID: 43, Freq: 131.825MHz
Mode: 2 ACK, A2GLabel: _d Block ID: 7, Msg No: S98A
Flight ID: QY1684 REG: D-ALEQ


Message content:-

-------------------------------------------------------[2024-03-01 05:05:10.479]

SOURCE: AIR
RX_ID: 44, Freq: 131.825MHz
Mode: 2 NACKLabel: H1 Block ID: 8, Msg No: F21A
Flight ID: QY1684 REG: D-ALEQ


Message content:-
#M1BPOSN44571E005383,,050517,370,ELRUN,051258,SAURG,M59,19029,159,7902A36
-------------------------------------------------------[2024-03-01 05:05:19.292]

SOURCE: AIR
RX_ID: 45, Freq: 131.725MHz
Mode: G NACKLabel: Q0 Block ID: 4, Msg No: S09A
Flight ID: FR05PV REG: 9H-QBS


Message content:-

-------------------------------------------------------[2024-03-01 05:05:26.242]

SOURCE: AIR
RX_ID: 46, Freq: 131.825MHz
Mode: 2 NACKLabel: Q0 Block ID: 9, Msg No: S99A
Flight ID: QY1684 REG: D-ALEQ


Message content:-

-------------------------------------------------------[2024-03-01 05:15:25.119]

SOURCE: AIR
RX_ID: 47, Freq: 131.825MHz
Mode: 2 NACKLabel: H1 Block ID: 0, Msg No: D08A
Flight ID: QY1684 REG: D-ALEQ


Message content:-
#DFBSTABLE CRUISE REPORT

APM     D-ALEQ          QYXXXXXXDEPXDESX010324042644,757-200,
PW2037,.787,.787,,254.5,254.5,,-32.50,-32.50,,37003,37003,,
194560,194560,,3456,3360,,,1.219,1.213,,,0,428,428,,0,0,,0
-------------------------------------------------------[2024-03-01 05:15:44.136]

SOURCE: AIR
RX_ID: 48, Freq: 131.825MHz
Mode: 2 NACKLabel: H1 Block ID: 1, Msg No: D08B
Flight ID: QY1684 REG: D-ALEQ


Message content:-
#DFB,0,,
0,0,0,0,0,0,,,0,0,,,,,-133.2,-133.2,,  1.2,  1.2,,0,0,,0,0,
,,,0,0,    0,10157, 9917,,,,,0,0,0,,,0,0,0,,,0,0,,0,0,,0,0,,
0,0,0,,,,,0,0,0,,,0,0,0,

CREATED BY AVIONIC ENGINEERING

-------------------------------------------------------[2024-03-01 05:15:50.904]

SOURCE: AIR
RX_ID: 49, Freq: 131.825MHz
Mode: 2 ACK, A2GLabel: _d Block ID: 2, Msg No: S01A
Flight ID: QY1684 REG: D-ALEQ


Message content:-

-------------------------------------------------------[2024-03-01 05:17:00.941]

SOURCE: AIR
RX_ID: 50, Freq: 131.825MHz
Mode: 2 NACKLabel: H1 Block ID: 3, Msg No: F22A
Flight ID: QY1684 REG: D-ALEQ


Message content:-
#M1BPOSN43399E005142,,051703,112,VENTA,051759,LACAZ,M10,2559,153,E61C
-------------------------------------------------------[2024-03-01 05:17:05.660]

SOURCE: AIR
RX_ID: 51, Freq: 131.825MHz
Mode: 2 NACKLabel: Q0 Block ID: 4, Msg No: S02A
Flight ID: QY1684 REG: D-ALEQ


Message content:-

-------------------------------------------------------[2024-03-01 05:27:07.374]

SOURCE: AIR
RX_ID: 52, Freq: 131.825MHz
Mode: 2 NACKLabel: 10 Block ID: 7, Msg No: M80A
Flight ID: BA0042 REG: G-STBB


Message content:-
FTX01.FIC.LOC TBB
-------------------------------------------------------[2024-03-01 06:14:38.238]

SOURCE: AIR
RX_ID: 53, Freq: 131.825MHz
Mode: 2 ACK, A2GLabel: _d Block ID: 8, Msg No: S44A
Flight ID: BA0042 REG: G-STBB


Message content:-

-------------------------------------------------------[2024-03-01 06:14:45.808]

SOURCE: AIR
RX_ID: 54, Freq: 131.725MHz
Mode: X NACKLabel: Q0 Block ID: 2, Msg No: S24A
Flight ID: AF0713 REG: F-GSPD


Message content:-

-------------------------------------------------------[2024-03-01 06:58:34.903]

SOURCE: AIR
RX_ID: 55, Freq: 131.725MHz
Mode: G NACKLabel: 5V Block ID: 9, Msg No: S04A
Flight ID: E14131 REG: F-UJCR


Message content:-

-------------------------------------------------------[2024-03-01 07:00:58.078]

SOURCE: AIR
RX_ID: 56, Freq: 131.725MHz
Mode: X NACKLabel: 80 Block ID: 3, Msg No: M39A
Flight ID: AF0713 REG: F-GSPD


Message content:-
AF0713/MCC
BONJOUR
CPT EFB LOWER INOP
PLATEAUX PILOTES ABSENTS
MERCI DE PRENDRE EN COMP
TE
CRDLT
S.MONTAGNE
-------------------------------------------------------[2024-03-01 07:01:54.400]

SOURCE: AIR
RX_ID: 57, Freq: 131.725MHz
Mode: X NACKLabel: H1 Block ID: 5, Msg No: D86A
Flight ID: AF0713 REG: F-GSPD


Message content:-
#DFBOP FUELPROBES
 87 66 71 50 51  3 35  0  0  0  0  0  0  0  0  0  0  0  0  0
  0  0  0  0  0  0  0  0  0  0  0  0  0  0  0  0  0  0  0  0
 83 63 68 48 49  1 34  0  0  0  0  0  0  0  0  0  0  0  0  0

21L
-------------------------------------------------------[2024-03-01 07:05:20.849]

SOURCE: AIR
RX_ID: 58, Freq: 131.725MHz
Mode: X NACKLabel: H1 Block ID: 6, Msg No: D86B
Flight ID: AF0713 REG: F-GSPD


Message content:-
#DFB22L23L24L25L26L27L28L21R22R23R24R25R26R27R28R
  )  )  )  )  )  )  )  )  )  )  )  )  )  )  )  )
-------------------------------------------------------[2024-03-01 07:05:24.945]

SOURCE: AIR
RX_ID: 59, Freq: 131.725MHz
Mode: X NACKLabel: H1 Block ID: 7, Msg No: D87A
Flight ID: AF0713 REG: F-GSPD


Message content:-
#DFBOP DATAFUEL
0705 38003  2.33  0.1
 6100       0  5900 12000
 0.828 0.814  0.828
 37680         38000
TRUE   TRUE   
  -1
 328 811
-------------------------------------------------------[2024-03-01 07:05:30.651]

SOURCE: AIR
RX_ID: 60, Freq: 131.725MHz
Mode: G NACKLabel: 44 Block ID: 0, Msg No: M31A
Flight ID: GS0000 REG: FHJMA


Message content:-
02N;E,0Irm00,0X,,9,-,I3-,Iv*N:Iv*stI,0,3I,]3mI,]0-I,,mT-
-------------------------------------------------------[2024-03-01 07:14:46.915]

SOURCE: AIR
RX_ID: 61, Freq: 131.725MHz
Mode: G NACKLabel: 5V Block ID: 9, Msg No: S04A
Flight ID: E10035 REG: F-UJCQ


Message content:-

-------------------------------------------------------[2024-03-01 07:17:17.041]

SOURCE: AIR
RX_ID: 62, Freq: 131.725MHz
Mode: E NACKLabel: H1 Block ID: 3, Msg No: D63A
Flight ID: KL0592 REG: PH-BQM


Message content:-
#DFB(POS-KLM592  -4407N00452E/073158 F380
RMK/FUEL  11.2 M0.82)
-------------------------------------------------------[2024-03-01 07:32:00.958]

