SOURCE: AIR
RX_ID: 0, Freq: 131.525MHz
Mode: T NACKLabel: 26 Block ID: 4, Msg No: M20A
Flight ID: AF7342 REG: F-GMZD


Message content:-
2123LFPGAF7342/232138LFML31R
-------------------------------------------------------[2024-02-23 21:23:03.009]

SOURCE: AIR
RX_ID: 1, Freq: 131.525MHz
Mode: T ACK, A2GLabel: _d Block ID: 5, Msg No: S37A
Flight ID: AF7342 REG: F-GMZD


Message content:-

-------------------------------------------------------[2024-02-23 21:23:07.510]

SOURCE: AIR
RX_ID: 2, Freq: 131.525MHz
Mode: T ACK, A2GLabel: _d Block ID: 6, Msg No: S38A
Flight ID: AF7342 REG: F-GMZD


Message content:-

-------------------------------------------------------[2024-02-23 21:23:34.936]

SOURCE: AIR
RX_ID: 3, Freq: 131.725MHz
Mode: 2 NACKLabel: Q0 Block ID: 7, Msg No: S39A
Flight ID: AF7342 REG: F-GMZD


Message content:-

-------------------------------------------------------[2024-02-23 21:23:36.801]

SOURCE: AIR
RX_ID: 4, Freq: 131.725MHz
Mode: G NACKLabel: H1 Block ID: 0, Msg No: D13B
Flight ID: AF7342 REG: F-GMZD


Message content:-
#DFB894,1322,XXXXX/N20834,0834,0914,5945,1317,XXXXX/S1XXXXX,0553,1363,4067,XXXX,022,N00/S2XXXXX,0545,1352,4016,XXXX,026,N00/T1099,100,025,42,072,05563,0106/T2099,100,018,40,065,05565,0080/V107,03,104,203,00,00,
-------------------------------------------------------[2024-02-23 21:29:02.253]

SOURCE: AIR
RX_ID: 5, Freq: 131.725MHz
Mode: G NACKLabel: H1 Block ID: 1, Msg No: D13C
Flight ID: AF7342 REG: F-GMZD


Message content:-
#DFB00000/V205,08,255,207,02,00,00000/V3XX,XX,XXX,XXX,XXXX/V4XX,XX,XXX,XXX,XXXX/V508,02,107,175,0916/V607,15,176,181,0916/V7041,086,00061,22222222222111/V8042,084,00081,22222222222111,/
-------------------------------------------------------[2024-02-23 21:29:06.569]

