SOURCE: AIR
RX_ID: 0, Freq: 131.725MHz
Mode: 2 NACKLabel: 15 Block ID: 4, Msg No: M54A
Flight ID: XA0001 REG: LYBGD


Message content:-
(2N43328E  6130281 16126  4(Z
-------------------------------------------------------[2024-08-20 20:13:06.794]

SOURCE: AIR
RX_ID: 1, Freq: 131.825MHz
Mode: 2 NACKLabel: H1 Block ID: 6, Msg No: D00A
Flight ID: QY8031 REG: OE-LNE


Message content:-
#DFBSTABLE CRUISE REPORT

APM     OE-LNE          QYXXXXXXDEPXDESX200824202314,757-200,
RB211,.776,.776,,256.5,256.5,,-20.25,-20.25,,36002,36002,,
169360,169360,,3296,3200,,,1.525,1.520,,,0,466,466,,0,0,,0,
-------------------------------------------------------[2024-08-20 20:24:00.510]

SOURCE: AIR
RX_ID: 2, Freq: 131.825MHz
Mode: 2 NACKLabel: H1 Block ID: 6, Msg No: D00A
Flight ID: QY8031 REG: OE-LNE


Message content:-
#DFBSTABLE CRUISE REPORT

APM     OE-LNE          QYXXXXXXDEPXDESX200824202314,757-200,
RB211,.776,.776,,256.5,256.5,,-20.25,-20.25,,36002,36002,,
169360,169360,,3296,3200,,,1.525,1.520,,,0,466,466,,0,0,,0,
-------------------------------------------------------[2024-08-20 20:24:26.295]

SOURCE: AIR
RX_ID: 3, Freq: 131.850MHz
Mode: 2 NACKLabel: H1 Block ID: 7, Msg No: D00B
Flight ID: QY8031 REG: OE-LNE


Message content:-
#DFB0,,
0,0,0,0,0,0,,,0,0,,,,,  23.2,  23.2,,  4.8,  4.8,,0,0,,0,0,
,,,0,0,    0, 8797, 8797,,,,,0,0,0,,,0,0,0,,,0,0,,0,0,,0,0,,
0,0,0,,,,,0,0,0,,,0,0,0,

CREATED BY AVIONIC ENGINEERING

-------------------------------------------------------[2024-08-20 20:24:33.681]

SOURCE: AIR
RX_ID: 4, Freq: 131.825MHz
Mode: 2 NACKLabel: H1 Block ID: 8, Msg No: D01A
Flight ID: QY8031 REG: OE-LNE


Message content:-
#DFBSTABLE CRUISE REPORT

APM     OE-LNE          QYXXXXXXDEPXDESX200824202423,757-200,
RB211,.776,.776,,256.5,256.5,,-20.25,-20.25,,36007,36007,,
169280,169280,,3232,3136,,,1.512,1.508,,,0,463,463,,0,0,,0,
-------------------------------------------------------[2024-08-20 20:25:00.525]

SOURCE: AIR
RX_ID: 5, Freq: 131.825MHz
Mode: 2 NACKLabel: H1 Block ID: 1, Msg No: F05A
Flight ID: QY8031 REG: OE-LNE


Message content:-
#M1BPOSN43448E006127,,202822,360,IRMAR,203704,KINES,M47,27739,172,780D38C
-------------------------------------------------------[2024-08-20 20:28:25.107]

SOURCE: AIR
RX_ID: 6, Freq: 131.825MHz
Mode: 2 NACKLabel: H1 Block ID: 4, Msg No: F06A
Flight ID: QY8031 REG: OE-LNE


Message content:-
#M1BPOSN45093E006521,,204002,380,ESOKO,204550,GODRA,M50,26944,159,780F2A7
-------------------------------------------------------[2024-08-20 20:40:05.315]

SOURCE: AIR
RX_ID: 7, Freq: 131.825MHz
Mode: 2 NACKLabel: B9 Block ID: 2, Msg No: L02A
Flight ID: QY1685 REG: OE-LNB


Message content:-
/EDDP.TI2/024EDDPAB993
-------------------------------------------------------[2024-08-20 20:51:41.465]

SOURCE: AIR
RX_ID: 8, Freq: 131.825MHz
Mode: 2 NACKLabel: H1 Block ID: 6, Msg No: F03A
Flight ID: QY1685 REG: OE-LNB


Message content:-
#M1BPOSN44351E005007,,205955,285,LUXAN,210602,ARKOX,M31,26444,201,7C49
-------------------------------------------------------[2024-08-20 20:59:56.868]

SOURCE: AIR
RX_ID: 9, Freq: 131.525MHz
Mode: T NACKLabel: 2F Block ID: 6, Msg No: M17A
Flight ID: AF7342 REG: F-GMZA


Message content:-
2101+4442+473/2843
-------------------------------------------------------[2024-08-20 21:01:39.084]

SOURCE: AIR
RX_ID: 10, Freq: 131.525MHz
Mode: T NACKLabel: 26 Block ID: 7, Msg No: M18A
Flight ID: AF7342 REG: F-GMZA


Message content:-
2105LFPGAF7342/202120LFML31R
-------------------------------------------------------[2024-08-20 21:05:02.864]

SOURCE: AIR
RX_ID: 11, Freq: 131.525MHz
Mode: T NACKLabel: 26 Block ID: 7, Msg No: M18A
Flight ID: AF7342 REG: F-GMZA


Message content:-
2105LFPGAF7342/202120LFML31R
-------------------------------------------------------[2024-08-20 21:05:12.665]

SOURCE: AIR
RX_ID: 12, Freq: 131.525MHz
Mode: T NACKLabel: 26 Block ID: 7, Msg No: M18A
Flight ID: AF7342 REG: F-GMZA


Message content:-
2105LFPGAF7342/202120LFML31R
-------------------------------------------------------[2024-08-20 21:05:23.746]

SOURCE: AIR
RX_ID: 13, Freq: 131.725MHz
Mode: X NACKLabel: H1 Block ID: 2, Msg No: D10A
Flight ID: AF7342 REG: F-GMZA


Message content:-
#DFBA01/A32101,1,1/CCF-GMZA,AUG20,205416,LFPG,LFML,0082/C106,04739,5000,53,0010,0,0100,53,X/CEN192,33019,263,745,7017,221,C51010/EC577504,40601,01042,22739,73,44/EE699875,27763,04993,19881,73/N10869,0869,0944,6
-------------------------------------------------------[2024-08-20 21:10:40.931]

SOURCE: AIR
RX_ID: 14, Freq: 131.725MHz
Mode: X NACKLabel: H1 Block ID: 3, Msg No: D10B
Flight ID: AF7342 REG: F-GMZA


Message content:-
#DFB315,1423,XXXXX/N20869,0869,0945,6625,1477,XXXXX/S1XXXXX,0726,1382,4433,XXXX,016,N00/S2XXXXX,0766,1422,4455,XXXX,024,001/T1099,094,025,40,069,05565,0217/T2098,088,017,42,078,05584,0252/V1043,082,005,002,271,
-------------------------------------------------------[2024-08-20 21:10:44.590]

SOURCE: AIR
RX_ID: 15, Freq: 131.725MHz
Mode: X NACKLabel: H1 Block ID: 4, Msg No: D10C
Flight ID: AF7342 REG: F-GMZA


Message content:-
#DFB00000,00061/V2043,085,009,008,321,00000,00061,/
-------------------------------------------------------[2024-08-20 21:10:47.660]

SOURCE: AIR
RX_ID: 16, Freq: 131.725MHz
Mode: X NACKLabel: H1 Block ID: 6, Msg No: D11B
Flight ID: AF7342 REG: F-GMZA


Message content:-
#DFB04993,19881,73/N10866,0866,0942,6289,1401,XXXXX/N20866,0866,0943,6601,1453,XXXXX/S1XXXXX,0724,1366,4418,XXXX,019,N00/S2XXXXX,0763,1405,4439,XXXX,027,001/T1098,097,025,40,069,05567,0217/T2098,092,017,42,079,
-------------------------------------------------------[2024-08-20 21:11:18.384]

SOURCE: AIR
RX_ID: 17, Freq: 131.725MHz
Mode: X NACKLabel: H1 Block ID: 7, Msg No: D11C
Flight ID: AF7342 REG: F-GMZA


Message content:-
#DFB05586,0252/V1043,082,005,002,273,00000,00061/V2043,085,009,008,322,00000,00061/X102235,N002,0025,N001,00013,0028/X202325,0001,0021,N001,00015,0027/X3N005,N003,N010,N007,N006,N004,N000/X40000,N002,0000,0000,
-------------------------------------------------------[2024-08-20 21:11:22.696]

SOURCE: AIR
RX_ID: 18, Freq: 131.525MHz
Mode: T NACKLabel: H1 Block ID: 6, Msg No: C54A
Flight ID: AF7468 REG: F-GTAD


Message content:-
#CFBFLR/FR24082021140031632206DU  ND2/IDEIS 2
-------------------------------------------------------[2024-08-20 21:15:02.243]

SOURCE: AIR
RX_ID: 19, Freq: 131.725MHz
Mode: X NACKLabel: H1 Block ID: 9, Msg No: C04A
Flight ID: AF7342 REG: F-GMZA


Message content:-
#CFBFLR/FR24082021140023513406 AMU(1RN)/IDAMU
-------------------------------------------------------[2024-08-20 21:15:59.185]

SOURCE: AIR
RX_ID: 20, Freq: 131.725MHz
Mode: X NACKLabel: 26 Block ID: 0, Msg No: M19A
Flight ID: AF7342 REG: F-GMZA


Message content:-
2116LFPGAF7342/202121LFML31R
-------------------------------------------------------[2024-08-20 21:16:02.877]

SOURCE: AIR
RX_ID: 21, Freq: 131.725MHz
Mode: X NACKLabel: 2F Block ID: 1, Msg No: M20A
Flight ID: AF7342 REG: F-GMZA


Message content:-
2116+4325+532/0341
-------------------------------------------------------[2024-08-20 21:16:41.171]

SOURCE: AIR
RX_ID: 22, Freq: 131.525MHz
Mode: T NACKLabel: 26 Block ID: 7, Msg No: M57A
Flight ID: AF7468 REG: F-GTAD


Message content:-
2118LFPGAF7468/202133LFMT30R
-------------------------------------------------------[2024-08-20 21:18:03.710]

SOURCE: AIR
RX_ID: 23, Freq: 131.725MHz
Mode: E NACKLabel: H1 Block ID: 7, Msg No: D03A
Flight ID: AF7468 REG: F-GTAD


Message content:-
#DFBA02/A32102,1,1/CCF-GTAD,AUG20,210404,LFPG,LFMT,7468/C106,09801,5000,53,0010,0,0100,53,X/CEN186,33012,282,795,6980,216,C51020/CNN187,33047,282,796,6980,216/EC577566,00008,01917,00006,73,51,41/EE699818,00008,
-------------------------------------------------------[2024-08-20 21:23:52.496]

SOURCE: AIR
RX_ID: 24, Freq: 131.725MHz
Mode: E NACKLabel: H1 Block ID: 8, Msg No: D03B
Flight ID: AF7468 REG: F-GTAD


Message content:-
#DFB01838,00006,73/N10865,0865,0949,6484,1501,XXXXX/N20865,0865,0945,6331,1495,XXXXX/S1XXXXX,0749,1489,4525,XXXX,012,001/S2XXXXX,0746,1461,4450,XXXX,018,003/T1094,092,024,40,051,05860,0111/T2096,092,016,41,087,
-------------------------------------------------------[2024-08-20 21:23:55.971]

SOURCE: AIR
RX_ID: 25, Freq: 131.725MHz
Mode: E NACKLabel: H1 Block ID: 8, Msg No: D03B
Flight ID: AF7468 REG: F-GTAD


Message content:-
#DFB01838,00006,73/N10865,0865,0949,6484,1501,XXXXX/N20865,0865,0945,6331,1495,XXXXX/S1XXXXX,0749,1489,4525,XXXX,012,001/S2XXXXX,0746,1461,4450,XXXX,018,003/T1094,092,024,40,051,05860,0111/T2096,092,016,41,087,
-------------------------------------------------------[2024-08-20 21:24:05.372]

SOURCE: AIR
RX_ID: 26, Freq: 131.725MHz
Mode: E NACKLabel: H1 Block ID: 8, Msg No: D03B
Flight ID: AF7468 REG: F-GTAD


Message content:-
#DFB01838,00006,73/N10865,0865,0949,6484,1501,XXXXX/N20865,0865,0945,6331,1495,XXXXX/S1XXXXX,0749,1489,4525,XXXX,012,001/S2XXXXX,0746,1461,4450,XXXX,018,003/T1094,092,024,40,051,05860,0111/T2096,092,016,41,087,
-------------------------------------------------------[2024-08-20 21:24:18.279]

SOURCE: AIR
RX_ID: 27, Freq: 131.725MHz
Mode: G NACKLabel: H1 Block ID: 8, Msg No: D03B
Flight ID: AF7468 REG: F-GTAD


Message content:-
#DFB01838,00006,73/N10865,0865,0949,6484,1501,XXXXX/N20865,0865,0945,6331,1495,XXXXX/S1XXXXX,0749,1489,4525,XXXX,012,001/S2XXXXX,0746,1461,4450,XXXX,018,003/T1094,092,024,40,051,05860,0111/T2096,092,016,41,087,
-------------------------------------------------------[2024-08-20 21:24:27.499]

SOURCE: AIR
RX_ID: 28, Freq: 131.725MHz
Mode: G NACKLabel: H1 Block ID: 9, Msg No: D03C
Flight ID: AF7468 REG: F-GTAD


Message content:-
#DFB05791,0116/V115,25,347,106,04,01,01000/V210,04,291,139,03,00,00000/V317,12,082,204,0618/V415,10,025,186,0618/V516,18,006,069,0916/V609,04,306,120,0916/V7043,088,00061,22222222222111/V8043,085,00061,22222222
-------------------------------------------------------[2024-08-20 21:24:31.190]

SOURCE: AIR
RX_ID: 29, Freq: 131.725MHz
Mode: G NACKLabel: H1 Block ID: 0, Msg No: D03D
Flight ID: AF7468 REG: F-GTAD


Message content:-
#DFB222111/X102202,N002,0015,0002,00009,0021/X202373,N003,0017,0001,00010,0021/X30004,0011,0003,N007,N009,0004,N000/X40000,N000,N000,N000,0000,0000/X50000,0000,N001,N000,0000,0000/X61765,E0028,N459,056,260,0151
-------------------------------------------------------[2024-08-20 21:24:34.480]

SOURCE: AIR
RX_ID: 30, Freq: 131.825MHz
Mode: 2 NACKLabel: 1L Block ID: 7, Msg No: M28A
Flight ID: LH0500 REG: D-AIGO


Message content:-
00025209298Q))KKI XXYYSJ64JAH8OAG2*+ C+EE269 5110GGB:T5T9U1+
-------------------------------------------------------[2024-08-20 21:38:16.797]

SOURCE: AIR
RX_ID: 31, Freq: 131.725MHz
Mode: G NACKLabel: H1 Block ID: 4, Msg No: D94A
Flight ID: X3092G REG: D-ATUJ


Message content:-
#DFBCRZ106D-ATUJ20082311-246-522360017896782209500008880888092709266696601151231256125362624551086086049038038024019019039010355236351258-0006-005011000000110762960766960039B0039B803030328 342 342122123-2400-23
-------------------------------------------------------[2024-08-20 23:15:35.920]

SOURCE: AIR
RX_ID: 32, Freq: 131.725MHz
Mode: G NACKLabel: H1 Block ID: 4, Msg No: D94A
Flight ID: X3092G REG: D-ATUJ


Message content:-
#DFBCRZ106D-ATUJ20082311-246-522360017896782209500008880888092709266696601151231256125362624551086086049038038024019019039010355236351258-0006-005011000000110762960766960039B0039B803030328 342 342122123-2400-23
-------------------------------------------------------[2024-08-20 23:15:56.619]

SOURCE: AIR
RX_ID: 33, Freq: 131.725MHz
Mode: G NACKLabel: H1 Block ID: 5, Msg No: D94B
Flight ID: X3092G REG: D-ATUJ


Message content:-
#DFB25  55  574210421509969100000661206569-001-001-0030010100310031007100703540357  44457262508    8 58267 5438442242264302CRUZ
-------------------------------------------------------[2024-08-20 23:16:00.313]

SOURCE: AIR
RX_ID: 34, Freq: 131.725MHz
Mode: G NACKLabel: H1 Block ID: 8, Msg No: D96A
Flight ID: X3092G REG: D-ATUJ


Message content:-
#DFBCAB102D-ATUJ20082319-242-520359987916744107100006360090756203290781110009743101100000011-11360070756203300781110009743521100000011-16360060756503300781110009743141100000011-213600407560033007811100097432811
-------------------------------------------------------[2024-08-20 23:20:07.904]

SOURCE: AIR
RX_ID: 35, Freq: 131.725MHz
Mode: G NACKLabel: H1 Block ID: 9, Msg No: D96B
Flight ID: X3092G REG: D-ATUJ


Message content:-
#DFB00000011-26360040756503300781110009743241100000011-31360040756503300781110011343181100000011-36360030756203300781110009743041100000011-41360040756503300781110008242731100000011-46360030756003300781110011342
-------------------------------------------------------[2024-08-20 23:20:12.219]

SOURCE: AIR
RX_ID: 36, Freq: 131.725MHz
Mode: G NACKLabel: H1 Block ID: 0, Msg No: D96C
Flight ID: X3092G REG: D-ATUJ


Message content:-
#DFB591100000011-51360050756203300781110011342791100000011-56360050756503300781110011342931100000011-01360050756503300781110009742731100000011-06360020756703300781110009742711100000011-1136001075650330078111000
-------------------------------------------------------[2024-08-20 23:20:16.315]

SOURCE: AIR
RX_ID: 37, Freq: 131.725MHz
Mode: G NACKLabel: H1 Block ID: 1, Msg No: D96D
Flight ID: X3092G REG: D-ATUJ


Message content:-
#DFB9742931100000011-16359990756203300781110009742791100000011-21359990756003300781110011342711100000011-26359980756503300781110011342471100000011-31359960756203300781110011342181100000011-363599807571033007811
-------------------------------------------------------[2024-08-20 23:20:20.410]

SOURCE: AIR
RX_ID: 38, Freq: 131.725MHz
Mode: G NACKLabel: H1 Block ID: 2, Msg No: D96E
Flight ID: X3092G REG: D-ATUJ


Message content:-
#DFB10006742471100000011-41359970756203300781110006742591100000011-STBY/NORM/0/4/OFF / 36000/  1050/NO /::::::/::::::/::::::/::::::/::::::/::::::/::::::
-------------------------------------------------------[2024-08-20 23:20:24.288]

SOURCE: AIR
RX_ID: 39, Freq: 131.725MHz
Mode: G NACKLabel: 5Z Block ID: 4, Msg No: M64A
Flight ID: X3092G REG: D-ATUJ


Message content:-
000202-1701W0IG8(UOKYLA9IO3A8KO7Y8GBIOPOO3,
AGGIGFBY.A6I9YLAIE4.AYL6ICLL0YBE(I:PO,NN
4E6I/C4E9IGFIAB)I/CB4G
BF4(CLIDCAL(0KIBK0
4E5I4/F (LCI(0WE(DKGI/C4
EA0(0KI (AIKFBM
HA94F(0GIL(GF0IW8CEIF0IJ
FA/LII1MPG
-------------------------------------------------------[2024-08-20 23:22:10.381]

SOURCE: AIR
RX_ID: 40, Freq: 131.725MHz
Mode: G NACKLabel: 5Z Block ID: 5, Msg No: M64B
Flight ID: X3092G REG: D-ATUJ


Message content:-

ABG8AEI5WHI-3,7P
GD:

-------------------------------------------------------[2024-08-20 23:22:13.672]

SOURCE: AIR
RX_ID: 41, Freq: 131.725MHz
Mode: G NACKLabel: H1 Block ID: 6, Msg No: F07A
Flight ID: CC2611 REG: TF-AMU


Message content:-
#M1BPOSN44315E006020,,234808,310,RET09,234916,DOT10,M40,25848,1469,84,D1B2
-------------------------------------------------------[2024-08-20 23:48:12.821]

