SOURCE: AIR
RX_ID: 0, Freq: 131.725MHz
Mode: G NACKLabel: 23 Block ID: 2, Msg No: M29A
Flight ID: TO75UW REG: F-GZHQ


Message content:-
TVF75UW/.F-GZHQ/0829
-------------------------------------------------------[2024-02-20 09:07:18.584]

SOURCE: AIR
RX_ID: 1, Freq: 131.725MHz
Mode: G NACKLabel: QP Block ID: 4, Msg No: M31A
Flight ID: TO75UW REG: F-GZHQ


Message content:-
LFMTLFPO0842  55     
-------------------------------------------------------[2024-02-20 09:07:26.152]

SOURCE: AIR
RX_ID: 2, Freq: 131.725MHz
Mode: G NACKLabel: B9 Block ID: 6, Msg No: M35A
Flight ID: TO75UW REG: F-GZHQ


Message content:-
/LFPG.TI2/040LFPGA5E44
-------------------------------------------------------[2024-02-20 09:08:49.319]

SOURCE: AIR
RX_ID: 3, Freq: 131.725MHz
Mode: 2 NACKLabel: Q0 Block ID: 6, Msg No: S29A
Flight ID: AH1022 REG: 7T-VJO


Message content:-

-------------------------------------------------------[2024-02-20 09:10:43.384]

SOURCE: AIR
RX_ID: 4, Freq: 131.725MHz
Mode: 2 NACKLabel: H1 Block ID: 8, Msg No: D21A
Flight ID: AH1022 REG: 7T-VJO


Message content:-
#DFB411017T-VJOB737-80020FEB24AH1022DAAGLFML2594AH706A
084329CR403836001262790-615-350N40583E004288136452
08550855089808990642064200240026
026130261300620062049045088088
004060070053000005000006
2760232430
-------------------------------------------------------[2024-02-20 09:10:59.143]

SOURCE: AIR
RX_ID: 5, Freq: 131.725MHz
Mode: 2 NACKLabel: H1 Block ID: 9, Msg No: D21B
Flight ID: AH1022 REG: 7T-VJO


Message content:-
#DFB00000
11000000110808580859000000001
018CE018CE000000000000009000093984439A04
000000100010000200007F0925F0920000000000
40849408468049718899837E6D7BA6AA
03460343100100066066-001-002XXXX0427
034203421158
-------------------------------------------------------[2024-02-20 09:11:03.459]

SOURCE: AIR
RX_ID: 6, Freq: 131.725MHz
Mode: 2 NACKLabel: H1 Block ID: 0, Msg No: D21C
Flight ID: AH1022 REG: 7T-VJO


Message content:-
#DFB11780420430386039164206415
1101110111111111X011110102595040912
11011101111111111011110102595040912

-------------------------------------------------------[2024-02-20 09:11:07.555]

SOURCE: AIR
RX_ID: 7, Freq: 131.725MHz
Mode: 2 NACKLabel: 5V Block ID: 1, Msg No: S30A
Flight ID: AH1022 REG: 7T-VJO


Message content:-

-------------------------------------------------------[2024-02-20 09:11:21.087]

SOURCE: AIR
RX_ID: 8, Freq: 131.725MHz
Mode: X NACKLabel: Q0 Block ID: 9, Msg No: S53A
Flight ID: TO75UW REG: F-GZHQ


Message content:-

-------------------------------------------------------[2024-02-20 09:15:14.111]

SOURCE: AIR
RX_ID: 9, Freq: 131.725MHz
Mode: E NACKLabel: 10 Block ID: 0, Msg No: M12A
Flight ID: KL0104 REG: PH-BVD


Message content:-
ETA07A20091600KLM104  FACTEHAM201032EHAM0171
-------------------------------------------------------[2024-02-20 09:16:17.194]

SOURCE: AIR
RX_ID: 10, Freq: 131.525MHz
Mode: T NACKLabel: H1 Block ID: 5, Msg No: C04A
Flight ID: AF7304 REG: F-GTAD


Message content:-
#CFBFLR/FR24022010010032493406SDAC2:NO DATA FROM      TPIU/IDECAM 2,TPIS,ECAM 1
-------------------------------------------------------[2024-02-20 10:02:58.987]

SOURCE: AIR
RX_ID: 11, Freq: 131.525MHz
Mode: T NACKLabel: 2Z Block ID: 6, Msg No: M14A
Flight ID: AF7304 REG: F-GTAD


Message content:-
LFMN
-------------------------------------------------------[2024-02-20 10:07:02.663]

SOURCE: AIR
RX_ID: 12, Freq: 131.525MHz
Mode: T ACK, A2GLabel: _d Block ID: 7, Msg No: S40A
Flight ID: AF7304 REG: F-GTAD


Message content:-

-------------------------------------------------------[2024-02-20 10:07:16.012]

SOURCE: AIR
RX_ID: 13, Freq: 131.525MHz
Mode: T NACKLabel: B9 Block ID: 8, Msg No: L06A
Flight ID: AF7304 REG: F-GTAD


Message content:-
/LFMN.TI2/064LFMNA83AC
-------------------------------------------------------[2024-02-20 10:08:37.563]

SOURCE: AIR
RX_ID: 14, Freq: 131.525MHz
Mode: T NACKLabel: B9 Block ID: 9, Msg No: L07A
Flight ID: AF7304 REG: F-GTAD


Message content:-
/LFMN.TI2/064LFMNA83AC
-------------------------------------------------------[2024-02-20 10:08:42.283]

SOURCE: AIR
RX_ID: 15, Freq: 131.525MHz
Mode: T ACK, A2GLabel: B9 Block ID: 9, Msg No: L07A
Flight ID: AF7304 REG: F-GTAD


Message content:-
/LFMN.TI2/064LFMNA83AC
-------------------------------------------------------[2024-02-20 10:08:42.718]

SOURCE: AIR
RX_ID: 16, Freq: 131.525MHz
Mode: T ACK, A2GLabel: _d Block ID: 0, Msg No: S41A
Flight ID: AF7304 REG: F-GTAD


Message content:-

-------------------------------------------------------[2024-02-20 10:08:45.973]

SOURCE: AIR
RX_ID: 17, Freq: 131.525MHz
Mode: T ACK, A2GLabel: _d Block ID: 1, Msg No: S42A
Flight ID: AF7304 REG: F-GTAD


Message content:-

-------------------------------------------------------[2024-02-20 10:08:49.487]

SOURCE: AIR
RX_ID: 18, Freq: 131.525MHz
Mode: T ACK, A2GLabel: _d Block ID: 2, Msg No: S43A
Flight ID: AF7304 REG: F-GTAD


Message content:-

-------------------------------------------------------[2024-02-20 10:08:53.106]

SOURCE: AIR
RX_ID: 19, Freq: 131.525MHz
Mode: T ACK, A2GLabel: _d Block ID: 3, Msg No: S44A
Flight ID: AF7304 REG: F-GTAD


Message content:-

-------------------------------------------------------[2024-02-20 10:08:57.604]

SOURCE: AIR
RX_ID: 20, Freq: 131.525MHz
Mode: T ACK, A2GLabel: _d Block ID: 4, Msg No: S45A
Flight ID: AF7304 REG: F-GTAD


Message content:-

-------------------------------------------------------[2024-02-20 10:09:01.080]

SOURCE: AIR
RX_ID: 21, Freq: 131.525MHz
Mode: T NACKLabel: 2F Block ID: 5, Msg No: M15A
Flight ID: AF7304 REG: F-GTAD


Message content:-
1011+4420+544/2850
-------------------------------------------------------[2024-02-20 10:11:24.328]

SOURCE: AIR
RX_ID: 22, Freq: 131.525MHz
Mode: T NACKLabel: 26 Block ID: 6, Msg No: M16A
Flight ID: AF7304 REG: F-GTAD


Message content:-
1014LFPGAF7304/201029LFMN04R
-------------------------------------------------------[2024-02-20 10:14:25.429]

SOURCE: AIR
RX_ID: 23, Freq: 131.725MHz
Mode: G ACK, A2GLabel: _d Block ID: 6, Msg No: M64A
Flight ID: GS468R REG: CSDLG


Message content:-

-------------------------------------------------------[2024-02-20 11:42:06.889]

SOURCE: AIR
RX_ID: 24, Freq: 131.725MHz
Mode: G ACK, A2GLabel: _d Block ID: 8, Msg No: M66A
Flight ID: GS468R REG: CSDLG


Message content:-

-------------------------------------------------------[2024-02-20 11:42:16.724]

SOURCE: AIR
RX_ID: 25, Freq: 131.725MHz
Mode: G ACK, A2GLabel: _d Block ID: 9, Msg No: M67A
Flight ID: GS468R REG: CSDLG


Message content:-

-------------------------------------------------------[2024-02-20 11:42:20.859]

SOURCE: AIR
RX_ID: 26, Freq: 131.725MHz
Mode: G NACKLabel: H1 Block ID: 0, Msg No: A02A
Flight ID: GS468R REG: CSDLG


Message content:-
#M1B/.RESTWX/AK,071/TS114220,200224C997
-------------------------------------------------------[2024-02-20 11:42:23.343]

SOURCE: AIR
RX_ID: 27, Freq: 131.725MHz
Mode: G NACKLabel: Q0 Block ID: 1, Msg No: M68A
Flight ID: GS468R REG: CSDLG


Message content:-

-------------------------------------------------------[2024-02-20 11:45:32.603]

SOURCE: AIR
RX_ID: 28, Freq: 131.725MHz
Mode: G NACKLabel: Q0 Block ID: 2, Msg No: M69A
Flight ID: GS468R REG: CSDLG


Message content:-

-------------------------------------------------------[2024-02-20 11:46:09.173]

SOURCE: AIR
RX_ID: 29, Freq: 131.725MHz
Mode: E NACKLabel: 44 Block ID: 3, Msg No: M70A
Flight ID: GS468R REG: CSDLG


Message content:-
06cE5g.7M9C9) Lgg)g()79.g7a5Ao7aL6?7g  g7..9(7.C `7f,g;;
-------------------------------------------------------[2024-02-20 11:47:39.217]

SOURCE: AIR
RX_ID: 30, Freq: 131.725MHz
Mode: G NACKLabel: Q0 Block ID: 6, Msg No: M73A
Flight ID: GS468R REG: CSDLG


Message content:-

-------------------------------------------------------[2024-02-20 11:50:20.018]

SOURCE: AIR
RX_ID: 31, Freq: 131.725MHz
Mode: X NACKLabel: Q0 Block ID: 7, Msg No: M74A
Flight ID: GS468R REG: CSDLG


Message content:-

-------------------------------------------------------[2024-02-20 11:51:13.411]

SOURCE: AIR
RX_ID: 32, Freq: 131.725MHz
Mode: G NACKLabel: Q0 Block ID: 8, Msg No: M75A
Flight ID: GS468R REG: CSDLG


Message content:-

-------------------------------------------------------[2024-02-20 11:52:24.329]

SOURCE: AIR
RX_ID: 33, Freq: 131.725MHz
Mode: X NACKLabel: Q0 Block ID: 9, Msg No: M76A
Flight ID: GS468R REG: CSDLG


Message content:-

-------------------------------------------------------[2024-02-20 11:53:01.258]

SOURCE: AIR
RX_ID: 34, Freq: 131.725MHz
Mode: G NACKLabel: Q0 Block ID: 0, Msg No: M77A
Flight ID: GS468R REG: CSDLG


Message content:-

-------------------------------------------------------[2024-02-20 11:53:57.360]

SOURCE: AIR
RX_ID: 35, Freq: 131.725MHz
Mode: E NACKLabel: Q0 Block ID: 2, Msg No: S34A
Flight ID: ZD3471 REG: 330002


Message content:-

-------------------------------------------------------[2024-02-20 12:26:44.040]

SOURCE: AIR
RX_ID: 36, Freq: 131.725MHz
Mode: G NACKLabel: Q0 Block ID: 5, Msg No: S37A
Flight ID: ZD3471 REG: 330002


Message content:-

-------------------------------------------------------[2024-02-20 12:27:42.217]

SOURCE: AIR
RX_ID: 37, Freq: 131.725MHz
Mode: E NACKLabel: 5V Block ID: 9, Msg No: S41A
Flight ID: ZD3471 REG: 330002


Message content:-

-------------------------------------------------------[2024-02-20 12:28:53.454]

SOURCE: AIR
RX_ID: 38, Freq: 131.725MHz
Mode: 2 NACKLabel: Q0 Block ID: 0, Msg No: S42A
Flight ID: ZD3471 REG: 330002


Message content:-

-------------------------------------------------------[2024-02-20 12:29:04.025]

SOURCE: AIR
RX_ID: 39, Freq: 131.725MHz
Mode: X NACKLabel: Q0 Block ID: 1, Msg No: S43A
Flight ID: ZD3471 REG: 330002


Message content:-

-------------------------------------------------------[2024-02-20 12:29:16.862]

SOURCE: AIR
RX_ID: 40, Freq: 131.725MHz
Mode: X NACKLabel: 5V Block ID: 2, Msg No: S44A
Flight ID: ZD3471 REG: 330002


Message content:-

-------------------------------------------------------[2024-02-20 12:29:46.228]

SOURCE: AIR
RX_ID: 41, Freq: 131.725MHz
Mode: 2 NACKLabel: Q0 Block ID: 3, Msg No: S45A
Flight ID: ZD3471 REG: 330002


Message content:-

-------------------------------------------------------[2024-02-20 12:29:57.455]

SOURCE: AIR
RX_ID: 42, Freq: 131.725MHz
Mode: G NACKLabel: Q0 Block ID: 4, Msg No: S46A
Flight ID: ZD3471 REG: 330002


Message content:-

-------------------------------------------------------[2024-02-20 12:30:01.151]

SOURCE: AIR
RX_ID: 43, Freq: 131.725MHz
Mode: G NACKLabel: 5V Block ID: 5, Msg No: S47A
Flight ID: ZD3471 REG: 330002


Message content:-

-------------------------------------------------------[2024-02-20 12:30:26.749]

SOURCE: AIR
RX_ID: 44, Freq: 131.725MHz
Mode: X NACKLabel: Q0 Block ID: 7, Msg No: S49A
Flight ID: ZD3471 REG: 330002


Message content:-

-------------------------------------------------------[2024-02-20 12:31:17.585]

SOURCE: AIR
RX_ID: 45, Freq: 131.725MHz
Mode: X NACKLabel: 5V Block ID: 8, Msg No: S50A
Flight ID: ZD3471 REG: 330002


Message content:-

-------------------------------------------------------[2024-02-20 12:31:20.441]

SOURCE: AIR
RX_ID: 46, Freq: 131.725MHz
Mode: 2 NACKLabel: Q0 Block ID: 9, Msg No: S51A
Flight ID: ZD3471 REG: 330002


Message content:-

-------------------------------------------------------[2024-02-20 12:31:31.854]

SOURCE: AIR
RX_ID: 47, Freq: 131.725MHz
Mode: G NACKLabel: Q0 Block ID: 0, Msg No: S52A
Flight ID: ZD3471 REG: 330002


Message content:-

-------------------------------------------------------[2024-02-20 12:31:47.168]

SOURCE: AIR
RX_ID: 48, Freq: 131.725MHz
Mode: G NACKLabel: 5V Block ID: 1, Msg No: S53A
Flight ID: ZD3471 REG: 330002


Message content:-

-------------------------------------------------------[2024-02-20 12:32:01.175]

SOURCE: AIR
RX_ID: 49, Freq: 131.725MHz
Mode: 2 NACKLabel: Q0 Block ID: 2, Msg No: S54A
Flight ID: ZD3471 REG: 330002


Message content:-

-------------------------------------------------------[2024-02-20 12:32:12.588]

SOURCE: AIR
RX_ID: 50, Freq: 131.725MHz
Mode: G NACKLabel: Q0 Block ID: 3, Msg No: S55A
Flight ID: ZD3471 REG: 330002


Message content:-

-------------------------------------------------------[2024-02-20 12:32:27.359]

SOURCE: AIR
RX_ID: 51, Freq: 131.725MHz
Mode: G ACK, A2GLabel: _d Block ID: 4, Msg No: S56A
Flight ID: ZD3471 REG: 330002


Message content:-

-------------------------------------------------------[2024-02-20 12:32:47.436]

SOURCE: AIR
RX_ID: 52, Freq: 131.725MHz
Mode: G NACKLabel: H1 Block ID: 5, Msg No: F12A
Flight ID: ZD3471 REG: 330002


Message content:-
#M1BRESREQ/AK,115/TS123247,200224246D
-------------------------------------------------------[2024-02-20 12:32:48.242]

SOURCE: AIR
RX_ID: 53, Freq: 131.725MHz
Mode: G NACKLabel: H1 Block ID: 6, Msg No: F13A
Flight ID: ZD3471 REG: 330002


Message content:-
#M1BPOSN44192E005178,XIRBI230-0009,123248,289,DOTIG230-0007,123428,VEDIK230-0003,M44,00583,213/TS123248,20022437EC
-------------------------------------------------------[2024-02-20 12:32:51.935]

SOURCE: AIR
RX_ID: 54, Freq: 131.725MHz
Mode: 2 NACKLabel: Q0 Block ID: 8, Msg No: S58A
Flight ID: ZD3471 REG: 330002


Message content:-

-------------------------------------------------------[2024-02-20 12:33:07.153]

SOURCE: AIR
RX_ID: 55, Freq: 131.725MHz
Mode: X NACKLabel: Q0 Block ID: 9, Msg No: S59A
Flight ID: ZD3471 REG: 330002


Message content:-

-------------------------------------------------------[2024-02-20 12:33:18.669]

SOURCE: AIR
RX_ID: 56, Freq: 131.725MHz
Mode: X NACKLabel: 5V Block ID: 0, Msg No: S60A
Flight ID: ZD3471 REG: 330002


Message content:-

-------------------------------------------------------[2024-02-20 12:33:48.877]

SOURCE: AIR
RX_ID: 57, Freq: 131.725MHz
Mode: 2 NACKLabel: Q0 Block ID: 1, Msg No: S61A
Flight ID: ZD3471 REG: 330002


Message content:-

-------------------------------------------------------[2024-02-20 12:33:59.776]

SOURCE: AIR
RX_ID: 58, Freq: 131.725MHz
Mode: G NACKLabel: Q0 Block ID: 2, Msg No: S62A
Flight ID: ZD3471 REG: 330002


Message content:-

-------------------------------------------------------[2024-02-20 12:34:33.495]

SOURCE: AIR
RX_ID: 59, Freq: 131.725MHz
Mode: G NACKLabel: 5V Block ID: 3, Msg No: S63A
Flight ID: ZD3471 REG: 330002


Message content:-

-------------------------------------------------------[2024-02-20 12:34:36.572]

SOURCE: AIR
RX_ID: 60, Freq: 131.725MHz
Mode: 2 NACKLabel: Q0 Block ID: 4, Msg No: S64A
Flight ID: ZD3471 REG: 330002


Message content:-

-------------------------------------------------------[2024-02-20 12:34:47.616]

SOURCE: AIR
RX_ID: 61, Freq: 131.725MHz
Mode: X NACKLabel: Q0 Block ID: 5, Msg No: S65A
Flight ID: ZD3471 REG: 330002


Message content:-

-------------------------------------------------------[2024-02-20 12:34:56.241]

SOURCE: AIR
RX_ID: 62, Freq: 131.725MHz
Mode: X NACKLabel: 5V Block ID: 6, Msg No: S66A
Flight ID: ZD3471 REG: 330002


Message content:-

-------------------------------------------------------[2024-02-20 12:35:18.298]

SOURCE: AIR
RX_ID: 63, Freq: 131.725MHz
Mode: 2 NACKLabel: Q0 Block ID: 7, Msg No: S67A
Flight ID: ZD3471 REG: 330002


Message content:-

-------------------------------------------------------[2024-02-20 12:35:29.345]

SOURCE: AIR
RX_ID: 64, Freq: 131.725MHz
Mode: G NACKLabel: Q0 Block ID: 8, Msg No: S68A
Flight ID: ZD3471 REG: 330002


Message content:-

-------------------------------------------------------[2024-02-20 12:35:41.775]

SOURCE: AIR
RX_ID: 65, Freq: 131.725MHz
Mode: 2 NACKLabel: Q0 Block ID: 0, Msg No: S70A
Flight ID: ZD3471 REG: 330002


Message content:-

-------------------------------------------------------[2024-02-20 12:36:18.599]

SOURCE: AIR
RX_ID: 66, Freq: 131.725MHz
Mode: E NACKLabel: Q0 Block ID: 1, Msg No: S71A
Flight ID: ZD3471 REG: 330002


Message content:-

-------------------------------------------------------[2024-02-20 12:36:29.941]

SOURCE: AIR
RX_ID: 67, Freq: 131.725MHz
Mode: E NACKLabel: 5V Block ID: 2, Msg No: S72A
Flight ID: ZD3471 REG: 330002


Message content:-

-------------------------------------------------------[2024-02-20 12:37:23.039]

SOURCE: AIR
RX_ID: 68, Freq: 131.725MHz
Mode: G NACKLabel: Q0 Block ID: 4, Msg No: S74A
Flight ID: ZD3471 REG: 330002


Message content:-

-------------------------------------------------------[2024-02-20 12:37:42.320]

SOURCE: AIR
RX_ID: 69, Freq: 131.725MHz
Mode: G NACKLabel: 5V Block ID: 5, Msg No: S75A
Flight ID: ZD3471 REG: 330002


Message content:-

-------------------------------------------------------[2024-02-20 12:38:03.271]

SOURCE: AIR
RX_ID: 70, Freq: 131.725MHz
Mode: 2 NACKLabel: Q0 Block ID: 6, Msg No: S76A
Flight ID: ZD3471 REG: 330002


Message content:-

-------------------------------------------------------[2024-02-20 12:38:14.334]

SOURCE: AIR
RX_ID: 71, Freq: 131.725MHz
Mode: E NACKLabel: Q0 Block ID: 7, Msg No: S77A
Flight ID: ZD3471 REG: 330002


Message content:-

-------------------------------------------------------[2024-02-20 12:38:33.256]

SOURCE: AIR
RX_ID: 72, Freq: 131.725MHz
Mode: E NACKLabel: 5V Block ID: 8, Msg No: S78A
Flight ID: ZD3471 REG: 330002


Message content:-

-------------------------------------------------------[2024-02-20 12:39:46.326]

SOURCE: AIR
RX_ID: 73, Freq: 131.725MHz
Mode: G NACKLabel: 5V Block ID: 1, Msg No: S81A
Flight ID: ZD3471 REG: 330002


Message content:-

-------------------------------------------------------[2024-02-20 12:42:08.227]

SOURCE: AIR
RX_ID: 74, Freq: 131.725MHz
Mode: 2 NACKLabel: Q0 Block ID: 2, Msg No: S82A
Flight ID: ZD3471 REG: 330002


Message content:-

-------------------------------------------------------[2024-02-20 12:42:19.083]

SOURCE: AIR
RX_ID: 75, Freq: 131.725MHz
Mode: 2 NACKLabel: 5V Block ID: 8, Msg No: S42A
Flight ID: AH1155 REG: 7T-VKH


Message content:-

-------------------------------------------------------[2024-02-20 12:43:29.447]

SOURCE: AIR
RX_ID: 76, Freq: 131.725MHz
Mode: X NACKLabel: Q0 Block ID: 8, Msg No: S20A
Flight ID: 7L3317 REG: 4K-BCI


Message content:-

-------------------------------------------------------[2024-02-20 13:01:16.784]

SOURCE: AIR
RX_ID: 77, Freq: 131.725MHz
Mode: G NACKLabel: Q0 Block ID: 9, Msg No: S21A
Flight ID: 7L3317 REG: 4K-BCI


Message content:-

-------------------------------------------------------[2024-02-20 13:01:45.582]

SOURCE: AIR
RX_ID: 78, Freq: 131.725MHz
Mode: E NACKLabel: Q0 Block ID: 2, Msg No: S24A
Flight ID: 7L3317 REG: 4K-BCI


Message content:-

-------------------------------------------------------[2024-02-20 13:06:15.763]

SOURCE: AIR
RX_ID: 79, Freq: 131.725MHz
Mode: 2 NACKLabel: Q0 Block ID: 6, Msg No: M43A
Flight ID: ZD0000 REG: 7TVPC


Message content:-

-------------------------------------------------------[2024-02-20 13:27:30.969]

SOURCE: AIR
RX_ID: 80, Freq: 131.725MHz
Mode: G NACKLabel: Q0 Block ID: 7, Msg No: M44A
Flight ID: ZD0000 REG: 7TVPC


Message content:-

-------------------------------------------------------[2024-02-20 13:27:34.038]

SOURCE: AIR
RX_ID: 81, Freq: 131.725MHz
Mode: G NACKLabel: SA Block ID: 8, Msg No: M46A
Flight ID: ZD0000 REG: 7TVPC


Message content:-
0EV132729VS/
-------------------------------------------------------[2024-02-20 13:27:34.476]

SOURCE: AIR
RX_ID: 82, Freq: 131.725MHz
Mode: X NACKLabel: Q0 Block ID: 9, Msg No: M47A
Flight ID: ZD0000 REG: 7TVPC


Message content:-

-------------------------------------------------------[2024-02-20 13:27:37.732]

SOURCE: AIR
RX_ID: 83, Freq: 131.725MHz
Mode: X NACKLabel: Q0 Block ID: 0, Msg No: M48A
Flight ID: ZD0000 REG: 7TVPC


Message content:-

-------------------------------------------------------[2024-02-20 13:27:40.804]

SOURCE: AIR
RX_ID: 84, Freq: 131.725MHz
Mode: G NACKLabel: Q0 Block ID: 1, Msg No: M49A
Flight ID: ZD0000 REG: 7TVPC


Message content:-

-------------------------------------------------------[2024-02-20 13:29:18.270]

SOURCE: AIR
RX_ID: 85, Freq: 131.725MHz
Mode: G NACKLabel: 44 Block ID: 2, Msg No: M50A
Flight ID: ZD0000 REG: 7TVPC


Message content:-
00POS02,N43144E005026,390,EBBR,*,0220,1330,1428,*****
-------------------------------------------------------[2024-02-20 13:31:03.852]

SOURCE: AIR
RX_ID: 86, Freq: 131.725MHz
Mode: E NACKLabel: Q0 Block ID: 3, Msg No: M51A
Flight ID: ZD0000 REG: 7TVPC


Message content:-

-------------------------------------------------------[2024-02-20 13:31:30.582]

SOURCE: AIR
RX_ID: 87, Freq: 131.525MHz
Mode: T NACKLabel: 2Z Block ID: 1, Msg No: M90A
Flight ID: AF7306 REG: F-GMZC


Message content:-
LFMN
-------------------------------------------------------[2024-02-20 13:32:04.739]

SOURCE: AIR
RX_ID: 88, Freq: 131.525MHz
Mode: T ACK, A2GLabel: _d Block ID: 2, Msg No: S74A
Flight ID: AF7306 REG: F-GMZC


Message content:-

-------------------------------------------------------[2024-02-20 13:33:44.835]

SOURCE: AIR
RX_ID: 89, Freq: 131.525MHz
Mode: T NACKLabel: 2F Block ID: 3, Msg No: M91A
Flight ID: AF7306 REG: F-GMZC


Message content:-
1336+4419+546/2747
-------------------------------------------------------[2024-02-20 13:37:02.764]

SOURCE: AIR
RX_ID: 90, Freq: 131.525MHz
Mode: T NACKLabel: 26 Block ID: 4, Msg No: M92A
Flight ID: AF7306 REG: F-GMZC


Message content:-
1340LFPGAF7306/201355LFMN04R
-------------------------------------------------------[2024-02-20 13:40:05.252]

SOURCE: AIR
RX_ID: 91, Freq: 131.725MHz
Mode: 2 NACKLabel: Q0 Block ID: 3, Msg No: S82A
Flight ID: AH1544 REG: 7T-VKF


Message content:-

-------------------------------------------------------[2024-02-20 14:01:42.190]

SOURCE: AIR
RX_ID: 92, Freq: 131.725MHz
Mode: 2 NACKLabel: SA Block ID: 4, Msg No: M73A
Flight ID: AH1544 REG: 7T-VKF


Message content:-
0EV140144VS
-------------------------------------------------------[2024-02-20 14:01:45.663]

SOURCE: AIR
RX_ID: 93, Freq: 131.725MHz
Mode: G NACKLabel: Q0 Block ID: 5, Msg No: S83A
Flight ID: AH1544 REG: 7T-VKF


Message content:-

-------------------------------------------------------[2024-02-20 14:01:58.770]

SOURCE: AIR
RX_ID: 94, Freq: 131.725MHz
Mode: G NACKLabel: 5V Block ID: 6, Msg No: S84A
Flight ID: AH1544 REG: 7T-VKF


Message content:-

-------------------------------------------------------[2024-02-20 14:02:17.665]

SOURCE: AIR
RX_ID: 95, Freq: 131.725MHz
Mode: 2 NACKLabel: Q0 Block ID: 7, Msg No: S85A
Flight ID: AH1544 REG: 7T-VKF


Message content:-

-------------------------------------------------------[2024-02-20 14:06:27.704]

SOURCE: AIR
RX_ID: 96, Freq: 131.725MHz
Mode: 2 NACKLabel: SA Block ID: 8, Msg No: M75A
Flight ID: AH1544 REG: 7T-VKF


Message content:-
0EV140630VS
-------------------------------------------------------[2024-02-20 14:06:31.178]

SOURCE: AIR
RX_ID: 97, Freq: 131.725MHz
Mode: 2 NACKLabel: 5V Block ID: 9, Msg No: S86A
Flight ID: AH1544 REG: 7T-VKF


Message content:-

-------------------------------------------------------[2024-02-20 14:07:32.181]

SOURCE: AIR
RX_ID: 98, Freq: 131.725MHz
Mode: 2 NACKLabel: Q0 Block ID: 0, Msg No: S88A
Flight ID: AH1544 REG: 7T-VKF


Message content:-

-------------------------------------------------------[2024-02-20 14:11:42.365]

SOURCE: AIR
RX_ID: 99, Freq: 131.725MHz
Mode: X NACKLabel: SA Block ID: 1, Msg No: M77A
Flight ID: AH1544 REG: 7T-VKF


Message content:-
0EV141145VS
-------------------------------------------------------[2024-02-20 14:11:45.885]

SOURCE: AIR
RX_ID: 100, Freq: 131.725MHz
Mode: X NACKLabel: 5V Block ID: 2, Msg No: S89A
Flight ID: AH1544 REG: 7T-VKF


Message content:-

-------------------------------------------------------[2024-02-20 14:12:07.381]

SOURCE: AIR
RX_ID: 101, Freq: 131.725MHz
Mode: 2 NACKLabel: Q0 Block ID: 3, Msg No: S94A
Flight ID: AH1544 REG: 7T-VKF


Message content:-

-------------------------------------------------------[2024-02-20 14:16:18.219]

SOURCE: AIR
RX_ID: 102, Freq: 131.725MHz
Mode: 2 NACKLabel: SA Block ID: 4, Msg No: M79A
Flight ID: AH1544 REG: 7T-VKF


Message content:-
0EV141621VS
-------------------------------------------------------[2024-02-20 14:16:21.916]

SOURCE: AIR
RX_ID: 103, Freq: 131.725MHz
Mode: 2 NACKLabel: 5V Block ID: 5, Msg No: S95A
Flight ID: AH1544 REG: 7T-VKF


Message content:-

-------------------------------------------------------[2024-02-20 14:17:34.658]

SOURCE: AIR
RX_ID: 104, Freq: 131.725MHz
Mode: 2 NACKLabel: Q0 Block ID: 6, Msg No: S96A
Flight ID: AH1544 REG: 7T-VKF


Message content:-

-------------------------------------------------------[2024-02-20 14:21:44.476]

SOURCE: AIR
RX_ID: 105, Freq: 131.725MHz
Mode: X NACKLabel: 5V Block ID: 8, Msg No: S97A
Flight ID: AH1544 REG: 7T-VKF


Message content:-

-------------------------------------------------------[2024-02-20 14:22:09.157]

SOURCE: AIR
RX_ID: 106, Freq: 131.725MHz
Mode: X NACKLabel: SA Block ID: 5, Msg No: M17A
Flight ID: AH1217 REG: 7T-VKG


Message content:-
0EV143845VS
-------------------------------------------------------[2024-02-20 14:38:48.618]

SOURCE: AIR
RX_ID: 107, Freq: 131.725MHz
Mode: X NACKLabel: SA Block ID: 5, Msg No: M17A
Flight ID: AH1217 REG: 7T-VKG


Message content:-
0EV143845VS
-------------------------------------------------------[2024-02-20 14:38:58.635]

SOURCE: AIR
RX_ID: 108, Freq: 131.725MHz
Mode: X NACKLabel: 5V Block ID: 7, Msg No: S26A
Flight ID: AH1217 REG: 7T-VKG


Message content:-

-------------------------------------------------------[2024-02-20 14:39:23.213]

SOURCE: AIR
RX_ID: 109, Freq: 131.725MHz
Mode: 2 NACKLabel: Q0 Block ID: 8, Msg No: S27A
Flight ID: AH1217 REG: 7T-VKG


Message content:-

-------------------------------------------------------[2024-02-20 14:43:35.444]

SOURCE: AIR
RX_ID: 110, Freq: 131.725MHz
Mode: 2 NACKLabel: SA Block ID: 9, Msg No: M19A
Flight ID: AH1217 REG: 7T-VKG


Message content:-
0EV144338V
-------------------------------------------------------[2024-02-20 14:43:39.978]

SOURCE: AIR
RX_ID: 111, Freq: 131.725MHz
Mode: X NACKLabel: Q0 Block ID: 3, Msg No: S22A
Flight ID: UV0001 REG: MAZIA


Message content:-

-------------------------------------------------------[2024-02-20 14:43:46.562]

SOURCE: AIR
RX_ID: 112, Freq: 131.725MHz
Mode: X NACKLabel: SA Block ID: 4, Msg No: S23A
Flight ID: UV0001 REG: MAZIA


Message content:-
0EV144347V
-------------------------------------------------------[2024-02-20 14:43:49.832]

SOURCE: AIR
RX_ID: 113, Freq: 131.725MHz
Mode: X NACKLabel: SA Block ID: 4, Msg No: S23A
Flight ID: UV0001 REG: MAZIA


Message content:-
0EV144347V
-------------------------------------------------------[2024-02-20 14:44:01.567]

SOURCE: AIR
RX_ID: 114, Freq: 131.725MHz
Mode: 2 NACKLabel: 5V Block ID: 0, Msg No: S28A
Flight ID: AH1217 REG: 7T-VKG


Message content:-

-------------------------------------------------------[2024-02-20 14:44:01.971]

SOURCE: AIR
RX_ID: 115, Freq: 131.725MHz
Mode: X NACKLabel: SA Block ID: 4, Msg No: S23A
Flight ID: UV0001 REG: MAZIA


Message content:-
0EV144347V
-------------------------------------------------------[2024-02-20 14:44:10.955]

SOURCE: AIR
RX_ID: 116, Freq: 131.725MHz
Mode: X NACKLabel: SA Block ID: 4, Msg No: S23A
Flight ID: UV0001 REG: MAZIA


Message content:-
0EV144347V
-------------------------------------------------------[2024-02-20 14:44:17.941]

SOURCE: AIR
RX_ID: 117, Freq: 131.725MHz
Mode: G NACKLabel: SA Block ID: 5, Msg No: S23A
Flight ID: UV0001 REG: MAZIA


Message content:-
0EV144347V
-------------------------------------------------------[2024-02-20 14:44:24.487]

SOURCE: AIR
RX_ID: 118, Freq: 131.725MHz
Mode: G NACKLabel: SA Block ID: 5, Msg No: S23A
Flight ID: UV0001 REG: MAZIA


Message content:-
0EV144347V
-------------------------------------------------------[2024-02-20 14:44:32.861]

SOURCE: AIR
RX_ID: 119, Freq: 131.725MHz
Mode: G NACKLabel: SA Block ID: 5, Msg No: S23A
Flight ID: UV0001 REG: MAZIA


Message content:-
0EV144347V
-------------------------------------------------------[2024-02-20 14:44:39.444]

SOURCE: AIR
RX_ID: 120, Freq: 131.725MHz
Mode: G NACKLabel: SA Block ID: 5, Msg No: S23A
Flight ID: UV0001 REG: MAZIA


Message content:-
0EV144347V
-------------------------------------------------------[2024-02-20 14:44:48.037]

SOURCE: AIR
RX_ID: 121, Freq: 131.825MHz
Mode: 2 NACKLabel: Q0 Block ID: 9, Msg No: M36A
Flight ID: XA0000 REG: DCBAY


Message content:-

-------------------------------------------------------[2024-02-20 14:45:37.811]

SOURCE: AIR
RX_ID: 122, Freq: 131.725MHz
Mode: X NACKLabel: H1 Block ID: 5, Msg No: D05B
Flight ID: ZD3471 REG: 330002


Message content:-
#DFB.3,00490,0.225,111
C5,042571,00456,28078,00283,00103,00015,00000,00802,16066
C6,042572,00456,22232,00283,40103,00015,00000,00802,16066
C7,01,00,00,00,00,00,00,01
C8,01,00,00,00,00,00,00,01
N1,1.364,1.3
-------------------------------------------------------[2024-02-20 14:45:59.576]

SOURCE: AIR
RX_ID: 123, Freq: 131.725MHz
Mode: X NACKLabel: H1 Block ID: 8, Msg No: D05E
Flight ID: ZD3471 REG: 330002


Message content:-
#DFB8,0.30,002.5,075,1,00
C9,14.41.29,-06.5,19961,0.610,111,1.14,111,10,0,01,111,1.13,X
C0,14.41.29,-06.5,19961,0.610,111,1.14,111,10,0,01,111,1.13,X
N3,1.486,1.486,1.486,1.628,081.62,090.1,090.2,0668,13.077
-------------------------------------------------------[2024-02-20 14:46:10.909]

SOURCE: AIR
RX_ID: 124, Freq: 131.725MHz
Mode: X NACKLabel: H1 Block ID: 9, Msg No: D05F
Flight ID: ZD3471 REG: 330002


Message content:-
#DFB
N4,1.486,1.486,1.486,1.628,081.24,090.3,089.9,0660,13.007
S3,05411,08.69,-06.4,063.9,218.3,270.3,499.4,08.0,068.2,068.2
S4,05328,08.69,-06.4,063.9,218.6,266.9,498.3,07.8,067.9,067.9
T3,028,48,138,073,0
-------------------------------------------------------[2024-02-20 14:46:14.604]

SOURCE: AIR
RX_ID: 125, Freq: 131.725MHz
Mode: X NACKLabel: H1 Block ID: 0, Msg No: D05G
Flight ID: ZD3471 REG: 330002


Message content:-
#DFB93,115.9,026.4,047.1,052,0457,0382
T4,021,51,141,078,098,114.0,026.2,046.8,052,0454,0373
V3,0.03,0.08,0.03,229,0.13,004.0
V4,0.26,0.11,0.03,005,0.28,003.0
X1,1.369,016.0,01246,0.228,2,20
X2,1.427,003.3
-------------------------------------------------------[2024-02-20 14:46:18.300]

SOURCE: AIR
RX_ID: 126, Freq: 131.725MHz
Mode: G NACKLabel: 5V Block ID: 5, Msg No: S22A
Flight ID: ZD3471 REG: 330002


Message content:-

-------------------------------------------------------[2024-02-20 14:47:04.632]

SOURCE: AIR
RX_ID: 127, Freq: 131.725MHz
Mode: 2 NACKLabel: Q0 Block ID: 6, Msg No: S23A
Flight ID: ZD3471 REG: 330002


Message content:-

-------------------------------------------------------[2024-02-20 14:47:15.496]

SOURCE: AIR
RX_ID: 128, Freq: 131.725MHz
Mode: X NACKLabel: Q0 Block ID: 7, Msg No: S24A
Flight ID: ZD3471 REG: 330002


Message content:-

-------------------------------------------------------[2024-02-20 14:47:27.930]

SOURCE: AIR
RX_ID: 129, Freq: 131.725MHz
Mode: X NACKLabel: B9 Block ID: 8, Msg No: J11A
Flight ID: ZD3471 REG: 330002


Message content:-
/LFLL.TI2/000LFLLA757A
-------------------------------------------------------[2024-02-20 14:47:30.818]

SOURCE: AIR
RX_ID: 130, Freq: 131.725MHz
Mode: X ACK, A2GLabel: _d Block ID: 9, Msg No: S25A
Flight ID: ZD3471 REG: 330002


Message content:-

-------------------------------------------------------[2024-02-20 14:47:35.499]

SOURCE: AIR
RX_ID: 131, Freq: 131.725MHz
Mode: X ACK, A2GLabel: _d Block ID: 0, Msg No: S26A
Flight ID: ZD3471 REG: 330002


Message content:-

-------------------------------------------------------[2024-02-20 14:47:39.194]

SOURCE: AIR
RX_ID: 132, Freq: 131.725MHz
Mode: X NACKLabel: 5V Block ID: 1, Msg No: S27A
Flight ID: ZD3471 REG: 330002


Message content:-

-------------------------------------------------------[2024-02-20 14:48:12.182]

SOURCE: AIR
RX_ID: 133, Freq: 131.725MHz
Mode: 2 NACKLabel: Q0 Block ID: 1, Msg No: S29A
Flight ID: AH1217 REG: 7T-VKG


Message content:-

-------------------------------------------------------[2024-02-20 14:48:14.631]

SOURCE: AIR
RX_ID: 134, Freq: 131.725MHz
Mode: E NACKLabel: SA Block ID: 2, Msg No: M20A
Flight ID: AH1217 REG: 7T-VKG


Message content:-
0EV144817V
-------------------------------------------------------[2024-02-20 14:48:18.946]

SOURCE: AIR
RX_ID: 135, Freq: 131.725MHz
Mode: E NACKLabel: Q0 Block ID: 3, Msg No: S29A
Flight ID: ZD3471 REG: 330002


Message content:-

-------------------------------------------------------[2024-02-20 14:48:31.869]

SOURCE: AIR
RX_ID: 136, Freq: 131.725MHz
Mode: G NACKLabel: Q0 Block ID: 9, Msg No: S35A
Flight ID: ZD3471 REG: 330002


Message content:-

-------------------------------------------------------[2024-02-20 14:50:16.230]

SOURCE: AIR
RX_ID: 137, Freq: 131.725MHz
Mode: E NACKLabel: 5V Block ID: 2, Msg No: S48A
Flight ID: ZD3471 REG: 330002


Message content:-

-------------------------------------------------------[2024-02-20 14:53:39.935]

SOURCE: AIR
RX_ID: 138, Freq: 131.725MHz
Mode: 2 NACKLabel: Q0 Block ID: 3, Msg No: S49A
Flight ID: ZD3471 REG: 330002


Message content:-

-------------------------------------------------------[2024-02-20 14:53:51.197]

SOURCE: AIR
RX_ID: 139, Freq: 131.725MHz
Mode: X NACKLabel: Q0 Block ID: 4, Msg No: S50A
Flight ID: ZD3471 REG: 330002


Message content:-

-------------------------------------------------------[2024-02-20 14:54:01.914]

SOURCE: AIR
RX_ID: 140, Freq: 131.725MHz
Mode: X NACKLabel: 5V Block ID: 5, Msg No: S51A
Flight ID: ZD3471 REG: 330002


Message content:-

-------------------------------------------------------[2024-02-20 14:54:29.305]

SOURCE: AIR
RX_ID: 141, Freq: 131.725MHz
Mode: 2 NACKLabel: Q0 Block ID: 6, Msg No: S52A
Flight ID: ZD3471 REG: 330002


Message content:-

-------------------------------------------------------[2024-02-20 14:54:40.207]

SOURCE: AIR
RX_ID: 142, Freq: 131.725MHz
Mode: 2 ACK, A2GLabel: _d Block ID: 7, Msg No: S53A
Flight ID: ZD3471 REG: 330002


Message content:-

-------------------------------------------------------[2024-02-20 14:54:52.893]

SOURCE: AIR
RX_ID: 143, Freq: 131.725MHz
Mode: 2 NACKLabel: H1 Block ID: 8, Msg No: F20A
Flight ID: ZD3471 REG: 330002


Message content:-
#M1BRESREQ/AK,115/TS145452,2002246B61
-------------------------------------------------------[2024-02-20 14:54:53.699]

SOURCE: AIR
RX_ID: 144, Freq: 131.725MHz
Mode: G NACKLabel: Q0 Block ID: 9, Msg No: S54A
Flight ID: ZD3471 REG: 330002


Message content:-

-------------------------------------------------------[2024-02-20 14:55:05.403]

SOURCE: AIR
RX_ID: 145, Freq: 131.725MHz
Mode: 2 NACKLabel: Q0 Block ID: 1, Msg No: S56A
Flight ID: ZD3471 REG: 330002


Message content:-

-------------------------------------------------------[2024-02-20 14:55:20.175]

SOURCE: AIR
RX_ID: 146, Freq: 131.725MHz
Mode: X NACKLabel: Q0 Block ID: 2, Msg No: S57A
Flight ID: ZD3471 REG: 330002


Message content:-

-------------------------------------------------------[2024-02-20 14:55:42.374]

SOURCE: AIR
RX_ID: 147, Freq: 131.825MHz
Mode: 2 NACKLabel: Q0 Block ID: 0, Msg No: M37A
Flight ID: XA0000 REG: DCBAY


Message content:-

-------------------------------------------------------[2024-02-20 14:55:44.971]

SOURCE: AIR
RX_ID: 148, Freq: 131.725MHz
Mode: G NACKLabel: B9 Block ID: 6, Msg No: J13A
Flight ID: ZD3471 REG: 330002


Message content:-
/LFPO.TI2/000LFPOA162B
-------------------------------------------------------[2024-02-20 14:56:38.954]

SOURCE: AIR
RX_ID: 149, Freq: 131.725MHz
Mode: G ACK, A2GLabel: _d Block ID: 8, Msg No: S65A
Flight ID: ZD3471 REG: 330002


Message content:-

-------------------------------------------------------[2024-02-20 14:56:47.618]

SOURCE: AIR
RX_ID: 150, Freq: 131.725MHz
Mode: G ACK, A2GLabel: _d Block ID: 9, Msg No: S66A
Flight ID: ZD3471 REG: 330002


Message content:-

-------------------------------------------------------[2024-02-20 14:56:50.696]

SOURCE: AIR
RX_ID: 151, Freq: 131.725MHz
Mode: 2 NACKLabel: Q0 Block ID: 4, Msg No: S71A
Flight ID: ZD3471 REG: 330002


Message content:-

-------------------------------------------------------[2024-02-20 14:57:54.250]

SOURCE: AIR
RX_ID: 152, Freq: 131.725MHz
Mode: X NACKLabel: Q0 Block ID: 5, Msg No: S72A
Flight ID: ZD3471 REG: 330002


Message content:-

-------------------------------------------------------[2024-02-20 14:58:01.602]

SOURCE: AIR
RX_ID: 153, Freq: 131.725MHz
Mode: G NACKLabel: 83 Block ID: 5, Msg No: M03A
Flight ID: UV0001 REG: FHGUI


Message content:-
001PR20151408N4328.3E00531.3127185    
-------------------------------------------------------[2024-02-20 15:14:14.698]

SOURCE: AIR
RX_ID: 154, Freq: 131.525MHz
Mode: T NACKLabel: 2F Block ID: 6, Msg No: M10A
Flight ID: AF7307 REG: F-GMZC


Message content:-
1520+4444+644/2658
-------------------------------------------------------[2024-02-20 15:20:21.507]

SOURCE: AIR
RX_ID: 155, Freq: 131.825MHz
Mode: 2 NACKLabel: 16 Block ID: 1, Msg No: M56A
Flight ID: TK08AN REG: TC-JVB


Message content:-
/N 43.424/E  6.252/23823/2002/1727/08634/2002/
-------------------------------------------------------[2024-02-20 17:27:57.928]

SOURCE: AIR
RX_ID: 156, Freq: 131.525MHz
Mode: T NACKLabel: 2Z Block ID: 9, Msg No: M30A
Flight ID: AF7310 REG: F-GMZD


Message content:-
LFMN
-------------------------------------------------------[2024-02-20 17:53:03.505]

SOURCE: AIR
RX_ID: 157, Freq: 131.525MHz
Mode: T ACK, A2GLabel: _d Block ID: 0, Msg No: S34A
Flight ID: AF7310 REG: F-GMZD


Message content:-

-------------------------------------------------------[2024-02-20 17:55:52.318]

SOURCE: AIR
RX_ID: 158, Freq: 131.525MHz
Mode: T NACKLabel: 80 Block ID: 1, Msg No: M31A
Flight ID: AF7310 REG: F-GMZD


Message content:-
AF7310/DEST/LFMN
BONSOIR NOUS AVONS
BESOIN DE LA MAINTENANCE
POUR UNE PROCEDURE
DU MEME NOM MERCI
-------------------------------------------------------[2024-02-20 17:58:54.332]

SOURCE: AIR
RX_ID: 159, Freq: 131.525MHz
Mode: T NACKLabel: 2F Block ID: 2, Msg No: M32A
Flight ID: AF7310 REG: F-GMZD


Message content:-
1759+4403+563/2849
-------------------------------------------------------[2024-02-20 17:59:22.492]

SOURCE: AIR
RX_ID: 160, Freq: 131.525MHz
Mode: T NACKLabel: 26 Block ID: 3, Msg No: M33A
Flight ID: AF7310 REG: F-GMZD


Message content:-
1800LFPGAF7310/201815LFMN04R
-------------------------------------------------------[2024-02-20 18:00:03.489]

SOURCE: AIR
RX_ID: 161, Freq: 131.525MHz
Mode: T NACKLabel: 26 Block ID: 3, Msg No: M33A
Flight ID: AF7310 REG: F-GMZD


Message content:-
1800LFPGAF7310/201815LFMN04R
-------------------------------------------------------[2024-02-20 18:00:14.402]

SOURCE: AIR
RX_ID: 162, Freq: 131.825MHz
Mode: 2 NACKLabel: Q0 Block ID: 7, Msg No: M07A
Flight ID: UV0000 REG: HKI57


Message content:-

-------------------------------------------------------[2024-02-20 18:02:10.429]

SOURCE: AIR
RX_ID: 163, Freq: 131.825MHz
Mode: 2 NACKLabel: Q0 Block ID: 8, Msg No: M08A
Flight ID: UV0000 REG: HKI57


Message content:-

-------------------------------------------------------[2024-02-20 18:12:17.039]

SOURCE: AIR
RX_ID: 164, Freq: 131.725MHz
Mode: 2 NACKLabel: Q0 Block ID: 4, Msg No: S15A
Flight ID: AH1461 REG: 7T-VKH


Message content:-

-------------------------------------------------------[2024-02-20 18:17:42.269]

SOURCE: AIR
RX_ID: 165, Freq: 131.725MHz
Mode: 2 NACKLabel: SA Block ID: 5, Msg No: M84A
Flight ID: AH1461 REG: 7T-VKH


Message content:-
0EV181745VS
-------------------------------------------------------[2024-02-20 18:17:46.584]

SOURCE: AIR
RX_ID: 166, Freq: 131.725MHz
Mode: 2 NACKLabel: 5V Block ID: 6, Msg No: S16A
Flight ID: AH1461 REG: 7T-VKH


Message content:-

-------------------------------------------------------[2024-02-20 18:18:42.759]

SOURCE: AIR
RX_ID: 167, Freq: 131.725MHz
Mode: E NACKLabel: SA Block ID: 8, Msg No: M86A
Flight ID: AH1461 REG: 7T-VKH


Message content:-
0EV182257VS
-------------------------------------------------------[2024-02-20 18:22:59.453]

SOURCE: AIR
RX_ID: 168, Freq: 131.725MHz
Mode: E NACKLabel: 5V Block ID: 9, Msg No: S18A
Flight ID: AH1461 REG: 7T-VKH


Message content:-

-------------------------------------------------------[2024-02-20 18:23:24.651]

SOURCE: AIR
RX_ID: 169, Freq: 131.725MHz
Mode: G NACKLabel: Q0 Block ID: 0, Msg No: S20A
Flight ID: AH1461 REG: 7T-VKH


Message content:-

-------------------------------------------------------[2024-02-20 18:27:37.213]

SOURCE: AIR
RX_ID: 170, Freq: 131.725MHz
Mode: G NACKLabel: SA Block ID: 1, Msg No: M89A
Flight ID: AH1461 REG: 7T-VKH


Message content:-
0EV182739VS
-------------------------------------------------------[2024-02-20 18:27:41.710]

SOURCE: AIR
RX_ID: 171, Freq: 131.725MHz
Mode: G NACKLabel: 5V Block ID: 2, Msg No: S21A
Flight ID: AH1461 REG: 7T-VKH


Message content:-

-------------------------------------------------------[2024-02-20 18:28:04.735]

SOURCE: AIR
RX_ID: 172, Freq: 131.825MHz
Mode: 2 NACKLabel: Q0 Block ID: 1, Msg No: S12A
Flight ID: QY1683 REG: OE-LNK


Message content:-

-------------------------------------------------------[2024-02-20 19:42:45.666]

SOURCE: AIR
RX_ID: 173, Freq: 131.825MHz
Mode: 2 NACKLabel: Q0 Block ID: 1, Msg No: S12A
Flight ID: QY1683 REG: OE-LNK


Message content:-

-------------------------------------------------------[2024-02-20 19:43:02.604]

SOURCE: AIR
RX_ID: 174, Freq: 131.825MHz
Mode: 2 ACK, A2GLabel: _d Block ID: 2, Msg No: S13A
Flight ID: QY1683 REG: OE-LNK


Message content:-

-------------------------------------------------------[2024-02-20 19:45:11.218]

SOURCE: AIR
RX_ID: 175, Freq: 131.525MHz
Mode: T ACK, A2GLabel: _d Block ID: 7, Msg No: S66A
Flight ID: AF7311 REG: F-GMZD


Message content:-

-------------------------------------------------------[2024-02-20 19:55:25.400]

SOURCE: AIR
RX_ID: 176, Freq: 131.825MHz
Mode: 2 NACKLabel: Q0 Block ID: 8, Msg No: S04A
Flight ID: AA8031 REG: SXAMJ


Message content:-

-------------------------------------------------------[2024-02-20 21:30:16.760]

SOURCE: AIR
RX_ID: 177, Freq: 131.825MHz
Mode: 2 NACKLabel: Q0 Block ID: 8, Msg No: S04A
Flight ID: AA8031 REG: SXAMJ


Message content:-

-------------------------------------------------------[2024-02-20 21:30:40.318]

SOURCE: AIR
RX_ID: 178, Freq: 131.825MHz
Mode: 2 NACKLabel: Q0 Block ID: 9, Msg No: S05A
Flight ID: AA8031 REG: SXAMJ


Message content:-

-------------------------------------------------------[2024-02-20 21:40:46.485]

SOURCE: AIR
RX_ID: 179, Freq: 131.825MHz
Mode: 2 ACK, A2GLabel: _d Block ID: 0, Msg No: S19A
Flight ID: QY1685 REG: D-ALES


Message content:-

-------------------------------------------------------[2024-02-20 21:44:16.737]

SOURCE: AIR
RX_ID: 180, Freq: 131.825MHz
Mode: 2 NACKLabel: Q0 Block ID: 2, Msg No: S20A
Flight ID: QY1685 REG: D-ALES


Message content:-

-------------------------------------------------------[2024-02-20 21:54:22.470]

SOURCE: AIR
RX_ID: 181, Freq: 131.825MHz
Mode: 2 ACK, A2GLabel: _d Block ID: 3, Msg No: S21A
Flight ID: QY1685 REG: D-ALES


Message content:-

-------------------------------------------------------[2024-02-20 21:56:56.950]

SOURCE: AIR
RX_ID: 182, Freq: 131.825MHz
Mode: 2 NACKLabel: H1 Block ID: 4, Msg No: F03A
Flight ID: QY1685 REG: D-ALES


Message content:-
#M1BPOSN44313E005129,,215657,269,OMASI,221005,KINNI,M40,34750,194,1420
-------------------------------------------------------[2024-02-20 21:57:00.860]

SOURCE: AIR
RX_ID: 183, Freq: 131.725MHz
Mode: E NACKLabel: Q0 Block ID: 8, Msg No: S16A
Flight ID: IB0421 REG: EC-FTR


Message content:-

-------------------------------------------------------[2024-02-20 23:18:12.679]

SOURCE: AIR
RX_ID: 184, Freq: 131.725MHz
Mode: G NACKLabel: Q0 Block ID: 9, Msg No: S17A
Flight ID: IB0421 REG: EC-FTR


Message content:-

-------------------------------------------------------[2024-02-20 23:23:13.450]

SOURCE: AIR
RX_ID: 185, Freq: 131.725MHz
Mode: G NACKLabel: Q0 Block ID: 1, Msg No: S03A
Flight ID: MP8321 REG: PH-CKA


Message content:-

-------------------------------------------------------[2024-02-20 23:52:48.405]

SOURCE: AIR
RX_ID: 186, Freq: 131.725MHz
Mode: X NACKLabel: Q0 Block ID: 2, Msg No: S04A
Flight ID: MP8321 REG: PH-CKA


Message content:-

-------------------------------------------------------[2024-02-20 23:54:18.369]

SOURCE: AIR
RX_ID: 187, Freq: 131.725MHz
Mode: E NACKLabel: Q0 Block ID: 3, Msg No: S05A
Flight ID: MP8321 REG: PH-CKA


Message content:-

-------------------------------------------------------[2024-02-20 23:56:18.692]

SOURCE: AIR
RX_ID: 188, Freq: 131.725MHz
Mode: E NACKLabel: Q0 Block ID: 3, Msg No: S05A
Flight ID: MP8321 REG: PH-CKA


Message content:-

-------------------------------------------------------[2024-02-20 23:56:42.281]

SOURCE: AIR
RX_ID: 189, Freq: 131.725MHz
Mode: E NACKLabel: H1 Block ID: 4, Msg No: D31A
Flight ID: KL8321 REG: PH-CKA


Message content:-
#DFB(POS-MPH8321 -4426N00527E/235600 F330
RMK/FUEL 101.2 M0.84)
-------------------------------------------------------[2024-02-20 23:56:45.643]

