SOURCE: AIR
RX_ID: 394, Freq: 131.825MHz
Mode: 2 NACKLabel: B9 Block ID: 0, Msg No: L03A
Flight ID: QY8000 REG: D-ALER


Message content:-
/LEBL.TI2/024LEBLA93E5
-------------------------------------------------------[2024-09-16 00:05:34.312]

SOURCE: AIR
RX_ID: 395, Freq: 131.825MHz
Mode: 2 NACKLabel: B9 Block ID: 0, Msg No: L03A
Flight ID: QY8000 REG: D-ALER


Message content:-
/LEBL.TI2/024LEBLA93E5
-------------------------------------------------------[2024-09-16 00:05:51.100]

SOURCE: AIR
RX_ID: 396, Freq: 131.825MHz
Mode: 2 NACKLabel: H1 Block ID: 5, Msg No: D01A
Flight ID: QY1960 REG: D-ALES


Message content:-
#DFBSTABLE CRUISE REPORT

APM     D-ALES          QYXXXXXXDEPXDESX160924010717,757-200,
PW2037,.770,.770,,237.0,237.0,,-25.50,-25.50,,39001,39001,,
175200,175200,,3104,3168,,,1.240,1.246,,,0,472,472,,0,0,,0
-------------------------------------------------------[2024-09-16 01:30:11.083]

SOURCE: AIR
RX_ID: 397, Freq: 131.825MHz
Mode: 2 NACKLabel: H1 Block ID: 8, Msg No: F08A
Flight ID: QY1960 REG: D-ALES


Message content:-
#M1BPOSN44054E005041,,013329,99,ZEBRA,013944,ML125,P6,02025,118,504D
-------------------------------------------------------[2024-09-16 01:33:31.389]

SOURCE: AIR
RX_ID: 398, Freq: 131.725MHz
Mode: G NACKLabel: 10 Block ID: 8, Msg No: M41A
Flight ID: KL0588 REG: PH-AOC


Message content:-
ETA36A16020948KLM588  DNMMEHAM150339EHAM 118
-------------------------------------------------------[2024-09-16 02:09:53.744]

SOURCE: AIR
RX_ID: 399, Freq: 131.725MHz
Mode: G NACKLabel: H1 Block ID: 9, Msg No: D57A
Flight ID: KL0588 REG: PH-AOC


Message content:-
#DFB(POS-KLM588  -4326N00545E/021455 F400
RMK/FUEL  11.6 M0.82)
-------------------------------------------------------[2024-09-16 02:15:09.133]

SOURCE: AIR
RX_ID: 400, Freq: 131.825MHz
Mode: 2 ACK, A2GLabel: H1 Block ID: 0, Msg No: O62A
Flight ID: BA2066 REG: G-VIIU


Message content:-
#10BSB0122BA_G-VIIU  DGAAEGKK393
 42889 0048580216 38000-5503410430107GX011013
-------------------------------------------------------[2024-09-16 02:17:56.265]

SOURCE: AIR
RX_ID: 401, Freq: 131.825MHz
Mode: 2 NACKLabel: B6 Block ID: 2, Msg No: F65A
Flight ID: BA2066 REG: G-VIIU


Message content:-
/ACCFAYA.ADS.G-VIIU141EB8201B44894712091F0D20E9B018F109C4060721CF30176A89C40061DC
-------------------------------------------------------[2024-09-16 02:19:37.861]

SOURCE: AIR
RX_ID: 402, Freq: 131.825MHz
Mode: 2 NACKLabel: B6 Block ID: 3, Msg No: F66A
Flight ID: BA2066 REG: G-VIIU


Message content:-
/ACCFAYA.ADS.G-VIIU071F0A501AF1494755961F0C0815F2C36DA00E7E28D67FF80F7DB9A13FF870C3
-------------------------------------------------------[2024-09-16 02:23:03.466]

SOURCE: AIR
RX_ID: 403, Freq: 131.825MHz
Mode: 2 NACKLabel: 15 Block ID: 4, Msg No: M67A
Flight ID: BA2066 REG: G-VIIU


Message content:-
FST01DGAAEGKKN436765E0047327380 144 364 M56C 5634635235542911600003440223
-------------------------------------------------------[2024-09-16 02:23:16.778]

SOURCE: AIR
RX_ID: 404, Freq: 131.725MHz
Mode: G NACKLabel: B9 Block ID: 0, Msg No: J86A
Flight ID: KL0588 REG: PH-AOC


Message content:-
/EHAM.TI2/000EHAMA0E3C
-------------------------------------------------------[2024-09-16 02:24:13.285]

SOURCE: AIR
RX_ID: 405, Freq: 131.825MHz
Mode: 2 NACKLabel: B6 Block ID: 5, Msg No: F67A
Flight ID: BA2066 REG: G-VIIU


Message content:-
/QUKAXBA.ADS.G-VIIU071F23581AD7C94716AE1FF2F7
-------------------------------------------------------[2024-09-16 02:24:13.319]

SOURCE: AIR
RX_ID: 406, Freq: 131.825MHz
Mode: 2 NACKLabel: H1 Block ID: 8, Msg No: F69A
Flight ID: BA2066 REG: G-VIIU


Message content:-
#M1BPRG/TS023046,160924/DTEGKK,26L,166,034549,/PR4350,285,380,294,,128,57,,,30,P30,P0,,,,,,,M378E95
-------------------------------------------------------[2024-09-16 02:30:48.997]

SOURCE: AIR
RX_ID: 407, Freq: 131.825MHz
Mode: 2 NACKLabel: H1 Block ID: 9, Msg No: O63A
Flight ID: BA2066 REG: G-VIIU


Message content:-
#10BSB0122BA_G-VIIU  DGAAEGKK394
 44655 0046500231 38005-550346073010IH-010013
-------------------------------------------------------[2024-09-16 02:32:54.762]

SOURCE: AIR
RX_ID: 408, Freq: 131.825MHz
Mode: 2 NACKLabel: B6 Block ID: 0, Msg No: F70A
Flight ID: BA2066 REG: G-VIIU


Message content:-
/ACCFAYA.ADS.G-VIIU071FDAD81A1849475ED71F0C0815F2C36DA00E7E18CDBFF80F7DB1A13FF8F008
-------------------------------------------------------[2024-09-16 02:33:00.687]

SOURCE: AIR
RX_ID: 409, Freq: 131.825MHz
Mode: 2 NACKLabel: 15 Block ID: 1, Msg No: M68A
Flight ID: BA2066 REG: G-VIIU


Message content:-
FST01DGAAEGKKN448380E0045814380 134 374 M55C 7034735235541211600003460233
-------------------------------------------------------[2024-09-16 02:33:17.696]

SOURCE: AIR
RX_ID: 410, Freq: 131.825MHz
Mode: 2 NACKLabel: B6 Block ID: 3, Msg No: F71A
Flight ID: BA2066 REG: G-VIIU


Message content:-
/ACCFAYA.ADS.G-VIIU0720410819AA8946E3771F0C0815F2C36DA00E7E08CD80040F7DD9A280042A4E
-------------------------------------------------------[2024-09-16 02:37:52.750]

SOURCE: AIR
RX_ID: 411, Freq: 131.825MHz
Mode: 2 ACK, A2GLabel: B6 Block ID: 3, Msg No: F71A
Flight ID: BA2066 REG: G-VIIU


Message content:-
/ACCFAYA.ADS.G-VIIU0720410819AA8946E3771F0C0815F2C36DA00E7E08CD80040F7DD9A280042A4E
-------------------------------------------------------[2024-09-16 02:37:53.773]

SOURCE: AIR
RX_ID: 412, Freq: 131.725MHz
Mode: X NACKLabel: H1 Block ID: 8, Msg No: D65A
Flight ID: KL0590 REG: PH-BQG


Message content:-
#DFB(POS-KLM590  -4304N00537E/024540 F370
RMK/FUEL  14.7 M0.83)
-------------------------------------------------------[2024-09-16 02:45:42.732]

SOURCE: AIR
RX_ID: 413, Freq: 131.725MHz
Mode: G NACKLabel: B6 Block ID: 6, Msg No: F12A
Flight ID: AF0995 REG: F-GZNP


Message content:-
/ACCFAYA.ADS.F-GZNP071F1C781690C94733108F0C0464B9E758200E0468D3C0000F03A1A68000FF14
-------------------------------------------------------[2024-09-16 02:54:30.902]

SOURCE: AIR
RX_ID: 414, Freq: 131.725MHz
Mode: G NACKLabel: 2F Block ID: 7, Msg No: M60A
Flight ID: AF0995 REG: F-GZNP


Message content:-
0257+4415+409/38120
FAOR/LFPG/38017/ +12/ -54/0.83/226927/215605/33.0/RUS-76 /ETR-75 / -09/   68
-------------------------------------------------------[2024-09-16 02:58:00.825]

SOURCE: AIR
RX_ID: 415, Freq: 131.725MHz
Mode: X NACKLabel: 20 Block ID: 0, Msg No: M91A
Flight ID: KL0590 REG: PH-BQG


Message content:-
RST07A16030100KLM590  DGAAEHAM
-------------------------------------------------------[2024-09-16 03:01:32.394]

SOURCE: AIR
RX_ID: 416, Freq: 131.725MHz
Mode: G NACKLabel: B6 Block ID: 0, Msg No: F15A
Flight ID: AF0995 REG: F-GZNP


Message content:-
/ACCFAYA.ADS.F-GZNP071FE678185F894784118F0C0464B9E758200E7EA0CDFFE80F7E49A7BFE8E121
-------------------------------------------------------[2024-09-16 03:04:22.563]

SOURCE: AIR
RX_ID: 417, Freq: 131.725MHz
Mode: G NACKLabel: 26 Block ID: 1, Msg No: M61A
Flight ID: AF0995 REG: F-GZNP


Message content:-
0306FAORAF0995/15
0351LFPG26L 
-------------------------------------------------------[2024-09-16 03:06:03.758]

SOURCE: AIR
RX_ID: 418, Freq: 131.725MHz
Mode: G NACKLabel: B6 Block ID: 2, Msg No: F16A
Flight ID: AF0995 REG: F-GZNP


Message content:-
/ACCFAYA.ADS.F-GZNP14201DD81802C94746999F0D2070F817A6894700F220B300175D494700778E
-------------------------------------------------------[2024-09-16 03:07:04.572]

SOURCE: AIR
RX_ID: 419, Freq: 131.725MHz
Mode: G NACKLabel: B6 Block ID: 3, Msg No: F17A
Flight ID: AF0995 REG: F-GZNP


Message content:-
/ACCFAYA.ADS.F-GZNP07204B7017CFC94708B18F0C0464B9E758200E7E08CB3FDC0F7DD1A53FDC6DB5
-------------------------------------------------------[2024-09-16 03:09:18.718]

SOURCE: AIR
RX_ID: 420, Freq: 131.725MHz
Mode: G NACKLabel: 2F Block ID: 4, Msg No: M16A
Flight ID: AF0820 REG: F-GZCK


Message content:-
0321+4474+518/40105
DNAA/LFPG/39985//-54/0.81/160290/149768//DJL    //-14/047
-------------------------------------------------------[2024-09-16 03:21:45.624]

SOURCE: AIR
RX_ID: 421, Freq: 131.725MHz
Mode: G NACKLabel: 2F Block ID: 4, Msg No: M16A
Flight ID: AF0820 REG: F-GZCK


Message content:-
0321+4474+518/40105
DNAA/LFPG/39985//-54/0.81/160290/149768//DJL    //-14/047
-------------------------------------------------------[2024-09-16 03:21:58.536]

SOURCE: AIR
RX_ID: 422, Freq: 131.725MHz
Mode: G NACKLabel: 80 Block ID: 5, Msg No: M17A
Flight ID: AF0820 REG: F-GZCK


Message content:-
AF0820/DSP CCO
BJR JULIETTE
MERCI POUR VOTRE
MESSAGE.
RAS SUR LE VOL.
BONNE JOURNEE.
CDLT CDB LAFOSSE-MARIN
-------------------------------------------------------[2024-09-16 03:23:52.204]

SOURCE: AIR
RX_ID: 423, Freq: 131.725MHz
Mode: G NACKLabel: 26 Block ID: 6, Msg No: M18A
Flight ID: AF0820 REG: F-GZCK


Message content:-
0326DNAAAF0820/160411LFPG27R
-------------------------------------------------------[2024-09-16 03:26:03.490]

SOURCE: AIR
RX_ID: 424, Freq: 131.725MHz
Mode: E NACKLabel: H1 Block ID: 2, Msg No: D43A
Flight ID: KL0536 REG: PH-AOD


Message content:-
#DFB(POS-KLM536  -4318N00510E/034052 F400
RMK/FUEL  14.9 M0.81)
-------------------------------------------------------[2024-09-16 03:41:06.842]

SOURCE: AIR
RX_ID: 425, Freq: 131.725MHz
Mode: E NACKLabel: 20 Block ID: 3, Msg No: M52A
Flight ID: KL0536 REG: PH-AOD


Message content:-
RST36A16034300KLM536  HUENEHAM
-------------------------------------------------------[2024-09-16 03:43:07.677]

SOURCE: AIR
RX_ID: 426, Freq: 131.725MHz
Mode: E NACKLabel: 10 Block ID: 4, Msg No: M53A
Flight ID: KL0536 REG: PH-AOD


Message content:-
ETA36A16034418KLM536  HUENEHAM150514EHAM 146
-------------------------------------------------------[2024-09-16 03:44:23.276]

SOURCE: AIR
RX_ID: 427, Freq: 131.725MHz
Mode: G NACKLabel: 16 Block ID: 5, Msg No: M13A
Flight ID: SN04BE REG: OO-SFG


Message content:-
16SEP24,0351,N 43.292,E  5.137,37972,0517,30880
-------------------------------------------------------[2024-09-16 03:51:24.947]

SOURCE: AIR
RX_ID: 428, Freq: 131.725MHz
Mode: G NACKLabel: H1 Block ID: 7, Msg No: D44A
Flight ID: KL0536 REG: PH-AOD


Message content:-
#DFB(POS-KLM536  -4460N00445E/035552 F400
RMK/FUEL  13.7 M0.79)
-------------------------------------------------------[2024-09-16 03:56:07.355]

SOURCE: AIR
RX_ID: 429, Freq: 131.725MHz
Mode: G NACKLabel: 12 Block ID: 1, Msg No: M14A
Flight ID: SN04BE REG: OO-SFG


Message content:-
HUEN,EBBR,15SEP24,0516
N 44.897,E  4.745,126,39967,EBBR25LSN455
-------------------------------------------------------[2024-09-16 04:05:23.389]

SOURCE: AIR
RX_ID: 430, Freq: 131.725MHz
Mode: X NACKLabel: 16 Block ID: 9, Msg No: M44A
Flight ID: SN03KR REG: OO-SFD


Message content:-
16SEP24,0408,N 44.647,E  6.782,36005,0513,24400
-------------------------------------------------------[2024-09-16 04:08:48.628]

SOURCE: AIR
RX_ID: 431, Freq: 131.725MHz
Mode: G NACKLabel: B6 Block ID: 8, Msg No: F12A
Flight ID: AF0931 REG: F-GSPL


Message content:-
/ACCFAYA.ADS.F-GSPL071EA7301D88094714541F0C0464B9CF18200E7F90CA7FFC0F7ED18E3FFCBD0E
-------------------------------------------------------[2024-09-16 04:21:42.962]

SOURCE: AIR
RX_ID: 432, Freq: 131.725MHz
Mode: G NACKLabel: B6 Block ID: 9, Msg No: F13A
Flight ID: AF0931 REG: F-GSPL


Message content:-
/ACCFAYA.ADS.F-GSPL141EBE601D828946D5641F0D1ED8301D7C4947004D1FB0281D47894700CB1D
-------------------------------------------------------[2024-09-16 04:22:51.166]

SOURCE: AIR
RX_ID: 433, Freq: 131.725MHz
Mode: G NACKLabel: H1 Block ID: 2, Msg No: F61A
Flight ID: DL0232 REG: N1604R


Message content:-
#M1BPOSN44380E005128,BEPER,042251,390,RETNO,042540,KOLON,M56,34354,287,800C847
-------------------------------------------------------[2024-09-16 04:22:54.237]

SOURCE: AIR
RX_ID: 434, Freq: 131.725MHz
Mode: G NACKLabel: 2F Block ID: 0, Msg No: M79A
Flight ID: AF0931 REG: F-GSPL


Message content:-
0422+4324+519/38133
DGAA/LFPG/38008/ -01/ -54/0.79/204537/191401/29.0/MTL-20 /MRM-19 / -18/   55
-------------------------------------------------------[2024-09-16 04:22:56.691]

SOURCE: AIR
RX_ID: 435, Freq: 131.725MHz
Mode: G NACKLabel: B6 Block ID: 1, Msg No: F14A
Flight ID: AF0931 REG: F-GSPL


Message content:-
/ACCFAYA.ADS.F-GSPL141ED8B01D7C4946D6981F0D1FB0281D47894702752023C81D2A8947001C08
-------------------------------------------------------[2024-09-16 04:24:07.965]

SOURCE: AIR
RX_ID: 436, Freq: 131.725MHz
Mode: G NACKLabel: 16 Block ID: 9, Msg No: M31A
Flight ID: P47578 REG: 5N-BVE


Message content:-
POSA1N44594E  4499,MTL-20 ,042425,360,ETR-21 ,043018,,-54, 91, 193,837
-------------------------------------------------------[2024-09-16 04:24:53.826]

SOURCE: AIR
RX_ID: 437, Freq: 131.725MHz
Mode: G NACKLabel: B9 Block ID: 2, Msg No: L58A
Flight ID: AF0931 REG: F-GSPL


Message content:-
/LFPG.TI2/046LFPGAD3A5
-------------------------------------------------------[2024-09-16 04:26:09.603]

SOURCE: AIR
RX_ID: 438, Freq: 131.725MHz
Mode: G NACKLabel: B6 Block ID: 5, Msg No: F15A
Flight ID: AF0931 REG: F-GSPL


Message content:-
/ACCFAYA.ADS.F-GSPL071F0BF81D6FC94758F48F0C0464B9CF18200E7F98C93FF00F7EC98EBFF01DB0
-------------------------------------------------------[2024-09-16 04:26:39.298]

SOURCE: AIR
RX_ID: 439, Freq: 131.725MHz
Mode: G NACKLabel: B6 Block ID: 6, Msg No: F16A
Flight ID: AF0931 REG: F-GSPL


Message content:-
/ACCFAYA.ADS.F-GSPL071F70901D574946DD948F0C0464B9CF18200E7F88C840240F7F098CC0241753
-------------------------------------------------------[2024-09-16 04:31:35.055]

SOURCE: AIR
RX_ID: 440, Freq: 131.725MHz
Mode: G NACKLabel: 4H Block ID: 4, Msg No: M87A
Flight ID: DL0232 REG: N1604R


Message content:-
15044H KJFK LIRN6
  
WPR RESET





-------------------------------------------------------[2024-09-16 04:33:34.242]

SOURCE: AIR
RX_ID: 441, Freq: 131.725MHz
Mode: G NACKLabel: B6 Block ID: 7, Msg No: F17A
Flight ID: AF0931 REG: F-GSPL


Message content:-
/ACCFAYA.ADS.F-GSPL141FB0D81D510947A0949F0D2023C81D2A89470158207A481D144947008A96
-------------------------------------------------------[2024-09-16 04:34:47.168]

SOURCE: AIR
RX_ID: 442, Freq: 131.725MHz
Mode: G NACKLabel: B6 Block ID: 8, Msg No: F18A
Flight ID: AF0931 REG: F-GSPL


Message content:-
/ACCFAYA.ADS.F-GSPL071FD3581D6F894722358F0C0464B9CF18200E01D8C7FFF00F00E18F7FF0DF11
-------------------------------------------------------[2024-09-16 04:36:31.175]

SOURCE: AIR
RX_ID: 443, Freq: 131.725MHz
Mode: G NACKLabel: 2F Block ID: 9, Msg No: M80A
Flight ID: AF0931 REG: F-GSPL


Message content:-
0437+4491+519/38118
DGAA/LFPG/38002/ +03/ -54/0.79/203067/191401/29.0/RUS-22 /ETR-21 / -06/   61
-------------------------------------------------------[2024-09-16 04:37:57.193]

SOURCE: AIR
RX_ID: 444, Freq: 131.825MHz
Mode: 2 NACKLabel: H1 Block ID: 9, Msg No: F15A
Flight ID: BA0054 REG: G-STBH


Message content:-
#M1BREJREQ,044536,101,,001,/TS044536,160924ADC7
-------------------------------------------------------[2024-09-16 04:45:39.277]

SOURCE: AIR
RX_ID: 445, Freq: 131.825MHz
Mode: 2 NACKLabel: 15 Block ID: 0, Msg No: M83A
Flight ID: BA0054 REG: G-STBH


Message content:-
FST01FAOREGLLN435822E0050656380 151 775 M56C 6534534835041511600006140446
-------------------------------------------------------[2024-09-16 04:46:12.263]

SOURCE: AIR
RX_ID: 446, Freq: 131.825MHz
Mode: 2 NACKLabel: 10 Block ID: 1, Msg No: M84A
Flight ID: BA0054 REG: G-STBH


Message content:-
MET01LFLL
-------------------------------------------------------[2024-09-16 04:47:53.824]

SOURCE: AIR
RX_ID: 447, Freq: 131.825MHz
Mode: 2 NACKLabel: 10 Block ID: 2, Msg No: M85A
Flight ID: BA0054 REG: G-STBH


Message content:-
MET01LFPG
-------------------------------------------------------[2024-09-16 04:48:00.813]

SOURCE: AIR
RX_ID: 448, Freq: 131.825MHz
Mode: 2 ACK, A2GLabel: 10 Block ID: 2, Msg No: M85A
Flight ID: BA0054 REG: G-STBH


Message content:-
MET01LFPG
-------------------------------------------------------[2024-09-16 04:48:02.016]

SOURCE: AIR
RX_ID: 449, Freq: 131.825MHz
Mode: 2 NACKLabel: H1 Block ID: 7, Msg No: F21A
Flight ID: BA0054 REG: G-STBH


Message content:-
#M1BPOSN44493E004457,MTL-16,045709,380,ETR-17,050029,MAD-18,M55,34870,309/TS045709,160924691D
-------------------------------------------------------[2024-09-16 04:57:36.896]

SOURCE: AIR
RX_ID: 450, Freq: 131.725MHz
Mode: E NACKLabel: H1 Block ID: 9, Msg No: F01A
Flight ID: CV498W REG: LX-YCV


Message content:-
#M1B/B0 DAAA.AFN/FMHCLX498W,.LX-YCV,,055543/FPON42406E006581,1/FCOATC,01/FCOADS,01CEB7
-------------------------------------------------------[2024-09-16 05:55:45.664]

SOURCE: AIR
RX_ID: 451, Freq: 131.725MHz
Mode: G NACKLabel: B9 Block ID: 4, Msg No: L14A
Flight ID: DL0028 REG: N841MH


Message content:-
/LFMN.TI2/024LFMNC6228
-------------------------------------------------------[2024-09-16 05:57:25.436]

SOURCE: AIR
RX_ID: 452, Freq: 131.725MHz
Mode: G NACKLabel: B9 Block ID: 4, Msg No: L14A
Flight ID: DL0028 REG: N841MH


Message content:-
/LFMN.TI2/024LFMNC6228
-------------------------------------------------------[2024-09-16 05:57:33.627]

SOURCE: AIR
RX_ID: 453, Freq: 131.725MHz
Mode: G NACKLabel: H1 Block ID: 8, Msg No: D85A
Flight ID: DL0028 REG: N841MH


Message content:-
#DFB239N1817 0028091624055812718 4418   548268-10-34332 38XX-223 21320
 288 470005214201002PIH-KJFKLFMN
-------------------------------------------------------[2024-09-16 05:58:33.431]

SOURCE: AIR
RX_ID: 454, Freq: 131.725MHz
Mode: G NACKLabel: H1 Block ID: 9, Msg No: D86A
Flight ID: DL0028 REG: N841MH


Message content:-
#DFBENGINE BLEED REPORT

AID:N1817  DA:16/09    GMT:06:01    FNO:3697      ISFC: 2874
TAT:  24  SAT:-140   ALT: 18484   MACH:0566    FCNT:  425
GW:306480  FLT:0028-1  MODE:DESC    SID:AK-67-223
S/N L:70700
-------------------------------------------------------[2024-09-16 06:01:50.443]

SOURCE: AIR
RX_ID: 455, Freq: 131.725MHz
Mode: G NACKLabel: H1 Block ID: 0, Msg No: D86B
Flight ID: DL0028 REG: N841MH


Message content:-
#DFB0         DEPART:KJFK    DESTIN:LFMN
S/N R:706834

               ENG L     ENG R
HPSOV          OPN       OPN
PRV            OPN       OPN
PRSOV          OPN       OPN
FAV %            -393     -131
-------------------------------------------------------[2024-09-16 06:01:54.320]

SOURCE: AIR
RX_ID: 456, Freq: 131.725MHz
Mode: G NACKLabel: H1 Block ID: 1, Msg No: D86C
Flight ID: DL0028 REG: N841MH


Message content:-
#DFB
N1 SPD          3763     3850
HI STG PRESS    3950     4100
INTERM PRESS1    3158     3331
INTERM PRESS2    3072     3406
STRUT OVHT     NRML      NRML
DUCT PRESS       2975     3088
P-COOL TEMP    
-------------------------------------------------------[2024-09-16 06:01:58.015]

SOURCE: AIR
RX_ID: 457, Freq: 131.725MHz
Mode: G NACKLabel: H1 Block ID: 2, Msg No: D86D
Flight ID: DL0028 REG: N841MH


Message content:-
#DFB34872    35284
PACK HX TEMP    31653    32272
PACK FLOW       10833    11245
WING ANTI ICE  OFF
LT  ISO VLV    CLS
RT  ISO VLV    CLS
CTR ISO VLV    OPN

TRIGGER CODE   0000

STATUS WORDS  DW1  DW
-------------------------------------------------------[2024-09-16 06:02:01.489]

SOURCE: AIR
RX_ID: 458, Freq: 131.725MHz
Mode: G NACKLabel: H1 Block ID: 3, Msg No: D86E
Flight ID: DL0028 REG: N841MH


Message content:-
#DFB2  DW3  DW4  DW5  DW6  DW7  DW8  EICAS
LEFT          0000 0001 0000 0000 0000 0000 5040 0000 0000
RIGHT         0000 0001 0000 0000 0000 0000 1040 0000 0000

-------------------------------------------------------[2024-09-16 06:02:05.182]

SOURCE: AIR
RX_ID: 459, Freq: 131.825MHz
Mode: 2 NACKLabel: H1 Block ID: 9, Msg No: C01A
Flight ID: EC52EB REG: OE-LKM


Message content:-
#CFBWRN/WN24091606120046200006DATALINK COMPANY FAULT  
-------------------------------------------------------[2024-09-16 06:12:58.944]

SOURCE: AIR
RX_ID: 460, Freq: 131.850MHz
Mode: 2 NACKLabel: B9 Block ID: 9, Msg No: J36A
Flight ID: WB0710 REG: 9XR-WP


Message content:-
/EGLL.TI2/000EGLLAABB2
-------------------------------------------------------[2024-09-16 06:17:28.441]

SOURCE: AIR
RX_ID: 461, Freq: 131.825MHz
Mode: 2 NACKLabel: 44 Block ID: 7, Msg No: M27A
Flight ID: GS0000 REG: DAERO


Message content:-
08,suL}Zq`evcK=LLvvvvZ}LYZP\xqZP=RWZLtYaZLaeLZLKeYZLLa[a
-------------------------------------------------------[2024-09-16 06:20:41.795]

SOURCE: AIR
RX_ID: 462, Freq: 131.825MHz
Mode: 2 NACKLabel: 44 Block ID: 8, Msg No: M28A
Flight ID: GS0000 REG: DAERO


Message content:-
05IOFjd)]u9CdxXjjCded)d9o)}"/])}X$F)jBxo)jo99)j`xB)jjo7C
-------------------------------------------------------[2024-09-16 06:22:41.824]

SOURCE: AIR
RX_ID: 463, Freq: 131.825MHz
Mode: 2 NACKLabel: H1 Block ID: 9, Msg No: D07A
Flight ID: AA0720 REG: N757AN


Message content:-
#DFBTRP KCLT LIRF 07  8 905   0  0 061552
 45.6841   0.6609370044166404820.0100.006 89.75   8.44 36240-55 217OFF
 45.5787   1.2154370024160004790.0170.012 91.87   5.27 35600-55 217OFF
 45.4568   1.7697369994
-------------------------------------------------------[2024-09-16 06:27:55.571]

SOURCE: AIR
RX_ID: 464, Freq: 131.825MHz
Mode: 2 NACKLabel: H1 Block ID: 0, Msg No: D07B
Flight ID: AA0720 REG: N757AN


Message content:-
#DFB153204770.0150.011 88.75   0.35 34920-55 217OFF
 45.3299   2.3308370014146004800.0040.003 87.75  -1.76 34200-54 217OFF
 45.1981   2.8980370014139204860.0080.003 89.37  -2.81 33520-54 217OFF
-------------------------------------------------------[2024-09-16 06:28:02.556]

SOURCE: AIR
RX_ID: 465, Freq: 131.825MHz
Mode: 2 NACKLabel: H1 Block ID: 1, Msg No: F28A
Flight ID: AA0720 REG: N757AN


Message content:-
#M1BPOSN44387E005132,BEP-25,062812,370,RETNO,063048,KOLON,M52,34964,3082F78
-------------------------------------------------------[2024-09-16 06:28:14.626]

SOURCE: AIR
RX_ID: 466, Freq: 131.825MHz
Mode: 2 NACKLabel: H1 Block ID: 2, Msg No: F29A
Flight ID: AA0720 REG: N757AN


Message content:-
#M1BPOSN44329E005474,RET-26,063113,370,KOL-27,063911,RAP-28,M50,34855,301C4F8
-------------------------------------------------------[2024-09-16 06:31:15.878]

SOURCE: AIR
RX_ID: 467, Freq: 131.825MHz
Mode: 2 NACKLabel: H1 Block ID: 3, Msg No: C02A
Flight ID: WB0710 REG: 9XR-WP


Message content:-
#CFB.1/WRN/WN2409160633  282600506FUEL OUTR TO INR FAULT
-------------------------------------------------------[2024-09-16 06:33:33.090]

SOURCE: AIR
RX_ID: 468, Freq: 131.825MHz
Mode: 2 NACKLabel: 5Z Block ID: 3, Msg No: M97A
Flight ID: AA0720 REG: N757AN


Message content:-
OS LIRF /ALT00000726
-------------------------------------------------------[2024-09-16 06:36:50.945]

SOURCE: AIR
RX_ID: 469, Freq: 131.825MHz
Mode: 2 NACKLabel: 5Z Block ID: 3, Msg No: M97A
Flight ID: AA0720 REG: N757AN


Message content:-
OS LIRF /ALT00000726
-------------------------------------------------------[2024-09-16 06:37:03.014]

SOURCE: AIR
RX_ID: 470, Freq: 131.825MHz
Mode: 2 NACKLabel: 5D Block ID: 5, Msg No: M98A
Flight ID: AA0720 REG: N757AN


Message content:-
LIRFA046
-------------------------------------------------------[2024-09-16 06:37:08.354]

SOURCE: AIR
RX_ID: 471, Freq: 131.825MHz
Mode: 2 NACKLabel: H1 Block ID: 0, Msg No: F30A
Flight ID: AA0720 REG: N757AN


Message content:-
#M1BPOSN43528E007071,KOL-30,063914,370,RAP-31,064943,RAT-32,M51,33633,2834668
-------------------------------------------------------[2024-09-16 06:39:16.135]

SOURCE: AIR
RX_ID: 472, Freq: 131.825MHz
Mode: 2 NACKLabel: H1 Block ID: 1, Msg No: D08A
Flight ID: AA0720 REG: N757AN


Message content:-
#DFBTRP KCLT LIRF 07  8 906   0  0 063052
 45.0625   3.4674369984132404870.0060.005 89.25  -1.41 32840-54 217OFF
 44.9131   4.0291369934126004830.0100.005 85.62  -5.27 32200-54 217OFF
 44.7272   4.5822369954
-------------------------------------------------------[2024-09-16 06:42:56.298]

SOURCE: AIR
RX_ID: 473, Freq: 131.825MHz
Mode: 2 NACKLabel: H1 Block ID: 2, Msg No: D08B
Flight ID: AA0720 REG: N757AN


Message content:-
#DFB119204900.0090.006 75.12  -6.68 31520-52 217OFF
 44.6378   5.1550370014112404880.0100.004 65.37 -11.25 30840-52 217OFF
 44.5628   5.7299369924105604890.0300.005 55.88 -10.55 30160-50 217OFF
-------------------------------------------------------[2024-09-16 06:43:03.063]

SOURCE: AIR
RX_ID: 474, Freq: 131.725MHz
Mode: X NACKLabel: B9 Block ID: 2, Msg No: J07A
Flight ID: TK01TG REG: TC-JIR


Message content:-
/LEMD.TI2/000LEMDA503F
-------------------------------------------------------[2024-09-16 06:56:29.111]

SOURCE: AIR
RX_ID: 475, Freq: 131.725MHz
Mode: X NACKLabel: 16 Block ID: 5, Msg No: M33A
Flight ID: TK01TG REG: TC-JIR


Message content:-
 /N 43.119/E  5.143/39022/1609/0659/113/0803/
-------------------------------------------------------[2024-09-16 06:59:05.201]

SOURCE: AIR
RX_ID: 476, Freq: 131.725MHz
Mode: X NACKLabel: 10 Block ID: 6, Msg No: M52A
Flight ID: KL0592 REG: PH-BVK


Message content:-
ETA07A16070500KLM592  FAOREHAM160830EHAM0153
-------------------------------------------------------[2024-09-16 07:05:33.485]

SOURCE: AIR
RX_ID: 477, Freq: 131.725MHz
Mode: G NACKLabel: H1 Block ID: 5, Msg No: D79A
Flight ID: TB01MK REG: OO-JAS


Message content:-
#DFB41103OO-JASB737-700160924Q70001GMMNLFJL0071JAF803
052716CR525037002252778-536-270N34161W004201140206
0873208731092009196556430009500163
25612523006200624447106107
05060971530050060001
009255359234000

-------------------------------------------------------[2024-09-16 07:12:56.881]

SOURCE: AIR
RX_ID: 478, Freq: 131.725MHz
Mode: G NACKLabel: H1 Block ID: 6, Msg No: D79B
Flight ID: TB01MK REG: OO-JAS


Message content:-
#DFB11000000110008770878-0010000
018CE018CE0000000000000090000935803358C3
000000000010000200005F0925F0920000000000
40846408448913268903277BA67BA6AB
03380341099100067066-003-008XXXXXXXX
03230323113811480530
-------------------------------------------------------[2024-09-16 07:13:01.193]

SOURCE: AIR
RX_ID: 479, Freq: 131.725MHz
Mode: G NACKLabel: H1 Block ID: 7, Msg No: D79C
Flight ID: TB01MK REG: OO-JAS


Message content:-
#DFB540411041765506435
XXXXXXXXXXXXXXXXXXXXXXXX
XXXXXXXXXXXXXXXXXXXXXXXX
100183001830014100141

-------------------------------------------------------[2024-09-16 07:13:05.069]

SOURCE: AIR
RX_ID: 480, Freq: 131.725MHz
Mode: X NACKLabel: H1 Block ID: 1, Msg No: D62A
Flight ID: KL0104 REG: PH-BVC


Message content:-
#DFB(POS-KLM104  -4325N00511E/071910 F360
RMK/FUEL  19.6 M0.85)
-------------------------------------------------------[2024-09-16 07:19:12.690]

SOURCE: AIR
RX_ID: 481, Freq: 131.725MHz
Mode: G NACKLabel: H1 Block ID: 9, Msg No: F33A
Flight ID: TB01MK REG: OO-JAS


Message content:-
#M1BPOSN44182E006290,ELKEM,072049,380,IRMAR,072535,KINES,M50,349041,142/DTLFJL,04O,105,082014,73/PR1301,258,380,142,,53,8,034004,M53,40,P35,P0/RI:DA:GMMN:AA:LFJL(04O)..IRMAR..KINES..VANAS..MOBLO..UBIMA..GILIR..
-------------------------------------------------------[2024-09-16 07:20:52.642]

SOURCE: AIR
RX_ID: 482, Freq: 131.725MHz
Mode: G NACKLabel: H1 Block ID: 0, Msg No: F33B
Flight ID: TB01MK REG: OO-JAS


Message content:-
#M1BPENDU..EPL.G21.MONCE:A:MONC3A:F:MTZ:AP:RNV 04.MTZ:F:MONCE6414
-------------------------------------------------------[2024-09-16 07:20:56.334]

SOURCE: AIR
RX_ID: 483, Freq: 131.725MHz
Mode: E NACKLabel: 83 Block ID: 0, Msg No: M05A
Flight ID: XA0001 REG: CSRLI


Message content:-
001PR16075433N4341.2E00632.1389416    
-------------------------------------------------------[2024-09-16 07:54:34.658]

SOURCE: AIR
RX_ID: 484, Freq: 131.725MHz
Mode: E NACKLabel: H1 Block ID: 1, Msg No: F01A
Flight ID: XA0001 REG: CSRLI


Message content:-
#M1BREQFPN/RN10002/RS:FP:L4251     1D7B
-------------------------------------------------------[2024-09-16 07:55:11.920]

SOURCE: AIR
RX_ID: 485, Freq: 131.525MHz
Mode: T NACKLabel: 2Z Block ID: 0, Msg No: M37A
Flight ID: AF7302 REG: F-GMZE


Message content:-
LFMN
-------------------------------------------------------[2024-09-16 07:56:02.903]

SOURCE: AIR
RX_ID: 486, Freq: 131.525MHz
Mode: T ACK, A2GLabel: 2Z Block ID: 0, Msg No: M37A
Flight ID: AF7302 REG: F-GMZE


Message content:-
LFMN
-------------------------------------------------------[2024-09-16 07:56:03.926]

SOURCE: AIR
RX_ID: 487, Freq: 131.725MHz
Mode: E NACKLabel: B9 Block ID: 3, Msg No: L00A
Flight ID: XA0001 REG: CSRLI


Message content:-
/LEMD.TI2/024LEMDA367D
-------------------------------------------------------[2024-09-16 07:58:31.200]

SOURCE: AIR
RX_ID: 488, Freq: 131.525MHz
Mode: T NACKLabel: 2F Block ID: 1, Msg No: M38A
Flight ID: AF7302 REG: F-GMZE


Message content:-
0759+4421+543/2755
-------------------------------------------------------[2024-09-16 07:59:59.263]

SOURCE: AIR
RX_ID: 489, Freq: 131.525MHz
Mode: T NACKLabel: 26 Block ID: 2, Msg No: M39A
Flight ID: AF7302 REG: F-GMZE


Message content:-
0804LFPGAF7302/160819LFMN04L
-------------------------------------------------------[2024-09-16 08:04:02.758]

SOURCE: AIR
RX_ID: 490, Freq: 131.525MHz
Mode: T NACKLabel: 26 Block ID: 2, Msg No: M39A
Flight ID: AF7302 REG: F-GMZE


Message content:-
0804LFPGAF7302/160819LFMN04L
-------------------------------------------------------[2024-09-16 08:04:11.792]

SOURCE: AIR
RX_ID: 491, Freq: 131.725MHz
Mode: X NACKLabel: B9 Block ID: 5, Msg No: J79A
Flight ID: AZ06MO REG: EI-EJG


Message content:-
/LFLL.TI2/000LFLLA757A
-------------------------------------------------------[2024-09-16 08:38:15.278]

SOURCE: AIR
RX_ID: 492, Freq: 131.725MHz
Mode: E NACKLabel: 4H Block ID: 1, Msg No: M55A
Flight ID: DL0025 REG: N841MH


Message content:-
16094H LFMN KATL6
  
RESET WPR





-------------------------------------------------------[2024-09-16 09:18:01.664]

SOURCE: AIR
RX_ID: 493, Freq: 131.725MHz
Mode: 2 NACKLabel: 15 Block ID: 2, Msg No: M21A
Flight ID: XA0001 REG: OEHGS


Message content:-
(2N43130E  5538--- 36----49(Z
-------------------------------------------------------[2024-09-16 09:19:03.103]

SOURCE: AIR
RX_ID: 494, Freq: 131.825MHz
Mode: 2 NACKLabel: H1 Block ID: 7, Msg No: C72A
Flight ID: LH081P REG: D-AIRO


Message content:-
#CFB:CV/:T,GYHKMY6BIXXOA0A3406NO CIDS (ICSQS/)9CA9-
-------------------------------------------------------[2024-09-16 09:19:56.391]

SOURCE: AIR
RX_ID: 495, Freq: 131.725MHz
Mode: E NACKLabel: H1 Block ID: 5, Msg No: D98A
Flight ID: DL0025 REG: N841MH


Message content:-
#DFB239N1817 0025091624091958796 4489   533313-16-46358 43XX-223121720
 293 44100803080500309B(LFMNKATL
-------------------------------------------------------[2024-09-16 09:20:12.556]

SOURCE: AIR
RX_ID: 496, Freq: 131.825MHz
Mode: 2 NACKLabel: 16 Block ID: 6, Msg No: M17A
Flight ID: 5O0713 REG: F-HIXD


Message content:-
092037,37000,1056, 148,N 45.423 E  5.574
-------------------------------------------------------[2024-09-16 09:20:38.778]

SOURCE: AIR
RX_ID: 497, Freq: 131.825MHz
Mode: 2 NACKLabel: H1 Block ID: 7, Msg No: D29A
Flight ID: 5O0713 REG: F-HIXD


Message content:-
#DFB062,??????,B737-800,240916,5O0713,----.,--09.,0615,FPO002,?????::09.21.18,CR,5366,37010,248,.77,-49.8,-23.5,N4523.6,E00540.5,64792::4000,AUTOMATIC,015::
-------------------------------------------------------[2024-09-16 09:21:21.786]

SOURCE: AIR
RX_ID: 498, Freq: 131.725MHz
Mode: E NACKLabel: H1 Block ID: 6, Msg No: F17A
Flight ID: DL0025 REG: N841MH


Message content:-
#M2BPOSN45092E004361,ETR03,092502,320,NOQ04,092705,LER05,M46,00361,1216,804B3E7
-------------------------------------------------------[2024-09-16 09:25:04.625]

SOURCE: AIR
RX_ID: 499, Freq: 131.725MHz
Mode: X NACKLabel: SA Block ID: 4, Msg No: M23A
Flight ID: DE1504 REG: D-ABOJ


Message content:-
0EV093401V
-------------------------------------------------------[2024-09-16 09:34:04.274]

SOURCE: AIR
RX_ID: 500, Freq: 131.725MHz
Mode: E NACKLabel: SA Block ID: 7, Msg No: M24A
Flight ID: DE1504 REG: D-ABOJ


Message content:-
0EV093905V
-------------------------------------------------------[2024-09-16 09:39:07.382]

SOURCE: AIR
RX_ID: 501, Freq: 131.725MHz
Mode: X NACKLabel: H1 Block ID: 7, Msg No: D42A
Flight ID: DL0233 REG: N1604R


Message content:-
#DFB239N1604 0233091624093908793 4504   446339-18-47 11 6312-167 89600
 276 447 101300500030IH-LIRNKJFK
-------------------------------------------------------[2024-09-16 09:39:39.309]

SOURCE: AIR
RX_ID: 502, Freq: 131.725MHz
Mode: G NACKLabel: B9 Block ID: 2, Msg No: J89A
Flight ID: AF149A REG: F-GZCI


Message content:-
/LFPG.TI2/000LFPGCBFC0
-------------------------------------------------------[2024-09-16 09:41:25.401]

SOURCE: AIR
RX_ID: 503, Freq: 131.725MHz
Mode: E NACKLabel: H1 Block ID: 8, Msg No: F46A
Flight ID: DL0024 REG: N844MH


Message content:-
#M1BPOSN44297E005044,NISAR,094225,336,XIRBI,094345,DOTIG,M50,35651,227,7981DE2
-------------------------------------------------------[2024-09-16 09:42:29.913]

SOURCE: AIR
RX_ID: 504, Freq: 131.725MHz
Mode: E NACKLabel: SA Block ID: 0, Msg No: M25A
Flight ID: DE1504 REG: D-ABOJ


Message content:-
0EV094342V
-------------------------------------------------------[2024-09-16 09:43:44.665]

SOURCE: AIR
RX_ID: 505, Freq: 131.725MHz
Mode: E NACKLabel: H1 Block ID: 9, Msg No: F47A
Flight ID: DL0024 REG: N844MH


Message content:-
#M1BPOSN44221E005159,XIRBI,094346,310,DOTIG,094544,VEDIK,M47,35149,226,798D01B
-------------------------------------------------------[2024-09-16 09:43:48.981]

SOURCE: AIR
RX_ID: 506, Freq: 131.725MHz
Mode: E NACKLabel: H1 Block ID: 0, Msg No: D29A
Flight ID: DL0024 REG: N844MH


Message content:-
#DFB239N1820 0024091624094400790 4443   531302-18-46349 42XX-223 22800
 298 4990019136100030/9WKATLLFMN
-------------------------------------------------------[2024-09-16 09:44:11.911]

SOURCE: AIR
RX_ID: 507, Freq: 131.725MHz
Mode: 2 NACKLabel: 15 Block ID: 8, Msg No: M07A
Flight ID: XA0001 REG: 9HVFL


Message content:-
(2N44272E  5181355 33190-16(Z
-------------------------------------------------------[2024-09-16 09:45:05.781]

SOURCE: AIR
RX_ID: 508, Freq: 131.725MHz
Mode: E NACKLabel: B9 Block ID: 1, Msg No: L18A
Flight ID: DL0024 REG: N844MH


Message content:-
/LFMN.TI2/024LFMNA426A
-------------------------------------------------------[2024-09-16 09:45:10.462]

SOURCE: AIR
RX_ID: 509, Freq: 131.725MHz
Mode: E ACK, A2GLabel: B9 Block ID: 1, Msg No: L18A
Flight ID: DL0024 REG: N844MH


Message content:-
/LFMN.TI2/024LFMNA426A
-------------------------------------------------------[2024-09-16 09:45:15.399]

SOURCE: AIR
RX_ID: 510, Freq: 131.725MHz
Mode: 2 NACKLabel: 15 Block ID: 8, Msg No: M07A
Flight ID: XA0001 REG: 9HVFL


Message content:-
(2N44272E  5181355 33190-16(Z
-------------------------------------------------------[2024-09-16 09:45:20.701]

SOURCE: AIR
RX_ID: 511, Freq: 131.725MHz
Mode: G NACKLabel: 2F Block ID: 6, Msg No: M97A
Flight ID: AF149A REG: F-GZCI


Message content:-
0945+4501+486/3693
DNMM/LFPG/36001//-51/0.82/164009/154666//DJL    //-2/050
-------------------------------------------------------[2024-09-16 09:45:21.324]

SOURCE: AIR
RX_ID: 512, Freq: 131.725MHz
Mode: 2 NACKLabel: 15 Block ID: 8, Msg No: M07A
Flight ID: XA0001 REG: 9HVFL


Message content:-
(2N44272E  5181355 33190-16(Z
-------------------------------------------------------[2024-09-16 09:45:34.234]

SOURCE: AIR
RX_ID: 513, Freq: 131.725MHz
Mode: E NACKLabel: H1 Block ID: 3, Msg No: F48A
Flight ID: DL0024 REG: N844MH


Message content:-
#M1BPOSN44093E005302,DOTIG,094548,264,VEDIK,094845,AMFOU,M38,34537,225,7EEA
-------------------------------------------------------[2024-09-16 09:45:51.022]

SOURCE: AIR
RX_ID: 514, Freq: 131.725MHz
Mode: 2 NACKLabel: 15 Block ID: 8, Msg No: M07A
Flight ID: XA0001 REG: 9HVFL


Message content:-
(2N44272E  5181355 33190-16(Z
-------------------------------------------------------[2024-09-16 09:45:57.384]

SOURCE: AIR
RX_ID: 515, Freq: 131.725MHz
Mode: 2 NACKLabel: 15 Block ID: 8, Msg No: M07A
Flight ID: XA0001 REG: 9HVFL


Message content:-
(2N44272E  5181355 33190-16(Z
-------------------------------------------------------[2024-09-16 09:46:20.314]

SOURCE: AIR
RX_ID: 516, Freq: 131.725MHz
Mode: 2 NACKLabel: 15 Block ID: 8, Msg No: M07A
Flight ID: XA0001 REG: 9HVFL


Message content:-
(2N44272E  5181355 33190-16(Z
-------------------------------------------------------[2024-09-16 09:46:34.650]

SOURCE: AIR
RX_ID: 517, Freq: 131.725MHz
Mode: G NACKLabel: SA Block ID: 3, Msg No: M26A
Flight ID: DE1504 REG: D-ABOJ


Message content:-
0EV094819V
-------------------------------------------------------[2024-09-16 09:48:22.393]

SOURCE: AIR
RX_ID: 518, Freq: 131.725MHz
Mode: 2 NACKLabel: H1 Block ID: 2, Msg No: F32A
Flight ID: ZD0000 REG: 9HASB


Message content:-
#M1B/.POS/TS094845,160924N45198E003581,,094845,390,,094845,,M52,01069,266,8507902
-------------------------------------------------------[2024-09-16 09:49:03.134]

SOURCE: AIR
RX_ID: 519, Freq: 131.725MHz
Mode: E NACKLabel: H1 Block ID: 5, Msg No: D30A
Flight ID: DL0024 REG: N844MH


Message content:-
#DFBENGINE BLEED REPORT

AID:N1820  DA:16/09    GMT:09:49    FNO:2139      ISFC: 2491
TAT: -07  SAT:-205   ALT: 19792   MACH:0624    FCNT:  980
GW:310120  FLT:0024-1  MODE:DESC    SID:AK-67-223
S/N L:70700
-------------------------------------------------------[2024-09-16 09:49:28.516]

SOURCE: AIR
RX_ID: 520, Freq: 131.725MHz
Mode: E NACKLabel: H1 Block ID: 6, Msg No: D30B
Flight ID: DL0024 REG: N844MH


Message content:-
#DFB0         DEPART:KATL    DESTIN:LFMN
S/N R:707000

               ENG L     ENG R
HPSOV          OPN       OPN
PRV            OPN       OPN
PRSOV          OPN       OPN
FAV %            2748     3450
-------------------------------------------------------[2024-09-16 09:49:32.027]

SOURCE: AIR
RX_ID: 521, Freq: 131.725MHz
Mode: E NACKLabel: H1 Block ID: 7, Msg No: D30C
Flight ID: DL0024 REG: N844MH


Message content:-
#DFB
N1 SPD          5106     5075
HI STG PRESS    6300     6300
INTERM PRESS1    4473     4559
INTERM PRESS2    4398     5077
STRUT OVHT     NRML      NRML
DUCT PRESS       4250     4263
P-COOL TEMP    
-------------------------------------------------------[2024-09-16 09:49:36.524]

SOURCE: AIR
RX_ID: 522, Freq: 131.725MHz
Mode: E NACKLabel: H1 Block ID: 8, Msg No: D30D
Flight ID: DL0024 REG: N844MH


Message content:-
#DFB38109    38194
PACK HX TEMP    36872    35763
PACK FLOW       14339    14294
WING ANTI ICE  OFF
LT  ISO VLV    CLS
RT  ISO VLV    CLS
CTR ISO VLV    OPN

TRIGGER CODE   0000

STATUS WORDS  DW1  DW
-------------------------------------------------------[2024-09-16 09:49:40.623]

SOURCE: AIR
RX_ID: 523, Freq: 131.725MHz
Mode: E NACKLabel: H1 Block ID: 9, Msg No: D30E
Flight ID: DL0024 REG: N844MH


Message content:-
#DFB2  DW3  DW4  DW5  DW6  DW7  DW8  EICAS
LEFT          0000 0001 0000 0000 0000 0040 1040 0000 0000
RIGHT         0000 0001 0000 0000 0000 0040 1040 0000 0000

-------------------------------------------------------[2024-09-16 09:49:45.119]

SOURCE: AIR
RX_ID: 524, Freq: 131.725MHz
Mode: E NACKLabel: 16 Block ID: 2, Msg No: M72A
Flight ID: SN04UR REG: OO-SFD


Message content:-
16SEP24,0949,N 43.526,E  4.234,35000,1646,108560
-------------------------------------------------------[2024-09-16 09:49:53.716]

SOURCE: AIR
RX_ID: 525, Freq: 131.725MHz
Mode: E NACKLabel: SA Block ID: 3, Msg No: S89A
Flight ID: SN04UR REG: OO-SFD


Message content:-
0LS095038V
-------------------------------------------------------[2024-09-16 09:50:38.990]

SOURCE: AIR
RX_ID: 526, Freq: 131.725MHz
Mode: E NACKLabel: H1 Block ID: 0, Msg No: F50A
Flight ID: DL0024 REG: N844MH


Message content:-
#M1BPOSN43359E006064,AMFOU,095151,154,TIPIK,095449,MUS,M10,34520,222,AACB
-------------------------------------------------------[2024-09-16 09:51:54.550]

SOURCE: AIR
RX_ID: 527, Freq: 131.725MHz
Mode: G NACKLabel: H1 Block ID: 9, Msg No: F12A
Flight ID: CC2611 REG: TF-AMU


Message content:-
#M1BPOSN44398E005319,,095348,330,KOT09,095360,RET10,M49,35244,1939,84,0173
-------------------------------------------------------[2024-09-16 09:53:52.711]

SOURCE: AIR
RX_ID: 528, Freq: 131.725MHz
Mode: E NACKLabel: H1 Block ID: 1, Msg No: F51A
Flight ID: DL0024 REG: N844MH


Message content:-
#M1BPOSN43298E006259,TIPIK,095454,118,MUS,095658,MN141,M2,00412,220,148D
-------------------------------------------------------[2024-09-16 09:54:57.444]

SOURCE: AIR
RX_ID: 529, Freq: 131.725MHz
Mode: 2 NACKLabel: 15 Block ID: 9, Msg No: M08A
Flight ID: XA0001 REG: 9HVFL


Message content:-
(2N43387E  6060342 16149- 8(Z
-------------------------------------------------------[2024-09-16 09:55:05.013]

SOURCE: AIR
RX_ID: 530, Freq: 131.725MHz
Mode: 2 NACKLabel: 15 Block ID: 9, Msg No: M08A
Flight ID: XA0001 REG: 9HVFL


Message content:-
(2N43387E  6060342 16149- 8(Z
-------------------------------------------------------[2024-09-16 09:55:22.643]

SOURCE: AIR
RX_ID: 531, Freq: 131.725MHz
Mode: 2 NACKLabel: 15 Block ID: 9, Msg No: M08A
Flight ID: XA0001 REG: 9HVFL


Message content:-
(2N43387E  6060342 16149- 8(Z
-------------------------------------------------------[2024-09-16 09:55:44.766]

SOURCE: AIR
RX_ID: 532, Freq: 131.725MHz
Mode: 2 NACKLabel: 15 Block ID: 9, Msg No: M08A
Flight ID: XA0001 REG: 9HVFL


Message content:-
(2N43387E  6060342 16149- 8(Z
-------------------------------------------------------[2024-09-16 09:56:04.626]

SOURCE: AIR
RX_ID: 533, Freq: 131.725MHz
Mode: 2 NACKLabel: 15 Block ID: 9, Msg No: M08A
Flight ID: XA0001 REG: 9HVFL


Message content:-
(2N43387E  6060342 16149- 8(Z
-------------------------------------------------------[2024-09-16 09:56:24.887]

SOURCE: AIR
RX_ID: 534, Freq: 131.725MHz
Mode: 2 NACKLabel: H1 Block ID: 5, Msg No: F35A
Flight ID: ZD0000 REG: 9HASB


Message content:-
#M1B/.RESREQ/AK,115/TS095925,160924
-------------------------------------------------------[2024-09-16 09:59:22.881]

SOURCE: AIR
RX_ID: 535, Freq: 131.725MHz
Mode: 2 NACKLabel: H1 Block ID: 6, Msg No: F36A
Flight ID: ZD0000 REG: 9HASB


Message content:-
#M1B/.POS/TS095925,160924N44119E005278,,095925,337,,095925,,M47,01651,261,8502B87
-------------------------------------------------------[2024-09-16 09:59:27.378]

SOURCE: AIR
RX_ID: 536, Freq: 131.725MHz
Mode: G NACKLabel: H1 Block ID: 1, Msg No: F13A
Flight ID: CC2611 REG: TF-AMU


Message content:-
#M1BPOSN43313E005031,,100156,330,VATIR,101216,PIVUS,M48,34648,1902,84,FC94
-------------------------------------------------------[2024-09-16 10:02:02.809]

SOURCE: AIR
RX_ID: 537, Freq: 131.725MHz
Mode: X NACKLabel: 83 Block ID: 5, Msg No: M03A
Flight ID: UV0001 REG: DCEFE


Message content:-
001PR16100631N4315.1E00450.2429468    
-------------------------------------------------------[2024-09-16 10:06:36.440]

SOURCE: AIR
RX_ID: 538, Freq: 131.825MHz
Mode: 2 NACKLabel: H1 Block ID: 4, Msg No: F06A
Flight ID: NW0207 REG: N806NW


Message content:-
#M1BRESPWI/AK9,071/TS101212,160924A2FA
-------------------------------------------------------[2024-09-16 10:12:15.164]

SOURCE: AIR
RX_ID: 539, Freq: 131.825MHz
Mode: 2 NACKLabel: B9 Block ID: 0, Msg No: M65A
Flight ID: NW0113 REG: N808NW


Message content:-
/KBOS.TI2/040KBOSA5384
-------------------------------------------------------[2024-09-16 10:29:44.155]

SOURCE: AIR
RX_ID: 540, Freq: 131.825MHz
Mode: 2 NACKLabel: H1 Block ID: 2, Msg No: D59A
Flight ID: NW0183 REG: N828NW


Message content:-
#DFB239057100301010098103
R39/A33039,1,1
239N828NW183 091624110430809 4387   708339-23-52 12 18AB0510114560
 282 461-0023076300B0YY(LIRFKJFK
-------------------------------------------------------[2024-09-16 11:04:44.229]

SOURCE: AIR
RX_ID: 541, Freq: 131.825MHz
Mode: 2 NACKLabel: H1 Block ID: 4, Msg No: C39A
Flight ID: NW0183 REG: N828NW


Message content:-
#CFB.1/FLR/FR2409161114  23332106PES    1,,,,,,,SDU(250MK)SR49A,HARD
-------------------------------------------------------[2024-09-16 11:15:32.030]

SOURCE: AIR
RX_ID: 542, Freq: 131.825MHz
Mode: 2 NACKLabel: H1 Block ID: 5, Msg No: D60A
Flight ID: NW0183 REG: N828NW


Message content:-
#DFB239057100401010098061
R39/A33039,1,1
239N828NW183 091624112430807 4538   423339-21-50 14 54AB0510109120
 281 448 000307430030YY(LIRFKJFK
-------------------------------------------------------[2024-09-16 11:24:44.386]

SOURCE: AIR
RX_ID: 543, Freq: 131.725MHz
Mode: E NACKLabel: H1 Block ID: 4, Msg No: F89A
Flight ID: SQ7343 REG: 9V-SFP


Message content:-
#M1B/B6 SKYSWSQ.ADS.9V-SFP071EC8781D0208C9994C1D0E7C68DD800410333DFE768F28
-------------------------------------------------------[2024-09-16 11:27:01.791]

SOURCE: AIR
RX_ID: 544, Freq: 131.825MHz
Mode: 2 NACKLabel: 16 Block ID: 3, Msg No: M11A
Flight ID: FR8464 REG: EI-EKJ


Message content:-
112715,,1216,  94,N   .    MMMM.MMM
-------------------------------------------------------[2024-09-16 11:27:18.176]

SOURCE: AIR
RX_ID: 545, Freq: 131.725MHz
Mode: E ACK, A2GLabel: B9 Block ID: 5, Msg No: L75A
Flight ID: SQ7343 REG: 9V-SFP


Message content:-
/EHAM.TI2/024EHAMA687E
-------------------------------------------------------[2024-09-16 11:35:29.327]

SOURCE: AIR
RX_ID: 546, Freq: 131.725MHz
Mode: E NACKLabel: H1 Block ID: 9, Msg No: F90A
Flight ID: SQ7343 REG: 9V-SFP


Message content:-
#M1B/B6 SKYSWSQ.ADS.9V-SFP071FF9701AACC8C9E64C1D0E7CC8DAFFF81035003E78E8E0
-------------------------------------------------------[2024-09-16 11:40:54.397]

SOURCE: AIR
RX_ID: 547, Freq: 131.725MHz
Mode: E NACKLabel: H1 Block ID: 9, Msg No: F90A
Flight ID: SQ7343 REG: 9V-SFP


Message content:-
#M1B/B6 SKYSWSQ.ADS.9V-SFP071FF9701AACC8C9E64C1D0E7CC8DAFFF81035003E78E8E0
-------------------------------------------------------[2024-09-16 11:41:05.879]

SOURCE: AIR
RX_ID: 548, Freq: 131.825MHz
Mode: 2 NACKLabel: H1 Block ID: 7, Msg No: O33A
Flight ID: BA0082 REG: G-VIID


Message content:-
#10BSB0122BA_G-VIID  DNAAEGLL577
 43605 0050371147 39995-50035403701020;011013
-------------------------------------------------------[2024-09-16 11:48:28.512]

SOURCE: AIR
RX_ID: 549, Freq: 131.825MHz
Mode: 2 NACKLabel: 15 Block ID: 8, Msg No: M99A
Flight ID: BA0082 REG: G-VIID


Message content:-
FST01DNAAEGLLN437531E0049892400 142 313 M51C 3335334935045411600013141148
-------------------------------------------------------[2024-09-16 11:48:48.779]

SOURCE: AIR
RX_ID: 550, Freq: 131.825MHz
Mode: 2 NACKLabel: B6 Block ID: 9, Msg No: F86A
Flight ID: BA0082 REG: G-VIID


Message content:-
/QUKAXBA.ADS.G-VIID071FBBE81B3649C3B4631D686A
-------------------------------------------------------[2024-09-16 11:55:54.811]

SOURCE: AIR
RX_ID: 551, Freq: 131.825MHz
Mode: 2 NACKLabel: 15 Block ID: 0, Msg No: M01A
Flight ID: BA0082 REG: G-VIID


Message content:-
FST01DNAAEGLLN449783E0046984400 132 323 M50C 4801135135043911600013141158
-------------------------------------------------------[2024-09-16 11:58:49.120]

SOURCE: AIR
RX_ID: 552, Freq: 131.825MHz
Mode: 2 NACKLabel: H1 Block ID: 2, Msg No: F87A
Flight ID: BA0082 REG: G-VIID


Message content:-
#M1BPRG/TS120041,160924/DTEGLL,09L,165,131440,/PR4269,350,400,285,,115,57,,,50,P30,P0,,,,,,,M377AEE
-------------------------------------------------------[2024-09-16 12:00:44.004]

SOURCE: AIR
RX_ID: 553, Freq: 131.725MHz
Mode: E NACKLabel: B1 Block ID: 0, Msg No: L01A
Flight ID: DL0029 REG: N844MH


Message content:-
/PIKCLXS.OC1/RCL 024
DAL29-ETIKI/1353 M081F340
-RMK/MAX F34019AC
-------------------------------------------------------[2024-09-16 12:24:40.616]

SOURCE: AIR
RX_ID: 554, Freq: 131.725MHz
Mode: E ACK, A2GLabel: B1 Block ID: 0, Msg No: L01A
Flight ID: DL0029 REG: N844MH


Message content:-
/PIKCLXS.OC1/RCL 024
DAL29-ETIKI/1353 M081F340
-RMK/MAX F34019AC
-------------------------------------------------------[2024-09-16 12:24:45.917]

SOURCE: AIR
RX_ID: 555, Freq: 131.725MHz
Mode: E NACKLabel: B2 Block ID: 3, Msg No: M36A
Flight ID: DL0029 REG: N844MH


Message content:-
/PIKCLYA.OC1/CLA 1225 240916 EGGX
CLRNCE 625
DAL29 CLRD TO KJFK VIA
ETIKI
NAT H
ETIKI 48N015W 48N020W
49N030W 49N040W 48N050W
NICSO
FM ETIKI/1353 MNTN F340
M081
ATC/CROSS ETIKI AT OR
AFTER 1352
END 
-------------------------------------------------------[2024-09-16 12:26:28.729]

SOURCE: AIR
RX_ID: 556, Freq: 131.725MHz
Mode: E NACKLabel: B2 Block ID: 4, Msg No: M36B
Flight ID: DL0029 REG: N844MH


Message content:-
OF MESSAGE579D
-------------------------------------------------------[2024-09-16 12:26:31.802]

SOURCE: AIR
RX_ID: 557, Freq: 131.725MHz
Mode: E NACKLabel: 24 Block ID: 6, Msg No: M38A
Flight ID: DL0029 REG: N844MH


Message content:-
161224 LFMN KJFK6
-------------------------------------------------------[2024-09-16 12:30:46.410]

SOURCE: AIR
RX_ID: 558, Freq: 131.725MHz
Mode: E NACKLabel: H1 Block ID: 8, Msg No: D08A
Flight ID: DL0029 REG: N844MH


Message content:-
#DFB239N1820 0029091624123122809 4493   526319-20-49355 38XX-223 99600
 294 44700603108200B0/9WLFMNKJFK
-------------------------------------------------------[2024-09-16 12:31:35.782]

SOURCE: AIR
RX_ID: 559, Freq: 131.725MHz
Mode: E NACKLabel: H1 Block ID: 8, Msg No: D08A
Flight ID: DL0029 REG: N844MH


Message content:-
#DFB239N1820 0029091624123122809 4493   526319-20-49355 38XX-223 99600
 294 44700603108200B0/9WLFMNKJFK
-------------------------------------------------------[2024-09-16 12:31:46.207]

SOURCE: AIR
RX_ID: 560, Freq: 131.725MHz
Mode: E NACKLabel: 4H Block ID: 0, Msg No: M40A
Flight ID: DL0029 REG: N844MH


Message content:-
16124H LFMN KJFK6
  
WPR RESET





-------------------------------------------------------[2024-09-16 12:36:45.262]

SOURCE: AIR
RX_ID: 561, Freq: 131.725MHz
Mode: E NACKLabel: 83 Block ID: 5, Msg No: M03A
Flight ID: XA0001 REG: CEPL21


Message content:-
001PR16124050N4506.4E00422.3370483    
-------------------------------------------------------[2024-09-16 12:40:57.187]

SOURCE: AIR
RX_ID: 562, Freq: 131.825MHz
Mode: 2 NACKLabel: H1 Block ID: 2, Msg No: O94A
Flight ID: EK036K REG: A6-ECU


Message content:-
#10BSB0122BA_A6-ECU  KEWRLGAV318
 45354 0056651245 34998-47004403509820;021033
-------------------------------------------------------[2024-09-16 12:45:41.098]

SOURCE: AIR
RX_ID: 563, Freq: 131.725MHz
Mode: G NACKLabel: SA Block ID: 4, Msg No: S03A
Flight ID: GR0000 REG: DCHJD


Message content:-
0EV123214V/
-------------------------------------------------------[2024-09-16 12:47:41.725]

SOURCE: AIR
RX_ID: 564, Freq: 131.525MHz
Mode: T ACK, A2GLabel: 2Z Block ID: 5, Msg No: M65A
Flight ID: AF7308 REG: F-GMZA


Message content:-
LFMN
-------------------------------------------------------[2024-09-16 12:48:05.869]

SOURCE: AIR
RX_ID: 565, Freq: 131.525MHz
Mode: T NACKLabel: 2F Block ID: 6, Msg No: M66A
Flight ID: AF7308 REG: F-GMZA


Message content:-
1248+4417+544/3146
-------------------------------------------------------[2024-09-16 12:48:49.505]

SOURCE: AIR
RX_ID: 566, Freq: 131.525MHz
Mode: T NACKLabel: B9 Block ID: 7, Msg No: L09A
Flight ID: AF7308 REG: F-GMZA


Message content:-
/LFMN.TI2/064LFMNA83AC
-------------------------------------------------------[2024-09-16 12:53:18.461]

SOURCE: AIR
RX_ID: 567, Freq: 131.525MHz
Mode: T NACKLabel: 26 Block ID: 1, Msg No: M67A
Flight ID: AF7308 REG: F-GMZA


Message content:-
1256LFPGAF7308/161311LFMN22R
-------------------------------------------------------[2024-09-16 12:56:03.134]

SOURCE: AIR
RX_ID: 568, Freq: 131.725MHz
Mode: E NACKLabel: H1 Block ID: 2, Msg No: F25A
Flight ID: ZD0719 REG: 9H-LEON


Message content:-
#M1BREJREQ,133852,101,,001,5BD7
-------------------------------------------------------[2024-09-16 13:38:54.870]

SOURCE: AIR
RX_ID: 569, Freq: 131.725MHz
Mode: X NACKLabel: 16 Block ID: 2, Msg No: M93A
Flight ID: TS0309 REG: C-GTSD


Message content:-
134042,35970,2144,1080,N 44.459,E  5.487
-------------------------------------------------------[2024-09-16 13:40:48.327]

SOURCE: AIR
RX_ID: 570, Freq: 131.725MHz
Mode: E NACKLabel: H1 Block ID: 4, Msg No: F26A
Flight ID: ZD0719 REG: 9H-LEON


Message content:-
#M1BREJREQ,134410,101,,001,AB89
-------------------------------------------------------[2024-09-16 13:44:13.370]

SOURCE: AIR
RX_ID: 571, Freq: 131.725MHz
Mode: E NACKLabel: H1 Block ID: 4, Msg No: F26A
Flight ID: ZD0719 REG: 9H-LEON


Message content:-
#M1BREJREQ,134410,101,,001,AB89
-------------------------------------------------------[2024-09-16 13:44:22.369]

SOURCE: AIR
RX_ID: 572, Freq: 131.725MHz
Mode: 2 NACKLabel: 15 Block ID: 8, Msg No: M17A
Flight ID: XA0001 REG: HBJRQ


Message content:-
(2N43095E  5163034 21264-35(Z
-------------------------------------------------------[2024-09-16 14:01:33.178]

SOURCE: AIR
RX_ID: 573, Freq: 131.825MHz
Mode: 2 NACKLabel: 81 Block ID: 3, Msg No: M24A
Flight ID: CJ8484 REG: G-LCYM


Message content:-
FTX/LCYOOXH.01CJ8484/16161404LEPAEGLC
F BA8712 4.3/2.1/80/43.0
BA8484 ETA 1535
CREW 2/3
-------------------------------------------------------[2024-09-16 14:04:47.517]

SOURCE: AIR
RX_ID: 574, Freq: 131.825MHz
Mode: 2 NACKLabel: 15 Block ID: 5, Msg No: M26A
Flight ID: CJ8484 REG: G-LCYM


Message content:-
FST01LEPAEGLCN43585E00448336004950254M047C037014355354426  15391408
-------------------------------------------------------[2024-09-16 14:08:44.281]

SOURCE: AIR
RX_ID: 575, Freq: 131.825MHz
Mode: 2 NACKLabel: 15 Block ID: 6, Msg No: M27A
Flight ID: CJ8484 REG: G-LCYM


Message content:-
FST01LEPAEGLCN45064E00436036004620287M050C051017357355405  15411418
-------------------------------------------------------[2024-09-16 14:18:44.359]

SOURCE: AIR
RX_ID: 576, Freq: 131.725MHz
Mode: G NACKLabel: 83 Block ID: 5, Msg No: M02A
Flight ID: XA0001 REG: CEPL21


Message content:-
001PR16142904N4447.4E00442.0400409    
-------------------------------------------------------[2024-09-16 14:29:12.476]

SOURCE: AIR
RX_ID: 577, Freq: 131.525MHz
Mode: 2 NACKLabel: H1 Block ID: 8, Msg No: D55B
Flight ID: AF7309 REG: F-GMZA


Message content:-
#DFB--/5CN009,---,N0045,075387,---/C64366,XXXXX,00106,0230,---/6CN004,---,00062,075387,---/C7XXXXX,0721,00106,0225,---/7CN010,---,N0043,075423,---/C84365,0722,00103,0227,---/8CN000,---,N0026,XXXXXX,---/C94365,0
-------------------------------------------------------[2024-09-16 14:57:58.739]

SOURCE: AIR
RX_ID: 578, Freq: 131.725MHz
Mode: 2 NACKLabel: 15 Block ID: 4, Msg No: M63A
Flight ID: XA0001 REG: OEHGS


Message content:-
(2N43360E  5026--- 26----48(Z
-------------------------------------------------------[2024-09-16 14:58:06.347]

SOURCE: AIR
RX_ID: 579, Freq: 131.525MHz
Mode: 2 NACKLabel: H1 Block ID: 8, Msg No: D55B
Flight ID: AF7309 REG: F-GMZA


Message content:-
#DFB--/5CN009,---,N0045,075387,---/C64366,XXXXX,00106,0230,---/6CN004,---,00062,075387,---/C7XXXXX,0721,00106,0225,---/7CN010,---,N0043,075423,---/C84365,0722,00103,0227,---/8CN000,---,N0026,XXXXXX,---/C94365,0
-------------------------------------------------------[2024-09-16 14:58:11.027]

SOURCE: AIR
RX_ID: 580, Freq: 131.525MHz
Mode: 2 NACKLabel: H1 Block ID: 9, Msg No: D55C
Flight ID: AF7309 REG: F-GMZA


Message content:-
#DFB722,00104,0227,---/9CN001,---,N0009,075423,---/C0XXXXX,XXXXX,00104,0227,---/0CN001,---,N0037,075405,---/E1XXXXX,XXXXX,00107,0230,---/1EN009,---,N0010,075368,---/E24366,XXXXX,00107,0230,---/2E0000,---,00006,
-------------------------------------------------------[2024-09-16 14:58:14.502]

SOURCE: AIR
RX_ID: 581, Freq: 131.525MHz
Mode: 2 NACKLabel: H1 Block ID: 0, Msg No: D55D
Flight ID: AF7309 REG: F-GMZA


Message content:-
#DFB075368,---/E34366,0722,00107,0230,---/3EN000,---,00002,075405,---/E44366,0722,00107,0232,---/4EN000,---,00003,075387,---/E5XXXXX,0722,00113,0232,---/5EN000,---,00012,XXXXXX,---/E64365,0721,00136,0217,212/6E
-------------------------------------------------------[2024-09-16 14:58:17.977]

SOURCE: AIR
RX_ID: 582, Freq: 131.725MHz
Mode: 2 NACKLabel: 16 Block ID: 5, Msg No: M64A
Flight ID: XA0001 REG: OEHGS


Message content:-
(2AAACN43360E  5026LEPAOMDW-/O(Z
-------------------------------------------------------[2024-09-16 14:58:23.351]

SOURCE: AIR
RX_ID: 583, Freq: 131.525MHz
Mode: 2 NACKLabel: H1 Block ID: 0, Msg No: D55D
Flight ID: AF7309 REG: F-GMZA


Message content:-
#DFB075368,---/E34366,0722,00107,0230,---/3EN000,---,00002,075405,---/E44366,0722,00107,0232,---/4EN000,---,00003,075387,---/E5XXXXX,0722,00113,0232,---/5EN000,---,00012,XXXXXX,---/E64365,0721,00136,0217,212/6E
-------------------------------------------------------[2024-09-16 14:58:27.412]

SOURCE: AIR
RX_ID: 584, Freq: 131.525MHz
Mode: 2 NACKLabel: H1 Block ID: 1, Msg No: D55E
Flight ID: AF7309 REG: F-GMZA


Message content:-
#DFB0001,107,N0026,075314,004/E74364,0720,00113,0217,097/7E0015,167,01060,075459,005/E84363,0719,00685,0197,126/8EN003,170,00091,075514,008/E94362,0717,01407,0177,120/9EN003,171,N0067,075495,009/E04361,0716,020
-------------------------------------------------------[2024-09-16 14:58:30.885]

SOURCE: AIR
RX_ID: 585, Freq: 131.525MHz
Mode: 2 NACKLabel: H1 Block ID: 1, Msg No: D55E
Flight ID: AF7309 REG: F-GMZA


Message content:-
#DFB0001,107,N0026,075314,004/E74364,0720,00113,0217,097/7E0015,167,01060,075459,005/E84363,0719,00685,0197,126/8EN003,170,00091,075514,008/E94362,0717,01407,0177,120/9EN003,171,N0067,075495,009/E04361,0716,020
-------------------------------------------------------[2024-09-16 14:58:42.953]

SOURCE: AIR
RX_ID: 586, Freq: 131.525MHz
Mode: 2 NACKLabel: H1 Block ID: 1, Msg No: D55E
Flight ID: AF7309 REG: F-GMZA


Message content:-
#DFB0001,107,N0026,075314,004/E74364,0720,00113,0217,097/7E0015,167,01060,075459,005/E84363,0719,00685,0197,126/8EN003,170,00091,075514,008/E94362,0717,01407,0177,120/9EN003,171,N0067,075495,009/E04361,0716,020
-------------------------------------------------------[2024-09-16 14:58:54.437]

SOURCE: AIR
RX_ID: 587, Freq: 131.525MHz
Mode: 2 NACKLabel: H1 Block ID: 2, Msg No: D55F
Flight ID: AF7309 REG: F-GMZA


Message content:-
#DFB87,0172,336/0EN012,174,00040,075495,002/N14359,0715,02669,0162,032/1NN240,172,N0085,075514,006/N24358,0715,03183,0150,314/2NN022,174,00123,XXXXXX,009/N34356,0716,03596,0140,302/3N0007,184,N0161,075622,013/N
-------------------------------------------------------[2024-09-16 14:58:58.534]

SOURCE: AIR
RX_ID: 588, Freq: 131.525MHz
Mode: T NACKLabel: H1 Block ID: 7, Msg No: D55K
Flight ID: AF7309 REG: F-GMZA


Message content:-
#DFB20/S94370,0684,12648,N047,037/9S0006,275,N0095,076167,011/S04374,0683,13172,N057,025/0SN000,285,00695,076203,008/T14376,0682,13960,N075,051/1TN005,279,N0494,076167,011/T24380,0681,14659,N090,078/2T0059,276,
-------------------------------------------------------[2024-09-16 14:59:17.152]

SOURCE: AIR
RX_ID: 589, Freq: 131.525MHz
Mode: T NACKLabel: H1 Block ID: 9, Msg No: D55M
Flight ID: AF7309 REG: F-GMZA


Message content:-
#DFB55/6TN000,282,00617,075967,015/T74395,0675,18007,N160,056/7TN005,279,N0402,076003,015/T84398,0674,18629,N172,047/8TN124,279,N0201,075967,016/T94402,0671,19241,N187,054/9T0002,277,N0123,075931,014,/
-------------------------------------------------------[2024-09-16 14:59:26.366]

SOURCE: AIR
RX_ID: 590, Freq: 131.525MHz
Mode: T NACKLabel: 2F Block ID: 0, Msg No: M86A
Flight ID: AF7309 REG: F-GMZA


Message content:-
1500+4446+641/2565
-------------------------------------------------------[2024-09-16 15:00:45.213]

SOURCE: AIR
RX_ID: 591, Freq: 131.850MHz
Mode: 2 NACKLabel: 16 Block ID: 5, Msg No: M34A
Flight ID: 5O0714 REG: F-HIXD


Message content:-
150602,37008,1540, 100,N 43.689 E  5.924
-------------------------------------------------------[2024-09-16 15:06:04.119]

SOURCE: AIR
RX_ID: 592, Freq: 131.850MHz
Mode: 2 NACKLabel: H1 Block ID: 6, Msg No: D46A
Flight ID: 5O0714 REG: F-HIXD


Message content:-
#DFB062,??????,B737-800,240916,5O0714,----.,--09.,0616,FPO002,?????::15.08.16,CR,6186,37020,257,.79,-47.8,-19.5,N4340.6,E00532.2,63341::4000,AUTOMATIC,015::
-------------------------------------------------------[2024-09-16 15:08:21.525]

SOURCE: AIR
RX_ID: 593, Freq: 131.525MHz
Mode: T NACKLabel: B9 Block ID: 1, Msg No: L13A
Flight ID: AF7309 REG: F-GMZA


Message content:-
/LFPG.TI2/064LFPGA3806
-------------------------------------------------------[2024-09-16 15:09:49.187]

SOURCE: AIR
RX_ID: 594, Freq: 131.825MHz
Mode: 2 NACKLabel: 16 Block ID: 8, Msg No: M35A
Flight ID: 5O0714 REG: F-HIXD


Message content:-
152103,24602,1539,  88,N 43.577 E  3.312
-------------------------------------------------------[2024-09-16 15:21:05.110]

SOURCE: AIR
RX_ID: 595, Freq: 131.725MHz
Mode: X NACKLabel: 44 Block ID: 4, Msg No: M47A
Flight ID: GS0000 REG: DAHOX


Message content:-
08,suL}Zq``L}K=LL}vKvZ}tLZ=yP\ZPxxPZLtYaZYaeYZYcLeZLLK[}
-------------------------------------------------------[2024-09-16 16:21:19.635]

SOURCE: AIR
RX_ID: 596, Freq: 131.825MHz
Mode: 2 NACKLabel: H1 Block ID: 8, Msg No: D04A
Flight ID: NW0149 REG: N823NW


Message content:-
#DFB239137500301010098098
R39/A33039,1,1
239N823NW149 091624162604814 4405   695340-24-53 49 37AB0510116040
 284 479-0023065010J8/9WLIRFKJFK
-------------------------------------------------------[2024-09-16 16:26:15.389]

SOURCE: AIR
RX_ID: 597, Freq: 131.725MHz
Mode: X NACKLabel: 44 Block ID: 5, Msg No: M48A
Flight ID: GS0000 REG: DAHOX


Message content:-
011*4lSb_'SSE~6ll'S'?bS?lb62\Cb\@@\bl?ALbAL~LbA(l~bllqOA
-------------------------------------------------------[2024-09-16 16:26:20.509]

SOURCE: AIR
RX_ID: 598, Freq: 131.725MHz
Mode: X NACKLabel: 44 Block ID: 6, Msg No: M49A
Flight ID: GS0000 REG: DAHOX


Message content:-
07*?X.0)Em0.U4]..<;;k)0k.)]{ 6) -- ).k;U);U0;);D.4)..U+k
-------------------------------------------------------[2024-09-16 16:31:19.706]

SOURCE: AIR
RX_ID: 599, Freq: 131.725MHz
Mode: X NACKLabel: 44 Block ID: 7, Msg No: M50A
Flight ID: GS0000 REG: DAHOX


Message content:-
02N;E,0Irm-0]3X,,QmA0I0),IXOv*IvssvI,)39I3909I3A,0I,,9T]
-------------------------------------------------------[2024-09-16 16:36:19.740]

SOURCE: AIR
RX_ID: 600, Freq: 131.825MHz
Mode: 2 NACKLabel: 44 Block ID: 3, Msg No: M62A
Flight ID: GS0632 REG: DAERO


Message content:-
08,suL}Zq`}eea=LLv}ecZeLLZP\RWZP\xqZLtYaZYavKZYKYvZLLK[`
-------------------------------------------------------[2024-09-16 16:57:26.038]

SOURCE: AIR
RX_ID: 601, Freq: 131.825MHz
Mode: 2 NACKLabel: SA Block ID: 5, Msg No: M07A
Flight ID: SK5102 REG: EC-NXU


Message content:-
0EV172807V
-------------------------------------------------------[2024-09-16 17:28:09.482]

SOURCE: AIR
RX_ID: 602, Freq: 131.825MHz
Mode: 2 NACKLabel: 26 Block ID: 7, Msg No: M16A
Flight ID: AF7466 REG: F-GRHF


Message content:-
1754LFPGAF7466/161759LFMT30R
-------------------------------------------------------[2024-09-16 17:54:02.684]

SOURCE: AIR
RX_ID: 603, Freq: 131.525MHz
Mode: T NACKLabel: B9 Block ID: 0, Msg No: L18A
Flight ID: AF7312 REG: F-GMZA


Message content:-
/LFMN.TI2/064LFMNA83AC
-------------------------------------------------------[2024-09-16 17:56:21.108]

SOURCE: AIR
RX_ID: 604, Freq: 131.525MHz
Mode: T NACKLabel: 2F Block ID: 3, Msg No: M12A
Flight ID: AF7312 REG: F-GMZA


Message content:-
1805+4423+523/3158
-------------------------------------------------------[2024-09-16 18:06:01.907]

SOURCE: AIR
RX_ID: 605, Freq: 131.525MHz
Mode: T NACKLabel: 2Z Block ID: 5, Msg No: M13A
Flight ID: AF7312 REG: F-GMZA


Message content:-
LFMN
-------------------------------------------------------[2024-09-16 18:08:05.008]

SOURCE: AIR
RX_ID: 606, Freq: 131.525MHz
Mode: T NACKLabel: 26 Block ID: 6, Msg No: M14A
Flight ID: AF7312 REG: F-GMZA


Message content:-
1816LFPGAF7312/161831LFMN22R
-------------------------------------------------------[2024-09-16 18:16:03.841]

SOURCE: AIR
RX_ID: 607, Freq: 131.825MHz
Mode: 2 NACKLabel: 2F Block ID: 1, Msg No: M32A
Flight ID: AF7467 REG: F-GRHF


Message content:-
1913+4479+466/3449
-------------------------------------------------------[2024-09-16 19:13:23.309]

SOURCE: AIR
RX_ID: 608, Freq: 131.825MHz
Mode: 2 NACKLabel: B9 Block ID: 2, Msg No: L24A
Flight ID: AF7467 REG: F-GRHF


Message content:-
/LFPG.TI2/064LFPGA3806
-------------------------------------------------------[2024-09-16 19:15:36.429]

SOURCE: AIR
RX_ID: 609, Freq: 131.525MHz
Mode: T NACKLabel: H1 Block ID: 7, Msg No: D90A
Flight ID: AF7313 REG: F-GMZA


Message content:-
#DFBA31/A32131,1,1/C1F-GMZA,SEP16,192734,LFMN,LFPG,7313/C202,00000,8100,00,0011,0,1000,00,X/C30212,00107,---,---,6992,265,C51010/C4XXXXX,XXXXX,00107,0212,---/4CN002,---,N0025,XXXXXX,---/C5XXXXX,0720,00107,0212,
-------------------------------------------------------[2024-09-16 19:43:46.040]

SOURCE: AIR
RX_ID: 610, Freq: 131.525MHz
Mode: T NACKLabel: 2F Block ID: 9, Msg No: M31A
Flight ID: AF7313 REG: F-GMZA


Message content:-
1943+4455+641/2764
-------------------------------------------------------[2024-09-16 19:43:55.071]

SOURCE: AIR
RX_ID: 611, Freq: 131.825MHz
Mode: 2 NACKLabel: 5U Block ID: 9, Msg No: M08A
Flight ID: XA0000 REG: 9HGKM


Message content:-
002AF   LOWW                          N4239.3E  549.4400
-------------------------------------------------------[2024-09-16 19:44:21.878]

SOURCE: AIR
RX_ID: 612, Freq: 131.725MHz
Mode: X NACKLabel: 16 Block ID: 3, Msg No: M56A
Flight ID: XSMBU6 REG: 2-BBMB


Message content:-
195439,,2102, 136,N 45.061 E  4.478
-------------------------------------------------------[2024-09-16 19:54:40.599]

