SOURCE: AIR
RX_ID: 0, Freq: 131.725MHz
Mode: 2 NACKLabel: Q0 Block ID: 3, Msg No: S30A
Flight ID: AH1027 REG: 7T-VJU


Message content:-

-------------------------------------------------------[2024-02-22 18:25:07.185]

SOURCE: AIR
RX_ID: 1, Freq: 131.725MHz
Mode: 2 NACKLabel: H1 Block ID: 8, Msg No: D05C
Flight ID: AH1027 REG: 7T-VJU


Message content:-
#DFB002
10151015312831010970970486048673857458
11011101111111111011110101111020164
1101110111111111X011110101111020164

-------------------------------------------------------[2024-02-22 18:25:33.076]

SOURCE: AIR
RX_ID: 2, Freq: 131.725MHz
Mode: 2 NACKLabel: 5V Block ID: 0, Msg No: S64A
Flight ID: UX1518 REG: EC-LPQ


Message content:-

-------------------------------------------------------[2024-02-22 19:18:05.287]

