SOURCE: AIR
RX_ID: 25, Freq: 131.725MHz
Mode: G ACK, A2GLabel: _d Block ID: 3, Msg No: S08A
Flight ID: MP8322 REG: PH-MPS


Message content:-

-------------------------------------------------------[2024-02-01 03:37:08.157]

SOURCE: AIR
RX_ID: 26, Freq: 131.725MHz
Mode: G NACKLabel: H1 Block ID: 4, Msg No: F38A
Flight ID: MP8322 REG: PH-MPS


Message content:-
#M1B/B6 FIHCAYA.ADS.PH-MPS141ECB88225E88C9E4D19F0D203C50266E20003FFF2053382661E000002D05
-------------------------------------------------------[2024-02-01 03:39:19.342]

SOURCE: AIR
RX_ID: 27, Freq: 131.725MHz
Mode: X NACKLabel: Q0 Block ID: 4, Msg No: S88A
Flight ID: AF0878 REG: F-GZCM


Message content:-

-------------------------------------------------------[2024-02-01 03:39:47.426]

SOURCE: AIR
RX_ID: 28, Freq: 131.725MHz
Mode: G NACKLabel: H1 Block ID: 7, Msg No: F39A
Flight ID: MP8322 REG: PH-MPS


Message content:-
#M1B/B6 FIHCAYA.ADS.PH-MPS141F29C82344C8C9E9199F0D225BF82278A0003FFF22B6F0229C600000C615
-------------------------------------------------------[2024-02-01 03:43:54.363]

SOURCE: AIR
RX_ID: 29, Freq: 131.725MHz
Mode: G NACKLabel: Q0 Block ID: 9, Msg No: S12A
Flight ID: MP8322 REG: PH-MPS


Message content:-

-------------------------------------------------------[2024-02-01 03:45:13.462]

SOURCE: AIR
RX_ID: 30, Freq: 131.725MHz
Mode: G NACKLabel: Q0 Block ID: 6, Msg No: S17A
Flight ID: MP8322 REG: PH-MPS


Message content:-

-------------------------------------------------------[2024-02-01 03:52:43.876]

SOURCE: AIR
RX_ID: 31, Freq: 131.825MHz
Mode: 2 NACKLabel: B6 Block ID: 0, Msg No: F56A
Flight ID: BA2040 REG: G-YMMA


Message content:-
/ACCFAYA.ADS.G-YMMA071F25D81C83894777751F0C0815F2C34C200E7C78CBFFFC0F7D319EFFFC9234
-------------------------------------------------------[2024-02-01 04:59:11.620]

SOURCE: AIR
RX_ID: 32, Freq: 131.825MHz
Mode: 2 NACKLabel: Q0 Block ID: 6, Msg No: S13A
Flight ID: FR76PT REG: EI-DLY


Message content:-

-------------------------------------------------------[2024-02-01 05:53:53.586]

SOURCE: AIR
RX_ID: 33, Freq: 131.725MHz
Mode: X NACKLabel: H1 Block ID: 4, Msg No: D33A
Flight ID: KL0592 REG: PH-BQB


Message content:-
#DFB(POS-KLM592  -4341N00451E/073109 F400
RMK/FUEL  14.9 M0.84)
-------------------------------------------------------[2024-02-01 07:31:12.357]

SOURCE: AIR
RX_ID: 34, Freq: 131.825MHz
Mode: 2 NACKLabel: Q0 Block ID: 9, Msg No: S17A
Flight ID: FR07DL REG: EI-DLY


Message content:-

-------------------------------------------------------[2024-02-01 07:39:02.594]

SOURCE: AIR
RX_ID: 35, Freq: 131.725MHz
Mode: X NACKLabel: SA Block ID: 7, Msg No: S25A
Flight ID: MR0001 REG: -


Message content:-
0EV124522V
-------------------------------------------------------[2024-02-01 09:40:03.288]

SOURCE: AIR
RX_ID: 36, Freq: 131.725MHz
Mode: X NACKLabel: SA Block ID: 7, Msg No: S25A
Flight ID: MR0001 REG: -


Message content:-
0EV124522V
-------------------------------------------------------[2024-02-01 09:40:13.969]

SOURCE: AIR
RX_ID: 37, Freq: 131.725MHz
Mode: G NACKLabel: SA Block ID: 8, Msg No: S25A
Flight ID: MR0001 REG: -


Message content:-
0EV124522V
-------------------------------------------------------[2024-02-01 09:40:20.551]

SOURCE: AIR
RX_ID: 38, Freq: 131.725MHz
Mode: G NACKLabel: SA Block ID: 8, Msg No: S25A
Flight ID: MR0001 REG: -


Message content:-
0EV124522V
-------------------------------------------------------[2024-02-01 09:40:27.498]

SOURCE: AIR
RX_ID: 39, Freq: 131.725MHz
Mode: G NACKLabel: SA Block ID: 8, Msg No: S25A
Flight ID: MR0001 REG: -


Message content:-
0EV124522V
-------------------------------------------------------[2024-02-01 09:40:36.717]

SOURCE: AIR
RX_ID: 40, Freq: 131.725MHz
Mode: G NACKLabel: SA Block ID: 8, Msg No: S25A
Flight ID: MR0001 REG: -


Message content:-
0EV124522V
-------------------------------------------------------[2024-02-01 09:40:48.270]

SOURCE: AIR
RX_ID: 41, Freq: 131.725MHz
Mode: 2 NACKLabel: SA Block ID: 9, Msg No: S25A
Flight ID: MR0001 REG: -


Message content:-
0EV124522V
-------------------------------------------------------[2024-02-01 09:40:54.713]

SOURCE: AIR
RX_ID: 42, Freq: 131.725MHz
Mode: 2 NACKLabel: SA Block ID: 9, Msg No: S25A
Flight ID: MR0001 REG: -


Message content:-
0EV124522V
-------------------------------------------------------[2024-02-01 09:41:06.381]

SOURCE: AIR
RX_ID: 43, Freq: 131.725MHz
Mode: 2 NACKLabel: SA Block ID: 9, Msg No: S25A
Flight ID: MR0001 REG: -


Message content:-
0EV124522V
-------------------------------------------------------[2024-02-01 09:41:13.395]

SOURCE: AIR
RX_ID: 44, Freq: 131.725MHz
Mode: 2 NACKLabel: SA Block ID: 9, Msg No: S25A
Flight ID: MR0001 REG: -


Message content:-
0EV124522V
-------------------------------------------------------[2024-02-01 09:41:24.478]

SOURCE: AIR
RX_ID: 45, Freq: 131.725MHz
Mode: X NACKLabel: SA Block ID: 1, Msg No: S27A
Flight ID: MR0001 REG: -


Message content:-
0EV124927V
-------------------------------------------------------[2024-02-01 09:44:08.907]

SOURCE: AIR
RX_ID: 46, Freq: 131.725MHz
Mode: G NACKLabel: SA Block ID: 2, Msg No: S27A
Flight ID: MR0001 REG: -


Message content:-
0EV124927V
-------------------------------------------------------[2024-02-01 09:44:24.854]

SOURCE: AIR
RX_ID: 47, Freq: 131.725MHz
Mode: G NACKLabel: SA Block ID: 2, Msg No: S27A
Flight ID: MR0001 REG: -


Message content:-
0EV124927V
-------------------------------------------------------[2024-02-01 09:44:34.911]

SOURCE: AIR
RX_ID: 48, Freq: 131.725MHz
Mode: G NACKLabel: SA Block ID: 2, Msg No: S27A
Flight ID: MR0001 REG: -


Message content:-
0EV124927V
-------------------------------------------------------[2024-02-01 09:44:43.290]

SOURCE: AIR
RX_ID: 49, Freq: 131.725MHz
Mode: G NACKLabel: SA Block ID: 2, Msg No: S27A
Flight ID: MR0001 REG: -


Message content:-
0EV124927V
-------------------------------------------------------[2024-02-01 09:44:54.188]

SOURCE: AIR
RX_ID: 50, Freq: 131.725MHz
Mode: 2 NACKLabel: SA Block ID: 3, Msg No: S27A
Flight ID: MR0001 REG: -


Message content:-
0EV124927V
-------------------------------------------------------[2024-02-01 09:45:00.731]

SOURCE: AIR
RX_ID: 51, Freq: 131.725MHz
Mode: 2 NACKLabel: SA Block ID: 3, Msg No: S27A
Flight ID: MR0001 REG: -


Message content:-
0EV124927V
-------------------------------------------------------[2024-02-01 09:45:11.996]

SOURCE: AIR
RX_ID: 52, Freq: 131.725MHz
Mode: 2 NACKLabel: SA Block ID: 3, Msg No: S27A
Flight ID: MR0001 REG: -


Message content:-
0EV124927V
-------------------------------------------------------[2024-02-01 09:45:22.857]

SOURCE: AIR
RX_ID: 53, Freq: 131.725MHz
Mode: 2 NACKLabel: SA Block ID: 3, Msg No: S27A
Flight ID: MR0001 REG: -


Message content:-
0EV124927V
-------------------------------------------------------[2024-02-01 09:45:30.865]

SOURCE: AIR
RX_ID: 54, Freq: 131.725MHz
Mode: E NACKLabel: SA Block ID: 4, Msg No: S27A
Flight ID: MR0001 REG: -


Message content:-
0EV124927V
-------------------------------------------------------[2024-02-01 09:45:37.414]

SOURCE: AIR
RX_ID: 55, Freq: 131.725MHz
Mode: E NACKLabel: SA Block ID: 4, Msg No: S27A
Flight ID: MR0001 REG: -


Message content:-
0EV124927V
-------------------------------------------------------[2024-02-01 09:45:46.009]

SOURCE: AIR
RX_ID: 56, Freq: 131.725MHz
Mode: E NACKLabel: SA Block ID: 4, Msg No: S27A
Flight ID: MR0001 REG: -


Message content:-
0EV124927V
-------------------------------------------------------[2024-02-01 09:45:53.395]

SOURCE: AIR
RX_ID: 57, Freq: 131.725MHz
Mode: 2 NACKLabel: SA Block ID: 7, Msg No: M19A
Flight ID: AH1036 REG: 7T-VKF


Message content:-
0EV095449VS
-------------------------------------------------------[2024-02-01 09:54:51.296]

SOURCE: AIR
RX_ID: 58, Freq: 131.725MHz
Mode: 2 NACKLabel: 5V Block ID: 8, Msg No: S28A
Flight ID: AH1036 REG: 7T-VKF


Message content:-

-------------------------------------------------------[2024-02-01 09:55:37.999]

SOURCE: AIR
RX_ID: 59, Freq: 131.725MHz
Mode: G NACKLabel: Q0 Block ID: 4, Msg No: S39A
Flight ID: CC0320 REG: TF-WFF


Message content:-

-------------------------------------------------------[2024-02-01 10:38:00.992]

SOURCE: AIR
RX_ID: 60, Freq: 131.725MHz
Mode: X ACK, A2GLabel: _d Block ID: 3, Msg No: M28A
Flight ID: DL9907 REG: N840MH


Message content:-

-------------------------------------------------------[2024-02-01 11:31:08.151]

SOURCE: AIR
RX_ID: 61, Freq: 131.725MHz
Mode: X ACK, A2GLabel: _d Block ID: 4, Msg No: M29A
Flight ID: DL9907 REG: N840MH


Message content:-

-------------------------------------------------------[2024-02-01 11:31:10.823]

SOURCE: AIR
RX_ID: 62, Freq: 131.725MHz
Mode: 2 NACKLabel: Q0 Block ID: 5, Msg No: S63A
Flight ID: AH1037 REG: 7T-VKF


Message content:-

-------------------------------------------------------[2024-02-01 12:07:34.545]

SOURCE: AIR
RX_ID: 63, Freq: 131.725MHz
Mode: 2 NACKLabel: SA Block ID: 6, Msg No: M46A
Flight ID: AH1037 REG: 7T-VKF


Message content:-
0EV120736VS
-------------------------------------------------------[2024-02-01 12:07:38.113]

SOURCE: AIR
RX_ID: 64, Freq: 131.725MHz
Mode: E NACKLabel: Q0 Block ID: 9, Msg No: S34A
Flight ID: MR0001 REG: -


Message content:-

-------------------------------------------------------[2024-02-01 12:28:19.965]

SOURCE: AIR
RX_ID: 65, Freq: 131.725MHz
Mode: E NACKLabel: SA Block ID: 0, Msg No: S35A
Flight ID: MR0001 REG: -


Message content:-
0EV153359V
-------------------------------------------------------[2024-02-01 12:28:41.433]

SOURCE: AIR
RX_ID: 66, Freq: 131.725MHz
Mode: E NACKLabel: SA Block ID: 0, Msg No: S35A
Flight ID: MR0001 REG: -


Message content:-
0EV153359V
-------------------------------------------------------[2024-02-01 12:28:48.017]

SOURCE: AIR
RX_ID: 67, Freq: 131.725MHz
Mode: G NACKLabel: SA Block ID: 1, Msg No: S35A
Flight ID: MR0001 REG: -


Message content:-
0EV153359V
-------------------------------------------------------[2024-02-01 12:28:54.563]

SOURCE: AIR
RX_ID: 68, Freq: 131.725MHz
Mode: G NACKLabel: SA Block ID: 1, Msg No: S35A
Flight ID: MR0001 REG: -


Message content:-
0EV153359V
-------------------------------------------------------[2024-02-01 12:29:04.331]

SOURCE: AIR
RX_ID: 69, Freq: 131.725MHz
Mode: G NACKLabel: SA Block ID: 1, Msg No: S35A
Flight ID: MR0001 REG: -


Message content:-
0EV153359V
-------------------------------------------------------[2024-02-01 12:29:22.363]

SOURCE: AIR
RX_ID: 70, Freq: 131.725MHz
Mode: X NACKLabel: SA Block ID: 2, Msg No: S35A
Flight ID: MR0001 REG: -


Message content:-
0EV153359V
-------------------------------------------------------[2024-02-01 12:29:28.757]

SOURCE: AIR
RX_ID: 71, Freq: 131.725MHz
Mode: X NACKLabel: SA Block ID: 2, Msg No: S35A
Flight ID: MR0001 REG: -


Message content:-
0EV153359V
-------------------------------------------------------[2024-02-01 12:29:39.619]

SOURCE: AIR
RX_ID: 72, Freq: 131.725MHz
Mode: X NACKLabel: SA Block ID: 2, Msg No: S35A
Flight ID: MR0001 REG: -


Message content:-
0EV153359V
-------------------------------------------------------[2024-02-01 12:29:46.642]

SOURCE: AIR
RX_ID: 73, Freq: 131.725MHz
Mode: 2 NACKLabel: SA Block ID: 3, Msg No: S35A
Flight ID: MR0001 REG: -


Message content:-
0EV153359V
-------------------------------------------------------[2024-02-01 12:30:25.418]

SOURCE: AIR
RX_ID: 74, Freq: 131.825MHz
Mode: 2 NACKLabel: Q0 Block ID: 6, Msg No: S11A
Flight ID: FR38PK REG: 9H-QBO


Message content:-

-------------------------------------------------------[2024-02-01 12:30:30.529]

SOURCE: AIR
RX_ID: 75, Freq: 131.725MHz
Mode: G NACKLabel: Q0 Block ID: 4, Msg No: S36A
Flight ID: MR0001 REG: -


Message content:-

-------------------------------------------------------[2024-02-01 12:32:52.830]

SOURCE: AIR
RX_ID: 76, Freq: 131.725MHz
Mode: G NACKLabel: SA Block ID: 5, Msg No: S37A
Flight ID: MR0001 REG: -


Message content:-
0EV153832V
-------------------------------------------------------[2024-02-01 12:32:55.678]

SOURCE: AIR
RX_ID: 77, Freq: 131.725MHz
Mode: G NACKLabel: SA Block ID: 5, Msg No: S37A
Flight ID: MR0001 REG: -


Message content:-
0EV153832V
-------------------------------------------------------[2024-02-01 12:33:10.491]

SOURCE: AIR
RX_ID: 78, Freq: 131.725MHz
Mode: G NACKLabel: SA Block ID: 5, Msg No: S37A
Flight ID: MR0001 REG: -


Message content:-
0EV153832V
-------------------------------------------------------[2024-02-01 12:33:22.778]

SOURCE: AIR
RX_ID: 79, Freq: 131.725MHz
Mode: X NACKLabel: SA Block ID: 6, Msg No: S37A
Flight ID: MR0001 REG: -


Message content:-
0EV153832V
-------------------------------------------------------[2024-02-01 12:33:29.360]

SOURCE: AIR
RX_ID: 80, Freq: 131.725MHz
Mode: X NACKLabel: SA Block ID: 6, Msg No: S37A
Flight ID: MR0001 REG: -


Message content:-
0EV153832V
-------------------------------------------------------[2024-02-01 12:33:39.307]

SOURCE: AIR
RX_ID: 81, Freq: 131.725MHz
Mode: X NACKLabel: SA Block ID: 6, Msg No: S37A
Flight ID: MR0001 REG: -


Message content:-
0EV153832V
-------------------------------------------------------[2024-02-01 12:33:49.844]

SOURCE: AIR
RX_ID: 82, Freq: 131.725MHz
Mode: X NACKLabel: SA Block ID: 6, Msg No: S37A
Flight ID: MR0001 REG: -


Message content:-
0EV153832V
-------------------------------------------------------[2024-02-01 12:33:58.037]

SOURCE: AIR
RX_ID: 83, Freq: 131.725MHz
Mode: E NACKLabel: SA Block ID: 7, Msg No: S37A
Flight ID: MR0001 REG: -


Message content:-
0EV153832V
-------------------------------------------------------[2024-02-01 12:34:04.617]

SOURCE: AIR
RX_ID: 84, Freq: 131.725MHz
Mode: E NACKLabel: SA Block ID: 7, Msg No: S37A
Flight ID: MR0001 REG: -


Message content:-
0EV153832V
-------------------------------------------------------[2024-02-01 12:34:15.550]

SOURCE: AIR
RX_ID: 85, Freq: 131.725MHz
Mode: E NACKLabel: SA Block ID: 7, Msg No: S37A
Flight ID: MR0001 REG: -


Message content:-
0EV153832V
-------------------------------------------------------[2024-02-01 12:34:26.705]

SOURCE: AIR
RX_ID: 86, Freq: 131.725MHz
Mode: E NACKLabel: SA Block ID: 7, Msg No: S37A
Flight ID: MR0001 REG: -


Message content:-
0EV153832V
-------------------------------------------------------[2024-02-01 12:34:37.567]

SOURCE: AIR
RX_ID: 87, Freq: 131.725MHz
Mode: 2 NACKLabel: SA Block ID: 8, Msg No: S37A
Flight ID: MR0001 REG: -


Message content:-
0EV153832V
-------------------------------------------------------[2024-02-01 12:34:44.121]

SOURCE: AIR
RX_ID: 88, Freq: 131.725MHz
Mode: 2 NACKLabel: SA Block ID: 8, Msg No: S37A
Flight ID: MR0001 REG: -


Message content:-
0EV153832V
-------------------------------------------------------[2024-02-01 12:35:08.323]

SOURCE: AIR
RX_ID: 89, Freq: 131.825MHz
Mode: 2 NACKLabel: 44 Block ID: 2, Msg No: M18A
Flight ID: GS680L REG: CSDLH


Message content:-
07*?X.;)Em04mU]..<0Uk);kD) 6-y) 6-E).4.;);0;m);04D)U+D%%
-------------------------------------------------------[2024-02-01 13:14:43.357]

SOURCE: AIR
RX_ID: 90, Freq: 131.525MHz
Mode: T NACKLabel: 2Z Block ID: 7, Msg No: M82A
Flight ID: AF7336 REG: F-GMZC


Message content:-
LFML
-------------------------------------------------------[2024-02-01 13:31:00.079]

SOURCE: AIR
RX_ID: 91, Freq: 131.525MHz
Mode: T NACKLabel: 26 Block ID: 8, Msg No: M83A
Flight ID: AF7336 REG: F-GMZC


Message content:-
1334LFPGAF7336/011349LFML31R
-------------------------------------------------------[2024-02-01 13:34:03.013]

SOURCE: AIR
RX_ID: 92, Freq: 131.525MHz
Mode: 2 NACKLabel: Q0 Block ID: 9, Msg No: S15A
Flight ID: AF7336 REG: F-GMZC


Message content:-

-------------------------------------------------------[2024-02-01 13:38:07.053]

SOURCE: AIR
RX_ID: 93, Freq: 131.725MHz
Mode: X NACKLabel: 26 Block ID: 1, Msg No: M85A
Flight ID: AF7336 REG: F-GMZC


Message content:-
1343LFPGAF7336/011348LFML31R
-------------------------------------------------------[2024-02-01 13:43:02.657]

SOURCE: AIR
RX_ID: 94, Freq: 131.725MHz
Mode: 2 NACKLabel: Q0 Block ID: 4, Msg No: S17A
Flight ID: AH1118 REG: 7T-VJL


Message content:-

-------------------------------------------------------[2024-02-01 13:51:51.191]

SOURCE: AIR
RX_ID: 95, Freq: 131.725MHz
Mode: G NACKLabel: SA Block ID: 5, Msg No: M12A
Flight ID: AH1118 REG: 7T-VJL


Message content:-
0EV135153VS
-------------------------------------------------------[2024-02-01 13:51:55.288]

SOURCE: AIR
RX_ID: 96, Freq: 131.725MHz
Mode: G NACKLabel: 5V Block ID: 6, Msg No: S18A
Flight ID: AH1118 REG: 7T-VJL


Message content:-

-------------------------------------------------------[2024-02-01 13:52:27.503]

SOURCE: AIR
RX_ID: 97, Freq: 131.725MHz
Mode: 2 NACKLabel: Q0 Block ID: 7, Msg No: S19A
Flight ID: AH1118 REG: 7T-VJL


Message content:-

-------------------------------------------------------[2024-02-01 13:56:40.577]

SOURCE: AIR
RX_ID: 98, Freq: 131.725MHz
Mode: G NACKLabel: 5V Block ID: 0, Msg No: S21A
Flight ID: AH1118 REG: 7T-VJL


Message content:-

-------------------------------------------------------[2024-02-01 13:57:07.567]

SOURCE: AIR
RX_ID: 99, Freq: 131.725MHz
Mode: G NACKLabel: SA Block ID: 2, Msg No: M18A
Flight ID: AH1544 REG: 7T-VKE


Message content:-
0EV140233V
-------------------------------------------------------[2024-02-01 14:02:34.991]

SOURCE: AIR
RX_ID: 100, Freq: 131.725MHz
Mode: G NACKLabel: 5V Block ID: 3, Msg No: S26A
Flight ID: AH1544 REG: 7T-VKE


Message content:-

-------------------------------------------------------[2024-02-01 14:03:01.360]

SOURCE: AIR
RX_ID: 101, Freq: 131.725MHz
Mode: 2 NACKLabel: Q0 Block ID: 4, Msg No: S27A
Flight ID: AH1544 REG: 7T-VKE


Message content:-

-------------------------------------------------------[2024-02-01 14:07:14.687]

SOURCE: AIR
RX_ID: 102, Freq: 131.725MHz
Mode: E NACKLabel: SA Block ID: 5, Msg No: M19A
Flight ID: AH1544 REG: 7T-VKE


Message content:-
0EV140717V
-------------------------------------------------------[2024-02-01 14:07:18.786]

SOURCE: AIR
RX_ID: 103, Freq: 131.725MHz
Mode: E NACKLabel: 5V Block ID: 6, Msg No: S28A
Flight ID: AH1544 REG: 7T-VKE


Message content:-

-------------------------------------------------------[2024-02-01 14:07:40.181]

SOURCE: AIR
RX_ID: 104, Freq: 131.725MHz
Mode: 2 NACKLabel: B9 Block ID: 7, Msg No: L04A
Flight ID: AH1032 REG: 7T-VJQ


Message content:-
/LFLL.TI2/024LFLLA1338
-------------------------------------------------------[2024-02-01 16:59:55.927]

SOURCE: AIR
RX_ID: 105, Freq: 131.725MHz
Mode: X ACK, A2GLabel: _d Block ID: 2, Msg No: S51A
Flight ID: AH1032 REG: 7T-VJQ


Message content:-

-------------------------------------------------------[2024-02-01 17:00:22.873]

SOURCE: AIR
RX_ID: 106, Freq: 131.825MHz
Mode: 2 NACKLabel: 44 Block ID: 5, Msg No: M49A
Flight ID: GS0000 REG: DAAHO


Message content:-
011*4lSb_'SAEl6llE~E~bS?lb"b"bl~lAbAqSAbA(E~bllLO?
-------------------------------------------------------[2024-02-01 17:31:41.293]

SOURCE: AIR
RX_ID: 107, Freq: 131.725MHz
Mode: E NACKLabel: 44 Block ID: 9, Msg No: M47A
Flight ID: GS0000 REG: DAVIB


Message content:-
00POS03,N43167E005259,205,LFTH,EBBR,0617,1839,2003,006.5
-------------------------------------------------------[2024-02-01 18:39:06.066]

SOURCE: AIR
RX_ID: 108, Freq: 131.725MHz
Mode: E NACKLabel: 44 Block ID: 0, Msg No: M48A
Flight ID: GS0000 REG: DAVIB


Message content:-
00TOC03,N43424E005105,294,LFTH,EBBR,0617,1843,2005,006.2
-------------------------------------------------------[2024-02-01 18:44:02.917]

SOURCE: AIR
RX_ID: 109, Freq: 131.725MHz
Mode: E NACKLabel: 44 Block ID: 1, Msg No: M49A
Flight ID: GS0000 REG: DAVIB


Message content:-
00POS03,N43428E005104,295,LFTH,EBBR,0617,1844,2005,006.2
-------------------------------------------------------[2024-02-01 18:44:05.988]

SOURCE: AIR
RX_ID: 110, Freq: 131.725MHz
Mode: 2 NACKLabel: Q0 Block ID: 9, Msg No: S29A
Flight ID: AH1230 REG: 7T-VKG


Message content:-

-------------------------------------------------------[2024-02-01 18:59:47.073]

SOURCE: AIR
RX_ID: 111, Freq: 131.725MHz
Mode: 2 NACKLabel: SA Block ID: 0, Msg No: M23A
Flight ID: AH1230 REG: 7T-VKG


Message content:-
0EV185949VS
-------------------------------------------------------[2024-02-01 18:59:50.547]

SOURCE: AIR
RX_ID: 112, Freq: 131.725MHz
Mode: 2 NACKLabel: 5V Block ID: 1, Msg No: S30A
Flight ID: AH1230 REG: 7T-VKG


Message content:-

-------------------------------------------------------[2024-02-01 19:00:29.644]

SOURCE: AIR
RX_ID: 113, Freq: 131.525MHz
Mode: T NACKLabel: H1 Block ID: 0, Msg No: D47C
Flight ID: AF7342 REG: F-GTAD


Message content:-
#DFB00000/V212,09,328,131,02,00,00000/V3XX,XX,XXX,XXX,XXXX/V4XX,XX,XXX,XXX,XXXX/V504,06,085,090,0915/V612,06,318,107,0915/V7043,082,00081,22222222222111/V8042,084,00081,22222222222111,/
-------------------------------------------------------[2024-02-01 21:35:50.871]

SOURCE: AIR
RX_ID: 114, Freq: 131.725MHz
Mode: X NACKLabel: Q0 Block ID: 0, Msg No: S12A
Flight ID: IB8049 REG: EC-FTR


Message content:-

-------------------------------------------------------[2024-02-01 21:50:34.901]

SOURCE: AIR
RX_ID: 115, Freq: 131.725MHz
Mode: E NACKLabel: Q0 Block ID: 1, Msg No: S13A
Flight ID: IB8049 REG: EC-FTR


Message content:-

-------------------------------------------------------[2024-02-01 21:55:35.150]

SOURCE: AIR
RX_ID: 116, Freq: 131.725MHz
Mode: X NACKLabel: Q0 Block ID: 2, Msg No: S14A
Flight ID: IB8049 REG: EC-FTR


Message content:-

-------------------------------------------------------[2024-02-01 22:00:35.183]

