SOURCE: AIR
RX_ID: 0, Freq: 131.725MHz
Mode: E NACKLabel: H1 Block ID: 7, Msg No: D63D
Flight ID: SN01AQ REG: OO-SFD


Message content:-
#DFB47.2,0.07,0.05,0.02,298,0.13,013.8
T2,076,093,106.0,002.9,047.3,0.13,0.07,0.07,040,0.19,013.2
V1,0419,0358
V2,0419,0345
NO STABLE FRAME CONDITION   :

-------------------------------------------------------[2024-08-07 09:54:02.257]

SOURCE: AIR
RX_ID: 1, Freq: 131.525MHz
Mode: 2 NACKLabel: H1 Block ID: 8, Msg No: D44C
Flight ID: AF7303 REG: F-GMZD


Message content:-
#DFB,05470,0197,274/9CN005,247,00262,066641,010/C0XXXXX,0717,06318,0175,262/0CN003,250,00098,066623,011/E14360,0714,07233,0150,264/1E0203,250,N0062,066623,011/E24361,0711,08105,0127,249/2E0204,250,00175,066605,
-------------------------------------------------------[2024-08-07 10:04:51.920]

SOURCE: AIR
RX_ID: 2, Freq: 131.525MHz
Mode: 2 NACKLabel: H1 Block ID: 8, Msg No: D44C
Flight ID: AF7303 REG: F-GMZD


Message content:-
#DFB,05470,0197,274/9CN005,247,00262,066641,010/C0XXXXX,0717,06318,0175,262/0CN003,250,00098,066623,011/E14360,0714,07233,0150,264/1E0203,250,N0062,066623,011/E24361,0711,08105,0127,249/2E0204,250,00175,066605,
-------------------------------------------------------[2024-08-07 10:05:03.183]

SOURCE: AIR
RX_ID: 3, Freq: 131.525MHz
Mode: 2 NACKLabel: H1 Block ID: 8, Msg No: D44C
Flight ID: AF7303 REG: F-GMZD


Message content:-
#DFB,05470,0197,274/9CN005,247,00262,066641,010/C0XXXXX,0717,06318,0175,262/0CN003,250,00098,066623,011/E14360,0714,07233,0150,264/1E0203,250,N0062,066623,011/E24361,0711,08105,0127,249/2E0204,250,00175,066605,
-------------------------------------------------------[2024-08-07 10:05:12.801]

SOURCE: AIR
RX_ID: 4, Freq: 131.725MHz
Mode: E NACKLabel: H1 Block ID: 9, Msg No: D44D
Flight ID: AF7303 REG: F-GMZD


Message content:-
#DFB011/E34363,0709,08992,0107,247/3E0001,249,N0062,066587,011/E44365,0706,09817,0085,237/4EN001,249,00079,066551,009/E54368,0704,10507,0067,252/5E0000,259,N0092,066551,011/E64370,0702,10878,0057,251/6E0098,276
-------------------------------------------------------[2024-08-07 10:05:27.322]

SOURCE: AIR
RX_ID: 5, Freq: 131.725MHz
Mode: E NACKLabel: H1 Block ID: 0, Msg No: D44E
Flight ID: AF7303 REG: F-GMZD


Message content:-
#DFB,00021,066514,012/E74373,0699,11216,0045,249/7E0000,292,N0004,066478,014/E84375,XXXXX,11546,0042,245/8EN003,306,00124,066478,014/E94378,0694,12037,0030,258/9EN007,314,00450,066424,014/E04381,0692,13162,0002
-------------------------------------------------------[2024-08-07 10:05:30.833]

SOURCE: AIR
RX_ID: 6, Freq: 131.725MHz
Mode: E NACKLabel: H1 Block ID: 1, Msg No: D44F
Flight ID: AF7303 REG: F-GMZD


Message content:-
#DFB,282/0EN000,304,N0053,066405,011/N14384,0690,14159,N025,272/1NN009,299,N0124,066369,013/N24387,0688,14913,N042,255/2N0000,298,N0135,066369,017/N34390,0686,15534,N052,245/3NN005,300,00004,066315,018/N44393,0
-------------------------------------------------------[2024-08-07 10:05:43.925]

SOURCE: AIR
RX_ID: 7, Freq: 131.725MHz
Mode: E NACKLabel: H1 Block ID: 3, Msg No: D44H
Flight ID: AF7303 REG: F-GMZD


Message content:-
#DFB8,026/N84406,0674,19415,N137,248/8NN004,290,00142,066170,026/N94409,0671,19921,N152,244/9NN004,295,N0092,066151,025/N04412,0669,20140,N160,242/0NN000,304,00086,066115,025/S14415,0666,20396,N160,240/1SN005,3
-------------------------------------------------------[2024-08-07 10:06:11.978]

SOURCE: AIR
RX_ID: 8, Freq: 131.725MHz
Mode: E NACKLabel: H1 Block ID: 3, Msg No: D44H
Flight ID: AF7303 REG: F-GMZD


Message content:-
#DFB8,026/N84406,0674,19415,N137,248/8NN004,290,00142,066170,026/N94409,0671,19921,N152,244/9NN004,295,N0092,066151,025/N04412,0669,20140,N160,242/0NN000,304,00086,066115,025/S14415,0666,20396,N160,240/1SN005,3
-------------------------------------------------------[2024-08-07 10:06:24.664]

SOURCE: AIR
RX_ID: 9, Freq: 131.725MHz
Mode: E NACKLabel: H1 Block ID: 4, Msg No: D44I
Flight ID: AF7303 REG: F-GMZD


Message content:-
#DFB12,00257,066079,030/S24419,0664,20911,N170,243/2SN004,314,N0018,066079,033/S34423,0661,21495,N187,243/3SN007,314,N0058,066024,035/S44426,0658,21993,N195,241/4SN004,312,N0241,065988,031/S54429,0656,22348,N20
-------------------------------------------------------[2024-08-07 10:06:28.174]

SOURCE: AIR
RX_ID: 10, Freq: 131.725MHz
Mode: E NACKLabel: H1 Block ID: 6, Msg No: D44K
Flight ID: AF7303 REG: F-GMZD


Message content:-
#DFB,0645,24367,N230,248/9SN000,309,00273,065879,034/S04447,0643,25252,N247,247/0SN004,297,N0156,065825,028/T1XXXXX,0640,25994,N265,246/1TN004,291,N0122,065807,030/T24455,0637,26644,N282,244/2TN005,287,00032,06
-------------------------------------------------------[2024-08-07 10:06:34.904]

SOURCE: AIR
RX_ID: 11, Freq: 131.725MHz
Mode: E NACKLabel: H1 Block ID: 7, Msg No: D44L
Flight ID: AF7303 REG: F-GMZD


Message content:-
#DFB5789,029/T34458,0635,27270,N302,243/3TN004,283,N0159,065789,029/T44462,0632,27821,N315,239/4TN003,279,N0106,065734,026/T54465,0630,28314,N327,231/5TN004,276,N0262,065716,024/T64469,0627,28767,N340,229/6TN00
-------------------------------------------------------[2024-08-07 10:06:38.597]

SOURCE: AIR
RX_ID: 12, Freq: 131.725MHz
Mode: E NACKLabel: H1 Block ID: 8, Msg No: D44M
Flight ID: AF7303 REG: F-GMZD


Message content:-
#DFB6,275,00053,065716,024/T74473,0624,29152,N352,231/7TN002,276,N0063,065662,025/T84476,0621,29349,N360,239/8TN003,283,00103,065643,023/T94480,0619,29553,N365,248/9TN003,288,00012,065607,019,/
-------------------------------------------------------[2024-08-07 10:06:41.888]

SOURCE: AIR
RX_ID: 13, Freq: 131.725MHz
Mode: E NACKLabel: 44 Block ID: 2, Msg No: M29A
Flight ID: ZD0000 REG: GSUGR


Message content:-
00POS02,N44249E004578,310,EGSS,LFMD,0807,1029,1103,003.9
-------------------------------------------------------[2024-08-07 10:29:24.003]

SOURCE: AIR
RX_ID: 14, Freq: 131.825MHz
Mode: 2 NACKLabel: H1 Block ID: 4, Msg No: C00A
Flight ID: VY06AA REG: EC-NGB


Message content:-
#CFBWRN/WN24080710410046200006DATALINK ATC FAULT      
-------------------------------------------------------[2024-08-07 10:41:31.669]

SOURCE: AIR
RX_ID: 15, Freq: 131.825MHz
Mode: 2 NACKLabel: H1 Block ID: 5, Msg No: C01A
Flight ID: VY06AA REG: EC-NGB


Message content:-
#CFBWRN/WN24080710410046200006DATALINK COMPANY FAULT  
-------------------------------------------------------[2024-08-07 10:41:38.218]

SOURCE: AIR
RX_ID: 16, Freq: 131.825MHz
Mode: 2 NACKLabel: H1 Block ID: 9, Msg No: D08A
Flight ID: AA0721 REG: N768AA


Message content:-
#DFBTRP LIRF KCLT 07  8 650   0  0 110449
 42.6340  10.2611272865903604820.0120.002 15.38 -94.57175360-28 340OFF
 42.8966   9.8554300475890004980.0120.009 17.50 -92.11174000-35 300OFF
 43.0654   9.3734319995
-------------------------------------------------------[2024-08-07 11:16:52.799]

SOURCE: AIR
RX_ID: 17, Freq: 131.825MHz
Mode: 2 NACKLabel: 5Z Block ID: 1, Msg No: M87A
Flight ID: AA0721 REG: N768AA


Message content:-
OS KCLT /FTM
S/RIVAK/1240/83/36
-------------------------------------------------------[2024-08-07 11:18:22.328]

SOURCE: AIR
RX_ID: 18, Freq: 131.825MHz
Mode: 2 NACKLabel: 5Z Block ID: 4, Msg No: M88A
Flight ID: AA0721 REG: N768AA


Message content:-
OS KCLT /FTM
S/SIVIR/1245/83/36
-------------------------------------------------------[2024-08-07 11:19:53.460]

SOURCE: AIR
RX_ID: 19, Freq: 131.825MHz
Mode: 2 NACKLabel: B2 Block ID: 8, Msg No: M89A
Flight ID: AA0721 REG: N768AA


Message content:-
/PIKCLYA.CLA 1121 240807 EGGX CLRNCE 592AAL721 CLRD TO KCLT VIA SIVIRRANDOM ROUTE46N010W 46N020W 44N030W 42N040W 40N050W SOORYFM SIVIR/1245 MNTN F340 M083ATC/LEVEL CHANGEEND OF MESSAGE
-------------------------------------------------------[2024-08-07 11:22:29.292]

SOURCE: AIR
RX_ID: 20, Freq: 131.825MHz
Mode: 2 NACKLabel: 5U Block ID: 4, Msg No: M90A
Flight ID: AA0721 REG: N768AA


Message content:-
OS KCLT /WXALPLA
-------------------------------------------------------[2024-08-07 11:27:18.468]

SOURCE: AIR
RX_ID: 21, Freq: 131.825MHz
Mode: 2 NACKLabel: 5U Block ID: 8, Msg No: M91A
Flight ID: AA0721 REG: N768AA


Message content:-
OS KCLT /WXAEINN
-------------------------------------------------------[2024-08-07 11:27:51.679]

SOURCE: AIR
RX_ID: 22, Freq: 131.825MHz
Mode: 2 NACKLabel: 5U Block ID: 8, Msg No: M91A
Flight ID: AA0721 REG: N768AA


Message content:-
OS KCLT /WXAEINN
-------------------------------------------------------[2024-08-07 11:28:00.270]

SOURCE: AIR
RX_ID: 23, Freq: 131.825MHz
Mode: 2 NACKLabel: 5U Block ID: 1, Msg No: M92A
Flight ID: AA0721 REG: N768AA


Message content:-
OS KCLT /WXACYQX
-------------------------------------------------------[2024-08-07 11:28:36.292]

SOURCE: AIR
RX_ID: 24, Freq: 131.825MHz
Mode: 2 NACKLabel: 5U Block ID: 1, Msg No: M92A
Flight ID: AA0721 REG: N768AA


Message content:-
OS KCLT /WXACYQX
-------------------------------------------------------[2024-08-07 11:28:52.493]

SOURCE: AIR
RX_ID: 25, Freq: 131.825MHz
Mode: 2 NACKLabel: H1 Block ID: 2, Msg No: D09A
Flight ID: AA0721 REG: N768AA


Message content:-
#DFBTRP LIRF KCLT 07  8 651   0  0 111949
 43.4945   7.8954340035849204830.0070.005 23.00-115.66169920-46 250OFF
 43.6489   7.4041339995840004850.0100.005 21.50-111.45169000-46 250OFF
 43.8952   6.9773339995
-------------------------------------------------------[2024-08-07 11:31:52.902]

SOURCE: AIR
RX_ID: 26, Freq: 131.825MHz
Mode: 2 NACKLabel: H1 Block ID: 2, Msg No: D09A
Flight ID: AA0721 REG: N768AA


Message content:-
#DFBTRP LIRF KCLT 07  8 651   0  0 111949
 43.4945   7.8954340035849204830.0070.005 23.00-115.66169920-46 250OFF
 43.6489   7.4041339995840004850.0100.005 21.50-111.45169000-46 250OFF
 43.8952   6.9773339995
-------------------------------------------------------[2024-08-07 11:31:59.268]

SOURCE: AIR
RX_ID: 27, Freq: 131.825MHz
Mode: 2 NACKLabel: H1 Block ID: 2, Msg No: D09A
Flight ID: AA0721 REG: N768AA


Message content:-
#DFBTRP LIRF KCLT 07  8 651   0  0 111949
 43.4945   7.8954340035849204830.0070.005 23.00-115.66169920-46 250OFF
 43.6489   7.4041339995840004850.0100.005 21.50-111.45169000-46 250OFF
 43.8952   6.9773339995
-------------------------------------------------------[2024-08-07 11:32:19.749]

SOURCE: AIR
RX_ID: 28, Freq: 131.825MHz
Mode: 2 NACKLabel: H1 Block ID: 9, Msg No: F65A
Flight ID: BA0082 REG: G-VIIC


Message content:-
#M1BPRG/TS114540,070824/DTEGLL,27L,149,130758,/PR4175,310,400,286,,104,57,,,50,P30,P0,,,,,,,M37F220
-------------------------------------------------------[2024-08-07 11:45:42.442]

SOURCE: AIR
RX_ID: 29, Freq: 131.825MHz
Mode: 2 NACKLabel: 15 Block ID: 0, Msg No: M08A
Flight ID: BA0082 REG: G-VIIC


Message content:-
FST01DNAAEGLLN439526E0049362400 124 304 M48C 3527434635148211600013081152
-------------------------------------------------------[2024-08-07 11:52:17.538]

SOURCE: AIR
RX_ID: 30, Freq: 131.825MHz
Mode: 2 NACKLabel: B6 Block ID: 1, Msg No: F66A
Flight ID: BA0082 REG: G-VIIC


Message content:-
/QUKAXBA.ADS.G-VIIC071F8FE81B8509C434149D46D9
-------------------------------------------------------[2024-08-07 11:55:35.580]

SOURCE: AIR
RX_ID: 31, Freq: 131.725MHz
Mode: X NACKLabel: H1 Block ID: 0, Msg No: F63A
Flight ID: DL0024 REG: N832MH


Message content:-
#M1BPOSN44296E005043,NISAR,115750,339,XIRBI,115911,DOTIG,M49,23724,265,812EA84
-------------------------------------------------------[2024-08-07 11:57:53.849]

SOURCE: AIR
RX_ID: 32, Freq: 131.725MHz
Mode: X NACKLabel: B9 Block ID: 1, Msg No: L27A
Flight ID: DL0024 REG: N832MH


Message content:-
/LFMN.TI2/024LFMNC6228
-------------------------------------------------------[2024-08-07 11:58:53.659]

SOURCE: AIR
RX_ID: 33, Freq: 131.725MHz
Mode: X NACKLabel: H1 Block ID: 6, Msg No: D49A
Flight ID: DL0024 REG: N832MH


Message content:-
#DFB239N1808 0024080724120016816 4435   540293 -4-36251 21XX-223 26720
 315 4950043143111030IH-KATLLFMN
-------------------------------------------------------[2024-08-07 12:00:32.809]

SOURCE: AIR
RX_ID: 34, Freq: 131.825MHz
Mode: 2 NACKLabel: 15 Block ID: 3, Msg No: M09A
Flight ID: BA0082 REG: G-VIIC


Message content:-
FST01DNAAEGLLN452725E0046294400 114 313 M51C 3726534535048311600013081202
-------------------------------------------------------[2024-08-07 12:02:18.873]

SOURCE: AIR
RX_ID: 35, Freq: 131.725MHz
Mode: X NACKLabel: H1 Block ID: 7, Msg No: D50A
Flight ID: DL0024 REG: N832MH


Message content:-
#DFBENGINE BLEED REPORT

AID:N1808  DA:07/08    GMT:12:04    FNO: 492      ISFC: 1013
TAT:  98  SAT:-130   ALT: 18844   MACH:0666    FCNT: 1950
GW:287920  FLT:0024-1  MODE:DESC    SID:AK-67-223
S/N L:70495
-------------------------------------------------------[2024-08-07 12:05:01.906]

SOURCE: AIR
RX_ID: 36, Freq: 131.725MHz
Mode: X NACKLabel: H1 Block ID: 8, Msg No: D50B
Flight ID: DL0024 REG: N832MH


Message content:-
#DFB2         DEPART:KATL    DESTIN:LFMN
S/N R:707000

               ENG L     ENG R
HPSOV          OPN       OPN
PRV            OPN       OPN
PRSOV          OPN       OPN
FAV %            2652     2066
-------------------------------------------------------[2024-08-07 12:05:06.004]

SOURCE: AIR
RX_ID: 37, Freq: 131.725MHz
Mode: X NACKLabel: H1 Block ID: 9, Msg No: D50C
Flight ID: DL0024 REG: N832MH


Message content:-
#DFB
N1 SPD          6311     6321
HI STG PRESS    9400     9600
INTERM PRESS1    4491     4538
INTERM PRESS2    5008     4883
STRUT OVHT     NRML      NRML
DUCT PRESS       4300     4475
P-COOL TEMP    
-------------------------------------------------------[2024-08-07 12:05:10.904]

SOURCE: AIR
RX_ID: 38, Freq: 131.725MHz
Mode: X NACKLabel: H1 Block ID: 0, Msg No: D50D
Flight ID: DL0024 REG: N832MH


Message content:-
#DFB40484    39984
PACK HX TEMP    36506    36228
PACK FLOW       14039    14103
WING ANTI ICE  OFF
LT  ISO VLV    CLS
RT  ISO VLV    CLS
CTR ISO VLV    OPN

TRIGGER CODE   0000

STATUS WORDS  DW1  DW
-------------------------------------------------------[2024-08-07 12:05:15.009]

SOURCE: AIR
RX_ID: 39, Freq: 131.725MHz
Mode: X NACKLabel: H1 Block ID: 1, Msg No: D50E
Flight ID: DL0024 REG: N832MH


Message content:-
#DFB2  DW3  DW4  DW5  DW6  DW7  DW8  EICAS
LEFT          0000 0001 0000 0000 0000 0000 1040 0000 0000
RIGHT         0000 0001 0000 0000 0000 0000 1040 0000 0000

-------------------------------------------------------[2024-08-07 12:05:18.292]

SOURCE: AIR
RX_ID: 40, Freq: 131.825MHz
Mode: 2 NACKLabel: H1 Block ID: 2, Msg No: D05C
Flight ID: DA61XM REG: OY-RUU


Message content:-
#DFB122,N091/V203D04,00208,08000,234,112,N085/V3001,004,301/V4000,000,133,/
-------------------------------------------------------[2024-08-07 12:16:44.832]

SOURCE: AIR
RX_ID: 41, Freq: 131.825MHz
Mode: 2 NACKLabel: H1 Block ID: 3, Msg No: D06A
Flight ID: DA61XM REG: OY-RUU


Message content:-
#DFBA02/A32102,1,1/CCOY-RUU,AUG07,114546,LICJ,EGLL,0061/C106,35201,5000,51,0010,0,0100,51,X/CEN183,33983,265,766,7267,253,I63003/CNN181,34004,266,769,7266,253/EC010452,01090,00458,73,08,08/EE010418,01082,00454,
-------------------------------------------------------[2024-08-07 12:17:15.371]

SOURCE: AIR
RX_ID: 42, Freq: 131.725MHz
Mode: 2 NACKLabel: H1 Block ID: 0, Msg No: F15A
Flight ID: XA0000 REG: MANGO


Message content:-
#M1B/.RESREQ/AK,115/TS121753,070824
-------------------------------------------------------[2024-08-07 12:17:54.288]

SOURCE: AIR
RX_ID: 43, Freq: 131.725MHz
Mode: 2 NACKLabel: H1 Block ID: 1, Msg No: F16A
Flight ID: XA0000 REG: MANGO


Message content:-
#M1B/.POS/TS121753,070824N43331E004133,,121753,390,MERLU,123553,RAPUR,M52,27640,207,830755A
-------------------------------------------------------[2024-08-07 12:18:02.664]

SOURCE: AIR
RX_ID: 44, Freq: 131.725MHz
Mode: 2 NACKLabel: 80 Block ID: 2, Msg No: M17A
Flight ID: XA0000 REG: MANGO


Message content:-
002                               ARINCXANATI                    WATER SHOES/SOURCE
SPORT/WALKING SHOES
FLIP FLOP YES
-------------------------------------------------------[2024-08-07 12:25:36.307]

SOURCE: AIR
RX_ID: 45, Freq: 131.725MHz
Mode: 2 NACKLabel: H1 Block ID: 5, Msg No: F20A
Flight ID: XA0000 REG: MANGO


Message content:-
#M1B/.RESREQ/AK,115/TS122821,070824
-------------------------------------------------------[2024-08-07 12:28:22.013]

SOURCE: AIR
RX_ID: 46, Freq: 131.725MHz
Mode: 2 NACKLabel: SA Block ID: 0, Msg No: M52A
Flight ID: XA0000 REG: A9CISA


Message content:-
0EV123234V
-------------------------------------------------------[2024-08-07 12:32:38.027]

SOURCE: AIR
RX_ID: 47, Freq: 131.725MHz
Mode: E NACKLabel: SA Block ID: 3, Msg No: M53A
Flight ID: XA0000 REG: A9CISA


Message content:-
0EV123714V
-------------------------------------------------------[2024-08-07 12:37:16.123]

SOURCE: AIR
RX_ID: 48, Freq: 131.725MHz
Mode: X NACKLabel: SA Block ID: 6, Msg No: M54A
Flight ID: XA0000 REG: A9CISA


Message content:-
0EV124207V
-------------------------------------------------------[2024-08-07 12:42:09.836]

SOURCE: AIR
RX_ID: 49, Freq: 131.725MHz
Mode: X NACKLabel: 16 Block ID: 6, Msg No: M41A
Flight ID: TS0309 REG: C-GTSD


Message content:-
133536,35002,2215,1157,N 43.633,E  7.351
-------------------------------------------------------[2024-08-07 13:35:46.501]

SOURCE: AIR
RX_ID: 50, Freq: 131.725MHz
Mode: E NACKLabel: 16 Block ID: 4, Msg No: M75A
Flight ID: 4X61VY REG: 9H-MLD


Message content:-
134138,34970,1427,   4,N 43.222 E  5.331
-------------------------------------------------------[2024-08-07 13:41:40.222]

SOURCE: AIR
RX_ID: 51, Freq: 131.825MHz
Mode: 2 NACKLabel: B6 Block ID: 1, Msg No: F90A
Flight ID: EK036K REG: A6-ECW


Message content:-
/DXBEGEK.ADS.A6-ECW071FE9A82428C9086D2F9D901A
-------------------------------------------------------[2024-08-07 13:48:14.031]

SOURCE: AIR
RX_ID: 52, Freq: 131.725MHz
Mode: X NACKLabel: 16 Block ID: 7, Msg No: M42A
Flight ID: TS0309 REG: C-GTSD


Message content:-
135042,35997,2216,1116,N 45.173,E  5.844
-------------------------------------------------------[2024-08-07 13:50:45.587]

SOURCE: AIR
RX_ID: 53, Freq: 131.825MHz
Mode: 2 NACKLabel: H1 Block ID: 3, Msg No: O70A
Flight ID: EK036K REG: A6-ECW


Message content:-
#10BSB0121BA_A6-ECW  KEWRLGAV1
 44955 0062971347 37003-500227027098W/X021035
 44853 0064231348 36996-500223025010GMY013016
 44751 0065471349 36996-510212024010W/X014018
 44650 0066701350 37000-4802390210902
-------------------------------------------------------[2024-08-07 13:52:34.753]

SOURCE: AIR
RX_ID: 54, Freq: 131.825MHz
Mode: 2 NACKLabel: H1 Block ID: 4, Msg No: O70B
Flight ID: EK036K REG: A6-ECW


Message content:-
#10B0;018028
 44546 0067941351 36998-490200014090/9W015026
 44436 0069011352 37008-4901550100W030;114197
-------------------------------------------------------[2024-08-07 13:52:41.301]

SOURCE: AIR
RX_ID: 55, Freq: 131.825MHz
Mode: 2 NACKLabel: H1 Block ID: 7, Msg No: C05A
Flight ID: VY6040 REG: EC-NGB


Message content:-
#CFBWRN/WN24080713520046200006DATALINK ATC FAULT      
-------------------------------------------------------[2024-08-07 13:53:07.337]

SOURCE: AIR
RX_ID: 56, Freq: 131.725MHz
Mode: G NACKLabel: H1 Block ID: 9, Msg No: D73A
Flight ID: DL0148 REG: N199DN


Message content:-
#DFB239N199DN0148080924135628817 4481   578390-23-53271 2210-234 36000
 254 48900001322200B005ZKJFKLIRF
-------------------------------------------------------[2024-08-07 13:56:35.221]

SOURCE: AIR
RX_ID: 57, Freq: 131.825MHz
Mode: 2 NACKLabel: 4T Block ID: 6, Msg No: M84A
Flight ID: AC0891 REG: C-FIVX


Message content:-
AGFSR AC0891/07/07/FCOYYZ/1356Z/744/4444.0N00536.1E/299/CRUISE/0753/0115/M39/253020/0319/---/484/1243/1309/----/----
-------------------------------------------------------[2024-08-07 13:56:40.530]

SOURCE: AIR
RX_ID: 58, Freq: 131.825MHz
Mode: 2 NACKLabel: H1 Block ID: 7, Msg No: O71B
Flight ID: EK036K REG: A6-ECW


Message content:-
#10BH-100142
 43848 0073401357 36999-5003240200:G15Z147207
-------------------------------------------------------[2024-08-07 13:57:40.756]

SOURCE: AIR
RX_ID: 59, Freq: 131.825MHz
Mode: 2 NACKLabel: B9 Block ID: 9, Msg No: L25A
Flight ID: EK036K REG: A6-ECW


Message content:-
/LIRF.TI2/046LIRFA5A1A
-------------------------------------------------------[2024-08-07 14:00:16.191]

SOURCE: AIR
RX_ID: 60, Freq: 131.825MHz
Mode: 2 NACKLabel: B9 Block ID: 9, Msg No: L25A
Flight ID: EK036K REG: A6-ECW


Message content:-
/LIRF.TI2/046LIRFA5A1A
-------------------------------------------------------[2024-08-07 14:00:32.795]

SOURCE: AIR
RX_ID: 61, Freq: 131.725MHz
Mode: G NACKLabel: 83 Block ID: 2, Msg No: M32A
Flight ID: XA0001 REG: N212CR


Message content:-
001PR07144455N4434.4E00451.23274820029
-------------------------------------------------------[2024-08-07 14:44:57.550]

SOURCE: AIR
RX_ID: 62, Freq: 131.725MHz
Mode: G NACKLabel: 83 Block ID: 3, Msg No: M33A
Flight ID: XA0001 REG: N212CR


Message content:-
001PR07145455N4342.2E00539.51192940022
-------------------------------------------------------[2024-08-07 14:54:57.440]

SOURCE: AIR
RX_ID: 63, Freq: 131.725MHz
Mode: E NACKLabel: 4H Block ID: 1, Msg No: M20A
Flight ID: DL0029 REG: N832MH


Message content:-
07154H LFMN KJFK6
  
WPR RESET





-------------------------------------------------------[2024-08-07 15:18:03.745]

SOURCE: AIR
RX_ID: 64, Freq: 131.725MHz
Mode: E NACKLabel: H1 Block ID: 4, Msg No: F68A
Flight ID: DL0029 REG: N832MH


Message content:-
#M1BREJPOS,151816,130,219,RF101,PVD.130,219,RF101,TRAIT.130,219,RF101,PARCH.130,219,RF101,CCC.130,219,RF101,ROBER4408
-------------------------------------------------------[2024-08-07 15:18:19.326]

SOURCE: AIR
RX_ID: 65, Freq: 131.725MHz
Mode: G NACKLabel: H1 Block ID: 5, Msg No: F06A
Flight ID: CC5053 REG: TF-AKD


Message content:-
#M1BPOSN43543E006013,,151832,330,FIR07,153460,SUX08,M46,23720,2191,84,79AA
-------------------------------------------------------[2024-08-07 15:18:36.733]

SOURCE: AIR
RX_ID: 66, Freq: 131.825MHz
Mode: 2 NACKLabel: 44 Block ID: 4, Msg No: M39A
Flight ID: GS0000 REG: DAVIB


Message content:-
00POS03,N44512E004423,330,EGHI,LFMN,0807,1520,1545,004.6
-------------------------------------------------------[2024-08-07 15:20:57.426]

SOURCE: AIR
RX_ID: 67, Freq: 131.825MHz
Mode: 2 NACKLabel: 44 Block ID: 4, Msg No: M39A
Flight ID: GS0000 REG: DAVIB


Message content:-
00POS03,N44512E004423,330,EGHI,LFMN,0807,1520,1545,004.6
-------------------------------------------------------[2024-08-07 15:21:22.183]

SOURCE: AIR
RX_ID: 68, Freq: 131.725MHz
Mode: E NACKLabel: H1 Block ID: 5, Msg No: D65A
Flight ID: DL0029 REG: N832MH


Message content:-
#DFB239N1808 0029080724152159777 4353   509320-16-44279 23XX-223117720
 281 43500682813500AXNXWLFMNKJFK
-------------------------------------------------------[2024-08-07 15:22:10.531]

SOURCE: AIR
RX_ID: 69, Freq: 131.825MHz
Mode: 2 NACKLabel: 44 Block ID: 5, Msg No: M40A
Flight ID: GS0000 REG: DAVIB


Message content:-
00POS03,N44206E005178,303,EGHI,LFMN,0807,1525,1545,004.4
-------------------------------------------------------[2024-08-07 15:25:57.457]

SOURCE: AIR
RX_ID: 70, Freq: 131.725MHz
Mode: G NACKLabel: H1 Block ID: 7, Msg No: F07A
Flight ID: CC5053 REG: TF-AKD


Message content:-
#M1BPOSN42496E006069,,152632,330,FIR07,153456,SUX08,M45,25729,2157,84,D2CA
-------------------------------------------------------[2024-08-07 15:26:35.968]

SOURCE: AIR
RX_ID: 71, Freq: 131.825MHz
Mode: 2 NACKLabel: 44 Block ID: 6, Msg No: M41A
Flight ID: GS0000 REG: DAVIB


Message content:-
00POS03,N43520E005542,182,EGHI,LFMN,0807,1530,1543,004.3
-------------------------------------------------------[2024-08-07 15:30:57.494]

SOURCE: AIR
RX_ID: 72, Freq: 131.725MHz
Mode: X NACKLabel: 16 Block ID: 4, Msg No: M87A
Flight ID: 4X05GA REG: 9H-MLD


Message content:-
162643,33999,1733,   5,N 43.262 E  5.913
-------------------------------------------------------[2024-08-07 16:26:55.230]

SOURCE: AIR
RX_ID: 73, Freq: 131.725MHz
Mode: E NACKLabel: H1 Block ID: 7, Msg No: F09A
Flight ID: ZD737E REG: N737ER


Message content:-
#M1BPOSN44293E005049,NISAR,172039,340,XIRBI,172205,DOTIG,M48,316040,2999961
-------------------------------------------------------[2024-08-07 17:20:40.253]

SOURCE: AIR
RX_ID: 74, Freq: 131.525MHz
Mode: T NACKLabel: B9 Block ID: 1, Msg No: L03A
Flight ID: AF0652 REG: F-GSQR


Message content:-
/LFMN.TI2/046LFMNA680F
-------------------------------------------------------[2024-08-07 17:23:39.855]

SOURCE: AIR
RX_ID: 75, Freq: 131.725MHz
Mode: E NACKLabel: H1 Block ID: 9, Msg No: F10A
Flight ID: ZD737E REG: N737ER


Message content:-
#M1BPOSN43352E006191,AMF01,173104,124,TIPIK,173213,MUS,P3,298034,293CA32
-------------------------------------------------------[2024-08-07 17:31:05.516]

SOURCE: AIR
RX_ID: 76, Freq: 131.725MHz
Mode: G NACKLabel: H1 Block ID: 6, Msg No: F14A
Flight ID: CC2612 REG: TF-AKE


Message content:-
#M1BPOSN45027E005530,,173452,330,RET06,173948,DOT07,M46,30734,1573,84,7DB9
-------------------------------------------------------[2024-08-07 17:34:57.126]

SOURCE: AIR
RX_ID: 77, Freq: 131.725MHz
Mode: G NACKLabel: H1 Block ID: 8, Msg No: F15A
Flight ID: CC2612 REG: TF-AKE


Message content:-
#M1BPOSN43589E005235,,174252,330,TUP11,174252,MTG12,M46,32336,1538,84,5E97
-------------------------------------------------------[2024-08-07 17:42:57.209]

SOURCE: AIR
RX_ID: 78, Freq: 131.525MHz
Mode: T NACKLabel: 26 Block ID: 4, Msg No: M43A
Flight ID: AF7586 REG: F-GMZA


Message content:-
1747LFPGAF7586/071833LFKF23 
-------------------------------------------------------[2024-08-07 17:47:17.086]

SOURCE: AIR
RX_ID: 79, Freq: 131.525MHz
Mode: T NACKLabel: 26 Block ID: 4, Msg No: M43A
Flight ID: AF7586 REG: F-GMZA


Message content:-
1747LFPGAF7586/071833LFKF23 
-------------------------------------------------------[2024-08-07 17:47:29.192]

SOURCE: AIR
RX_ID: 80, Freq: 131.525MHz
Mode: T NACKLabel: 26 Block ID: 5, Msg No: M44A
Flight ID: AF7586 REG: F-GMZA


Message content:-
1747LFPGAF7586/071832LFKF23 
-------------------------------------------------------[2024-08-07 17:47:55.376]

SOURCE: AIR
RX_ID: 81, Freq: 131.525MHz
Mode: T NACKLabel: 2F Block ID: 6, Msg No: M45A
Flight ID: AF7586 REG: F-GMZA


Message content:-
1748+4442+507/3554
-------------------------------------------------------[2024-08-07 17:48:46.394]

SOURCE: AIR
RX_ID: 82, Freq: 131.525MHz
Mode: T NACKLabel: 2F Block ID: 6, Msg No: M45A
Flight ID: AF7586 REG: F-GMZA


Message content:-
1748+4442+507/3554
-------------------------------------------------------[2024-08-07 17:48:56.012]

SOURCE: AIR
RX_ID: 83, Freq: 131.725MHz
Mode: X NACKLabel: B0 Block ID: 2, Msg No: J01A
Flight ID: GS55TI REG: P4-LTI


Message content:-
/DAAA.AFN/FMHGJW55TI,.P4-LTI,4850C6,180404/FPON44072E005225,1/FCOADS,01/FCOATC,01D158
-------------------------------------------------------[2024-08-07 18:04:05.553]

SOURCE: AIR
RX_ID: 84, Freq: 131.725MHz
Mode: X NACKLabel: B6 Block ID: 5, Msg No: J02A
Flight ID: GS55TI REG: P4-LTI


Message content:-
/ALGCAYA.ADS.P4-LTI0300071F5C901E99C71E83EC1D0E3D80EEC1340D1F54381EA74739801D1EAB981F924908807273
-------------------------------------------------------[2024-08-07 18:04:13.308]

SOURCE: AIR
RX_ID: 85, Freq: 131.725MHz
Mode: X ACK, A2GLabel: B6 Block ID: 5, Msg No: J02A
Flight ID: GS55TI REG: P4-LTI


Message content:-
/ALGCAYA.ADS.P4-LTI0300071F5C901E99C71E83EC1D0E3D80EEC1340D1F54381EA74739801D1EAB981F924908807273
-------------------------------------------------------[2024-08-07 18:04:15.978]

SOURCE: AIR
RX_ID: 86, Freq: 131.725MHz
Mode: G NACKLabel: H1 Block ID: 2, Msg No: F18B
Flight ID: PU225F REG: EC-OAQ


Message content:-
#M1BBF8
-------------------------------------------------------[2024-08-07 18:10:55.559]

SOURCE: AIR
RX_ID: 87, Freq: 131.725MHz
Mode: G NACKLabel: B6 Block ID: 9, Msg No: J05A
Flight ID: GS55TI REG: P4-LTI


Message content:-
/ALGCAYA.ADS.P4-LTI141EA9E01F7148D20AD81D0D1E6F181FE4C90880951DA67020F0890880F4BB
-------------------------------------------------------[2024-08-07 18:11:36.301]

SOURCE: AIR
RX_ID: 88, Freq: 131.725MHz
Mode: X NACKLabel: H1 Block ID: 8, Msg No: D94A
Flight ID: DL0149 REG: N199DN


Message content:-
#DFB221N199DN1049090824181136387295320812-14-44 -113121312     895 899
    400424    6481 6810      912 906    123131   215215   145119   ))
))))   0507  0202  584591   1675 45 27     08  07    000 00 0010-2
-------------------------------------------------------[2024-08-07 18:11:48.590]

SOURCE: AIR
RX_ID: 89, Freq: 131.725MHz
Mode: X NACKLabel: H1 Block ID: 9, Msg No: D94B
Flight ID: DL0149 REG: N199DN


Message content:-
#DFB340
345 400115583402115446402115455404114362
-------------------------------------------------------[2024-08-07 18:11:52.064]

SOURCE: AIR
RX_ID: 90, Freq: 131.525MHz
Mode: T NACKLabel: H1 Block ID: 7, Msg No: F29A
Flight ID: AF1032 REG: F-GTAD


Message content:-
#M1BREJPWI,161914,053,,CB007,CLIMB.053,,CB007,CLIMB.053,,CB007,CLIMB.053,,CB007,CLIMB.053,,CB007,CLIMB.053,,CB007,CLIMB.053,,CB007,CLIMB.053,,CB007,CLIMB.053,,CB007,CRUISE.053,,CB007,CRUISE.053,,CB007,CRUISE/TS
-------------------------------------------------------[2024-08-07 18:29:30.890]

SOURCE: AIR
RX_ID: 91, Freq: 131.525MHz
Mode: T NACKLabel: H1 Block ID: 7, Msg No: F29A
Flight ID: AF1032 REG: F-GTAD


Message content:-
#M1BREJPWI,161914,053,,CB007,CLIMB.053,,CB007,CLIMB.053,,CB007,CLIMB.053,,CB007,CLIMB.053,,CB007,CLIMB.053,,CB007,CLIMB.053,,CB007,CLIMB.053,,CB007,CLIMB.053,,CB007,CRUISE.053,,CB007,CRUISE.053,,CB007,CRUISE/TS
-------------------------------------------------------[2024-08-07 18:29:42.772]

SOURCE: AIR
RX_ID: 92, Freq: 131.525MHz
Mode: T NACKLabel: H1 Block ID: 7, Msg No: F29A
Flight ID: AF1032 REG: F-GTAD


Message content:-
#M1BREJPWI,161914,053,,CB007,CLIMB.053,,CB007,CLIMB.053,,CB007,CLIMB.053,,CB007,CLIMB.053,,CB007,CLIMB.053,,CB007,CLIMB.053,,CB007,CLIMB.053,,CB007,CLIMB.053,,CB007,CRUISE.053,,CB007,CRUISE.053,,CB007,CRUISE/TS
-------------------------------------------------------[2024-08-07 18:29:55.682]

SOURCE: AIR
RX_ID: 93, Freq: 131.525MHz
Mode: T NACKLabel: H1 Block ID: 8, Msg No: F29B
Flight ID: AF1032 REG: F-GTAD


Message content:-
#M1B182926,07082403FB
-------------------------------------------------------[2024-08-07 18:29:59.778]

SOURCE: AIR
RX_ID: 94, Freq: 131.525MHz
Mode: T NACKLabel: 5U Block ID: 9, Msg No: M67A
Flight ID: AF1032 REG: F-GTAD


Message content:-
3LFMN/LFKB/LIRF
-------------------------------------------------------[2024-08-07 18:30:32.949]

SOURCE: AIR
RX_ID: 95, Freq: 131.725MHz
Mode: E NACKLabel: H1 Block ID: 2, Msg No: F17A
Flight ID: ZD737E REG: N737ER


Message content:-
#M1BPOSN43585E006271,AMI02,183043,180,PER01,183338,RETNO,M8,288024,268786E
-------------------------------------------------------[2024-08-07 18:30:46.078]

SOURCE: AIR
RX_ID: 96, Freq: 131.525MHz
Mode: T NACKLabel: 2F Block ID: 3, Msg No: M68A
Flight ID: AF1032 REG: F-GTAD


Message content:-
1831+4491+602/3593
-------------------------------------------------------[2024-08-07 18:31:24.991]

SOURCE: AIR
RX_ID: 97, Freq: 131.525MHz
Mode: T NACKLabel: 2F Block ID: 4, Msg No: M69A
Flight ID: AF1032 REG: F-GTAD


Message content:-
1833+4473+630/3592
-------------------------------------------------------[2024-08-07 18:33:27.435]

SOURCE: AIR
RX_ID: 98, Freq: 131.525MHz
Mode: T NACKLabel: 2F Block ID: 5, Msg No: M70A
Flight ID: AF1032 REG: F-GTAD


Message content:-
1835+4455+658/3592
-------------------------------------------------------[2024-08-07 18:35:28.706]

SOURCE: AIR
RX_ID: 99, Freq: 131.525MHz
Mode: T NACKLabel: 2F Block ID: 6, Msg No: M71A
Flight ID: AF1032 REG: F-GTAD


Message content:-
1837+4437+686/3591
-------------------------------------------------------[2024-08-07 18:37:31.151]

SOURCE: AIR
RX_ID: 100, Freq: 131.525MHz
Mode: T NACKLabel: 2F Block ID: 7, Msg No: M72A
Flight ID: AF1032 REG: F-GTAD


Message content:-
1839+4419+713/3590
-------------------------------------------------------[2024-08-07 18:39:32.825]

SOURCE: AIR
RX_ID: 101, Freq: 131.525MHz
Mode: T NACKLabel: 2F Block ID: 8, Msg No: M73A
Flight ID: AF1032 REG: F-GTAD


Message content:-
1841+4401+739/3589
-------------------------------------------------------[2024-08-07 18:41:34.682]

SOURCE: AIR
RX_ID: 102, Freq: 131.525MHz
Mode: T NACKLabel: H1 Block ID: 9, Msg No: F30A
Flight ID: AF1032 REG: F-GTAD


Message content:-
#M1BRESPWI/AC,085/TS184212,070824A0C7
-------------------------------------------------------[2024-08-07 18:42:15.644]

SOURCE: AIR
RX_ID: 103, Freq: 131.525MHz
Mode: T NACKLabel: 2F Block ID: 1, Msg No: M75A
Flight ID: AF1032 REG: F-GTAD


Message content:-
1845+4365+792/3586
-------------------------------------------------------[2024-08-07 18:45:39.428]

SOURCE: AIR
RX_ID: 104, Freq: 131.825MHz
Mode: 2 NACKLabel: H1 Block ID: 5, Msg No: D04A
Flight ID: 5C0467 REG: 4X-ICK


Message content:-
#DFB0801B74704674X-ICK07AUG24192341KDOVLLNVN44488E004481D0001
ENGINE EXCEEDANCE SUMMARY REPORT
ACID   FLT  DATE    UTC
4X-ICK 0467 07AUG24 192341
EP ESN    REASON   LIMIT     TOL PEAK      TTP
2         VI
-------------------------------------------------------[2024-08-07 19:24:32.524]

SOURCE: AIR
RX_ID: 105, Freq: 131.825MHz
Mode: 2 NACKLabel: H1 Block ID: 6, Msg No: D04B
Flight ID: 5C0467 REG: 4X-ICK


Message content:-
#DFBBL.2   00004.000 002 00004.920 001

-------------------------------------------------------[2024-08-07 19:24:38.450]

SOURCE: AIR
RX_ID: 106, Freq: 131.725MHz
Mode: G NACKLabel: 16 Block ID: 6, Msg No: M45A
Flight ID: XSMBU6 REG: 2-BBMB


Message content:-
200118,,2110, 175,N 44.680 E  3.473
-------------------------------------------------------[2024-08-07 20:01:20.507]

