SOURCE: AIR
RX_ID: 181, Freq: 131.825MHz
Mode: 2 NACKLabel: B9 Block ID: 4, Msg No: L05A
Flight ID: QY8000 REG: OE-LNI


Message content:-
/LEBL.TI2/024LEBLA93E5
-------------------------------------------------------[2024-08-05 00:16:17.486]

SOURCE: AIR
RX_ID: 182, Freq: 131.825MHz
Mode: 2 NACKLabel: H1 Block ID: 7, Msg No: F08A
Flight ID: QY8000 REG: OE-LNI


Message content:-
#M1BPOSN43365E004419,,002307,370,NILDU,003511,BISBA,M50,06710,160,7762582
-------------------------------------------------------[2024-08-05 00:23:10.226]

SOURCE: AIR
RX_ID: 183, Freq: 131.825MHz
Mode: 2 NACKLabel: 15 Block ID: 4, Msg No: M33A
Flight ID: BA2066 REG: G-VIIT


Message content:-
FST01DGAAEGKKN433478E0047769380 134 355 M54C 2406335635547411600003230206
-------------------------------------------------------[2024-08-05 02:06:22.019]

SOURCE: AIR
RX_ID: 184, Freq: 131.825MHz
Mode: 2 NACKLabel: B6 Block ID: 5, Msg No: F79A
Flight ID: BA2066 REG: G-VIIT


Message content:-
/QUKAXBA.ADS.G-VIIT071EEAC81B15094706DD9D6D4F
-------------------------------------------------------[2024-08-05 02:07:21.410]

SOURCE: AIR
RX_ID: 185, Freq: 131.825MHz
Mode: 2 NACKLabel: H1 Block ID: 7, Msg No: F80A
Flight ID: BA2066 REG: G-VIIT


Message content:-
#M1BPRG/TS021545,050824/DTEGKK,26L,161,032323,/PR4497,302,380,273,,126,57,,,30,P20,P0,,,,,,,M37C080
-------------------------------------------------------[2024-08-05 02:15:48.107]

SOURCE: AIR
RX_ID: 186, Freq: 131.825MHz
Mode: 2 NACKLabel: H1 Block ID: 8, Msg No: O83A
Flight ID: BA2066 REG: G-VIIT


Message content:-
#10BSB0122BA_G-VIIT  DGAAEGKK631
 44467 0046530214 37995-5300310210H8/9W020047
-------------------------------------------------------[2024-08-05 02:16:01.421]

SOURCE: AIR
RX_ID: 187, Freq: 131.825MHz
Mode: 2 NACKLabel: 15 Block ID: 9, Msg No: M34A
Flight ID: BA2066 REG: G-VIIT


Message content:-
FST01DGAAEGKKN446454E0046083380 123 365 M54C 2002535435546511600003230216
-------------------------------------------------------[2024-08-05 02:16:23.547]

SOURCE: AIR
RX_ID: 188, Freq: 131.825MHz
Mode: 2 NACKLabel: B6 Block ID: 0, Msg No: F81A
Flight ID: BA2066 REG: G-VIIT


Message content:-
/QUKAXBA.ADS.G-VIIT0720310819BD4946D3DE9D753D
-------------------------------------------------------[2024-08-05 02:21:13.743]

SOURCE: AIR
RX_ID: 189, Freq: 131.725MHz
Mode: G NACKLabel: B6 Block ID: 8, Msg No: J10A
Flight ID: AF0863 REG: F-GZCK


Message content:-
/ACCFAYA.ADS.F-GZCK141EBF301D82C9C424AC1D0D1ED8281D7C49C400401FB0381D42C9C400771F
-------------------------------------------------------[2024-08-05 02:39:10.161]

SOURCE: AIR
RX_ID: 190, Freq: 131.725MHz
Mode: G NACKLabel: B6 Block ID: 9, Msg No: J11A
Flight ID: AF0863 REG: F-GZCK


Message content:-
/ACCFAYA.ADS.F-GZCK071EC6181D8149C424F41D0C0464B8DB38200E7F90E300080F005997C008D543
-------------------------------------------------------[2024-08-05 02:39:27.790]

SOURCE: AIR
RX_ID: 191, Freq: 131.725MHz
Mode: G NACKLabel: B6 Block ID: 0, Msg No: J12A
Flight ID: AF0863 REG: F-GZCK


Message content:-
/ACCFAYA.ADS.F-GZCK141ED9481D7C49C3A5C01D0D1FB0381D42C9C402322023E01D2349C40057F4
-------------------------------------------------------[2024-08-05 02:40:19.391]

SOURCE: AIR
RX_ID: 192, Freq: 131.725MHz
Mode: G NACKLabel: B9 Block ID: 1, Msg No: J13A
Flight ID: AF0863 REG: F-GZCK


Message content:-
/LFPG.TI2/000LFPGA9F82
-------------------------------------------------------[2024-08-05 02:40:32.520]

SOURCE: AIR
RX_ID: 193, Freq: 131.725MHz
Mode: G NACKLabel: 2F Block ID: 4, Msg No: M80A
Flight ID: AF0863 REG: F-GZCK


Message content:-
0241+4355+517/40106
DXXX/LFPG/39999//-59/0.81/164517/153868//BULOL  //+51/021
-------------------------------------------------------[2024-08-05 02:41:41.533]

SOURCE: AIR
RX_ID: 194, Freq: 131.725MHz
Mode: G NACKLabel: B6 Block ID: 5, Msg No: J14A
Flight ID: AF0863 REG: F-GZCK


Message content:-
/ACCFAYA.ADS.F-GZCK071F36481D63C9C329941D0C0464B8DB38200E7F88E240000F00419A80009B02
-------------------------------------------------------[2024-08-05 02:44:23.949]

SOURCE: AIR
RX_ID: 195, Freq: 131.725MHz
Mode: G NACKLabel: B9 Block ID: 6, Msg No: J15A
Flight ID: AF0863 REG: F-GZCK


Message content:-
/LFPG.TI2/000LFPGA9F82
-------------------------------------------------------[2024-08-05 02:46:42.188]

SOURCE: AIR
RX_ID: 196, Freq: 131.725MHz
Mode: G NACKLabel: B6 Block ID: 9, Msg No: J16A
Flight ID: AF0863 REG: F-GZCK


Message content:-
/ACCFAYA.ADS.F-GZCK071FA5A01D45C9C3EE341D0C0464B8DB38200E7F88DF80080F00519B0008A078
-------------------------------------------------------[2024-08-05 02:49:19.671]

SOURCE: AIR
RX_ID: 197, Freq: 131.725MHz
Mode: G NACKLabel: B6 Block ID: 0, Msg No: J17A
Flight ID: AF0863 REG: F-GZCK


Message content:-
/ACCFAYA.ADS.F-GZCK141FB1681D42C9C4EEB01D0D2023E01D2349C4012F207A501D0B09C400C36E
-------------------------------------------------------[2024-08-05 02:49:51.196]

SOURCE: AIR
RX_ID: 198, Freq: 131.725MHz
Mode: G NACKLabel: B6 Block ID: 1, Msg No: J18A
Flight ID: AF0863 REG: F-GZCK


Message content:-
/ACCFAYA.ADS.F-GZCK141FC1381D3E49C42F5C1D0D202C301C2EC9C401212077101B5C89C400BCF5
-------------------------------------------------------[2024-08-05 02:50:33.182]

SOURCE: AIR
RX_ID: 199, Freq: 131.725MHz
Mode: G NACKLabel: 2F Block ID: 9, Msg No: M57A
Flight ID: AF0995 REG: F-GZNP


Message content:-
0252+4347+519/38165
FAOR/LFPG/38000/ -01/ -54/0.84/224786/209309/32.0/MOKIP  /LOGNI  / +49/   23
-------------------------------------------------------[2024-08-05 02:52:23.369]

SOURCE: AIR
RX_ID: 200, Freq: 131.725MHz
Mode: G NACKLabel: 26 Block ID: 2, Msg No: M81A
Flight ID: AF0863 REG: F-GZCK


Message content:-
0254DXXXAF0863/050339LFPG26L
-------------------------------------------------------[2024-08-05 02:54:04.125]

SOURCE: AIR
RX_ID: 201, Freq: 131.725MHz
Mode: G NACKLabel: B6 Block ID: 3, Msg No: J19A
Flight ID: AF0863 REG: F-GZCK


Message content:-
/ACCFAYA.ADS.F-GZCK072012D81C7589C3F2D41D0C0464B8DB38200E7B18E0C0000F7C19970000B530
-------------------------------------------------------[2024-08-05 02:54:16.010]

SOURCE: AIR
RX_ID: 202, Freq: 131.725MHz
Mode: G NACKLabel: B6 Block ID: 4, Msg No: J20A
Flight ID: AF0863 REG: F-GZCK


Message content:-
/ACCFAYA.ADS.F-GZCK14202D401C2C49C433F41D0D2077101B5C89C400C820B2081AB509C400674A
-------------------------------------------------------[2024-08-05 02:55:28.715]

SOURCE: AIR
RX_ID: 203, Freq: 131.825MHz
Mode: 2 NACKLabel: H1 Block ID: 1, Msg No: F95A
Flight ID: AA0236 REG: N767AJ


Message content:-
#M2BPOSN44286E004030,OTR-17,034515,370,BEP-18,035033,RET-19,M53,06011,377E219
-------------------------------------------------------[2024-08-05 03:45:17.391]

SOURCE: AIR
RX_ID: 204, Freq: 131.825MHz
Mode: 2 NACKLabel: H1 Block ID: 3, Msg No: F97A
Flight ID: AA0236 REG: N767AJ


Message content:-
#M2BPOSN44022E005242,RET-19,035324,370,KOL-20,040207,RAP-21,M53,03413,35911A0
-------------------------------------------------------[2024-08-05 03:53:26.463]

SOURCE: AIR
RX_ID: 205, Freq: 131.825MHz
Mode: 2 NACKLabel: H1 Block ID: 4, Msg No: D89A
Flight ID: AA0236 REG: N767AJ


Message content:-
#DFBTRP KJFK LIRF 07  8 289   0  0 034253
 45.1080   1.6195369974084804760.0270.024 21.37 129.73 40880-52 217OFF
 44.9890   2.1281369984078004750.0060.004 17.37 113.91 40200-52 217OFF
 44.8671   2.6371369994
-------------------------------------------------------[2024-08-05 03:54:57.380]

SOURCE: AIR
RX_ID: 206, Freq: 131.825MHz
Mode: 2 NACKLabel: H1 Block ID: 5, Msg No: D89B
Flight ID: AA0236 REG: N767AJ


Message content:-
#DFB071604750.0100.005 15.88 105.47 39560-52 217OFF
 44.7411   3.1457369984064804750.0180.014 12.13  95.27 38880-53 217OFF
 44.5901   3.6447369974058404760.0130.010 11.75  70.66 38240-53 217OFF
-------------------------------------------------------[2024-08-05 03:55:04.952]

SOURCE: AIR
RX_ID: 207, Freq: 131.725MHz
Mode: G NACKLabel: H1 Block ID: 3, Msg No: D77A
Flight ID: KL0536 REG: PH-AOE


Message content:-
#DFB(POS-KLM536  -4352N00459E/035819 F380
RMK/FUEL  11.8 M0.81)
-------------------------------------------------------[2024-08-05 03:58:34.469]

SOURCE: AIR
RX_ID: 208, Freq: 131.825MHz
Mode: 2 NACKLabel: H1 Block ID: 6, Msg No: F98A
Flight ID: AA0236 REG: N767AJ


Message content:-
#M2BPOSN43327E006503,KOL-20,040206,370,RAP-21,041320,RAT-22,M53,01922,34021BD
-------------------------------------------------------[2024-08-05 04:02:09.511]

SOURCE: AIR
RX_ID: 209, Freq: 131.725MHz
Mode: G NACKLabel: 16 Block ID: 5, Msg No: M30A
Flight ID: P47578 REG: 5N-BWI


Message content:-
POSA1N45228E  4478,MADOT  ,035819,359,MOPEM  ,041135,,-48, 11, 187,832
-------------------------------------------------------[2024-08-05 04:03:36.771]

SOURCE: AIR
RX_ID: 210, Freq: 131.725MHz
Mode: G NACKLabel: 4H Block ID: 8, Msg No: M66A
Flight ID: DL0232 REG: N173DZ


Message content:-
04044H KJFK LIRN6
  
WPR RESET





-------------------------------------------------------[2024-08-05 04:22:27.064]

SOURCE: AIR
RX_ID: 211, Freq: 131.725MHz
Mode: G NACKLabel: H1 Block ID: 0, Msg No: F40A
Flight ID: DL0232 REG: N173DZ


Message content:-
#M1BREJPOS,042233,130,219,RF101,YAHOO.130,219,RF101,SUPRY.130,219,RF101,N48W040.130,219,RF101,N50W020.130,219,RF101,KORERED05
-------------------------------------------------------[2024-08-05 04:22:36.686]

SOURCE: AIR
RX_ID: 212, Freq: 131.725MHz
Mode: G ACK, A2GLabel: H1 Block ID: 0, Msg No: F40A
Flight ID: DL0232 REG: N173DZ


Message content:-
#M1BREJPOS,042233,130,219,RF101,YAHOO.130,219,RF101,SUPRY.130,219,RF101,N48W040.130,219,RF101,N50W020.130,219,RF101,KORERED05
-------------------------------------------------------[2024-08-05 04:22:37.928]

SOURCE: AIR
RX_ID: 213, Freq: 131.725MHz
Mode: G NACKLabel: H1 Block ID: 0, Msg No: F40A
Flight ID: DL0232 REG: N173DZ


Message content:-
#M1BREJPOS,042233,130,219,RF101,YAHOO.130,219,RF101,SUPRY.130,219,RF101,N48W040.130,219,RF101,N50W020.130,219,RF101,KORERED05
-------------------------------------------------------[2024-08-05 04:22:48.568]

SOURCE: AIR
RX_ID: 214, Freq: 131.725MHz
Mode: G NACKLabel: 39 Block ID: 1, Msg No: M67A
Flight ID: DL0232 REG: N173DZ


Message content:-
040439 KJFK LIRN7
0536                                   
/TCI ????








-------------------------------------------------------[2024-08-05 04:24:50.243]

SOURCE: AIR
RX_ID: 215, Freq: 131.825MHz
Mode: 2 NACKLabel: H1 Block ID: 2, Msg No: F10A
Flight ID: AA0240 REG: N756AM


Message content:-
#M1BPOSN44597E004211,OTR-08,044733,390,BEPER,045305,RETNO,M56,06424,3978126
-------------------------------------------------------[2024-08-05 04:47:35.652]

SOURCE: AIR
RX_ID: 216, Freq: 131.825MHz
Mode: 2 NACKLabel: 5Z Block ID: 3, Msg No: M19A
Flight ID: AA0240 REG: N756AM


Message content:-
OS LIRF /M24
-------------------------------------------------------[2024-08-05 04:52:08.041]

SOURCE: AIR
RX_ID: 217, Freq: 131.725MHz
Mode: G NACKLabel: H1 Block ID: 5, Msg No: F92A
Flight ID: SS0870 REG: F-HZEN


Message content:-
#M1B/ORYCASS ORYCZSS.RESREQ/AK,115/GAORYCASS.ORYCZSS/TS045207,050824F338
-------------------------------------------------------[2024-08-05 04:52:08.440]

SOURCE: AIR
RX_ID: 218, Freq: 131.825MHz
Mode: 2 NACKLabel: 5Z Block ID: 4, Msg No: M20A
Flight ID: AA0240 REG: N756AM


Message content:-
OS LIRF /FMR2522307H
-------------------------------------------------------[2024-08-05 04:52:14.584]

SOURCE: AIR
RX_ID: 219, Freq: 131.825MHz
Mode: 2 NACKLabel: 5Z Block ID: 4, Msg No: M20A
Flight ID: AA0240 REG: N756AM


Message content:-
OS LIRF /FMR2522307H
-------------------------------------------------------[2024-08-05 04:52:40.808]

SOURCE: AIR
RX_ID: 220, Freq: 131.825MHz
Mode: 2 NACKLabel: 5Z Block ID: 4, Msg No: M20A
Flight ID: AA0240 REG: N756AM


Message content:-
OS LIRF /FMR2522307H
-------------------------------------------------------[2024-08-05 04:52:42.235]

SOURCE: AIR
RX_ID: 221, Freq: 131.825MHz
Mode: 2 NACKLabel: 5Z Block ID: 6, Msg No: M21A
Flight ID: AA0240 REG: N756AM


Message content:-
OS LIRF /ALT00000555
-------------------------------------------------------[2024-08-05 04:52:53.094]

SOURCE: AIR
RX_ID: 222, Freq: 131.825MHz
Mode: 2 NACKLabel: H1 Block ID: 9, Msg No: F11A
Flight ID: AA0240 REG: N756AM


Message content:-
#M1BPOSN44367E005115,BEP-09,045308,390,RETNO,045607,KOLON,M57,05327,3863BEA
-------------------------------------------------------[2024-08-05 04:53:10.684]

SOURCE: AIR
RX_ID: 223, Freq: 131.825MHz
Mode: 2 NACKLabel: H1 Block ID: 1, Msg No: D05A
Flight ID: AA0240 REG: N756AM


Message content:-
#DFBTRP KDFW LIRF 07  8 479   0  0 044354
 45.7909   1.7485389983953604810.0240.018 12.25 175.43 42880-54 197OFF
 45.6594   2.2774390033947604810.0190.012 13.00 134.65 42280-54 197OFF
 45.5272   2.7958389993
-------------------------------------------------------[2024-08-05 04:55:58.622]

SOURCE: AIR
RX_ID: 224, Freq: 131.825MHz
Mode: 2 NACKLabel: H1 Block ID: 2, Msg No: D05B
Flight ID: AA0240 REG: N756AM


Message content:-
#DFB941604770.0210.012 14.00 103.01 41680-54 197OFF
 45.3941   3.3043389973935604740.0250.019 19.25  88.24 41080-57 197OFF
 45.2376   3.7917390043929604730.0340.024 23.25  76.99 40480-56 197OFF
-------------------------------------------------------[2024-08-05 04:56:04.984]

SOURCE: AIR
RX_ID: 225, Freq: 131.825MHz
Mode: 2 NACKLabel: H1 Block ID: 3, Msg No: F12A
Flight ID: AA0240 REG: N756AM


Message content:-
#M1BPOSN44228E005376,RETNO,045608,390,KOLON,050503,RAPUR,M57,04826,379FCE5
-------------------------------------------------------[2024-08-05 04:56:11.129]

SOURCE: AIR
RX_ID: 226, Freq: 131.725MHz
Mode: E NACKLabel: H1 Block ID: 2, Msg No: 101A
Flight ID: 6Y06A9 REG: 9H-HYA


Message content:-
#T1BOHMAeJy1lF1vmzAUhv/KxHWwDOb7zuWjVAWCiLt2HVPkNV6GRNIKSKWpyn+fgZB2jundkivD+5z3nJcDb8ora9rqea94ig6gslB2rG3plvHzW6k81RXbdzebUvFKZRmnuFQW5SQJaMeGGzrUDRU6KjQJNDzD8EwXIBs9DuIN7ShX8WK0al5qumctP37n545WdXbY/WTNUMWN1f
-------------------------------------------------------[2024-08-05 04:56:43.898]

SOURCE: AIR
RX_ID: 227, Freq: 131.725MHz
Mode: E NACKLabel: H1 Block ID: 3, Msg No: 101B
Flight ID: 6Y06A9 REG: 9H-HYA


Message content:-
#T1BjbyeB5w+rh4nD8VVfb392EbdgLbbpDwzCv99x0PhcP2jAIikFPm6Z6pbV4Pwlz/KHeB2tcEAu7H+4lbLvquAupdrIRoeNpGkCmNY7IXnlIU3vDwa9p255i493SHeua6uldPFNXiG6U/nlh5/jXaUjGGap929H90znMPT1V3HU5b3wajit5EodRVipX/jVCKuSVVAg1WCo/jot/
-------------------------------------------------------[2024-08-05 04:56:47.592]

SOURCE: AIR
RX_ID: 228, Freq: 131.725MHz
Mode: E NACKLabel: H1 Block ID: 4, Msg No: 101C
Flight ID: 6Y06A9 REG: 9H-HYA


Message content:-
#T1BYZ829ddxJS5oA5gSojjUrGXdHGQj+0uKHzzPw3GqIju9Svi4/c/A/CLqK441/1tyOfZv1/HDOl1m6yInn+fXi6Nkea/xrHEmjGOZwLEsIYKJ0GcI2zUkxE2WhISEaS41QjqfRmZ0xqRuCHHMFLD4YXk372SbQJ8DpB4adIDrCMgKE0smVg0bWIZogBMi7d7kWwHE0o/LrO8lLA
-------------------------------------------------------[2024-08-05 04:56:51.689]

SOURCE: AIR
RX_ID: 229, Freq: 131.725MHz
Mode: E NACKLabel: H1 Block ID: 5, Msg No: 101D
Flight ID: 6Y06A9 REG: 9H-HYA


Message content:-
#T1Bpp/yoEGppnpCNImShYhUlPzaSEXHGM6D54zFYJmUF04CBx8Ih8RiCgW+KukFSb3xIDAeviWZwI+YKYOjBtsa1+sWZNTP5IDNFjIqQmnLCgfUEUuX8bpIHcxAWOdmlyQuZcXFvc9SSMSKYR7McyxEF8c8WAi+v4M8QA0Ja/v3kRrqTD6DqwkLgs74x0Gt0BJrp4LhHx+a7cZTdE
-------------------------------------------------------[2024-08-05 04:56:55.164]

SOURCE: AIR
RX_ID: 230, Freq: 131.725MHz
Mode: E NACKLabel: H1 Block ID: 6, Msg No: 101E
Flight ID: 6Y06A9 REG: 9H-HYA


Message content:-
#T1BaqTN6+Wvbv+pHf9H5fgXw+FugA==
-------------------------------------------------------[2024-08-05 04:56:58.235]

SOURCE: AIR
RX_ID: 231, Freq: 131.825MHz
Mode: 2 NACKLabel: 5U Block ID: 4, Msg No: M22A
Flight ID: AA0240 REG: N756AM


Message content:-
OS LIRF /WXRLIRF
-------------------------------------------------------[2024-08-05 04:58:20.375]

SOURCE: AIR
RX_ID: 232, Freq: 131.825MHz
Mode: 2 NACKLabel: 16 Block ID: 7, Msg No: M23A
Flight ID: AA0240 REG: N756AM


Message content:-
POSA1N44175E  6045,RETNO  ,045609,389,KOLON  ,050503,,-57, 29, 369,834
-------------------------------------------------------[2024-08-05 04:58:58.850]

SOURCE: AIR
RX_ID: 233, Freq: 131.825MHz
Mode: 2 NACKLabel: 5Z Block ID: 8, Msg No: M24A
Flight ID: AA0240 REG: N756AM


Message content:-
OS LIRF /ALT00000555
-------------------------------------------------------[2024-08-05 05:00:29.399]

SOURCE: AIR
RX_ID: 234, Freq: 131.825MHz
Mode: 2 NACKLabel: 5U Block ID: 1, Msg No: M56A
Flight ID: QS2068 REG: OK-SWC


Message content:-
LEMI LEAL-SA
-------------------------------------------------------[2024-08-05 05:26:23.619]

SOURCE: AIR
RX_ID: 235, Freq: 131.725MHz
Mode: G NACKLabel: B9 Block ID: 0, Msg No: L79A
Flight ID: SQ7343 REG: 9V-SFQ


Message content:-
/EHAM.TI2/024EHAMA687E
-------------------------------------------------------[2024-08-05 05:47:43.227]

SOURCE: AIR
RX_ID: 236, Freq: 131.725MHz
Mode: X NACKLabel: H1 Block ID: 4, Msg No: F90A
Flight ID: DL0028 REG: N831MH


Message content:-
#M2BPOSN44298E005046,NISAR,054835,341,XIRBI,055003,DOTIG,M45,3354,246,76016E4
-------------------------------------------------------[2024-08-05 05:48:38.704]

SOURCE: AIR
RX_ID: 237, Freq: 131.725MHz
Mode: X NACKLabel: B9 Block ID: 5, Msg No: L06A
Flight ID: DL0028 REG: N831MH


Message content:-
/LFMN.TI2/024LFMNA426A
-------------------------------------------------------[2024-08-05 05:50:04.939]

SOURCE: AIR
RX_ID: 238, Freq: 131.725MHz
Mode: X NACKLabel: H1 Block ID: 8, Msg No: D33A
Flight ID: DL0028 REG: N831MH


Message content:-
#DFBENGINE BLEED REPORT

AID:N1807  DA:05/08    GMT:05:55    FNO:2133      ISFC: 3281
TAT: 129  SAT: -73   ALT: 18892   MACH:0618    FCNT:  133
GW:296600  FLT:0028-1  MODE:DESC    SID:AK-67-223
S/N L:70700
-------------------------------------------------------[2024-08-05 05:56:13.580]

SOURCE: AIR
RX_ID: 239, Freq: 131.725MHz
Mode: X NACKLabel: H1 Block ID: 9, Msg No: D33B
Flight ID: DL0028 REG: N831MH


Message content:-
#DFB0         DEPART:KJFK    DESTIN:LFMN
S/N R:707000

               ENG L     ENG R
HPSOV          OPN       OPN
PRV            OPN       OPN
PRSOV          OPN       OPN
FAV %            -099      240
-------------------------------------------------------[2024-08-05 05:56:17.276]

SOURCE: AIR
RX_ID: 240, Freq: 131.725MHz
Mode: X NACKLabel: H1 Block ID: 0, Msg No: D33C
Flight ID: DL0028 REG: N831MH


Message content:-
#DFB
N1 SPD          3963     3988
HI STG PRESS    4150     4150
INTERM PRESS1    3066     2703
INTERM PRESS2    3572     2595
STRUT OVHT     NRML      NRML
DUCT PRESS       3050     2600
P-COOL TEMP    
-------------------------------------------------------[2024-08-05 05:56:20.968]

SOURCE: AIR
RX_ID: 241, Freq: 131.725MHz
Mode: X NACKLabel: H1 Block ID: 1, Msg No: D33D
Flight ID: DL0028 REG: N831MH


Message content:-
#DFB37909    38147
PACK HX TEMP    34341    34497
PACK FLOW       10614    10722
WING ANTI ICE  OFF
LT  ISO VLV    CLS
RT  ISO VLV    CLS
CTR ISO VLV    OPN

TRIGGER CODE   0000

STATUS WORDS  DW1  DW
-------------------------------------------------------[2024-08-05 05:56:24.845]

SOURCE: AIR
RX_ID: 242, Freq: 131.725MHz
Mode: X NACKLabel: H1 Block ID: 2, Msg No: D33E
Flight ID: DL0028 REG: N831MH


Message content:-
#DFB2  DW3  DW4  DW5  DW6  DW7  DW8  EICAS
LEFT          0000 0001 0000 0000 0000 0000 1040 0000 0000
RIGHT         0000 0001 0000 0000 0000 0000 1040 0000 0000

-------------------------------------------------------[2024-08-05 05:56:28.945]

SOURCE: AIR
RX_ID: 243, Freq: 131.725MHz
Mode: G NACKLabel: B9 Block ID: 3, Msg No: L80A
Flight ID: SQ7343 REG: 9V-SFQ


Message content:-
/EHAM.TI2/024EHAMA687E
-------------------------------------------------------[2024-08-05 06:00:44.942]

SOURCE: AIR
RX_ID: 244, Freq: 131.825MHz
Mode: 2 NACKLabel: B9 Block ID: 2, Msg No: J28A
Flight ID: WB0710 REG: 9XR-WP


Message content:-
/EGLL.TI2/000EGLLAABB2
-------------------------------------------------------[2024-08-05 06:02:23.467]

SOURCE: AIR
RX_ID: 245, Freq: 131.825MHz
Mode: 2 NACKLabel: H1 Block ID: 5, Msg No: F16A
Flight ID: AA0720 REG: N776AN


Message content:-
#M1BPOSN45104E006374,ROB-25,060751,350,LAP-26,061102,MOGBO,M47,35621,3394169
-------------------------------------------------------[2024-08-05 06:07:52.976]

SOURCE: AIR
RX_ID: 246, Freq: 131.725MHz
Mode: 2 NACKLabel: SA Block ID: 3, Msg No: S31A
Flight ID: VY657V REG: EC-NLX


Message content:-
0EV064000V
-------------------------------------------------------[2024-08-05 06:40:28.829]

SOURCE: AIR
RX_ID: 247, Freq: 131.725MHz
Mode: E NACKLabel: 83 Block ID: 9, Msg No: M06A
Flight ID: UV0001 REG: FHGUI


Message content:-
001PR05083612N4317.1E00545.5106275    
-------------------------------------------------------[2024-08-05 08:36:17.595]

SOURCE: AIR
RX_ID: 248, Freq: 131.725MHz
Mode: 2 ACK, A2GLabel: 18 Block ID: 0, Msg No: M10A
Flight ID: XA0001 REG: 9HXOC


Message content:-
(2/GRA
-------------------------------------------------------[2024-08-05 08:38:27.242]

SOURCE: AIR
RX_ID: 249, Freq: 131.725MHz
Mode: 2 ACK, A2GLabel: 14 Block ID: 2, Msg No: M22A
Flight ID: XA0001 REG: 9HXOC


Message content:-
(2/CTD
-------------------------------------------------------[2024-08-05 08:39:14.163]

SOURCE: AIR
RX_ID: 250, Freq: 131.725MHz
Mode: E ACK, A2GLabel: B1 Block ID: 7, Msg No: M93A
Flight ID: DL0233 REG: N173DZ


Message content:-
/EGGX.OC1/RCL 024
DAL233-BUNAV/1008 M080F3607754
-------------------------------------------------------[2024-08-05 08:42:39.551]

SOURCE: AIR
RX_ID: 251, Freq: 131.725MHz
Mode: E NACKLabel: B1 Block ID: 7, Msg No: M93A
Flight ID: DL0233 REG: N173DZ


Message content:-
/EGGX.OC1/RCL 024
DAL233-BUNAV/1008 M080F3607754
-------------------------------------------------------[2024-08-05 08:42:55.752]

SOURCE: AIR
RX_ID: 252, Freq: 131.725MHz
Mode: E NACKLabel: B2 Block ID: 0, Msg No: M94A
Flight ID: DL0233 REG: N173DZ


Message content:-
/PIKCLYA.OC1/CLA 0846 240805 EGGX
CLRNCE 099
DAL233 CLRD TO KJFK VIA
SEPAL
NAT H
SEPAL 47N015W 47N020W
46N030W 44N040W 43N050W
JEBBY CARAC
FM SEPAL/1008 MNTN F350
M080
ATC/ENTRY POINT CHANGE
LEVEL CH
-------------------------------------------------------[2024-08-05 08:46:56.175]

SOURCE: AIR
RX_ID: 253, Freq: 131.725MHz
Mode: E NACKLabel: B2 Block ID: 1, Msg No: M94B
Flight ID: DL0233 REG: N173DZ


Message content:-
ANGE
END OF MESSAGE7770
-------------------------------------------------------[2024-08-05 08:46:59.465]

SOURCE: AIR
RX_ID: 254, Freq: 131.825MHz
Mode: 2 NACKLabel: 44 Block ID: 4, Msg No: M16A
Flight ID: GS824R REG: CSDLH


Message content:-
06cE5g.7M99C:)Lgg)g. 7C.f7aSaa7aLso7g:g)7g:9`7g`9)7.9,C;
-------------------------------------------------------[2024-08-05 08:49:45.983]

SOURCE: AIR
RX_ID: 255, Freq: 131.725MHz
Mode: E NACKLabel: 4H Block ID: 3, Msg No: M95A
Flight ID: DL0233 REG: N173DZ


Message content:-
05084H LIRN KJFK6
  
WPR RESET





-------------------------------------------------------[2024-08-05 08:50:13.634]

SOURCE: AIR
RX_ID: 256, Freq: 131.725MHz
Mode: E NACKLabel: H1 Block ID: 6, Msg No: F53A
Flight ID: DL0233 REG: N173DZ


Message content:-
#M1BREJPOS,085022,130,219,RF101,TOBGA1A87
-------------------------------------------------------[2024-08-05 08:50:25.918]

SOURCE: AIR
RX_ID: 257, Freq: 131.725MHz
Mode: 2 NACKLabel: B9 Block ID: 1, Msg No: L00A
Flight ID: GS0001 REG: OONEY


Message content:-
/LFBZ.TI2/024LFBZAA1EC
-------------------------------------------------------[2024-08-05 08:51:07.281]

SOURCE: AIR
RX_ID: 258, Freq: 131.725MHz
Mode: 2 NACKLabel: 5U Block ID: 3, Msg No: M06A
Flight ID: GS0001 REG: OONEY


Message content:-
001WX05085202N4316.4E00524.12964490045
024AQ,LFBZ,,,,,,
-------------------------------------------------------[2024-08-05 08:52:04.626]

SOURCE: AIR
RX_ID: 259, Freq: 131.825MHz
Mode: 2 NACKLabel: 5U Block ID: 5, Msg No: M41A
Flight ID: 5Y0569 REG: N861GT


Message content:-
  01 WXRQ   0569/05 VIDP/LEZG .N861GT
/TYP 4/STA LEZG/STA     /STA     
-------------------------------------------------------[2024-08-05 09:05:29.097]

SOURCE: AIR
RX_ID: 260, Freq: 131.725MHz
Mode: E NACKLabel: 4H Block ID: 1, Msg No: M47A
Flight ID: DL0025 REG: N831MH


Message content:-
05094H LFMN KATL6
  
WPR RESET





-------------------------------------------------------[2024-08-05 09:21:28.154]

SOURCE: AIR
RX_ID: 261, Freq: 131.725MHz
Mode: E ACK, A2GLabel: 4H Block ID: 1, Msg No: M47A
Flight ID: DL0025 REG: N831MH


Message content:-
05094H LFMN KATL6
  
WPR RESET





-------------------------------------------------------[2024-08-05 09:21:34.518]

SOURCE: AIR
RX_ID: 262, Freq: 131.725MHz
Mode: E NACKLabel: 4H Block ID: 3, Msg No: M49A
Flight ID: DL0025 REG: N831MH


Message content:-
05094H LFMN KATL6
  
WPR RESET





-------------------------------------------------------[2024-08-05 09:23:21.417]

SOURCE: AIR
RX_ID: 263, Freq: 131.725MHz
Mode: E ACK, A2GLabel: 4H Block ID: 3, Msg No: M49A
Flight ID: DL0025 REG: N831MH


Message content:-
05094H LFMN KATL6
  
WPR RESET





-------------------------------------------------------[2024-08-05 09:23:26.941]

SOURCE: AIR
RX_ID: 264, Freq: 131.725MHz
Mode: E ACK, A2GLabel: 4H Block ID: 3, Msg No: M49A
Flight ID: DL0025 REG: N831MH


Message content:-
05094H LFMN KATL6
  
WPR RESET





-------------------------------------------------------[2024-08-05 09:23:32.680]

SOURCE: AIR
RX_ID: 265, Freq: 131.725MHz
Mode: X NACKLabel: SA Block ID: 5, Msg No: S10A
Flight ID: DL0025 REG: N831MH


Message content:-
0EV092449VS
-------------------------------------------------------[2024-08-05 09:24:50.322]

SOURCE: AIR
RX_ID: 266, Freq: 131.725MHz
Mode: X NACKLabel: H1 Block ID: 6, Msg No: D67A
Flight ID: DL0025 REG: N831MH


Message content:-
#DFB239N1807 0025080524092606811 4498   514307 -4-35285  1XX-223131120
 303 48400823038000309B(LFMNKATL
-------------------------------------------------------[2024-08-05 09:26:18.569]

SOURCE: AIR
RX_ID: 267, Freq: 131.825MHz
Mode: 2 NACKLabel: H1 Block ID: 8, Msg No: F22A
Flight ID: AA0239 REG: N756AM


Message content:-
#M1BPOSN43395E007244,PIG-02,092850,320,BOD-04,093539,KOT-05,M39,0149,200974B1
-------------------------------------------------------[2024-08-05 09:28:53.011]

SOURCE: AIR
RX_ID: 268, Freq: 131.725MHz
Mode: X NACKLabel: 4H Block ID: 8, Msg No: M51A
Flight ID: DL0025 REG: N831MH


Message content:-
05094H LFMN KATL6
  
WPR RESET





-------------------------------------------------------[2024-08-05 09:29:48.495]

SOURCE: AIR
RX_ID: 269, Freq: 131.825MHz
Mode: 2 NACKLabel: H1 Block ID: 0, Msg No: D28B
Flight ID: AA0239 REG: N756AM


Message content:-
#DFB982004870.0060.004 13.50   4.92205200-39 280OFF
 43.1236   9.1873319995972004900.0100.005 15.50  -1.76204200-40 274OFF
 43.2703   8.6737319995962804910.0070.005 11.88   2.46203280-40 274OFF
-------------------------------------------------------[2024-08-05 09:33:37.067]

SOURCE: AIR
RX_ID: 270, Freq: 131.825MHz
Mode: 2 NACKLabel: H1 Block ID: 1, Msg No: F23A
Flight ID: AA0239 REG: N756AM


Message content:-
#M1BPOSN44138E006240,BOD-04,093543,320,KOT-05,094024,ETREK,M39,33510,1988EF31
-------------------------------------------------------[2024-08-05 09:35:45.249]

SOURCE: AIR
RX_ID: 271, Freq: 131.725MHz
Mode: G NACKLabel: 83 Block ID: 5, Msg No: M03A
Flight ID: UV0001 REG: FHGUI


Message content:-
001PR05093928N4326.0E00539.1157194    
-------------------------------------------------------[2024-08-05 09:39:34.045]

SOURCE: AIR
RX_ID: 272, Freq: 131.825MHz
Mode: 2 NACKLabel: H1 Block ID: 2, Msg No: F24A
Flight ID: AA0239 REG: N756AM


Message content:-
#M1BPOSN44369E005422,KOT-05,094024,320,ETREK,094721,NOQAS,M39,0046,19746974
-------------------------------------------------------[2024-08-05 09:40:26.048]

SOURCE: AIR
RX_ID: 273, Freq: 131.725MHz
Mode: G NACKLabel: 44 Block ID: 3, Msg No: M95A
Flight ID: GS0000 REG: FHBAN


Message content:-
04p=G'mVNHHH+H(''HmmXVma'V(w7pVqzkNV':'FV'+HXV\'\FV'''#F
-------------------------------------------------------[2024-08-05 09:46:22.808]

SOURCE: AIR
RX_ID: 274, Freq: 131.825MHz
Mode: 2 NACKLabel: H1 Block ID: 3, Msg No: F25A
Flight ID: AA0239 REG: N756AM


Message content:-
#M1BPOSN45109E004379,ETREK,094721,320,NOQAS,094924,LERGA,M39,1672,1952B1A1
-------------------------------------------------------[2024-08-05 09:47:23.224]

SOURCE: AIR
RX_ID: 275, Freq: 131.825MHz
Mode: 2 NACKLabel: H1 Block ID: 6, Msg No: F26A
Flight ID: AA0239 REG: N756AM


Message content:-
#M1BPOSN45145E004148,NOQ-06,094923,320,LER-07,095152,VAL-08,M39,1965,1946C2A1
-------------------------------------------------------[2024-08-05 09:49:26.508]

SOURCE: AIR
RX_ID: 276, Freq: 131.825MHz
Mode: 2 NACKLabel: 5U Block ID: 9, Msg No: M40A
Flight ID: AA0235 REG: N767AJ


Message content:-
OS KJFK /WXALFPG
-------------------------------------------------------[2024-08-05 09:58:25.138]

SOURCE: AIR
RX_ID: 277, Freq: 131.825MHz
Mode: 2 NACKLabel: SA Block ID: 3, Msg No: S80A
Flight ID: LH06LM REG: D-AXGB


Message content:-
0LH095834VS
-------------------------------------------------------[2024-08-05 09:58:36.219]

SOURCE: AIR
RX_ID: 278, Freq: 131.825MHz
Mode: 2 NACKLabel: 5U Block ID: 4, Msg No: M41A
Flight ID: AA0235 REG: N767AJ


Message content:-
OS KJFK /WXALEMD
-------------------------------------------------------[2024-08-05 10:00:24.361]

SOURCE: AIR
RX_ID: 279, Freq: 131.725MHz
Mode: G NACKLabel: 44 Block ID: 6, Msg No: M98A
Flight ID: GS0000 REG: FHBAN


Message content:-
05JO4jd)]udduCXjjo9jx)xdB)Xh_J)}"/])jejC)xjjx)xjje)jjj7u
-------------------------------------------------------[2024-08-05 10:01:22.516]

SOURCE: AIR
RX_ID: 280, Freq: 131.825MHz
Mode: 2 NACKLabel: 1L Block ID: 5, Msg No: M53A
Flight ID: LH06LM REG: D-AXGB


Message content:-
00045226778)VO3HBJUU4L+EO2
-------------------------------------------------------[2024-08-05 10:02:39.531]

SOURCE: AIR
RX_ID: 281, Freq: 131.825MHz
Mode: 2 NACKLabel: 5Z Block ID: 0, Msg No: M42A
Flight ID: AA0235 REG: N767AJ


Message content:-
OS KJFK /FTM
THANK YOU
-------------------------------------------------------[2024-08-05 10:02:53.430]

SOURCE: AIR
RX_ID: 282, Freq: 131.825MHz
Mode: 2 NACKLabel: 5Z Block ID: 0, Msg No: M42A
Flight ID: AA0235 REG: N767AJ


Message content:-
OS KJFK /FTM
THANK YOU
-------------------------------------------------------[2024-08-05 10:03:03.484]

SOURCE: AIR
RX_ID: 283, Freq: 131.725MHz
Mode: X NACKLabel: 20 Block ID: 0, Msg No: M17A
Flight ID: KL0591 REG: PH-BVN


Message content:-
RST07A05100400KLM591  EHAMFAOR
-------------------------------------------------------[2024-08-05 10:04:30.929]

SOURCE: AIR
RX_ID: 284, Freq: 131.725MHz
Mode: G NACKLabel: H1 Block ID: 4, Msg No: D43A
Flight ID: DL0024 REG: N830MH


Message content:-
#DFBENGINE BLEED REPORT

AID:N1806  DA:05/08    GMT:10:50    FNO:1161      ISFC:  124
TAT: 227  SAT: -50   ALT: 17996   MACH:0721    FCNT:  198
GW:288280  FLT:0024-1  MODE:DESC    SID:AK-67-223
S/N L:70700
-------------------------------------------------------[2024-08-05 10:50:34.125]

SOURCE: AIR
RX_ID: 285, Freq: 131.725MHz
Mode: G NACKLabel: H1 Block ID: 5, Msg No: D43B
Flight ID: DL0024 REG: N830MH


Message content:-
#DFB0         DEPART:KATL    DESTIN:LFMN
S/N R:707000

               ENG L     ENG R
HPSOV          OPN       OPN
PRV            OPN       OPN
PRSOV          OPN       OPN
FAV %            1059     1551
-------------------------------------------------------[2024-08-05 10:50:37.596]

SOURCE: AIR
RX_ID: 286, Freq: 131.725MHz
Mode: G NACKLabel: H1 Block ID: 6, Msg No: D43C
Flight ID: DL0024 REG: N830MH


Message content:-
#DFB
N1 SPD          4250     4225
HI STG PRESS    4700     4650
INTERM PRESS1    2813     3595
INTERM PRESS2    3503     3509
STRUT OVHT     NRML      NRML
DUCT PRESS       2750     2750
P-COOL TEMP    
-------------------------------------------------------[2024-08-05 10:50:54.198]

SOURCE: AIR
RX_ID: 287, Freq: 131.725MHz
Mode: G NACKLabel: H1 Block ID: 7, Msg No: D43D
Flight ID: DL0024 REG: N830MH


Message content:-
#DFB36291    36594
PACK HX TEMP    33838    32628
PACK FLOW       11828    13338
WING ANTI ICE  OFF
LT  ISO VLV    CLS
RT  ISO VLV    CLS
CTR ISO VLV    OPN

TRIGGER CODE   0000

STATUS WORDS  DW1  DW
-------------------------------------------------------[2024-08-05 10:50:58.512]

SOURCE: AIR
RX_ID: 288, Freq: 131.725MHz
Mode: G NACKLabel: H1 Block ID: 8, Msg No: D43E
Flight ID: DL0024 REG: N830MH


Message content:-
#DFB2  DW3  DW4  DW5  DW6  DW7  DW8  EICAS
LEFT          0000 0001 0000 0000 0000 0000 1040 0000 0000
RIGHT         0000 0001 0000 0000 0000 0000 1040 0000 0000

-------------------------------------------------------[2024-08-05 10:51:01.987]

SOURCE: AIR
RX_ID: 289, Freq: 131.725MHz
Mode: X NACKLabel: H1 Block ID: 5, Msg No: D57C
Flight ID: SN037K REG: OO-SFH


Message content:-
#DFB455,1.455,079.36,087.5,088.6,0657,07.774,03220,08.90
S1,05.29,-18.5,036.8,191.8,157.2,470.9,08.7,057.7,025.6,30,146
S2,05.29,-18.5,037.0,192.0,154.7,466.3,08.7,057.9,030.0,30,138
T1,083,102,112.3,016.3,0
-------------------------------------------------------[2024-08-05 11:12:28.349]

SOURCE: AIR
RX_ID: 290, Freq: 131.725MHz
Mode: X NACKLabel: H1 Block ID: 5, Msg No: D57C
Flight ID: SN037K REG: OO-SFH


Message content:-
#DFB455,1.455,079.36,087.5,088.6,0657,07.774,03220,08.90
S1,05.29,-18.5,036.8,191.8,157.2,470.9,08.7,057.7,025.6,30,146
S2,05.29,-18.5,037.0,192.0,154.7,466.3,08.7,057.9,030.0,30,138
T1,083,102,112.3,016.3,0
-------------------------------------------------------[2024-08-05 11:12:38.809]

SOURCE: AIR
RX_ID: 291, Freq: 131.725MHz
Mode: X NACKLabel: H1 Block ID: 6, Msg No: D57D
Flight ID: SN037K REG: OO-SFH


Message content:-
#DFB47.5,0.25,0.11,0.08,297,0.32,013.9
T2,075,094,114.7,024.1,047.2,0.18,0.08,0.18,359,0.25,014.0
V1,0449,0383
V2,0438,0383
NO STABLE FRAME CONDITION   :

-------------------------------------------------------[2024-08-05 11:12:42.501]

SOURCE: AIR
RX_ID: 292, Freq: 131.725MHz
Mode: X NACKLabel: H1 Block ID: 8, Msg No: D58B
Flight ID: SN037K REG: OO-SFH


Message content:-
#DFB.3,35001,0.805,111
C5,041535,00101,30157,00018,00443,10016,00000,00402,16066,369
C6,041004,69681,13714,26473,00443,10015,00000,00402,16066
N1,1.467,1.466,079.85,087.6,089.1,0659,07.847,03289,08.98
N2,1.
-------------------------------------------------------[2024-08-05 11:19:45.020]

SOURCE: AIR
RX_ID: 293, Freq: 131.725MHz
Mode: X NACKLabel: H1 Block ID: 2, Msg No: D59B
Flight ID: SN037K REG: OO-SFH


Message content:-
#DFB.3,35001,0.805,111
C5,041535,00101,30157,00018,00443,10016,00000,00402,16066,371
C6,041004,69681,13714,26473,00443,10015,00000,00402,16066,369
N1,1.467,1.466,079.85,087.6,089.1,0659,07.847,03289,08.98
N
-------------------------------------------------------[2024-08-05 11:20:08.134]

SOURCE: AIR
RX_ID: 294, Freq: 131.825MHz
Mode: 2 NACKLabel: H1 Block ID: 3, Msg No: F20C
Flight ID: AA0721 REG: N776AN


Message content:-
#M1B./DQ3207931
-------------------------------------------------------[2024-08-05 11:30:54.122]

SOURCE: AIR
RX_ID: 295, Freq: 131.825MHz
Mode: 2 ACK, A2GLabel: H1 Block ID: 2, Msg No: F22A
Flight ID: AA0721 REG: N776AN


Message content:-
#M1BRESPWI/AC,0858A2F
-------------------------------------------------------[2024-08-05 11:31:57.615]

SOURCE: AIR
RX_ID: 296, Freq: 131.825MHz
Mode: 2 NACKLabel: H1 Block ID: 4, Msg No: D02A
Flight ID: AA0721 REG: N776AN


Message content:-
#DFBTRP LIRF KCLT 07  8  89   0  0 112226
 42.5657  10.2971259526101204770.0230.016 20.50  -8.44200320-23 361OFF
 42.8374   9.9172285936086804950.0080.004 19.37 -15.82198880-30 321OFF
 43.0450   9.4525310886
-------------------------------------------------------[2024-08-05 11:34:29.797]

SOURCE: AIR
RX_ID: 297, Freq: 131.825MHz
Mode: 2 NACKLabel: H1 Block ID: 6, Msg No: F25A
Flight ID: AA0721 REG: N776AN


Message content:-
#M1BPOSN44124E006224,BOD-03,113510,320,KOT-04,113945,ETREK,M39,3056,1913C1B0
-------------------------------------------------------[2024-08-05 11:35:13.210]

SOURCE: AIR
RX_ID: 298, Freq: 131.825MHz
Mode: 2 NACKLabel: B6 Block ID: 6, Msg No: F84A
Flight ID: BA0082 REG: G-VIID


Message content:-
/QUKAXBA.ADS.G-VIID071EACB01D3B084D26D49D1BB2
-------------------------------------------------------[2024-08-05 11:41:27.053]

SOURCE: AIR
RX_ID: 299, Freq: 131.525MHz
Mode: T NACKLabel: 2Z Block ID: 7, Msg No: M57A
Flight ID: AF7464 REG: F-GMZE


Message content:-
LFMT
-------------------------------------------------------[2024-08-05 11:44:02.724]

SOURCE: AIR
RX_ID: 300, Freq: 131.825MHz
Mode: 2 NACKLabel: SA Block ID: 7, Msg No: S35A
Flight ID: BA0082 REG: G-VIID


Message content:-
0LS114507V
-------------------------------------------------------[2024-08-05 11:45:09.471]

SOURCE: AIR
RX_ID: 301, Freq: 131.825MHz
Mode: 2 NACKLabel: H1 Block ID: 9, Msg No: F85A
Flight ID: BA0082 REG: G-VIID


Message content:-
#M2BREJREQ,114539,101,,001,/TS114539,0508243E08
-------------------------------------------------------[2024-08-05 11:45:43.270]

SOURCE: AIR
RX_ID: 302, Freq: 131.825MHz
Mode: 2 NACKLabel: H1 Block ID: 8, Msg No: F26A
Flight ID: AA0721 REG: N776AN


Message content:-
#M1BPOSN45089E004358,ETR-05,114638,320,NOQ-06,114826,LER-07,M39,2118,1876E1C1
-------------------------------------------------------[2024-08-05 11:46:40.432]

SOURCE: AIR
RX_ID: 303, Freq: 131.825MHz
Mode: 2 NACKLabel: H1 Block ID: 1, Msg No: O25A
Flight ID: BA0082 REG: G-VIID


Message content:-
#10BSB0122BA_G-VIID  DNAAEGLL310
 43798 0049801146 34000-440149004010NXW008010
-------------------------------------------------------[2024-08-05 11:47:32.845]

SOURCE: AIR
RX_ID: 304, Freq: 131.825MHz
Mode: 2 NACKLabel: 15 Block ID: 2, Msg No: M94A
Flight ID: BA0082 REG: G-VIID


Message content:-
FST01DNAAEGLLN439706E0049332340 135 318 M44C  415235035147511600013041147
-------------------------------------------------------[2024-08-05 11:47:52.743]

SOURCE: AIR
RX_ID: 305, Freq: 131.725MHz
Mode: G NACKLabel: 15 Block ID: 3, Msg No: M42A
Flight ID: TS0435 REG: C-GUFU


Message content:-
/FOB REMAINING 16755,/SUPPLIER ,/DENSITY 0794,/LOADED ,/UNITS LT
-------------------------------------------------------[2024-08-05 11:48:04.592]

SOURCE: AIR
RX_ID: 306, Freq: 131.825MHz
Mode: 2 NACKLabel: H1 Block ID: 9, Msg No: F27A
Flight ID: AA0721 REG: N776AN


Message content:-
#M1BPOSN45175E004184,NOQ-06,114826,320,LER-07,115038,VALKU,M39,1889,1870BAEA
-------------------------------------------------------[2024-08-05 11:48:29.387]

SOURCE: AIR
RX_ID: 307, Freq: 131.725MHz
Mode: G NACKLabel: 16 Block ID: 5, Msg No: M43A
Flight ID: TS0435 REG: C-GUFU


Message content:-
115130,6207,1956,1088,N 43.463,E  4.952
-------------------------------------------------------[2024-08-05 11:51:36.398]

SOURCE: AIR
RX_ID: 308, Freq: 131.825MHz
Mode: 2 NACKLabel: B9 Block ID: 3, Msg No: M95A
Flight ID: BA0082 REG: G-VIID


Message content:-
046EGLLA
-------------------------------------------------------[2024-08-05 11:55:14.300]

SOURCE: AIR
RX_ID: 309, Freq: 131.825MHz
Mode: 2 NACKLabel: B9 Block ID: 3, Msg No: M95A
Flight ID: BA0082 REG: G-VIID


Message content:-
046EGLLA
-------------------------------------------------------[2024-08-05 11:55:29.876]

SOURCE: AIR
RX_ID: 310, Freq: 131.825MHz
Mode: 2 NACKLabel: B6 Block ID: 4, Msg No: F88A
Flight ID: BA0082 REG: G-VIID


Message content:-
/QUKAXBA.ADS.G-VIID071FF4D01AE8C84D33D51D9615
-------------------------------------------------------[2024-08-05 11:55:46.882]

SOURCE: AIR
RX_ID: 311, Freq: 131.725MHz
Mode: X NACKLabel: 16 Block ID: 0, Msg No: M38A
Flight ID: 4X15AC REG: 9H-MLD


Message content:-
120156,37019,1301,   4,N 43.818 E  5.065
-------------------------------------------------------[2024-08-05 12:01:58.188]

SOURCE: AIR
RX_ID: 312, Freq: 131.725MHz
Mode: G NACKLabel: 20 Block ID: 4, Msg No: M13A
Flight ID: KL0537 REG: PH-AOF


Message content:-
RST36A05120612KLM537  EHAMHRYR
-------------------------------------------------------[2024-08-05 12:06:16.895]

SOURCE: AIR
RX_ID: 313, Freq: 131.725MHz
Mode: X NACKLabel: 44 Block ID: 8, Msg No: M19A
Flight ID: GS0000 REG: YLARE


Message content:-
04p=G'mVNHHma+(''HHF+VmX:V(wqzVqzDZV':'FV\!\+V\!F!V'':#m
-------------------------------------------------------[2024-08-05 12:19:39.627]

SOURCE: AIR
RX_ID: 314, Freq: 131.725MHz
Mode: X NACKLabel: 44 Block ID: 9, Msg No: M20A
Flight ID: GS0000 REG: YLARE


Message content:-
02N;E,0Irm00)]X,,Qmm,I3]-IXOv*Iv*ehI,A,QI3--)I3-mAI,,AT,
-------------------------------------------------------[2024-08-05 12:29:39.799]

SOURCE: AIR
RX_ID: 315, Freq: 131.825MHz
Mode: 2 NACKLabel: 16 Block ID: 1, Msg No: M88A
Flight ID: FR72JF REG: EI-DCR


Message content:-
125443,,1409, 116,N   .    MMMM.MMM
-------------------------------------------------------[2024-08-05 12:54:45.627]

SOURCE: AIR
RX_ID: 316, Freq: 131.825MHz
Mode: 2 NACKLabel: 1L Block ID: 5, Msg No: M23A
Flight ID: LH03TM REG: D-AXGB


Message content:-
00017203778)VO35BJUU4L+OYY
-------------------------------------------------------[2024-08-05 13:03:50.851]

SOURCE: AIR
RX_ID: 317, Freq: 131.825MHz
Mode: 2 NACKLabel: 1L Block ID: 6, Msg No: M24A
Flight ID: LH03TM REG: D-AXGB


Message content:-
00018234236H49B7TOT4BB:UG7YYL+E2LF
-------------------------------------------------------[2024-08-05 13:03:56.378]

SOURCE: AIR
RX_ID: 318, Freq: 131.825MHz
Mode: 2 NACKLabel: 1L Block ID: 8, Msg No: M25A
Flight ID: LH03TM REG: D-AXGB


Message content:-
00019209235KOY+-2MEEOO006J*SM5MJ9UEMP50YYMS55+8O,D89V7STIVMKG+,K
-------------------------------------------------------[2024-08-05 13:05:00.903]

SOURCE: AIR
RX_ID: 319, Freq: 131.725MHz
Mode: G NACKLabel: 83 Block ID: 5, Msg No: M03A
Flight ID: UV0001 REG: FHGUI


Message content:-
001PR05130924N4323.4E00541.1120247    
-------------------------------------------------------[2024-08-05 13:09:30.430]

SOURCE: AIR
RX_ID: 320, Freq: 131.525MHz
Mode: T NACKLabel: 2F Block ID: 9, Msg No: M14A
Flight ID: AF1584 REG: F-GTAD


Message content:-
1324+4464+551/3373
-------------------------------------------------------[2024-08-05 13:24:19.452]

SOURCE: AIR
RX_ID: 321, Freq: 131.525MHz
Mode: T NACKLabel: B9 Block ID: 0, Msg No: L04A
Flight ID: AF1584 REG: F-GTAD


Message content:-
/DTTA.TI2/064DTTAABA82
-------------------------------------------------------[2024-08-05 13:25:09.044]

SOURCE: AIR
RX_ID: 322, Freq: 131.825MHz
Mode: 2 NACKLabel: H1 Block ID: 7, Msg No: F24A
Flight ID: AA0289 REG: N791AN


Message content:-
#M1BPOSN44139E006241,BOD-02,133015,320,KOT-03,133448,ETREK,M38,2631,19449DC8
-------------------------------------------------------[2024-08-05 13:30:17.452]

SOURCE: AIR
RX_ID: 323, Freq: 131.525MHz
Mode: T NACKLabel: 26 Block ID: 1, Msg No: M15A
Flight ID: AF1584 REG: F-GTAD


Message content:-
1331LFPGAF1584/051438DTTA29 
-------------------------------------------------------[2024-08-05 13:31:27.493]

SOURCE: AIR
RX_ID: 324, Freq: 131.725MHz
Mode: G NACKLabel: 2F Block ID: 1, Msg No: M75A
Flight ID: AF7465 REG: F-GMZE


Message content:-
1333+4486+449/2559
-------------------------------------------------------[2024-08-05 13:33:01.917]

SOURCE: AIR
RX_ID: 325, Freq: 131.825MHz
Mode: 2 NACKLabel: H1 Block ID: 8, Msg No: F25A
Flight ID: AA0289 REG: N791AN


Message content:-
#M1BPOSN44370E005422,KOT-03,133448,340,ETREK,134140,NOQAS,M44,1432,192762D0
-------------------------------------------------------[2024-08-05 13:34:50.462]

SOURCE: AIR
RX_ID: 326, Freq: 131.725MHz
Mode: G NACKLabel: B9 Block ID: 2, Msg No: L08A
Flight ID: AF7465 REG: F-GMZE


Message content:-
/LFPG.TI2/064LFPGA3806
-------------------------------------------------------[2024-08-05 13:35:23.229]

SOURCE: AIR
RX_ID: 327, Freq: 131.525MHz
Mode: T NACKLabel: 2F Block ID: 2, Msg No: M16A
Flight ID: AF1584 REG: F-GTAD


Message content:-
1339+4293+685/3364
-------------------------------------------------------[2024-08-05 13:39:21.605]

SOURCE: AIR
RX_ID: 328, Freq: 131.825MHz
Mode: 2 NACKLabel: H1 Block ID: 9, Msg No: F26A
Flight ID: AA0289 REG: N791AN


Message content:-
#M1BPOSN45095E004365,ETR-04,134142,340,NOQ-05,134332,LER-06,M44,18312,1906DDE7
-------------------------------------------------------[2024-08-05 13:41:44.563]

SOURCE: AIR
RX_ID: 329, Freq: 131.825MHz
Mode: 2 NACKLabel: H1 Block ID: 1, Msg No: D11A
Flight ID: AA0289 REG: N791AN


Message content:-
#DFBTRP LIRF KDFW 07  8 234   0  0 133159
 43.4384   7.9965319985944805010.0120.007  6.00 -44.65197560-38 275OFF
 43.6096   7.4850319995935204970.0280.004  2.88-131.13196640-38 274OFF
 43.8628   7.0355319985
-------------------------------------------------------[2024-08-05 13:44:03.425]

SOURCE: AIR
RX_ID: 330, Freq: 131.825MHz
Mode: 2 NACKLabel: H1 Block ID: 2, Msg No: D11B
Flight ID: AA0289 REG: N791AN


Message content:-
#DFB926004980.0050.004  2.13 -71.72195680-39 275OFF
 44.1177   6.5853319985916404990.0160.008  0.87 -64.34194760-39 275OFF
 44.3724   6.1297319985907204990.0150.011  2.00 160.66193800-39 275OFF
-------------------------------------------------------[2024-08-05 13:44:10.814]

SOURCE: AIR
RX_ID: 331, Freq: 131.725MHz
Mode: G NACKLabel: B1 Block ID: 9, Msg No: L09A
Flight ID: DL0029 REG: N830MH


Message content:-
/PIKCLXS.OC1/RCL 024
DAL29-SEPAL/1515 M081F320
-RMK/MAX F3301C81
-------------------------------------------------------[2024-08-05 13:53:54.281]

SOURCE: AIR
RX_ID: 332, Freq: 131.725MHz
Mode: G NACKLabel: 4H Block ID: 1, Msg No: M17A
Flight ID: DL0029 REG: N830MH


Message content:-
05134H LFMN KJFK6
  
WPR RESET





-------------------------------------------------------[2024-08-05 13:54:01.048]

SOURCE: AIR
RX_ID: 333, Freq: 131.725MHz
Mode: G NACKLabel: B2 Block ID: 5, Msg No: M21A
Flight ID: DL0029 REG: N830MH


Message content:-
/PIKCLYA.OC1/CLA 1354 240805 EGGX
CLRNCE 504
DAL29 CLRD TO KJFK VIA
SEPAL
NAT H
SEPAL 47N015W 47N020W
46N030W 44N040W 43N050W
JEBBY CARAC
FM SEPAL/1515 MNTN F330
M081
ATC/LEVEL CHANGE
END OF MESSAGEE
-------------------------------------------------------[2024-08-05 13:55:07.607]

SOURCE: AIR
RX_ID: 334, Freq: 131.725MHz
Mode: G NACKLabel: B2 Block ID: 6, Msg No: M21B
Flight ID: DL0029 REG: N830MH


Message content:-
0F1
-------------------------------------------------------[2024-08-05 13:55:10.864]

SOURCE: AIR
RX_ID: 335, Freq: 131.725MHz
Mode: E NACKLabel: 83 Block ID: 6, Msg No: M03A
Flight ID: UV0001 REG: DCEFE


Message content:-
001PR05135525N4344.5E00507.1350441    
-------------------------------------------------------[2024-08-05 13:55:30.318]

SOURCE: AIR
RX_ID: 336, Freq: 131.725MHz
Mode: G NACKLabel: H1 Block ID: 8, Msg No: D58A
Flight ID: DL0029 REG: N830MH


Message content:-
#DFB239N1806 0029080524135603797 4488   541317 -9-39171  6XX-223116800
 291 47901032900000B0NXWLFMNKJFK
-------------------------------------------------------[2024-08-05 13:56:12.304]

SOURCE: AIR
RX_ID: 337, Freq: 131.725MHz
Mode: 2 NACKLabel: 15 Block ID: 7, Msg No: M26A
Flight ID: ZD0001 REG: CSDTR


Message content:-
(2N44396E  4474164 16359-49(Z
-------------------------------------------------------[2024-08-05 13:59:31.982]

SOURCE: AIR
RX_ID: 338, Freq: 131.725MHz
Mode: G NACKLabel: H1 Block ID: 9, Msg No: F98A
Flight ID: DL0029 REG: N830MH


Message content:-
#M2BPOSN45022E004330,ETR03,140051,320,NOQ04,140252,LERGA,M40,17811,1174,8103DAA
-------------------------------------------------------[2024-08-05 14:00:54.123]

SOURCE: AIR
RX_ID: 339, Freq: 131.725MHz
Mode: 2 NACKLabel: 15 Block ID: 8, Msg No: M27A
Flight ID: ZD0001 REG: CSDTR


Message content:-
(2N43484E  6018293 16169- 2(Z
-------------------------------------------------------[2024-08-05 14:09:30.627]

SOURCE: AIR
RX_ID: 340, Freq: 131.725MHz
Mode: E NACKLabel: 44 Block ID: 6, Msg No: M64A
Flight ID: GS0000 REG: FHBAN


Message content:-
04D=@'mVNHH\Fa(''X!!XV!+\VqzkNVqzp7V':'FV\HmmV\F!FV'''#:
-------------------------------------------------------[2024-08-05 14:33:56.832]

SOURCE: AIR
RX_ID: 341, Freq: 131.725MHz
Mode: E NACKLabel: 44 Block ID: 2, Msg No: M70A
Flight ID: GS0000 REG: FHBAN


Message content:-
07]y$.0)Emm0U<]..U.k<)0..) 6-E) 6*x).D.<);m0U);<;k)...+D
-------------------------------------------------------[2024-08-05 14:37:02.988]

SOURCE: AIR
RX_ID: 342, Freq: 131.725MHz
Mode: X NACKLabel: 16 Block ID: 1, Msg No: M51A
Flight ID: 4X54KT REG: 9H-MLD


Message content:-
150202,28011,1601,   5,N 43.493 E  6.958
-------------------------------------------------------[2024-08-05 15:02:04.190]

SOURCE: AIR
RX_ID: 343, Freq: 131.525MHz
Mode: T NACKLabel: 2Z Block ID: 2, Msg No: M08A
Flight ID: AF7338 REG: F-GMZC


Message content:-
LFML
-------------------------------------------------------[2024-08-05 16:02:03.802]

SOURCE: AIR
RX_ID: 344, Freq: 131.525MHz
Mode: T NACKLabel: 2F Block ID: 3, Msg No: M09A
Flight ID: AF7338 REG: F-GMZC


Message content:-
1604+4444+483/2146
-------------------------------------------------------[2024-08-05 16:04:43.329]

SOURCE: AIR
RX_ID: 345, Freq: 131.525MHz
Mode: T NACKLabel: 2F Block ID: 3, Msg No: M09A
Flight ID: AF7338 REG: F-GMZC


Message content:-
1604+4444+483/2146
-------------------------------------------------------[2024-08-05 16:05:05.058]

SOURCE: AIR
RX_ID: 346, Freq: 131.525MHz
Mode: 2 NACKLabel: 2F Block ID: 3, Msg No: M09A
Flight ID: AF7338 REG: F-GMZC


Message content:-
1604+4444+483/2146
-------------------------------------------------------[2024-08-05 16:05:13.649]

SOURCE: AIR
RX_ID: 347, Freq: 131.525MHz
Mode: 2 NACKLabel: 2F Block ID: 3, Msg No: M09A
Flight ID: AF7338 REG: F-GMZC


Message content:-
1604+4444+483/2146
-------------------------------------------------------[2024-08-05 16:05:25.715]

SOURCE: AIR
RX_ID: 348, Freq: 131.525MHz
Mode: T NACKLabel: 26 Block ID: 5, Msg No: M10A
Flight ID: AF7338 REG: F-GMZC


Message content:-
1607LFPGAF7338/051620LFML31R
-------------------------------------------------------[2024-08-05 16:07:41.724]

SOURCE: AIR
RX_ID: 349, Freq: 131.725MHz
Mode: 2 NACKLabel: 26 Block ID: 5, Msg No: M10A
Flight ID: AF7338 REG: F-GMZC


Message content:-
1607LFPGAF7338/051620LFML31R
-------------------------------------------------------[2024-08-05 16:08:47.052]

SOURCE: AIR
RX_ID: 350, Freq: 131.725MHz
Mode: X NACKLabel: H1 Block ID: 6, Msg No: D91A
Flight ID: AF7338 REG: F-GMZC


Message content:-
#DFBA01/A32101,1,1/CCF-GMZC,AUG05,154700,LFPG,LFML,0015/C106,40239,5000,54,0010,0,0100,54,X/CEN047,28986,297,769,7264,232,C53025/EC699257,00945,07050,00937,73,07/EE575645,00945,09461,00937,73/N10867,0867,0959,6
-------------------------------------------------------[2024-08-05 16:10:02.424]

SOURCE: AIR
RX_ID: 351, Freq: 131.725MHz
Mode: X NACKLabel: H1 Block ID: 7, Msg No: D91B
Flight ID: AF7338 REG: F-GMZC


Message content:-
#DFB520,1599,XXXXX/N20867,0867,0957,6417,1567,XXXXX/S1XXXXX,0904,1584,4611,XXXX,032,000/S2XXXXX,0870,1577,4632,XXXX,028,001/T1086,086,025,43,113,06864,0257/T2087,087,016,43,097,06797,0221/V102,03,251,092,02,01,
-------------------------------------------------------[2024-08-05 16:10:06.702]

SOURCE: AIR
RX_ID: 352, Freq: 131.725MHz
Mode: X NACKLabel: H1 Block ID: 8, Msg No: D91C
Flight ID: AF7338 REG: F-GMZC


Message content:-
#DFB00000/V205,06,131,160,04,00,00000/V306,06,036,180,0608/V403,01,260,074,0612/V503,04,303,073,0916/V611,00,112,208,0916/V7046,087,00081,22222222222111/V8044,088,00061,22222222222111,/
-------------------------------------------------------[2024-08-05 16:10:11.016]

SOURCE: AIR
RX_ID: 353, Freq: 131.725MHz
Mode: X NACKLabel: H1 Block ID: 0, Msg No: D92A
Flight ID: AF7338 REG: F-GMZC


Message content:-
#DFBA02/A32102,1,1/CCF-GMZC,AUG05,154701,LFPG,LFML,0015/C106,40301,5000,54,0010,0,0100,54,X/CEN046,29000,297,769,7268,232,C53025/CNN045,29007,297,768,7267,232/EC699257,00945,07050,00937,73,12,06/EE575645,00945,
-------------------------------------------------------[2024-08-05 16:10:38.664]

SOURCE: AIR
RX_ID: 354, Freq: 131.725MHz
Mode: X NACKLabel: H1 Block ID: 1, Msg No: D92B
Flight ID: AF7338 REG: F-GMZC


Message content:-
#DFB09461,00937,73/N10867,0867,0959,6520,1599,XXXXX/N20867,0867,0957,6417,1568,XXXXX/S1XXXXX,0904,1584,4611,XXXX,032,000/S2XXXXX,0870,1578,4633,XXXX,028,001/T1086,086,025,43,113,06864,0257/T2087,087,016,43,097,
-------------------------------------------------------[2024-08-05 16:10:42.138]

SOURCE: AIR
RX_ID: 355, Freq: 131.725MHz
Mode: X NACKLabel: H1 Block ID: 2, Msg No: D92C
Flight ID: AF7338 REG: F-GMZC


Message content:-
#DFB06796,0221/V102,03,251,092,02,01,00000/V205,06,131,159,04,00,00000/V306,06,036,180,0608/V403,01,260,074,0612/V503,04,303,073,0916/V611,00,112,208,0916/V7046,087,00081,22222222222111/V8044,088,00061,22222222
-------------------------------------------------------[2024-08-05 16:10:45.614]

SOURCE: AIR
RX_ID: 356, Freq: 131.725MHz
Mode: X NACKLabel: H1 Block ID: 3, Msg No: D92D
Flight ID: AF7338 REG: F-GMZC


Message content:-
#DFB222111/X102656,N000,0015,N004,N0007,N017/X202794,N000,0015,N004,N0007,N016/X3N009,N006,N007,N012,N005,N008,N000/X4N001,N001,N000,0000,0000,0000/X50000,N000,N001,0000,0000,0000/X61658,E0033,N463,023,211,0277
-------------------------------------------------------[2024-08-05 16:10:49.126]

SOURCE: AIR
RX_ID: 357, Freq: 131.725MHz
Mode: X NACKLabel: H1 Block ID: 4, Msg No: D92E
Flight ID: AF7338 REG: F-GMZC


Message content:-
#DFB,0782/X71658,E0033,N462,023,220,0290,0780,/
-------------------------------------------------------[2024-08-05 16:10:52.999]

SOURCE: AIR
RX_ID: 358, Freq: 131.725MHz
Mode: X NACKLabel: 26 Block ID: 5, Msg No: M11A
Flight ID: AF7338 REG: F-GMZC


Message content:-
1616LFPGAF7338/051621LFML31R
-------------------------------------------------------[2024-08-05 16:16:03.279]

SOURCE: AIR
RX_ID: 359, Freq: 131.725MHz
Mode: X NACKLabel: 2F Block ID: 6, Msg No: M12A
Flight ID: AF7338 REG: F-GMZC


Message content:-
1619+4339+530/0243
-------------------------------------------------------[2024-08-05 16:19:45.703]

SOURCE: AIR
RX_ID: 360, Freq: 131.825MHz
Mode: 2 NACKLabel: H1 Block ID: 9, Msg No: C02A
Flight ID: EC8127 REG: OE-LKV


Message content:-
#CFBFLR/FR24080516240023123306VHF3(1RC3)/IDVHF 3,ATSU
-------------------------------------------------------[2024-08-05 16:26:00.892]

SOURCE: AIR
RX_ID: 361, Freq: 131.825MHz
Mode: 2 NACKLabel: H1 Block ID: 7, Msg No: O42A
Flight ID: EK001L REG: A6-EGF


Message content:-
#10BSB0122BA_A6-EGF  LGAVKEWR548
 44465 0060921658 32000-390184010010PSZ012014
-------------------------------------------------------[2024-08-05 16:59:37.977]

SOURCE: AIR
RX_ID: 362, Freq: 131.725MHz
Mode: X NACKLabel: H1 Block ID: 7, Msg No: D96A
Flight ID: DL0149 REG: N199DN


Message content:-
#DFB360-2001080724170300000127CR  N199DN1101D01491LIRFKJFK//////727447
NGENEWLBTEMPLO'220 -----0800000000LO LO 3800000000LO LO 0800000000LO 
LO 3800000000LO LO 0900000000LO LO 38 9014210010C 411O 31110P 2811
-------------------------------------------------------[2024-08-05 17:04:55.012]

SOURCE: AIR
RX_ID: 363, Freq: 131.725MHz
Mode: X NACKLabel: H1 Block ID: 8, Msg No: D96B
Flight ID: DL0149 REG: N199DN


Message content:-
#DFBO22
3 9013710010C 401O 30110P 2810P3421 -40 320550.80912.990000000043 901
4110010C 411O 31110P 2811O220 9013610010C 401O 30110P 2810P3401 -40 3
20500.80812.990000000048 9014110010C 411O 31110P 2811O214 
-------------------------------------------------------[2024-08-05 17:04:59.738]

SOURCE: AIR
RX_ID: 364, Freq: 131.725MHz
Mode: X NACKLabel: H1 Block ID: 9, Msg No: D96C
Flight ID: DL0149 REG: N199DN


Message content:-
#DFB9013610010C
 401O 29110P 2810P3431 -41 320470.80812.990000000053 9014110010C 411O
 31110P 2811O208 9013610010C 401O 29110P 2810P3401 -40 320430.80812.9
90000000058 9014010010C 411O 31110P 2811O208 90136
-------------------------------------------------------[2024-08-05 17:05:03.609]

SOURCE: AIR
RX_ID: 365, Freq: 131.725MHz
Mode: X NACKLabel: H1 Block ID: 0, Msg No: D96D
Flight ID: DL0149 REG: N199DN


Message content:-
#DFB10010C 401O 29110P 
2810P3401 -40 320420.80812.990000000003 9014010010C 411O 30110P 2811O
208 9013510010C 401O 29110P 2810P3421 -40 320400.80712.990000000008 9
014010010C 411O 30110O 2811O205 9013510010
-------------------------------------------------------[2024-08-05 17:05:07.521]

SOURCE: AIR
RX_ID: 366, Freq: 131.725MHz
Mode: X NACKLabel: H1 Block ID: 2, Msg No: D96F
Flight ID: DL0149 REG: N199DN


Message content:-
#DFBO 30110P 2810P3421 -41 320350.80712
.990000000023 9014210010C 411O 30110P 2811O205 9013710010C 401O 30110
P 2810P3421 -41 320380.80712.990000000028 9014210010C 411O 30110P 281
1O205 9013710010C 401O 301
-------------------------------------------------------[2024-08-05 17:05:16.114]

SOURCE: AIR
RX_ID: 367, Freq: 131.725MHz
Mode: X NACKLabel: H1 Block ID: 3, Msg No: D96G
Flight ID: DL0149 REG: N199DN


Message content:-
#DFB10P 2910P3391 -41 320400.80712.990000000033
 9014210010C 411O 30110P 2811O202 9013710010C 401O 30110P 2910P3391 -
41 320440.80612.990000000038 9014210010C 411O 31110P 2811O202 9013710
010C 401O 30110P 2
-------------------------------------------------------[2024-08-05 17:05:20.210]

SOURCE: AIR
RX_ID: 368, Freq: 131.725MHz
Mode: X NACKLabel: H1 Block ID: 4, Msg No: D96H
Flight ID: DL0149 REG: N199DN


Message content:-
#DFB810P3401 -41 320460.80612.990000000044 9014210010C 
411O 31110P 2811O202 9013810010C 401O 30110P 2910P3401 -41 320410.806
12.990000000049 9014310010C 411O 31110P 2811O202 9013810010C 401O 301
10P 2910P3
-------------------------------------------------------[2024-08-05 17:05:24.492]

SOURCE: AIR
RX_ID: 369, Freq: 131.725MHz
Mode: X NACKLabel: H1 Block ID: 5, Msg No: D96I
Flight ID: DL0149 REG: N199DN


Message content:-
#DFB401 -41 320380.80612.990000000054 9014310010C 411O 31110P 2
811O202 9013810010C 401O 30110P 2910P3391 -41 320380.80512.9900000000
59 9014410010C 421O 31110P 2811O202 9013910010C 401O 30110P 2910P3391
 -
-------------------------------------------------------[2024-08-05 17:05:28.402]

SOURCE: AIR
RX_ID: 370, Freq: 131.725MHz
Mode: X NACKLabel: H1 Block ID: 7, Msg No: D96K
Flight ID: DL0149 REG: N199DN


Message content:-
#DFB70.8
0412.990000000008408402F89F3000000000400005D09F300040000038408402F89F
3000000000400005D09F300040000008408402F89F2000000000400005D09F3000400
00038408402F89F3000000000400005D09F300040000009408402F89F
-------------------------------------------------------[2024-08-05 17:05:36.192]

SOURCE: AIR
RX_ID: 371, Freq: 131.725MHz
Mode: X NACKLabel: H1 Block ID: 8, Msg No: D96L
Flight ID: DL0149 REG: N199DN


Message content:-
#DFB300000000040
0005D09F3000400000
-------------------------------------------------------[2024-08-05 17:05:39.448]

SOURCE: AIR
RX_ID: 372, Freq: 131.725MHz
Mode: X NACKLabel: 4H Block ID: 9, Msg No: M07A
Flight ID: DL0149 REG: N199DN


Message content:-
05174H LIRF KJFK6
  
WPR RESET





-------------------------------------------------------[2024-08-05 17:05:42.739]

SOURCE: AIR
RX_ID: 373, Freq: 131.725MHz
Mode: X NACKLabel: H1 Block ID: 1, Msg No: F32A
Flight ID: DL0149 REG: N199DN


Message content:-
#M2BREJPOS,170550,130,219,RF101,TOBGAAB32
-------------------------------------------------------[2024-08-05 17:05:53.381]

SOURCE: AIR
RX_ID: 374, Freq: 131.725MHz
Mode: X ACK, A2GLabel: H1 Block ID: 1, Msg No: F32A
Flight ID: DL0149 REG: N199DN


Message content:-
#M2BREJPOS,170550,130,219,RF101,TOBGAAB32
-------------------------------------------------------[2024-08-05 17:05:56.050]

SOURCE: AIR
RX_ID: 375, Freq: 131.825MHz
Mode: 2 NACKLabel: B1 Block ID: 8, Msg No: L67A
Flight ID: EK001L REG: A6-EGF


Message content:-
/EGGX.OC1/RCL 046
UAE1L-SIVIR/1817 M083F320
-RMK/NEXT BEST FL3405ACA
-------------------------------------------------------[2024-08-05 17:08:16.743]

SOURCE: AIR
RX_ID: 376, Freq: 131.825MHz
Mode: 2 NACKLabel: B6 Block ID: 1, Msg No: F18A
Flight ID: EK001L REG: A6-EGF


Message content:-
/DXBEGEK.ADS.A6-EGF072014E0189187D008489D5166
-------------------------------------------------------[2024-08-05 17:08:51.962]

SOURCE: AIR
RX_ID: 377, Freq: 131.825MHz
Mode: 2 NACKLabel: H1 Block ID: 4, Msg No: F39A
Flight ID: VY05VF REG: EC-NGB


Message content:-
#M1BREQFPN/FNVLG67RP/SP4/TS171255,0508248578
-------------------------------------------------------[2024-08-05 17:13:30.491]

SOURCE: AIR
RX_ID: 378, Freq: 131.825MHz
Mode: 2 ACK, A2GLabel: H1 Block ID: 4, Msg No: F39A
Flight ID: VY05VF REG: EC-NGB


Message content:-
#M1BREQFPN/FNVLG67RP/SP4/TS171255,0508248578
-------------------------------------------------------[2024-08-05 17:13:48.923]

SOURCE: AIR
RX_ID: 379, Freq: 131.825MHz
Mode: 2 NACKLabel: H1 Block ID: 6, Msg No: F40A
Flight ID: VY05VF REG: EC-NGB


Message content:-
#M1BREQPER/PQ,,,,,,,,,,,P37,M30,36090,4,300/TS171256,050824F16B
-------------------------------------------------------[2024-08-05 17:13:56.492]

SOURCE: AIR
RX_ID: 380, Freq: 131.825MHz
Mode: 2 NACKLabel: H1 Block ID: 8, Msg No: C07A
Flight ID: VY05VF REG: EC-NGB


Message content:-
#CFBWRN/WN24080517130046200006DATALINK ATC FAULT      
-------------------------------------------------------[2024-08-05 17:14:06.153]

SOURCE: AIR
RX_ID: 381, Freq: 131.725MHz
Mode: G NACKLabel: H1 Block ID: 7, Msg No: D12A
Flight ID: AF7339 REG: F-GMZC


Message content:-
#DFBA04/A32104,1,1/CCF-GMZC,AUG05,172026,LFML,LFPG,0099/C105,42240,4000,53,0000,1,0000,62,1/CE0332,01201,173,267,7119,222,C53025/EC699257,00945,07051,00938,23/EE575645,00945,09461,00938,23/N102,00,00,00,00,01,0
-------------------------------------------------------[2024-08-05 17:21:04.751]

SOURCE: AIR
RX_ID: 382, Freq: 131.725MHz
Mode: G NACKLabel: H1 Block ID: 9, Msg No: D12C
Flight ID: AF7339 REG: F-GMZC


Message content:-
#DFB00/V213,02,162,310,03,01,00000/V3051,083,1,1,00060,00010,2221/V4049,085,1,1,00080,00010,2221/X115015,0320,099,036,1162/X214828,0325,099,038,1154/
-------------------------------------------------------[2024-08-05 17:21:12.943]

SOURCE: AIR
RX_ID: 383, Freq: 131.725MHz
Mode: G NACKLabel: H1 Block ID: 2, Msg No: D14A
Flight ID: AF7339 REG: F-GMZC


Message content:-
#DFBA13/A32113,1,1/CCF-GMZC,AUG05,171115,LFPG,LFML,0099/C111,42439,4000,14,0000,1,0000,28,1/CE0340,00142,---,---,----,---,C53025/E13612,00005,00012,40000/N1575645,00000,0A000,0998,0610,N04/N2699257,00000,0A000,
-------------------------------------------------------[2024-08-05 17:23:14.583]

SOURCE: AIR
RX_ID: 384, Freq: 131.725MHz
Mode: G NACKLabel: H1 Block ID: 3, Msg No: D14B
Flight ID: AF7339 REG: F-GMZC


Message content:-
#DFB0998,0603,N04/N3000000,00000,04000,0997,0396,082/S10979,0037,039,382,XXXX,102,035/S20976,0038,039,380,XXXX,102,026/S30838,0037,000,099,XXXX,096,000/V1054,0746,0325,054,0026,/
-------------------------------------------------------[2024-08-05 17:23:17.872]

SOURCE: AIR
RX_ID: 385, Freq: 131.725MHz
Mode: G NACKLabel: B9 Block ID: 4, Msg No: L17A
Flight ID: AF7339 REG: F-GMZC


Message content:-
/LFLL.TI2/064LFLLAD2FE
-------------------------------------------------------[2024-08-05 17:25:10.111]

SOURCE: AIR
RX_ID: 386, Freq: 131.725MHz
Mode: G NACKLabel: 2T Block ID: 7, Msg No: M28A
Flight ID: AF7339 REG: F-GMZC


Message content:-
4
-------------------------------------------------------[2024-08-05 17:28:03.168]

SOURCE: AIR
RX_ID: 387, Freq: 131.725MHz
Mode: G NACKLabel: 2F Block ID: 5, Msg No: M29A
Flight ID: AF7339 REG: F-GMZC


Message content:-
1735+4468+464/2655
-------------------------------------------------------[2024-08-05 17:35:15.306]

SOURCE: AIR
RX_ID: 388, Freq: 131.725MHz
Mode: E NACKLabel: H1 Block ID: 1, Msg No: F28A
Flight ID: UA0127 REG: N648UA


Message content:-
#M2BPOSN44014E007231,,180250,320,ETREK,182043,NOQAS,M39,23513,1097,776/DTKIAD,19L, 16,031201,/TS180250,050824F1DF
-------------------------------------------------------[2024-08-05 18:02:51.932]

SOURCE: AIR
RX_ID: 389, Freq: 131.725MHz
Mode: E NACKLabel: B1 Block ID: 2, Msg No: L19A
Flight ID: UA0127 REG: N648UA


Message content:-
/EGGX.OC1/RCL 024
UAL127-ETIKI/1939 M079F350
-RMK/MAX F3507221
-------------------------------------------------------[2024-08-05 18:11:44.232]

SOURCE: AIR
RX_ID: 390, Freq: 131.725MHz
Mode: E NACKLabel: B2 Block ID: 5, Msg No: L20A
Flight ID: UA0127 REG: N648UA


Message content:-
/PIKCLYA.OC1/CLA 1813 240805 EGGX
CLRNCE 704
UAL127 CLRD TO KIAD VIA
ETIKI
NAT G
ETIKI 48N015W 48N020W
47N030W 45N040W 44N050W
BOBTU JAROM
FM ETIKI/1939 MNTN F340
M079
ATC/LEVEL CHANGE
END OF MESSAGE
-------------------------------------------------------[2024-08-05 18:13:56.731]

SOURCE: AIR
RX_ID: 391, Freq: 131.725MHz
Mode: E NACKLabel: B2 Block ID: 6, Msg No: L20B
Flight ID: UA0127 REG: N648UA


Message content:-
1A71
-------------------------------------------------------[2024-08-05 18:13:59.990]

SOURCE: AIR
RX_ID: 392, Freq: 131.725MHz
Mode: E NACKLabel: H1 Block ID: 8, Msg No: F29A
Flight ID: UA0127 REG: N648UA


Message content:-
#M2BPOSN45110E004380,ETREK,182032,320,NOQAS,182245,LERGA,M40,19224,1061,774/TS182032,050824BAAE
-------------------------------------------------------[2024-08-05 18:20:34.231]

SOURCE: AIR
RX_ID: 393, Freq: 131.725MHz
Mode: G NACKLabel: B9 Block ID: 7, Msg No: L01A
Flight ID: GS0001 REG: OEGPP


Message content:-
/LFMN.TI2/024LFMNA426A
-------------------------------------------------------[2024-08-05 18:21:15.629]

SOURCE: AIR
RX_ID: 394, Freq: 131.825MHz
Mode: 2 NACKLabel: H1 Block ID: 9, Msg No: F30A
Flight ID: VY39TQ REG: EC-LVU


Message content:-
#M1BRESPWI/AK,71605F
-------------------------------------------------------[2024-08-05 18:27:06.428]

SOURCE: AIR
RX_ID: 395, Freq: 131.725MHz
Mode: G NACKLabel: 83 Block ID: 1, Msg No: M09A
Flight ID: GS0001 REG: OEGPP


Message content:-
001PR05183133N4405.8E00533.82724310013
-------------------------------------------------------[2024-08-05 18:31:36.363]

SOURCE: AIR
RX_ID: 396, Freq: 131.725MHz
Mode: G NACKLabel: 16 Block ID: 5, Msg No: M24A
Flight ID: XSMBU6 REG: 2-BBMB


Message content:-
190551,,2008, 136,N 44.980 E  4.090
-------------------------------------------------------[2024-08-05 19:05:53.827]

SOURCE: AIR
RX_ID: 397, Freq: 131.725MHz
Mode: X NACKLabel: 44 Block ID: 5, Msg No: M79A
Flight ID: MP8342 REG: PH-MPS


Message content:-
(POS-MPH8342 -N43792E004915/191658 F360
RMK/FUEL   201 M0.83,)

-------------------------------------------------------[2024-08-05 19:17:08.654]

SOURCE: AIR
RX_ID: 398, Freq: 131.525MHz
Mode: T NACKLabel: H1 Block ID: 7, Msg No: F29B
Flight ID: AF7314 REG: F-GTAD


Message content:-
#M1B.053,,CB007,CRUISE.027,,001,/TS202537,050824CC78
-------------------------------------------------------[2024-08-05 20:25:48.236]

SOURCE: AIR
RX_ID: 399, Freq: 131.525MHz
Mode: T NACKLabel: 2F Block ID: 9, Msg No: M69A
Flight ID: AF7314 REG: F-GTAD


Message content:-
2027+4479+474/3546
-------------------------------------------------------[2024-08-05 20:27:32.062]

SOURCE: AIR
RX_ID: 400, Freq: 131.525MHz
Mode: T NACKLabel: 2Z Block ID: 3, Msg No: M70A
Flight ID: AF7314 REG: F-GTAD


Message content:-
LFMN
-------------------------------------------------------[2024-08-05 20:31:05.054]

SOURCE: AIR
RX_ID: 401, Freq: 131.525MHz
Mode: T NACKLabel: 2Z Block ID: 9, Msg No: M56A
Flight ID: AF7342 REG: F-GMZC


Message content:-
LFML
-------------------------------------------------------[2024-08-05 20:38:03.253]

SOURCE: AIR
RX_ID: 402, Freq: 131.525MHz
Mode: T NACKLabel: 26 Block ID: 5, Msg No: M71A
Flight ID: AF7314 REG: F-GTAD


Message content:-
2039LFPGAF7314/052054LFMN04L
-------------------------------------------------------[2024-08-05 20:39:04.074]

SOURCE: AIR
RX_ID: 403, Freq: 131.525MHz
Mode: T NACKLabel: 2F Block ID: 6, Msg No: M72A
Flight ID: AF7314 REG: F-GTAD


Message content:-
2042+4355+624/1542
-------------------------------------------------------[2024-08-05 20:42:33.191]

SOURCE: AIR
RX_ID: 404, Freq: 131.525MHz
Mode: T NACKLabel: 26 Block ID: 0, Msg No: M57A
Flight ID: AF7342 REG: F-GMZC


Message content:-
2046LFPGAF7342/052101LFML31R
-------------------------------------------------------[2024-08-05 20:46:03.736]

SOURCE: AIR
RX_ID: 405, Freq: 131.525MHz
Mode: T NACKLabel: 26 Block ID: 0, Msg No: M57A
Flight ID: AF7342 REG: F-GMZC


Message content:-
2046LFPGAF7342/052101LFML31R
-------------------------------------------------------[2024-08-05 20:46:18.877]

SOURCE: AIR
RX_ID: 406, Freq: 131.525MHz
Mode: T NACKLabel: 26 Block ID: 0, Msg No: M57A
Flight ID: AF7342 REG: F-GMZC


Message content:-
2046LFPGAF7342/052101LFML31R
-------------------------------------------------------[2024-08-05 20:46:31.167]

SOURCE: AIR
RX_ID: 407, Freq: 131.525MHz
Mode: 2 NACKLabel: 26 Block ID: 0, Msg No: M57A
Flight ID: AF7342 REG: F-GMZC


Message content:-
2046LFPGAF7342/052101LFML31R
-------------------------------------------------------[2024-08-05 20:46:52.674]

SOURCE: AIR
RX_ID: 408, Freq: 131.525MHz
Mode: 2 NACKLabel: 26 Block ID: 0, Msg No: M57A
Flight ID: AF7342 REG: F-GMZC


Message content:-
2046LFPGAF7342/052101LFML31R
-------------------------------------------------------[2024-08-05 20:47:04.162]

SOURCE: AIR
RX_ID: 409, Freq: 131.525MHz
Mode: T NACKLabel: 26 Block ID: 0, Msg No: M57A
Flight ID: AF7342 REG: F-GMZC


Message content:-
2046LFPGAF7342/052101LFML31R
-------------------------------------------------------[2024-08-05 20:47:12.532]

SOURCE: AIR
RX_ID: 410, Freq: 131.525MHz
Mode: T NACKLabel: 2F Block ID: 1, Msg No: M58A
Flight ID: AF7342 REG: F-GMZC


Message content:-
2052+4350+522/1051
-------------------------------------------------------[2024-08-05 20:52:18.928]

SOURCE: AIR
RX_ID: 411, Freq: 131.725MHz
Mode: 2 NACKLabel: H1 Block ID: 4, Msg No: D33A
Flight ID: AF7342 REG: F-GMZC


Message content:-
#DFBA01/A32101,1,1/CCF-GMZC,AUG05,203552,LFPG,LFML,0082/C106,44339,5000,54,0010,0,0100,54,X/CEN095,28999,270,704,7097,233,C53025/EC699257,00947,07053,00939,71,06/EE575645,00947,09464,00939,71/N10848,0848,0946,6
-------------------------------------------------------[2024-08-05 20:52:54.147]

SOURCE: AIR
RX_ID: 412, Freq: 131.725MHz
Mode: 2 NACKLabel: H1 Block ID: 5, Msg No: D33B
Flight ID: AF7342 REG: F-GMZC


Message content:-
#DFB311,1427,XXXXX/N20848,0848,0944,6208,1401,XXXXX/S1XXXXX,0817,1436,4418,XXXX,034,001/S2XXXXX,0786,1432,4445,XXXX,031,001/T1097,086,025,43,098,06502,0195/T2098,086,017,43,090,06439,0173/V105,06,291,107,02,00,
-------------------------------------------------------[2024-08-05 20:52:57.841]

SOURCE: AIR
RX_ID: 413, Freq: 131.725MHz
Mode: G NACKLabel: H1 Block ID: 6, Msg No: D33C
Flight ID: AF7342 REG: F-GMZC


Message content:-
#DFB00000/V205,05,138,175,03,00,00000/V306,05,021,171,0618/V405,04,234,009,0618/V503,05,329,087,0915/V610,03,115,194,0915/V7045,086,00081,22222222222111/V8044,082,00061,22222222222111,/
-------------------------------------------------------[2024-08-05 20:53:01.318]

SOURCE: AIR
RX_ID: 414, Freq: 131.725MHz
Mode: G NACKLabel: H1 Block ID: 7, Msg No: D34A
Flight ID: AF7342 REG: F-GMZC


Message content:-
#DFBA02/A32102,1,1/CCF-GMZC,AUG05,203132,LFPG,LFML,0082/C106,44401,5000,54,0010,0,0100,54,X/CEN094,29008,271,708,7120,233,C53025/CNN093,29012,271,707,7120,233/EC699257,00947,07053,00939,71,09,04/EE575645,00947,
-------------------------------------------------------[2024-08-05 20:53:28.345]

SOURCE: AIR
RX_ID: 415, Freq: 131.725MHz
Mode: G NACKLabel: H1 Block ID: 8, Msg No: D34B
Flight ID: AF7342 REG: F-GMZC


Message content:-
#DFB09463,00939,71/N10845,0845,0944,6273,1410,XXXXX/N20845,0845,0942,6170,1385,XXXXX/S1XXXXX,0811,1426,4399,XXXX,036,001/S2XXXXX,0780,1421,4424,XXXX,032,001/T1096,086,025,43,098,06518,0195/T2097,086,017,43,091,
-------------------------------------------------------[2024-08-05 20:53:31.636]

