SOURCE: AIR
RX_ID: 264, Freq: 131.825MHz
Mode: 2 NACKLabel: 80 Block ID: 9, Msg No: M60A
Flight ID: 5C0968 REG: 4X-ICA


Message content:-
6666 POSITION 0968/07 KDOV/LLNV .4X-ICA 
POSITION N44389E004541
ALTITUDE +035000
FOB 0504

-------------------------------------------------------[2024-06-08 02:59:18.082]

SOURCE: AIR
RX_ID: 265, Freq: 131.825MHz
Mode: 2 NACKLabel: H1 Block ID: 0, Msg No: F66A
Flight ID: 5C0968 REG: 4X-ICA


Message content:-
#M1B/B6 TLVXAX7.ADS.4X-ICA071F78482194C88B44501D0D1F218027D3088B81821E39083777488B800E2AE9027FFCF4D4
-------------------------------------------------------[2024-06-08 03:04:38.595]

SOURCE: AIR
RX_ID: 266, Freq: 131.825MHz
Mode: 2 NACKLabel: 80 Block ID: 1, Msg No: M61A
Flight ID: 5C0968 REG: 4X-ICA


Message content:-
6666 POSITION 0968/07 KDOV/LLNV .4X-ICA 
POSITION N44043E006170
ALTITUDE +035004
FOB 0492

-------------------------------------------------------[2024-06-08 03:07:17.939]

SOURCE: AIR
RX_ID: 267, Freq: 131.725MHz
Mode: X NACKLabel: B6 Block ID: 0, Msg No: F37A
Flight ID: AF0995 REG: F-GZNU


Message content:-
/ACCFAYA.ADS.F-GZNU071EAD501D9F09470B261D0C0464B9E758200E7C58FB800C0F7A59A7400C151C
-------------------------------------------------------[2024-06-08 03:11:55.596]

SOURCE: AIR
RX_ID: 268, Freq: 131.825MHz
Mode: 2 NACKLabel: 15 Block ID: 0, Msg No: M67A
Flight ID: BA064M REG: G-YMMI


Message content:-
FST01HKJKEGLLN431393E0050672360 147 565 M51C 4524434034749711600004300312
-------------------------------------------------------[2024-06-08 03:12:18.380]

SOURCE: AIR
RX_ID: 269, Freq: 131.725MHz
Mode: X NACKLabel: B6 Block ID: 1, Msg No: F38A
Flight ID: AF0995 REG: F-GZNU


Message content:-
/ACCFAYA.ADS.F-GZNU141EBB181D83C9470BAA1D0D1ED4701D514947003D1FB0901B908947005DF9
-------------------------------------------------------[2024-06-08 03:12:28.991]

SOURCE: AIR
RX_ID: 270, Freq: 131.725MHz
Mode: X NACKLabel: B6 Block ID: 2, Msg No: F39A
Flight ID: AF0995 REG: F-GZNU


Message content:-
/ACCFAYA.ADS.F-GZNU141ED5401D4FC9470CA61D0D1FB0901B90894702112023301A9F894700178A
-------------------------------------------------------[2024-06-08 03:13:31.673]

SOURCE: AIR
RX_ID: 271, Freq: 131.725MHz
Mode: X NACKLabel: 2F Block ID: 3, Msg No: M60A
Flight ID: AF0995 REG: F-GZNU


Message content:-
0316+4375+505/38130
FAOR/LFPG/38000/ -10/ -56/0.84/226781/213700/33.0/ETR-20 /MTL-19 /-117/   54
-------------------------------------------------------[2024-06-08 03:16:26.156]

SOURCE: AIR
RX_ID: 272, Freq: 131.725MHz
Mode: X NACKLabel: B6 Block ID: 4, Msg No: F40A
Flight ID: AF0995 REG: F-GZNU


Message content:-
/ACCFAYA.ADS.F-GZNU071F27E81CA949470FC61D0C0464B9E758200E7C48F9FFFC0F7A29A7FFFCBFDE
-------------------------------------------------------[2024-06-08 03:16:51.757]

SOURCE: AIR
RX_ID: 273, Freq: 131.825MHz
Mode: 2 NACKLabel: 15 Block ID: 2, Msg No: M68A
Flight ID: BA064M REG: G-YMMI


Message content:-
FST01HKJKEGLLN444831E0046216360 137 576 M51C 5224833934649411600004300322
-------------------------------------------------------[2024-06-08 03:22:19.660]

SOURCE: AIR
RX_ID: 274, Freq: 131.825MHz
Mode: 2 NACKLabel: 1L Block ID: 9, Msg No: M60A
Flight ID: LH0569 REG: D-AIGY


Message content:-
00141209225KOYOU-5UY7-Y8EKP0R0,AHVLUY)E++WDWIK4(1-Y-HMYG+MV
-------------------------------------------------------[2024-06-08 03:28:37.115]

SOURCE: AIR
RX_ID: 275, Freq: 131.725MHz
Mode: G NACKLabel: H1 Block ID: 7, Msg No: D87A
Flight ID: KL0536 REG: PH-AOB


Message content:-
#DFB(POS-KLM536  -4326N00652E/035606 F400
RMK/FUEL  12.9 M0.82)
-------------------------------------------------------[2024-06-08 03:56:21.744]

SOURCE: AIR
RX_ID: 276, Freq: 131.825MHz
Mode: 2 NACKLabel: H1 Block ID: 1, Msg No: D28A
Flight ID: NW0182 REG: N827NW


Message content:-
#DFB239117302201010098065
R39/A33039,1,1
239N827NW182 060824040259804 4521   631389-34-61248 68AB0510 23960
 250 502-001115850030/9WKJFKLIRF
-------------------------------------------------------[2024-06-08 04:03:10.803]

SOURCE: AIR
RX_ID: 277, Freq: 131.725MHz
Mode: G NACKLabel: H1 Block ID: 5, Msg No: D78A
Flight ID: KL8342 REG: PH-CKC


Message content:-
#DFB(POS-MPH8342 -4258N00452E/041216 F360
RMK/FUEL  22.5 M0.84)
-------------------------------------------------------[2024-06-08 04:12:48.530]

SOURCE: AIR
RX_ID: 278, Freq: 131.725MHz
Mode: G NACKLabel: 16 Block ID: 3, Msg No: M61A
Flight ID: P47578 REG: 5N-BVE


Message content:-
POSA1N43153E  4467,SOF-22 ,041411,400,MRM-23 ,041650,,-61, 49, 211,840
-------------------------------------------------------[2024-06-08 04:14:32.575]

SOURCE: AIR
RX_ID: 279, Freq: 131.725MHz
Mode: G NACKLabel: H1 Block ID: 3, Msg No: C03A
Flight ID: AF7343 REG: F-GMZC


Message content:-
#CFBFLR/FR24060804150026121506CHECK ENG1 FIRE LOOP B/IDFDU 1
-------------------------------------------------------[2024-06-08 04:16:58.385]

SOURCE: AIR
RX_ID: 280, Freq: 131.725MHz
Mode: G NACKLabel: 2T Block ID: 4, Msg No: M12A
Flight ID: AF7343 REG: F-GMZC


Message content:-
4
-------------------------------------------------------[2024-06-08 04:22:02.919]

SOURCE: AIR
RX_ID: 281, Freq: 131.525MHz
Mode: T NACKLabel: H1 Block ID: 8, Msg No: D10G
Flight ID: AF7315 REG: F-GMZD


Message content:-
#DFB04,11517,0032,254/4NN000,310,00001,071885,010/N54379,0702,11867,0020,253/5NN005,320,00175,071849,012/N64382,0699,12534,0010,265/6NN005,323,00158,071830,017/N74385,0697,13297,N007,260/7NN005,322,00266,071740
-------------------------------------------------------[2024-06-08 04:22:09.869]

SOURCE: AIR
RX_ID: 282, Freq: 131.525MHz
Mode: T NACKLabel: H1 Block ID: 0, Msg No: D10I
Flight ID: AF7315 REG: F-GMZD


Message content:-
#DFB3,00334,071685,031/S24401,0683,16769,N092,266/2SN005,321,00592,071649,036/S34404,0681,17558,N115,266/3SN005,316,N0122,071631,037/S44407,0678,18212,N130,268/4SN005,316,N0092,071540,037/S54410,0676,18767,N135
-------------------------------------------------------[2024-06-08 04:22:18.060]

SOURCE: AIR
RX_ID: 283, Freq: 131.725MHz
Mode: X NACKLabel: B9 Block ID: 3, Msg No: M25A
Flight ID: MP8342 REG: PH-CKC


Message content:-
/EHAM.TI2/024EHAMA687E
-------------------------------------------------------[2024-06-08 04:22:18.061]

SOURCE: AIR
RX_ID: 284, Freq: 131.725MHz
Mode: X NACKLabel: SA Block ID: 4, Msg No: S87A
Flight ID: AZ0629 REG: EI-EJG


Message content:-
0EV042316VS
-------------------------------------------------------[2024-06-08 04:23:18.293]

SOURCE: AIR
RX_ID: 285, Freq: 131.725MHz
Mode: G NACKLabel: 81 Block ID: 7, Msg No: M26A
Flight ID: MP8342 REG: PH-CKC


Message content:-
MSF85M08042315MPH8342 HKJKEHAM
PRINTER
NO SPARE PRINTER PAPER
ROLL

-------------------------------------------------------[2024-06-08 04:23:56.584]

SOURCE: AIR
RX_ID: 286, Freq: 131.725MHz
Mode: X NACKLabel: SA Block ID: 4, Msg No: S30A
Flight ID: AF49HW REG: F-GKXZ


Message content:-
0EV042428V
-------------------------------------------------------[2024-06-08 04:24:29.352]

SOURCE: AIR
RX_ID: 287, Freq: 131.725MHz
Mode: X NACKLabel: H1 Block ID: 9, Msg No: D79A
Flight ID: KL8342 REG: PH-CKC


Message content:-
#DFB(POS-MPH8342 -4503N00435E/042716 F360
RMK/FUEL  19.8 M0.84)
-------------------------------------------------------[2024-06-08 04:28:16.462]

SOURCE: AIR
RX_ID: 288, Freq: 131.725MHz
Mode: G NACKLabel: B9 Block ID: 4, Msg No: L33A
Flight ID: P47578 REG: 5N-BVE


Message content:-
/EGKK.TI2/046EGKKAFB92
-------------------------------------------------------[2024-06-08 04:28:57.641]

SOURCE: AIR
RX_ID: 289, Freq: 131.725MHz
Mode: G NACKLabel: 16 Block ID: 8, Msg No: M62A
Flight ID: P47578 REG: 5N-BVE


Message content:-
POSA1N45196E  4796,ETREK  ,042719,400,ETR-24 ,042945,,-62, 62, 195,828
-------------------------------------------------------[2024-06-08 04:29:32.862]

SOURCE: AIR
RX_ID: 290, Freq: 131.725MHz
Mode: G NACKLabel: 16 Block ID: 5, Msg No: M22A
Flight ID: XSMBU6 REG: 2-BBMB


Message content:-
052852,,0630, 141,N 43.331 E  5.881
-------------------------------------------------------[2024-06-08 05:28:54.774]

SOURCE: AIR
RX_ID: 291, Freq: 131.725MHz
Mode: X NACKLabel: B9 Block ID: 2, Msg No: L19A
Flight ID: DL0028 REG: N841MH


Message content:-
/LFMN.TI2/024LFMNC6228
-------------------------------------------------------[2024-06-08 05:33:24.307]

SOURCE: AIR
RX_ID: 292, Freq: 131.725MHz
Mode: X NACKLabel: H1 Block ID: 5, Msg No: D18A
Flight ID: DL0028 REG: N841MH


Message content:-
#DFBENGINE BLEED REPORT

AID:N1817  DA:08/06    GMT:05:36    FNO:3244      ISFC: 1559
TAT:  85  SAT:-135   ALT: 18736   MACH:0653    FCNT:   69
GW:306360  FLT:0028-1  MODE:DESC    SID:AK-67-223
S/N L:70700
-------------------------------------------------------[2024-06-08 05:36:34.989]

SOURCE: AIR
RX_ID: 293, Freq: 131.725MHz
Mode: X NACKLabel: H1 Block ID: 6, Msg No: D18B
Flight ID: DL0028 REG: N841MH


Message content:-
#DFB0         DEPART:KJFK    DESTIN:LFMN
S/N R:706834

               ENG L     ENG R
HPSOV          OPN       OPN
PRV            OPN       OPN
PRSOV          OPN       OPN
FAV %            -301     -078
-------------------------------------------------------[2024-06-08 05:36:38.468]

SOURCE: AIR
RX_ID: 294, Freq: 131.725MHz
Mode: X NACKLabel: H1 Block ID: 7, Msg No: D18C
Flight ID: DL0028 REG: N841MH


Message content:-
#DFB
N1 SPD          3963     4025
HI STG PRESS    4150     4250
INTERM PRESS1    3314     3481
INTERM PRESS2    3238     3525
STRUT OVHT     NRML      NRML
DUCT PRESS       3225     3225
P-COOL TEMP    
-------------------------------------------------------[2024-06-08 05:36:42.561]

SOURCE: AIR
RX_ID: 295, Freq: 131.725MHz
Mode: X NACKLabel: H1 Block ID: 8, Msg No: D18D
Flight ID: DL0028 REG: N841MH


Message content:-
#DFB35700    36888
PACK HX TEMP    32928    33997
PACK FLOW       10277    10928
WING ANTI ICE  OFF
LT  ISO VLV    CLS
RT  ISO VLV    CLS
CTR ISO VLV    OPN

TRIGGER CODE   0000

STATUS WORDS  DW1  DW
-------------------------------------------------------[2024-06-08 05:36:46.256]

SOURCE: AIR
RX_ID: 296, Freq: 131.725MHz
Mode: X NACKLabel: H1 Block ID: 9, Msg No: D18E
Flight ID: DL0028 REG: N841MH


Message content:-
#DFB2  DW3  DW4  DW5  DW6  DW7  DW8  EICAS
LEFT          0000 0001 0000 0000 0000 0000 5040 0000 0000
RIGHT         0000 0001 0000 0000 0000 0000 1040 0000 0000

-------------------------------------------------------[2024-06-08 05:36:50.355]

SOURCE: AIR
RX_ID: 297, Freq: 131.725MHz
Mode: X NACKLabel: H1 Block ID: 0, Msg No: D19A
Flight ID: DL0028 REG: N841MH


Message content:-
#DFB239N1817 0028060824053755628 4373   606140 17 -3248 29XX-223 20520
 324 408002814485103020)KJFKLFMN
-------------------------------------------------------[2024-06-08 05:38:19.002]

SOURCE: AIR
RX_ID: 298, Freq: 131.525MHz
Mode: T NACKLabel: 2F Block ID: 9, Msg No: M18A
Flight ID: AF7300 REG: F-GMZE


Message content:-
0601+4472+469/3746
-------------------------------------------------------[2024-06-08 06:01:04.011]

SOURCE: AIR
RX_ID: 299, Freq: 131.525MHz
Mode: T NACKLabel: 2Z Block ID: 4, Msg No: M19A
Flight ID: AF7300 REG: F-GMZE


Message content:-
LFMN
-------------------------------------------------------[2024-06-08 06:05:02.825]

SOURCE: AIR
RX_ID: 300, Freq: 131.525MHz
Mode: T NACKLabel: B9 Block ID: 5, Msg No: L07A
Flight ID: AF7300 REG: F-GMZE


Message content:-
/LFMN.TI2/064LFMNA83AC
-------------------------------------------------------[2024-06-08 06:05:59.947]

SOURCE: AIR
RX_ID: 301, Freq: 131.525MHz
Mode: T NACKLabel: 26 Block ID: 9, Msg No: M20A
Flight ID: AF7300 REG: F-GMZE


Message content:-
0612LFPGAF7300/080627LFMN04L
-------------------------------------------------------[2024-06-08 06:12:03.068]

SOURCE: AIR
RX_ID: 302, Freq: 131.525MHz
Mode: T NACKLabel: 2F Block ID: 0, Msg No: M21A
Flight ID: AF7300 REG: F-GMZE


Message content:-
0616+4347+637/1243
-------------------------------------------------------[2024-06-08 06:16:05.358]

SOURCE: AIR
RX_ID: 303, Freq: 131.725MHz
Mode: E NACKLabel: H1 Block ID: 7, Msg No: D54A
Flight ID: KL0592 REG: PH-BVN


Message content:-
#DFB(POS-KLM592  -4422N00454E/064955 F360
RMK/FUEL  12.6 M0.82)
-------------------------------------------------------[2024-06-08 06:49:57.618]

SOURCE: AIR
RX_ID: 304, Freq: 131.525MHz
Mode: T NACKLabel: 2Z Block ID: 1, Msg No: M19A
Flight ID: AF6236 REG: F-GRHF


Message content:-
LFMN
-------------------------------------------------------[2024-06-08 07:01:03.026]

SOURCE: AIR
RX_ID: 305, Freq: 131.725MHz
Mode: G NACKLabel: 20 Block ID: 6, Msg No: M72A
Flight ID: KL0104 REG: PH-BVK


Message content:-
RST07A08070200KLM104  FACTEHAM
-------------------------------------------------------[2024-06-08 07:02:13.062]

SOURCE: AIR
RX_ID: 306, Freq: 131.725MHz
Mode: X NACKLabel: H1 Block ID: 4, Msg No: E85B
Flight ID: N0040M REG: LN-FND


Message content:-
#EIB92;;1.00;
16 156;166
17 NORMAL;NORMAL
18 ;08;JUN;24;07:07:18
RPT07;PG2;REAL;SW030M2RV01
1  METRIC UNITS
2  CLOSED;CLOSED
3  CLOSED;CLOSED
4  27;35
5  OFF;ON
6  OFF;ON
7  ON;ON
8  ON;ON
9  ON;ON
-------------------------------------------------------[2024-06-08 07:07:28.679]

SOURCE: AIR
RX_ID: 307, Freq: 131.525MHz
Mode: T NACKLabel: 26 Block ID: 4, Msg No: M20A
Flight ID: AF6236 REG: F-GRHF


Message content:-
0709LFPOAF6236/080724LFMN04L
-------------------------------------------------------[2024-06-08 07:09:02.484]

SOURCE: AIR
RX_ID: 308, Freq: 131.725MHz
Mode: X NACKLabel: H1 Block ID: 5, Msg No: F58A
Flight ID: DK1564 REG: OY-VKI


Message content:-
#M1BRESREQ/AK,1158AF6
-------------------------------------------------------[2024-06-08 07:26:23.693]

SOURCE: AIR
RX_ID: 309, Freq: 131.725MHz
Mode: X NACKLabel: H1 Block ID: 6, Msg No: F59A
Flight ID: DK1564 REG: OY-VKI


Message content:-
#M1BPOSN44349E005352,,072621,410,MTG,073712,DIVKO,M60,24461,224/TS072621,06082428BC
-------------------------------------------------------[2024-06-08 07:26:27.384]

SOURCE: AIR
RX_ID: 310, Freq: 131.725MHz
Mode: X NACKLabel: H1 Block ID: 8, Msg No: F60A
Flight ID: DK1564 REG: OY-VKI


Message content:-
#M1BRESREQ/AK,1158AF6
-------------------------------------------------------[2024-06-08 07:31:33.567]

SOURCE: AIR
RX_ID: 311, Freq: 131.725MHz
Mode: X NACKLabel: H1 Block ID: 9, Msg No: F61A
Flight ID: DK1564 REG: OY-VKI


Message content:-
#M1BPOSN44015E005184,,073131,410,N43266E004554,073708,VATIR,M61,24361,212/TS073131,0608241956
-------------------------------------------------------[2024-06-08 07:31:37.043]

SOURCE: AIR
RX_ID: 312, Freq: 131.725MHz
Mode: G NACKLabel: H1 Block ID: 3, Msg No: D31A
Flight ID: AF7332 REG: F-GMZC


Message content:-
#DFBA01/A32101,1,1/CCF-GMZC,JUN08,071430,LFPG,LFML,0024/C106,96304,4000,51,0010,0,0100,51,X/CEN272,34963,257,761,7110,272,C53025/EC699257,00585,06585,00599,73,--/EE575645,00585,09020,00599,73/N10850,0850,0930,6
-------------------------------------------------------[2024-06-08 07:34:45.277]

SOURCE: AIR
RX_ID: 313, Freq: 131.725MHz
Mode: G NACKLabel: H1 Block ID: 4, Msg No: D31B
Flight ID: AF7332 REG: F-GMZC


Message content:-
#DFB160,1281,XXXXX/N20850,0850,0927,6050,1246,XXXXX/S1XXXXX,0643,1279,4186,XXXX,021,000/S2XXXXX,0607,1268,4200,XXXX,016,001/T1099,100,025,41,085,05172,0117/T2099,100,017,42,078,05111,0096/V109,04,219,321,02,01,
-------------------------------------------------------[2024-06-08 07:34:48.937]

SOURCE: AIR
RX_ID: 314, Freq: 131.725MHz
Mode: G NACKLabel: H1 Block ID: 5, Msg No: D31C
Flight ID: AF7332 REG: F-GMZC


Message content:-
#DFB00000/V208,10,122,180,03,00,00000/V3XX,XX,XXX,XXX,XXXX/V4XX,XX,XXX,XXX,XXXX/V511,03,247,017,0916/V615,09,097,175,0916/V7043,083,00081,22222222222111/V8042,083,00061,22222222222111/
-------------------------------------------------------[2024-06-08 07:34:52.847]

SOURCE: AIR
RX_ID: 315, Freq: 131.725MHz
Mode: X NACKLabel: H1 Block ID: 0, Msg No: C04A
Flight ID: DK1564 REG: OY-VKI


Message content:-
#CFB.1/FLR/FR2406080734  38314106VSC    1,,,,,,,LAV 13,HARD
-------------------------------------------------------[2024-06-08 07:35:14.351]

SOURCE: AIR
RX_ID: 316, Freq: 131.725MHz
Mode: X NACKLabel: H1 Block ID: 2, Msg No: F62A
Flight ID: DK1564 REG: OY-VKI


Message content:-
#M1BRESREQ/AK,1158AF6
-------------------------------------------------------[2024-06-08 07:36:34.626]

SOURCE: AIR
RX_ID: 317, Freq: 131.725MHz
Mode: X NACKLabel: H1 Block ID: 2, Msg No: F62A
Flight ID: DK1564 REG: OY-VKI


Message content:-
#M1BRESREQ/AK,1158AF6
-------------------------------------------------------[2024-06-08 07:36:45.084]

SOURCE: AIR
RX_ID: 318, Freq: 131.725MHz
Mode: X NACKLabel: B9 Block ID: 4, Msg No: M14A
Flight ID: DK1564 REG: OY-VKI


Message content:-
/LEPA.TI2/040LEPAA6F3E
-------------------------------------------------------[2024-06-08 07:38:51.225]

SOURCE: AIR
RX_ID: 319, Freq: 131.525MHz
Mode: T NACKLabel: 2F Block ID: 8, Msg No: M37A
Flight ID: AF7301 REG: F-GMZE


Message content:-
0745+4443+637/2658
-------------------------------------------------------[2024-06-08 07:45:04.362]

SOURCE: AIR
RX_ID: 320, Freq: 131.725MHz
Mode: G NACKLabel: H1 Block ID: 0, Msg No: D32C
Flight ID: AF7332 REG: F-GMZC


Message content:-
#DFB09592,0067,240/9CN004,250,00009,071957,030/C04386,0481,09106,0080,241/0CN003,248,N0045,071957,032/E14384,0482,08556,0092,243/1EN004,250,00040,071776,034/E24381,0483,08086,0102,236/2EN005,251,00045,071939,03
-------------------------------------------------------[2024-06-08 07:49:19.342]

SOURCE: AIR
RX_ID: 321, Freq: 131.725MHz
Mode: 2 NACKLabel: H1 Block ID: 0, Msg No: D07B
Flight ID: AH1426 REG: 7T-VKD


Message content:-
#DFB9480,,,,,,,,00340,00320,,,,,,,,139160,139160,,,,,,,,23200,,,,,,,,8647940,00804534,,,,,,,,,,0919,0918,,,,,,,6193,6313,,,,,,,-515,,,-016,,,-000,,,+022,,,+050,+06,+08,+012,+009,,,-001,,+023,+023,,,+18,+09,,,-0
-------------------------------------------------------[2024-06-08 08:40:26.468]

SOURCE: AIR
RX_ID: 322, Freq: 131.725MHz
Mode: X NACKLabel: SA Block ID: 4, Msg No: M19A
Flight ID: AH1426 REG: 7T-VKD


Message content:-
0EV084458V
-------------------------------------------------------[2024-06-08 08:45:00.287]

SOURCE: AIR
RX_ID: 323, Freq: 131.725MHz
Mode: E NACKLabel: B9 Block ID: 5, Msg No: M17A
Flight ID: VF03EC REG: TC-JHC


Message content:-
/LFLL.TI2/024LFLLA1338
-------------------------------------------------------[2024-06-08 08:53:43.157]

SOURCE: AIR
RX_ID: 324, Freq: 131.725MHz
Mode: E NACKLabel: H1 Block ID: 8, Msg No: D76A
Flight ID: VF03EC REG: TC-JHC


Message content:-
#DFBCRZTC-JHC0608240713N315N58237992788618750550000887608889092009196656440001200119463263348471001011281400001500035N4031E021241100000011U07050100080000010000212022195032250113681136800000916E38513857021950316
-------------------------------------------------------[2024-06-08 08:54:26.168]

SOURCE: AIR
RX_ID: 325, Freq: 131.725MHz
Mode: E NACKLabel: H1 Block ID: 9, Msg No: D76B
Flight ID: VF03EC REG: TC-JHC


Message content:-
#DFB311868118681
-------------------------------------------------------[2024-06-08 08:54:29.861]

SOURCE: AIR
RX_ID: 326, Freq: 131.725MHz
Mode: E NACKLabel: 16 Block ID: 0, Msg No: M18A
Flight ID: VF03EC REG: TC-JHC


Message content:-
 /N 44.081/E  6.679/32991/0806/0855/59/0924/
-------------------------------------------------------[2024-06-08 08:55:21.466]

SOURCE: AIR
RX_ID: 327, Freq: 131.825MHz
Mode: 2 NACKLabel: H1 Block ID: 5, Msg No: D75A
Flight ID: AA0290 REG: N798AN


Message content:-
#DFBTRP KDFW LIRF 07  8 820   0  0 085403
 45.5783   2.3688390034291604660.0070.003 53.88-118.12 47080-59 197OFF
 45.4499   2.9418390014284804740.0050.003 56.88-116.02 46400-59 197OFF
 45.3128   3.5165390024
-------------------------------------------------------[2024-06-08 09:06:08.055]

SOURCE: AIR
RX_ID: 328, Freq: 131.825MHz
Mode: 2 NACKLabel: H1 Block ID: 7, Msg No: F86A
Flight ID: AA0290 REG: N798AN


Message content:-
#M1BPOSN43468E007004,KOL-29,090851,390,RAP-30,091938,RAT-31,M58,25249,41330FD
-------------------------------------------------------[2024-06-08 09:08:53.140]

SOURCE: AIR
RX_ID: 329, Freq: 131.725MHz
Mode: G NACKLabel: B9 Block ID: 4, Msg No: L12A
Flight ID: DL0024 REG: N830MH


Message content:-
/LFMN.TI2/024LFMNC6228
-------------------------------------------------------[2024-06-08 09:10:22.376]

SOURCE: AIR
RX_ID: 330, Freq: 131.725MHz
Mode: G NACKLabel: H1 Block ID: 7, Msg No: D40A
Flight ID: DL0024 REG: N830MH


Message content:-
#DFBENGINE BLEED REPORT

AID:N1806  DA:08/06    GMT:09:14    FNO:3676      ISFC: 1702
TAT: 107  SAT:-130   ALT: 18804   MACH:0676    FCNT:  101
GW:306000  FLT:0024-1  MODE:DESC    SID:AK-67-223
S/N L:70700
-------------------------------------------------------[2024-06-08 09:15:02.553]

SOURCE: AIR
RX_ID: 331, Freq: 131.725MHz
Mode: G NACKLabel: H1 Block ID: 9, Msg No: D40C
Flight ID: DL0024 REG: N830MH


Message content:-
#DFB
N1 SPD          5064     5059
HI STG PRESS    6350     6350
INTERM PRESS1    3613     4381
INTERM PRESS2    4305     4327
STRUT OVHT     NRML      NRML
DUCT PRESS       3463     3450
P-COOL TEMP    
-------------------------------------------------------[2024-06-08 09:15:10.560]

SOURCE: AIR
RX_ID: 332, Freq: 131.725MHz
Mode: G NACKLabel: H1 Block ID: 0, Msg No: D40D
Flight ID: DL0024 REG: N830MH


Message content:-
#DFB37447    37569
PACK HX TEMP    36288    35675
PACK FLOW       13409    14244
WING ANTI ICE  OFF
LT  ISO VLV    CLS
RT  ISO VLV    CLS
CTR ISO VLV    OPN

TRIGGER CODE   0000

STATUS WORDS  DW1  DW
-------------------------------------------------------[2024-06-08 09:15:14.436]

SOURCE: AIR
RX_ID: 333, Freq: 131.725MHz
Mode: G NACKLabel: H1 Block ID: 1, Msg No: D40E
Flight ID: DL0024 REG: N830MH


Message content:-
#DFB2  DW3  DW4  DW5  DW6  DW7  DW8  EICAS
LEFT          0000 0081 0000 0000 0000 0040 1040 0000 0004
RIGHT         0000 0001 0000 0000 0000 0040 1040 0000 0000

-------------------------------------------------------[2024-06-08 09:15:18.936]

SOURCE: AIR
RX_ID: 334, Freq: 131.725MHz
Mode: G NACKLabel: H1 Block ID: 0, Msg No: F40A
Flight ID: DL0025 REG: N841MH


Message content:-
#M2BPOSN44386E005437,KOT03,092132,299,ETREK,092900,NOQAS,M39,24245,1180,804D366
-------------------------------------------------------[2024-06-08 09:21:36.612]

SOURCE: AIR
RX_ID: 335, Freq: 131.725MHz
Mode: G NACKLabel: H1 Block ID: 3, Msg No: F41A
Flight ID: DL0025 REG: N841MH


Message content:-
#M2BREJPOS,092308,130,219,RF101,KOTIT391B
-------------------------------------------------------[2024-06-08 09:23:10.598]

SOURCE: AIR
RX_ID: 336, Freq: 131.725MHz
Mode: G ACK, A2GLabel: H1 Block ID: 3, Msg No: F41A
Flight ID: DL0025 REG: N841MH


Message content:-
#M2BREJPOS,092308,130,219,RF101,KOTIT391B
-------------------------------------------------------[2024-06-08 09:23:13.267]

SOURCE: AIR
RX_ID: 337, Freq: 131.725MHz
Mode: G NACKLabel: SA Block ID: 1, Msg No: M66A
Flight ID: TK1366 REG: TC-JHM


Message content:-
0EV092436V
-------------------------------------------------------[2024-06-08 09:24:38.045]

SOURCE: AIR
RX_ID: 338, Freq: 131.725MHz
Mode: G NACKLabel: H1 Block ID: 6, Msg No: D30A
Flight ID: DL0025 REG: N841MH


Message content:-
#DFB239N1817 0025060824092436800 4492   527299 -7-38240 46XX-223116000
 304 449008228653003005ZLFMNKATL
-------------------------------------------------------[2024-06-08 09:24:48.100]

SOURCE: AIR
RX_ID: 339, Freq: 131.725MHz
Mode: X NACKLabel: 83 Block ID: 7, Msg No: M04A
Flight ID: XA0001 REG: CEPL21


Message content:-
001PR08094929N4419.0E00508.0310437    
-------------------------------------------------------[2024-06-08 09:49:35.141]

SOURCE: AIR
RX_ID: 340, Freq: 131.725MHz
Mode: X NACKLabel: H1 Block ID: 7, Msg No: D36C
Flight ID: SN04KE REG: OO-SFH


Message content:-
#DFB2,1.474,1.474,079.51,087.3,088.4,0652,07.964,03305,09.11
S1,05.36,-21.7,038.2,190.9,161.9,467.1,08.2,058.4,031.3,31,127
S2,05.36,-21.7,038.0,188.2,159.8,461.5,08.3,058.5,027.0,31,128
T1,079,098,108.1,003
-------------------------------------------------------[2024-06-08 10:07:18.090]

SOURCE: AIR
RX_ID: 341, Freq: 131.725MHz
Mode: X NACKLabel: H1 Block ID: 1, Msg No: D11A
Flight ID: KL0591 REG: PH-BQK


Message content:-
#DFB(POS-KLM591  -4323N00524E/101548 F330
RMK/FUEL  69.4 M0.84)
-------------------------------------------------------[2024-06-08 10:15:51.113]

SOURCE: AIR
RX_ID: 342, Freq: 131.725MHz
Mode: X NACKLabel: SA Block ID: 1, Msg No: S47A
Flight ID: UA0041 REG: N77014


Message content:-
0EV102700VS
-------------------------------------------------------[2024-06-08 10:27:01.653]

SOURCE: AIR
RX_ID: 343, Freq: 131.825MHz
Mode: 2 NACKLabel: H1 Block ID: 8, Msg No: D10A
Flight ID: NW0113 REG: N828NW


Message content:-
#DFB239039100301010098060
R39/A33039,1,1
239N828NW113 060824102753810 4389   729339-19-48260 56AB0510111480
 282 430-0002953500B020)LIRFKBOS
-------------------------------------------------------[2024-06-08 10:28:09.055]

SOURCE: AIR
RX_ID: 344, Freq: 131.825MHz
Mode: 2 NACKLabel: 15 Block ID: 1, Msg No: M64A
Flight ID: BA016R REG: G-EUUO


Message content:-
FST01EGLLLFMLN43709E0049281 58  41  40     13186      203  10361029
-------------------------------------------------------[2024-06-08 10:31:38.756]

SOURCE: AIR
RX_ID: 345, Freq: 131.825MHz
Mode: 2 NACKLabel: 17 Block ID: 0, Msg No: M18A
Flight ID: NW0113 REG: N828NW


Message content:-
081017 LIRF KBOS7
/FN 0113
PIGOS   10263401759-482520601112181
-------------------------------------------------------[2024-06-08 10:35:28.354]

SOURCE: AIR
RX_ID: 346, Freq: 131.725MHz
Mode: X NACKLabel: H1 Block ID: 5, Msg No: F08A
Flight ID: AZ0614 REG: EI-EJM


Message content:-
#M1BREQPWI/WQ360:ETREK.NOQAS.LERGA.FOUCO.MANAK.TIRAV.MOKOR.BAGAD.ALUTA.TAKAS.SOMAX.N51000W020000.N53000W030000.N53000W040000.N51000W050000.ALLRY.TUSKY/DQ390/WRKBOS.KJFK3AE8
-------------------------------------------------------[2024-06-08 10:41:05.217]

SOURCE: AIR
RX_ID: 347, Freq: 131.725MHz
Mode: X NACKLabel: SA Block ID: 6, Msg No: S66A
Flight ID: AZ0614 REG: EI-EJM


Message content:-
0EV104103VS
-------------------------------------------------------[2024-06-08 10:41:15.056]

SOURCE: AIR
RX_ID: 348, Freq: 131.825MHz
Mode: 2 NACKLabel: H1 Block ID: 2, Msg No: D11A
Flight ID: NW0113 REG: N828NW


Message content:-
#DFB239039100401010098038
R39/A33039,1,1
239N828NW113 060824104755805 4509   443339-19-49246 64AB0510106120
 280 420 0022816500B020)LIRFKBOS
-------------------------------------------------------[2024-06-08 10:48:08.167]

SOURCE: AIR
RX_ID: 349, Freq: 131.825MHz
Mode: 2 NACKLabel: 80 Block ID: 0, Msg No: M12A
Flight ID: YD08KV REG: G-HODL


Message content:-
1301 INRP   09TW/       /     .G-HODL
/ON  0846/IN  0855/FOB 0098
-------------------------------------------------------[2024-06-08 10:56:15.999]

SOURCE: AIR
RX_ID: 350, Freq: 131.825MHz
Mode: 2 NACKLabel: 80 Block ID: 2, Msg No: M14A
Flight ID: YD08KV REG: G-HODL


Message content:-
1101 OFFRP  08KV/   EGKK/     .G-HODL
/OUT 1017/OFF 1028/FOB 0198/ETA     
-------------------------------------------------------[2024-06-08 10:56:29.530]

SOURCE: AIR
RX_ID: 351, Freq: 131.825MHz
Mode: 2 NACKLabel: H1 Block ID: 3, Msg No: D04A
Flight ID: YD08KV REG: G-HODL


Message content:-
#DFBTURG-HODL1549  62GKK EMH 080608463338  29.2 26.3   3440.2221392400
0091DESCA85 08863974863975 -225 1.66 0.740  5.9  2.9 -0.8   1.6 -0.9-
-.--- 13154N39.87E  4.23   2.20139146186 -2.7 -2.8.+++.+++ -0.4  3.
-------------------------------------------------------[2024-06-08 10:56:37.905]

SOURCE: AIR
RX_ID: 352, Freq: 131.725MHz
Mode: G NACKLabel: H1 Block ID: 1, Msg No: C21A
Flight ID: AF7333 REG: F-GMZC


Message content:-
#CFBFLR/FR24060811020030310005SDAC1:NO DATA FROM      PHC1/IDECAM 2,ECAM 1
-------------------------------------------------------[2024-06-08 11:03:44.075]

SOURCE: AIR
RX_ID: 353, Freq: 131.725MHz
Mode: G NACKLabel: H1 Block ID: 2, Msg No: C22A
Flight ID: AF7333 REG: F-GMZC


Message content:-
#CFBFLR/FR24060811020026121506CHECK ENG1 FIRE LOOP B/IDFDU 1
-------------------------------------------------------[2024-06-08 11:04:11.103]

SOURCE: AIR
RX_ID: 354, Freq: 131.725MHz
Mode: G NACKLabel: 2T Block ID: 3, Msg No: M62A
Flight ID: AF7333 REG: F-GMZC


Message content:-
4
-------------------------------------------------------[2024-06-08 11:09:56.594]

SOURCE: AIR
RX_ID: 355, Freq: 131.725MHz
Mode: G NACKLabel: B9 Block ID: 4, Msg No: L09A
Flight ID: AF7333 REG: F-GMZC


Message content:-
/LFLL.TI2/064LFLLAD2FE
-------------------------------------------------------[2024-06-08 11:11:32.045]

SOURCE: AIR
RX_ID: 356, Freq: 131.725MHz
Mode: 2 NACKLabel: 15 Block ID: 9, Msg No: M08A
Flight ID: XA0001 REG: T7RCW


Message content:-
(2N44487E  6144246 43307-40(Z
-------------------------------------------------------[2024-06-08 11:17:13.447]

SOURCE: AIR
RX_ID: 357, Freq: 131.725MHz
Mode: G NACKLabel: H1 Block ID: 0, Msg No: D51D
Flight ID: AF7333 REG: F-GMZC


Message content:-
#DFB3,016/E34345,XXXXX,03480,0192,168/3EN069,189,N0178,073409,018/E44346,0528,03842,0180,165/4EN018,207,N0622,073645,018/E54348,0527,04219,0170,166/5E0016,228,00076,073627,020/E64351,0526,04682,0172,162/6E0008,
-------------------------------------------------------[2024-06-08 11:17:39.671]

SOURCE: AIR
RX_ID: 358, Freq: 131.725MHz
Mode: G NACKLabel: H1 Block ID: 2, Msg No: D51E
Flight ID: AF7333 REG: F-GMZC


Message content:-
#DFB250,00634,073808,015/E74353,0525,05579,0162,155/7E0004,249,N0279,073808,012/E84356,0524,06465,0150,215/8EN002,252,N0030,073808,006/E94358,0522,07409,0130,206/9EN000,245,N0571,073735,011/E04361,0521,08022,01
-------------------------------------------------------[2024-06-08 11:17:47.240]

SOURCE: AIR
RX_ID: 359, Freq: 131.725MHz
Mode: G NACKLabel: H1 Block ID: 3, Msg No: D51F
Flight ID: AF7333 REG: F-GMZC


Message content:-
#DFB17,195/0EN000,250,00130,073772,011/N14364,0520,08739,0100,207/1N0000,249,00059,073754,017/N24367,0519,09452,0082,210/2NN002,249,N0200,073663,022/N34369,0518,10097,0065,209/3NN001,250,N0583,073699,027/N44372
-------------------------------------------------------[2024-06-08 11:17:50.933]

SOURCE: AIR
RX_ID: 360, Freq: 131.725MHz
Mode: G NACKLabel: H1 Block ID: 0, Msg No: D51M
Flight ID: AF7333 REG: F-GMZC


Message content:-
#DFB40/6TN008,293,00007,073046,043/T74454,XXXXX,23507,N230,239/7TN011,279,N0578,072955,042/T84458,XXXXX,23971,N250,237/8TN002,280,00063,072992,042/T94462,0500,24353,N257,237/9TN004,281,N0239,072955,043,/
-------------------------------------------------------[2024-06-08 11:18:40.893]

SOURCE: AIR
RX_ID: 361, Freq: 131.725MHz
Mode: E NACKLabel: H1 Block ID: 7, Msg No: F15A
Flight ID: DK1565 REG: OY-VKI


Message content:-
#M1BRESREQ/AK,1158AF6
-------------------------------------------------------[2024-06-08 11:44:25.070]

SOURCE: AIR
RX_ID: 362, Freq: 131.725MHz
Mode: E NACKLabel: H1 Block ID: 8, Msg No: F16A
Flight ID: DK1565 REG: OY-VKI


Message content:-
#M1BPOSN43201E005582,,114422,400,N43243E006005,114501,N43443E006115,M60,24854,381/TS114422,0608248C72
-------------------------------------------------------[2024-06-08 11:44:28.543]

SOURCE: AIR
RX_ID: 363, Freq: 131.725MHz
Mode: E NACKLabel: H1 Block ID: 0, Msg No: F17A
Flight ID: DK1565 REG: OY-VKI


Message content:-
#M1BRESREQ/AK,1158AF6
-------------------------------------------------------[2024-06-08 11:49:24.919]

SOURCE: AIR
RX_ID: 364, Freq: 131.725MHz
Mode: E NACKLabel: H1 Block ID: 1, Msg No: F18A
Flight ID: DK1565 REG: OY-VKI


Message content:-
#M1BPOSN43585E006194,,114921,400,N44114E006266,115106,N44285E006363,M59,24958,372/TS114921,060824CC11
-------------------------------------------------------[2024-06-08 11:49:28.610]

SOURCE: AIR
RX_ID: 365, Freq: 131.725MHz
Mode: E NACKLabel: H1 Block ID: 1, Msg No: F18A
Flight ID: DK1565 REG: OY-VKI


Message content:-
#M1BPOSN43585E006194,,114921,400,N44114E006266,115106,N44285E006363,M59,24958,372/TS114921,060824CC11
-------------------------------------------------------[2024-06-08 11:49:37.609]

SOURCE: AIR
RX_ID: 366, Freq: 131.725MHz
Mode: E NACKLabel: H1 Block ID: 1, Msg No: F18A
Flight ID: DK1565 REG: OY-VKI


Message content:-
#M1BPOSN43585E006194,,114921,400,N44114E006266,115106,N44285E006363,M59,24958,372/TS114921,060824CC11
-------------------------------------------------------[2024-06-08 11:49:46.239]

SOURCE: AIR
RX_ID: 367, Freq: 131.725MHz
Mode: X NACKLabel: H1 Block ID: 1, Msg No: F18A
Flight ID: DK1565 REG: OY-VKI


Message content:-
#M1BPOSN43585E006194,,114921,400,N44114E006266,115106,N44285E006363,M59,24958,372/TS114921,060824CC11
-------------------------------------------------------[2024-06-08 11:49:53.191]

SOURCE: AIR
RX_ID: 368, Freq: 131.725MHz
Mode: G NACKLabel: H1 Block ID: 5, Msg No: D87C
Flight ID: SN037K REG: OO-SFD


Message content:-
#DFB464,1.463,079.73,087.9,087.5,0630,08.494,03410,09.71
S1,05.76,-17.4,040.4,193.7,169.9,470.8,08.7,060.5,028.0,30,124
S2,05.76,-17.4,041.8,194.8,174.0,463.3,08.4,058.9,025.7,37,136
T1,077,096,111.2,003.3,0
-------------------------------------------------------[2024-06-08 11:49:56.043]

SOURCE: AIR
RX_ID: 369, Freq: 131.725MHz
Mode: G NACKLabel: H1 Block ID: 6, Msg No: D87D
Flight ID: SN037K REG: OO-SFD


Message content:-
#DFB47.3,0.21,0.06,0.05,318,0.25,010.8
T2,076,093,106.2,002.6,047.3,0.17,0.06,0.09,055,0.24,010.7
V1,0426,0368
V2,0426,0352
NO STABLE FRAME CONDITION   :

-------------------------------------------------------[2024-06-08 11:49:59.956]

SOURCE: AIR
RX_ID: 370, Freq: 131.725MHz
Mode: 2 NACKLabel: 15 Block ID: 8, Msg No: M07A
Flight ID: GS0001 REG: CSDXN


Message content:-
(2N43443E  5358--- 23223-21(Z
-------------------------------------------------------[2024-06-08 11:52:25.779]

SOURCE: AIR
RX_ID: 371, Freq: 131.725MHz
Mode: X NACKLabel: H1 Block ID: 2, Msg No: C12A
Flight ID: DK1565 REG: OY-VKI


Message content:-
#CFB.1/FLR/FR2406081153  38314106VSC    1,,,,,,,LAV 13,HARD
-------------------------------------------------------[2024-06-08 11:54:12.285]

SOURCE: AIR
RX_ID: 372, Freq: 131.725MHz
Mode: G NACKLabel: 28 Block ID: 7, Msg No: M74A
Flight ID: SN037K REG: OO-SFD


Message content:-
FZAA,LFMN,LEPA,LEBL,
N 43.759,E  5.440,33005,BEL37K
-------------------------------------------------------[2024-06-08 11:54:14.334]

SOURCE: AIR
RX_ID: 373, Freq: 131.725MHz
Mode: X NACKLabel: H1 Block ID: 4, Msg No: F19A
Flight ID: DK1565 REG: OY-VKI


Message content:-
#M1BRESREQ/AK,1158AF6
-------------------------------------------------------[2024-06-08 11:54:35.223]

SOURCE: AIR
RX_ID: 374, Freq: 131.725MHz
Mode: G NACKLabel: 16 Block ID: 2, Msg No: M75A
Flight ID: SN037K REG: OO-SFD


Message content:-
08JUN24,1201,N 42.917,E  5.477,33052,1836,105960
-------------------------------------------------------[2024-06-08 12:01:08.881]

SOURCE: AIR
RX_ID: 375, Freq: 131.725MHz
Mode: X NACKLabel: SA Block ID: 1, Msg No: S86A
Flight ID: GR0000 REG: 9HFLYIN


Message content:-
0EV122420V/
-------------------------------------------------------[2024-06-08 12:24:33.925]

SOURCE: AIR
RX_ID: 376, Freq: 131.725MHz
Mode: X NACKLabel: SA Block ID: 4, Msg No: S86A
Flight ID: GR0000 REG: 9HFLYIN


Message content:-
0EV122420V/
-------------------------------------------------------[2024-06-08 12:25:22.680]

SOURCE: AIR
RX_ID: 377, Freq: 131.725MHz
Mode: X NACKLabel: SA Block ID: 1, Msg No: S86A
Flight ID: GR0000 REG: 9HFLYIN


Message content:-
0EV122420V/
-------------------------------------------------------[2024-06-08 12:27:16.583]

SOURCE: AIR
RX_ID: 378, Freq: 131.725MHz
Mode: X NACKLabel: SA Block ID: 1, Msg No: S86A
Flight ID: GR0000 REG: 9HFLYIN


Message content:-
0EV122420V/
-------------------------------------------------------[2024-06-08 12:27:32.324]

SOURCE: AIR
RX_ID: 379, Freq: 131.725MHz
Mode: G NACKLabel: SA Block ID: 3, Msg No: S86A
Flight ID: GR0000 REG: 9HFLYIN


Message content:-
0EV122420V/
-------------------------------------------------------[2024-06-08 12:27:39.273]

SOURCE: AIR
RX_ID: 380, Freq: 131.725MHz
Mode: G NACKLabel: SA Block ID: 3, Msg No: S86A
Flight ID: GR0000 REG: 9HFLYIN


Message content:-
0EV122420V/
-------------------------------------------------------[2024-06-08 12:27:48.309]

SOURCE: AIR
RX_ID: 381, Freq: 131.725MHz
Mode: G NACKLabel: SA Block ID: 3, Msg No: S86A
Flight ID: GR0000 REG: 9HFLYIN


Message content:-
0EV122420V/
-------------------------------------------------------[2024-06-08 12:27:58.147]

SOURCE: AIR
RX_ID: 382, Freq: 131.725MHz
Mode: G NACKLabel: SA Block ID: 3, Msg No: S86A
Flight ID: GR0000 REG: 9HFLYIN


Message content:-
0EV122420V/
-------------------------------------------------------[2024-06-08 12:28:09.411]

SOURCE: AIR
RX_ID: 383, Freq: 131.725MHz
Mode: 2 NACKLabel: SA Block ID: 6, Msg No: S86A
Flight ID: GR0000 REG: 9HFLYIN


Message content:-
0EV122420V/
-------------------------------------------------------[2024-06-08 12:28:19.216]

SOURCE: AIR
RX_ID: 384, Freq: 131.725MHz
Mode: X NACKLabel: SA Block ID: 8, Msg No: S86A
Flight ID: GR0000 REG: 9HFLYIN


Message content:-
0EV122420V/
-------------------------------------------------------[2024-06-08 12:28:46.059]

SOURCE: AIR
RX_ID: 385, Freq: 131.725MHz
Mode: G NACKLabel: SA Block ID: 9, Msg No: S86A
Flight ID: GR0000 REG: 9HFLYIN


Message content:-
0EV122420V/
-------------------------------------------------------[2024-06-08 12:28:54.652]

SOURCE: AIR
RX_ID: 386, Freq: 131.725MHz
Mode: G NACKLabel: SA Block ID: 9, Msg No: S86A
Flight ID: GR0000 REG: 9HFLYIN


Message content:-
0EV122420V/
-------------------------------------------------------[2024-06-08 12:29:05.914]

SOURCE: AIR
RX_ID: 387, Freq: 131.725MHz
Mode: G NACKLabel: SA Block ID: 9, Msg No: S86A
Flight ID: GR0000 REG: 9HFLYIN


Message content:-
0EV122420V/
-------------------------------------------------------[2024-06-08 12:29:12.060]

SOURCE: AIR
RX_ID: 388, Freq: 131.725MHz
Mode: X NACKLabel: 16 Block ID: 9, Msg No: M46A
Flight ID: XSMBU6 REG: 2-BBMB


Message content:-
122923,,1605, 283,N 45.620 E  4.441
-------------------------------------------------------[2024-06-08 12:29:25.590]

SOURCE: AIR
RX_ID: 389, Freq: 131.725MHz
Mode: E NACKLabel: 24 Block ID: 1, Msg No: M85A
Flight ID: DL0029 REG: N830MH


Message content:-
081224 LFMN KJFK6
-------------------------------------------------------[2024-06-08 12:30:45.245]

SOURCE: AIR
RX_ID: 390, Freq: 131.725MHz
Mode: E NACKLabel: 17 Block ID: 5, Msg No: M88A
Flight ID: DL0029 REG: N830MH


Message content:-
081217 LFMN KJFK6
KOTIT   12293192009-442370531010280








-------------------------------------------------------[2024-06-08 12:37:59.652]

SOURCE: AIR
RX_ID: 391, Freq: 131.825MHz
Mode: 2 NACKLabel: 1L Block ID: 0, Msg No: M65A
Flight ID: LH085N REG: D-AIRA


Message content:-
00787209218Q)550K4YY5013MTG,1PK+KGYM2 E*+VUUOA(D(JJWWT55O+JK(+
-------------------------------------------------------[2024-06-08 13:07:39.728]

SOURCE: AIR
RX_ID: 392, Freq: 131.825MHz
Mode: 2 NACKLabel: SA Block ID: 1, Msg No: M11A
Flight ID: AH1122 REG: 7T-VKD


Message content:-
0EV133918V
-------------------------------------------------------[2024-06-08 13:39:19.155]

SOURCE: AIR
RX_ID: 393, Freq: 131.825MHz
Mode: 2 NACKLabel: 4T Block ID: 3, Msg No: M72A
Flight ID: AC0891 REG: C-FIUR


Message content:-
AGFSR AC0891/08/08/FCOYYZ/1339Z/735/4432.9N00559.0E/320/CRUISE/0667/0103/M42/244052/0300/---/456/1236/1252/----/----
-------------------------------------------------------[2024-06-08 13:39:19.960]

SOURCE: AIR
RX_ID: 394, Freq: 131.825MHz
Mode: 2 NACKLabel: 16 Block ID: 8, Msg No: M58A
Flight ID: AA0333 REG: N767AJ


Message content:-
POSA1N43794E  6978,PIGOS  ,133658,359,BOD-12 ,134452,,-52, 61,1407,842
-------------------------------------------------------[2024-06-08 13:40:12.402]

SOURCE: AIR
RX_ID: 395, Freq: 131.825MHz
Mode: 2 NACKLabel: SA Block ID: 4, Msg No: M12A
Flight ID: AH1122 REG: 7T-VKD


Message content:-
0EV134422V
-------------------------------------------------------[2024-06-08 13:44:24.093]

SOURCE: AIR
RX_ID: 396, Freq: 131.725MHz
Mode: X NACKLabel: B9 Block ID: 6, Msg No: M56A
Flight ID: ZD0000 REG: GSUGR


Message content:-
/LFMN.TI2/024LFMNA426A
-------------------------------------------------------[2024-06-08 13:46:57.474]

SOURCE: AIR
RX_ID: 397, Freq: 131.825MHz
Mode: 2 NACKLabel: SA Block ID: 7, Msg No: M13A
Flight ID: AH1122 REG: 7T-VKD


Message content:-
0EV134909V
-------------------------------------------------------[2024-06-08 13:49:11.666]

SOURCE: AIR
RX_ID: 398, Freq: 131.825MHz
Mode: 2 NACKLabel: H1 Block ID: 9, Msg No: F23A
Flight ID: AA0333 REG: N767AJ


Message content:-
#M1BPOSN44353E005404,KOT-13,134949,360,ETREK,135716,NOQAS,M53,24163,1378403B
-------------------------------------------------------[2024-06-08 13:49:51.160]

SOURCE: AIR
RX_ID: 399, Freq: 131.825MHz
Mode: 2 NACKLabel: H1 Block ID: 0, Msg No: D48A
Flight ID: AA0333 REG: N767AJ


Message content:-
#DFBTRP LGAV KJFK 07  8 462   0  0 134015
 43.2309   8.7843360005438004860.0280.018 61.13-105.12144000-52 227OFF
 43.3591   8.3203360035429604860.0100.005 63.50-110.39143160-52 227OFF
 43.4719   7.8496359985
-------------------------------------------------------[2024-06-08 13:52:19.056]

SOURCE: AIR
RX_ID: 400, Freq: 131.825MHz
Mode: 2 NACKLabel: H1 Block ID: 1, Msg No: D48B
Flight ID: AA0333 REG: N767AJ


Message content:-
#DFB420804800.0090.005 57.75-116.72142280-52 227OFF
 43.5629   7.3650360025412004830.0130.006 55.25-113.91141400-53 227OFF
 43.7955   6.9549359985403204850.0230.013 58.63-116.02140520-52 227OFF
-------------------------------------------------------[2024-06-08 13:52:26.223]

SOURCE: AIR
RX_ID: 401, Freq: 131.825MHz
Mode: 2 NACKLabel: 5Z Block ID: 2, Msg No: M59A
Flight ID: AA0333 REG: N767AJ


Message content:-
OS KJFK /FTM
S/ETIKI/1514/84/36
MAX FL370
-------------------------------------------------------[2024-06-08 13:52:46.891]

SOURCE: AIR
RX_ID: 402, Freq: 131.825MHz
Mode: 2 NACKLabel: SA Block ID: 0, Msg No: M14A
Flight ID: AH1122 REG: 7T-VKD


Message content:-
0EV135351V
-------------------------------------------------------[2024-06-08 13:53:53.266]

SOURCE: AIR
RX_ID: 403, Freq: 131.825MHz
Mode: 2 NACKLabel: B2 Block ID: 6, Msg No: M60A
Flight ID: AA0333 REG: N767AJ


Message content:-
/PIKCLYA.CLA 1353 240608 EGGX CLRNCE 441AAL333 CLRD TO KJFK VIA ETIKIRANDOM ROUTE48N015W 49N020W 51N030W 52N040W 52N050W TUDEPFM ETIKI/1514 MNTN F360 M084END OF MESSAGE
-------------------------------------------------------[2024-06-08 13:53:54.693]

SOURCE: AIR
RX_ID: 404, Freq: 131.725MHz
Mode: E NACKLabel: SA Block ID: 1, Msg No: M29A
Flight ID: GS0000 REG: F-HPIL


Message content:-
0EV135408V/
-------------------------------------------------------[2024-06-08 13:54:09.796]

SOURCE: AIR
RX_ID: 405, Freq: 131.825MHz
Mode: 2 NACKLabel: SA Block ID: 3, Msg No: M15A
Flight ID: AH1122 REG: 7T-VKD


Message content:-
0EV135843V
-------------------------------------------------------[2024-06-08 13:58:44.268]

SOURCE: AIR
RX_ID: 406, Freq: 131.725MHz
Mode: 2 NACKLabel: 26 Block ID: 7, Msg No: M89A
Flight ID: AF7344 REG: F-GMZC


Message content:-
1418LFPGAF7344/081433LFML13L
-------------------------------------------------------[2024-06-08 14:18:16.538]

SOURCE: AIR
RX_ID: 407, Freq: 131.725MHz
Mode: 2 NACKLabel: 2F Block ID: 8, Msg No: M90A
Flight ID: AF7344 REG: F-GMZC


Message content:-
1418+4437+441/2140
-------------------------------------------------------[2024-06-08 14:18:27.366]

SOURCE: AIR
RX_ID: 408, Freq: 131.725MHz
Mode: E NACKLabel: H1 Block ID: 0, Msg No: D68A
Flight ID: AF7344 REG: F-GMZC


Message content:-
#DFBA01/A32101,1,1/CCF-GMZC,JUN08,140045,LFPG,LFML,7344/C106,99804,5000,51,0010,0,0100,51,X/CEN257,35018,265,782,6836,266,C53025/EC699257,00587,06588,00602,73,32/EE575645,00587,09022,00602,73/N10863,0863,0937,6
-------------------------------------------------------[2024-06-08 14:25:26.407]

SOURCE: AIR
RX_ID: 409, Freq: 131.725MHz
Mode: E NACKLabel: H1 Block ID: 1, Msg No: D68B
Flight ID: AF7344 REG: F-GMZC


Message content:-
#DFB328,1373,XXXXX/N20863,0863,0934,6223,1339,XXXXX/S1XXXXX,0681,1345,4284,XXXX,018,000/S2XXXXX,0643,1335,4297,XXXX,013,001/T1099,089,024,42,086,05257,0188/T2099,096,016,43,079,05191,0161/V105,01,236,085,02,01,
-------------------------------------------------------[2024-06-08 14:25:29.883]

SOURCE: AIR
RX_ID: 410, Freq: 131.725MHz
Mode: E NACKLabel: H1 Block ID: 2, Msg No: D68C
Flight ID: AF7344 REG: F-GMZC


Message content:-
#DFB00000/V209,13,140,198,04,00,00000/V3XX,XX,XXX,XXX,XXXX/V4XX,XX,XXX,XXX,XXXX/V509,01,233,032,0916/V614,07,106,191,0916/V7043,086,00081,22222222222111/V8042,087,00061,22222222222111,/
-------------------------------------------------------[2024-06-08 14:25:33.355]

SOURCE: AIR
RX_ID: 411, Freq: 131.725MHz
Mode: E NACKLabel: 26 Block ID: 3, Msg No: M91A
Flight ID: AF7344 REG: F-GMZC


Message content:-
1429LFPGAF7344/081434LFML13L
-------------------------------------------------------[2024-06-08 14:29:03.093]

SOURCE: AIR
RX_ID: 412, Freq: 131.725MHz
Mode: X NACKLabel: 4H Block ID: 3, Msg No: M08A
Flight ID: DL0149 REG: N843MH


Message content:-
08144H LIRF KJFK6
  
WPR RESET





-------------------------------------------------------[2024-06-08 14:37:57.811]

SOURCE: AIR
RX_ID: 413, Freq: 131.725MHz
Mode: X NACKLabel: H1 Block ID: 5, Msg No: F11A
Flight ID: DL0149 REG: N843MH


Message content:-
#M1BREJPOS,143805,130,219,RF101,TOBGAFE4E
-------------------------------------------------------[2024-06-08 14:38:09.300]

SOURCE: AIR
RX_ID: 414, Freq: 131.725MHz
Mode: X ACK, A2GLabel: H1 Block ID: 5, Msg No: F11A
Flight ID: DL0149 REG: N843MH


Message content:-
#M1BREJPOS,143805,130,219,RF101,TOBGAFE4E
-------------------------------------------------------[2024-06-08 14:38:12.154]

SOURCE: AIR
RX_ID: 415, Freq: 131.725MHz
Mode: E NACKLabel: H1 Block ID: 9, Msg No: F06A
Flight ID: HV628M REG: PH-HSB


Message content:-
#M1BPRG/FNTRA628M/DTEHRD,24O,69,160539,30E49B
-------------------------------------------------------[2024-06-08 14:39:14.215]

SOURCE: AIR
RX_ID: 416, Freq: 131.725MHz
Mode: E NACKLabel: H1 Block ID: 0, Msg No: F07A
Flight ID: HV628M REG: PH-HSB


Message content:-
#M1BPRG/FNTRA628M/DTEHRD,24O,72,160341,30CF3B
-------------------------------------------------------[2024-06-08 14:39:59.088]

SOURCE: AIR
RX_ID: 417, Freq: 131.725MHz
Mode: E NACKLabel: H1 Block ID: 1, Msg No: F08A
Flight ID: HV628M REG: PH-HSB


Message content:-
#M1BPRG/FNTRA628M/DTEHRD,24O,71,160420,30DB67
-------------------------------------------------------[2024-06-08 14:40:25.094]

SOURCE: AIR
RX_ID: 418, Freq: 131.725MHz
Mode: 2 NACKLabel: SA Block ID: 4, Msg No: M73A
Flight ID: XA0000 REG: P4TUNA


Message content:-
0LS081450V/T
-------------------------------------------------------[2024-06-08 14:50:30.899]

SOURCE: AIR
RX_ID: 419, Freq: 131.725MHz
Mode: 2 NACKLabel: H1 Block ID: 6, Msg No: F75A
Flight ID: XA0000 REG: P4TUNA


Message content:-
#M2B/ARINCXA.RESREQ/AK,115/TS145301,080624/GAARINCXA
-------------------------------------------------------[2024-06-08 14:52:58.143]

SOURCE: AIR
RX_ID: 420, Freq: 131.725MHz
Mode: G NACKLabel: 20 Block ID: 7, Msg No: M85A
Flight ID: KL0589 REG: PH-BVS


Message content:-
RST07A08145600KLM589  EHAMDGAA
-------------------------------------------------------[2024-06-08 14:56:26.419]

SOURCE: AIR
RX_ID: 421, Freq: 131.825MHz
Mode: 2 NACKLabel: 80 Block ID: 5, Msg No: M33A
Flight ID: 5C0478 REG: 4X-ICA


Message content:-
6666 POSITION 0478/08 LLNV/KDOV .4X-ICA 
POSITION N43351E007357
ALTITUDE +040000
FOB 0758

-------------------------------------------------------[2024-06-08 14:56:42.655]

SOURCE: AIR
RX_ID: 422, Freq: 131.725MHz
Mode: G NACKLabel: H1 Block ID: 8, Msg No: D40A
Flight ID: KL0589 REG: PH-BVS


Message content:-
#DFB(POS-KLM589  -4322N00545E/150335 F330
RMK/FUEL  44.8 M0.84)
-------------------------------------------------------[2024-06-08 15:03:38.770]

SOURCE: AIR
RX_ID: 423, Freq: 131.825MHz
Mode: 2 NACKLabel: 80 Block ID: 6, Msg No: M34A
Flight ID: 5C0478 REG: 4X-ICA


Message content:-
6666 POSITION 0478/08 LLNV/KDOV .4X-ICA 
POSITION N44093E006307
ALTITUDE +040000
FOB 0748

-------------------------------------------------------[2024-06-08 15:04:42.297]

SOURCE: AIR
RX_ID: 424, Freq: 131.825MHz
Mode: 2 NACKLabel: 80 Block ID: 7, Msg No: M35A
Flight ID: 5C0478 REG: 4X-ICA


Message content:-
6666 POSITION 0478/08 LLNV/KDOV .4X-ICA 
POSITION N44441E005253
ALTITUDE +040004
FOB 0739

-------------------------------------------------------[2024-06-08 15:12:41.529]

SOURCE: AIR
RX_ID: 425, Freq: 131.825MHz
Mode: 2 NACKLabel: 80 Block ID: 8, Msg No: M36A
Flight ID: 5C0478 REG: 4X-ICA


Message content:-
6666 POSITION 0478/08 LLNV/KDOV .4X-ICA 
POSITION N45071E004112
ALTITUDE +040000
FOB 0729

-------------------------------------------------------[2024-06-08 15:20:41.167]

SOURCE: AIR
RX_ID: 426, Freq: 131.725MHz
Mode: G NACKLabel: H1 Block ID: 4, Msg No: D82A
Flight ID: AF7345 REG: F-GMZC


Message content:-
#DFBA04/A32104,1,1/CCF-GMZC,JUN08,153016,LFML,LFPG,0019/C105,01239,4000,00,0000,0,0000,00,X/CE0295,01620,164,255,5980,198,C53025/EC699257,00587,06589,00603,23/EE575645,00587,09023,00603,23/N101,00,00,00,00,01,0
-------------------------------------------------------[2024-06-08 15:31:13.564]

SOURCE: AIR
RX_ID: 427, Freq: 131.725MHz
Mode: G NACKLabel: H1 Block ID: 6, Msg No: D82C
Flight ID: AF7345 REG: F-GMZC


Message content:-
#DFB00/V207,06,226,352,03,01,00000/V3052,077,1,1,00060,00010,2221/V4051,079,1,1,00080,00010,2221/X114734,0230,099,037,1528/X214546,0240,099,038,1501/
-------------------------------------------------------[2024-06-08 15:31:21.353]

SOURCE: AIR
RX_ID: 428, Freq: 131.725MHz
Mode: G NACKLabel: B9 Block ID: 7, Msg No: L14A
Flight ID: AF7345 REG: F-GMZC


Message content:-
/LFPG.TI2/064LFPGA3806
-------------------------------------------------------[2024-06-08 15:40:17.312]

SOURCE: AIR
RX_ID: 429, Freq: 131.725MHz
Mode: G NACKLabel: B9 Block ID: 1, Msg No: L15A
Flight ID: AF7345 REG: F-GMZC


Message content:-
/LFLL.TI2/064LFLLAD2FE
-------------------------------------------------------[2024-06-08 15:40:39.845]

SOURCE: AIR
RX_ID: 430, Freq: 131.725MHz
Mode: G NACKLabel: 2F Block ID: 4, Msg No: M09A
Flight ID: AF7345 REG: F-GMZC


Message content:-
1545+4492+497/3150
-------------------------------------------------------[2024-06-08 15:45:17.344]

SOURCE: AIR
RX_ID: 431, Freq: 131.725MHz
Mode: 2 NACKLabel: 15 Block ID: 0, Msg No: M29A
Flight ID: GS0001 REG: N725QS


Message content:-
(2N44149E  5239--- 23----34(Z
-------------------------------------------------------[2024-06-08 16:03:11.542]

SOURCE: AIR
RX_ID: 432, Freq: 131.825MHz
Mode: 2 NACKLabel: 5Y Block ID: 5, Msg No: M25A
Flight ID: TP862Y REG: CS-TOO


Message content:-
---1706  89N 430903,E  62714,39965,  528500,MS60,242, 64,247,160724,19760
-------------------------------------------------------[2024-06-08 16:07:38.006]

SOURCE: AIR
RX_ID: 433, Freq: 131.825MHz
Mode: 2 NACKLabel: H1 Block ID: 8, Msg No: D20A
Flight ID: 5O0272 REG: F-HIXC


Message content:-
#DFB062,??????,B737-800,240608,5O0272,----.,--06.,0031,FPO002,?????::16.25.09,CR,1288,36000,258,.78,-52.8,-25.8,N4312.1,E00446.6,58914::4000,AUTOMATIC,015::
-------------------------------------------------------[2024-06-08 16:25:46.754]

SOURCE: AIR
RX_ID: 434, Freq: 131.825MHz
Mode: 2 NACKLabel: 16 Block ID: 9, Msg No: M26A
Flight ID: 5O0272 REG: F-HIXC


Message content:-
162832,36005,1726, 101,N 43.584 E  4.778
-------------------------------------------------------[2024-06-08 16:28:33.881]

SOURCE: AIR
RX_ID: 435, Freq: 131.825MHz
Mode: 2 NACKLabel: B9 Block ID: 2, Msg No: M27A
Flight ID: 5O0272 REG: F-HIXC


Message content:-
/LFPG.TI2/024LFPGAF9C0
-------------------------------------------------------[2024-06-08 16:42:01.388]

SOURCE: AIR
RX_ID: 436, Freq: 131.825MHz
Mode: 2 NACKLabel: B9 Block ID: 5, Msg No: M28A
Flight ID: 5O0272 REG: F-HIXC


Message content:-
/LFPG.TI2/024LFPGAF9C0
-------------------------------------------------------[2024-06-08 16:42:18.612]

SOURCE: AIR
RX_ID: 437, Freq: 131.825MHz
Mode: 2 NACKLabel: 16 Block ID: 0, Msg No: M29A
Flight ID: 5O0272 REG: F-HIXC


Message content:-
164333,36001,1726,  89,N 45.559 E  4.992
-------------------------------------------------------[2024-06-08 16:43:35.008]

SOURCE: AIR
RX_ID: 438, Freq: 131.725MHz
Mode: G NACKLabel: H1 Block ID: 8, Msg No: F00A
Flight ID: KL088V REG: PH-EXP


Message content:-
#M2B/B0 LFFF.AFN/FMHKLM88V,.PH-EXP,,170352/FPON44038E004176,1/FCOATC,01/FCOADS,013C7D
-------------------------------------------------------[2024-06-08 17:03:55.589]

SOURCE: AIR
RX_ID: 439, Freq: 131.725MHz
Mode: G NACKLabel: 20 Block ID: 9, Msg No: M37A
Flight ID: KL088V REG: PH-EXP


Message content:-
RST21A08170422KLM88V  LFMTEHAM

-------------------------------------------------------[2024-06-08 17:04:23.823]

SOURCE: AIR
RX_ID: 440, Freq: 131.825MHz
Mode: 2 NACKLabel: 83 Block ID: 0, Msg No: M92A
Flight ID: XA0001 REG: N684AR


Message content:-
001PR08174018N4413.5E00636.72854370085
-------------------------------------------------------[2024-06-08 17:40:19.870]

SOURCE: AIR
RX_ID: 441, Freq: 131.725MHz
Mode: G NACKLabel: 16 Block ID: 1, Msg No: M64A
Flight ID: TK07BP REG: TC-JIR


Message content:-
/N 43.192/E 6.300/40006/0806/180113/0156/2022/
-------------------------------------------------------[2024-06-08 18:01:17.092]

SOURCE: AIR
RX_ID: 442, Freq: 131.725MHz
Mode: G NACKLabel: B9 Block ID: 2, Msg No: J19A
Flight ID: TK07BP REG: TC-JIR


Message content:-
/LTFM.TI2/000LTFMA7745
-------------------------------------------------------[2024-06-08 18:02:17.511]

SOURCE: AIR
RX_ID: 443, Freq: 131.850MHz
Mode: 2 NACKLabel: SA Block ID: 2, Msg No: S92A
Flight ID: FR08AJ REG: EI-EMO


Message content:-
0EV185440V/
-------------------------------------------------------[2024-06-08 18:54:47.476]

SOURCE: AIR
RX_ID: 444, Freq: 131.850MHz
Mode: 2 NACKLabel: 16 Block ID: 9, Msg No: M93A
Flight ID: FR08AJ REG: EI-EMO


Message content:-
190002,,1948, 132,N   .    MMMM.MMM
-------------------------------------------------------[2024-06-08 19:00:04.934]

SOURCE: AIR
RX_ID: 445, Freq: 131.825MHz
Mode: 2 NACKLabel: 5Y Block ID: 8, Msg No: M49A
Flight ID: TP86VC REG: CS-TOO


Message content:-
---2143 155N 433618,E  63130,39003,  407875,MS59,240, 60,254,193648,34280
-------------------------------------------------------[2024-06-08 19:36:55.307]

SOURCE: AIR
RX_ID: 446, Freq: 131.725MHz
Mode: 2 NACKLabel: SA Block ID: 2, Msg No: S95A
Flight ID: TO8152 REG: F-HTVU


Message content:-
0EV194030V/
-------------------------------------------------------[2024-06-08 19:40:34.415]

SOURCE: AIR
RX_ID: 447, Freq: 131.825MHz
Mode: 2 NACKLabel: SA Block ID: 6, Msg No: S83A
Flight ID: FRRYR5 REG: EI-EBZ


Message content:-
0EV200347V/
-------------------------------------------------------[2024-06-08 20:03:49.144]

SOURCE: AIR
RX_ID: 448, Freq: 131.825MHz
Mode: 2 NACKLabel: B9 Block ID: 7, Msg No: M28A
Flight ID: FRRYR5 REG: EI-EBZ


Message content:-
/EIDW.TI2/024EIDWA1982
-------------------------------------------------------[2024-06-08 20:04:17.604]

SOURCE: AIR
RX_ID: 449, Freq: 131.825MHz
Mode: 2 NACKLabel: 16 Block ID: 0, Msg No: M29A
Flight ID: FRRYR5 REG: EI-EBZ


Message content:-
200542,,2221, 184,N   .    MMMM.MMM
-------------------------------------------------------[2024-06-08 20:05:44.455]

SOURCE: AIR
RX_ID: 450, Freq: 131.525MHz
Mode: T NACKLabel: B9 Block ID: 9, Msg No: L03A
Flight ID: AF7342 REG: F-GMZD


Message content:-
/LFMN.TI2/064LFMNA83AC
-------------------------------------------------------[2024-06-08 20:31:38.460]

SOURCE: AIR
RX_ID: 451, Freq: 131.525MHz
Mode: T NACKLabel: 2F Block ID: 2, Msg No: M17A
Flight ID: AF7342 REG: F-GMZD


Message content:-
2033+4461+455/2149
-------------------------------------------------------[2024-06-08 20:33:57.139]

SOURCE: AIR
RX_ID: 452, Freq: 131.525MHz
Mode: T NACKLabel: 26 Block ID: 3, Msg No: M18A
Flight ID: AF7342 REG: F-GMZD


Message content:-
2036LFPGAF7342/082051LFML13L
-------------------------------------------------------[2024-06-08 20:36:02.879]

SOURCE: AIR
RX_ID: 453, Freq: 131.725MHz
Mode: G NACKLabel: H1 Block ID: 7, Msg No: D11B
Flight ID: AF7342 REG: F-GMZD


Message content:-
#DFB202,1428,XXXXX/N20850,0850,0937,6047,1408,XXXXX/S1XXXXX,0721,1448,4367,XXXX,022,N00/S2XXXXX,0702,1444,4308,XXXX,023,N00/T1099,096,029,41,088,06064,0135/T2099,095,019,39,090,06045,0131/V102,04,262,040,07,00,
-------------------------------------------------------[2024-06-08 20:41:48.553]

SOURCE: AIR
RX_ID: 454, Freq: 131.725MHz
Mode: G NACKLabel: H1 Block ID: 8, Msg No: D11C
Flight ID: AF7342 REG: F-GMZD


Message content:-
#DFB00000/V205,01,084,290,05,00,00000/V3XX,XX,XXX,XXX,XXXX/V4XX,XX,XXX,XXX,XXXX/V502,00,348,067,0915/V603,03,054,348,0915/V7042,086,00061,22222222222111/V8043,084,00081,22222222222111,/
-------------------------------------------------------[2024-06-08 20:41:52.244]

SOURCE: AIR
RX_ID: 455, Freq: 131.725MHz
Mode: G NACKLabel: H1 Block ID: 9, Msg No: D12A
Flight ID: AF7342 REG: F-GMZD


Message content:-
#DFBA02/A32102,1,1/CCF-GMZD,JUN08,201715,LFPG,LFML,0082/C106,10201,5000,64,0010,0,0100,56,X/CEN180,30999,273,741,7342,245,C51020/CNN155,31026,273,742,7342,245/EC577521,00778,02285,00792,73,29,15/EE577523,30398,
-------------------------------------------------------[2024-06-08 20:42:18.649]

SOURCE: AIR
RX_ID: 456, Freq: 131.725MHz
Mode: G NACKLabel: H1 Block ID: 0, Msg No: D12B
Flight ID: AF7342 REG: F-GMZD


Message content:-
#DFB00349,27364,73/N10847,0847,0937,6159,1412,XXXXX/N20847,0847,0934,6002,1389,XXXXX/S1XXXXX,0710,1437,4342,XXXX,024,N00/S2XXXXX,0691,1433,4280,XXXX,025,N00/T1099,096,028,41,090,06058,0135/T2099,095,019,39,091,
-------------------------------------------------------[2024-06-08 20:42:22.745]

SOURCE: AIR
RX_ID: 457, Freq: 131.725MHz
Mode: G NACKLabel: H1 Block ID: 1, Msg No: D12C
Flight ID: AF7342 REG: F-GMZD


Message content:-
#DFB06041,0131/V103,05,266,044,07,00,00000/V205,01,083,296,05,00,00000/V3XX,XX,XXX,XXX,XXXX/V4XX,XX,XXX,XXX,XXXX/V502,00,348,067,0915/V603,03,054,348,0915/V7042,087,00061,22222222222111/V8042,084,00081,22222222
-------------------------------------------------------[2024-06-08 20:42:26.623]

SOURCE: AIR
RX_ID: 458, Freq: 131.725MHz
Mode: G NACKLabel: H1 Block ID: 2, Msg No: D12D
Flight ID: AF7342 REG: F-GMZD


Message content:-
#DFB222111/X102739,N000,0022,N002,N0010,N022/X202857,N007,0021,N002,N0010,N023/X3N007,0000,N010,N007,N006,N005,0000/X40000,0000,N000,0000,0000,0000/X5N000,N002,N000,N000,0000,0000/X61601,E0033,N465,032,244,0175
-------------------------------------------------------[2024-06-08 20:42:30.936]

SOURCE: AIR
RX_ID: 459, Freq: 131.725MHz
Mode: G NACKLabel: H1 Block ID: 3, Msg No: D12E
Flight ID: AF7342 REG: F-GMZD


Message content:-
#DFB,0784/X71601,E0033,N464,032,242,0165,0787,/
-------------------------------------------------------[2024-06-08 20:42:34.632]

SOURCE: AIR
RX_ID: 460, Freq: 131.725MHz
Mode: G NACKLabel: 26 Block ID: 4, Msg No: M19A
Flight ID: AF7342 REG: F-GMZD


Message content:-
2046LFPGAF7342/082051LFML13L
-------------------------------------------------------[2024-06-08 20:46:03.124]

SOURCE: AIR
RX_ID: 461, Freq: 131.725MHz
Mode: G NACKLabel: 2F Block ID: 5, Msg No: M20A
Flight ID: AF7342 REG: F-GMZD


Message content:-
2048+4350+511/0246
-------------------------------------------------------[2024-06-08 20:48:59.658]

SOURCE: AIR
RX_ID: 462, Freq: 131.825MHz
Mode: 2 NACKLabel: 16 Block ID: 2, Msg No: M39A
Flight ID: XSMBU6 REG: 2-UTMH


Message content:-
210154,36005,2159, 129,N 45.055 E  4.308
-------------------------------------------------------[2024-06-08 21:01:56.512]

SOURCE: AIR
RX_ID: 463, Freq: 131.725MHz
Mode: 2 NACKLabel: H1 Block ID: 0, Msg No: C02A
Flight ID: TU0725 REG: TS-IMR


Message content:-
#CFBWRN/WN24060821520046200006DATALINK ATC FAULT      
-------------------------------------------------------[2024-06-08 21:53:00.892]

