SOURCE: AIR
RX_ID: 2319, Freq: 131.725MHz
Mode: G NACKLabel: B9 Block ID: 4, Msg No: J02A
Flight ID: SN09ZB REG: OO-SFG


Message content:-
/LSGG.TI2/000LSGGAFE93
-------------------------------------------------------[2024-07-26 01:41:19.936]

SOURCE: AIR
RX_ID: 2320, Freq: 131.825MHz
Mode: 2 NACKLabel: 15 Block ID: 4, Msg No: M26A
Flight ID: BA2066 REG: G-YMME


Message content:-
FST01DGAAEGKKN434860E0047624380 144 357 M53C  701635435547211600003260211
-------------------------------------------------------[2024-07-26 02:11:44.749]

SOURCE: AIR
RX_ID: 2321, Freq: 131.825MHz
Mode: 2 NACKLabel: B6 Block ID: 6, Msg No: F91A
Flight ID: BA2066 REG: G-YMME


Message content:-
/QUKAXBA.ADS.G-YMME071F03381B0009470BE29D574C
-------------------------------------------------------[2024-07-26 02:12:42.720]

SOURCE: AIR
RX_ID: 2322, Freq: 131.825MHz
Mode: 2 NACKLabel: H1 Block ID: 8, Msg No: F92A
Flight ID: BA2066 REG: G-YMME


Message content:-
#M1BPRG/TS021612,260724/DTEGKK,26L,189,032659,/PR4379,302,380,305,,130,57,,,30,P25,P0,,,,,,,M372BD8
-------------------------------------------------------[2024-07-26 02:16:14.069]

SOURCE: AIR
RX_ID: 2323, Freq: 131.825MHz
Mode: 2 NACKLabel: 15 Block ID: 9, Msg No: M27A
Flight ID: BA2066 REG: G-YMME


Message content:-
FST01DGAAEGKKN447846E0045913380 134 367 M54C 1130035235446911600003260221
-------------------------------------------------------[2024-07-26 02:21:45.007]

SOURCE: AIR
RX_ID: 2324, Freq: 131.825MHz
Mode: 2 NACKLabel: 2F Block ID: 1, Msg No: M83A
Flight ID: AF0977 REG: F-GZCF


Message content:-
0241+4351+459/4190
FOOL/LFPG/40999//-59/0.80/152761/143673//URELO  //+1/009
-------------------------------------------------------[2024-07-26 02:41:31.301]

SOURCE: AIR
RX_ID: 2325, Freq: 131.725MHz
Mode: E NACKLabel: B6 Block ID: 4, Msg No: J09A
Flight ID: AF0863 REG: F-GZCB


Message content:-
/ACCFAYA.ADS.F-GZCB071EFAF81A9AC9C3F0181D0C0464B8DB38200E7D70E500000F7D91940000BBEE
-------------------------------------------------------[2024-07-26 02:51:21.098]

SOURCE: AIR
RX_ID: 2326, Freq: 131.725MHz
Mode: E NACKLabel: B6 Block ID: 4, Msg No: J09A
Flight ID: AF0863 REG: F-GZCB


Message content:-
/ACCFAYA.ADS.F-GZCB071EFAF81A9AC9C3F0181D0C0464B8DB38200E7D70E500000F7D91940000BBEE
-------------------------------------------------------[2024-07-26 02:51:27.242]

SOURCE: AIR
RX_ID: 2327, Freq: 131.825MHz
Mode: 2 NACKLabel: 26 Block ID: 3, Msg No: M84A
Flight ID: AF0977 REG: F-GZCF


Message content:-
0253FOOLAF0977/260338LFPG26L
-------------------------------------------------------[2024-07-26 02:53:03.532]

SOURCE: AIR
RX_ID: 2328, Freq: 131.725MHz
Mode: X NACKLabel: 2F Block ID: 7, Msg No: M78A
Flight ID: AF0863 REG: F-GZCB


Message content:-
0254+4393+461/4091
DXXX/LFPG/40001//-56/0.81/162086/152979//URELO  //-30/006
-------------------------------------------------------[2024-07-26 02:54:15.981]

SOURCE: AIR
RX_ID: 2329, Freq: 131.725MHz
Mode: X NACKLabel: H1 Block ID: 0, Msg No: F87A
Flight ID: SN038K REG: OO-SFF


Message content:-
#M1BRESPWI/AK,71605F
-------------------------------------------------------[2024-07-26 02:59:37.739]

SOURCE: AIR
RX_ID: 2330, Freq: 131.725MHz
Mode: 2 NACKLabel: 26 Block ID: 3, Msg No: M79A
Flight ID: AF0863 REG: F-GZCB


Message content:-
0300DXXXAF0863/260345LFPG26L
-------------------------------------------------------[2024-07-26 03:00:04.365]

SOURCE: AIR
RX_ID: 2331, Freq: 131.725MHz
Mode: 2 NACKLabel: B6 Block ID: 4, Msg No: J12A
Flight ID: AF0863 REG: F-GZCB


Message content:-
/ACCFAYA.ADS.F-GZCB071FDDD0195949C441181D0C0464B8DB38200E7D68E37FF80F7CC196FFF85E1C
-------------------------------------------------------[2024-07-26 03:01:12.753]

SOURCE: AIR
RX_ID: 2332, Freq: 131.725MHz
Mode: G NACKLabel: 26 Block ID: 9, Msg No: M57A
Flight ID: AF0995 REG: F-GZNH


Message content:-
0301FAORAF0995/25
0346LFPG26L 
-------------------------------------------------------[2024-07-26 03:01:33.636]

SOURCE: AIR
RX_ID: 2333, Freq: 131.725MHz
Mode: E NACKLabel: 4H Block ID: 7, Msg No: M38A
Flight ID: DL0232 REG: N1605


Message content:-
25034H KJFK LIRN6
  
WPR RESET





-------------------------------------------------------[2024-07-26 03:17:47.288]

SOURCE: AIR
RX_ID: 2334, Freq: 131.725MHz
Mode: E NACKLabel: H1 Block ID: 9, Msg No: F47A
Flight ID: DL0232 REG: N1605


Message content:-
#M2BREJPOS,031754,130,219,RF101,YAHOO.130,219,RF101,SUPRY.130,219,RF101,N47W040.130,219,RF101,N49W020.130,219,RF101,DEGEXB214
-------------------------------------------------------[2024-07-26 03:17:57.527]

SOURCE: AIR
RX_ID: 2335, Freq: 131.725MHz
Mode: E ACK, A2GLabel: H1 Block ID: 9, Msg No: F47A
Flight ID: DL0232 REG: N1605


Message content:-
#M2BREJPOS,031754,130,219,RF101,YAHOO.130,219,RF101,SUPRY.130,219,RF101,N47W040.130,219,RF101,N49W020.130,219,RF101,DEGEXB214
-------------------------------------------------------[2024-07-26 03:17:59.761]

SOURCE: AIR
RX_ID: 2336, Freq: 131.825MHz
Mode: 2 NACKLabel: H1 Block ID: 3, Msg No: D47B
Flight ID: AA720P REG: N753AN


Message content:-
#DFB168004750.0160.013 43.50 -99.84 47000-57 197OFF
 45.8046   2.0388390014162004750.0140.013 37.88 -98.44 46400-56 197OFF
 45.6068   2.5636390034155604790.0090.006 27.62-100.20 45760-57 197OFF
-------------------------------------------------------[2024-07-26 03:29:42.486]

SOURCE: AIR
RX_ID: 2337, Freq: 131.725MHz
Mode: G NACKLabel: B6 Block ID: 3, Msg No: F27A
Flight ID: KL0590 REG: PH-BVR


Message content:-
/ACCFAYA.ADS.PH-BVR071F14381A0D884D1C461D0C2CC375E708200E7F88F880040F7F89A54004C961
-------------------------------------------------------[2024-07-26 03:30:11.521]

SOURCE: AIR
RX_ID: 2338, Freq: 131.825MHz
Mode: 2 NACKLabel: 16 Block ID: 4, Msg No: M17A
Flight ID: AA720P REG: N753AN


Message content:-
POSA1N44575E  5093,RET-13 ,033040,389,RET-14 ,033540,,-55, 11, 417,844
-------------------------------------------------------[2024-07-26 03:32:35.139]

SOURCE: AIR
RX_ID: 2339, Freq: 131.725MHz
Mode: G NACKLabel: 20 Block ID: 4, Msg No: M36A
Flight ID: KL0590 REG: PH-BVR


Message content:-
RST07A26033300KLM590  DGAAEHAM
-------------------------------------------------------[2024-07-26 03:33:25.064]

SOURCE: AIR
RX_ID: 2340, Freq: 131.825MHz
Mode: 2 NACKLabel: H1 Block ID: 5, Msg No: F49A
Flight ID: AA720P REG: N753AN


Message content:-
#M1BPRG/DTLIRF,16L,313,044922,046/FNAAL720P1E9A
-------------------------------------------------------[2024-07-26 03:34:01.741]

SOURCE: AIR
RX_ID: 2341, Freq: 131.825MHz
Mode: 2 NACKLabel: H1 Block ID: 6, Msg No: F50A
Flight ID: AA720P REG: N753AN


Message content:-
#M1BPOSN44214E005363,RET-14,033541,390,KOL-15,034411,RAP-16,M55,32911,41997A3
-------------------------------------------------------[2024-07-26 03:35:43.339]

SOURCE: AIR
RX_ID: 2342, Freq: 131.725MHz
Mode: G NACKLabel: B6 Block ID: 7, Msg No: F29A
Flight ID: KL0590 REG: PH-BVR


Message content:-
/ACCFAYA.ADS.PH-BVR141FAED019E6484D22061D0D2021E019C8484D01112084E019ADC84D007059
-------------------------------------------------------[2024-07-26 03:36:19.945]

SOURCE: AIR
RX_ID: 2343, Freq: 131.825MHz
Mode: 2 NACKLabel: H1 Block ID: 1, Msg No: F61A
Flight ID: AC0904 REG: C-FIVW


Message content:-
#M2BRESPWI/AC,91ECA8
-------------------------------------------------------[2024-07-26 03:37:01.561]

SOURCE: AIR
RX_ID: 2344, Freq: 131.725MHz
Mode: X NACKLabel: B9 Block ID: 3, Msg No: L11A
Flight ID: CV492U REG: LX-UCV


Message content:-
/EHAM.TI2/024EHAMA687E
-------------------------------------------------------[2024-07-26 03:38:51.313]

SOURCE: AIR
RX_ID: 2345, Freq: 131.725MHz
Mode: G NACKLabel: B6 Block ID: 9, Msg No: F31A
Flight ID: KL0590 REG: PH-BVR


Message content:-
/ACCFAYA.ADS.PH-BVR07200D3819B7C84D25861D0C2CC375E708200E7E88FB80000F7DE1A58000176B
-------------------------------------------------------[2024-07-26 03:40:03.800]

SOURCE: AIR
RX_ID: 2346, Freq: 131.825MHz
Mode: 2 NACKLabel: H1 Block ID: 2, Msg No: F62A
Flight ID: AC0904 REG: C-FIVW


Message content:-
#M2BPRG/DTLIRF,16R,254,044322,1161E94
-------------------------------------------------------[2024-07-26 03:41:02.205]

SOURCE: AIR
RX_ID: 2347, Freq: 131.825MHz
Mode: 2 NACKLabel: SA Block ID: 5, Msg No: M27A
Flight ID: QY1684 REG: OE-LNL


Message content:-
0EV034126V
-------------------------------------------------------[2024-07-26 03:41:48.109]

SOURCE: AIR
RX_ID: 2348, Freq: 131.825MHz
Mode: 2 NACKLabel: SA Block ID: 3, Msg No: S46A
Flight ID: AC0904 REG: C-FIVW


Message content:-
0LH034216VS
-------------------------------------------------------[2024-07-26 03:42:18.202]

SOURCE: AIR
RX_ID: 2349, Freq: 131.825MHz
Mode: 2 NACKLabel: 4T Block ID: 5, Msg No: M17A
Flight ID: AC0904 REG: C-FIVW


Message content:-
AGFSR AC0904/25/26/YULFCO/0344Z/743/4329.8N00507.1E/390/CRUISE/0159/0465/M55/046006/0256/105/471/2117/2139/----/----
-------------------------------------------------------[2024-07-26 03:44:22.109]

SOURCE: AIR
RX_ID: 2350, Freq: 131.825MHz
Mode: 2 NACKLabel: H1 Block ID: 9, Msg No: D48B
Flight ID: AA720P REG: N753AN


Message content:-
#DFB136404830.0070.005 15.63 -57.30 43840-56 197OFF
 44.7801   4.5980389964130004800.0130.012 12.88 -45.35 43200-56 197OFF
 44.5698   5.0896389994123604830.0150.011  7.88 -35.86 42560-55 197OFF
-------------------------------------------------------[2024-07-26 03:44:43.212]

SOURCE: AIR
RX_ID: 2351, Freq: 131.825MHz
Mode: 2 NACKLabel: 4T Block ID: 5, Msg No: M17A
Flight ID: AC0904 REG: C-FIVW


Message content:-
AGFSR AC0904/25/26/YULFCO/0344Z/743/4329.8N00507.1E/390/CRUISE/0159/0465/M55/046006/0256/105/471/2117/2139/----/----
-------------------------------------------------------[2024-07-26 03:44:53.856]

SOURCE: AIR
RX_ID: 2352, Freq: 131.825MHz
Mode: 2 NACKLabel: H1 Block ID: 1, Msg No: F13A
Flight ID: QY1956 REG: OE-LNA


Message content:-
#M1BPOSN44127E004442,,034452,151,RIKSI,034551,AVN,P3,25219,111,8978
-------------------------------------------------------[2024-07-26 03:44:54.663]

SOURCE: AIR
RX_ID: 2353, Freq: 131.825MHz
Mode: 2 NACKLabel: H1 Block ID: 6, Msg No: D27A
Flight ID: AA0236 REG: N768AA


Message content:-
#DFBTRP KJFK LIRF 07  8  35   0  0 033331
 45.8049   2.0211390004172004820.0110.009 36.63-100.20 37200-55 197OFF
 45.6053   2.5524390034165604880.0120.010 26.37-106.87 36560-55 197OFF
 45.4056   3.0733390004
-------------------------------------------------------[2024-07-26 03:45:35.002]

SOURCE: AIR
RX_ID: 2354, Freq: 131.725MHz
Mode: X NACKLabel: H1 Block ID: 7, Msg No: D18A
Flight ID: CV492U REG: LX-UCV


Message content:-
#DFB600LX-UCVCLX492HKJKEHAM260724 167ER0345262280CLXA23010809081208112
69227002699-2038-1944-19323598636001359842751382751382275229422302254
 110946634638465300011100001111 441157 441162 441157  47710  47709 
-------------------------------------------------------[2024-07-26 03:45:38.031]

SOURCE: AIR
RX_ID: 2355, Freq: 131.725MHz
Mode: X NACKLabel: H1 Block ID: 8, Msg No: D18B
Flight ID: CV492U REG: LX-UCV


Message content:-
#DFB 4
7710 3488 3489 3488  06  02  00 3500 3497 3501  0000 0000    0    0  
  00787  17    0 6486 6441 6441 6577    0    0-----   22  18872372   
 01288 14 15 15 13357068357068 2550 2550))))))))))))    0133
-------------------------------------------------------[2024-07-26 03:45:41.326]

SOURCE: AIR
RX_ID: 2356, Freq: 131.825MHz
Mode: 2 NACKLabel: H1 Block ID: 7, Msg No: D27B
Flight ID: AA0236 REG: N768AA


Message content:-
#DFB159204800.0050.004 22.87 -89.30 35920-55 197OFF
 45.2055   3.5898390004152804830.0050.003 17.12 -76.29 35280-55 197OFF
 45.0307   4.1207390054146404840.0100.008 13.13 -66.80 34640-55 197OFF
-------------------------------------------------------[2024-07-26 03:45:41.983]

SOURCE: AIR
RX_ID: 2357, Freq: 131.725MHz
Mode: X NACKLabel: H1 Block ID: 9, Msg No: D18C
Flight ID: CV492U REG: LX-UCV


Message content:-
#DFB813660537
01313426 3901 3810)))))------------------------ 886 884 881 883 909 9
07 905 912 850 849 851 8515043506749885029-497-490-488  39  38  40  0
4  02  03  32  31  31 -08 02 03  05 -02 -02  04  02 -
-------------------------------------------------------[2024-07-26 03:45:45.016]

SOURCE: AIR
RX_ID: 2358, Freq: 131.725MHz
Mode: X NACKLabel: H1 Block ID: 0, Msg No: D18D
Flight ID: CV492U REG: LX-UCV


Message content:-
#DFB01 -05 -06  14  
17 00 00 00 00-0001 0000-0004-00011 00006-00023 0003 0004 00061521152
115211521
-------------------------------------------------------[2024-07-26 03:45:48.491]

SOURCE: AIR
RX_ID: 2359, Freq: 131.825MHz
Mode: 2 NACKLabel: HX Block ID: 2, Msg No: S49A
Flight ID: AA0236 REG: N768AA


Message content:-
- #T19999AAFLT 0236 ARR FCO   
ARR T3  BAG      
-------------------------------------------------------[2024-07-26 03:57:10.739]

SOURCE: AIR
RX_ID: 2360, Freq: 131.725MHz
Mode: X NACKLabel: 16 Block ID: 6, Msg No: M53A
Flight ID: SN04KE REG: OO-SFE


Message content:-
26JUL24,0400,N 44.207,E  4.918,38001,0513,25640
-------------------------------------------------------[2024-07-26 04:00:29.772]

SOURCE: AIR
RX_ID: 2361, Freq: 131.725MHz
Mode: X NACKLabel: H1 Block ID: 8, Msg No: F11A
Flight ID: ZF2604 REG: TF-AMU


Message content:-
#M1BPOSN44018E004575,,040036,360,MTL15,040440,ETR16,M50,0405,465,84,9104
-------------------------------------------------------[2024-07-26 04:00:45.125]

SOURCE: AIR
RX_ID: 2362, Freq: 131.725MHz
Mode: X NACKLabel: 16 Block ID: 9, Msg No: M33A
Flight ID: P47578 REG: 5N-BWI


Message content:-
POSA1N43755E  4533,MRM-15 ,040134,379,MTL-16 ,041031,,-51, 12, 191,836
-------------------------------------------------------[2024-07-26 04:04:28.141]

SOURCE: AIR
RX_ID: 2363, Freq: 131.725MHz
Mode: X NACKLabel: B9 Block ID: 7, Msg No: J42A
Flight ID: SN04KE REG: OO-SFE


Message content:-
/EBBR.TI2/000EBBRA2C8A
-------------------------------------------------------[2024-07-26 04:04:33.261]

SOURCE: AIR
RX_ID: 2364, Freq: 131.825MHz
Mode: 2 NACKLabel: H1 Block ID: 3, Msg No: F05A
Flight ID: AA0240 REG: N760AN


Message content:-
#M1BPOSN45292E005176,RUB-24,040617,390,GIP-25,040713,BAL-26,M55,29421,4085AE3
-------------------------------------------------------[2024-07-26 04:06:19.394]

SOURCE: AIR
RX_ID: 2365, Freq: 131.725MHz
Mode: X NACKLabel: H1 Block ID: 0, Msg No: F12A
Flight ID: ZF2604 REG: TF-AMU


Message content:-
#M1BPOSN45048E004418,,040836,360,ETR16,040928,MAD17,M51,28815,437,84,6FAA
-------------------------------------------------------[2024-07-26 04:08:41.371]

SOURCE: AIR
RX_ID: 2366, Freq: 131.825MHz
Mode: 2 NACKLabel: H1 Block ID: 5, Msg No: F07A
Flight ID: AA0240 REG: N760AN


Message content:-
#M1BPOSN45194E005524,BAL-26,040930,390,OBI-27,041222,ROBEX,M55,29617,4012E5B
-------------------------------------------------------[2024-07-26 04:09:32.355]

SOURCE: AIR
RX_ID: 2367, Freq: 131.725MHz
Mode: X NACKLabel: B9 Block ID: 1, Msg No: L01A
Flight ID: ZF2604 REG: TF-AMU


Message content:-
/EBLG.TI2/024EBLGAAD4F
-------------------------------------------------------[2024-07-26 04:11:35.852]

SOURCE: AIR
RX_ID: 2368, Freq: 131.825MHz
Mode: 2 NACKLabel: H1 Block ID: 6, Msg No: D09A
Flight ID: AA0240 REG: N760AN


Message content:-
#DFBTRP KDFW LIRF 07  8 906   4  0 040114
 46.2890   2.1063390034286004730.0080.005 44.13 -99.14 44400-56 197OFF
 46.1627   2.6906389994279604770.0100.007 36.88-104.06 43760-56 197OFF
 46.0346   3.2677390014
-------------------------------------------------------[2024-07-26 04:13:18.473]

SOURCE: AIR
RX_ID: 2369, Freq: 131.725MHz
Mode: G NACKLabel: H1 Block ID: 5, Msg No: C01A
Flight ID: AF7343 REG: F-GMZA


Message content:-
#CFBFLR/FR24072604110030310005SDAC2:NO DATA FROM      PHC1/IDECAM 2,ECAM 1
-------------------------------------------------------[2024-07-26 04:13:18.876]

SOURCE: AIR
RX_ID: 2370, Freq: 131.725MHz
Mode: X NACKLabel: B9 Block ID: 0, Msg No: L10A
Flight ID: P47578 REG: 5N-BWI


Message content:-
/EGKK.TI2/046EGKKAFB92
-------------------------------------------------------[2024-07-26 04:15:14.185]

SOURCE: AIR
RX_ID: 2371, Freq: 131.725MHz
Mode: G NACKLabel: B9 Block ID: 0, Msg No: L02A
Flight ID: AF7343 REG: F-GMZA


Message content:-
/LFPG.TI2/064LFPGA3806
-------------------------------------------------------[2024-07-26 04:25:45.776]

SOURCE: AIR
RX_ID: 2372, Freq: 131.725MHz
Mode: G NACKLabel: 2F Block ID: 7, Msg No: M12A
Flight ID: AF7343 REG: F-GMZA


Message content:-
0427+4471+481/2651
-------------------------------------------------------[2024-07-26 04:27:03.600]

SOURCE: AIR
RX_ID: 2373, Freq: 131.725MHz
Mode: E NACKLabel: H1 Block ID: 4, Msg No: F07A
Flight ID: DL0028 REG: N837MH


Message content:-
#M1BPOSN44295E005043,NISAR,052026,340,XIRBI,052150,DOTIG,M44,24110,226,808AFBB
-------------------------------------------------------[2024-07-26 05:20:31.201]

SOURCE: AIR
RX_ID: 2374, Freq: 131.725MHz
Mode: E NACKLabel: H1 Block ID: 5, Msg No: D76A
Flight ID: DL0028 REG: N837MH


Message content:-
#DFB239N1813 0028072624052451739 4415   563244  6-21245  9XX-223 23400
 313 46000321339500B0GMYKJFKLFMN
-------------------------------------------------------[2024-07-26 05:25:11.373]

SOURCE: AIR
RX_ID: 2375, Freq: 131.725MHz
Mode: E NACKLabel: H1 Block ID: 6, Msg No: D77A
Flight ID: DL0028 REG: N837MH


Message content:-
#DFBENGINE BLEED REPORT

AID:N1813  DA:26/07    GMT:05:27    FNO:2336      ISFC: 4094
TAT: 144  SAT: -80   ALT: 18860   MACH:0653    FCNT:  362
GW:309920  FLT:0028-1  MODE:DESC    SID:AK-67-223
S/N L:70616
-------------------------------------------------------[2024-07-26 05:27:43.147]

SOURCE: AIR
RX_ID: 2376, Freq: 131.725MHz
Mode: E NACKLabel: H1 Block ID: 7, Msg No: D77B
Flight ID: DL0028 REG: N837MH


Message content:-
#DFB3         DEPART:KJFK    DESTIN:LFMN
S/N R:706205

               ENG L     ENG R
HPSOV          OPN       OPN
PRV            OPN       OPN
PRSOV          OPN       OPN
FAV %            -169     -197
-------------------------------------------------------[2024-07-26 05:27:47.243]

SOURCE: AIR
RX_ID: 2377, Freq: 131.725MHz
Mode: E NACKLabel: H1 Block ID: 8, Msg No: D77C
Flight ID: DL0028 REG: N837MH


Message content:-
#DFB
N1 SPD          4088     4063
HI STG PRESS    4300     4250
INTERM PRESS1    2725     3497
INTERM PRESS2    3502     3141
STRUT OVHT     NRML      NRML
DUCT PRESS       3113     3138
P-COOL TEMP    
-------------------------------------------------------[2024-07-26 05:27:52.549]

SOURCE: AIR
RX_ID: 2378, Freq: 131.725MHz
Mode: E NACKLabel: H1 Block ID: 9, Msg No: D77D
Flight ID: DL0028 REG: N837MH


Message content:-
#DFB38053    37600
PACK HX TEMP    34875    35047
PACK FLOW       11930    12878
WING ANTI ICE  OFF
LT  ISO VLV    CLS
RT  ISO VLV    CLS
CTR ISO VLV    OPN

TRIGGER CODE   0000

STATUS WORDS  DW1  DW
-------------------------------------------------------[2024-07-26 05:27:56.461]

SOURCE: AIR
RX_ID: 2379, Freq: 131.725MHz
Mode: E NACKLabel: H1 Block ID: 0, Msg No: D77E
Flight ID: DL0028 REG: N837MH


Message content:-
#DFB2  DW3  DW4  DW5  DW6  DW7  DW8  EICAS
LEFT          0000 0001 0000 0000 0000 0000 1040 0000 0000
RIGHT         0000 0001 0000 0000 0000 0000 1040 0000 0000

-------------------------------------------------------[2024-07-26 05:27:59.936]

SOURCE: AIR
RX_ID: 2380, Freq: 131.825MHz
Mode: 2 NACKLabel: H1 Block ID: 6, Msg No: F54A
Flight ID: AC0892 REG: C-FIVR


Message content:-
#M1BPRG/DTLIRF,16L,266,070038,116688A
-------------------------------------------------------[2024-07-26 05:58:23.298]

SOURCE: AIR
RX_ID: 2381, Freq: 131.725MHz
Mode: E NACKLabel: 5U Block ID: 6, Msg No: M46A
Flight ID: A51456 REG: F-HBLL


Message content:-
LFKJ-SA
-------------------------------------------------------[2024-07-26 06:24:15.889]

SOURCE: AIR
RX_ID: 2382, Freq: 131.725MHz
Mode: G NACKLabel: 16 Block ID: 0, Msg No: M50A
Flight ID: A51456 REG: F-HBLL


Message content:-
062809,36994,0731,456.1, 4430,N4441.88 E00454.24
-------------------------------------------------------[2024-07-26 06:28:11.011]

SOURCE: AIR
RX_ID: 2383, Freq: 131.725MHz
Mode: G NACKLabel: H1 Block ID: 1, Msg No: C34A
Flight ID: A51456 REG: F-HBLL


Message content:-
#CFBAPM_REPORT_B_20240726063616S.CSV
ACMF SNAPSHOT REPORT 2024JUL26 06:36:16
A/C F-HBLL
SWVER 27.1 APPVER S.7.3    APPNAME OEM.ACM
SIZE 526
190LDI27.4V27.1PM-V17.2
R 2024JUL26 06:36:16 T 2024JUL26 06:36:16
----
-------------------------------------------------------[2024-07-26 06:36:28.274]

SOURCE: AIR
RX_ID: 2384, Freq: 131.725MHz
Mode: G NACKLabel: H1 Block ID: 2, Msg No: C34B
Flight ID: A51456 REG: F-HBLL


Message content:-
#CFB-
0, 256.003, 2084.04, 85.5979, 2112.67, 85.5972, 90737, 0.789794, 1, 0, 36999.8,
 9130, -24.4672, 81607,

-------------------------------------------------------[2024-07-26 06:36:32.152]

SOURCE: AIR
RX_ID: 2385, Freq: 131.725MHz
Mode: G NACKLabel: 16 Block ID: 5, Msg No: M53A
Flight ID: A51456 REG: F-HBLL


Message content:-
064309,37001,0732,457.3, 4000,N4308.10 E00623.15
-------------------------------------------------------[2024-07-26 06:43:10.715]

SOURCE: AIR
RX_ID: 2386, Freq: 131.525MHz
Mode: T NACKLabel: H1 Block ID: 4, Msg No: D11M
Flight ID: AF9395 REG: F-GMZC


Message content:-
#DFB,292,N0090,069889,008/T7XXXXX,0638,25311,N232,211/7TN006,293,00100,069980,009/T84461,0636,25635,N240,207/8TN006,293,00013,069962,010/T94465,0633,25979,N247,216/9TN005,295,N0002,069943,010,/
-------------------------------------------------------[2024-07-26 06:43:28.634]

SOURCE: AIR
RX_ID: 2387, Freq: 131.725MHz
Mode: G NACKLabel: 5U Block ID: 6, Msg No: M54A
Flight ID: A51456 REG: F-HBLL


Message content:-
LIEOLIEA-FS
-------------------------------------------------------[2024-07-26 06:44:22.175]

SOURCE: AIR
RX_ID: 2388, Freq: 131.725MHz
Mode: G NACKLabel: H1 Block ID: 2, Msg No: C36B
Flight ID: A51456 REG: F-HBLL


Message content:-
#CFB-
0, 256.18, 2113.24, 85.9399, 2141.91, 85.9392, 90086, 0.790289, 1, 1, 37000,
8479, -24.7357, 81607,

-------------------------------------------------------[2024-07-26 06:45:48.410]

SOURCE: AIR
RX_ID: 2389, Freq: 131.525MHz
Mode: T NACKLabel: 2F Block ID: 2, Msg No: M17A
Flight ID: AF7330 REG: F-GTAD


Message content:-
0646+4455+456/2050
-------------------------------------------------------[2024-07-26 06:46:34.382]

SOURCE: AIR
RX_ID: 2390, Freq: 131.525MHz
Mode: T NACKLabel: 26 Block ID: 3, Msg No: M18A
Flight ID: AF7330 REG: F-GTAD


Message content:-
0648LFPGAF7330/260703LFML13L
-------------------------------------------------------[2024-07-26 06:48:04.493]

SOURCE: AIR
RX_ID: 2391, Freq: 131.725MHz
Mode: E NACKLabel: H1 Block ID: 6, Msg No: D13A
Flight ID: AF7330 REG: F-GTAD


Message content:-
#DFBA01/A32101,1,1/CCF-GTAD,JUL26,062651,LFPG,LFML,0085/C106,01113,6001,54,0010,0,0100,54,X/CEN087,29022,275,717,7047,232,C51020/EC577566,00000,01653,00001,73,07/EE699818,00000,01582,00001,73/N10844,0844,0949,6
-------------------------------------------------------[2024-07-26 06:53:28.996]

SOURCE: AIR
RX_ID: 2392, Freq: 131.725MHz
Mode: E NACKLabel: H1 Block ID: 7, Msg No: D13B
Flight ID: AF7330 REG: F-GTAD


Message content:-
#DFB283,1424,XXXXX/N20844,0844,0945,6149,1419,XXXXX/S1XXXXX,0809,1465,4503,XXXX,027,001/S2XXXXX,0805,1443,4431,XXXX,033,003/T1094,086,023,40,062,06582,XXXX/T2097,086,015,41,095,06520,XXXX/V109,21,331,063,04,00,
-------------------------------------------------------[2024-07-26 06:53:33.311]

SOURCE: AIR
RX_ID: 2393, Freq: 131.725MHz
Mode: E NACKLabel: H1 Block ID: 8, Msg No: D13C
Flight ID: AF7330 REG: F-GTAD


Message content:-
#DFB00000/V212,06,299,105,04,01,00000/V3XX,XX,XXX,XXX,XXXX/V4XX,XX,XXX,XXX,XXXX/V512,17,357,069,0916/V610,04,299,104,0916/V7043,098,00081,22222222222111/V8044,090,00061,22222222222111,/
-------------------------------------------------------[2024-07-26 06:53:37.005]

SOURCE: AIR
RX_ID: 2394, Freq: 131.725MHz
Mode: E NACKLabel: H1 Block ID: 8, Msg No: D13C
Flight ID: AF7330 REG: F-GTAD


Message content:-
#DFB00000/V212,06,299,105,04,01,00000/V3XX,XX,XXX,XXX,XXXX/V4XX,XX,XXX,XXX,XXXX/V512,17,357,069,0916/V610,04,299,104,0916/V7043,098,00081,22222222222111/V8044,090,00061,22222222222111,/
-------------------------------------------------------[2024-07-26 06:53:57.886]

SOURCE: AIR
RX_ID: 2395, Freq: 131.725MHz
Mode: G NACKLabel: H1 Block ID: 8, Msg No: D13C
Flight ID: AF7330 REG: F-GTAD


Message content:-
#DFB00000/V212,06,299,105,04,01,00000/V3XX,XX,XXX,XXX,XXXX/V4XX,XX,XXX,XXX,XXXX/V512,17,357,069,0916/V610,04,299,104,0916/V7043,098,00081,22222222222111/V8044,090,00061,22222222222111,/
-------------------------------------------------------[2024-07-26 06:54:07.102]

SOURCE: AIR
RX_ID: 2396, Freq: 131.725MHz
Mode: G NACKLabel: H1 Block ID: 9, Msg No: D14A
Flight ID: AF7330 REG: F-GTAD


Message content:-
#DFBA02/A32102,1,1/CCF-GTAD,JUL26,062652,LFPG,LFML,0085/C106,01201,5000,54,0010,0,0100,54,X/CEN089,29011,275,716,7050,232,C51020/CNN091,29038,275,717,7050,232/EC577566,00000,01653,00001,73,15,08/EE699818,00000,
-------------------------------------------------------[2024-07-26 06:54:34.531]

SOURCE: AIR
RX_ID: 2397, Freq: 131.725MHz
Mode: G NACKLabel: H1 Block ID: 9, Msg No: D14A
Flight ID: AF7330 REG: F-GTAD


Message content:-
#DFBA02/A32102,1,1/CCF-GTAD,JUL26,062652,LFPG,LFML,0085/C106,01201,5000,54,0010,0,0100,54,X/CEN089,29011,275,716,7050,232,C51020/CNN091,29038,275,717,7050,232/EC577566,00000,01653,00001,73,15,08/EE699818,00000,
-------------------------------------------------------[2024-07-26 06:54:45.394]

SOURCE: AIR
RX_ID: 2398, Freq: 131.725MHz
Mode: G NACKLabel: H1 Block ID: 9, Msg No: D14A
Flight ID: AF7330 REG: F-GTAD


Message content:-
#DFBA02/A32102,1,1/CCF-GTAD,JUL26,062652,LFPG,LFML,0085/C106,01201,5000,54,0010,0,0100,54,X/CEN089,29011,275,716,7050,232,C51020/CNN091,29038,275,717,7050,232/EC577566,00000,01653,00001,73,15,08/EE699818,00000,
-------------------------------------------------------[2024-07-26 06:54:57.683]

SOURCE: AIR
RX_ID: 2399, Freq: 131.725MHz
Mode: G NACKLabel: H1 Block ID: 0, Msg No: D14B
Flight ID: AF7330 REG: F-GTAD


Message content:-
#DFB01582,00001,73/N10844,0844,0949,6283,1424,XXXXX/N20844,0844,0945,6149,1419,XXXXX/S1XXXXX,0809,1465,4503,XXXX,027,001/S2XXXXX,0805,1443,4431,XXXX,033,003/T1094,086,023,40,062,06582,XXXX/T2097,086,015,41,095,
-------------------------------------------------------[2024-07-26 06:55:01.155]

SOURCE: AIR
RX_ID: 2400, Freq: 131.725MHz
Mode: G NACKLabel: H1 Block ID: 0, Msg No: D14B
Flight ID: AF7330 REG: F-GTAD


Message content:-
#DFB01582,00001,73/N10844,0844,0949,6283,1424,XXXXX/N20844,0844,0945,6149,1419,XXXXX/S1XXXXX,0809,1465,4503,XXXX,027,001/S2XXXXX,0805,1443,4431,XXXX,033,003/T1094,086,023,40,062,06582,XXXX/T2097,086,015,41,095,
-------------------------------------------------------[2024-07-26 06:55:11.797]

SOURCE: AIR
RX_ID: 2401, Freq: 131.725MHz
Mode: G NACKLabel: H1 Block ID: 2, Msg No: D14D
Flight ID: AF7330 REG: F-GTAD


Message content:-
#DFB222111/X102902,N001,0020,0002,00008,0003/X202975,N001,0021,0002,00007,0003/X30004,0009,0003,N007,N007,0004,N000/X4N000,N000,N000,N000,0000,0000/X50000,0000,N001,N000,0000,0000/X61681,E0031,N466,043,256,0186
-------------------------------------------------------[2024-07-26 06:55:19.587]

SOURCE: AIR
RX_ID: 2402, Freq: 131.725MHz
Mode: G NACKLabel: H1 Block ID: 3, Msg No: D14E
Flight ID: AF7330 REG: F-GTAD


Message content:-
#DFB,0787/X71680,E0031,N466,044,254,0187,0789,/
-------------------------------------------------------[2024-07-26 06:55:22.477]

