SOURCE: AIR
RX_ID: 883, Freq: 131.725MHz
Mode: G NACKLabel: B9 Block ID: 8, Msg No: J91A
Flight ID: SN039G REG: OO-SFE


Message content:-
/EBBR.TI2/000EBBRA2C8A
-------------------------------------------------------[2024-10-10 01:29:19.424]

SOURCE: AIR
RX_ID: 884, Freq: 131.725MHz
Mode: G NACKLabel: 16 Block ID: 4, Msg No: M13A
Flight ID: SN038K REG: OO-SFH


Message content:-
10OCT24,0228,N 43.441,E  6.842,40006,0337,28560
-------------------------------------------------------[2024-10-10 02:28:51.381]

SOURCE: AIR
RX_ID: 885, Freq: 131.725MHz
Mode: E NACKLabel: B9 Block ID: 9, Msg No: L48A
Flight ID: AF0995 REG: F-GZNJ


Message content:-
/LFPG.TI2/046LFPGCF3E7
-------------------------------------------------------[2024-10-10 02:47:30.624]

SOURCE: AIR
RX_ID: 886, Freq: 131.725MHz
Mode: G NACKLabel: B9 Block ID: 1, Msg No: J22A
Flight ID: AF0977 REG: F-GZCI


Message content:-
/LFPG.TI2/000LFPGA9F82
-------------------------------------------------------[2024-10-10 02:59:44.836]

SOURCE: AIR
RX_ID: 887, Freq: 131.725MHz
Mode: X NACKLabel: H1 Block ID: 3, Msg No: D89A
Flight ID: SN028A REG: OO-SFC


Message content:-
#DFB001015500101010734238
R01/A33001,1,1
C1,.OO-SFC,24OCT10,01.07.09,DGAA,EBBR,BEL28A    ,5000,715
C2,002,06.0,000000,D1333RR06C0BEL4,000,052,052
C3,-20.8,36000,0.801,111,1.03,111,10,0,01,111,1.02,X
C4,-20
-------------------------------------------------------[2024-10-10 03:05:00.853]

SOURCE: AIR
RX_ID: 888, Freq: 131.725MHz
Mode: X NACKLabel: H1 Block ID: 6, Msg No: D89D
Flight ID: SN028A REG: OO-SFC


Message content:-
#DFB46.4,0.16,0.10,0.04,026,0.21,003.4
T2,084,102,106.3,001.3,XXX.X,0.14,0.15,0.11,295,0.25,003.2
V1,XXXX,XXXX
V2,XXXX,XXXX
                            :

-------------------------------------------------------[2024-10-10 03:05:11.899]

SOURCE: AIR
RX_ID: 889, Freq: 131.725MHz
Mode: X NACKLabel: H1 Block ID: 9, Msg No: D90C
Flight ID: SN028A REG: OO-SFC


Message content:-
#DFB2,1.443,1.443,078.47,086.8,088.3,0642,07.296,02931,08.39
S1,05.03,XXX.X,034.9,XXX.X,147.7,463.6,XX.X,XXX.X,027.7,29,137
S2,05.03,XXX.X,XXX.X,XXX.X,146.0,460.7,XX.X,XXX.X,024.3,26,134
T1,081,099,111.0,000
-------------------------------------------------------[2024-10-10 03:05:32.597]

SOURCE: AIR
RX_ID: 890, Freq: 131.725MHz
Mode: X NACKLabel: H1 Block ID: 0, Msg No: D90D
Flight ID: SN028A REG: OO-SFC


Message content:-
#DFB.6,046.4,0.16,0.10,0.04,026,0.21,003.4
T2,084,102,106.3,001.3,XXX.X,0.14,0.15,0.11,295,0.25,003.2
V1,XXXX,XXXX
V2,XXXX,XXXX
X1,000.4,002.4,002.4,0000,00.0003,N27.88
X2,000.4,002.6,002.1,0000,00.0001,N2
-------------------------------------------------------[2024-10-10 03:05:36.693]

SOURCE: AIR
RX_ID: 891, Freq: 131.725MHz
Mode: X NACKLabel: H1 Block ID: 1, Msg No: D90E
Flight ID: SN028A REG: OO-SFC


Message content:-
#DFB7.90
X3,000.1,000.8,-02.1,-00.1,-00.0,002.6,-00720,198103,37.7
X4,000.0,-00.2,-00.1,-00.1,-00.0,-00.1,000.0,000.0,0007.6
X5,-00.1,-00.1,-00.1,-00.0,-00.1,-00.1,000.0,000.0,0007.8
X6,-00.4,000.3,020,-092
-------------------------------------------------------[2024-10-10 03:05:40.353]

SOURCE: AIR
RX_ID: 892, Freq: 131.725MHz
Mode: X NACKLabel: H1 Block ID: 2, Msg No: D90F
Flight ID: SN028A REG: OO-SFC


Message content:-
#DFB,0.819
X7,-00.0,000.2,017,-093,0.820:

-------------------------------------------------------[2024-10-10 03:05:43.642]

SOURCE: AIR
RX_ID: 893, Freq: 131.725MHz
Mode: X NACKLabel: 16 Block ID: 3, Msg No: M53A
Flight ID: SN028A REG: OO-SFC


Message content:-
10OCT24,0315,N 44.646,E  6.736,35998,0418,28360
-------------------------------------------------------[2024-10-10 03:15:26.702]

SOURCE: AIR
RX_ID: 894, Freq: 131.725MHz
Mode: G NACKLabel: B6 Block ID: 5, Msg No: J94A
Flight ID: AF0863 REG: F-GZCJ


Message content:-
/ACCFAYA.ADS.F-GZCJ141EA11819D2C9474EA01D0D1EE1F81A134947009B1FAF981AE5094700C7B8
-------------------------------------------------------[2024-10-10 03:15:38.990]

SOURCE: AIR
RX_ID: 895, Freq: 131.725MHz
Mode: G NACKLabel: B6 Block ID: 7, Msg No: J95A
Flight ID: AF0863 REG: F-GZCJ


Message content:-
/ACCFAYA.ADS.F-GZCJ141EE3D01A15494711281D0D1FAF981AE5094701EC2020281B5B0947008AD9
-------------------------------------------------------[2024-10-10 03:18:19.978]

SOURCE: AIR
RX_ID: 896, Freq: 131.725MHz
Mode: G NACKLabel: B6 Block ID: 8, Msg No: J97A
Flight ID: AF0863 REG: F-GZCJ


Message content:-
/ACCFAYA.ADS.F-GZCJ071F5FE81A930946D5CC1D0C0464B8DB38200E01D8FAC0000F7F1994400043FE
-------------------------------------------------------[2024-10-10 03:23:17.124]

SOURCE: AIR
RX_ID: 897, Freq: 131.725MHz
Mode: G NACKLabel: 2T Block ID: 9, Msg No: M80A
Flight ID: AF0863 REG: F-GZCJ


Message content:-
4
-------------------------------------------------------[2024-10-10 03:23:41.115]

SOURCE: AIR
RX_ID: 898, Freq: 131.725MHz
Mode: G NACKLabel: 26 Block ID: 0, Msg No: M81A
Flight ID: AF0863 REG: F-GZCJ


Message content:-
0323DXXXAF0863/100416LFPG26L
-------------------------------------------------------[2024-10-10 03:23:47.662]

SOURCE: AIR
RX_ID: 899, Freq: 131.825MHz
Mode: 2 NACKLabel: H1 Block ID: 1, Msg No: F19A
Flight ID: QY1956 REG: D-ALEP


Message content:-
#M1BPOSN45076E004228,LERGA,032545,290,OTROT,032606,KURIR,M37,24144,163,7900848
-------------------------------------------------------[2024-10-10 03:25:47.799]

SOURCE: AIR
RX_ID: 900, Freq: 131.725MHz
Mode: G NACKLabel: B6 Block ID: 3, Msg No: J98A
Flight ID: AF0863 REG: F-GZCJ


Message content:-
/ACCFAYA.ADS.F-GZCJ141FB1681AE70946D8D01D0D2020281B5B094701082079D01BBB094700D8D0
-------------------------------------------------------[2024-10-10 03:26:30.882]

SOURCE: AIR
RX_ID: 901, Freq: 131.725MHz
Mode: G NACKLabel: B6 Block ID: 4, Msg No: J99A
Flight ID: AF0863 REG: F-GZCJ


Message content:-
/ACCFAYA.ADS.F-GZCJ071FDC601B13C9469A6C1D0C0464B8DB38200E01E0F8C0080F7ED993C008BBD5
-------------------------------------------------------[2024-10-10 03:28:13.283]

SOURCE: AIR
RX_ID: 902, Freq: 131.725MHz
Mode: G NACKLabel: 2F Block ID: 5, Msg No: M82A
Flight ID: AF0863 REG: F-GZCJ


Message content:-
0328+4481+475/38138
DXXX/LFPG/37998//-49/0.80/173260/159365//DJL    //-108/076
-------------------------------------------------------[2024-10-10 03:28:16.578]

SOURCE: AIR
RX_ID: 903, Freq: 131.725MHz
Mode: G NACKLabel: 2M Block ID: 6, Msg No: M83A
Flight ID: AF0863 REG: F-GZCJ


Message content:-
DEFAULT RPT/.F-GZCJ 090329
AIRCRAFT/
CABIN/SEAT BUSINESS INOP
01C INOP ELEC           

-------------------------------------------------------[2024-10-10 03:29:37.656]

SOURCE: AIR
RX_ID: 904, Freq: 131.725MHz
Mode: 2 NACKLabel: 2M Block ID: 8, Msg No: M84A
Flight ID: AF0863 REG: F-GZCJ


Message content:-
DEFAULT RPT/.F-GZCJ 090330
AIRCRAFT/
AIR CHILLER G3 INOP     
+ LAMPE HS              
CABIN/ 

-------------------------------------------------------[2024-10-10 03:30:32.950]

SOURCE: AIR
RX_ID: 905, Freq: 131.725MHz
Mode: 2 NACKLabel: B6 Block ID: 9, Msg No: J01A
Flight ID: AF0863 REG: F-GZCJ


Message content:-
/ACCFAYA.ADS.F-GZCJ142021A81B5D09469D001D0D2079D01BBB094700D420C0601C080947001746
-------------------------------------------------------[2024-10-10 03:30:58.957]

SOURCE: AIR
RX_ID: 906, Freq: 131.725MHz
Mode: 2 NACKLabel: 26 Block ID: 0, Msg No: M85A
Flight ID: AF0863 REG: F-GZCJ


Message content:-
0331DXXXAF0863/100416LFPG26L
-------------------------------------------------------[2024-10-10 03:31:13.912]

SOURCE: AIR
RX_ID: 907, Freq: 131.825MHz
Mode: 2 NACKLabel: H1 Block ID: 4, Msg No: F20A
Flight ID: QY1956 REG: D-ALEP


Message content:-
#M1BPOSN43511E005070,,033828,152,VENTA,034115,SAURG,M6,23344,155,041E
-------------------------------------------------------[2024-10-10 03:38:30.466]

SOURCE: AIR
RX_ID: 908, Freq: 131.825MHz
Mode: 2 NACKLabel: H1 Block ID: 5, Msg No: D03A
Flight ID: QY1956 REG: D-ALEP


Message content:-
#DFBSTABLE CRUISE REPORT

APM     D-ALEP          QYXXXXXXDEPXDESX101024025646,757-200,
PW2037,.792,.792,,268.0,268.0,,-19.25,-19.25,,35005,35005,,
173840,173840,,3136,3040,,,1.109,1.098,,,0,403,403,,0,0,,0
-------------------------------------------------------[2024-10-10 03:38:54.822]

SOURCE: AIR
RX_ID: 909, Freq: 131.825MHz
Mode: 2 NACKLabel: H1 Block ID: 6, Msg No: D03B
Flight ID: QY1956 REG: D-ALEP


Message content:-
#DFB,0,,
0,0,0,0,0,0,,,0,0,,,,,-156.1,-156.1,, -3.9, -3.9,,0,0,,0,0,
,,,0,0,    0, 9717, 9717,,,,,0,0,0,,,0,0,0,,,0,0,,0,0,,0,0,,
0,0,0,,,,,0,0,0,,,0,0,0,

CREATED BY AVIONIC ENGINEERING

-------------------------------------------------------[2024-10-10 03:39:00.966]

SOURCE: AIR
RX_ID: 910, Freq: 131.725MHz
Mode: G NACKLabel: H1 Block ID: 9, Msg No: D40A
Flight ID: DL0232 REG: N1605


Message content:-
#DFB239N1605 0232101024034100785 4473   497370-19-47252 6512-167 30520
 254 503 600120700030GMYKJFKLIRN
-------------------------------------------------------[2024-10-10 03:41:08.057]

SOURCE: AIR
RX_ID: 911, Freq: 131.725MHz
Mode: E NACKLabel: 10 Block ID: 3, Msg No: M45A
Flight ID: KL0590 REG: PH-BVD


Message content:-
ETA07A10034700KLM590  DGAAEHAM100508EHAM0157
-------------------------------------------------------[2024-10-10 03:47:56.049]

SOURCE: AIR
RX_ID: 912, Freq: 131.825MHz
Mode: 2 NACKLabel: H1 Block ID: 9, Msg No: F21A
Flight ID: QY1956 REG: D-ALEP


Message content:-
#M1BPOSN43196E005190,POMEG,034913,26,F31RZ,035022,RW31R,P16,32625,151,72A6
-------------------------------------------------------[2024-10-10 03:49:15.009]

SOURCE: AIR
RX_ID: 913, Freq: 131.725MHz
Mode: E NACKLabel: H1 Block ID: 4, Msg No: D97A
Flight ID: KL0590 REG: PH-BVD


Message content:-
#DFB(POS-KLM590  -4326N00501E/034931 F360
RMK/FUEL  15.5 M0.82)
-------------------------------------------------------[2024-10-10 03:49:33.735]

SOURCE: AIR
RX_ID: 914, Freq: 131.725MHz
Mode: G NACKLabel: 10 Block ID: 4, Msg No: M84A
Flight ID: KL0536 REG: PH-AOE


Message content:-
ETA36A10041654KLM536  HUENEHAM090546EHAM 114
-------------------------------------------------------[2024-10-10 04:16:59.073]

SOURCE: AIR
RX_ID: 915, Freq: 131.825MHz
Mode: 2 NACKLabel: B6 Block ID: 7, Msg No: F95A
Flight ID: BA0054 REG: G-STBF


Message content:-
/QUKAXBA.ADS.G-STBF071EA7881DA1094712749D954B
-------------------------------------------------------[2024-10-10 04:19:43.243]

SOURCE: AIR
RX_ID: 916, Freq: 131.725MHz
Mode: G NACKLabel: H1 Block ID: 7, Msg No: F95A
Flight ID: KL0536 REG: PH-AOE


Message content:-
#M1BRESREQ/AK,1158AF6
-------------------------------------------------------[2024-10-10 04:20:16.926]

SOURCE: AIR
RX_ID: 917, Freq: 131.725MHz
Mode: G NACKLabel: H1 Block ID: 9, Msg No: F96B
Flight ID: KL0536 REG: PH-AOE


Message content:-
#M1B44,380,245,,,13,,,70,,,P45,M40,49900,,3472,244/DTEHAM,36R,120,05471438F3
-------------------------------------------------------[2024-10-10 04:20:24.276]

SOURCE: AIR
RX_ID: 918, Freq: 131.725MHz
Mode: G ACK, A2GLabel: H1 Block ID: 9, Msg No: F96B
Flight ID: KL0536 REG: PH-AOE


Message content:-
#M1B44,380,245,,,13,,,70,,,P45,M40,49900,,3472,244/DTEHAM,36R,120,05471438F3
-------------------------------------------------------[2024-10-10 04:20:25.301]

SOURCE: AIR
RX_ID: 919, Freq: 131.725MHz
Mode: G NACKLabel: H1 Block ID: 0, Msg No: F97A
Flight ID: KL0536 REG: PH-AOE


Message content:-
#M1BRESREQ/AK,1158AF6
-------------------------------------------------------[2024-10-10 04:20:28.995]

SOURCE: AIR
RX_ID: 920, Freq: 131.725MHz
Mode: X NACKLabel: B6 Block ID: 4, Msg No: F21A
Flight ID: AF0931 REG: F-GSPU


Message content:-
/ACCFAYA.ADS.F-GSPU141EB138220189471B020D0D1EDA70228A60003FFF1F18882382600000C547
-------------------------------------------------------[2024-10-10 04:28:50.763]

SOURCE: AIR
RX_ID: 921, Freq: 131.725MHz
Mode: X NACKLabel: B6 Block ID: 5, Msg No: F22A
Flight ID: AF0931 REG: F-GSPU


Message content:-
/ACCFAYA.ADS.F-GSPU071EB368220649471B161D0C0464B9CF18200E04010800000F01D1A2C000B097
-------------------------------------------------------[2024-10-10 04:28:56.687]

SOURCE: AIR
RX_ID: 922, Freq: 131.825MHz
Mode: 2 NACKLabel: 15 Block ID: 8, Msg No: M76A
Flight ID: BA0054 REG: G-STBF


Message content:-
FST01FAOREGLLN444188E0048691380 132 760 M48C 6624734034949311600005420429
-------------------------------------------------------[2024-10-10 04:29:32.856]

SOURCE: AIR
RX_ID: 923, Freq: 131.725MHz
Mode: X NACKLabel: B6 Block ID: 6, Msg No: F23A
Flight ID: AF0931 REG: F-GSPU


Message content:-
/ACCFAYA.ADS.F-GSPU141EDB40229049471C8A1D0D1F18882382494700901F6B6824D2094700C5B8
-------------------------------------------------------[2024-10-10 04:30:28.445]

SOURCE: AIR
RX_ID: 924, Freq: 131.825MHz
Mode: 2 NACKLabel: H1 Block ID: 0, Msg No: F96A
Flight ID: BA0054 REG: G-STBF


Message content:-
#M1BPRG/TS043056,101024/DTEGLL,27L,180,054237,/PR5013,188,380,306,,132,0,,,80,P30,P0,,,,,,,M372867
-------------------------------------------------------[2024-10-10 04:31:25.095]

SOURCE: AIR
RX_ID: 925, Freq: 131.825MHz
Mode: 2 NACKLabel: B9 Block ID: 1, Msg No: M77A
Flight ID: BA0054 REG: G-STBF


Message content:-
046EGLLA
-------------------------------------------------------[2024-10-10 04:31:47.404]

SOURCE: AIR
RX_ID: 926, Freq: 131.825MHz
Mode: 2 NACKLabel: B9 Block ID: 1, Msg No: M77A
Flight ID: BA0054 REG: G-STBF


Message content:-
046EGLLA
-------------------------------------------------------[2024-10-10 04:32:11.797]

SOURCE: AIR
RX_ID: 927, Freq: 131.725MHz
Mode: X NACKLabel: B6 Block ID: 7, Msg No: F24A
Flight ID: AF0931 REG: F-GSPU


Message content:-
/ACCFAYA.ADS.F-GSPU141F1950238709471ECF1D0D1F6B6824D2094700BF1F9FD025A9494700DCE4
-------------------------------------------------------[2024-10-10 04:32:53.854]

SOURCE: AIR
RX_ID: 928, Freq: 131.725MHz
Mode: X NACKLabel: 2F Block ID: 8, Msg No: M84A
Flight ID: AF0931 REG: F-GSPU


Message content:-
0433+4377+626/38171
DGAA/LFPG/37996/ +19/ -46/0.83/192181/175398/35.0/OKT-17 /BOD-16 /-120/   68
-------------------------------------------------------[2024-10-10 04:33:10.056]

SOURCE: AIR
RX_ID: 929, Freq: 131.825MHz
Mode: 2 NACKLabel: B6 Block ID: 4, Msg No: F97A
Flight ID: BA0054 REG: G-STBF


Message content:-
/QUKAXBA.ADS.G-STBF071FF7D01AE209475F759DF2EE
-------------------------------------------------------[2024-10-10 04:33:35.363]

SOURCE: AIR
RX_ID: 930, Freq: 131.725MHz
Mode: X NACKLabel: B6 Block ID: 9, Msg No: F25A
Flight ID: AF0931 REG: F-GSPU


Message content:-
/ACCFAYA.ADS.F-GSPU071F323823EA89471FB71D0C0464B9CF18200E07110EC0000F0559A300004543
-------------------------------------------------------[2024-10-10 04:33:51.601]

SOURCE: AIR
RX_ID: 931, Freq: 131.825MHz
Mode: 2 NACKLabel: 10 Block ID: 5, Msg No: M78A
Flight ID: BA0054 REG: G-STBF


Message content:-
FTX01.FIC
LOC TBF
-------------------------------------------------------[2024-10-10 04:34:16.324]

SOURCE: AIR
RX_ID: 932, Freq: 131.725MHz
Mode: X NACKLabel: B6 Block ID: 0, Msg No: F26A
Flight ID: AF0931 REG: F-GSPU


Message content:-
/ACCFAYA.ADS.F-GSPU141F6C0024D4894721D31D0D1F9FD025A94947007B1FDB9826A18947002B5A
-------------------------------------------------------[2024-10-10 04:36:06.769]

SOURCE: AIR
RX_ID: 933, Freq: 131.725MHz
Mode: X NACKLabel: B9 Block ID: 1, Msg No: L38A
Flight ID: AF0931 REG: F-GSPU


Message content:-
/LFPG.TI2/046LFPGAD3A5
-------------------------------------------------------[2024-10-10 04:37:15.822]

SOURCE: AIR
RX_ID: 934, Freq: 131.725MHz
Mode: X NACKLabel: B6 Block ID: 5, Msg No: F27A
Flight ID: AF0931 REG: F-GSPU


Message content:-
/ACCFAYA.ADS.F-GSPU141FA09825AC4946E3BF1D0D1FDB9826A189470088214A8020948947007AF6
-------------------------------------------------------[2024-10-10 04:38:10.273]

SOURCE: AIR
RX_ID: 935, Freq: 131.725MHz
Mode: X NACKLabel: B6 Block ID: 6, Msg No: F28A
Flight ID: AF0931 REG: F-GSPU


Message content:-
/ACCFAYA.ADS.F-GSPU071FB0E025EFC94764570D0C0464B9CF18200E0739103FFC0F05D9A53FFC46D0
-------------------------------------------------------[2024-10-10 04:38:47.979]

SOURCE: AIR
RX_ID: 936, Freq: 131.725MHz
Mode: X NACKLabel: B6 Block ID: 7, Msg No: F29A
Flight ID: AF0931 REG: F-GSPU


Message content:-
/ACCFAYA.ADS.F-GSPU141FDC202683094725E71D0D214A802094894703882171D01F97494700D816
-------------------------------------------------------[2024-10-10 04:40:27.712]

SOURCE: AIR
RX_ID: 937, Freq: 131.725MHz
Mode: G NACKLabel: SA Block ID: 8, Msg No: S62A
Flight ID: AF0754 REG: F-HTYH


Message content:-
0EV044319VSH/
-------------------------------------------------------[2024-10-10 04:43:20.147]

SOURCE: AIR
RX_ID: 938, Freq: 131.725MHz
Mode: G NACKLabel: B9 Block ID: 4, Msg No: L34A
Flight ID: DL0028 REG: N831MH


Message content:-
/LFMN.TI2/024LFMNA426A
-------------------------------------------------------[2024-10-10 05:19:27.800]

SOURCE: AIR
RX_ID: 939, Freq: 131.725MHz
Mode: G NACKLabel: H1 Block ID: 7, Msg No: D20A
Flight ID: DL0028 REG: N831MH


Message content:-
#DFBENGINE BLEED REPORT

AID:N1807  DA:10/10    GMT:05:21    FNO:3981      ISFC:  269
TAT:  62  SAT:-155   ALT: 18892   MACH:0652    FCNT:  243
GW:311440  FLT:0028-1  MODE:DESC    SID:AK-67-223
S/N L:70700
-------------------------------------------------------[2024-10-10 05:21:28.048]

SOURCE: AIR
RX_ID: 940, Freq: 131.725MHz
Mode: G NACKLabel: H1 Block ID: 8, Msg No: D20B
Flight ID: DL0028 REG: N831MH


Message content:-
#DFB0         DEPART:KJFK    DESTIN:LFMN
S/N R:707000

               ENG L     ENG R
HPSOV          OPN       OPN
PRV            OPN       OPN
PRSOV          OPN       OPN
FAV %            -280     -184
-------------------------------------------------------[2024-10-10 05:21:31.706]

SOURCE: AIR
RX_ID: 941, Freq: 131.725MHz
Mode: G NACKLabel: H1 Block ID: 9, Msg No: D20C
Flight ID: DL0028 REG: N831MH


Message content:-
#DFB
N1 SPD          3963     3988
HI STG PRESS    4200     4300
INTERM PRESS1    3027     2758
INTERM PRESS2    3502     2650
STRUT OVHT     NRML      NRML
DUCT PRESS       3050     2663
P-COOL TEMP    
-------------------------------------------------------[2024-10-10 05:21:36.423]

SOURCE: AIR
RX_ID: 942, Freq: 131.725MHz
Mode: G NACKLabel: H1 Block ID: 0, Msg No: D20D
Flight ID: DL0028 REG: N831MH


Message content:-
#DFB35913    36209
PACK HX TEMP    32769    32916
PACK FLOW       11520    12658
WING ANTI ICE  OFF
LT  ISO VLV    CLS
RT  ISO VLV    CLS
CTR ISO VLV    OPN

TRIGGER CODE   0000

STATUS WORDS  DW1  DW
-------------------------------------------------------[2024-10-10 05:21:40.116]

SOURCE: AIR
RX_ID: 943, Freq: 131.725MHz
Mode: G NACKLabel: H1 Block ID: 1, Msg No: D20E
Flight ID: DL0028 REG: N831MH


Message content:-
#DFB2  DW3  DW4  DW5  DW6  DW7  DW8  EICAS
LEFT          0000 0001 0000 0000 0000 0000 1040 0000 0000
RIGHT         0000 0001 0000 0000 0000 0000 1040 0000 0000

-------------------------------------------------------[2024-10-10 05:21:44.431]

SOURCE: AIR
RX_ID: 944, Freq: 131.725MHz
Mode: E NACKLabel: 16 Block ID: 3, Msg No: M71A
Flight ID: XSMBU6 REG: 2-BBMB


Message content:-
052424,,0900, 284,N 43.756 E  6.597
-------------------------------------------------------[2024-10-10 05:24:25.605]

SOURCE: AIR
RX_ID: 945, Freq: 131.725MHz
Mode: G NACKLabel: H1 Block ID: 2, Msg No: D21A
Flight ID: DL0028 REG: N831MH


Message content:-
#DFB239N1807 0028101024052421574 4367   614124 14 -3247 46XX-223 22320
 304 396005411922002PGMYKJFKLFMN
-------------------------------------------------------[2024-10-10 05:24:41.370]

SOURCE: AIR
RX_ID: 946, Freq: 131.825MHz
Mode: 2 NACKLabel: H1 Block ID: 0, Msg No: F96A
Flight ID: AA0240 REG: N773AN


Message content:-
#M1BPOSN45003E004214,OTR-21,053516,370,BEPER,054008,RETNO,M48,25060,4379C61
-------------------------------------------------------[2024-10-10 05:35:18.008]

SOURCE: AIR
RX_ID: 947, Freq: 131.725MHz
Mode: G NACKLabel: H1 Block ID: 3, Msg No: F12A
Flight ID: DL0182 REG: N177DZ


Message content:-
#M1BPOSN45073E006360,ROB17,053737,390,LAPRI,054038,MOGBO,M48,23458,274,807724F
-------------------------------------------------------[2024-10-10 05:37:40.860]

SOURCE: AIR
RX_ID: 948, Freq: 131.725MHz
Mode: G NACKLabel: 16 Block ID: 5, Msg No: M72A
Flight ID: XSMBU6 REG: 2-BBMB


Message content:-
053925,,0902, 270,N 42.973 E  4.676
-------------------------------------------------------[2024-10-10 05:39:26.730]

SOURCE: AIR
RX_ID: 949, Freq: 131.825MHz
Mode: 2 NACKLabel: H1 Block ID: 1, Msg No: F97A
Flight ID: AA0240 REG: N773AN


Message content:-
#M1BPOSN44381E005128,BEP-22,054008,370,RET-23,054247,KOL-24,M47,24464,4264538
-------------------------------------------------------[2024-10-10 05:40:10.068]

SOURCE: AIR
RX_ID: 950, Freq: 131.825MHz
Mode: 2 NACKLabel: H1 Block ID: 3, Msg No: D66B
Flight ID: AA0240 REG: N773AN


Message content:-
#DFB374804850.0110.008 57.38-110.39 46480-51 217OFF
 45.6417   2.7765369984368004860.0090.006 62.13-114.26 45800-50 217OFF
 45.4271   3.3180369994360804840.0070.002 66.12-107.58 45080-49 217OFF
-------------------------------------------------------[2024-10-10 05:41:42.814]

SOURCE: AIR
RX_ID: 951, Freq: 131.825MHz
Mode: 2 NACKLabel: H1 Block ID: 4, Msg No: F98A
Flight ID: AA0240 REG: N773AN


Message content:-
#M1BPOSN44257E005402,RET-23,054248,370,KOL-24,055050,RAP-25,M48,24267,42024BD
-------------------------------------------------------[2024-10-10 05:42:50.216]

SOURCE: AIR
RX_ID: 952, Freq: 131.825MHz
Mode: 2 NACKLabel: 16 Block ID: 5, Msg No: M61A
Flight ID: AA0240 REG: N773AN


Message content:-
POSA1N44292E  5966,RET-23 ,054249,370,KOL-24 ,055051,,-48, 64, 396,844
-------------------------------------------------------[2024-10-10 05:44:35.286]

SOURCE: AIR
RX_ID: 953, Freq: 131.825MHz
Mode: 2 NACKLabel: H1 Block ID: 6, Msg No: F99A
Flight ID: AA0240 REG: N773AN


Message content:-
#M1BPOSN43480E007016,KOL-24,055053,370,RAP-25,060121,RAT-26,M45,24058,40235A1
-------------------------------------------------------[2024-10-10 05:50:55.196]

SOURCE: AIR
RX_ID: 954, Freq: 131.825MHz
Mode: 2 NACKLabel: H1 Block ID: 7, Msg No: D67A
Flight ID: AA0240 REG: N773AN


Message content:-
#DFBTRP KDFW LIRF 07  8 525   0  0 054431
 45.2069   3.8591369954353604820.0060.003 69.62 -99.49 44360-49 217OFF
 44.9799   4.3995370174346804910.0060.003 63.50-108.98 43680-48 216OFF
 44.7535   4.9291370034
-------------------------------------------------------[2024-10-10 05:56:35.349]

SOURCE: AIR
RX_ID: 955, Freq: 131.825MHz
Mode: 2 NACKLabel: H1 Block ID: 0, Msg No: D24B
Flight ID: AA0720 REG: N771AN


Message content:-
#DFB237204830.0110.010 56.88 -98.09 38800-49 217OFF
 46.0487   1.7844369994230404900.0210.017 53.13-113.91 38160-50 217OFF
 45.8442   2.3324370074224004860.0110.004 59.50-112.15 37480-52 217OFF
-------------------------------------------------------[2024-10-10 06:00:42.134]

SOURCE: AIR
RX_ID: 956, Freq: 131.825MHz
Mode: 2 NACKLabel: 5U Block ID: 1, Msg No: M19A
Flight ID: AA0720 REG: N771AN


Message content:-
OS LIRF /WXRLIRF
-------------------------------------------------------[2024-10-10 06:02:29.253]

SOURCE: AIR
RX_ID: 957, Freq: 131.825MHz
Mode: 2 NACKLabel: H1 Block ID: 3, Msg No: F95A
Flight ID: AA0720 REG: N771AN


Message content:-
#M1BPOSN44385E005132,BEPER,060454,370,RETNO,060740,KOLON,M50,24863,338ACAE
-------------------------------------------------------[2024-10-10 06:04:57.952]

SOURCE: AIR
RX_ID: 958, Freq: 131.825MHz
Mode: 2 NACKLabel: H1 Block ID: 4, Msg No: F96A
Flight ID: AA0720 REG: N771AN


Message content:-
#M1BPOSN44261E005412,RETNO,060737,370,KOLON,061536,RAPUR,M48,24469,332A068
-------------------------------------------------------[2024-10-10 06:07:39.931]

SOURCE: AIR
RX_ID: 959, Freq: 131.725MHz
Mode: 2 NACKLabel: 15 Block ID: 3, Msg No: M02A
Flight ID: GS0001 REG: FGUYM


Message content:-
(2N43510E  6411248 60383-47(Z
-------------------------------------------------------[2024-10-10 06:08:51.281]

SOURCE: AIR
RX_ID: 960, Freq: 131.825MHz
Mode: 2 NACKLabel: 83 Block ID: 5, Msg No: M05A
Flight ID: GS0001 REG: CSCLD


Message content:-
001PR10061201N4329.3E00508.40471980055
-------------------------------------------------------[2024-10-10 06:12:02.697]

SOURCE: AIR
RX_ID: 961, Freq: 131.825MHz
Mode: 2 NACKLabel: 80 Block ID: 6, Msg No: M81A
Flight ID: WB0700 REG: 9XR-WX


Message content:-
3N01 POSRPT 0700/   HRYR/LFPG .9XR-WX/04F 06:12
/NWYP MTL   /HDG 338/MCH 806
/POS N4359.1E00457.1/FL 400/TAS 468/SAT -052
/SWND 078/DWND 252/FOB N011410/ETA 07:09.0 
-------------------------------------------------------[2024-10-10 06:12:15.387]

SOURCE: AIR
RX_ID: 962, Freq: 131.825MHz
Mode: 2 NACKLabel: H1 Block ID: 5, Msg No: D25A
Flight ID: AA0720 REG: N771AN


Message content:-
#DFBTRP KCLT LIRF 07  8 159   0  0 060332
 45.6372   2.8764369934217204830.0160.009 65.87-112.15 36800-50 217OFF
 45.4247   3.4224370074210004860.0090.003 70.37-110.04 36120-51 217OFF
 45.2309   3.9875370024
-------------------------------------------------------[2024-10-10 06:15:36.319]

SOURCE: AIR
RX_ID: 963, Freq: 131.825MHz
Mode: 2 NACKLabel: B9 Block ID: 6, Msg No: L02A
Flight ID: GS0001 REG: CSCLD


Message content:-
/LSZH.TI2/024LSZHA89DD
-------------------------------------------------------[2024-10-10 06:17:33.677]

SOURCE: AIR
RX_ID: 964, Freq: 131.825MHz
Mode: 2 NACKLabel: 16 Block ID: 8, Msg No: M20A
Flight ID: AA0720 REG: N771AN


Message content:-
POSA1N43506E  7431,KOLON  ,061542,370,RAPUR  ,062617,,-48, 67, 307,841
-------------------------------------------------------[2024-10-10 06:18:35.118]

SOURCE: AIR
RX_ID: 965, Freq: 131.725MHz
Mode: 2 NACKLabel: 15 Block ID: 4, Msg No: M03A
Flight ID: GS0001 REG: FGUYM


Message content:-
(2N42528E  4517260 58409-50(Z
-------------------------------------------------------[2024-10-10 06:23:49.342]

SOURCE: AIR
RX_ID: 966, Freq: 131.825MHz
Mode: 2 NACKLabel: 16 Block ID: 4, Msg No: M66A
Flight ID: FR5920 REG: EI-DCY


Message content:-
063334,,0713,  84,N   .    MMMM.MMM
-------------------------------------------------------[2024-10-10 06:33:37.450]

SOURCE: AIR
RX_ID: 967, Freq: 131.725MHz
Mode: G NACKLabel: 5U Block ID: 2, Msg No: M00A
Flight ID: ZD0001 REG: N22UB


Message content:-
001WX10063713N4348.5E00452.2171323    
024WQ,MOPEM,CLM,,,,,
-------------------------------------------------------[2024-10-10 06:37:15.452]

SOURCE: AIR
RX_ID: 968, Freq: 131.725MHz
Mode: X NACKLabel: H1 Block ID: 0, Msg No: D48A
Flight ID: KL0592 REG: PH-BVC


Message content:-
#DFB(POS-KLM592  -4434N00451E/064238 F380
RMK/FUEL  13.9 M0.84)
-------------------------------------------------------[2024-10-10 06:42:40.683]

SOURCE: AIR
RX_ID: 969, Freq: 131.825MHz
Mode: 2 NACKLabel: 16 Block ID: 6, Msg No: M67A
Flight ID: FR5920 REG: EI-DCY


Message content:-
064836,,0713,  74,N   .    MMMM.MMM
-------------------------------------------------------[2024-10-10 06:48:38.174]

SOURCE: AIR
RX_ID: 970, Freq: 131.725MHz
Mode: X NACKLabel: H1 Block ID: 0, Msg No: D41A
Flight ID: KL0104 REG: PH-BQL


Message content:-
#DFB(POS-KLM104  -4407N00456E/071613 F380
RMK/FUEL  13.9 M0.83)
-------------------------------------------------------[2024-10-10 07:16:16.556]

SOURCE: AIR
RX_ID: 971, Freq: 131.725MHz
Mode: X NACKLabel: 10 Block ID: 1, Msg No: M37A
Flight ID: KL0104 REG: PH-BQL


Message content:-
ETA07A10071800KLM104  FACTEHAM100829EHAM0137
-------------------------------------------------------[2024-10-10 07:18:32.310]

SOURCE: AIR
RX_ID: 972, Freq: 131.725MHz
Mode: G NACKLabel: 16 Block ID: 1, Msg No: M29A
Flight ID: QR0778 REG: A7-BBC


Message content:-
BAL-15 ,N 45.352,E   5.876,34998,0486,1319,101\TS080004,101024
-------------------------------------------------------[2024-10-10 08:00:08.664]

SOURCE: AIR
RX_ID: 973, Freq: 131.725MHz
Mode: G NACKLabel: 16 Block ID: 3, Msg No: M30A
Flight ID: QR0778 REG: A7-BBC


Message content:-
ROB-17 ,N 45.209,E   6.428,34999,0486,1319,100\TS080255,101024
-------------------------------------------------------[2024-10-10 08:02:58.647]

SOURCE: AIR
RX_ID: 974, Freq: 131.825MHz
Mode: 2 NACKLabel: H1 Block ID: 4, Msg No: A01A
Flight ID: GS404B REG: CSDLG


Message content:-
#M1B/.TWX/WX0,LFPB.EBBR8A39
-------------------------------------------------------[2024-10-10 09:30:46.667]

SOURCE: AIR
RX_ID: 975, Freq: 131.825MHz
Mode: 2 ACK, A2GLabel: H1 Block ID: 4, Msg No: A01A
Flight ID: GS404B REG: CSDLG


Message content:-
#M1B/.TWX/WX0,LFPB.EBBR8A39
-------------------------------------------------------[2024-10-10 09:30:49.558]

SOURCE: AIR
RX_ID: 976, Freq: 131.825MHz
Mode: 2 NACKLabel: H1 Block ID: 6, Msg No: A02A
Flight ID: GS404B REG: CSDLG


Message content:-
#M1B/.RESMSG/AK,071/TS093055,1010244C8B
-------------------------------------------------------[2024-10-10 09:30:59.174]

SOURCE: AIR
RX_ID: 977, Freq: 131.825MHz
Mode: 2 NACKLabel: H1 Block ID: 0, Msg No: A03A
Flight ID: GS404B REG: CSDLG


Message content:-
#M1B/.RESTWX/AK,071/TS093117,10102452D4
-------------------------------------------------------[2024-10-10 09:31:19.837]

SOURCE: AIR
RX_ID: 978, Freq: 131.825MHz
Mode: 2 NACKLabel: 44 Block ID: 1, Msg No: M13A
Flight ID: GS404B REG: CSDLG


Message content:-
06"E_gC7M99.ggLggfC:.7C 97aS6M7aSco7.g.g7g`CC7.g )7ggf,g
-------------------------------------------------------[2024-10-10 09:33:08.820]

SOURCE: AIR
RX_ID: 979, Freq: 131.825MHz
Mode: 2 NACKLabel: 44 Block ID: 2, Msg No: M14A
Flight ID: GS404B REG: CSDLG


Message content:-
04p=G'\VNHH!+F(''X!H\VmH'VqzkNVqzp7V\'\'V'+mFV\'!mVF#+]]
-------------------------------------------------------[2024-10-10 09:35:59.831]

SOURCE: AIR
RX_ID: 980, Freq: 131.825MHz
Mode: 2 NACKLabel: 44 Block ID: 3, Msg No: M15A
Flight ID: GS404B REG: CSDLG


Message content:-
03+TwxtL--D-t+xxexVDqJP9q!18Lq!1mIqtxtxqxVJVqtx(-qxxD$P
-------------------------------------------------------[2024-10-10 09:39:23.788]

SOURCE: AIR
RX_ID: 981, Freq: 131.825MHz
Mode: 2 NACKLabel: 17 Block ID: 5, Msg No: M77A
Flight ID: NW0207 REG: N808NW


Message content:-
100917 LIRF KDTW7
/FN 0207
PIGOS   09463401829-472420701128381
-------------------------------------------------------[2024-10-10 09:53:40.884]

SOURCE: AIR
RX_ID: 982, Freq: 131.825MHz
Mode: 2 NACKLabel: H1 Block ID: 5, Msg No: D90B
Flight ID: AA0239 REG: N773AN


Message content:-
#DFB985604900.0280.013 73.75-116.37184440-41 275OFF
 42.9965   9.0121319995976404910.0070.003 77.37-112.85183520-40 274OFF
 43.1679   8.5745320005967204900.0060.002 78.00-112.15182640-41 274OFF
-------------------------------------------------------[2024-10-10 09:56:20.008]

SOURCE: AIR
RX_ID: 983, Freq: 131.825MHz
Mode: 2 NACKLabel: H1 Block ID: 6, Msg No: F25A
Flight ID: AA0239 REG: N773AN


Message content:-
#M1BPOSN44089E006540,BAR-04,095710,320,OKT-05,100022,GIP-06,M44,25175,17870D72
-------------------------------------------------------[2024-10-10 09:57:13.475]

SOURCE: AIR
RX_ID: 984, Freq: 131.825MHz
Mode: 2 NACKLabel: H1 Block ID: 7, Msg No: F26A
Flight ID: AA0239 REG: N773AN


Message content:-
#M1BPOSN44298E006354,OKT-05,100023,320,GIP-06,101023,BUL-07,M43,25165,177740E9
-------------------------------------------------------[2024-10-10 10:00:25.770]

SOURCE: AIR
RX_ID: 985, Freq: 131.825MHz
Mode: 2 NACKLabel: B0 Block ID: 6, Msg No: J19A
Flight ID: NW0207 REG: N808NW


Message content:-
/LFFF.AFN/FMHDAL207,.N808NW,AB00D6,100259/FPON44489E005098,1/FCOADS,01/FCOATC,010F6B
-------------------------------------------------------[2024-10-10 10:03:02.041]

SOURCE: AIR
RX_ID: 986, Freq: 131.725MHz
Mode: X NACKLabel: 4H Block ID: 5, Msg No: M53A
Flight ID: DL0233 REG: N1605


Message content:-
10104H LIRN KJFK6
  
WPR RESET





-------------------------------------------------------[2024-10-10 10:04:25.096]

SOURCE: AIR
RX_ID: 987, Freq: 131.725MHz
Mode: X NACKLabel: H1 Block ID: 8, Msg No: F88A
Flight ID: DL0233 REG: N1605


Message content:-
#M2BREJPOS,100443,130,219,RF101,TOBGABF74
-------------------------------------------------------[2024-10-10 10:04:46.599]

SOURCE: AIR
RX_ID: 988, Freq: 131.725MHz
Mode: X NACKLabel: H1 Block ID: 2, Msg No: D67A
Flight ID: DL0233 REG: N1605


Message content:-
#DFB239N1605 0233101024101104807 4499   451340-18-48266 7012-167 92000
 280 404 056284600030PSZLIRNKJFK
-------------------------------------------------------[2024-10-10 10:11:17.769]

SOURCE: AIR
RX_ID: 989, Freq: 131.825MHz
Mode: 2 NACKLabel: H1 Block ID: 7, Msg No: F74A
Flight ID: NW0113 REG: N829NW


Message content:-
#M1BRESPWI/AK8,071/TS101122,1010245118
-------------------------------------------------------[2024-10-10 10:11:23.806]

SOURCE: AIR
RX_ID: 990, Freq: 131.725MHz
Mode: X NACKLabel: H1 Block ID: 2, Msg No: D67A
Flight ID: DL0233 REG: N1605


Message content:-
#DFB239N1605 0233101024101104807 4499   451340-18-48266 7012-167 92000
 280 404 056284600030PSZLIRNKJFK
-------------------------------------------------------[2024-10-10 10:11:30.463]

SOURCE: AIR
RX_ID: 991, Freq: 131.725MHz
Mode: X NACKLabel: H1 Block ID: 5, Msg No: D58A
Flight ID: DL0183 REG: N177DZ


Message content:-
#DFB221N177DZ0183101024101117376295319810-13-43 -1             934 934
    673672    6373 6483      994 994    114111    58 54   166153   10
0 72   0505  0103  631637   1612 53 59    109 109    00010010012-1
-------------------------------------------------------[2024-10-10 10:11:34.555]

SOURCE: AIR
RX_ID: 992, Freq: 131.725MHz
Mode: X NACKLabel: H1 Block ID: 2, Msg No: D67A
Flight ID: DL0233 REG: N1605


Message content:-
#DFB239N1605 0233101024101104807 4499   451340-18-48266 7012-167 92000
 280 404 056284600030PSZLIRNKJFK
-------------------------------------------------------[2024-10-10 10:11:38.433]

SOURCE: AIR
RX_ID: 993, Freq: 131.725MHz
Mode: X NACKLabel: H1 Block ID: 5, Msg No: D58A
Flight ID: DL0183 REG: N177DZ


Message content:-
#DFB221N177DZ0183101024101117376295319810-13-43 -1             934 934
    673672    6373 6483      994 994    114111    58 54   166153   10
0 72   0505  0103  631637   1612 53 59    109 109    00010010012-1
-------------------------------------------------------[2024-10-10 10:11:47.245]

SOURCE: AIR
RX_ID: 994, Freq: 131.725MHz
Mode: X NACKLabel: H1 Block ID: 2, Msg No: D67A
Flight ID: DL0233 REG: N1605


Message content:-
#DFB239N1605 0233101024101104807 4499   451340-18-48266 7012-167 92000
 280 404 056284600030PSZLIRNKJFK
-------------------------------------------------------[2024-10-10 10:11:49.296]

SOURCE: AIR
RX_ID: 995, Freq: 131.725MHz
Mode: X NACKLabel: H1 Block ID: 5, Msg No: D58A
Flight ID: DL0183 REG: N177DZ


Message content:-
#DFB221N177DZ0183101024101117376295319810-13-43 -1             934 934
    673672    6373 6483      994 994    114111    58 54   166153   10
0 72   0505  0103  631637   1612 53 59    109 109    00010010012-1
-------------------------------------------------------[2024-10-10 10:11:57.889]

SOURCE: AIR
RX_ID: 996, Freq: 131.725MHz
Mode: E NACKLabel: H1 Block ID: 3, Msg No: D67A
Flight ID: DL0233 REG: N1605


Message content:-
#DFB239N1605 0233101024101104807 4499   451340-18-48266 7012-167 92000
 280 404 056284600030PSZLIRNKJFK
-------------------------------------------------------[2024-10-10 10:11:58.729]

SOURCE: AIR
RX_ID: 997, Freq: 131.725MHz
Mode: X NACKLabel: H1 Block ID: 5, Msg No: D58A
Flight ID: DL0183 REG: N177DZ


Message content:-
#DFB221N177DZ0183101024101117376295319810-13-43 -1             934 934
    673672    6373 6483      994 994    114111    58 54   166153   10
0 72   0505  0103  631637   1612 53 59    109 109    00010010012-1
-------------------------------------------------------[2024-10-10 10:12:11.200]

SOURCE: AIR
RX_ID: 998, Freq: 131.725MHz
Mode: E NACKLabel: H1 Block ID: 3, Msg No: D67A
Flight ID: DL0233 REG: N1605


Message content:-
#DFB239N1605 0233101024101104807 4499   451340-18-48266 7012-167 92000
 280 404 056284600030PSZLIRNKJFK
-------------------------------------------------------[2024-10-10 10:12:11.822]

SOURCE: AIR
RX_ID: 999, Freq: 131.725MHz
Mode: G NACKLabel: H1 Block ID: 6, Msg No: D58A
Flight ID: DL0183 REG: N177DZ


Message content:-
#DFB221N177DZ0183101024101117376295319810-13-43 -1             934 934
    673672    6373 6483      994 994    114111    58 54   166153   10
0 72   0505  0103  631637   1612 53 59    109 109    00010010012-1
-------------------------------------------------------[2024-10-10 10:12:20.417]

SOURCE: AIR
RX_ID: 1000, Freq: 131.725MHz
Mode: E NACKLabel: H1 Block ID: 3, Msg No: D67A
Flight ID: DL0233 REG: N1605


Message content:-
#DFB239N1605 0233101024101104807 4499   451340-18-48266 7012-167 92000
 280 404 056284600030PSZLIRNKJFK
-------------------------------------------------------[2024-10-10 10:12:22.684]

SOURCE: AIR
RX_ID: 1001, Freq: 131.725MHz
Mode: G NACKLabel: H1 Block ID: 7, Msg No: D58B
Flight ID: DL0183 REG: N177DZ


Message content:-
#DFB670
214 400115526399114490402116483401114517
-------------------------------------------------------[2024-10-10 10:12:23.891]

SOURCE: AIR
RX_ID: 1002, Freq: 131.725MHz
Mode: G NACKLabel: H1 Block ID: 8, Msg No: F18A
Flight ID: DL0183 REG: N177DZ


Message content:-
#M2BREJPWI,074057,001,,0017409
-------------------------------------------------------[2024-10-10 10:12:30.657]

SOURCE: AIR
RX_ID: 1003, Freq: 131.725MHz
Mode: E NACKLabel: H1 Block ID: 4, Msg No: F89A
Flight ID: DL0233 REG: N1605


Message content:-
#M2BREJPWI,,001,,001B9ED
-------------------------------------------------------[2024-10-10 10:12:32.302]

SOURCE: AIR
RX_ID: 1004, Freq: 131.725MHz
Mode: G NACKLabel: H1 Block ID: 9, Msg No: F19A
Flight ID: DL0183 REG: N177DZ


Message content:-
#M2BREJPWI,101342,130,112,WD101.130,112,WD101.130,112,WD1017CFB
-------------------------------------------------------[2024-10-10 10:13:58.941]

SOURCE: AIR
RX_ID: 1005, Freq: 131.725MHz
Mode: G NACKLabel: H1 Block ID: 9, Msg No: F19A
Flight ID: DL0183 REG: N177DZ


Message content:-
#M2BREJPWI,101342,130,112,WD101.130,112,WD101.130,112,WD1017CFB
-------------------------------------------------------[2024-10-10 10:14:08.779]

SOURCE: AIR
RX_ID: 1006, Freq: 131.825MHz
Mode: 2 NACKLabel: B0 Block ID: 8, Msg No: J13A
Flight ID: NW0113 REG: N829NW


Message content:-
/EGTT.AFN/FMHDAL113,.N829NW,AB538B,101717/FPON44277E005562,1/FCOADS,01/FCOATC,01C14C
-------------------------------------------------------[2024-10-10 10:17:19.356]

SOURCE: AIR
RX_ID: 1007, Freq: 131.825MHz
Mode: 2 NACKLabel: BA Block ID: 1, Msg No: J14A
Flight ID: NW0113 REG: N829NW


Message content:-
/SOUCAYA.CC1.N829NW6040A45D49102873
-------------------------------------------------------[2024-10-10 10:17:31.425]

SOURCE: AIR
RX_ID: 1008, Freq: 131.725MHz
Mode: G NACKLabel: 4H Block ID: 0, Msg No: M28A
Flight ID: DL0183 REG: N177DZ


Message content:-
10104H LIRF KJFK6
  
WPR RESET





-------------------------------------------------------[2024-10-10 10:19:20.261]

SOURCE: AIR
RX_ID: 1009, Freq: 131.825MHz
Mode: 2 NACKLabel: 4H Block ID: 4, Msg No: M27A
Flight ID: NW0113 REG: N829NW


Message content:-
10104H LIRF KBOS7
/FN 0113
  
WPR RESET
-------------------------------------------------------[2024-10-10 10:25:55.857]

SOURCE: AIR
RX_ID: 1010, Freq: 131.825MHz
Mode: 2 NACKLabel: H1 Block ID: 6, Msg No: F75A
Flight ID: NW0113 REG: N829NW


Message content:-
#M1BRESPOS/AK9,071/TS102600,101024E1F9
-------------------------------------------------------[2024-10-10 10:26:02.222]

SOURCE: AIR
RX_ID: 1011, Freq: 131.825MHz
Mode: 2 NACKLabel: H1 Block ID: 8, Msg No: D36A
Flight ID: NW0113 REG: N829NW


Message content:-
#DFB239193300401010098130
R39/A33039,1,1
239N829NW113 101024102610814 4499   464340-18-48264 67AB0510108920
 284 415 001284210030NXWLIRFKBOS
-------------------------------------------------------[2024-10-10 10:26:21.242]

SOURCE: AIR
RX_ID: 1012, Freq: 131.525MHz
Mode: T NACKLabel: 26 Block ID: 5, Msg No: M62A
Flight ID: AF7334 REG: F-GMZD


Message content:-
1029LFPGAF7334/101053LFML31R
-------------------------------------------------------[2024-10-10 10:29:53.611]

SOURCE: AIR
RX_ID: 1013, Freq: 131.525MHz
Mode: T NACKLabel: 2Z Block ID: 6, Msg No: M63A
Flight ID: AF7334 REG: F-GMZD


Message content:-
LFML
-------------------------------------------------------[2024-10-10 10:30:04.252]

SOURCE: AIR
RX_ID: 1014, Freq: 131.525MHz
Mode: T NACKLabel: 2F Block ID: 7, Msg No: M64A
Flight ID: AF7334 REG: F-GMZD


Message content:-
1037+4422+501/2243
-------------------------------------------------------[2024-10-10 10:37:04.939]

SOURCE: AIR
RX_ID: 1015, Freq: 131.525MHz
Mode: T NACKLabel: 2F Block ID: 7, Msg No: M64A
Flight ID: AF7334 REG: F-GMZD


Message content:-
1037+4422+501/2243
-------------------------------------------------------[2024-10-10 10:37:13.716]

SOURCE: AIR
RX_ID: 1016, Freq: 131.525MHz
Mode: T NACKLabel: 2F Block ID: 7, Msg No: M64A
Flight ID: AF7334 REG: F-GMZD


Message content:-
1037+4422+501/2243
-------------------------------------------------------[2024-10-10 10:37:24.979]

SOURCE: AIR
RX_ID: 1017, Freq: 131.525MHz
Mode: 2 NACKLabel: 2F Block ID: 7, Msg No: M64A
Flight ID: AF7334 REG: F-GMZD


Message content:-
1037+4422+501/2243
-------------------------------------------------------[2024-10-10 10:37:34.634]

SOURCE: AIR
RX_ID: 1018, Freq: 131.525MHz
Mode: 2 NACKLabel: 2F Block ID: 7, Msg No: M64A
Flight ID: AF7334 REG: F-GMZD


Message content:-
1037+4422+501/2243
-------------------------------------------------------[2024-10-10 10:37:45.900]

SOURCE: AIR
RX_ID: 1019, Freq: 131.525MHz
Mode: 2 NACKLabel: 26 Block ID: 8, Msg No: M65A
Flight ID: AF7334 REG: F-GMZD


Message content:-
1038LFPGAF7334/101053LFML31R
-------------------------------------------------------[2024-10-10 10:38:03.712]

SOURCE: AIR
RX_ID: 1020, Freq: 131.725MHz
Mode: G NACKLabel: H1 Block ID: 2, Msg No: D41A
Flight ID: AF7334 REG: F-GMZD


Message content:-
#DFBA01/A32101,1,1/CCF-GMZD,OCT10,102234,LFPG,LFML,0061/C106,75804,5000,65,0010,0,0100,56,X/CEN097,29004,310,800,7239,270,C51020/EC577521,01571,03308,01553,73,16/EE577523,31192,01312,28125,73/N10872,0872,0958,6
-------------------------------------------------------[2024-10-10 10:45:04.063]

SOURCE: AIR
RX_ID: 1021, Freq: 131.725MHz
Mode: G NACKLabel: H1 Block ID: 4, Msg No: D41C
Flight ID: AF7334 REG: F-GMZD


Message content:-
#DFB00000/V204,04,014,013,06,00,00000/V307,00,114,064,0619/V404,01,144,254,0619/V504,02,036,082,0915/V602,05,337,020,0915/V7046,083,00081,22222222222111/V8045,087,00061,22222222222111,/
-------------------------------------------------------[2024-10-10 10:45:12.037]

SOURCE: AIR
RX_ID: 1022, Freq: 131.725MHz
Mode: G NACKLabel: H1 Block ID: 6, Msg No: D42B
Flight ID: AF7334 REG: F-GMZD


Message content:-
#DFB01312,28125,73/N10872,0872,0958,6555,1749,XXXXX/N20872,0873,0955,6457,1739,XXXXX/S1XXXXX,0846,1730,4643,XXXX,020,N00/S2XXXXX,0832,1719,4602,XXXX,023,N00/T1088,086,023,39,093,06985,0113/T2090,087,019,40,100,
-------------------------------------------------------[2024-10-10 10:45:44.843]

SOURCE: AIR
RX_ID: 1023, Freq: 131.725MHz
Mode: G NACKLabel: H1 Block ID: 7, Msg No: D42C
Flight ID: AF7334 REG: F-GMZD


Message content:-
#DFB06985,0135/V103,03,008,068,02,00,00000/V204,04,014,013,06,00,00000/V307,00,114,064,0619/V404,01,144,254,0619/V504,02,036,082,0915/V602,05,337,020,0915/V7046,083,00081,22222222222111/V8045,087,00061,22222222
-------------------------------------------------------[2024-10-10 10:45:48.536]

SOURCE: AIR
RX_ID: 1024, Freq: 131.825MHz
Mode: 2 NACKLabel: 44 Block ID: 2, Msg No: M56A
Flight ID: GS952A REG: CSDFK


Message content:-
04p=G'\VNHH'Xm(''F!m!VH\'V(GG7Vq(p/V\'\'V\\':V\!''VH#X]]
-------------------------------------------------------[2024-10-10 11:08:40.491]

SOURCE: AIR
RX_ID: 1025, Freq: 131.825MHz
Mode: 2 NACKLabel: 44 Block ID: 3, Msg No: M57A
Flight ID: GS952A REG: CSDFK


Message content:-
08=m:LYq`}eee=LL`v}aZ`YLZ=uu0ZP=,:ZYLYLZYYYvZYeLLZLL`[}
-------------------------------------------------------[2024-10-10 11:15:45.497]

SOURCE: AIR
RX_ID: 1026, Freq: 131.825MHz
Mode: 2 NACKLabel: H1 Block ID: 4, Msg No: B17A
Flight ID: GS952A REG: CSDFK


Message content:-
#M2B/.MSG/TXDEAR TELMA  THIS IS DFK CREW  WOULD YOU BE ABLE TO ASSIST  US WITH OUR PAX  ETA 1405L    KIND REGARDS  DFK      /MA,,00351910081050932E
-------------------------------------------------------[2024-10-10 11:19:18.772]

SOURCE: AIR
RX_ID: 1027, Freq: 131.725MHz
Mode: E NACKLabel: 4H Block ID: 5, Msg No: M29A
Flight ID: DL0029 REG: N831MH


Message content:-
10114H LFMN KJFK6
  
WPR RESET





-------------------------------------------------------[2024-10-10 11:26:32.147]

SOURCE: AIR
RX_ID: 1028, Freq: 131.725MHz
Mode: E NACKLabel: H1 Block ID: 8, Msg No: D16A
Flight ID: DL0029 REG: N831MH


Message content:-
#DFB239N1807 0029101024112849801 4489   532320-14-43266 61XX-223108000
 291 4240071299240030/9WLFMNKJFK
-------------------------------------------------------[2024-10-10 11:29:04.953]

SOURCE: AIR
RX_ID: 1029, Freq: 131.725MHz
Mode: X NACKLabel: H1 Block ID: 7, Msg No: D02A
Flight ID: SN03DY REG: OO-SFD


Message content:-
#DFB001000200101010734046
R01/A33001,1,1
C1,.OO-SFD,24OCT10,11.29.40,EBBR,FKKD,BEL3DY    ,4000,001
C2,004,06.0,000000,D1333RR06C0BEL4,000,052,052
C3,-21.0,35001,0.811,111,1.08,111,10,0,01,111,1.08,X
C4,-20
-------------------------------------------------------[2024-10-10 11:30:05.372]

SOURCE: AIR
RX_ID: 1030, Freq: 131.725MHz
Mode: X NACKLabel: H1 Block ID: 8, Msg No: D02B
Flight ID: SN03DY REG: OO-SFD


Message content:-
#DFB.9,35005,0.810,111
C5,041029,75530,23002,26478,00443,10005,00000,00402,16066,---
C6,042040,37252,02407,06208,00443,10016,00000,00402,06066
N1,1.455,1.455,078.98,086.9,088.1,0641,07.787,03165,08.93
N2,1.
-------------------------------------------------------[2024-10-10 11:30:09.066]

SOURCE: AIR
RX_ID: 1031, Freq: 131.725MHz
Mode: X NACKLabel: H1 Block ID: 0, Msg No: D02D
Flight ID: SN03DY REG: OO-SFD


Message content:-
#DFBXX.X,0.13,0.09,0.11,279,0.22,012.4
T2,074,091,107.6,002.6,047.2,0.15,0.04,0.09,043,0.19,012.2
V1,XXXX,XXXX
V2,XXXX,XXXX
NO STABLE FRAME CONDITION   :

-------------------------------------------------------[2024-10-10 11:30:16.015]

SOURCE: AIR
RX_ID: 1032, Freq: 131.725MHz
Mode: E NACKLabel: 4H Block ID: 9, Msg No: M32A
Flight ID: DL0029 REG: N831MH


Message content:-
10114H LFMN KJFK6
  
WPR RESET





-------------------------------------------------------[2024-10-10 11:33:08.681]

SOURCE: AIR
RX_ID: 1033, Freq: 131.725MHz
Mode: E NACKLabel: H1 Block ID: 2, Msg No: F00A
Flight ID: DL0029 REG: N831MH


Message content:-
#M1BPOSN45069E004362,ETR04,113359,320,VAL05,114633,LMG07,M45,26558,1087,800F7E8
-------------------------------------------------------[2024-10-10 11:34:03.587]

SOURCE: AIR
RX_ID: 1034, Freq: 131.725MHz
Mode: X NACKLabel: 16 Block ID: 1, Msg No: M26A
Flight ID: SN03DY REG: OO-SFD


Message content:-
10OCT24,1134,N 44.598,E  5.695,34998,1701,97800
-------------------------------------------------------[2024-10-10 11:34:47.402]

SOURCE: AIR
RX_ID: 1035, Freq: 131.725MHz
Mode: E NACKLabel: H1 Block ID: 3, Msg No: D17A
Flight ID: DL0029 REG: N831MH


Message content:-
#DFB221N1807 0029101024113549407293320806-16-45 -1             955 955
    704700    6960 6928     09981000    111115    60 57   145149   //
/400   0211  0102  633636   1067  9 28     18  17    000100100XX-22
-------------------------------------------------------[2024-10-10 11:36:05.239]

SOURCE: AIR
RX_ID: 1036, Freq: 131.725MHz
Mode: E NACKLabel: H1 Block ID: 4, Msg No: D17B
Flight ID: DL0029 REG: N831MH


Message content:-
#DFB3 
 0
-------------------------------------------------------[2024-10-10 11:36:09.114]

SOURCE: AIR
RX_ID: 1037, Freq: 131.850MHz
Mode: 2 NACKLabel: B6 Block ID: 8, Msg No: F73A
Flight ID: BA0082 REG: G-VIIF


Message content:-
/QUKAXBA.ADS.G-VIIF071ED1081E0049C424119D6B2C
-------------------------------------------------------[2024-10-10 11:38:30.190]

SOURCE: AIR
RX_ID: 1038, Freq: 131.825MHz
Mode: 2 NACKLabel: 10 Block ID: 9, Msg No: M82A
Flight ID: BA0082 REG: G-VIIF


Message content:-
MET01LFLL
-------------------------------------------------------[2024-10-10 11:39:27.863]

SOURCE: AIR
RX_ID: 1039, Freq: 131.825MHz
Mode: 2 NACKLabel: 10 Block ID: 1, Msg No: M83A
Flight ID: BA0082 REG: G-VIIF


Message content:-
MET01LFPG
-------------------------------------------------------[2024-10-10 11:39:36.462]

SOURCE: AIR
RX_ID: 1040, Freq: 131.825MHz
Mode: 2 NACKLabel: B9 Block ID: 9, Msg No: M84A
Flight ID: BA0082 REG: G-VIIF


Message content:-
046EGLLA
-------------------------------------------------------[2024-10-10 11:52:43.056]

SOURCE: AIR
RX_ID: 1041, Freq: 131.725MHz
Mode: E NACKLabel: 16 Block ID: 5, Msg No: M20A
Flight ID: SN027A REG: OO-SFC


Message content:-
10OCT24,1153,N 44.498,E  7.006,35003,1716,92680
-------------------------------------------------------[2024-10-10 11:53:54.916]

SOURCE: AIR
RX_ID: 1042, Freq: 131.725MHz
Mode: G NACKLabel: H1 Block ID: 2, Msg No: C15A
Flight ID: AF7335 REG: F-GMZD


Message content:-
#CFBFLR/FR93101012040030310005SDAC2:NO DATA FROM      PHC2/IDECAM 1,ECAM 2
-------------------------------------------------------[2024-10-10 12:04:31.023]

SOURCE: AIR
RX_ID: 1043, Freq: 131.725MHz
Mode: G NACKLabel: H1 Block ID: 3, Msg No: C16A
Flight ID: AF7335 REG: F-GMZD


Message content:-
#CFBFLR/FR93101012040034413306DMC2: NO WXR1   CH2 DATA/IDEIS 2,EIS 3,EIS 1
-------------------------------------------------------[2024-10-10 12:05:04.192]

SOURCE: AIR
RX_ID: 1044, Freq: 131.725MHz
Mode: G NACKLabel: H1 Block ID: 4, Msg No: D62A
Flight ID: AF7335 REG: F-GMZD


Message content:-
#DFBA39/A32139,1,1/C1120603,4902,1096,39957,73809/
-------------------------------------------------------[2024-10-10 12:05:35.132]

SOURCE: AIR
RX_ID: 1045, Freq: 131.725MHz
Mode: G NACKLabel: H1 Block ID: 5, Msg No: D63A
Flight ID: AF7335 REG: F-GMZD


Message content:-
#DFBA13/A32113,1,1/CCF-GMZD,OCT10,115630,LFML,LFPG,0055/C111,78039,4000,34,0000,1,0000,46,1/CE0230,00231,---,---,----,---,C51020/E11096,07189,08273,40000/N1577521,00000,0A000,0996,0570,N05/N2577523,00000,0A000,
-------------------------------------------------------[2024-10-10 12:07:09.121]

SOURCE: AIR
RX_ID: 1046, Freq: 131.725MHz
Mode: G NACKLabel: H1 Block ID: 6, Msg No: D63B
Flight ID: AF7335 REG: F-GMZD


Message content:-
#DFB0998,0555,N05/N3000000,00000,04000,0997,0361,082/S10956,0026,040,392,XXXX,088,029/S20956,0026,040,392,XXXX,086,014/S30776,0022,000,091,XXXX,082,000/V1054,0811,0320,087,0015,/
-------------------------------------------------------[2024-10-10 12:07:12.815]

SOURCE: AIR
RX_ID: 1047, Freq: 131.725MHz
Mode: G NACKLabel: 2T Block ID: 7, Msg No: M84A
Flight ID: AF7335 REG: F-GMZD


Message content:-
4
-------------------------------------------------------[2024-10-10 12:11:32.118]

SOURCE: AIR
RX_ID: 1048, Freq: 131.725MHz
Mode: G NACKLabel: 2F Block ID: 2, Msg No: M85A
Flight ID: AF7335 REG: F-GMZD


Message content:-
1218+4464+463/2761
-------------------------------------------------------[2024-10-10 12:18:25.427]

SOURCE: AIR
RX_ID: 1049, Freq: 131.725MHz
Mode: G NACKLabel: 26 Block ID: 3, Msg No: M86A
Flight ID: AF7335 REG: F-GMZD


Message content:-
1225LFMLAF7335/101310LFPG26L
-------------------------------------------------------[2024-10-10 12:25:03.776]

SOURCE: AIR
RX_ID: 1050, Freq: 131.725MHz
Mode: G NACKLabel: 16 Block ID: 9, Msg No: M01A
Flight ID: XSMBU6 REG: 2-BBMB


Message content:-
125456,,1358, 142,N 44.669 E  3.835
-------------------------------------------------------[2024-10-10 12:54:59.114]

SOURCE: AIR
RX_ID: 1051, Freq: 131.825MHz
Mode: 2 NACKLabel: 44 Block ID: 2, Msg No: M75A
Flight ID: XA0000 REG: OKSLN


Message content:-
POS02,N43175 E005292,390,LKTB,LEBL,1010,1303,1403,00067
-------------------------------------------------------[2024-10-10 13:03:21.143]

SOURCE: AIR
RX_ID: 1052, Freq: 131.725MHz
Mode: 2 NACKLabel: H1 Block ID: 1, Msg No: F51A
Flight ID: XA0000 REG: DACCC


Message content:-
#M1B/.RESREQ/AK,115/TS131306,101024
-------------------------------------------------------[2024-10-10 13:13:09.914]

SOURCE: AIR
RX_ID: 1053, Freq: 131.725MHz
Mode: 2 NACKLabel: H1 Block ID: 2, Msg No: F52A
Flight ID: XA0000 REG: DACCC


Message content:-
#M1B/.POS/TS131306,101024N44208E006244,,131306,309,BULOL,132806,IDAVO,M41,26360,142,8501852
-------------------------------------------------------[2024-10-10 13:13:14.410]

SOURCE: AIR
RX_ID: 1054, Freq: 131.725MHz
Mode: G NACKLabel: 83 Block ID: 8, Msg No: M09A
Flight ID: GS0001 REG: OEGTI


Message content:-
001PR10132114N4526.2E00521.4409390    
-------------------------------------------------------[2024-10-10 13:21:16.723]

SOURCE: AIR
RX_ID: 1055, Freq: 131.725MHz
Mode: X NACKLabel: 83 Block ID: 0, Msg No: M10A
Flight ID: GS0001 REG: OEGTI


Message content:-
001PR10133131N4514.3E00354.3410373    
-------------------------------------------------------[2024-10-10 13:31:33.987]

SOURCE: AIR
RX_ID: 1056, Freq: 131.825MHz
Mode: 2 NACKLabel: H1 Block ID: 1, Msg No: F17A
Flight ID: AC0891 REG: C-FIVW


Message content:-
#M2BREQPWI/WQ340.320.300.280:ETREK.NOQAS.LERGA.FOUCO.MANAK.TIRAV.MOKOR.BAGAD.AMPOP.LULOX.MALOT.N53000W020000.N53000W030000.N53000W040000.N53000W050000.RIKAL.BOBBS.YBC.IGSAS.POLTY/DQ3602AB9
-------------------------------------------------------[2024-10-10 13:34:16.037]

SOURCE: AIR
RX_ID: 1057, Freq: 131.825MHz
Mode: 2 NACKLabel: H1 Block ID: 0, Msg No: O28A
Flight ID: AC0891 REG: C-FIVW


Message content:-
#10BSB0122BA_C-FIVW  LIRFCYYZ758
 44167 0065481334 31983-420260068010/9W011013
-------------------------------------------------------[2024-10-10 13:35:36.751]

SOURCE: AIR
RX_ID: 1058, Freq: 131.825MHz
Mode: 2 NACKLabel: H1 Block ID: 4, Msg No: F19A
Flight ID: AC0891 REG: C-FIVW


Message content:-
#M2BRESPWI/AK,71605F
-------------------------------------------------------[2024-10-10 13:36:05.204]

SOURCE: AIR
RX_ID: 1059, Freq: 131.825MHz
Mode: 2 NACKLabel: H1 Block ID: 5, Msg No: F20A
Flight ID: AC0891 REG: C-FIVW


Message content:-
#M2BRESPWI/AC,0858A2F
-------------------------------------------------------[2024-10-10 13:36:15.443]

SOURCE: AIR
RX_ID: 1060, Freq: 131.825MHz
Mode: 2 NACKLabel: 4T Block ID: 7, Msg No: M76A
Flight ID: AC0891 REG: C-FIVW


Message content:-
AGFSR AC0891/10/10/FCOYYZ/1336Z/743/4420.4N00613.6E/320/CRUISE/0702/0108/M42/265065/0304/---/443/1235/1250/----/----
-------------------------------------------------------[2024-10-10 13:37:02.768]

SOURCE: AIR
RX_ID: 1061, Freq: 131.725MHz
Mode: G NACKLabel: H1 Block ID: 0, Msg No: C08A
Flight ID: 4Y01BH REG: F-WWBH


Message content:-
#CFBFLR/PNRC12860AA08/FR24101013460024225506AFS:28V PWR 11XU1/IDAFS 1  
-------------------------------------------------------[2024-10-10 13:47:12.825]

SOURCE: AIR
RX_ID: 1062, Freq: 131.825MHz
Mode: 2 NACKLabel: SA Block ID: 5, Msg No: S24A
Flight ID: KE0913 REG: HL8390


Message content:-
0EV141148VSH/
-------------------------------------------------------[2024-10-10 14:11:49.079]

SOURCE: AIR
RX_ID: 1063, Freq: 131.825MHz
Mode: 2 NACKLabel: SA Block ID: 9, Msg No: S29A
Flight ID: KE0913 REG: HL8390


Message content:-
0EV141306VSH/
-------------------------------------------------------[2024-10-10 14:13:06.683]

SOURCE: AIR
RX_ID: 1064, Freq: 131.825MHz
Mode: 2 NACKLabel: SA Block ID: 2, Msg No: S33A
Flight ID: KE0913 REG: HL8390


Message content:-
0EV141412VSH/
-------------------------------------------------------[2024-10-10 14:14:12.841]

SOURCE: AIR
RX_ID: 1065, Freq: 131.825MHz
Mode: 2 NACKLabel: SA Block ID: 5, Msg No: S37A
Flight ID: KE0913 REG: HL8390


Message content:-
0EV141518VSH/
-------------------------------------------------------[2024-10-10 14:15:20.427]

SOURCE: AIR
RX_ID: 1066, Freq: 131.825MHz
Mode: 2 NACKLabel: B9 Block ID: 6, Msg No: L70A
Flight ID: KE0913 REG: HL8390


Message content:-
/LEMD.TI2/030LEMDA88BD
-------------------------------------------------------[2024-10-10 14:15:30.267]

SOURCE: AIR
RX_ID: 1067, Freq: 131.725MHz
Mode: X NACKLabel: 4H Block ID: 6, Msg No: M03A
Flight ID: DL0149 REG: N827MH


Message content:-
10144H LIRF KJFK6
  
WPR RESET





-------------------------------------------------------[2024-10-10 14:16:11.191]

SOURCE: AIR
RX_ID: 1068, Freq: 131.725MHz
Mode: X ACK, A2GLabel: H1 Block ID: 8, Msg No: F09A
Flight ID: DL0149 REG: N827MH


Message content:-
#M1BREJPOS,141618,130,219,RF101,TOBGAE10E
-------------------------------------------------------[2024-10-10 14:16:21.833]

SOURCE: AIR
RX_ID: 1069, Freq: 131.825MHz
Mode: 2 NACKLabel: SA Block ID: 0, Msg No: S42A
Flight ID: KE0913 REG: HL8390


Message content:-
0EV141644VSH/
-------------------------------------------------------[2024-10-10 14:16:56.907]

SOURCE: AIR
RX_ID: 1070, Freq: 131.850MHz
Mode: 2 NACKLabel: SA Block ID: 3, Msg No: S46A
Flight ID: KE0913 REG: HL8390


Message content:-
0EV141801VSH/
-------------------------------------------------------[2024-10-10 14:18:02.956]

SOURCE: AIR
RX_ID: 1071, Freq: 131.825MHz
Mode: 2 NACKLabel: SA Block ID: 3, Msg No: S46A
Flight ID: KE0913 REG: HL8390


Message content:-
0EV141801VSH/
-------------------------------------------------------[2024-10-10 14:18:03.028]

SOURCE: AIR
RX_ID: 1072, Freq: 131.825MHz
Mode: 2 NACKLabel: SA Block ID: 6, Msg No: S50A
Flight ID: KE0913 REG: HL8390


Message content:-
0EV141910VSH/
-------------------------------------------------------[2024-10-10 14:19:10.431]

SOURCE: AIR
RX_ID: 1073, Freq: 131.850MHz
Mode: 2 NACKLabel: SA Block ID: 9, Msg No: S54A
Flight ID: KE0913 REG: HL8390


Message content:-
0EV142015VSH/
-------------------------------------------------------[2024-10-10 14:20:16.884]

SOURCE: AIR
RX_ID: 1074, Freq: 131.825MHz
Mode: 2 NACKLabel: SA Block ID: 3, Msg No: S59A
Flight ID: KE0913 REG: HL8390


Message content:-
0EV142224VSH/
-------------------------------------------------------[2024-10-10 14:22:24.995]

SOURCE: AIR
RX_ID: 1075, Freq: 131.725MHz
Mode: X NACKLabel: H1 Block ID: 3, Msg No: F10A
Flight ID: DL0149 REG: N827MH


Message content:-
#M1BREJPOS,142358,130,219,RF101,TOBGAB460
-------------------------------------------------------[2024-10-10 14:24:13.908]

SOURCE: AIR
RX_ID: 1076, Freq: 131.825MHz
Mode: 2 NACKLabel: SA Block ID: 8, Msg No: S65A
Flight ID: KE0913 REG: HL8390


Message content:-
0EV142559VSH/
-------------------------------------------------------[2024-10-10 14:25:59.415]

SOURCE: AIR
RX_ID: 1077, Freq: 131.725MHz
Mode: X NACKLabel: 4H Block ID: 4, Msg No: M08A
Flight ID: DL0149 REG: N827MH


Message content:-
10144H LIRF KJFK6
  
WPR RESET





-------------------------------------------------------[2024-10-10 14:31:22.341]

SOURCE: AIR
RX_ID: 1078, Freq: 131.725MHz
Mode: X NACKLabel: H1 Block ID: 7, Msg No: F11A
Flight ID: DL0149 REG: N827MH


Message content:-
#M1BREJPOS,143133,130,219,RF101,TOBGA4B34
-------------------------------------------------------[2024-10-10 14:31:35.251]

SOURCE: AIR
RX_ID: 1079, Freq: 131.725MHz
Mode: X NACKLabel: H1 Block ID: 7, Msg No: F11A
Flight ID: DL0149 REG: N827MH


Message content:-
#M1BREJPOS,143133,130,219,RF101,TOBGA4B34
-------------------------------------------------------[2024-10-10 14:31:44.248]

SOURCE: AIR
RX_ID: 1080, Freq: 131.725MHz
Mode: G NACKLabel: 44 Block ID: 1, Msg No: M73A
Flight ID: GS393N REG: GNJAE


Message content:-
05JO4jx)]uduBjXjjCCju)xBC)Xh^^)}"/])xjxj)xudd)xuuo)d7`??
-------------------------------------------------------[2024-10-10 14:33:11.289]

SOURCE: AIR
RX_ID: 1081, Freq: 131.725MHz
Mode: X NACKLabel: H1 Block ID: 8, Msg No: D56A
Flight ID: DL0149 REG: N827MH


Message content:-
#DFB239N1803 0149101024143702802 4511   459320-17-47270 67XX-223108520
 292 406001628410003020)LIRFKJFK
-------------------------------------------------------[2024-10-10 14:37:11.930]

SOURCE: AIR
RX_ID: 1082, Freq: 131.725MHz
Mode: E ACK, A2GLabel: 44 Block ID: 6, Msg No: M44A
Flight ID: GS0000 REG: DAFBS


Message content:-
05JO4jd)]uC9o9XjjdCdx)dBj)Xhh&)}"/])xjxj)xuuo)xC9j)jju7e
-------------------------------------------------------[2024-10-10 14:46:37.408]

SOURCE: AIR
RX_ID: 1083, Freq: 131.725MHz
Mode: E NACKLabel: 44 Block ID: 7, Msg No: M45A
Flight ID: GS0000 REG: DAFBS


Message content:-
011*4lSb_''EE~6ll'S~EbS?lb622nb\C@_bAlAlbA'EAbAEA?bll'OL
-------------------------------------------------------[2024-10-10 14:51:33.535]

SOURCE: AIR
RX_ID: 1084, Freq: 131.725MHz
Mode: E NACKLabel: 44 Block ID: 9, Msg No: M47A
Flight ID: GS0000 REG: DAFBS


Message content:-
02N;E,0Irm0QQ3X,,QmQmI--,IXOO/Iv*srI3,3,I3Q,3I3Q39I,,mT0
-------------------------------------------------------[2024-10-10 15:01:33.598]

SOURCE: AIR
RX_ID: 1085, Freq: 131.725MHz
Mode: E NACKLabel: 44 Block ID: 0, Msg No: M48A
Flight ID: GS0000 REG: DAFBS


Message content:-
011*4lSb_'SSAE6llL~AAbA~Lb622nb\C@_bAlAlbAElLbAEASbll'O~
-------------------------------------------------------[2024-10-10 15:06:32.619]

SOURCE: AIR
RX_ID: 1086, Freq: 131.725MHz
Mode: X NACKLabel: SA Block ID: 8, Msg No: S32A
Flight ID: GR0000 REG: 2ZENP


Message content:-
0EV150925V/
-------------------------------------------------------[2024-10-10 15:10:45.775]

SOURCE: AIR
RX_ID: 1087, Freq: 131.725MHz
Mode: X NACKLabel: SA Block ID: 8, Msg No: S32A
Flight ID: GR0000 REG: 2ZENP


Message content:-
0EV150925V/
-------------------------------------------------------[2024-10-10 15:10:58.682]

SOURCE: AIR
RX_ID: 1088, Freq: 131.725MHz
Mode: 2 NACKLabel: SA Block ID: 3, Msg No: S32A
Flight ID: GR0000 REG: 2ZENP


Message content:-
0EV150925V/
-------------------------------------------------------[2024-10-10 15:13:10.378]

SOURCE: AIR
RX_ID: 1089, Freq: 131.725MHz
Mode: 2 NACKLabel: SA Block ID: 3, Msg No: S32A
Flight ID: GR0000 REG: 2ZENP


Message content:-
0EV150925V/
-------------------------------------------------------[2024-10-10 15:13:21.422]

SOURCE: AIR
RX_ID: 1090, Freq: 131.725MHz
Mode: 2 NACKLabel: SA Block ID: 3, Msg No: S32A
Flight ID: GR0000 REG: 2ZENP


Message content:-
0EV150925V/
-------------------------------------------------------[2024-10-10 15:13:31.662]

SOURCE: AIR
RX_ID: 1091, Freq: 131.725MHz
Mode: X NACKLabel: SA Block ID: 5, Msg No: S37A
Flight ID: GR0000 REG: 2ZENP


Message content:-
0EV151045V/
-------------------------------------------------------[2024-10-10 15:14:42.721]

SOURCE: AIR
RX_ID: 1092, Freq: 131.725MHz
Mode: X NACKLabel: SA Block ID: 5, Msg No: S37A
Flight ID: GR0000 REG: 2ZENP


Message content:-
0EV151045V/
-------------------------------------------------------[2024-10-10 15:14:50.729]

SOURCE: AIR
RX_ID: 1093, Freq: 131.725MHz
Mode: 2 NACKLabel: SA Block ID: 0, Msg No: S37A
Flight ID: GR0000 REG: 2ZENP


Message content:-
0EV151045V/
-------------------------------------------------------[2024-10-10 15:17:36.183]

SOURCE: AIR
RX_ID: 1094, Freq: 131.725MHz
Mode: 2 NACKLabel: SA Block ID: 0, Msg No: S37A
Flight ID: GR0000 REG: 2ZENP


Message content:-
0EV151045V/
-------------------------------------------------------[2024-10-10 15:17:42.155]

SOURCE: AIR
RX_ID: 1095, Freq: 131.725MHz
Mode: 2 NACKLabel: SA Block ID: 0, Msg No: S37A
Flight ID: GR0000 REG: 2ZENP


Message content:-
0EV151045V/
-------------------------------------------------------[2024-10-10 15:17:49.094]

SOURCE: AIR
RX_ID: 1096, Freq: 131.725MHz
Mode: 2 NACKLabel: SA Block ID: 2, Msg No: S42A
Flight ID: GR0000 REG: 2ZENP


Message content:-
0EV151442V/
-------------------------------------------------------[2024-10-10 15:18:14.911]

SOURCE: AIR
RX_ID: 1097, Freq: 131.725MHz
Mode: 2 NACKLabel: SA Block ID: 2, Msg No: S42A
Flight ID: GR0000 REG: 2ZENP


Message content:-
0EV151442V/
-------------------------------------------------------[2024-10-10 15:18:21.860]

SOURCE: AIR
RX_ID: 1098, Freq: 131.725MHz
Mode: 2 NACKLabel: SA Block ID: 2, Msg No: S42A
Flight ID: GR0000 REG: 2ZENP


Message content:-
0EV151442V/
-------------------------------------------------------[2024-10-10 15:18:31.917]

SOURCE: AIR
RX_ID: 1099, Freq: 131.725MHz
Mode: X NACKLabel: SA Block ID: 4, Msg No: S44A
Flight ID: GR0000 REG: 2ZENP


Message content:-
0EV151814V/
-------------------------------------------------------[2024-10-10 15:18:46.440]

SOURCE: AIR
RX_ID: 1100, Freq: 131.725MHz
Mode: X NACKLabel: SA Block ID: 4, Msg No: S44A
Flight ID: GR0000 REG: 2ZENP


Message content:-
0EV151814V/
-------------------------------------------------------[2024-10-10 15:18:52.582]

SOURCE: AIR
RX_ID: 1101, Freq: 131.725MHz
Mode: X NACKLabel: SA Block ID: 4, Msg No: S44A
Flight ID: GR0000 REG: 2ZENP


Message content:-
0EV151814V/
-------------------------------------------------------[2024-10-10 15:19:00.590]

SOURCE: AIR
RX_ID: 1102, Freq: 131.725MHz
Mode: G NACKLabel: SA Block ID: 5, Msg No: S44A
Flight ID: GR0000 REG: 2ZENP


Message content:-
0EV151814V/
-------------------------------------------------------[2024-10-10 15:19:12.441]

SOURCE: AIR
RX_ID: 1103, Freq: 131.525MHz
Mode: T NACKLabel: 2F Block ID: 2, Msg No: M14A
Flight ID: AF6222 REG: F-GRHF


Message content:-
1523+4431+532/3042
-------------------------------------------------------[2024-10-10 15:23:25.736]

SOURCE: AIR
RX_ID: 1104, Freq: 131.525MHz
Mode: T NACKLabel: 2Z Block ID: 4, Msg No: M15A
Flight ID: AF6222 REG: F-GRHF


Message content:-
LFMN
-------------------------------------------------------[2024-10-10 15:25:02.395]

SOURCE: AIR
RX_ID: 1105, Freq: 131.525MHz
Mode: T NACKLabel: B9 Block ID: 5, Msg No: L06A
Flight ID: AF6222 REG: F-GRHF


Message content:-
/LFMN.TI2/064LFMNA83AC
-------------------------------------------------------[2024-10-10 15:29:49.921]

SOURCE: AIR
RX_ID: 1106, Freq: 131.525MHz
Mode: T NACKLabel: 26 Block ID: 8, Msg No: M16A
Flight ID: AF6222 REG: F-GRHF


Message content:-
1532LFPOAF6222/101547LFMN22R
-------------------------------------------------------[2024-10-10 15:32:02.236]

SOURCE: AIR
RX_ID: 1107, Freq: 131.725MHz
Mode: G NACKLabel: 83 Block ID: 6, Msg No: M06A
Flight ID: XA0001 REG: CSRLI


Message content:-
001PR10154141N4420.2E00654.5399378    
-------------------------------------------------------[2024-10-10 15:41:41.902]

SOURCE: AIR
RX_ID: 1108, Freq: 131.725MHz
Mode: G NACKLabel: 83 Block ID: 6, Msg No: M06A
Flight ID: XA0001 REG: CSRLI


Message content:-
001PR10154141N4420.2E00654.5399378    
-------------------------------------------------------[2024-10-10 15:41:51.525]

SOURCE: AIR
RX_ID: 1109, Freq: 131.725MHz
Mode: G NACKLabel: 83 Block ID: 8, Msg No: M06A
Flight ID: GS0001 REG: OEGTI


Message content:-
001PR10160544N4513.2E00441.4430493    
-------------------------------------------------------[2024-10-10 16:05:47.404]

SOURCE: AIR
RX_ID: 1110, Freq: 131.725MHz
Mode: G NACKLabel: 16 Block ID: 2, Msg No: M12A
Flight ID: XSMBU6 REG: 2-BBMB


Message content:-
164013,,1741, 141,N 44.119 E  5.412
-------------------------------------------------------[2024-10-10 16:40:14.880]

SOURCE: AIR
RX_ID: 1111, Freq: 131.525MHz
Mode: T NACKLabel: B9 Block ID: 3, Msg No: L10A
Flight ID: AF6231 REG: F-GRHF


Message content:-
/LFLL.TI2/064LFLLAD2FE
-------------------------------------------------------[2024-10-10 17:05:57.039]

SOURCE: AIR
RX_ID: 1112, Freq: 131.725MHz
Mode: G NACKLabel: 83 Block ID: 5, Msg No: M03A
Flight ID: UV0001 REG: FHGUI


Message content:-
001PR10203931N4327.0E00535.0147211    
-------------------------------------------------------[2024-10-10 20:39:37.999]

SOURCE: AIR
RX_ID: 1113, Freq: 131.725MHz
Mode: G NACKLabel: 83 Block ID: 6, Msg No: M04A
Flight ID: UV0001 REG: FHGUI


Message content:-
001PR10204946N4321.3E00628.0269307    
-------------------------------------------------------[2024-10-10 20:49:53.208]

SOURCE: AIR
RX_ID: 1114, Freq: 131.825MHz
Mode: 2 NACKLabel: H1 Block ID: 7, Msg No: F03A
Flight ID: QY1685 REG: D-ALEP


Message content:-
#M1BPOSN44319E004424,,205750,288,LUXAN,210437,ARKOX,M36,27248,159,F6DF
-------------------------------------------------------[2024-10-10 20:57:52.699]

SOURCE: AIR
RX_ID: 1115, Freq: 131.850MHz
Mode: 2 NACKLabel: 16 Block ID: 7, Msg No: M94A
Flight ID: FRRYR4 REG: 9H-QEK


Message content:-
210351,,2213, 116,N   .    MMMM.MMM
-------------------------------------------------------[2024-10-10 21:03:53.745]

SOURCE: AIR
RX_ID: 1116, Freq: 131.725MHz
Mode: G NACKLabel: H1 Block ID: 3, Msg No: D93A
Flight ID: KL8341 REG: PH-CKB


Message content:-
#DFB(POS-MPH8341 -4520N00604E/220803 F290
RMK/FUEL 120.0 M0.84)
-------------------------------------------------------[2024-10-10 22:08:49.544]

SOURCE: AIR
RX_ID: 1117, Freq: 131.725MHz
Mode: E NACKLabel: H1 Block ID: 2, Msg No: D94A
Flight ID: KL8341 REG: PH-CKB


Message content:-
#DFB(POS-MPH8341 -4319N00602E/222303 F290
RMK/FUEL 116.7 M0.84)
-------------------------------------------------------[2024-10-10 22:23:33.443]

SOURCE: AIR
RX_ID: 1118, Freq: 131.725MHz
Mode: G NACKLabel: 26 Block ID: 8, Msg No: M13A
Flight ID: QA0005 REG: A7-HJJ


Message content:-
002102-1219Z(QC)U)NJ8N6JZ(PUR),))J8L77ZQ(C)5M77MZRG)))J56J77ZQXB)(QB/V))ZOP3)NNMZ,CQ)7N5N
-------------------------------------------------------[2024-10-10 22:52:26.648]

