SOURCE: AIR
RX_ID: 0, Freq: 131.725MHz
Mode: 2 NACKLabel: 5V Block ID: 4, Msg No: S41A
Flight ID: AH1040 REG: 7T-VJU


Message content:-

-------------------------------------------------------[2024-03-08 17:59:46.515]

SOURCE: AIR
RX_ID: 1, Freq: 131.825MHz
Mode: 2 ACK, A2GLabel: _d Block ID: 9, Msg No: S20A
Flight ID: QY1683 REG: D-ALEQ


Message content:-

-------------------------------------------------------[2024-03-08 19:40:57.292]

SOURCE: AIR
RX_ID: 2, Freq: 131.725MHz
Mode: 2 NACKLabel: Q0 Block ID: 0, Msg No: S17A
Flight ID: AH1230 REG: 7T-VKD


Message content:-

-------------------------------------------------------[2024-03-08 19:49:42.413]

SOURCE: AIR
RX_ID: 3, Freq: 131.725MHz
Mode: 2 NACKLabel: SA Block ID: 1, Msg No: M16A
Flight ID: AH1230 REG: 7T-VKD


Message content:-
0EV194945V
-------------------------------------------------------[2024-03-08 19:49:46.949]

SOURCE: AIR
RX_ID: 4, Freq: 131.725MHz
Mode: X NACKLabel: Q0 Block ID: 2, Msg No: S18A
Flight ID: AH1230 REG: 7T-VKD


Message content:-

-------------------------------------------------------[2024-03-08 19:50:04.355]

SOURCE: AIR
RX_ID: 5, Freq: 131.725MHz
Mode: X NACKLabel: 5V Block ID: 3, Msg No: S19A
Flight ID: AH1230 REG: 7T-VKD


Message content:-

-------------------------------------------------------[2024-03-08 19:50:17.852]

SOURCE: AIR
RX_ID: 6, Freq: 131.825MHz
Mode: 2 NACKLabel: Q0 Block ID: 1, Msg No: S21A
Flight ID: QY1683 REG: D-ALEQ


Message content:-

-------------------------------------------------------[2024-03-08 19:51:20.543]

SOURCE: AIR
RX_ID: 7, Freq: 131.825MHz
Mode: 2 ACK, A2GLabel: _d Block ID: 3, Msg No: S22A
Flight ID: QY1683 REG: D-ALEQ


Message content:-

-------------------------------------------------------[2024-03-08 19:52:27.104]

SOURCE: AIR
RX_ID: 8, Freq: 131.725MHz
Mode: 2 NACKLabel: Q0 Block ID: 4, Msg No: S20A
Flight ID: AH1230 REG: 7T-VKD


Message content:-

-------------------------------------------------------[2024-03-08 19:54:31.009]

SOURCE: AIR
RX_ID: 9, Freq: 131.725MHz
Mode: 2 NACKLabel: SA Block ID: 5, Msg No: M17A
Flight ID: AH1230 REG: 7T-VKD


Message content:-
0EV195433V
-------------------------------------------------------[2024-03-08 19:54:35.106]

SOURCE: AIR
RX_ID: 10, Freq: 131.725MHz
Mode: 2 NACKLabel: 5V Block ID: 6, Msg No: S21A
Flight ID: AH1230 REG: 7T-VKD


Message content:-

-------------------------------------------------------[2024-03-08 19:54:53.720]

SOURCE: AIR
RX_ID: 11, Freq: 131.725MHz
Mode: 2 NACKLabel: Q0 Block ID: 7, Msg No: S22A
Flight ID: AH1230 REG: 7T-VKD


Message content:-

-------------------------------------------------------[2024-03-08 19:59:07.089]

SOURCE: AIR
RX_ID: 12, Freq: 131.725MHz
Mode: 2 NACKLabel: SA Block ID: 8, Msg No: M18A
Flight ID: AH1230 REG: 7T-VKD


Message content:-
0EV195909V
-------------------------------------------------------[2024-03-08 19:59:11.189]

SOURCE: AIR
RX_ID: 13, Freq: 131.725MHz
Mode: 2 NACKLabel: 5V Block ID: 9, Msg No: S23A
Flight ID: AH1230 REG: 7T-VKD


Message content:-

-------------------------------------------------------[2024-03-08 19:59:54.377]

SOURCE: AIR
RX_ID: 14, Freq: 131.825MHz
Mode: 2 ACK, A2GLabel: _d Block ID: 3, Msg No: S43A
Flight ID: FR8107 REG: EI-DYW


Message content:-

-------------------------------------------------------[2024-03-08 20:05:52.602]

SOURCE: AIR
RX_ID: 15, Freq: 131.825MHz
Mode: 2 ACK, A2GLabel: _d Block ID: 4, Msg No: S44A
Flight ID: FR8107 REG: EI-DYW


Message content:-

-------------------------------------------------------[2024-03-08 20:06:00.792]

SOURCE: AIR
RX_ID: 16, Freq: 131.825MHz
Mode: 2 NACKLabel: 5V Block ID: 1, Msg No: S37A
Flight ID: FR06YN REG: EI-EBL


Message content:-

-------------------------------------------------------[2024-03-08 20:36:40.497]

SOURCE: AIR
RX_ID: 17, Freq: 131.825MHz
Mode: 2 ACK, A2GLabel: _d Block ID: 7, Msg No: S17A
Flight ID: QY1685 REG: OE-LND


Message content:-

-------------------------------------------------------[2024-03-08 21:56:32.701]

SOURCE: AIR
RX_ID: 18, Freq: 131.825MHz
Mode: 2 NACKLabel: H1 Block ID: 8, Msg No: F03A
Flight ID: QY1685 REG: OE-LND


Message content:-
#M1BPOSN44384E005032,,215634,296,ETREK,220115,LUXAN,M53,22939,197,1B2F
-------------------------------------------------------[2024-03-08 21:56:37.199]

SOURCE: AIR
RX_ID: 19, Freq: 131.825MHz
Mode: 2 NACKLabel: Q0 Block ID: 3, Msg No: 1107
Flight ID: QY8463 REG: D-AEAF


Message content:-

-------------------------------------------------------[2024-03-08 22:11:08.424]

SOURCE: AIR
RX_ID: 20, Freq: 131.725MHz
Mode: 2 NACKLabel: 15 Block ID: 2, Msg No: M01A
Flight ID: GS0001 REG: CESSNA


Message content:-
(2N44476E  6108--- 52343-50(Z
-------------------------------------------------------[2024-03-08 22:42:50.023]

SOURCE: AIR
RX_ID: 21, Freq: 131.725MHz
Mode: G NACKLabel: Q0 Block ID: 8, Msg No: S08A
Flight ID: IB0421 REG: EC-FTR


Message content:-

-------------------------------------------------------[2024-03-08 23:09:20.755]

