SOURCE: AIR
RX_ID: 0, Freq: 131.725MHz
Mode: 2 NACKLabel: H1 Block ID: 3, Msg No: D59A
Flight ID: UA0272 REG: N662UA


Message content:-
#DFBE31C03N660272KEWRLFMN0614240713AP
110:1400:3300
 92.3:2972: -4
101.1:3051:  4
 98.6:2876: 17
1200HYDRAULIC'CRUISE END      

-------------------------------------------------------[2024-06-14 07:13:43.761]

SOURCE: AIR
RX_ID: 1, Freq: 131.725MHz
Mode: 2 NACKLabel: H1 Block ID: 4, Msg No: F47A
Flight ID: UA0272 REG: N662UA


Message content:-
#M2BPOSN44296E005043,NISAR,071617,320,XIRBI,071737,DOTIG,M42,25169,213,800/TS071617,140624507D
-------------------------------------------------------[2024-06-14 07:16:19.418]

SOURCE: AIR
RX_ID: 2, Freq: 131.725MHz
Mode: 2 NACKLabel: H1 Block ID: 4, Msg No: F47A
Flight ID: UA0272 REG: N662UA


Message content:-
#M2BPOSN44296E005043,NISAR,071617,320,XIRBI,071737,DOTIG,M42,25169,213,800/TS071617,140624507D
-------------------------------------------------------[2024-06-14 07:16:29.876]

SOURCE: AIR
RX_ID: 3, Freq: 131.725MHz
Mode: 2 NACKLabel: B9 Block ID: 5, Msg No: L08A
Flight ID: UA0272 REG: N662UA


Message content:-
/LFMN.TI2/024LFMNA426A
-------------------------------------------------------[2024-06-14 07:23:48.152]

SOURCE: AIR
RX_ID: 4, Freq: 131.725MHz
Mode: 2 NACKLabel: H1 Block ID: 9, Msg No: D60A
Flight ID: UA0272 REG: N662UA


Message content:-
#DFB36067303061424072326102465DESC      1111602721KEWRLFMN724189724679
NGENEWDESC TRIGGER -----0300000000LO LO 3300000000LO LO 0300000000LO 
LO 3300000000LO LO 0300000000LO LO 33 68 3411101O 131O 24110O 2410C
-------------------------------------------------------[2024-06-14 07:25:00.016]

SOURCE: AIR
RX_ID: 5, Freq: 131.725MHz
Mode: 2 NACKLabel: H1 Block ID: 0, Msg No: D60B
Flight ID: UA0272 REG: N662UA


Message content:-
#DFB36
0 69 3411101O 131O024110O 2510C3581 -16 209920.704 9.010000000038 68 
3411101O 131O 24110O 2410C359 69 3411101O 131O024110O 2510C3561 -16 2
07680.703 9.090000000043 68 3411101O 131O 24110O 2410C359 69
-------------------------------------------------------[2024-06-14 07:25:03.709]

SOURCE: AIR
RX_ID: 6, Freq: 131.725MHz
Mode: 2 NACKLabel: H1 Block ID: 1, Msg No: D60C
Flight ID: UA0272 REG: N662UA


Message content:-
#DFB 3411101O
 131O024110O 2510C3561 -15 205440.700 9.140000000048 68 3411101O 141O
 24110O 2410C359 68 3411101O 141O024110O 2510C3551 -15 203200.696 9.2
10000000053 68 3411101O 141O 24110O 2410C358 68 34111
-------------------------------------------------------[2024-06-14 07:25:07.586]

SOURCE: AIR
RX_ID: 7, Freq: 131.725MHz
Mode: 2 NACKLabel: H1 Block ID: 2, Msg No: D60D
Flight ID: UA0272 REG: N662UA


Message content:-
#DFB01O 141O024110O 
2510C3551 -14 200960.693 9.260000000058 68 3411101O 141O 24110O 2410C
358 69 3411101O 141O024110O 2510C3541 -14 198720.690 9.330000000003 6
8 3511101O 141O 24110O 2410C356 69 3511101O 14
-------------------------------------------------------[2024-06-14 07:25:11.279]

SOURCE: AIR
RX_ID: 8, Freq: 131.725MHz
Mode: 2 NACKLabel: H1 Block ID: 3, Msg No: D60E
Flight ID: UA0272 REG: N662UA


Message content:-
#DFB1O024110O 2510C3521 -14
 196480.688 9.400000000008 68 3511101O 141O 24110O 2400C356 68 351110
1O 141O024110O 2510C3521 -13 194240.684 9.460000000013 68 3511101O 14
1O 24110O 2400C355 68 3511101O 141O0241
-------------------------------------------------------[2024-06-14 07:25:15.193]

SOURCE: AIR
RX_ID: 9, Freq: 131.725MHz
Mode: 2 NACKLabel: H1 Block ID: 4, Msg No: D60F
Flight ID: UA0272 REG: N662UA


Message content:-
#DFB10O 2510C3511 -13 192000.682 9
.530000000018 68 3511101O 141O 25110O 2400C355 68 3511101O 141O024110
O 2510C3511 -12 189760.682 9.620000000023 68 3511101O 141O 25110O 240
0C354 68 3511101O 141O024110O 25
-------------------------------------------------------[2024-06-14 07:25:18.667]

SOURCE: AIR
RX_ID: 10, Freq: 131.725MHz
Mode: 2 NACKLabel: H1 Block ID: 6, Msg No: D60H
Flight ID: UA0272 REG: N662UA


Message content:-
#DFB1 -11 183040.672 9.800000000038 68 3611101O 
141O 25110O 2500C352 68 3611101O 141O025110O 2610C3501 -11 180800.667
 9.850000000043 68 3611101O 141O 25110O 2500C351 68 3611101O 141O0251
10O 2610C3501 -10 
-------------------------------------------------------[2024-06-14 07:25:26.019]

SOURCE: AIR
RX_ID: 11, Freq: 131.725MHz
Mode: 2 NACKLabel: H1 Block ID: 7, Msg No: D60I
Flight ID: UA0272 REG: N662UA


Message content:-
#DFB178560.660 9.890000000048 68 3611101O 141O 25110O 2
500C351 68 3611101O 141O025110O 2610C3481 -10 176320.658 9.9600000000
53 68 3611101O 151O 25110O 2500C351 68 3611101O 141O025110O 2610C3481
 -11 174080
-------------------------------------------------------[2024-06-14 07:25:29.712]

SOURCE: AIR
RX_ID: 12, Freq: 131.725MHz
Mode: 2 NACKLabel: H1 Block ID: 8, Msg No: D60J
Flight ID: UA0272 REG: N662UA


Message content:-
#DFB.65610.030000000058 68 3611101O 151O 25110O 2500C351 68 36
11101O 151O025110O 2610C3471 -11 171840.65210.100000000003 68 3611101
O 151O 25110O 2500C350 68 3611101O 151O025110O 2610C3471 -10 169600.6
5010
-------------------------------------------------------[2024-06-14 07:25:33.624]

SOURCE: AIR
RX_ID: 13, Freq: 131.725MHz
Mode: 2 NACKLabel: H1 Block ID: 9, Msg No: D60K
Flight ID: UA0272 REG: N662UA


Message content:-
#DFB.170000000003408002C1672000402000400005C167200040000033408002C167
2000402000400005C167200040000003408002C1672000402000400005C1672000400
0003340800281672000402000400005C167200040000003408002816720004020004
-------------------------------------------------------[2024-06-14 07:25:37.285]

SOURCE: AIR
RX_ID: 14, Freq: 131.725MHz
Mode: 2 NACKLabel: H1 Block ID: 0, Msg No: D60L
Flight ID: UA0272 REG: N662UA


Message content:-
#DFB0
0005C1672000400000
-------------------------------------------------------[2024-06-14 07:25:40.574]

SOURCE: AIR
RX_ID: 15, Freq: 131.725MHz
Mode: 2 NACKLabel: SA Block ID: 2, Msg No: M71A
Flight ID: UA0272 REG: N662UA


Message content:-
0LS072741V
-------------------------------------------------------[2024-06-14 07:27:43.051]

SOURCE: AIR
RX_ID: 16, Freq: 131.725MHz
Mode: X NACKLabel: 83 Block ID: 5, Msg No: M12A
Flight ID: ZD0001 REG: ECNCL


Message content:-
001PR14073347N4515.4E00442.1429488    
-------------------------------------------------------[2024-06-14 07:33:48.809]

SOURCE: AIR
RX_ID: 17, Freq: 131.525MHz
Mode: T NACKLabel: 2F Block ID: 8, Msg No: M36A
Flight ID: AF7301 REG: F-GMZC


Message content:-
0753+4448+638/2753
-------------------------------------------------------[2024-06-14 07:53:08.215]

SOURCE: AIR
RX_ID: 18, Freq: 131.525MHz
Mode: T NACKLabel: B9 Block ID: 9, Msg No: L09A
Flight ID: AF7301 REG: F-GMZC


Message content:-
/LFPG.TI2/064LFPGA3806
-------------------------------------------------------[2024-06-14 08:01:16.272]

SOURCE: AIR
RX_ID: 19, Freq: 131.825MHz
Mode: 2 NACKLabel: 4s Block ID: 0, Msg No: M52A
Flight ID: AC0890 REG: C-FIVQ


Message content:-
AWDSA/M/FCO/CIA
-------------------------------------------------------[2024-06-14 08:25:52.684]

SOURCE: AIR
RX_ID: 20, Freq: 131.725MHz
Mode: 2 NACKLabel: H1 Block ID: 1, Msg No: F44A
Flight ID: XA0000 REG: N624BR


Message content:-
#M1B/.RESREQ/AK,115/TS082912,140624
-------------------------------------------------------[2024-06-14 08:29:14.006]

SOURCE: AIR
RX_ID: 21, Freq: 131.725MHz
Mode: X NACKLabel: H1 Block ID: 8, Msg No: D44A
Flight ID: DL0024 REG: N841MH


Message content:-
#DFB239N1817 0024061424085523802 4482   469349-19-48253 80XX-223 24400
 273 50900531361200B0YY(KATLLFMN
-------------------------------------------------------[2024-06-14 08:56:01.093]

SOURCE: AIR
RX_ID: 22, Freq: 131.725MHz
Mode: X NACKLabel: H1 Block ID: 9, Msg No: F89A
Flight ID: DL0024 REG: N841MH


Message content:-
#M2BPOSN44297E005043,NISAR,085801,339,XIRBI,085920,DOTIG,M47,25276,236,7971FF6
-------------------------------------------------------[2024-06-14 08:58:02.952]

SOURCE: AIR
RX_ID: 23, Freq: 131.725MHz
Mode: X NACKLabel: H1 Block ID: 9, Msg No: F89A
Flight ID: DL0024 REG: N841MH


Message content:-
#M2BPOSN44297E005043,NISAR,085801,339,XIRBI,085920,DOTIG,M47,25276,236,7971FF6
-------------------------------------------------------[2024-06-14 08:58:15.461]

SOURCE: AIR
RX_ID: 24, Freq: 131.725MHz
Mode: X NACKLabel: H1 Block ID: 9, Msg No: F89A
Flight ID: DL0024 REG: N841MH


Message content:-
#M2BPOSN44297E005043,NISAR,085801,339,XIRBI,085920,DOTIG,M47,25276,236,7971FF6
-------------------------------------------------------[2024-06-14 08:58:23.252]

SOURCE: AIR
RX_ID: 25, Freq: 131.725MHz
Mode: E NACKLabel: SA Block ID: 2, Msg No: S41A
Flight ID: TS0308 REG: C-GUBD


Message content:-
0LS085901V
-------------------------------------------------------[2024-06-14 08:59:04.394]

SOURCE: AIR
RX_ID: 26, Freq: 131.725MHz
Mode: E NACKLabel: SA Block ID: 2, Msg No: S41A
Flight ID: TS0308 REG: C-GUBD


Message content:-
0LS085901V
-------------------------------------------------------[2024-06-14 08:59:16.061]

SOURCE: AIR
RX_ID: 27, Freq: 131.725MHz
Mode: E NACKLabel: SA Block ID: 3, Msg No: S44A
Flight ID: TS0308 REG: C-GUBD


Message content:-
0LS090011V
-------------------------------------------------------[2024-06-14 09:00:12.819]

SOURCE: AIR
RX_ID: 28, Freq: 131.725MHz
Mode: X NACKLabel: H1 Block ID: 0, Msg No: D45A
Flight ID: DL0024 REG: N841MH


Message content:-
#DFBENGINE BLEED REPORT

AID:N1817  DA:14/06    GMT:09:04    FNO:2086      ISFC:   60
TAT: 128  SAT:-120   ALT: 18128   MACH:0693    FCNT:   79
GW:311520  FLT:0024-1  MODE:DESC    SID:AK-67-223
S/N L:70700
-------------------------------------------------------[2024-06-14 09:05:11.209]

SOURCE: AIR
RX_ID: 29, Freq: 131.725MHz
Mode: X NACKLabel: H1 Block ID: 1, Msg No: D45B
Flight ID: DL0024 REG: N841MH


Message content:-
#DFB0         DEPART:KATL    DESTIN:LFMN
S/N R:706834

               ENG L     ENG R
HPSOV          OPN       OPN
PRV            OPN       OPN
PRSOV          OPN       OPN
FAV %            -396      131
-------------------------------------------------------[2024-06-14 09:05:14.900]

SOURCE: AIR
RX_ID: 30, Freq: 131.725MHz
Mode: X NACKLabel: H1 Block ID: 2, Msg No: D45C
Flight ID: DL0024 REG: N841MH


Message content:-
#DFB
N1 SPD          4056     4134
HI STG PRESS    4400     4500
INTERM PRESS1    3555     3673
INTERM PRESS2    3458     3770
STRUT OVHT     NRML      NRML
DUCT PRESS       3425     3425
P-COOL TEMP    
-------------------------------------------------------[2024-06-14 09:05:19.402]

SOURCE: AIR
RX_ID: 31, Freq: 131.725MHz
Mode: X NACKLabel: H1 Block ID: 3, Msg No: D45D
Flight ID: DL0024 REG: N841MH


Message content:-
#DFB36869    37991
PACK HX TEMP    33850    34863
PACK FLOW       10753    11605
WING ANTI ICE  OFF
LT  ISO VLV    CLS
RT  ISO VLV    CLS
CTR ISO VLV    OPN

TRIGGER CODE   0000

STATUS WORDS  DW1  DW
-------------------------------------------------------[2024-06-14 09:05:23.276]

SOURCE: AIR
RX_ID: 32, Freq: 131.725MHz
Mode: X NACKLabel: H1 Block ID: 4, Msg No: D45E
Flight ID: DL0024 REG: N841MH


Message content:-
#DFB2  DW3  DW4  DW5  DW6  DW7  DW8  EICAS
LEFT          0000 0001 0000 0000 0000 0000 5040 0000 0000
RIGHT         0000 0001 0000 0000 0000 0000 1040 0000 0000

-------------------------------------------------------[2024-06-14 09:05:26.752]

SOURCE: AIR
RX_ID: 33, Freq: 131.725MHz
Mode: E NACKLabel: 44 Block ID: 1, Msg No: M12A
Flight ID: GS0000 REG: DAOTE


Message content:-
07*?X.0)Em00m;]..U;4M)0k.) r* ) ]-{).U;m).k;<);;..)...+k
-------------------------------------------------------[2024-06-14 09:15:59.008]

SOURCE: AIR
RX_ID: 34, Freq: 131.825MHz
Mode: 2 NACKLabel: 44 Block ID: 4, Msg No: M20A
Flight ID: XA0000 REG: N226SL


Message content:-
POS02,N43323 E004507,***,KTEB,LFMN,0614,0933,0952,*****
-------------------------------------------------------[2024-06-14 09:33:37.419]

SOURCE: AIR
RX_ID: 35, Freq: 131.725MHz
Mode: X NACKLabel: SA Block ID: 5, Msg No: S22A
Flight ID: DL0025 REG: N835MH


Message content:-
0EV093436VS
-------------------------------------------------------[2024-06-14 09:34:37.035]

SOURCE: AIR
RX_ID: 36, Freq: 131.725MHz
Mode: X NACKLabel: 4H Block ID: 6, Msg No: M72A
Flight ID: DL0025 REG: N835MH


Message content:-
14094H LFMN KATL6
  
WPR RESET





-------------------------------------------------------[2024-06-14 09:38:24.361]

SOURCE: AIR
RX_ID: 37, Freq: 131.725MHz
Mode: X NACKLabel: H1 Block ID: 9, Msg No: D45A
Flight ID: DL0025 REG: N835MH


Message content:-
#DFB239N1811 0025061424093849816 4488   535278  0-32256 77XX-223141600
 324 43700672932400307GXLFMNKATL
-------------------------------------------------------[2024-06-14 09:39:05.319]

SOURCE: AIR
RX_ID: 38, Freq: 131.825MHz
Mode: 2 NACKLabel: SA Block ID: 3, Msg No: M51A
Flight ID: XA0000 REG: IFDIA


Message content:-
0EV094234VS/
-------------------------------------------------------[2024-06-14 09:42:36.666]

SOURCE: AIR
RX_ID: 39, Freq: 131.725MHz
Mode: X NACKLabel: H1 Block ID: 0, Msg No: D46A
Flight ID: DL0025 REG: N835MH


Message content:-
#DFB221N1811 0025140624094445424327278820 -1-33 -1             953 953
    713699    7928 7736     10111009    116117    57 55   145160   //
////   0308  0102  636636   1064 25 32     12  12    000100200XX-22
-------------------------------------------------------[2024-06-14 09:45:05.773]

SOURCE: AIR
RX_ID: 40, Freq: 131.725MHz
Mode: 2 NACKLabel: QQ Block ID: 1, Msg No: M01A
Flight ID: UV0000 REG: D-CRON


Message content:-
LFMVEDRY0947
-------------------------------------------------------[2024-06-14 09:50:05.004]

SOURCE: AIR
RX_ID: 41, Freq: 131.725MHz
Mode: G NACKLabel: H1 Block ID: 8, Msg No: D03A
Flight ID: SN04UR REG: OO-SFD


Message content:-
#DFB001045500101010734085
R01/A33001,1,1
C1,.OO-SFD,24JUN14,10.04.02,EBBR,HRYR,BEL4UR    ,4000,251
C2,004,06.0,000000,D1333RR06C02BEL,000,052,052
C3,-21.0,35001,0.816,111,1.08,111,10,0,01,111,1.08,X
C4,-21
-------------------------------------------------------[2024-06-14 10:04:32.533]

SOURCE: AIR
RX_ID: 42, Freq: 131.725MHz
Mode: G NACKLabel: H1 Block ID: 9, Msg No: D03B
Flight ID: SN04UR REG: OO-SFD


Message content:-
#DFB.0,34999,0.815,111
C5,041029,74028,21289,26166,00443,10015,00000,00402,16066,---
C6,042040,02387,00706,00510,00443,10015,00000,00402,26066
N1,1.514,1.514,081.09,088.2,089.3,0663,08.150,03466,09.39
N2,1.
-------------------------------------------------------[2024-06-14 10:04:36.006]

SOURCE: AIR
RX_ID: 43, Freq: 131.725MHz
Mode: G NACKLabel: H1 Block ID: 0, Msg No: D03C
Flight ID: SN04UR REG: OO-SFD


Message content:-
#DFB514,1.514,081.41,088.5,088.0,0642,08.163,03410,09.36
S1,05.35,-20.9,039.1,194.2,166.5,473.4,07.6,060.4,027.6,29,122
S2,05.34,-20.9,040.5,195.7,171.1,467.5,07.3,059.0,025.7,36,139
T1,079,098,111.4,002.3,0
-------------------------------------------------------[2024-06-14 10:04:39.700]

SOURCE: AIR
RX_ID: 44, Freq: 131.725MHz
Mode: G NACKLabel: H1 Block ID: 1, Msg No: D03D
Flight ID: SN04UR REG: OO-SFD


Message content:-
#DFB47.3,0.26,0.05,0.15,318,0.31,009.4
T2,078,096,105.6,001.2,047.0,0.15,0.05,0.03,067,0.19,009.0
V1,0436,0386
V2,0436,0367
NO STABLE FRAME CONDITION   :

-------------------------------------------------------[2024-06-14 10:04:49.540]

SOURCE: AIR
RX_ID: 45, Freq: 131.825MHz
Mode: 2 NACKLabel: H1 Block ID: 1, Msg No: D48A
Flight ID: NW0207 REG: N826NW


Message content:-
#DFB239082000401010098083
R39/A33039,1,1
239N826NW207 061424100926817 4512   438339-19-49259 80AB0510127200
 285 404 00028202003005ZLIRFKDTW
-------------------------------------------------------[2024-06-14 10:09:39.952]

SOURCE: AIR
RX_ID: 46, Freq: 131.725MHz
Mode: G NACKLabel: 20 Block ID: 3, Msg No: M76A
Flight ID: KL0591 REG: PH-BVI


Message content:-
RST07A14102000KLM591  EHAMFAOR
-------------------------------------------------------[2024-06-14 10:20:44.940]

SOURCE: AIR
RX_ID: 47, Freq: 131.725MHz
Mode: E NACKLabel: H1 Block ID: 4, Msg No: D73A
Flight ID: UA0273 REG: N662UA


Message content:-
#DFBFADEC FAULT REPORT #1 ENGINE

AID:       DA:0614     GMT:102901   SID:AA
TAT: 11    SAT:-13     ALT:185      EPR:1.459
GW:364     FLT:0273    MODE: 5      N2: 95.5

                    EEC CHANNEL A

-------------------------------------------------------[2024-06-14 10:29:32.534]

SOURCE: AIR
RX_ID: 48, Freq: 131.725MHz
Mode: E NACKLabel: H1 Block ID: 6, Msg No: D73C
Flight ID: UA0273 REG: N662UA


Message content:-
#DFB0 0D28 0000 0000 0000 0000 0000 0528
 54  6F08 3990 0000 8000 0D28 0000 0000 0000 0000 0000 0528
 55  6F08 3990 0000 8000 0D28 0000 0000 0000 0000 0000 0528
 56  6F08 3990 0000 8000 0D28 0000 0000 0000 0
-------------------------------------------------------[2024-06-14 10:29:39.696]

SOURCE: AIR
RX_ID: 49, Freq: 131.725MHz
Mode: E NACKLabel: H1 Block ID: 6, Msg No: D73M
Flight ID: UA0273 REG: N662UA


Message content:-
#DFB0000 8000 0D28 0000 0000 0000 0000 0000 0528
 06   4F40 39D8 0000 8000 0D28 0000 0000 0000 0000 0000 0528
 07   4F40 39D8 0000 8000 0D28 0000 0000 0000 0000 0000 0528
 08   4F40 39D8 0000 8000 0D28 0000 
-------------------------------------------------------[2024-06-14 10:30:17.772]

SOURCE: AIR
RX_ID: 50, Freq: 131.725MHz
Mode: E NACKLabel: H1 Block ID: 7, Msg No: D73N
Flight ID: UA0273 REG: N662UA


Message content:-
#DFB0000 0000 0000 0000 0528
 09   4F40 39D8 0000 8000 0D28 0000 0000 0000 0000 0000 0528
 10   4F40 39D8 0000 8000 0D28 0000 0000 0000 0000 0000 0528

      REASON CODE: '''' ''''

-------------------------------------------------------[2024-06-14 10:30:21.462]

SOURCE: AIR
RX_ID: 51, Freq: 131.725MHz
Mode: E NACKLabel: H1 Block ID: 8, Msg No: D74A
Flight ID: UA0273 REG: N662UA


Message content:-
#DFBFADEC FAULT REPORT #2 ENGINE

AID:       DA:0614     GMT:102914   SID:AA
TAT: 12    SAT:-13     ALT:189      EPR:1355
GW:364     FLT:0273    MODE: 5      N2: 9537

                    EEC CHANNEL A
 
-------------------------------------------------------[2024-06-14 10:30:38.465]

SOURCE: AIR
RX_ID: 52, Freq: 131.725MHz
Mode: E NACKLabel: H1 Block ID: 0, Msg No: D74C
Flight ID: UA0273 REG: N662UA


Message content:-
#DFB8000 0D30 0010 0000 0040 0000 0000 05A8
 07   6F08 3990 0000 8000 0D30 0010 0000 0040 0000 0000 05A8
 08   6F08 3990 0000 8000 0D30 0010 0000 0040 0000 0000 05A8
 09   6F08 3990 0000 8000 0D30 0010 0000 
-------------------------------------------------------[2024-06-14 10:30:46.256]

SOURCE: AIR
RX_ID: 53, Freq: 131.725MHz
Mode: E NACKLabel: H1 Block ID: 1, Msg No: D74D
Flight ID: UA0273 REG: N662UA


Message content:-
#DFB0040 0000 0000 05A8
 10   6F08 3990 0000 8000 0D30 0010 0000 0040 0000 0000 05A8
 11   6F08 3990 0000 8000 0D30 0010 0000 0040 0000 0000 05A8
 12   6F08 3990 0000 8000 0D30 0010 0000 0040 0000 0000 05A8
-------------------------------------------------------[2024-06-14 10:30:49.732]

SOURCE: AIR
RX_ID: 54, Freq: 131.725MHz
Mode: E NACKLabel: H1 Block ID: 2, Msg No: D74E
Flight ID: UA0273 REG: N662UA


Message content:-
#DFB
 13   6F08 3990 0000 8000 0D30 0010 0000 0040 0000 0000 05A8
 14   6F08 3990 0000 8000 0D30 0010 0000 0040 0000 0000 05A8
 15   6F08 3990 0000 8000 0D30 0010 0000 0040 0000 0000 05A8
 16   6F08 3990 000
-------------------------------------------------------[2024-06-14 10:30:53.208]

SOURCE: AIR
RX_ID: 55, Freq: 131.725MHz
Mode: E NACKLabel: H1 Block ID: 4, Msg No: D74G
Flight ID: UA0273 REG: N662UA


Message content:-
#DFB0 0040 0000 0000 05A8
 20   6F08 3993 0000 8000 0D30 0010 0000 0040 0000 0000 05A8
 21   6F08 3993 0000 8000 0D30 0010 0000 0040 0000 0000 05A8
 22   6F08 3993 0000 8000 0D30 0010 0000 0040 0000 0000 05A
-------------------------------------------------------[2024-06-14 10:31:00.775]

SOURCE: AIR
RX_ID: 56, Freq: 131.725MHz
Mode: E NACKLabel: H1 Block ID: 7, Msg No: D74J
Flight ID: UA0273 REG: N662UA


Message content:-
#DFB 08   4F40 39D8 0000 8000 0D30 0000 0000 0000 0000 0000 05A8
 09   4F40 39D8 0000 8000 0D30 0000 0000 0000 0000 0000 05A8
 10   4F40 39D8 0000 8000 0D30 0000 0000 0000 0000 0000 05A8
 11   4F40 39D8 0000
-------------------------------------------------------[2024-06-14 10:31:12.039]

SOURCE: AIR
RX_ID: 57, Freq: 131.725MHz
Mode: E NACKLabel: H1 Block ID: 8, Msg No: D74K
Flight ID: UA0273 REG: N662UA


Message content:-
#DFB 8000 0D30 0000 0000 0000 0000 0000 05A8
 12   4F40 39D8 0000 8000 0D30 0000 0000 0000 0000 0000 05A8
 13   4F40 39D8 0000 8000 0D30 8010 0000 0000 0000 0000 05A8
 14   4F40 39D8 0000 8000 0130 8010 0000
-------------------------------------------------------[2024-06-14 10:31:15.951]

SOURCE: AIR
RX_ID: 58, Freq: 131.725MHz
Mode: E NACKLabel: H1 Block ID: 9, Msg No: D74L
Flight ID: UA0273 REG: N662UA


Message content:-
#DFB 0000 0000 0000 05A8
 15   4F40 39D8 0000 8000 0130 8010 0000 0000 0000 0000 05A8
 16   4F40 39D8 0000 8000 0130 8010 0000 0000 0000 0000 05A8
 17   4F40 39D8 0000 8000 0130 8010 0000 0000 0000 0000 05A8
-------------------------------------------------------[2024-06-14 10:31:19.829]

SOURCE: AIR
RX_ID: 59, Freq: 131.725MHz
Mode: E NACKLabel: H1 Block ID: 0, Msg No: D74M
Flight ID: UA0273 REG: N662UA


Message content:-
#DFB
 18   4F40 39D8 0000 8000 0130 8010 0000 0000 0000 0000 05A8
 19   4F40 39DA 0000 8000 0130 8010 0000 0000 0000 0000 05A8
 20   4F40 39DA 0000 8000 0130 8010 0000 0000 0000 0000 05A8
 21   4F40 39DA 00
-------------------------------------------------------[2024-06-14 10:31:23.924]

SOURCE: AIR
RX_ID: 60, Freq: 131.725MHz
Mode: E NACKLabel: H1 Block ID: 2, Msg No: D75A
Flight ID: UA0273 REG: N662UA


Message content:-
#DFBFADEC FAULT REPORT #1 ENGINE

AID:       DA:0614     GMT:102952   SID:AA
TAT: 10    SAT:-15     ALT:199      EPR:1.479
GW:364     FLT:0273    MODE: 5      N2: 95.9

                    EEC CHANNEL A

-------------------------------------------------------[2024-06-14 10:31:40.312]

SOURCE: AIR
RX_ID: 61, Freq: 131.725MHz
Mode: E NACKLabel: H1 Block ID: 3, Msg No: D75B
Flight ID: UA0273 REG: N662UA


Message content:-
#DFB GMT E270 E271 E272 E273 E275 E350 E351 E352 E353 E354 E146
 42  6F08 3990 0000 8000 0128 8010 0000 0000 0000 0000 0528
 43  6F08 3990 0000 8000 0128 8010 0000 0000 0000 0000 0528
 44  6F08 3990 0000 800
-------------------------------------------------------[2024-06-14 10:31:43.782]

SOURCE: AIR
RX_ID: 62, Freq: 131.725MHz
Mode: E NACKLabel: H1 Block ID: 4, Msg No: D75C
Flight ID: UA0273 REG: N662UA


Message content:-
#DFB0 0128 8010 0000 0000 0000 0000 0528
 45  6F08 3990 0000 8000 0128 8010 0000 0000 0000 0000 0528
 46  6F08 3990 0000 8000 0128 8010 0000 0000 0000 0000 0528
 47  6F08 3990 0000 8000 0128 8010 0000 0000 0
-------------------------------------------------------[2024-06-14 10:31:47.476]

SOURCE: AIR
RX_ID: 63, Freq: 131.725MHz
Mode: E NACKLabel: H1 Block ID: 5, Msg No: D75D
Flight ID: UA0273 REG: N662UA


Message content:-
#DFB000 0000 0528
 48  6F08 3990 0000 8000 0128 8010 0000 0000 0000 0000 0528
 49  6F08 3990 0000 8000 012C 8010 0000 0000 0000 0000 0528
 50  6F08 3990 0000 8000 012C 8010 0000 0000 0000 0000 0528
 51  6F0
-------------------------------------------------------[2024-06-14 10:31:50.951]

SOURCE: AIR
RX_ID: 64, Freq: 131.725MHz
Mode: E NACKLabel: H1 Block ID: 6, Msg No: D75E
Flight ID: UA0273 REG: N662UA


Message content:-
#DFB8 3990 0000 8000 012C 8010 0000 0000 0000 0000 0528
 52  6F08 3990 0000 8000 012C 8010 0000 0000 0000 0000 0528
 53  6F08 3990 0000 8000 012C 8010 0000 0000 0000 0000 0528
 54  6F08 3990 0000 8000 012C 8
-------------------------------------------------------[2024-06-14 10:31:54.863]

SOURCE: AIR
RX_ID: 65, Freq: 131.725MHz
Mode: E NACKLabel: H1 Block ID: 7, Msg No: D75F
Flight ID: UA0273 REG: N662UA


Message content:-
#DFB010 0000 0000 0000 0000 0528
 55  6F08 3990 0000 8000 012C 8010 0000 0000 0000 0000 0528
 56  6F08 3990 0000 8000 012C 8010 0000 0000 0000 0000 0528
 57  6F08 3990 0000 8000 012C 8010 0000 0000 0000 0000
-------------------------------------------------------[2024-06-14 10:31:58.522]

SOURCE: AIR
RX_ID: 66, Freq: 131.725MHz
Mode: E NACKLabel: H1 Block ID: 8, Msg No: D75G
Flight ID: UA0273 REG: N662UA


Message content:-
#DFB 0528
 58  6F08 3990 0000 8000 012C 8010 0000 0000 0000 0000 0528
 59  6F08 3990 0000 8000 012C 8010 0000 0000 0000 0000 0528
 00  6F08 3990 0000 8000 012C 8010 0000 0000 0000 0000 0528
 01  6F08 3990 0
-------------------------------------------------------[2024-06-14 10:32:02.216]

SOURCE: AIR
RX_ID: 67, Freq: 131.725MHz
Mode: E NACKLabel: H1 Block ID: 9, Msg No: D75H
Flight ID: UA0273 REG: N662UA


Message content:-
#DFB000 8000 012C 8010 0000 0000 0000 0000 0528


                    EEC CHANNEL B
 GMT  E270 E271 E272 E273 E275 E350 E351 E352 E353 E354 E146
 42   4F40 39D8 0000 8000 0D28 0000 0000 0000 0000 0000 0528
-------------------------------------------------------[2024-06-14 10:32:05.689]

SOURCE: AIR
RX_ID: 68, Freq: 131.725MHz
Mode: E NACKLabel: H1 Block ID: 0, Msg No: D75I
Flight ID: UA0273 REG: N662UA


Message content:-
#DFB
 43   4F40 39D8 0000 8000 0D28 0000 0000 0000 0000 0000 0528
 44   4F40 39D8 0000 8000 0D28 0000 0000 0000 0000 0000 0528
 45   4F40 39D8 0000 8000 0D28 0000 0000 0000 0000 0000 0528
 46   4F40 39D8 00
-------------------------------------------------------[2024-06-14 10:32:09.382]

SOURCE: AIR
RX_ID: 69, Freq: 131.725MHz
Mode: E NACKLabel: H1 Block ID: 1, Msg No: D75J
Flight ID: UA0273 REG: N662UA


Message content:-
#DFB00 8000 0D28 0000 0000 0000 0000 0000 0528
 47   4F40 39D8 0000 8000 0D28 0000 0000 0000 0000 0000 0528
 48   4F40 39D8 0000 8000 0D28 0000 0000 0000 0000 0000 0528
 49   4F40 39D8 0000 8000 0D2C 0000 00
-------------------------------------------------------[2024-06-14 10:32:13.077]

SOURCE: AIR
RX_ID: 70, Freq: 131.725MHz
Mode: E NACKLabel: H1 Block ID: 2, Msg No: D75K
Flight ID: UA0273 REG: N662UA


Message content:-
#DFB00 0000 0000 0000 0528
 50   4F40 39D8 0000 8000 012C 0000 0000 0000 0000 0000 0528
 51   4F40 39D8 0000 8000 012C 8010 0000 0000 0000 0000 0528
 52   4F40 39D8 0000 8000 012C 8010 0000 0000 0000 0000 05
-------------------------------------------------------[2024-06-14 10:32:17.172]

SOURCE: AIR
RX_ID: 71, Freq: 131.725MHz
Mode: E NACKLabel: H1 Block ID: 3, Msg No: D75L
Flight ID: UA0273 REG: N662UA


Message content:-
#DFB28
 53   4F40 39D8 0000 8000 012C 8010 0000 0000 0000 0000 0528
 54   4F40 39D8 0000 8000 012C 8010 0000 0000 0000 0000 0528
 55   4F40 39D8 0000 8000 012C 8010 0000 0000 0000 0000 0528
 56   4F40 39D8 
-------------------------------------------------------[2024-06-14 10:32:20.646]

SOURCE: AIR
RX_ID: 72, Freq: 131.725MHz
Mode: E NACKLabel: H1 Block ID: 4, Msg No: D75M
Flight ID: UA0273 REG: N662UA


Message content:-
#DFB0000 8000 012C 8010 0000 0000 0000 0000 0528
 57   4F40 39D8 0000 8000 012C 8010 0000 0000 0000 0000 0528
 58   4F40 39D8 0000 8000 012C 8010 0000 0000 0000 0000 0528
 59   4F40 39D8 0000 8000 012C 8010 
-------------------------------------------------------[2024-06-14 10:32:24.340]

SOURCE: AIR
RX_ID: 73, Freq: 131.725MHz
Mode: G NACKLabel: H1 Block ID: 1, Msg No: D61A
Flight ID: KL0119 REG: PH-BQC


Message content:-
#DFB(POS-KLM119  -4322N00517E/103223 F310
RMK/FUEL  87.3 M0.84)
-------------------------------------------------------[2024-06-14 10:32:26.609]

SOURCE: AIR
RX_ID: 74, Freq: 131.725MHz
Mode: E NACKLabel: H1 Block ID: 5, Msg No: D75N
Flight ID: UA0273 REG: N662UA


Message content:-
#DFB0000 0000 0000 0000 0528
 00   4F40 39D8 0000 8000 012C 8010 0000 0000 0000 0000 0528
 01   4F40 39D8 0000 8000 012C 8010 0000 0000 0000 0000 0528

      REASON CODE: '''' ''''

-------------------------------------------------------[2024-06-14 10:32:28.037]

SOURCE: AIR
RX_ID: 75, Freq: 131.725MHz
Mode: E NACKLabel: H1 Block ID: 6, Msg No: D76A
Flight ID: UA0273 REG: N662UA


Message content:-
#DFBFADEC FAULT REPORT #2 ENGINE

AID:       DA:0614     GMT:103018   SID:AA
TAT:  9    SAT:-17     ALT:207      EPR:1479
GW:364     FLT:0273    MODE: 5      N2: 9700

                    EEC CHANNEL A
 
-------------------------------------------------------[2024-06-14 10:32:42.150]

SOURCE: AIR
RX_ID: 76, Freq: 131.725MHz
Mode: E NACKLabel: H1 Block ID: 7, Msg No: D76B
Flight ID: UA0273 REG: N662UA


Message content:-
#DFBGMT  E270 E271 E272 E273 E275 E350 E351 E352 E353 E354 E146
 08   6F08 3990 0000 8000 0D34 0010 0000 0040 0000 0000 05A8
 09   6F08 3990 0000 8000 0D34 0010 0000 0040 0000 0000 05A8
 10   6F08 3990 0000 
-------------------------------------------------------[2024-06-14 10:32:46.250]

SOURCE: AIR
RX_ID: 77, Freq: 131.725MHz
Mode: E NACKLabel: H1 Block ID: 7, Msg No: D76B
Flight ID: UA0273 REG: N662UA


Message content:-
#DFBGMT  E270 E271 E272 E273 E275 E350 E351 E352 E353 E354 E146
 08   6F08 3990 0000 8000 0D34 0010 0000 0040 0000 0000 05A8
 09   6F08 3990 0000 8000 0D34 0010 0000 0040 0000 0000 05A8
 10   6F08 3990 0000 
-------------------------------------------------------[2024-06-14 10:32:57.328]

SOURCE: AIR
RX_ID: 78, Freq: 131.725MHz
Mode: E NACKLabel: H1 Block ID: 8, Msg No: D76C
Flight ID: UA0273 REG: N662UA


Message content:-
#DFB8000 0D34 0010 0000 0040 0000 0000 05A8
 11   6F08 3990 0000 8000 0D34 0010 0000 0040 0000 0000 05A8
 12   6F08 3990 0000 8000 0D34 0010 0000 0040 0000 0000 05A8
 13   6F08 3990 0000 8000 0D34 0010 0000 
-------------------------------------------------------[2024-06-14 10:33:02.010]

SOURCE: AIR
RX_ID: 79, Freq: 131.725MHz
Mode: E NACKLabel: H1 Block ID: 9, Msg No: D76D
Flight ID: UA0273 REG: N662UA


Message content:-
#DFB0040 0000 0000 05A8
 14   6F08 3990 0000 8000 0D34 0010 0000 0040 0000 0000 05A8
 15   6F08 3990 0000 8000 0D34 0010 0000 0040 0000 0000 05A8
 16   6F08 3990 0000 8000 0D34 0010 0000 0040 0000 0000 05A8
-------------------------------------------------------[2024-06-14 10:33:05.704]

SOURCE: AIR
RX_ID: 80, Freq: 131.725MHz
Mode: E NACKLabel: H1 Block ID: 0, Msg No: D76E
Flight ID: UA0273 REG: N662UA


Message content:-
#DFB
 17   6F08 3990 0000 8000 0134 8010 0000 0040 0000 0000 05A8
 18   6F08 3990 0000 8000 0134 8010 0000 0040 0000 0000 05A8
 19   6F08 3990 0000 8000 0134 8010 0000 0040 0000 0000 05A8
 20   6F08 3990 000
-------------------------------------------------------[2024-06-14 10:33:09.623]

SOURCE: AIR
RX_ID: 81, Freq: 131.725MHz
Mode: E NACKLabel: H1 Block ID: 1, Msg No: D76F
Flight ID: UA0273 REG: N662UA


Message content:-
#DFB0 8000 0134 8010 0000 0040 0000 0000 05A8
 21   6F08 3990 0000 8000 0134 8010 0000 0040 0000 0000 05A8
 22   6F08 3990 0000 8000 0134 8010 0000 0040 0000 0000 05A8
 23   6F08 3990 0000 8000 0134 8010 000
-------------------------------------------------------[2024-06-14 10:33:13.274]

SOURCE: AIR
RX_ID: 82, Freq: 131.725MHz
Mode: E NACKLabel: H1 Block ID: 2, Msg No: D76G
Flight ID: UA0273 REG: N662UA


Message content:-
#DFB0 0040 0000 0000 05A8
 24   6F08 3990 0000 8000 0134 8010 0000 0040 0000 0000 05A8
 25   6F08 3990 0000 8000 0134 8010 0000 0040 0000 0000 05A8
 26   6F08 3990 0000 8000 0134 8010 0000 0040 0000 0000 05A
-------------------------------------------------------[2024-06-14 10:33:17.809]

SOURCE: AIR
RX_ID: 83, Freq: 131.825MHz
Mode: 2 NACKLabel: 16 Block ID: 1, Msg No: M31A
Flight ID: FR60JN REG: EI-DCZ


Message content:-
103323,,1138, 115,N   .    MMMM.MMM
-------------------------------------------------------[2024-06-14 10:33:25.780]

SOURCE: AIR
RX_ID: 84, Freq: 131.725MHz
Mode: E NACKLabel: H1 Block ID: 4, Msg No: D76I
Flight ID: UA0273 REG: N662UA


Message content:-
#DFB000 0000 0000 05A8
 09   4F40 39D8 0000 8000 0134 8010 0000 0000 0000 0000 05A8
 10   4F40 39D8 0000 8000 0134 8010 0000 0000 0000 0000 05A8
 11   4F40 39D8 0000 8000 0134 8010 0000 0000 0000 0000 05A8

-------------------------------------------------------[2024-06-14 10:33:26.182]

SOURCE: AIR
RX_ID: 85, Freq: 131.725MHz
Mode: E NACKLabel: H1 Block ID: 5, Msg No: D76J
Flight ID: UA0273 REG: N662UA


Message content:-
#DFB 12   4F40 39D8 0000 8000 0134 8010 0000 0000 0000 0000 05A8
 13   4F40 39D8 0000 8000 0134 8010 0000 0000 0000 0000 05A8
 14   4F40 39D8 0000 8000 0134 8010 0000 0000 0000 0000 05A8
 15   4F40 39D8 0000
-------------------------------------------------------[2024-06-14 10:33:29.658]

SOURCE: AIR
RX_ID: 86, Freq: 131.725MHz
Mode: E NACKLabel: H1 Block ID: 6, Msg No: D76K
Flight ID: UA0273 REG: N662UA


Message content:-
#DFB 8000 0134 8010 0000 0000 0000 0000 05A8
 16   4F40 39D8 0000 8000 0134 8010 0000 0000 0000 0000 05A8
 17   4F40 39D8 0000 8000 0134 8010 0000 0000 0000 0000 05A8
 18   4F40 39D8 0000 8000 0134 8010 0000
-------------------------------------------------------[2024-06-14 10:33:33.351]

SOURCE: AIR
RX_ID: 87, Freq: 131.725MHz
Mode: G NACKLabel: 83 Block ID: 9, Msg No: M07A
Flight ID: UV0001 REG: FHGUI


Message content:-
001PR14103314N4314.1E00554.2120243    
-------------------------------------------------------[2024-06-14 10:33:34.375]

SOURCE: AIR
RX_ID: 88, Freq: 131.725MHz
Mode: E NACKLabel: H1 Block ID: 7, Msg No: D76L
Flight ID: UA0273 REG: N662UA


Message content:-
#DFB 0000 0000 0000 05A8
 19   4F40 39D8 0000 8000 0134 8010 0000 0000 0000 0000 05A8
 20   4F40 39D8 0000 8000 0134 8010 0000 0000 0000 0000 05A8
 21   4F40 39D8 0000 8000 0134 8010 0000 0000 0000 0000 05A8
-------------------------------------------------------[2024-06-14 10:33:38.472]

SOURCE: AIR
RX_ID: 89, Freq: 131.725MHz
Mode: E NACKLabel: H1 Block ID: 9, Msg No: D76N
Flight ID: UA0273 REG: N662UA


Message content:-
#DFB00 8000 0134 8010 0000 0000 0000 0000 05A8
 26   4F40 39D8 0000 8000 0134 8010 0000 0000 0000 0000 05A8
 27   4F40 39D8 0000 8000 0134 8010 0000 0000 0000 0000 05A8

  REASON CODE: '''' ''''

-------------------------------------------------------[2024-06-14 10:33:45.640]

SOURCE: AIR
RX_ID: 90, Freq: 131.725MHz
Mode: E NACKLabel: H1 Block ID: 0, Msg No: D77A
Flight ID: UA0273 REG: N662UA


Message content:-
#DFBE31C03N660273LFMNKEWR0614241035CR
110:1400:3300
 99.1:2964: 28
106.5:3069: 39
107.6:2860: 38
1100HYDRAULIC'CRUISE START    

-------------------------------------------------------[2024-06-14 10:35:45.670]

SOURCE: AIR
RX_ID: 91, Freq: 131.725MHz
Mode: G NACKLabel: H1 Block ID: 4, Msg No: D02A
Flight ID: ZD737M REG: N737M


Message content:-
#DFBCRZ06.N73 405 579EIB FMN 140610091904 -29.8-56.8 380050.7911305600
7371SCR2A05 22888948889927 86.8 86.8 90.8 91.0643639 2401 2397  61.7 
 61.742471061060.430.120.600.07 11 720.050.060.060.07 28146110LO LO
-------------------------------------------------------[2024-06-14 10:37:14.760]

SOURCE: AIR
RX_ID: 92, Freq: 131.725MHz
Mode: G NACKLabel: H1 Block ID: 5, Msg No: D02B
Flight ID: ZD737M REG: N737M


Message content:-
#DFB 0
001100250.6482.6N40.4082N40.4082E  3.8064E  3.8064 35   -5134880  1.0
-------------------------------------------------------[2024-06-14 10:37:18.240]

SOURCE: AIR
RX_ID: 93, Freq: 131.725MHz
Mode: G NACKLabel: H1 Block ID: 6, Msg No: D03A
Flight ID: ZD737M REG: N737M


Message content:-
#DFB6.N730614241009031305250-56-2977913800643639      0022800202
24012397        0868108681          09080910        0000    0401    0
0
617617      106106      4247     11  11 100000000000        00000000

-------------------------------------------------------[2024-06-14 10:37:44.863]

SOURCE: AIR
RX_ID: 94, Freq: 131.725MHz
Mode: G NACKLabel: H1 Block ID: 7, Msg No: D03B
Flight ID: ZD737M REG: N737M


Message content:-
#DFB00000000        00000000        00000000        000000
0000000000          0000000000          0063500639
000000      006000      011072      028146
00000000        00000000

-------------------------------------------------------[2024-06-14 10:37:48.336]

SOURCE: AIR
RX_ID: 95, Freq: 131.725MHz
Mode: G NACKLabel: H1 Block ID: 8, Msg No: F05A
Flight ID: ZD737M REG: N737M


Message content:-
#M1BPRG/FNN737M/DTLFMN,,188,104548,291F69
-------------------------------------------------------[2024-06-14 10:38:11.079]

SOURCE: AIR
RX_ID: 96, Freq: 131.725MHz
Mode: G ACK, A2GLabel: H1 Block ID: 8, Msg No: F05A
Flight ID: ZD737M REG: N737M


Message content:-
#M1BPRG/FNN737M/DTLFMN,,188,104548,291F69
-------------------------------------------------------[2024-06-14 10:38:11.703]

SOURCE: AIR
RX_ID: 97, Freq: 131.725MHz
Mode: G NACKLabel: H1 Block ID: 9, Msg No: F06A
Flight ID: ZD737M REG: N737M


Message content:-
#M1BPRG/FNN737M/DTLFMN,,188,104548,2EA1F2
-------------------------------------------------------[2024-06-14 10:38:26.625]

SOURCE: AIR
RX_ID: 98, Freq: 131.725MHz
Mode: G NACKLabel: H1 Block ID: 0, Msg No: F07A
Flight ID: ZD737M REG: N737M


Message content:-
#M1BPOSN43285E006129,IB610,103825,128,SOTOX,103955,NANAX,M2,270029,192C776
-------------------------------------------------------[2024-06-14 10:38:41.981]

SOURCE: AIR
RX_ID: 99, Freq: 131.725MHz
Mode: E NACKLabel: H1 Block ID: 2, Msg No: F61A
Flight ID: UA0273 REG: N662UA


Message content:-
#M1BPOSN44412E005347,,103854,320,ETREK,104611,NOQAS,M42,25983,1070,800/DTKEWR,22L, 21,191539,/TS103854,140624745B
-------------------------------------------------------[2024-06-14 10:38:57.342]

SOURCE: AIR
RX_ID: 100, Freq: 131.725MHz
Mode: E NACKLabel: H1 Block ID: 3, Msg No: D78A
Flight ID: UA0273 REG: N662UA


Message content:-
#DFB36067303061424103814361898CRS       1111602731LFMNKEWR724189724679
NGENEWCRS  TRIGGER -----0000000000LO LO 3000000000LO LO 0000000000LO 
LO 3000000000LO LO 0000000000LO LO 30 9619010010C 491O 41110P 3610P
-------------------------------------------------------[2024-06-14 10:39:48.543]

SOURCE: AIR
RX_ID: 101, Freq: 131.725MHz
Mode: E NACKLabel: H1 Block ID: 4, Msg No: D78B
Flight ID: UA0273 REG: N662UA


Message content:-
#DFB37
2 9819210010C 491O038110P 3710P3671 -40 312960.799 6.260000000035 961
9010010C 471O 40110P 3610P372 9819110010C 471O037110P 3710P3681 -41 3
14240.801 6.230000000040 9618910010C 461O 40110P 3610P372 98
-------------------------------------------------------[2024-06-14 10:39:52.860]

SOURCE: AIR
RX_ID: 102, Freq: 131.725MHz
Mode: E NACKLabel: H1 Block ID: 5, Msg No: D78C
Flight ID: UA0273 REG: N662UA


Message content:-
#DFB19110010C
 471O037110P 3710P3691 -41 315520.800 6.190000000045 9618810010C 481O
 40110P 3510P372 9819010010C 491O037110P 3610P3691 -41 316800.800 6.1
50000000050 9618710010C 481O 40110P 3510P374 98189100
-------------------------------------------------------[2024-06-14 10:39:56.553]

SOURCE: AIR
RX_ID: 103, Freq: 131.725MHz
Mode: E NACKLabel: H1 Block ID: 6, Msg No: D78D
Flight ID: UA0273 REG: N662UA


Message content:-
#DFB10C 481O037110P 
3610P3691 -41 317760.798 6.110000000055 9518010010C 461O 39110P 3510P
372 9718210010C 471O036110P 3610P3681 -42 318720.799 6.090000000000 9
316410010C 411O 35110P 3410P372 9416510010C 41
-------------------------------------------------------[2024-06-14 10:40:00.248]

SOURCE: AIR
RX_ID: 104, Freq: 131.725MHz
Mode: E NACKLabel: H1 Block ID: 7, Msg No: D78E
Flight ID: UA0273 REG: N662UA


Message content:-
#DFB1O033110P 3510P3681 -42
 319680.801 6.080000000005 9215310010C 381O 33110P 3210P372 921521001
0C 381O031110P 3310P3661 -42 320000.801 6.070000000010 9014410010C 36
1O 32110P 3110P372 9114510010C 361O0301
-------------------------------------------------------[2024-06-14 10:40:03.907]

SOURCE: AIR
RX_ID: 105, Freq: 131.725MHz
Mode: E NACKLabel: H1 Block ID: 8, Msg No: D78F
Flight ID: UA0273 REG: N662UA


Message content:-
#DFB10P 3110P3661 -42 320000.802 6
.080000000015 9013710010C 351O 30110P 3010P372 9013710010C 351O028110
O 3010P3671 -42 320000.806 6.090000000020 8913310010C 341O 29110O 291
0P372 9013310010C 341O027110O 29
-------------------------------------------------------[2024-06-14 10:40:07.598]

SOURCE: AIR
RX_ID: 106, Freq: 131.725MHz
Mode: E NACKLabel: H1 Block ID: 9, Msg No: D78G
Flight ID: UA0273 REG: N662UA


Message content:-
#DFB10P3681 -42 320000.804 6.090000000025
 8913210010C 341O 28110O 2810P372 8913210010C 341O027110O 2910P3701 -
42 319680.805 6.090000000030 8913110010C 331O 28110O 2810P372 8913110
010C 331O027110O 2810P370
-------------------------------------------------------[2024-06-14 10:40:11.076]

SOURCE: AIR
RX_ID: 107, Freq: 131.725MHz
Mode: E NACKLabel: H1 Block ID: 0, Msg No: D78H
Flight ID: UA0273 REG: N662UA


Message content:-
#DFB1 -42 319680.804 6.090000000035 8913110010C 
331O 28110O 2810P372 8913110010C 331O027110O 2810P3691 -42 319680.803
 6.080000000040 8913110010C 331O 28110O 2810P371 8913110010C 331O0271
10O 2810P3671 -42 
-------------------------------------------------------[2024-06-14 10:40:15.389]

SOURCE: AIR
RX_ID: 108, Freq: 131.725MHz
Mode: E NACKLabel: H1 Block ID: 1, Msg No: D78I
Flight ID: UA0273 REG: N662UA


Message content:-
#DFB319680.801 6.070000000045 8913410010C 341O 28110O 2
810P371 9013310010C 341O027110O 2910P3661 -42 319680.801 6.0700000000
50 8913510010C 341O 29110O 2810P371 9013510010C 341O027110O 2910P3661
 -42 319680
-------------------------------------------------------[2024-06-14 10:40:19.085]

SOURCE: AIR
RX_ID: 109, Freq: 131.725MHz
Mode: E NACKLabel: H1 Block ID: 2, Msg No: D78J
Flight ID: UA0273 REG: N662UA


Message content:-
#DFB.800 6.070000000055 8913610010C 341O 29110O 2810P371 90136
10010C 341O027110O 2910P3671 -42 319680.801 6.070000000000 9013710010
C 351O 29110O 2910P371 9013710010C 351O027110O 2910P3681 -42 319680.8
01 6
-------------------------------------------------------[2024-06-14 10:40:23.178]

SOURCE: AIR
RX_ID: 110, Freq: 131.725MHz
Mode: E NACKLabel: H1 Block ID: 3, Msg No: D78K
Flight ID: UA0273 REG: N662UA


Message content:-
#DFB.070000000000408002D09F3000402000400005D09F300040000030408002D09F
3000402000400005D09F300040000000408002D09F3000402000400005D09F3000400
00030408002D09F2000402000400005D09F200040000000408002D09F20004020004
-------------------------------------------------------[2024-06-14 10:40:26.871]

SOURCE: AIR
RX_ID: 111, Freq: 131.725MHz
Mode: E NACKLabel: H1 Block ID: 4, Msg No: D78L
Flight ID: UA0273 REG: N662UA


Message content:-
#DFB0
0005D09F2000400000
-------------------------------------------------------[2024-06-14 10:40:30.129]

SOURCE: AIR
RX_ID: 112, Freq: 131.725MHz
Mode: E NACKLabel: H1 Block ID: 5, Msg No: D79A
Flight ID: UA0273 REG: N662UA


Message content:-
#DFBE23C03N660273LFMNKEWR0614241045CR
2780007990003402100000-1850000360238900000A13321344
60956091    3----370810422546000000000000000
::::2947 450881   47297 -759 -08  26  56 -702  0000  0000
 -12::::::  1
-------------------------------------------------------[2024-06-14 10:45:28.952]

SOURCE: AIR
RX_ID: 113, Freq: 131.725MHz
Mode: E NACKLabel: H1 Block ID: 6, Msg No: D79B
Flight ID: UA0273 REG: N662UA


Message content:-
#DFB9  09  30  04 -02::::  03 -04::::::::::::::  000XXXXX
0000-000 098-472 -960000000001100::00

-------------------------------------------------------[2024-06-14 10:45:33.450]

SOURCE: AIR
RX_ID: 114, Freq: 131.725MHz
Mode: E NACKLabel: 5Z Block ID: 7, Msg No: M15A
Flight ID: UA0273 REG: N662UA


Message content:-
/ET EXP TIME       / LFMN KEWR 14 104944/EON 1909 AUTO
-------------------------------------------------------[2024-06-14 10:49:45.774]

SOURCE: AIR
RX_ID: 115, Freq: 131.725MHz
Mode: E NACKLabel: H1 Block ID: 4, Msg No: D03A
Flight ID: SN039G REG: OO-SFC


Message content:-
#DFB001289700101010734090
R01/A33001,1,1
C1,.OO-SFC,24JUN14,11.06.40,EBBR,FKKD,BEL39G    ,4000,430
C2,004,06.0,000000,D1333RR06C02BEL,000,052,052
C3,-27.0,36977,0.808,111,1.00,111,10,0,01,111,1.00,X
C4,-27
-------------------------------------------------------[2024-06-14 11:07:09.013]

SOURCE: AIR
RX_ID: 116, Freq: 131.725MHz
Mode: E NACKLabel: H1 Block ID: 5, Msg No: D03B
Flight ID: SN039G REG: OO-SFC


Message content:-
#DFB.0,36981,0.808,111
C5,041205,08787,05561,01816,00443,10016,00000,00402,06066,---
C6,041196,05997,34052,01254,00443,10015,00000,00402,1E066
N1,1.471,1.471,078.85,086.3,087.9,0638,07.168,03013,08.25
N2,1.
-------------------------------------------------------[2024-06-14 11:07:12.527]

SOURCE: AIR
RX_ID: 117, Freq: 131.725MHz
Mode: E NACKLabel: H1 Block ID: 7, Msg No: D03D
Flight ID: SN039G REG: OO-SFC


Message content:-
#DFB46.3,0.15,0.06,0.07,142,0.20,009.3
T2,085,103,108.2,006.6,045.8,0.16,0.16,0.16,291,0.29,009.4
V1,0425,0366
V2,0432,0364
NO STABLE FRAME CONDITION   :

-------------------------------------------------------[2024-06-14 11:07:19.875]

SOURCE: AIR
RX_ID: 118, Freq: 131.725MHz
Mode: E NACKLabel: H1 Block ID: 7, Msg No: D03D
Flight ID: SN039G REG: OO-SFC


Message content:-
#DFB46.3,0.15,0.06,0.07,142,0.20,009.3
T2,085,103,108.2,006.6,045.8,0.16,0.16,0.16,291,0.29,009.4
V1,0425,0366
V2,0432,0364
NO STABLE FRAME CONDITION   :

-------------------------------------------------------[2024-06-14 11:07:31.359]

SOURCE: AIR
RX_ID: 119, Freq: 131.725MHz
Mode: E NACKLabel: 16 Block ID: 1, Msg No: M15A
Flight ID: SN039G REG: OO-SFC


Message content:-
14JUN24,1108,N 44.359,E  6.959,36975,1630,94640
-------------------------------------------------------[2024-06-14 11:08:54.083]

SOURCE: AIR
RX_ID: 120, Freq: 131.725MHz
Mode: E NACKLabel: H1 Block ID: 3, Msg No: D05A
Flight ID: SN039G REG: OO-SFC


Message content:-
#DFB002289700101011031172
R02/A33002,1,1
C1,.OO-SFC,24JUN14,11.08.03,EBBR,FKKD,BEL39G    ,5000,913
C2,001,06.0,000000,D1333RR06C02BEL,000,052,052
C3,-27.0,36978,0.804,111,1.03,111,10,0,01,111,1.02,X
C4,-27
-------------------------------------------------------[2024-06-14 11:09:01.253]

SOURCE: AIR
RX_ID: 121, Freq: 131.725MHz
Mode: E NACKLabel: H1 Block ID: 4, Msg No: D05B
Flight ID: SN039G REG: OO-SFC


Message content:-
#DFB.2,36979,0.807,111
C5,041205,08787,05561,01816,00443,10016,00000,00402,26066,148
C6,041196,05997,34052,01254,00443,10015,00000,00402,3E066,146
N1,1.472,1.472,078.89,086.3,087.9,0638,07.168,03019,08.25
N
-------------------------------------------------------[2024-06-14 11:09:20.927]

SOURCE: AIR
RX_ID: 122, Freq: 131.725MHz
Mode: E NACKLabel: 16 Block ID: 1, Msg No: M58A
Flight ID: FR02SN REG: EI-ESV


Message content:-
105746,,1124,  94,N   .    MMMM.MMM
-------------------------------------------------------[2024-06-14 11:15:06.822]

SOURCE: AIR
RX_ID: 123, Freq: 131.725MHz
Mode: E NACKLabel: SA Block ID: 3, Msg No: S60A
Flight ID: FR02SN REG: EI-ESV


Message content:-
0EV111506V/
-------------------------------------------------------[2024-06-14 11:15:13.590]

SOURCE: AIR
RX_ID: 124, Freq: 131.725MHz
Mode: 2 NACKLabel: SA Block ID: 6, Msg No: S75A
Flight ID: SN037K REG: OO-SFE


Message content:-
0EV112128VS
-------------------------------------------------------[2024-06-14 11:21:30.425]

SOURCE: AIR
RX_ID: 125, Freq: 131.725MHz
Mode: E NACKLabel: H1 Block ID: 5, Msg No: D07A
Flight ID: KL0535 REG: PH-AOD


Message content:-
#DFB(POS-KLM535  -4328N00543E/112743 F350
RMK/FUEL  47.0 M0.83)
-------------------------------------------------------[2024-06-14 11:28:00.797]

SOURCE: AIR
RX_ID: 126, Freq: 131.825MHz
Mode: 2 NACKLabel: H1 Block ID: 4, Msg No: F29A
Flight ID: AA0721 REG: N771AN


Message content:-
#M1BPOSN43420E007297,PIG-01,112549,320,BAR-02,113041,OKTET,M42,26362,1736E610
-------------------------------------------------------[2024-06-14 11:28:03.246]

SOURCE: AIR
RX_ID: 127, Freq: 131.825MHz
Mode: 2 NACKLabel: H1 Block ID: 3, Msg No: F74A
Flight ID: XA0000 REG: N999V


Message content:-
#M1B/.RESREQ/AK,115/TS112919,140624
-------------------------------------------------------[2024-06-14 11:29:19.643]

SOURCE: AIR
RX_ID: 128, Freq: 131.825MHz
Mode: 2 NACKLabel: H1 Block ID: 4, Msg No: F75A
Flight ID: XA0000 REG: N999V


Message content:-
#M1B/.POS/TS112919,140624N44587E004059,,112919,370,,112919,,M55,25685,69,8300081
-------------------------------------------------------[2024-06-14 11:29:47.474]

SOURCE: AIR
RX_ID: 129, Freq: 131.725MHz
Mode: E NACKLabel: B0 Block ID: 6, Msg No: J02A
Flight ID: KL0535 REG: PH-AOD


Message content:-
/DAAA.AFN/FMHKLM535,.PH-AOD,484443,113001/FPON43102E005441,1/FCOADS,01/FCOATC,01878B
-------------------------------------------------------[2024-06-14 11:30:02.650]

SOURCE: AIR
RX_ID: 130, Freq: 131.725MHz
Mode: E NACKLabel: B6 Block ID: 9, Msg No: J03A
Flight ID: KL0535 REG: PH-AOD


Message content:-
/ALGCAYA.ADS.PH-AOD0300071EA88020A9088B9C8C1D0E3EA8E940000D1EA76020AA488B80041E6B4820D5488B80D168
-------------------------------------------------------[2024-06-14 11:30:30.078]

SOURCE: AIR
RX_ID: 131, Freq: 131.725MHz
Mode: E ACK, A2GLabel: B6 Block ID: 9, Msg No: J03A
Flight ID: KL0535 REG: PH-AOD


Message content:-
/ALGCAYA.ADS.PH-AOD0300071EA88020A9088B9C8C1D0E3EA8E940000D1EA76020AA488B80041E6B4820D5488B80D168
-------------------------------------------------------[2024-06-14 11:30:33.150]

SOURCE: AIR
RX_ID: 132, Freq: 131.725MHz
Mode: E NACKLabel: B6 Block ID: 0, Msg No: J05A
Flight ID: KL0535 REG: PH-AOD


Message content:-
/ALGCAYA.ADS.PH-AOD141EA66820AA888B9CA01D0D1E6B4820D5488B80931DA2F82161490880E196
-------------------------------------------------------[2024-06-14 11:30:36.442]

SOURCE: AIR
RX_ID: 133, Freq: 131.825MHz
Mode: 2 NACKLabel: H1 Block ID: 6, Msg No: D50A
Flight ID: AA0721 REG: N771AN


Message content:-
#DFBTRP LIRF KCLT 07  8 323   0  0 111929
 42.6647  10.2164293895822404970.0060.003 50.00 -88.95179520-36 309OFF
 42.9141   9.8269319965810004940.0160.003 50.50 -89.65178280-43 275OFF
 43.0673   9.3665320055
-------------------------------------------------------[2024-06-14 11:31:33.165]

SOURCE: AIR
RX_ID: 134, Freq: 131.725MHz
Mode: E NACKLabel: H1 Block ID: 1, Msg No: D08A
Flight ID: KL0535 REG: PH-AOD


Message content:-
#DFBR01/A33001,1,1
C1,.PH-AOD,24JUN14,11.21.25,EHAM,HRYR,KLM535    ,5000,867
C2,002,06.0,000000,D1033GE04C0KL21,000,000,000
C3,-19.5,34998,0.834,111,1.19,111,10,0,01,111,1.19,X
C4,-19.2,34993,0.836,111
C5,
-------------------------------------------------------[2024-06-14 11:31:48.715]

SOURCE: AIR
RX_ID: 135, Freq: 131.725MHz
Mode: E NACKLabel: H1 Block ID: 2, Msg No: D08B
Flight ID: KL0535 REG: PH-AOD


Message content:-
#DFB811168,08638,06873,00238,1HH11111111111,00001,26064,6,107
C6,811298,08638,16310,00238,1H111111111111,00001,26064,0
N1,096.89,096.9,096.9,102.0,0736,---.-,03349,--.--,--.--
N2,096.89,096.9,096.9,101.8,074
-------------------------------------------------------[2024-06-14 11:31:52.621]

SOURCE: AIR
RX_ID: 136, Freq: 131.725MHz
Mode: E NACKLabel: H1 Block ID: 3, Msg No: D08C
Flight ID: KL0535 REG: PH-AOD


Message content:-
#DFB4,---.-,03380,--.--,--.--
S1,073.7,170.0,462.2,---.-,77.2,-0.0,077,053,026.1,48,118
S2,075.5,170.5,462.4,---.-,76.3,-0.0,078,053,032.4,46,144
T1,--.--,055,114.6,0,00.5,0.07,0.53,00.5,010,142,0.13,0.57
T
-------------------------------------------------------[2024-06-14 11:31:56.315]

SOURCE: AIR
RX_ID: 137, Freq: 131.725MHz
Mode: E NACKLabel: H1 Block ID: 4, Msg No: D08D
Flight ID: KL0535 REG: PH-AOD


Message content:-
#DFB2,--.--,051,114.9,0,02.7,0.07,0.93,00.4,276,101,0.50,0.94
                            :

-------------------------------------------------------[2024-06-14 11:31:59.789]

SOURCE: AIR
RX_ID: 138, Freq: 131.725MHz
Mode: E NACKLabel: B6 Block ID: 5, Msg No: J06A
Flight ID: KL0535 REG: PH-AOD


Message content:-
/ALGCAYA.ADS.PH-AOD141E6A4020D5C8CFDF081D0D1DA2F82161490881FA1C8BC0221C8908808D00
-------------------------------------------------------[2024-06-14 11:33:09.019]

SOURCE: AIR
RX_ID: 139, Freq: 131.725MHz
Mode: E NACKLabel: 20 Block ID: 6, Msg No: M07A
Flight ID: KL0535 REG: PH-AOD


Message content:-
RST36A14113406KLM535  EHAMHRYR
-------------------------------------------------------[2024-06-14 11:34:14.556]

SOURCE: AIR
RX_ID: 140, Freq: 131.825MHz
Mode: 2 NACKLabel: Q7 Block ID: 9, Msg No: M85A
Flight ID: AA0721 REG: N771AN


Message content:-
OS KCLT /EON2012
-------------------------------------------------------[2024-06-14 11:34:18.031]

SOURCE: AIR
RX_ID: 141, Freq: 131.825MHz
Mode: 2 NACKLabel: H1 Block ID: 6, Msg No: F77A
Flight ID: XA0000 REG: N999V


Message content:-
#M1B/.RESREQ/AK,115/TS113935,140624
-------------------------------------------------------[2024-06-14 11:39:36.500]

SOURCE: AIR
RX_ID: 142, Freq: 131.825MHz
Mode: 2 NACKLabel: H1 Block ID: 7, Msg No: F78A
Flight ID: XA0000 REG: N999V


Message content:-
#M1B/.POS/TS113935,140624N44022E005360,,113935,227,,113935,,M20,26153,65,830D748
-------------------------------------------------------[2024-06-14 11:39:40.780]

SOURCE: AIR
RX_ID: 143, Freq: 131.725MHz
Mode: E NACKLabel: 83 Block ID: 5, Msg No: M02A
Flight ID: UV0001 REG: DCEFE


Message content:-
001PR14114022N4307.2E00515.1265381    
-------------------------------------------------------[2024-06-14 11:40:28.510]

SOURCE: AIR
RX_ID: 144, Freq: 131.525MHz
Mode: T NACKLabel: 2F Block ID: 2, Msg No: M64A
Flight ID: AF7306 REG: F-GMZE


Message content:-
1147+4453+502/3455
-------------------------------------------------------[2024-06-14 11:47:52.791]

SOURCE: AIR
RX_ID: 145, Freq: 131.825MHz
Mode: 2 NACKLabel: H1 Block ID: 2, Msg No: C14A
Flight ID: VY1498 REG: EC-NGB


Message content:-
#CFBWRN/WN24061411480046200006DATALINK ATC FAULT      
-------------------------------------------------------[2024-06-14 11:49:05.462]

SOURCE: AIR
RX_ID: 146, Freq: 131.525MHz
Mode: T NACKLabel: 2Z Block ID: 3, Msg No: M65A
Flight ID: AF7306 REG: F-GMZE


Message content:-
LFMN
-------------------------------------------------------[2024-06-14 11:51:03.443]

SOURCE: AIR
RX_ID: 147, Freq: 131.725MHz
Mode: X NACKLabel: B9 Block ID: 1, Msg No: L17A
Flight ID: 7L8116 REG: VQ-BVC


Message content:-
/LLBG.TI2/024LLBGABC68
-------------------------------------------------------[2024-06-14 11:51:30.870]

SOURCE: AIR
RX_ID: 148, Freq: 131.525MHz
Mode: T NACKLabel: B9 Block ID: 4, Msg No: L14A
Flight ID: AF7306 REG: F-GMZE


Message content:-
/LFMN.TI2/064LFMNA83AC
-------------------------------------------------------[2024-06-14 11:53:01.609]

SOURCE: AIR
RX_ID: 149, Freq: 131.725MHz
Mode: 2 NACKLabel: H1 Block ID: 0, Msg No: F52A
Flight ID: XA0000 REG: N123AB


Message content:-
#M1B/.POS/TS115407,140624N44526E004306,,115407,370,,115407,,M56,25382,92,850B2B6
-------------------------------------------------------[2024-06-14 11:54:13.691]

SOURCE: AIR
RX_ID: 150, Freq: 131.525MHz
Mode: T NACKLabel: 26 Block ID: 9, Msg No: M66A
Flight ID: AF7306 REG: F-GMZE


Message content:-
1157LFPGAF7306/141212LFMN22R
-------------------------------------------------------[2024-06-14 11:57:49.795]

SOURCE: AIR
RX_ID: 151, Freq: 131.725MHz
Mode: G NACKLabel: 83 Block ID: 5, Msg No: M03A
Flight ID: UV0001 REG: FHGUI


Message content:-
001PR14115921N4323.4E00553.2176222    
-------------------------------------------------------[2024-06-14 11:59:28.468]

SOURCE: AIR
RX_ID: 152, Freq: 131.725MHz
Mode: 2 NACKLabel: H1 Block ID: 3, Msg No: F56A
Flight ID: XA0000 REG: N123AB


Message content:-
#M1B/.RESREQ/AK,115/TS120438,140624
-------------------------------------------------------[2024-06-14 12:04:40.173]

SOURCE: AIR
RX_ID: 153, Freq: 131.725MHz
Mode: 2 NACKLabel: H1 Block ID: 4, Msg No: F57A
Flight ID: XA0000 REG: N123AB


Message content:-
#M1B/.POS/TS120438,140624N43467E005544,,120438,233,,120438,,M22,25657,87,8506764
-------------------------------------------------------[2024-06-14 12:04:44.269]

SOURCE: AIR
RX_ID: 154, Freq: 131.725MHz
Mode: E NACKLabel: H1 Block ID: 7, Msg No: F14A
Flight ID: ZD737M REG: N737M


Message content:-
#M1BPOSN44102E006372,MN222,120702,290,IDAVO,122648,BAGBI,M34,257072,1531E86
-------------------------------------------------------[2024-06-14 12:07:03.314]

SOURCE: AIR
RX_ID: 155, Freq: 131.725MHz
Mode: E NACKLabel: 5U Block ID: 8, Msg No: M10A
Flight ID: ZD737M REG: N737M


Message content:-
  01 WXRQ   737M/   LFMN/EGSS ..N737M
/TYP 1/STA EGSS/STA     /STA     
-------------------------------------------------------[2024-06-14 12:14:24.888]

SOURCE: AIR
RX_ID: 156, Freq: 131.725MHz
Mode: X NACKLabel: H1 Block ID: 2, Msg No: F15A
Flight ID: ZD737M REG: N737M


Message content:-
#M1BPOSN45160E005459,MN222,121726,400,IDAVO,122657,BAGBI,M58,260088,139C0F1
-------------------------------------------------------[2024-06-14 12:17:27.386]

SOURCE: AIR
RX_ID: 157, Freq: 131.725MHz
Mode: E NACKLabel: 4H Block ID: 5, Msg No: M60A
Flight ID: DL0029 REG: N841MH


Message content:-
14124H LFMN KJFK6
  
WPR RESET





-------------------------------------------------------[2024-06-14 12:35:00.949]

SOURCE: AIR
RX_ID: 158, Freq: 131.725MHz
Mode: E NACKLabel: H1 Block ID: 8, Msg No: D59A
Flight ID: DL0029 REG: N841MH


Message content:-
#DFB902N1817 0029140624123534338255811  6-26000010641055 6000000000000
00000000000000000000000000000100004208020063001320084070200282008E070
0000000000000000200000000000000000000000100004008020063001320084070
-------------------------------------------------------[2024-06-14 12:35:48.677]

SOURCE: AIR
RX_ID: 159, Freq: 131.725MHz
Mode: E NACKLabel: H1 Block ID: 9, Msg No: D59B
Flight ID: DL0029 REG: N841MH


Message content:-
#DFB20
0282008E07XX-223
-------------------------------------------------------[2024-06-14 12:35:52.369]

SOURCE: AIR
RX_ID: 160, Freq: 131.725MHz
Mode: E NACKLabel: H1 Block ID: 0, Msg No: F91A
Flight ID: DL0029 REG: N841MH


Message content:-
#M1BPOSN43214E005221,PAD01,123913,311,ROV02,124146,FJR,M40,25457,1174,820FAA0
-------------------------------------------------------[2024-06-14 12:39:15.528]

SOURCE: AIR
RX_ID: 161, Freq: 131.725MHz
Mode: E NACKLabel: H1 Block ID: 1, Msg No: D60A
Flight ID: DL0029 REG: N841MH


Message content:-
#DFB239N1817 0029061424124218814 4352   488320-11-42248 61XX-223115200
 296 4300070276710030PSZLFMNKJFK
-------------------------------------------------------[2024-06-14 12:42:32.950]

SOURCE: AIR
RX_ID: 162, Freq: 131.525MHz
Mode: T NACKLabel: 2F Block ID: 0, Msg No: M86A
Flight ID: AF7308 REG: F-GMZD


Message content:-
1247+4467+476/3354
-------------------------------------------------------[2024-06-14 12:47:10.101]

SOURCE: AIR
RX_ID: 163, Freq: 131.525MHz
Mode: T NACKLabel: 2Z Block ID: 1, Msg No: M87A
Flight ID: AF7308 REG: F-GMZD


Message content:-
LFMN
-------------------------------------------------------[2024-06-14 12:53:01.968]

SOURCE: AIR
RX_ID: 164, Freq: 131.825MHz
Mode: 2 NACKLabel: 16 Block ID: 3, Msg No: M10A
Flight ID: VY07TD REG: EC-LAB


Message content:-
125600,32002,1340,  82,N 43.195 E  6.678, 780
-------------------------------------------------------[2024-06-14 12:56:04.860]

SOURCE: AIR
RX_ID: 165, Freq: 131.525MHz
Mode: T NACKLabel: 26 Block ID: 3, Msg No: M88A
Flight ID: AF7308 REG: F-GMZD


Message content:-
1300LFPGAF7308/141315LFMN22R
-------------------------------------------------------[2024-06-14 13:00:03.526]

SOURCE: AIR
RX_ID: 166, Freq: 131.825MHz
Mode: 2 NACKLabel: H1 Block ID: 4, Msg No: D66A
Flight ID: AA0289 REG: N758AN


Message content:-
#DFBTRP LIRF KDFW 07  8 298   0  0 132945
 42.5664  10.3580278826042804860.0050.003 50.50 -97.73194560-32 331OFF
 42.8192   9.9720308226029204920.0090.003 50.63 -97.03193200-39 290OFF
 43.0093   9.5416319946
-------------------------------------------------------[2024-06-14 13:41:49.073]

SOURCE: AIR
RX_ID: 167, Freq: 131.825MHz
Mode: 2 NACKLabel: H1 Block ID: 6, Msg No: F23A
Flight ID: AA0289 REG: N758AN


Message content:-
#M2BPOSN44087E006533,BARSO,134234,320,OKTET,134543,GIPNO,M42,25565,1864D4F1
-------------------------------------------------------[2024-06-14 13:42:36.397]

SOURCE: AIR
RX_ID: 168, Freq: 131.725MHz
Mode: X NACKLabel: H1 Block ID: 6, Msg No: F59A
Flight ID: UA0127 REG: N76054


Message content:-
#M1BPOSN44215E006128,BOD05,145306,280,KOT06,145643,ETREK,M33,25268,1283,808/DTKIAD,01R,,235118,/TS145306,14062451FF
-------------------------------------------------------[2024-06-14 14:53:09.231]

SOURCE: AIR
RX_ID: 169, Freq: 131.525MHz
Mode: T NACKLabel: B9 Block ID: 0, Msg No: L03A
Flight ID: AF7309 REG: F-GMZD


Message content:-
/LFML.TI2/064LFMLAE5CE
-------------------------------------------------------[2024-06-14 14:53:12.156]

SOURCE: AIR
RX_ID: 170, Freq: 131.725MHz
Mode: X NACKLabel: 5Z Block ID: 3, Msg No: M30A
Flight ID: UA0127 REG: N76054


Message content:-
/C4 DISP MSG       / LIRF KIAD 14 150125
SORRY I WAS DISTRACTED
PREPARING FOR DEPARTURE
 + FORGOT TO CALL YOU
 FOR A BRIEFING. I SEE
 WE HAVE RELEASE 03 THX
-------------------------------------------------------[2024-06-14 15:01:27.925]

SOURCE: AIR
RX_ID: 171, Freq: 131.725MHz
Mode: X NACKLabel: 5Z Block ID: 4, Msg No: M31A
Flight ID: UA0127 REG: N76054


Message content:-
/R1 DISP RLS REQ   / LIRF KIAD 14 150315 0127 14 LIRF
-------------------------------------------------------[2024-06-14 15:03:17.093]

SOURCE: AIR
RX_ID: 172, Freq: 131.725MHz
Mode: G NACKLabel: H1 Block ID: 6, Msg No: F03D
Flight ID: HV019P REG: PH-XRY


Message content:-
#M1B051,381,Y,182,24.POSBA,172206,250K,1468,63,M6,256040,315,Y,151,19.POS,172600,250K,500,62,P6,256034,288,Y,151,20.BAVUM,172858,221K,450,61,P13,256020,242,Y,185,13.OBUMU,173107,170K,250,61,P16,256013,182,Y,239
-------------------------------------------------------[2024-06-14 16:41:20.038]

SOURCE: AIR
RX_ID: 173, Freq: 131.725MHz
Mode: G NACKLabel: B9 Block ID: 0, Msg No: M36A
Flight ID: HV019P REG: PH-XRY


Message content:-
/LEPA.TI2/024LEPAAC8BA
-------------------------------------------------------[2024-06-14 16:42:44.629]

SOURCE: AIR
RX_ID: 174, Freq: 131.725MHz
Mode: X NACKLabel: 83 Block ID: 5, Msg No: M03A
Flight ID: UV0001 REG: DCEFE


Message content:-
001PR14164654N4316.2E00658.5430470    
-------------------------------------------------------[2024-06-14 16:47:00.228]

SOURCE: AIR
RX_ID: 175, Freq: 131.525MHz
Mode: T NACKLabel: 2T Block ID: 1, Msg No: M39A
Flight ID: AF6226 REG: F-GRHF


Message content:-
1
-------------------------------------------------------[2024-06-14 16:55:45.767]

SOURCE: AIR
RX_ID: 176, Freq: 131.525MHz
Mode: T NACKLabel: 2F Block ID: 5, Msg No: M40A
Flight ID: AF6226 REG: F-GRHF


Message content:-
1701+4442+517/3445
-------------------------------------------------------[2024-06-14 17:01:56.059]

SOURCE: AIR
RX_ID: 177, Freq: 131.525MHz
Mode: T NACKLabel: 2Z Block ID: 6, Msg No: M41A
Flight ID: AF6226 REG: F-GRHF


Message content:-
LFMN
-------------------------------------------------------[2024-06-14 17:04:11.456]

SOURCE: AIR
RX_ID: 178, Freq: 131.725MHz
Mode: X NACKLabel: B9 Block ID: 1, Msg No: L00A
Flight ID: ZD0001 REG: ECNCL


Message content:-
/LEST.TI2/024LESTA6D6C
-------------------------------------------------------[2024-06-14 17:06:32.107]

SOURCE: AIR
RX_ID: 179, Freq: 131.525MHz
Mode: T NACKLabel: B9 Block ID: 8, Msg No: L18A
Flight ID: AF6226 REG: F-GRHF


Message content:-
/LFMN.TI2/064LFMNA83AC
-------------------------------------------------------[2024-06-14 17:07:30.109]

SOURCE: AIR
RX_ID: 180, Freq: 131.525MHz
Mode: T NACKLabel: 26 Block ID: 2, Msg No: M42A
Flight ID: AF6226 REG: F-GRHF


Message content:-
1712LFPOAF6226/141727LFMN22R
-------------------------------------------------------[2024-06-14 17:12:02.903]

SOURCE: AIR
RX_ID: 181, Freq: 131.725MHz
Mode: 2 NACKLabel: 16 Block ID: 9, Msg No: M78A
Flight ID: XA0001 REG: 9HXOC


Message content:-
(2AAABN45130E  7072LICCLICJLFMN-/O(Z
-------------------------------------------------------[2024-06-14 19:04:16.126]

SOURCE: AIR
RX_ID: 182, Freq: 131.525MHz
Mode: T NACKLabel: 2F Block ID: 4, Msg No: M61A
Flight ID: AF6235 REG: F-GRHF


Message content:-
1912+4455+627/3246
-------------------------------------------------------[2024-06-14 19:12:22.382]

SOURCE: AIR
RX_ID: 183, Freq: 131.725MHz
Mode: X NACKLabel: H1 Block ID: 9, Msg No: F09A
Flight ID: CC2614 REG: TF-AMU


Message content:-
#M1BPOSN44354E005394,,203804,310,MTG,204756,DIVKO,M41,24953,1983,84,BE5B
-------------------------------------------------------[2024-06-14 20:38:09.021]

SOURCE: AIR
RX_ID: 184, Freq: 131.725MHz
Mode: X NACKLabel: H1 Block ID: 5, Msg No: D02B
Flight ID: AF7342 REG: F-GMZC


Message content:-
#DFB09044,00616,73/N10875,0875,0959,6644,1729,XXXXX/N20875,0875,0957,6520,1690,XXXXX/S1XXXXX,0878,1676,4600,XXXX,025,000/S2XXXXX,0841,1666,4621,XXXX,021,001/T1086,086,023,43,100,06924,0201/T2087,086,019,44,090,
-------------------------------------------------------[2024-06-14 20:38:29.502]

SOURCE: AIR
RX_ID: 185, Freq: 131.725MHz
Mode: X NACKLabel: H1 Block ID: 6, Msg No: D02C
Flight ID: AF7342 REG: F-GMZC


Message content:-
#DFB06853,0202/V102,03,253,120,03,01,00000/V207,05,124,174,04,00,00000/V306,04,354,161,0615/V405,04,222,013,0615/V503,04,264,094,0915/V607,01,115,197,0915/V7046,085,00061,22222222222111/V8045,085,00081,22222222
-------------------------------------------------------[2024-06-14 20:38:33.599]

SOURCE: AIR
RX_ID: 186, Freq: 131.725MHz
Mode: X NACKLabel: H1 Block ID: 7, Msg No: D02D
Flight ID: AF7342 REG: F-GMZC


Message content:-
#DFB222111/X103429,N000,0014,N004,00028,0014/X203434,N000,0016,N004,00029,0013/X3N008,N005,N007,N013,N005,N008,N000/X4N001,N002,N000,N000,0000,0000/X50000,N000,N001,N000,0000,0000/X61728,E0030,N469,082,238,0175
-------------------------------------------------------[2024-06-14 20:38:38.097]

SOURCE: AIR
RX_ID: 187, Freq: 131.725MHz
Mode: X NACKLabel: 26 Block ID: 9, Msg No: M67A
Flight ID: AF7342 REG: F-GMZC


Message content:-
2045LFPGAF7342/142050LFML13L
-------------------------------------------------------[2024-06-14 20:45:03.530]

SOURCE: AIR
RX_ID: 188, Freq: 131.725MHz
Mode: X NACKLabel: H1 Block ID: 1, Msg No: F10A
Flight ID: CC2614 REG: TF-AMU


Message content:-
#M1BPOSN43391E005070,,204604,330,MTG04,204760,DIV05,M47,25353,1943,84,AB8A
-------------------------------------------------------[2024-06-14 20:46:08.263]

SOURCE: AIR
RX_ID: 189, Freq: 131.525MHz
Mode: T NACKLabel: 2Z Block ID: 4, Msg No: M61A
Flight ID: AF7314 REG: F-GMZE


Message content:-
LFMN
-------------------------------------------------------[2024-06-14 21:43:04.392]

SOURCE: AIR
RX_ID: 190, Freq: 131.525MHz
Mode: T NACKLabel: 26 Block ID: 7, Msg No: M62A
Flight ID: AF7314 REG: F-GMZE


Message content:-
2151LFPGAF7314/142206LFMN04L
-------------------------------------------------------[2024-06-14 21:51:05.237]

SOURCE: AIR
RX_ID: 191, Freq: 131.825MHz
Mode: 2 NACKLabel: 5U Block ID: 8, Msg No: M05A
Flight ID: QY1685 REG: OE-LNK


Message content:-
10,WX,142318,QY1685,14,LFML,EDDP,,LSGG,LSZH,EDDS,1,0,
-------------------------------------------------------[2024-06-14 23:18:04.162]

SOURCE: AIR
RX_ID: 192, Freq: 131.825MHz
Mode: 2 NACKLabel: B9 Block ID: 6, Msg No: L01A
Flight ID: QY1685 REG: OE-LNK


Message content:-
/EDDP.TI2/024EDDPAB993
-------------------------------------------------------[2024-06-14 23:19:35.705]

SOURCE: AIR
RX_ID: 193, Freq: 131.825MHz
Mode: 2 ACK, A2GLabel: H1 Block ID: 7, Msg No: F02A
Flight ID: QY1685 REG: OE-LNK


Message content:-
#M1BPOSN44450E005327,,231933,303,ETR01,232133,LUX02,M42,24953,182,CAD2
-------------------------------------------------------[2024-06-14 23:19:38.187]

SOURCE: AIR
RX_ID: 194, Freq: 131.825MHz
Mode: 2 NACKLabel: B9 Block ID: 9, Msg No: L02A
Flight ID: QY1685 REG: OE-LNK


Message content:-
/EDDP.TI2/024EDDPAB993
-------------------------------------------------------[2024-06-14 23:23:54.997]

