SOURCE: AIR
RX_ID: 125, Freq: 131.725MHz
Mode: G NACKLabel: B9 Block ID: 9, Msg No: L44A
Flight ID: AF0995 REG: F-GZNS


Message content:-
/LFLL.TI2/046LFLLA395D
-------------------------------------------------------[2024-07-13 03:08:48.543]

SOURCE: AIR
RX_ID: 126, Freq: 131.725MHz
Mode: G NACKLabel: B6 Block ID: 3, Msg No: J57A
Flight ID: SN028A REG: OO-SFC


Message content:-
/ACCFAYA.ADS.OO-SFC071E8AD023D7494708C81D0C085332E018200E03C8F280000F01219440004FB9
-------------------------------------------------------[2024-07-13 03:09:25.408]

SOURCE: AIR
RX_ID: 127, Freq: 131.725MHz
Mode: G NACKLabel: 16 Block ID: 5, Msg No: M99A
Flight ID: SN028A REG: OO-SFC


Message content:-
12JUL24,2213,N 43.487,E  6.438,38004,0425,24280
-------------------------------------------------------[2024-07-13 03:13:26.673]

SOURCE: AIR
RX_ID: 128, Freq: 131.725MHz
Mode: G NACKLabel: B6 Block ID: 6, Msg No: J59A
Flight ID: SN028A REG: OO-SFC


Message content:-
/ACCFAYA.ADS.OO-SFC071F009824CC09470D681D0C085332E018200E03D0F17FF80F010190BFF80808
-------------------------------------------------------[2024-07-13 03:14:21.162]

SOURCE: AIR
RX_ID: 129, Freq: 131.725MHz
Mode: G NACKLabel: B6 Block ID: 9, Msg No: J62A
Flight ID: SN028A REG: OO-SFC


Message content:-
/ACCFAYA.ADS.OO-SFC071F781025CA0946D2081D0C085332E018200E03E8F680000F0119914000FF5C
-------------------------------------------------------[2024-07-13 03:19:16.879]

SOURCE: AIR
RX_ID: 130, Freq: 131.725MHz
Mode: G NACKLabel: B6 Block ID: 0, Msg No: J63A
Flight ID: SN028A REG: OO-SFC


Message content:-
/ACCFAYA.ADS.OO-SFC141FAC08263A094714041D0D1FD92025FEC94700722037D82546C94700B3EC
-------------------------------------------------------[2024-07-13 03:21:23.455]

SOURCE: AIR
RX_ID: 131, Freq: 131.825MHz
Mode: 2 NACKLabel: H1 Block ID: 2, Msg No: F12A
Flight ID: NW0286 REG: N829NW


Message content:-
#M1BPRG/DTLIMC,35L,216,040423,048/FNDAL286/TS032518,1307248A42
-------------------------------------------------------[2024-07-13 03:25:20.625]

SOURCE: AIR
RX_ID: 132, Freq: 131.725MHz
Mode: G NACKLabel: 2F Block ID: 5, Msg No: M89A
Flight ID: AF0977 REG: F-GZCC


Message content:-
0341+4458+472/4095
FOOL/LFPG/39980//-51/0.81/151056/141478//DJL    //-109/071
-------------------------------------------------------[2024-07-13 03:41:27.289]

SOURCE: AIR
RX_ID: 133, Freq: 131.825MHz
Mode: 2 NACKLabel: H1 Block ID: 6, Msg No: D37A
Flight ID: AA0334 REG: N755AN


Message content:-
#DFBTRP KJFK LGAV 07  8 315   9  0 033519
 46.5659   1.2801369994404404870.0140.008 72.87-100.55 62440-48 217OFF
 46.4348   1.9120370004397604840.0210.016 72.50-101.95 61760-48 217OFF
 46.3007   2.5373369994
-------------------------------------------------------[2024-07-13 03:47:23.021]

SOURCE: AIR
RX_ID: 134, Freq: 131.825MHz
Mode: 2 NACKLabel: H1 Block ID: 7, Msg No: D37B
Flight ID: AA0334 REG: N755AN


Message content:-
#DFB391204840.0090.007 74.50-106.87 61120-49 217OFF
 46.1608   3.1551369944384404860.0070.003 78.00-112.85 60440-51 217OFF
 45.9924   3.7493370014378004760.0180.015 89.87-110.04 59800-52 217OFF
-------------------------------------------------------[2024-07-13 03:47:28.946]

SOURCE: AIR
RX_ID: 135, Freq: 131.725MHz
Mode: G NACKLabel: H1 Block ID: 9, Msg No: D65A
Flight ID: KL0536 REG: PH-AOC


Message content:-
#DFB(POS-KLM536  -4352N00459E/035650 F400
RMK/FUEL  10.5 M0.80)
-------------------------------------------------------[2024-07-13 03:57:06.311]

SOURCE: AIR
RX_ID: 136, Freq: 131.825MHz
Mode: 2 NACKLabel: H1 Block ID: 1, Msg No: D04A
Flight ID: BA0054 REG: G-STBD


Message content:-
#DFBACM01ACM397ASG-STBD  BAW54   FAOREGLL120724   1ER224629325883173BAB23001
  4  1678  20069  31  32  47  473242
 -88-134-134 -88-140-140 -88719720
0011
 3425528838-409 3883  675  678
10210210110110110111
-------------------------------------------------------[2024-07-13 04:11:24.616]

SOURCE: AIR
RX_ID: 137, Freq: 131.825MHz
Mode: 2 NACKLabel: 16 Block ID: 6, Msg No: M32A
Flight ID: WB0712 REG: 9XR-WN


Message content:-
041133,38009,0538,  15,N 42.990 E  5.412
-------------------------------------------------------[2024-07-13 04:11:35.072]

SOURCE: AIR
RX_ID: 138, Freq: 131.825MHz
Mode: 2 NACKLabel: H1 Block ID: 4, Msg No: F57A
Flight ID: BA0054 REG: G-STBD


Message content:-
#M1BPRG/TS041702,130724/DTEGLL,27L,203,053445,/PR4959,300,360,347,,124,0,,,80,P30,P0,,,,,,,M37471C
-------------------------------------------------------[2024-07-13 04:17:05.206]

SOURCE: AIR
RX_ID: 139, Freq: 131.825MHz
Mode: 2 NACKLabel: 15 Block ID: 5, Msg No: M80A
Flight ID: BA0054 REG: G-STBD


Message content:-
FST01FAOREGLLN440452E0049498360 150 738 M52C 6824734035048011600005340419
-------------------------------------------------------[2024-07-13 04:19:30.212]

SOURCE: AIR
RX_ID: 140, Freq: 131.725MHz
Mode: G NACKLabel: 2F Block ID: 9, Msg No: M13A
Flight ID: AF0775 REG: F-GZCN


Message content:-
0439+4336+512/4093
FKYS/LFPG/39988//-52/0.80/162630/153269//MTL    //-109/078
-------------------------------------------------------[2024-07-13 04:39:47.988]

SOURCE: AIR
RX_ID: 141, Freq: 131.825MHz
Mode: 2 NACKLabel: H1 Block ID: 3, Msg No: F99A
Flight ID: AA0240 REG: N783AN


Message content:-
#M1BRESPWI/AC,91ECA8
-------------------------------------------------------[2024-07-13 04:45:52.932]

SOURCE: AIR
RX_ID: 142, Freq: 131.825MHz
Mode: 2 NACKLabel: H1 Block ID: 4, Msg No: F01A
Flight ID: AA0240 REG: N783AN


Message content:-
#M1BPOSN44320E005090,BEP-03,044957,370,RETNO,045231,KOLON,M55,24874,372D1ED
-------------------------------------------------------[2024-07-13 04:49:59.497]

SOURCE: AIR
RX_ID: 143, Freq: 131.825MHz
Mode: 2 NACKLabel: 5Z Block ID: 5, Msg No: M94A
Flight ID: AA0240 REG: N783AN


Message content:-
OS LIRF /ALT00000549
-------------------------------------------------------[2024-07-13 04:52:10.973]

SOURCE: AIR
RX_ID: 144, Freq: 131.825MHz
Mode: 2 NACKLabel: 5D Block ID: 7, Msg No: M95A
Flight ID: AA0240 REG: N783AN


Message content:-
LIRFA046
-------------------------------------------------------[2024-07-13 04:52:20.005]

SOURCE: AIR
RX_ID: 145, Freq: 131.825MHz
Mode: 2 NACKLabel: 16 Block ID: 0, Msg No: M96A
Flight ID: AA0240 REG: N783AN


Message content:-
POSA1N44246E  5888,RETNO  ,045146,370,KOLON  ,050044,,-54, 70, 363,831
-------------------------------------------------------[2024-07-13 04:54:11.403]

SOURCE: AIR
RX_ID: 146, Freq: 131.725MHz
Mode: E NACKLabel: 16 Block ID: 8, Msg No: M77A
Flight ID: XSMBU6 REG: 2-BBMB


Message content:-
051329,,0627, 134,N 43.832 E  6.613
-------------------------------------------------------[2024-07-13 05:13:30.395]

SOURCE: AIR
RX_ID: 147, Freq: 131.525MHz
Mode: T NACKLabel: H1 Block ID: 6, Msg No: D10I
Flight ID: AF7550 REG: F-GRHF


Message content:-
#DFB24,01204,0207,235/1S0187,157,00058,060073,005/S24366,0726,01826,0200,301/2S0095,161,N0477,060327,008/S34365,0727,02455,0197,276/3S0039,166,00214,060309,010/S44364,0728,03255,0215,256/4SN008,159,N0555,059892
-------------------------------------------------------[2024-07-13 05:15:22.856]

SOURCE: AIR
RX_ID: 148, Freq: 131.525MHz
Mode: T NACKLabel: 2F Block ID: 2, Msg No: M11A
Flight ID: AF7550 REG: F-GRHF


Message content:-
0521+4451+638/3156
-------------------------------------------------------[2024-07-13 05:21:56.480]

SOURCE: AIR
RX_ID: 149, Freq: 131.725MHz
Mode: X NACKLabel: B9 Block ID: 8, Msg No: L32A
Flight ID: DL0028 REG: N826MH


Message content:-
/LFMN.TI2/024LFMNC6228
-------------------------------------------------------[2024-07-13 05:24:39.481]

SOURCE: AIR
RX_ID: 150, Freq: 131.725MHz
Mode: X NACKLabel: B6 Block ID: 1, Msg No: F26A
Flight ID: AF0931 REG: F-GSQI


Message content:-
/ACCFAYA.ADS.F-GSQI141EBAE81BF548CA5CE61D0D1ED4B01BE148CA003D1FAEF81B3148CA007109
-------------------------------------------------------[2024-07-13 05:30:51.819]

SOURCE: AIR
RX_ID: 151, Freq: 131.725MHz
Mode: X NACKLabel: B9 Block ID: 4, Msg No: L49A
Flight ID: AF0931 REG: F-GSQI


Message content:-
/LFPG.TI2/046LFPGAD3A5
-------------------------------------------------------[2024-07-13 05:34:31.358]

SOURCE: AIR
RX_ID: 152, Freq: 131.825MHz
Mode: 2 NACKLabel: 1L Block ID: 4, Msg No: M77A
Flight ID: LH0501 REG: D-AIGT


Message content:-
00060209237P44376E00AO:8+VQ,8BI7IY2SV(VKHUUWDEHUOYE6BE*)T6:4V
-------------------------------------------------------[2024-07-13 05:41:42.466]

SOURCE: AIR
RX_ID: 153, Freq: 131.825MHz
Mode: 2 NACKLabel: H1 Block ID: 6, Msg No: D22A
Flight ID: AA0720 REG: N797AN


Message content:-
#DFBTRP KCLT LIRF 07  8 176   4  0 060426
 45.6281   0.2374409954128804860.0070.004 55.63 -97.38 39200-46 179OFF
 45.5728   0.8695410024122404860.0050.003 53.38-104.06 38520-47 179OFF
 45.5145   1.4948410004
-------------------------------------------------------[2024-07-13 06:16:29.806]

SOURCE: AIR
RX_ID: 154, Freq: 131.825MHz
Mode: 2 NACKLabel: H1 Block ID: 7, Msg No: D22B
Flight ID: AA0720 REG: N797AN


Message content:-
#DFB116004820.0070.003 55.50-106.87 37920-48 179OFF
 45.4527   2.1162409994109604840.0050.003 55.88-113.20 37240-47 179OFF
 45.3818   2.7337410014103204830.0040.002 53.88-108.28 36600-48 179OFF
-------------------------------------------------------[2024-07-13 06:16:35.953]

SOURCE: AIR
RX_ID: 155, Freq: 131.825MHz
Mode: 2 NACKLabel: H1 Block ID: 8, Msg No: F91A
Flight ID: AA0720 REG: N797AN


Message content:-
#M1BPOSN44331E005094,BEP-13,061734,410,RETNO,062008,KOLON,M49,25268,338597D
-------------------------------------------------------[2024-07-13 06:17:36.993]

SOURCE: AIR
RX_ID: 156, Freq: 131.825MHz
Mode: 2 NACKLabel: 5Z Block ID: 9, Msg No: M11A
Flight ID: AA0720 REG: N797AN


Message content:-
OS LIRF /ALT00000716
-------------------------------------------------------[2024-07-13 06:18:53.975]

SOURCE: AIR
RX_ID: 157, Freq: 131.825MHz
Mode: 2 NACKLabel: H1 Block ID: 2, Msg No: F92A
Flight ID: AA0720 REG: N797AN


Message content:-
#M1BPOSN44222E005371,RET-14,062009,410,KOL-15,062807,RAP-16,M49,24970,332C019
-------------------------------------------------------[2024-07-13 06:20:12.021]

SOURCE: AIR
RX_ID: 158, Freq: 131.825MHz
Mode: 2 NACKLabel: 5U Block ID: 3, Msg No: M12A
Flight ID: AA0720 REG: N797AN


Message content:-
OS LIRF /WXRLIRF,LIRA
-------------------------------------------------------[2024-07-13 06:24:09.815]

SOURCE: AIR
RX_ID: 159, Freq: 131.825MHz
Mode: 2 NACKLabel: H1 Block ID: 6, Msg No: D23A
Flight ID: AA0720 REG: N797AN


Message content:-
#DFBTRP KCLT LIRF 07  8 177   4  0 061926
 45.2221   3.3077409954096404800.0050.003 63.50-108.98 35960-48 179OFF
 45.0330   3.8612409984090004810.0040.002 61.63-106.52 35320-49 179OFF
 44.8386   4.4120409984
-------------------------------------------------------[2024-07-13 06:31:31.565]

SOURCE: AIR
RX_ID: 160, Freq: 131.725MHz
Mode: X NACKLabel: H1 Block ID: 4, Msg No: D70A
Flight ID: KL0592 REG: PH-BVI


Message content:-
#DFB(POS-KLM592  -4329N00656E/063927 F360
RMK/FUEL  16.1 M0.83)
-------------------------------------------------------[2024-07-13 06:39:29.778]

SOURCE: AIR
RX_ID: 161, Freq: 131.725MHz
Mode: E NACKLabel: 44 Block ID: 8, Msg No: M37A
Flight ID: GS0000 REG: FHJMA


Message content:-
07*?X.0)Em04<D]..<4UU)444) ]$-) 6-r).M;0).U<;).M;0)..0+<
-------------------------------------------------------[2024-07-13 06:51:37.227]

SOURCE: AIR
RX_ID: 162, Freq: 131.825MHz
Mode: 2 NACKLabel: H1 Block ID: 8, Msg No: C01A
Flight ID: EC96ZF REG: OE-LKM


Message content:-
#CFBWRN/WN24071307200046200006DATALINK ATC FAULT      
-------------------------------------------------------[2024-07-13 07:21:02.616]

SOURCE: AIR
RX_ID: 163, Freq: 131.825MHz
Mode: 2 NACKLabel: H1 Block ID: 0, Msg No: C02A
Flight ID: EC96ZF REG: OE-LKM


Message content:-
#CFBWRN/WN24071307200046200006DATALINK COMPANY FAULT  
-------------------------------------------------------[2024-07-13 07:21:09.162]

SOURCE: AIR
RX_ID: 164, Freq: 131.825MHz
Mode: 2 NACKLabel: H1 Block ID: 2, Msg No: F21A
Flight ID: EC96ZF REG: OE-LKM


Message content:-
#M1BPOSN43227E005372,N43338E005594,072107,390,PADKO,072336,VATIR,M52,24574,101C425
-------------------------------------------------------[2024-07-13 07:21:15.123]

SOURCE: AIR
RX_ID: 165, Freq: 131.850MHz
Mode: 2 NACKLabel: H1 Block ID: 3, Msg No: F22A
Flight ID: EC96ZF REG: OE-LKM


Message content:-
#M1BPRG/DTLEPA,06L,72,081413/PR1307,312,390,101,,0,5,,,60,,,P25,M5,38950,,1206,316/RP:DA:LIMC:AA:LEPA..PADKO.UY38..VATIR.N852..VERSO:A:LUNI3M:AP:ILSZ06L.MJV(06L)994B
-------------------------------------------------------[2024-07-13 07:21:21.451]

SOURCE: AIR
RX_ID: 166, Freq: 131.825MHz
Mode: 2 NACKLabel: 8D Block ID: 4, Msg No: M21A
Flight ID: EC96ZF REG: OE-LKM


Message content:-
0007,82,----,---,----,---,0007,0814,LIMC,LEPA





-------------------------------------------------------[2024-07-13 07:21:29.643]

SOURCE: AIR
RX_ID: 167, Freq: 131.825MHz
Mode: 2 NACKLabel: 16 Block ID: 9, Msg No: M13A
Flight ID: 6Y023M REG: 9H-ETA


Message content:-
074106,39002,0829, 100,N 44.366 E  5.602
-------------------------------------------------------[2024-07-13 07:41:08.093]

SOURCE: AIR
RX_ID: 168, Freq: 131.825MHz
Mode: 2 NACKLabel: B9 Block ID: 0, Msg No: M14A
Flight ID: 6Y023M REG: 9H-ETA


Message content:-
/LIEO.TI2/024LIEOA0C14
-------------------------------------------------------[2024-07-13 07:41:34.279]

SOURCE: AIR
RX_ID: 169, Freq: 131.725MHz
Mode: E NACKLabel: 16 Block ID: 8, Msg No: M05A
Flight ID: UO9191 REG: B-KKG


Message content:-
081046,39017,1519, 164,N 43.212 E  6.376
-------------------------------------------------------[2024-07-13 08:10:48.410]

SOURCE: AIR
RX_ID: 170, Freq: 131.725MHz
Mode: G NACKLabel: 16 Block ID: 2, Msg No: M37A
Flight ID: P47578 REG: 5N-BWI


Message content:-
POSA1N44081E  4715,MTL    ,081257,379,MTL-12 ,081904,,-52, 76, 174,830
-------------------------------------------------------[2024-07-13 08:15:43.323]

SOURCE: AIR
RX_ID: 171, Freq: 131.725MHz
Mode: G NACKLabel: H1 Block ID: 0, Msg No: D43A
Flight ID: KL0104 REG: PH-BVF


Message content:-
#DFB(POS-KLM104  -4420N00455E/092000 F360
RMK/FUEL  17.4 M0.86)
-------------------------------------------------------[2024-07-13 09:20:03.275]

SOURCE: AIR
RX_ID: 172, Freq: 131.725MHz
Mode: G NACKLabel: H1 Block ID: 0, Msg No: D43A
Flight ID: KL0104 REG: PH-BVF


Message content:-
#DFB(POS-KLM104  -4420N00455E/092000 F360
RMK/FUEL  17.4 M0.86)
-------------------------------------------------------[2024-07-13 09:20:15.748]

SOURCE: AIR
RX_ID: 173, Freq: 131.725MHz
Mode: G NACKLabel: 81 Block ID: 1, Msg No: M26A
Flight ID: KL0104 REG: PH-BVF


Message content:-
ATM07M13092300KLM104  FACTEHAM
CPT-AMS.02
GOODMORNING
VOOR DE NADERING BLIJFT 
LANDINGSBAAN IN GEBRUIK 
18R...QMK
EN WAAR PARKEREN WIJ 
..QMK
GRT CREW.598

-------------------------------------------------------[2024-07-13 09:23:23.763]

SOURCE: AIR
RX_ID: 174, Freq: 131.725MHz
Mode: G NACKLabel: 81 Block ID: 1, Msg No: M26A
Flight ID: KL0104 REG: PH-BVF


Message content:-
ATM07M13092300KLM104  FACTEHAM
CPT-AMS.02
GOODMORNING
VOOR DE NADERING BLIJFT 
LANDINGSBAAN IN GEBRUIK 
18R...QMK
EN WAAR PARKEREN WIJ 
..QMK
GRT CREW.598

-------------------------------------------------------[2024-07-13 09:23:37.694]

SOURCE: AIR
RX_ID: 175, Freq: 131.725MHz
Mode: 2 NACKLabel: 16 Block ID: 3, Msg No: M23A
Flight ID: TS0308 REG: C-GPTS


Message content:-
092606,40999,1025, 219,N 45.289,E  5.899
-------------------------------------------------------[2024-07-13 09:26:12.729]

SOURCE: AIR
RX_ID: 176, Freq: 131.825MHz
Mode: 2 NACKLabel: H1 Block ID: 8, Msg No: F20A
Flight ID: AA0290 REG: N773AN


Message content:-
#M2BPOSN44256E005401,RET-11,092825,390,KOL-12,093633,RAP-13,M50,24567,353492E
-------------------------------------------------------[2024-07-13 09:28:28.295]

SOURCE: AIR
RX_ID: 177, Freq: 131.725MHz
Mode: E NACKLabel: H1 Block ID: 0, Msg No: F08A
Flight ID: CC2616 REG: TF-AMU


Message content:-
#M1BPOSN44358E005413,,092928,330,RETNO,093116,DOTIG,M46,24366,1886,84,3F81
-------------------------------------------------------[2024-07-13 09:29:32.623]

SOURCE: AIR
RX_ID: 178, Freq: 131.825MHz
Mode: 2 NACKLabel: H1 Block ID: 9, Msg No: D50A
Flight ID: AA0290 REG: N773AN


Message content:-
#DFBTRP KDFW LIRF 07  8 246   3  0 091915
 45.5675   1.5875389964198804840.0090.005 61.00-104.06 39880-46 197OFF
 45.4558   2.2028390034192004810.0100.005 70.75-104.41 39200-47 197OFF
 45.3021   2.8005390034
-------------------------------------------------------[2024-07-13 09:31:18.900]

SOURCE: AIR
RX_ID: 179, Freq: 131.825MHz
Mode: 2 NACKLabel: H1 Block ID: 0, Msg No: D50B
Flight ID: AA0290 REG: N773AN


Message content:-
#DFB185604840.0100.004 71.62-106.52 38560-48 197OFF
 45.1449   3.3946389974179204870.0070.004 68.75-108.98 37920-48 197OFF
 44.9861   3.9829390044172804840.0070.003 70.12-109.69 37280-48 197OFF
-------------------------------------------------------[2024-07-13 09:31:25.850]

SOURCE: AIR
RX_ID: 180, Freq: 131.825MHz
Mode: 2 NACKLabel: H1 Block ID: 1, Msg No: F21A
Flight ID: AA0290 REG: N773AN


Message content:-
#M2BPOSN43477E007013,KOL-12,093636,390,RAP-13,094720,RAT-14,M51,23776,336246A
-------------------------------------------------------[2024-07-13 09:36:39.013]

SOURCE: AIR
RX_ID: 181, Freq: 131.725MHz
Mode: X NACKLabel: 4H Block ID: 7, Msg No: M24A
Flight ID: DL0025 REG: N826MH


Message content:-
13094H LFMN KATL6
  
WPR RESET





-------------------------------------------------------[2024-07-13 09:46:44.384]

SOURCE: AIR
RX_ID: 182, Freq: 131.725MHz
Mode: E NACKLabel: 2Z Block ID: 7, Msg No: M45A
Flight ID: AF7551 REG: F-GRHF


Message content:-
LFMN
-------------------------------------------------------[2024-07-13 09:47:04.059]

SOURCE: AIR
RX_ID: 183, Freq: 131.725MHz
Mode: E NACKLabel: 2F Block ID: 8, Msg No: M46A
Flight ID: AF7551 REG: F-GRHF


Message content:-
0947+4407+561/2639
-------------------------------------------------------[2024-07-13 09:47:34.999]

SOURCE: AIR
RX_ID: 184, Freq: 131.725MHz
Mode: X NACKLabel: H1 Block ID: 5, Msg No: F98A
Flight ID: DL0024 REG: N830MH


Message content:-
#M1BPOSN44296E005043,NISAR,095125,330,XIRBI,095246,DOTIG,M46,24170,301,800F6A5
-------------------------------------------------------[2024-07-13 09:51:27.851]

SOURCE: AIR
RX_ID: 185, Freq: 131.725MHz
Mode: X NACKLabel: H1 Block ID: 0, Msg No: F44A
Flight ID: DL0025 REG: N826MH


Message content:-
#M1BPOSN44335E005378,KOT04,095146,283,ETREK,095915,NOQAS,M33,24561,1302,7942270
-------------------------------------------------------[2024-07-13 09:51:48.331]

SOURCE: AIR
RX_ID: 186, Freq: 131.725MHz
Mode: X NACKLabel: H1 Block ID: 0, Msg No: F44A
Flight ID: DL0025 REG: N826MH


Message content:-
#M1BPOSN44335E005378,KOT04,095146,283,ETREK,095915,NOQAS,M33,24561,1302,7942270
-------------------------------------------------------[2024-07-13 09:51:59.997]

SOURCE: AIR
RX_ID: 187, Freq: 131.725MHz
Mode: E NACKLabel: 26 Block ID: 9, Msg No: M47A
Flight ID: AF7551 REG: F-GRHF


Message content:-
0954EGLLAF7551/131009LFMN22R
-------------------------------------------------------[2024-07-13 09:54:04.122]

SOURCE: AIR
RX_ID: 188, Freq: 131.725MHz
Mode: X NACKLabel: H1 Block ID: 1, Msg No: D57A
Flight ID: DL0025 REG: N826MH


Message content:-
#DFB239N1802 0025071324095450795 4490   524300 -8-37242 66XX-223127600
 302 44700623027500B0NXWLFMNKATL
-------------------------------------------------------[2024-07-13 09:55:08.816]

SOURCE: AIR
RX_ID: 189, Freq: 131.725MHz
Mode: X NACKLabel: H1 Block ID: 6, Msg No: D46A
Flight ID: DL0024 REG: N830MH


Message content:-
#DFB239N1806 0024071324095532670 4418   558287-13-34245 63XX-223 28920
 257 4130028149430030GMYKATLLFMN
-------------------------------------------------------[2024-07-13 09:55:51.204]

SOURCE: AIR
RX_ID: 190, Freq: 131.725MHz
Mode: E NACKLabel: H1 Block ID: 1, Msg No: F07C
Flight ID: KL0591 REG: PH-BVA


Message content:-
#M1BI.APMET.RUDAS.ORKAN.AVAGO.JSV10.JSI12.JSI77.RW03L.JSV/DQ3703358
-------------------------------------------------------[2024-07-13 09:58:08.244]

SOURCE: AIR
RX_ID: 191, Freq: 131.725MHz
Mode: X NACKLabel: H1 Block ID: 7, Msg No: D47A
Flight ID: DL0024 REG: N830MH


Message content:-
#DFBENGINE BLEED REPORT

AID:N1806  DA:13/07    GMT:10:01    FNO:2633      ISFC: 2304
TAT:  34  SAT:-110   ALT: 18396   MACH:0529    FCNT:  159
GW:315160  FLT:0024-1  MODE:DESC    SID:AK-67-223
S/N L:70700
-------------------------------------------------------[2024-07-13 10:01:22.990]

SOURCE: AIR
RX_ID: 192, Freq: 131.725MHz
Mode: X NACKLabel: H1 Block ID: 8, Msg No: D47B
Flight ID: DL0024 REG: N830MH


Message content:-
#DFB0         DEPART:KATL    DESTIN:LFMN
S/N R:707000

               ENG L     ENG R
HPSOV          OPN       OPN
PRV            OPN       OPN
PRSOV          OPN       OPN
FAV %            -281      067
-------------------------------------------------------[2024-07-13 10:01:26.907]

SOURCE: AIR
RX_ID: 193, Freq: 131.725MHz
Mode: X NACKLabel: H1 Block ID: 9, Msg No: D47C
Flight ID: DL0024 REG: N830MH


Message content:-
#DFB
N1 SPD          3800     3775
HI STG PRESS    4050     4000
INTERM PRESS1    2242     3066
INTERM PRESS2    3008     3000
STRUT OVHT     NRML      NRML
DUCT PRESS       2275     2275
P-COOL TEMP    
-------------------------------------------------------[2024-07-13 10:01:33.446]

SOURCE: AIR
RX_ID: 194, Freq: 131.725MHz
Mode: X NACKLabel: H1 Block ID: 0, Msg No: D47D
Flight ID: DL0024 REG: N830MH


Message content:-
#DFB35506    35444
PACK HX TEMP    32184    31756
PACK FLOW       11339    10472
WING ANTI ICE  OFF
LT  ISO VLV    CLS
RT  ISO VLV    CLS
CTR ISO VLV    OPN

TRIGGER CODE   0000

STATUS WORDS  DW1  DW
-------------------------------------------------------[2024-07-13 10:01:36.924]

SOURCE: AIR
RX_ID: 195, Freq: 131.725MHz
Mode: X NACKLabel: H1 Block ID: 0, Msg No: D47D
Flight ID: DL0024 REG: N830MH


Message content:-
#DFB35506    35444
PACK HX TEMP    32184    31756
PACK FLOW       11339    10472
WING ANTI ICE  OFF
LT  ISO VLV    CLS
RT  ISO VLV    CLS
CTR ISO VLV    OPN

TRIGGER CODE   0000

STATUS WORDS  DW1  DW
-------------------------------------------------------[2024-07-13 10:01:46.136]

SOURCE: AIR
RX_ID: 196, Freq: 131.725MHz
Mode: X NACKLabel: H1 Block ID: 1, Msg No: D47E
Flight ID: DL0024 REG: N830MH


Message content:-
#DFB2  DW3  DW4  DW5  DW6  DW7  DW8  EICAS
LEFT          0000 0001 0000 0000 0000 0000 1040 8000 0000
RIGHT         0000 0001 0000 0000 0000 0000 1040 8000 8000

-------------------------------------------------------[2024-07-13 10:01:49.830]

SOURCE: AIR
RX_ID: 197, Freq: 131.725MHz
Mode: G NACKLabel: H1 Block ID: 4, Msg No: D02D
Flight ID: TS0434 REG: C-GUBC


Message content:-
#DFB,047.4,0.35,0.07,0.35,053,0.52,N10.8
0456,0392
0452,0390
:

-------------------------------------------------------[2024-07-13 10:16:18.418]

SOURCE: AIR
RX_ID: 198, Freq: 131.725MHz
Mode: G NACKLabel: H1 Block ID: 6, Msg No: D03B
Flight ID: TS0434 REG: C-GUBC


Message content:-
#DFB73,11905,00204,00443,10016,00000,00402,16066,081
041572,01173,13440,00204,00443,10016,00000,00402,16066,081
1.463,1.462,079.85,087.8,089.2,0663,05.895,02477,06.83
1.463,1.462,079.58,087.4,088.9,0653,05.8
-------------------------------------------------------[2024-07-13 10:16:25.985]

SOURCE: AIR
RX_ID: 199, Freq: 131.725MHz
Mode: G NACKLabel: H1 Block ID: 9, Msg No: D03E
Flight ID: TS0434 REG: C-GUBC


Message content:-
#DFB0.1,N00.2,N00.1,N00.1,N00.1,000.0,000.0,0123.6
N00.1,N00.1,N00.2,N00.0,N00.1,N00.1,000.0,000.0,0123.5
N00.1,001.0,040,N057,0.833
N00.5,000.9,038,N058,0.834
:

-------------------------------------------------------[2024-07-13 10:16:37.249]

SOURCE: AIR
RX_ID: 200, Freq: 131.725MHz
Mode: G NACKLabel: H1 Block ID: 6, Msg No: D04G
Flight ID: TS0434 REG: C-GUBC


Message content:-
#DFB0,0.52,N05.3
0.33,0.02,0.52,129,0.63,N05.7
1.339,026.3,01349,0.259,2,20
1.428,015.6,10028,0.451,2,20
1.449,010.5,20020,0.648,2,20
1.470,003.7,25005,0.712,2,20
:

-------------------------------------------------------[2024-07-13 10:17:03.653]

SOURCE: AIR
RX_ID: 201, Freq: 131.725MHz
Mode: G NACKLabel: 16 Block ID: 7, Msg No: M44A
Flight ID: TS0434 REG: C-GUBC


Message content:-
101854,7514,1027, 148,N 43.421,E  5.214
-------------------------------------------------------[2024-07-13 10:18:57.137]

SOURCE: AIR
RX_ID: 202, Freq: 131.725MHz
Mode: 2 NACKLabel: H1 Block ID: 9, Msg No: F48A
Flight ID: XA0000 REG: 9HLXX


Message content:-
#M1B/ARINCXA.RESREQ/AK,115/TS103456,130724/GAARINCXA
-------------------------------------------------------[2024-07-13 10:34:54.765]

SOURCE: AIR
RX_ID: 203, Freq: 131.525MHz
Mode: T NACKLabel: 2F Block ID: 9, Msg No: M59A
Flight ID: AF7334 REG: F-GMZC


Message content:-
1039+4459+474/2546
-------------------------------------------------------[2024-07-13 10:39:54.212]

SOURCE: AIR
RX_ID: 204, Freq: 131.725MHz
Mode: G NACKLabel: H1 Block ID: 6, Msg No: D60A
Flight ID: KL0537 REG: PH-AOF


Message content:-
#DFB(POS-KLM537  -4341N00538E/104128 F370
RMK/FUEL  48.0 M0.83)
-------------------------------------------------------[2024-07-13 10:41:43.562]

SOURCE: AIR
RX_ID: 205, Freq: 131.725MHz
Mode: 2 NACKLabel: SA Block ID: 1, Msg No: S88A
Flight ID: AF7334 REG: F-GMZC


Message content:-
0EV104424V
-------------------------------------------------------[2024-07-13 10:44:29.054]

SOURCE: AIR
RX_ID: 206, Freq: 131.725MHz
Mode: G NACKLabel: 26 Block ID: 4, Msg No: M60A
Flight ID: AF7334 REG: F-GMZC


Message content:-
1044LFPGAF7334/131057LFML31R
-------------------------------------------------------[2024-07-13 10:44:51.145]

SOURCE: AIR
RX_ID: 207, Freq: 131.725MHz
Mode: 2 NACKLabel: H1 Block ID: 2, Msg No: F54A
Flight ID: XA0000 REG: 9HLXX


Message content:-
#M1B/ARINCXA.RESREQ/AK,115/TS104528,130724/GAARINCXA
-------------------------------------------------------[2024-07-13 10:45:27.202]

SOURCE: AIR
RX_ID: 208, Freq: 131.725MHz
Mode: 2 NACKLabel: H1 Block ID: 3, Msg No: F55A
Flight ID: XA0000 REG: 9HLXX


Message content:-
#M1B/ARINCXA.POS/TS104528,130724/GAARINCXAN43141E004510,,104528,410,IPROM,110828,TEKSA,M50,25164,81,830A851
-------------------------------------------------------[2024-07-13 10:45:31.298]

SOURCE: AIR
RX_ID: 209, Freq: 131.725MHz
Mode: G NACKLabel: H1 Block ID: 5, Msg No: D42A
Flight ID: AF7334 REG: F-GMZC


Message content:-
#DFBA01/A32101,1,1/CCF-GMZC,JUL13,102546,LFPG,LFML,0061/C106,69513,5000,54,0010,0,0100,54,X/CEN102,29014,290,752,7322,247,C53025/EC699257,00802,06865,00802,71,18/EE575645,00802,09287,00802,71/N10859,0859,0950,6
-------------------------------------------------------[2024-07-13 10:48:41.982]

SOURCE: AIR
RX_ID: 210, Freq: 131.725MHz
Mode: G NACKLabel: H1 Block ID: 6, Msg No: D42B
Flight ID: AF7334 REG: F-GMZC


Message content:-
#DFB376,1566,XXXXX/N20859,0859,0948,6297,1534,XXXXX/S1XXXXX,0832,1560,4473,XXXX,030,001/S2XXXXX,0799,1550,4495,XXXX,027,001/T1094,087,024,43,091,06754,0221/T2095,086,018,44,085,06691,0220/V102,04,246,101,02,00,
-------------------------------------------------------[2024-07-13 10:48:46.078]

SOURCE: AIR
RX_ID: 211, Freq: 131.725MHz
Mode: G NACKLabel: H1 Block ID: 6, Msg No: D42B
Flight ID: AF7334 REG: F-GMZC


Message content:-
#DFB376,1566,XXXXX/N20859,0859,0948,6297,1534,XXXXX/S1XXXXX,0832,1560,4473,XXXX,030,001/S2XXXXX,0799,1550,4495,XXXX,027,001/T1094,087,024,43,091,06754,0221/T2095,086,018,44,085,06691,0220/V102,04,246,101,02,00,
-------------------------------------------------------[2024-07-13 10:48:57.744]

SOURCE: AIR
RX_ID: 212, Freq: 131.825MHz
Mode: 2 NACKLabel: 5U Block ID: 5, Msg No: M26A
Flight ID: 6YTOM2 REG: 9H-ETA


Message content:-
LFLL LFPG EGNX EGCC-SA
-------------------------------------------------------[2024-07-13 10:48:59.794]

SOURCE: AIR
RX_ID: 213, Freq: 131.725MHz
Mode: G NACKLabel: H1 Block ID: 7, Msg No: D42C
Flight ID: AF7334 REG: F-GMZC


Message content:-
#DFB00000/V206,06,153,192,04,00,00000/V3XX,XX,XXX,XXX,XXXX/V4XX,XX,XXX,XXX,XXXX/V500,03,288,089,0915/V606,02,119,194,0915/V7046,083,00061,22222222222111/V8045,083,00061,22222222222111,/
-------------------------------------------------------[2024-07-13 10:49:02.023]

SOURCE: AIR
RX_ID: 214, Freq: 131.725MHz
Mode: G NACKLabel: H1 Block ID: 8, Msg No: D43A
Flight ID: AF7334 REG: F-GMZC


Message content:-
#DFBA02/A32102,1,1/CCF-GMZC,JUL13,102244,LFPG,LFML,0061/C106,69601,5000,54,0010,0,0100,54,X/CEN116,28999,288,748,7343,247,C53025/CNN115,29004,288,748,7343,247/EC699257,00802,06865,00802,73,35,19/EE575645,00802,
-------------------------------------------------------[2024-07-13 10:49:29.671]

SOURCE: AIR
RX_ID: 215, Freq: 131.725MHz
Mode: G NACKLabel: H1 Block ID: 9, Msg No: D43B
Flight ID: AF7334 REG: F-GMZC


Message content:-
#DFB09287,00802,73/N10852,0853,0946,6258,1523,XXXXX/N20852,0853,0944,6188,1492,XXXXX/S1XXXXX,0809,1534,4408,XXXX,031,001/S2XXXXX,0777,1525,4432,XXXX,028,001/T1096,087,025,43,091,06750,0221/T2098,086,017,44,084,
-------------------------------------------------------[2024-07-13 10:49:33.184]

SOURCE: AIR
RX_ID: 216, Freq: 131.725MHz
Mode: G NACKLabel: H1 Block ID: 0, Msg No: D43C
Flight ID: AF7334 REG: F-GMZC


Message content:-
#DFB06685,0220/V103,04,256,097,02,00,00000/V206,06,153,201,04,00,00000/V3XX,XX,XXX,XXX,XXXX/V4XX,XX,XXX,XXX,XXXX/V500,03,288,089,0915/V606,02,119,194,0915/V7045,084,00061,22222222222111/V8044,085,00061,22222222
-------------------------------------------------------[2024-07-13 10:49:37.059]

SOURCE: AIR
RX_ID: 217, Freq: 131.725MHz
Mode: G NACKLabel: H1 Block ID: 1, Msg No: D43D
Flight ID: AF7334 REG: F-GMZC


Message content:-
#DFB222111/X102706,N001,0018,N005,00003,N008/X202795,N001,0017,N005,00002,N008/X3N007,N002,N007,N012,N005,N007,N000/X4N002,N002,N000,N000,0000,0000/X50000,N000,N001,0000,0000,0000/X61726,E0033,N462,074,245,0165
-------------------------------------------------------[2024-07-13 10:49:41.775]

SOURCE: AIR
RX_ID: 218, Freq: 131.725MHz
Mode: G NACKLabel: H1 Block ID: 2, Msg No: D43E
Flight ID: AF7334 REG: F-GMZC


Message content:-
#DFB,0790/X71725,E0033,N462,075,246,0181,0788,/
-------------------------------------------------------[2024-07-13 10:49:44.628]

SOURCE: AIR
RX_ID: 219, Freq: 131.725MHz
Mode: G NACKLabel: 26 Block ID: 3, Msg No: M61A
Flight ID: AF7334 REG: F-GMZC


Message content:-
1052LFPGAF7334/131057LFML31R
-------------------------------------------------------[2024-07-13 10:52:50.998]

SOURCE: AIR
RX_ID: 220, Freq: 131.725MHz
Mode: G NACKLabel: 2F Block ID: 4, Msg No: M62A
Flight ID: AF7334 REG: F-GMZC


Message content:-
1054+4341+533/0244
-------------------------------------------------------[2024-07-13 10:54:55.524]

SOURCE: AIR
RX_ID: 221, Freq: 131.725MHz
Mode: E NACKLabel: 83 Block ID: 2, Msg No: M04A
Flight ID: GS0001 REG: LXGJM


Message content:-
001PR13111950N4316.3E00539.80782180060
-------------------------------------------------------[2024-07-13 11:19:52.412]

SOURCE: AIR
RX_ID: 222, Freq: 131.725MHz
Mode: E NACKLabel: 16 Block ID: 1, Msg No: M13A
Flight ID: SN029Q REG: OO-SFG


Message content:-
13JUL24,1133,N 44.478,E  3.706,36969,1659,87080
-------------------------------------------------------[2024-07-13 11:33:11.788]

SOURCE: AIR
RX_ID: 223, Freq: 131.525MHz
Mode: T NACKLabel: B9 Block ID: 3, Msg No: L09A
Flight ID: AF9393 REG: F-GRHF


Message content:-
/LFPG.TI2/064LFPGA3806
-------------------------------------------------------[2024-07-13 11:42:34.256]

SOURCE: AIR
RX_ID: 224, Freq: 131.825MHz
Mode: 2 NACKLabel: 15 Block ID: 9, Msg No: M20A
Flight ID: BA0082 REG: G-VIIS


Message content:-
FST01DNAAEGLLN433841E0050857380 144 316 M47C 7724834035050011600013011143
-------------------------------------------------------[2024-07-13 11:43:17.413]

SOURCE: AIR
RX_ID: 225, Freq: 131.825MHz
Mode: 2 NACKLabel: H1 Block ID: 3, Msg No: D06A
Flight ID: AA0721 REG: N797AN


Message content:-
#DFBTRP LIRF KCLT 07  8 182   0  0 113131
 42.6853  10.2017239995757204590.0070.006 35.38-130.78178120-21 393OFF
 42.9217   9.8044239985747604640.0060.005 39.88-126.21177160-21 393OFF
 43.0712   9.3478242015
-------------------------------------------------------[2024-07-13 11:43:35.262]

SOURCE: AIR
RX_ID: 226, Freq: 131.525MHz
Mode: T NACKLabel: 26 Block ID: 6, Msg No: M65A
Flight ID: AF9393 REG: F-GRHF


Message content:-
1145LFMNAF9393/131230LFPG26L
-------------------------------------------------------[2024-07-13 11:45:03.776]

SOURCE: AIR
RX_ID: 227, Freq: 131.825MHz
Mode: 2 NACKLabel: H1 Block ID: 1, Msg No: F74A
Flight ID: BA0082 REG: G-VIIS


Message content:-
#M1BREJREQ,114603,101,,001,/TS114603,1307249AE0
-------------------------------------------------------[2024-07-13 11:46:30.170]

SOURCE: AIR
RX_ID: 228, Freq: 131.825MHz
Mode: 2 NACKLabel: B6 Block ID: 2, Msg No: F75A
Flight ID: BA0082 REG: G-VIIS


Message content:-
/QUKAXBA.ADS.G-VIIS071F3DC01C3509472C4A1D6B1A
-------------------------------------------------------[2024-07-13 11:47:31.212]

SOURCE: AIR
RX_ID: 229, Freq: 131.725MHz
Mode: E NACKLabel: H1 Block ID: 7, Msg No: D15B
Flight ID: SN037K REG: OO-SFC


Message content:-
#DFB.8,32976,0.794,111
C5,041205,09139,05968,01893,00443,10015,00000,00402,0E066,---
C6,041196,06349,34457,01331,00443,10016,00000,00402,16066
N1,1.449,1.455,079.47,088.0,089.2,0654,08.432,03583,09.68
N2,1.
-------------------------------------------------------[2024-07-13 12:00:55.742]

SOURCE: AIR
RX_ID: 230, Freq: 131.825MHz
Mode: 2 NACKLabel: H1 Block ID: 4, Msg No: C00A
Flight ID: VY08VH REG: EC-NGB


Message content:-
#CFBWRN/WN24071312080046200006DATALINK ATC FAULT      
-------------------------------------------------------[2024-07-13 12:08:42.515]

SOURCE: AIR
RX_ID: 231, Freq: 131.825MHz
Mode: 2 NACKLabel: Q0 Block ID: 9, Msg No: M41A
Flight ID: AF4241 REG: F-GZNL


Message content:-
 
-------------------------------------------------------[2024-07-13 12:08:47.852]

SOURCE: AIR
RX_ID: 232, Freq: 131.725MHz
Mode: G NACKLabel: 2T Block ID: 1, Msg No: M78A
Flight ID: AF7335 REG: F-GMZC


Message content:-
4
-------------------------------------------------------[2024-07-13 12:13:10.832]

SOURCE: AIR
RX_ID: 233, Freq: 131.725MHz
Mode: G NACKLabel: H1 Block ID: 6, Msg No: D59B
Flight ID: AF7335 REG: F-GMZC


Message content:-
#DFB---/5C0006,---,N0001,073536,---/C6XXXXX,XXXXX,00109,0275,---/6C0006,---,00128,073518,---/C7XXXXX,0522,00115,0275,---/7C0002,---,00093,073481,---/C84342,0522,00121,0270,---/8C0005,---,00023,073463,---/C9XXXX
-------------------------------------------------------[2024-07-13 12:20:13.158]

SOURCE: AIR
RX_ID: 234, Freq: 131.725MHz
Mode: G NACKLabel: H1 Block ID: 6, Msg No: D59B
Flight ID: AF7335 REG: F-GMZC


Message content:-
#DFB---/5C0006,---,N0001,073536,---/C6XXXXX,XXXXX,00109,0275,---/6C0006,---,00128,073518,---/C7XXXXX,0522,00115,0275,---/7C0002,---,00093,073481,---/C84342,0522,00121,0270,---/8C0005,---,00023,073463,---/C9XXXX
-------------------------------------------------------[2024-07-13 12:20:22.777]

SOURCE: AIR
RX_ID: 235, Freq: 131.725MHz
Mode: G NACKLabel: H1 Block ID: 0, Msg No: D59F
Flight ID: AF7335 REG: F-GMZC


Message content:-
#DFB,03878,0165,320/0E0005,209,N0828,073899,005/N14352,0507,04147,0160,273/1N0013,239,00522,073699,006/N24354,0505,04908,0157,254/2NN007,247,00312,073899,012/N34356,0503,06032,0145,253/3N0004,240,N0223,073881,0
-------------------------------------------------------[2024-07-13 12:20:37.738]

SOURCE: AIR
RX_ID: 236, Freq: 131.725MHz
Mode: G NACKLabel: H1 Block ID: 1, Msg No: D59G
Flight ID: AF7335 REG: F-GMZC


Message content:-
#DFB21/N44357,0500,07097,0112,259/4N0001,237,N0133,073699,023/N54359,0498,08002,0092,262/5N0000,237,N0061,074026,023/N64361,0496,08782,0075,268/6N0000,240,N0008,074062,023/N74362,0493,09634,0060,274/7NN015,240,
-------------------------------------------------------[2024-07-13 12:20:41.654]

SOURCE: AIR
RX_ID: 237, Freq: 131.725MHz
Mode: G NACKLabel: H1 Block ID: 2, Msg No: D59H
Flight ID: AF7335 REG: F-GMZC


Message content:-
#DFBN0058,074062,023/N84364,0491,10503,0047,264/8N0004,236,N0450,073844,020/N94365,0488,11054,0042,236/9N0003,237,N0091,074116,021/N04368,0486,11619,0035,244/0N0194,244,00257,074153,014/S14370,0485,12532,0012,2
-------------------------------------------------------[2024-07-13 12:20:44.911]

SOURCE: AIR
RX_ID: 238, Freq: 131.725MHz
Mode: G NACKLabel: H1 Block ID: 4, Msg No: D59J
Flight ID: AF7335 REG: F-GMZC


Message content:-
#DFB1,15053,N055,237/5SN004,249,N0322,073917,026/S64384,0480,15702,N072,230/6SN002,249,00004,074135,027/S74387,0479,16268,N087,224/7SN002,251,00211,074116,031/S84390,0477,16980,N102,234/8SN003,252,00009,073881,
-------------------------------------------------------[2024-07-13 12:20:52.082]

SOURCE: AIR
RX_ID: 239, Freq: 131.725MHz
Mode: G NACKLabel: H1 Block ID: 5, Msg No: D59K
Flight ID: AF7335 REG: F-GMZC


Message content:-
#DFB035/S94393,0476,17813,N115,245/9SN004,252,N0737,074080,042/S04396,0475,18185,N130,245/0SN002,262,N0062,074062,042/T14400,0474,18467,N137,249/1T0053,276,00052,074044,043/T24403,0472,18734,N145,251/2TN005,287
-------------------------------------------------------[2024-07-13 12:20:55.561]

SOURCE: AIR
RX_ID: 240, Freq: 131.725MHz
Mode: G NACKLabel: H1 Block ID: 6, Msg No: D59L
Flight ID: AF7335 REG: F-GMZC


Message content:-
#DFB,N0035,073790,047/T34406,0471,19002,N155,250/3TN002,296,00061,073989,046/T44410,0470,19484,N165,251/4TN001,298,N0130,073971,048/T54413,0469,19963,N180,248/5TN005,299,00079,073717,050/T64417,0468,20492,N187,
-------------------------------------------------------[2024-07-13 12:20:59.248]

SOURCE: AIR
RX_ID: 241, Freq: 131.725MHz
Mode: G NACKLabel: H1 Block ID: 6, Msg No: D59L
Flight ID: AF7335 REG: F-GMZC


Message content:-
#DFB,N0035,073790,047/T34406,0471,19002,N155,250/3TN002,296,00061,073989,046/T44410,0470,19484,N165,251/4TN001,298,N0130,073971,048/T54413,0469,19963,N180,248/5TN005,299,00079,073717,050/T64417,0468,20492,N187,
-------------------------------------------------------[2024-07-13 12:21:09.894]

SOURCE: AIR
RX_ID: 242, Freq: 131.725MHz
Mode: G NACKLabel: H1 Block ID: 7, Msg No: D59M
Flight ID: AF7335 REG: F-GMZC


Message content:-
#DFB246/6T0007,298,N0201,073917,058/T7XXXXX,0467,20939,N187,246/7TN010,298,N0096,073881,056/T84425,0466,21396,N192,245/8T0000,298,N0234,073862,053/T94429,XXXXX,21828,N200,244/9T0118,298,N0279,073608,056,/
-------------------------------------------------------[2024-07-13 12:21:13.991]

SOURCE: AIR
RX_ID: 243, Freq: 131.725MHz
Mode: G NACKLabel: B9 Block ID: 8, Msg No: L11A
Flight ID: AF7335 REG: F-GMZC


Message content:-
/LFPG.TI2/064LFPGA3806
-------------------------------------------------------[2024-07-13 12:21:16.881]

SOURCE: AIR
RX_ID: 244, Freq: 131.725MHz
Mode: G NACKLabel: 2F Block ID: 2, Msg No: M79A
Flight ID: AF7335 REG: F-GMZC


Message content:-
1222+4469+464/2651
-------------------------------------------------------[2024-07-13 12:22:19.971]

SOURCE: AIR
RX_ID: 245, Freq: 131.725MHz
Mode: 2 NACKLabel: 15 Block ID: 6, Msg No: M05A
Flight ID: GS0001 REG: CESSNA


Message content:-
(2N44520E  4557--- 57409-45(Z
-------------------------------------------------------[2024-07-13 12:31:07.747]

SOURCE: AIR
RX_ID: 246, Freq: 131.725MHz
Mode: 2 NACKLabel: 15 Block ID: 6, Msg No: M05A
Flight ID: GS0001 REG: CESSNA


Message content:-
(2N44520E  4557--- 57409-45(Z
-------------------------------------------------------[2024-07-13 12:31:23.104]

SOURCE: AIR
RX_ID: 247, Freq: 131.725MHz
Mode: X NACKLabel: H1 Block ID: 3, Msg No: A07A
Flight ID: GS003G REG: CSDLB


Message content:-
#M1B/.RESMSG/AK,071/TS124157,1307247BA3
-------------------------------------------------------[2024-07-13 12:42:07.224]

SOURCE: AIR
RX_ID: 248, Freq: 131.725MHz
Mode: X ACK, A2GLabel: H1 Block ID: 3, Msg No: A07A
Flight ID: GS003G REG: CSDLB


Message content:-
#M1B/.RESMSG/AK,071/TS124157,1307247BA3
-------------------------------------------------------[2024-07-13 12:42:09.453]

SOURCE: AIR
RX_ID: 249, Freq: 131.725MHz
Mode: X NACKLabel: H1 Block ID: 5, Msg No: A08A
Flight ID: GS003G REG: CSDLB


Message content:-
#M1B/.RESMSG/AK,071/TS124327,130724B1B8
-------------------------------------------------------[2024-07-13 12:43:34.451]

SOURCE: AIR
RX_ID: 250, Freq: 131.725MHz
Mode: G NACKLabel: 15 Block ID: 9, Msg No: M53A
Flight ID: TS0435 REG: C-GUBC


Message content:-
/FOB REMAINING 13889,/SUPPLIER ,/DENSITY 0787,/LOADED ,/UNITS LT
-------------------------------------------------------[2024-07-13 12:44:34.061]

SOURCE: AIR
RX_ID: 251, Freq: 131.725MHz
Mode: G NACKLabel: H1 Block ID: 1, Msg No: C22A
Flight ID: TS0435 REG: C-GUBC


Message content:-
#CFB.1/FLR/FR2407131244  26133406APU FDU1,,,,,,,FDU APU(13WG),HARD
-------------------------------------------------------[2024-07-13 12:45:41.864]

SOURCE: AIR
RX_ID: 252, Freq: 131.725MHz
Mode: 2 NACKLabel: 15 Block ID: 7, Msg No: M06A
Flight ID: GS0001 REG: CESSNA


Message content:-
(2N43344E  6393--- 43409-48(Z
-------------------------------------------------------[2024-07-13 12:46:03.776]

SOURCE: AIR
RX_ID: 253, Freq: 131.725MHz
Mode: X NACKLabel: 44 Block ID: 7, Msg No: M47A
Flight ID: GS003G REG: CSDLB


Message content:-
07*?X.;)Em00m.]..<<0k);mM)]{ 6) 6-r).M;0);4mD);0.<)0+0%%
-------------------------------------------------------[2024-07-13 12:48:07.860]

SOURCE: AIR
RX_ID: 254, Freq: 131.825MHz
Mode: 2 NACKLabel: SA Block ID: 3, Msg No: S07A
Flight ID: VS412W REG: G-VRAY


Message content:-
0LH125833VS
-------------------------------------------------------[2024-07-13 12:58:34.992]

SOURCE: AIR
RX_ID: 255, Freq: 131.825MHz
Mode: 2 NACKLabel: SA Block ID: 3, Msg No: S07A
Flight ID: VS412W REG: G-VRAY


Message content:-
0LH125833VS
-------------------------------------------------------[2024-07-13 12:58:50.536]

SOURCE: AIR
RX_ID: 256, Freq: 131.825MHz
Mode: 2 NACKLabel: 83 Block ID: 4, Msg No: M09A
Flight ID: GS0001 REG: DCSMC


Message content:-
001PR13130125N4429.5E00616.0260368    
-------------------------------------------------------[2024-07-13 13:01:28.056]

SOURCE: AIR
RX_ID: 257, Freq: 131.825MHz
Mode: 2 NACKLabel: B9 Block ID: 4, Msg No: J89A
Flight ID: VS412W REG: G-VRAY


Message content:-
/LFLL.TI2/000LFLLA757A
-------------------------------------------------------[2024-07-13 13:02:36.448]

SOURCE: AIR
RX_ID: 258, Freq: 131.825MHz
Mode: 2 NACKLabel: SA Block ID: 7, Msg No: S12A
Flight ID: VS412W REG: G-VRAY


Message content:-
0LH130703VS
-------------------------------------------------------[2024-07-13 13:07:05.142]

SOURCE: AIR
RX_ID: 259, Freq: 131.825MHz
Mode: 2 NACKLabel: 30 Block ID: 8, Msg No: M09A
Flight ID: VS412W REG: G-VRAY


Message content:-
N 44.740,E  4.606,
-------------------------------------------------------[2024-07-13 13:09:40.612]

SOURCE: AIR
RX_ID: 260, Freq: 131.850MHz
Mode: 2 NACKLabel: H1 Block ID: 1, Msg No: C07A
Flight ID: EC4920 REG: OE-LKL


Message content:-
#CFBWRN/WN24071313090046200006DATALINK ATC FAULT      
-------------------------------------------------------[2024-07-13 13:09:45.111]

SOURCE: AIR
RX_ID: 261, Freq: 131.825MHz
Mode: 2 NACKLabel: H1 Block ID: 2, Msg No: C08A
Flight ID: EC4920 REG: OE-LKL


Message content:-
#CFBWRN/WN24071313090046200006DATALINK COMPANY FAULT  
-------------------------------------------------------[2024-07-13 13:09:51.438]

SOURCE: AIR
RX_ID: 262, Freq: 131.825MHz
Mode: 2 NACKLabel: 5U Block ID: 3, Msg No: M55A
Flight ID: EC4920 REG: OE-LKL


Message content:-
 TLS  MPL  CCF-SA
-------------------------------------------------------[2024-07-13 13:10:00.070]

SOURCE: AIR
RX_ID: 263, Freq: 131.725MHz
Mode: X NACKLabel: B9 Block ID: 3, Msg No: J16A
Flight ID: QA0004 REG: A7-AAG


Message content:-
/EGLL.TI2/000EGLLAABB2
-------------------------------------------------------[2024-07-13 13:41:38.397]

SOURCE: AIR
RX_ID: 264, Freq: 131.725MHz
Mode: X NACKLabel: 26 Block ID: 7, Msg No: M46A
Flight ID: QA0004 REG: A7-AAG


Message content:-
000462-1251YEISA0A66BN33YEO0KACAA/B/PWYIESAQQ16/YK7AAAPWQ333YIH4A(((((((YUOJAN3WYCSIAN13Q
-------------------------------------------------------[2024-07-13 13:42:17.312]

SOURCE: AIR
RX_ID: 265, Freq: 131.725MHz
Mode: X NACKLabel: 26 Block ID: 9, Msg No: M47A
Flight ID: QA0004 REG: A7-AAG


Message content:-
000472-1293-HGBKOK  CL7J-HRO(K.KKJC JW-GHBKM J30-(9KKK  LM07-GF6KAAAAAAA-8RSK27W-.BGK207M
-------------------------------------------------------[2024-07-13 13:44:22.243]

SOURCE: AIR
RX_ID: 266, Freq: 131.850MHz
Mode: 2 NACKLabel: SA Block ID: 5, Msg No: S94A
Flight ID: FR09VQ REG: 9H-QEG


Message content:-
0EV151029V/
-------------------------------------------------------[2024-07-13 15:10:31.435]

SOURCE: AIR
RX_ID: 267, Freq: 131.725MHz
Mode: X NACKLabel: 44 Block ID: 6, Msg No: M76A
Flight ID: GS003G REG: CSDLB


Message content:-
07*?X.;)Emm4UU]..U;M;)004) 6-r)]{ 6).M;0);<;4);U0m)D+;%%
-------------------------------------------------------[2024-07-13 15:12:07.918]

SOURCE: AIR
RX_ID: 268, Freq: 131.725MHz
Mode: X NACKLabel: 44 Block ID: 7, Msg No: M77A
Flight ID: GS003G REG: CSDLB


Message content:-
08msWL}Zq``vLc=LLvvKcZ}ctZP\x7Z=yP\ZLKY}ZYvYaZYa}}ZLLK[t
-------------------------------------------------------[2024-07-13 15:16:14.699]

SOURCE: AIR
RX_ID: 269, Freq: 131.725MHz
Mode: E NACKLabel: SA Block ID: 3, Msg No: S07A
Flight ID: GR0000 REG: OEFXY


Message content:-
0EV152253V/
-------------------------------------------------------[2024-07-13 15:27:04.951]

SOURCE: AIR
RX_ID: 270, Freq: 131.725MHz
Mode: E NACKLabel: SA Block ID: 3, Msg No: S07A
Flight ID: GR0000 REG: OEFXY


Message content:-
0EV152253V/
-------------------------------------------------------[2024-07-13 15:27:13.947]

SOURCE: AIR
RX_ID: 271, Freq: 131.725MHz
Mode: E NACKLabel: SA Block ID: 3, Msg No: S07A
Flight ID: GR0000 REG: OEFXY


Message content:-
0EV152253V/
-------------------------------------------------------[2024-07-13 15:27:26.017]

SOURCE: AIR
RX_ID: 272, Freq: 131.725MHz
Mode: 2 NACKLabel: 15 Block ID: 6, Msg No: M05A
Flight ID: GS0001 REG: CSDXN


Message content:-
(2N43350E  7242--- 78400-47(Z
-------------------------------------------------------[2024-07-13 15:42:17.121]

SOURCE: AIR
RX_ID: 273, Freq: 131.725MHz
Mode: E NACKLabel: SA Block ID: 8, Msg No: S36A
Flight ID: D85372 REG: SE-RXD


Message content:-
0EV160118V/
-------------------------------------------------------[2024-07-13 16:01:19.296]

SOURCE: AIR
RX_ID: 274, Freq: 131.725MHz
Mode: 2 NACKLabel: SA Block ID: 9, Msg No: S27A
Flight ID: GR0000 REG: OEGTA


Message content:-
0EV174654V/
-------------------------------------------------------[2024-07-13 17:51:25.007]

SOURCE: AIR
RX_ID: 275, Freq: 131.725MHz
Mode: X NACKLabel: SA Block ID: 1, Msg No: S27A
Flight ID: GR0000 REG: OEGTA


Message content:-
0EV174654V/
-------------------------------------------------------[2024-07-13 17:51:44.861]

SOURCE: AIR
RX_ID: 276, Freq: 131.725MHz
Mode: X NACKLabel: SA Block ID: 1, Msg No: S27A
Flight ID: GR0000 REG: OEGTA


Message content:-
0EV174654V/
-------------------------------------------------------[2024-07-13 17:51:52.834]

SOURCE: AIR
RX_ID: 277, Freq: 131.725MHz
Mode: G NACKLabel: SA Block ID: 2, Msg No: S27A
Flight ID: GR0000 REG: OEGTA


Message content:-
0EV174654V/
-------------------------------------------------------[2024-07-13 17:52:00.842]

SOURCE: AIR
RX_ID: 278, Freq: 131.725MHz
Mode: G NACKLabel: SA Block ID: 2, Msg No: S27A
Flight ID: GR0000 REG: OEGTA


Message content:-
0EV174654V/
-------------------------------------------------------[2024-07-13 17:52:17.812]

SOURCE: AIR
RX_ID: 279, Freq: 131.725MHz
Mode: 2 NACKLabel: SA Block ID: 4, Msg No: S27A
Flight ID: GR0000 REG: OEGTA


Message content:-
0EV174654V/
-------------------------------------------------------[2024-07-13 17:52:51.825]

SOURCE: AIR
RX_ID: 280, Freq: 131.725MHz
Mode: G NACKLabel: SA Block ID: 8, Msg No: S27A
Flight ID: GR0000 REG: OEGTA


Message content:-
0EV174654V/
-------------------------------------------------------[2024-07-13 17:53:28.285]

SOURCE: AIR
RX_ID: 281, Freq: 131.725MHz
Mode: G NACKLabel: SA Block ID: 1, Msg No: S27A
Flight ID: GR0000 REG: OEGTA


Message content:-
0EV174654V/
-------------------------------------------------------[2024-07-13 17:54:07.199]

SOURCE: AIR
RX_ID: 282, Freq: 131.725MHz
Mode: X NACKLabel: SA Block ID: 2, Msg No: S27A
Flight ID: GR0000 REG: OEGTA


Message content:-
0EV174654V/
-------------------------------------------------------[2024-07-13 17:54:33.602]

SOURCE: AIR
RX_ID: 283, Freq: 131.725MHz
Mode: G NACKLabel: SA Block ID: 3, Msg No: S27A
Flight ID: GR0000 REG: OEGTA


Message content:-
0EV174654V/
-------------------------------------------------------[2024-07-13 17:54:51.231]

SOURCE: AIR
RX_ID: 284, Freq: 131.725MHz
Mode: G NACKLabel: SA Block ID: 3, Msg No: S27A
Flight ID: GR0000 REG: OEGTA


Message content:-
0EV174654V/
-------------------------------------------------------[2024-07-13 17:54:58.179]

SOURCE: AIR
RX_ID: 285, Freq: 131.725MHz
Mode: E NACKLabel: 5U Block ID: 9, Msg No: M05A
Flight ID: GS0001 REG: S5BBV


Message content:-
001WX13182054N4403.1E00728.4409365    
024AQ,LFBZ,,,,,,
-------------------------------------------------------[2024-07-13 18:20:56.540]

SOURCE: AIR
RX_ID: 286, Freq: 131.725MHz
Mode: E NACKLabel: 5U Block ID: 1, Msg No: M06A
Flight ID: GS0001 REG: S5BBV


Message content:-
001WX13183320N4357.2E00543.1409371    
024AQ,LFBZ,,,,,,
-------------------------------------------------------[2024-07-13 18:33:22.420]

SOURCE: AIR
RX_ID: 287, Freq: 131.525MHz
Mode: T NACKLabel: 2F Block ID: 7, Msg No: M57A
Flight ID: AF7468 REG: F-GMZC


Message content:-
2001+4431+338/1739
-------------------------------------------------------[2024-07-13 20:01:53.604]

SOURCE: AIR
RX_ID: 288, Freq: 131.825MHz
Mode: 2 NACKLabel: SA Block ID: 5, Msg No: S86A
Flight ID: FR05YP REG: EI-EFN


Message content:-
0EV200430V/
-------------------------------------------------------[2024-07-13 20:04:33.094]

SOURCE: AIR
RX_ID: 289, Freq: 131.825MHz
Mode: 2 ACK, A2GLabel: SA Block ID: 9, Msg No: S90A
Flight ID: FR05YP REG: EI-EFN


Message content:-
0EV200600V/
-------------------------------------------------------[2024-07-13 20:06:07.520]

SOURCE: AIR
RX_ID: 290, Freq: 131.725MHz
Mode: G NACKLabel: 16 Block ID: 3, Msg No: M34A
Flight ID: XSMBU6 REG: 2-BBMB


Message content:-
201442,,2120, 144,N 42.844 E  6.236
-------------------------------------------------------[2024-07-13 20:14:44.432]

SOURCE: AIR
RX_ID: 291, Freq: 131.825MHz
Mode: 2 NACKLabel: 16 Block ID: 1, Msg No: M66A
Flight ID: XSMBU6 REG: 2-UTMH


Message content:-
202925,36008,2131, 138,N 44.809 E  3.789
-------------------------------------------------------[2024-07-13 20:29:27.531]

