SOURCE: AIR
RX_ID: 0, Freq: 131.725MHz
Mode: G ACK, A2GLabel: _d Block ID: 1, Msg No: S27A
Flight ID: AF7343 REG: F-GMZC


Message content:-

-------------------------------------------------------[2024-02-03 05:22:31.715]

SOURCE: AIR
RX_ID: 1, Freq: 131.725MHz
Mode: G ACK, A2GLabel: _d Block ID: 2, Msg No: S28A
Flight ID: AF7343 REG: F-GMZC


Message content:-

-------------------------------------------------------[2024-02-03 05:22:35.224]

SOURCE: AIR
RX_ID: 2, Freq: 131.725MHz
Mode: G ACK, A2GLabel: _d Block ID: 3, Msg No: S29A
Flight ID: AF7343 REG: F-GMZC


Message content:-

-------------------------------------------------------[2024-02-03 05:22:38.300]

SOURCE: AIR
RX_ID: 3, Freq: 131.725MHz
Mode: E NACKLabel: 16 Block ID: 2, Msg No: M20A
Flight ID: FR07NR REG: 9H-QCC


Message content:-
062529,,0808, 135,N   .    MMMM.MMM
-------------------------------------------------------[2024-02-03 06:25:30.087]

SOURCE: AIR
RX_ID: 4, Freq: 131.725MHz
Mode: G NACKLabel: Q0 Block ID: 6, Msg No: S83A
Flight ID: CC0335 REG: TF-WFF


Message content:-

-------------------------------------------------------[2024-02-03 06:48:35.121]

