SOURCE: AIR
RX_ID: 289, Freq: 131.725MHz
Mode: X NACKLabel: Q0 Block ID: 4, Msg No: S20A
Flight ID: CC2617 REG: TF-AMU


Message content:-

-------------------------------------------------------[2024-01-30 00:07:08.044]

SOURCE: AIR
RX_ID: 290, Freq: 131.825MHz
Mode: 2 ACK, A2GLabel: _d Block ID: 5, Msg No: S88A
Flight ID: QY8000 REG: OE-LNC


Message content:-

-------------------------------------------------------[2024-01-30 02:43:15.855]

SOURCE: AIR
RX_ID: 291, Freq: 131.825MHz
Mode: 2 NACKLabel: H1 Block ID: 6, Msg No: F22A
Flight ID: QY8000 REG: OE-LNC


Message content:-
#M1BPOSN44487E005039,,024318,370,PPG,030509,ALBER,M63,25524,185,7985559
-------------------------------------------------------[2024-01-30 02:43:21.193]

SOURCE: AIR
RX_ID: 292, Freq: 131.825MHz
Mode: 2 NACKLabel: H1 Block ID: 6, Msg No: F22A
Flight ID: QY8000 REG: OE-LNC


Message content:-
#M1BPOSN44487E005039,,024318,370,PPG,030509,ALBER,M63,25524,185,7985559
-------------------------------------------------------[2024-01-30 02:43:41.856]

SOURCE: AIR
RX_ID: 293, Freq: 131.825MHz
Mode: 2 NACKLabel: H1 Block ID: 6, Msg No: F22A
Flight ID: QY8000 REG: OE-LNC


Message content:-
#M1BPOSN44487E005039,,024318,370,PPG,030509,ALBER,M63,25524,185,7985559
-------------------------------------------------------[2024-01-30 02:43:58.056]

SOURCE: AIR
RX_ID: 294, Freq: 131.825MHz
Mode: 2 NACKLabel: Q0 Block ID: 7, Msg No: S89A
Flight ID: QY8000 REG: OE-LNC


Message content:-

-------------------------------------------------------[2024-01-30 02:44:32.251]

SOURCE: AIR
RX_ID: 295, Freq: 131.825MHz
Mode: 2 NACKLabel: Q0 Block ID: 7, Msg No: S89A
Flight ID: QY8000 REG: OE-LNC


Message content:-

-------------------------------------------------------[2024-01-30 02:44:54.158]

SOURCE: AIR
RX_ID: 296, Freq: 131.825MHz
Mode: 2 NACKLabel: H1 Block ID: 8, Msg No: F22A
Flight ID: QY8000 REG: OE-LNC


Message content:-
#M1BPOSN44487E005039,,024318,370,PPG,030509,ALBER,M63,25524,185,7985559
-------------------------------------------------------[2024-01-30 02:45:00.521]

SOURCE: AIR
RX_ID: 297, Freq: 131.825MHz
Mode: 2 NACKLabel: SA Block ID: 9, Msg No: S90A
Flight ID: QY8000 REG: OE-LNC


Message content:-
0EV024459V
-------------------------------------------------------[2024-01-30 02:45:06.444]

SOURCE: AIR
RX_ID: 298, Freq: 131.725MHz
Mode: G ACK, A2GLabel: _d Block ID: 8, Msg No: S13A
Flight ID: SN0229 REG: OO-SFH


Message content:-

-------------------------------------------------------[2024-01-30 02:50:47.841]

SOURCE: AIR
RX_ID: 299, Freq: 131.725MHz
Mode: G ACK, A2GLabel: _d Block ID: 1, Msg No: S15A
Flight ID: SN0229 REG: OO-SFH


Message content:-

-------------------------------------------------------[2024-01-30 02:51:38.456]

SOURCE: AIR
RX_ID: 300, Freq: 131.725MHz
Mode: G NACKLabel: B9 Block ID: 6, Msg No: M37A
Flight ID: SN0229 REG: OO-SFH


Message content:-
/EBBR.TI2/040EBBRAED4C
-------------------------------------------------------[2024-01-30 02:58:00.993]

SOURCE: AIR
RX_ID: 301, Freq: 131.725MHz
Mode: G ACK, A2GLabel: _d Block ID: 7, Msg No: S18A
Flight ID: SN0229 REG: OO-SFH


Message content:-

-------------------------------------------------------[2024-01-30 02:58:05.307]

SOURCE: AIR
RX_ID: 302, Freq: 131.725MHz
Mode: G NACKLabel: Q0 Block ID: 8, Msg No: S78A
Flight ID: IB8048 REG: EC-FTR


Message content:-

-------------------------------------------------------[2024-01-30 03:41:57.798]

SOURCE: AIR
RX_ID: 303, Freq: 131.725MHz
Mode: X NACKLabel: Q0 Block ID: 0, Msg No: S96A
Flight ID: SN038K REG: OO-SFG


Message content:-

-------------------------------------------------------[2024-01-30 04:11:01.482]

SOURCE: AIR
RX_ID: 304, Freq: 131.825MHz
Mode: 2 ACK, A2GLabel: _d Block ID: 8, Msg No: S96A
Flight ID: QY1956 REG: D-ALET


Message content:-

-------------------------------------------------------[2024-01-30 04:27:31.472]

SOURCE: AIR
RX_ID: 305, Freq: 131.825MHz
Mode: 2 NACKLabel: H1 Block ID: 9, Msg No: F22A
Flight ID: QY1956 REG: D-ALET


Message content:-
#M1BPOSN44255E005067,,042730,196,MAZET,043555,ZEBRA,M23,24921,257,C492
-------------------------------------------------------[2024-01-30 04:27:33.517]

SOURCE: AIR
RX_ID: 306, Freq: 131.825MHz
Mode: 2 NACKLabel: H1 Block ID: 2, Msg No: F23A
Flight ID: QY1956 REG: D-ALET


Message content:-
#M1BPOSN43341E005017,ML125,043902,35,RW13L,044251,ML50,P7,1628,254,CAC1
-------------------------------------------------------[2024-01-30 04:39:05.357]

SOURCE: AIR
RX_ID: 307, Freq: 131.725MHz
Mode: E NACKLabel: Q0 Block ID: 5, Msg No: S43A
Flight ID: MP8372 REG: PH-CKA


Message content:-

-------------------------------------------------------[2024-01-30 04:44:09.254]

SOURCE: AIR
RX_ID: 308, Freq: 131.725MHz
Mode: E NACKLabel: H1 Block ID: 6, Msg No: D45A
Flight ID: KL8372 REG: PH-CKA


Message content:-
#DFB(POS-MPH8372 -4330N00629E/044417 F340
RMK/FUEL  21.7 M0.87)
-------------------------------------------------------[2024-01-30 04:45:02.100]

SOURCE: AIR
RX_ID: 309, Freq: 131.725MHz
Mode: G NACKLabel: Q0 Block ID: 7, Msg No: S44A
Flight ID: MP8372 REG: PH-CKA


Message content:-

-------------------------------------------------------[2024-01-30 04:45:09.266]

SOURCE: AIR
RX_ID: 310, Freq: 131.725MHz
Mode: X NACKLabel: Q0 Block ID: 0, Msg No: S47A
Flight ID: MP8372 REG: PH-CKA


Message content:-

-------------------------------------------------------[2024-01-30 04:51:09.935]

SOURCE: AIR
RX_ID: 311, Freq: 131.825MHz
Mode: 2 NACKLabel: B6 Block ID: 5, Msg No: F39A
Flight ID: BA2040 REG: G-YMMC


Message content:-
/QUKAXBA.ADS.G-YMMC071EF2101CE789C434D39D48F6
-------------------------------------------------------[2024-01-30 04:56:22.879]

SOURCE: AIR
RX_ID: 312, Freq: 131.825MHz
Mode: 2 NACKLabel: 15 Block ID: 6, Msg No: M75A
Flight ID: BA2040 REG: G-YMMC


Message content:-
FST01FACTEGKKN435876E0050638400 165 730 M63C 2627134635046211600006110456
-------------------------------------------------------[2024-01-30 04:56:56.237]

SOURCE: AIR
RX_ID: 313, Freq: 131.825MHz
Mode: 2 NACKLabel: B9 Block ID: 3, Msg No: J26A
Flight ID: WB0710 REG: 9XR-WP


Message content:-
/EGLL.TI2/000EGLLAABB2
-------------------------------------------------------[2024-01-30 05:01:08.357]

SOURCE: AIR
RX_ID: 314, Freq: 131.825MHz
Mode: 2 ACK, A2GLabel: _d Block ID: 4, Msg No: S19A
Flight ID: WB0710 REG: 9XR-WP


Message content:-

-------------------------------------------------------[2024-01-30 05:01:15.925]

SOURCE: AIR
RX_ID: 315, Freq: 131.725MHz
Mode: G NACKLabel: H1 Block ID: 4, Msg No: C04A
Flight ID: AF7343 REG: F-GMZC


Message content:-
#CFBFLR/FR24013005250034353405NO HUD DATA/IDCFDS
-------------------------------------------------------[2024-01-30 05:26:33.089]

SOURCE: AIR
RX_ID: 316, Freq: 131.725MHz
Mode: G NACKLabel: H1 Block ID: 7, Msg No: D11C
Flight ID: AF7343 REG: F-GMZC


Message content:-
#DFBXXXX,XXXXX,N0526,0057,---/9C0001,---,00032,072683,---/C0XXXXX,0521,N0524,0057,---/0C0004,---,00009,072665,---/E1XXXXX,XXXXX,N0522,0060,---/1E0008,---,00017,072683,---/E24342,XXXXX,N0521,0062,---/2E0004,---,
-------------------------------------------------------[2024-01-30 05:35:41.332]

SOURCE: AIR
RX_ID: 317, Freq: 131.825MHz
Mode: 2 NACKLabel: Q0 Block ID: 5, Msg No: S04A
Flight ID: QY1684 REG: OE-LNJ


Message content:-

-------------------------------------------------------[2024-01-30 05:40:00.002]

SOURCE: AIR
RX_ID: 318, Freq: 131.825MHz
Mode: 2 ACK, A2GLabel: _d Block ID: 6, Msg No: S05A
Flight ID: QY1684 REG: OE-LNJ


Message content:-

-------------------------------------------------------[2024-01-30 05:41:45.071]

SOURCE: AIR
RX_ID: 319, Freq: 131.725MHz
Mode: G NACKLabel: B9 Block ID: 0, Msg No: L01A
Flight ID: AF7343 REG: F-GMZC


Message content:-
/LFLL.TI2/064LFLLAD2FE
-------------------------------------------------------[2024-01-30 05:43:26.446]

SOURCE: AIR
RX_ID: 320, Freq: 131.825MHz
Mode: 2 ACK, A2GLabel: _d Block ID: 9, Msg No: S07A
Flight ID: QY1684 REG: OE-LNJ


Message content:-

-------------------------------------------------------[2024-01-30 05:53:54.965]

SOURCE: AIR
RX_ID: 321, Freq: 131.825MHz
Mode: 2 NACKLabel: 5U Block ID: 4, Msg No: M47A
Flight ID: 5Y0569 REG: N861GT


Message content:-
  01 WXRQ   0569/28 VIDP/LEZG .N861GT
/TYP 4/STA LEZG/STA LEBL/STA     
-------------------------------------------------------[2024-01-30 07:10:24.940]

SOURCE: AIR
RX_ID: 322, Freq: 131.825MHz
Mode: 2 ACK, A2GLabel: _d Block ID: 5, Msg No: S90A
Flight ID: 5Y0569 REG: N861GT


Message content:-

-------------------------------------------------------[2024-01-30 07:10:31.083]

SOURCE: AIR
RX_ID: 323, Freq: 131.825MHz
Mode: 2 ACK, A2GLabel: _d Block ID: 6, Msg No: S91A
Flight ID: 5Y0569 REG: N861GT


Message content:-

-------------------------------------------------------[2024-01-30 07:10:36.640]

SOURCE: AIR
RX_ID: 324, Freq: 131.825MHz
Mode: 2 ACK, A2GLabel: _d Block ID: 7, Msg No: S92A
Flight ID: 5Y0569 REG: N861GT


Message content:-

-------------------------------------------------------[2024-01-30 07:10:42.162]

SOURCE: AIR
RX_ID: 325, Freq: 131.725MHz
Mode: 2 NACKLabel: Q0 Block ID: 3, Msg No: S31A
Flight ID: AF6002 REG: F-GRHF


Message content:-

-------------------------------------------------------[2024-01-30 07:32:29.812]

SOURCE: AIR
RX_ID: 326, Freq: 131.725MHz
Mode: X NACKLabel: Q0 Block ID: 4, Msg No: S32A
Flight ID: AF6002 REG: F-GRHF


Message content:-

-------------------------------------------------------[2024-01-30 07:32:36.577]

SOURCE: AIR
RX_ID: 327, Freq: 131.725MHz
Mode: X NACKLabel: H1 Block ID: 5, Msg No: D07A
Flight ID: AF6002 REG: F-GRHF


Message content:-
#DFBA01/A31901,1,1/CCF-GRHF,JAN30,070834,LFPO,LFML,0045/C106,38940,5000,43,0010,0,0100,43,X/CEN345,33009,248,708,5356,245,C43025/EC645937,20287,00357,16469,73,10/EE645936,20264,00576,16508,73/N10773,0774,0887,5
-------------------------------------------------------[2024-01-30 07:35:49.674]

SOURCE: AIR
RX_ID: 328, Freq: 131.725MHz
Mode: X NACKLabel: H1 Block ID: 9, Msg No: D08B
Flight ID: AF6002 REG: F-GRHF


Message content:-
#DFB00577,16508,73/N10768,0769,0884,5134,0983,XXXXX/N20768,0769,0886,5143,0987,XXXXX/S1XXXXX,0404,1095,3642,XXXX,042,N00/S2XXXXX,0429,1110,3641,XXXX,044,001/T1099,100,023,37,073,05333,0159/T2099,100,015,38,062,
-------------------------------------------------------[2024-01-30 07:36:28.403]

SOURCE: AIR
RX_ID: 329, Freq: 131.725MHz
Mode: X NACKLabel: H1 Block ID: 0, Msg No: D08C
Flight ID: AF6002 REG: F-GRHF


Message content:-
#DFB05390,0158/V109,03,161,295,01,00,00000/V217,07,193,333,02,00,00000/V3XX,XX,XXX,XXX,XXXX/V4XX,XX,XXX,XXX,XXXX/V5XX,XX,XXX,XXX,XXXX/V6XX,XX,XXX,XXX,XXXX/V7038,081,00061,22222222222111/V8037,079,00081,22222222
-------------------------------------------------------[2024-01-30 07:36:41.899]

SOURCE: AIR
RX_ID: 330, Freq: 131.725MHz
Mode: X NACKLabel: H1 Block ID: 1, Msg No: D08D
Flight ID: AF6002 REG: F-GRHF


Message content:-
#DFB222111/X101215,N005,0026,N000,N0000,N009/X201340,N000,0026,N000,00000,N009/X3N000,0002,N008,N001,N013,N002,N000/X4N000,N000,N000,0000,0000,0000/X50000,N000,N000,N002,0000,0000/X61681,E0033,N462,038,226,0067
-------------------------------------------------------[2024-01-30 07:36:45.190]

SOURCE: AIR
RX_ID: 331, Freq: 131.725MHz
Mode: X NACKLabel: H1 Block ID: 2, Msg No: D08E
Flight ID: AF6002 REG: F-GRHF


Message content:-
#DFB,0843/X71683,E0033,N462,037,229,0082,XXXX,/
-------------------------------------------------------[2024-01-30 07:36:48.483]

SOURCE: AIR
RX_ID: 332, Freq: 131.725MHz
Mode: G NACKLabel: Q0 Block ID: 8, Msg No: S09A
Flight ID: CC2601 REG: TF-AKE


Message content:-

-------------------------------------------------------[2024-01-30 08:02:14.025]

SOURCE: AIR
RX_ID: 333, Freq: 131.725MHz
Mode: G NACKLabel: 16 Block ID: 2, Msg No: M52A
Flight ID: FR04KK REG: 9H-QAW


Message content:-
083520,,1027, 176,N   .    MMMM.MMM
-------------------------------------------------------[2024-01-30 08:35:21.830]

SOURCE: AIR
RX_ID: 334, Freq: 131.725MHz
Mode: G NACKLabel: H1 Block ID: 1, Msg No: D03A
Flight ID: KL0104 REG: PH-BVC


Message content:-
#DFB(POS-KLM104  -4348N00455E/083726 F360
RMK/FUEL  14.9 M0.85)
-------------------------------------------------------[2024-01-30 08:37:29.203]

SOURCE: AIR
RX_ID: 335, Freq: 131.725MHz
Mode: G NACKLabel: 20 Block ID: 2, Msg No: M82A
Flight ID: KL0104 REG: PH-BVC


Message content:-
RST07A30083700KLM104  FACTEHAM
-------------------------------------------------------[2024-01-30 08:37:49.281]

SOURCE: AIR
RX_ID: 336, Freq: 131.725MHz
Mode: 2 NACKLabel: Q0 Block ID: 8, Msg No: S26A
Flight ID: AZ06KC REG: EI-EJM


Message content:-

-------------------------------------------------------[2024-01-30 08:38:29.401]

SOURCE: AIR
RX_ID: 337, Freq: 131.725MHz
Mode: X NACKLabel: Q0 Block ID: 9, Msg No: S27A
Flight ID: AZ06KC REG: EI-EJM


Message content:-

-------------------------------------------------------[2024-01-30 08:38:33.312]

SOURCE: AIR
RX_ID: 338, Freq: 131.725MHz
Mode: G NACKLabel: B9 Block ID: 3, Msg No: L33A
Flight ID: KL0104 REG: PH-BVC


Message content:-
/EHAM.TI2/046EHAMA421B
-------------------------------------------------------[2024-01-30 08:38:46.809]

SOURCE: AIR
RX_ID: 339, Freq: 131.725MHz
Mode: G ACK, A2GLabel: _d Block ID: 4, Msg No: S03A
Flight ID: KL0104 REG: PH-BVC


Message content:-

-------------------------------------------------------[2024-01-30 08:38:52.329]

SOURCE: AIR
RX_ID: 340, Freq: 131.725MHz
Mode: G ACK, A2GLabel: _d Block ID: 5, Msg No: S04A
Flight ID: KL0104 REG: PH-BVC


Message content:-

-------------------------------------------------------[2024-01-30 08:38:56.426]

SOURCE: AIR
RX_ID: 341, Freq: 131.725MHz
Mode: G NACKLabel: H1 Block ID: 1, Msg No: D21B
Flight ID: AF6007 REG: F-GRHF


Message content:-
#DFB0,00,7440/N202,00,01,00,00,01,00,00,7470/S10846,0847,0950,7440,3408,3240,0863/S20847,0847,0953,7470,3446,3275,0862/T14860,0987,148,140,----,020,014/T24870,1013,145,140,----,021,016/V105,06,290,072,01,00,000
-------------------------------------------------------[2024-01-30 08:48:46.870]

SOURCE: AIR
RX_ID: 342, Freq: 131.725MHz
Mode: G NACKLabel: H1 Block ID: 2, Msg No: F13A
Flight ID: AF6007 REG: F-GRHF


Message content:-
#M1BREJPWI,081148,053,,CB007,CLIMB/TS084844,3001247055
-------------------------------------------------------[2024-01-30 08:48:50.562]

SOURCE: AIR
RX_ID: 343, Freq: 131.725MHz
Mode: G NACKLabel: H1 Block ID: 3, Msg No: D21C
Flight ID: AF6007 REG: F-GRHF


Message content:-
#DFB00/V213,15,194,276,01,00,00000/V3049,068,1,1,00080,00010,2221/V4049,068,1,1,00060,00010,2221/X114937,0065,100,037,1613/X214921,0065,099,036,1608/
-------------------------------------------------------[2024-01-30 08:48:54.037]

SOURCE: AIR
RX_ID: 344, Freq: 131.725MHz
Mode: G NACKLabel: B9 Block ID: 5, Msg No: L05A
Flight ID: AF6007 REG: F-GRHF


Message content:-
/LFPO.TI2/064LFPOC91ED
-------------------------------------------------------[2024-01-30 08:53:06.159]

SOURCE: AIR
RX_ID: 345, Freq: 131.725MHz
Mode: G ACK, A2GLabel: _d Block ID: 6, Msg No: S60A
Flight ID: AF6007 REG: F-GRHF


Message content:-

-------------------------------------------------------[2024-01-30 08:53:11.901]

SOURCE: AIR
RX_ID: 346, Freq: 131.725MHz
Mode: G ACK, A2GLabel: _d Block ID: 7, Msg No: S61A
Flight ID: AF6007 REG: F-GRHF


Message content:-

-------------------------------------------------------[2024-01-30 08:53:15.377]

SOURCE: AIR
RX_ID: 347, Freq: 131.725MHz
Mode: G NACKLabel: H1 Block ID: 8, Msg No: F14A
Flight ID: AF6007 REG: F-GRHF


Message content:-
#M1BREJPWI,081148,053,,CB007,CLIMB.053,,CB007,CLIMB/TS085420,300124A97C
-------------------------------------------------------[2024-01-30 08:54:25.008]

SOURCE: AIR
RX_ID: 348, Freq: 131.725MHz
Mode: G NACKLabel: 2T Block ID: 9, Msg No: M36A
Flight ID: AF6007 REG: F-GRHF


Message content:-
4
-------------------------------------------------------[2024-01-30 08:57:13.750]

SOURCE: AIR
RX_ID: 349, Freq: 131.725MHz
Mode: G ACK, A2GLabel: _d Block ID: 0, Msg No: S62A
Flight ID: AF6007 REG: F-GRHF


Message content:-

-------------------------------------------------------[2024-01-30 08:57:21.537]

SOURCE: AIR
RX_ID: 350, Freq: 131.725MHz
Mode: G ACK, A2GLabel: _d Block ID: 1, Msg No: S63A
Flight ID: AF6007 REG: F-GRHF


Message content:-

-------------------------------------------------------[2024-01-30 08:57:24.609]

SOURCE: AIR
RX_ID: 351, Freq: 131.725MHz
Mode: G NACKLabel: H1 Block ID: 2, Msg No: F15A
Flight ID: AF6007 REG: F-GRHF


Message content:-
#M1BREJPWI,081148,053,,CB007,CLIMB.053,,CB007,CLIMB.053,,CB007,CRUISE/TS090148,3001244A7C
-------------------------------------------------------[2024-01-30 09:01:51.253]

SOURCE: AIR
RX_ID: 352, Freq: 131.725MHz
Mode: G ACK, A2GLabel: _d Block ID: 3, Msg No: S64A
Flight ID: AF6007 REG: F-GRHF


Message content:-

-------------------------------------------------------[2024-01-30 09:02:50.241]

SOURCE: AIR
RX_ID: 353, Freq: 131.725MHz
Mode: G NACKLabel: 2F Block ID: 4, Msg No: M37A
Flight ID: AF6007 REG: F-GRHF


Message content:-
0902+4478+481/3441
-------------------------------------------------------[2024-01-30 09:02:53.534]

SOURCE: AIR
RX_ID: 354, Freq: 131.725MHz
Mode: 2 NACKLabel: Q0 Block ID: 3, Msg No: S17A
Flight ID: TU0634 REG: TS-IMU


Message content:-

-------------------------------------------------------[2024-01-30 09:54:35.611]

SOURCE: AIR
RX_ID: 355, Freq: 131.725MHz
Mode: E NACKLabel: Q0 Block ID: 4, Msg No: S18A
Flight ID: TU0634 REG: TS-IMU


Message content:-

-------------------------------------------------------[2024-01-30 09:54:46.659]

SOURCE: AIR
RX_ID: 356, Freq: 131.725MHz
Mode: 2 NACKLabel: SA Block ID: 6, Msg No: M18A
Flight ID: AH1426 REG: 7T-VJL


Message content:-
0EV100300VS
-------------------------------------------------------[2024-01-30 10:03:02.087]

SOURCE: AIR
RX_ID: 357, Freq: 131.725MHz
Mode: 2 NACKLabel: 5V Block ID: 8, Msg No: S24A
Flight ID: AH1426 REG: 7T-VJL


Message content:-

-------------------------------------------------------[2024-01-30 10:03:32.812]

