SOURCE: AIR
RX_ID: 0, Freq: 131.725MHz
Mode: 2 NACKLabel: Q0 Block ID: 4, Msg No: S15A
Flight ID: AH1154 REG: 7T-VKI


Message content:-

-------------------------------------------------------[2024-03-02 16:05:31.150]

SOURCE: AIR
RX_ID: 1, Freq: 131.725MHz
Mode: 2 NACKLabel: SA Block ID: 5, Msg No: M82A
Flight ID: AH1154 REG: 7T-VKI


Message content:-
0EV160533V
-------------------------------------------------------[2024-03-02 16:05:35.062]

SOURCE: AIR
RX_ID: 2, Freq: 131.725MHz
Mode: 2 NACKLabel: 5V Block ID: 6, Msg No: S16A
Flight ID: AH1154 REG: 7T-VKI


Message content:-

-------------------------------------------------------[2024-03-02 16:06:22.558]

SOURCE: AIR
RX_ID: 3, Freq: 131.725MHz
Mode: 2 NACKLabel: Q0 Block ID: 7, Msg No: S17A
Flight ID: AH1154 REG: 7T-VKI


Message content:-

-------------------------------------------------------[2024-03-02 16:10:33.203]

SOURCE: AIR
RX_ID: 4, Freq: 131.725MHz
Mode: 2 NACKLabel: SA Block ID: 8, Msg No: M83A
Flight ID: AH1154 REG: 7T-VKI


Message content:-
0EV161036V
-------------------------------------------------------[2024-03-02 16:10:36.893]

SOURCE: AIR
RX_ID: 5, Freq: 131.725MHz
Mode: G NACKLabel: Q0 Block ID: 9, Msg No: S18A
Flight ID: AH1154 REG: 7T-VKI


Message content:-

-------------------------------------------------------[2024-03-02 16:10:47.755]

SOURCE: AIR
RX_ID: 6, Freq: 131.725MHz
Mode: G NACKLabel: 5V Block ID: 0, Msg No: S19A
Flight ID: AH1154 REG: 7T-VKI


Message content:-

-------------------------------------------------------[2024-03-02 16:11:08.455]

SOURCE: AIR
RX_ID: 7, Freq: 131.725MHz
Mode: 2 NACKLabel: Q0 Block ID: 1, Msg No: S20A
Flight ID: AH1154 REG: 7T-VKI


Message content:-

-------------------------------------------------------[2024-03-02 16:15:18.094]

SOURCE: AIR
RX_ID: 8, Freq: 131.725MHz
Mode: 2 NACKLabel: SA Block ID: 2, Msg No: M84A
Flight ID: AH1154 REG: 7T-VKI


Message content:-
0EV161520V
-------------------------------------------------------[2024-03-02 16:15:21.788]

SOURCE: AIR
RX_ID: 9, Freq: 131.725MHz
Mode: 2 NACKLabel: 5V Block ID: 3, Msg No: S21A
Flight ID: AH1154 REG: 7T-VKI


Message content:-

-------------------------------------------------------[2024-03-02 16:15:54.154]

