SOURCE: AIR
RX_ID: 0, Freq: 131.725MHz
Mode: E NACKLabel: Q0 Block ID: 8, Msg No: S11A
Flight ID: FR43ZJ REG: EIGSI


Message content:-

-------------------------------------------------------[2024-01-23 22:24:20.825]

SOURCE: AIR
RX_ID: 1, Freq: 131.825MHz
Mode: 2 ACK, A2GLabel: _d Block ID: 6, Msg No: S21A
Flight ID: WB0711 REG: 9XR-WP


Message content:-

-------------------------------------------------------[2024-01-23 22:25:37.413]

SOURCE: AIR
RX_ID: 2, Freq: 131.725MHz
Mode: G NACKLabel: H1 Block ID: 2, Msg No: F15A
Flight ID: MP8321 REG: PH-CKB


Message content:-
#M1B/B0 DAAA.AFN/FMHMPH8321,.PH-CKB,,225932/FPON43347E006001,1/FCOADS,01/FCOATC,01555D
-------------------------------------------------------[2024-01-23 22:59:34.946]

SOURCE: AIR
RX_ID: 3, Freq: 131.725MHz
Mode: G ACK, A2GLabel: _d Block ID: 3, Msg No: S93A
Flight ID: MP8321 REG: PH-CKB


Message content:-

-------------------------------------------------------[2024-01-23 22:59:39.041]

SOURCE: AIR
RX_ID: 4, Freq: 131.725MHz
Mode: E NACKLabel: Q0 Block ID: 0, Msg No: S03A
Flight ID: IB0421 REG: EC-FTR


Message content:-

-------------------------------------------------------[2024-01-23 23:02:12.130]

SOURCE: AIR
RX_ID: 5, Freq: 131.725MHz
Mode: G NACKLabel: Q0 Block ID: 1, Msg No: S04A
Flight ID: IB0421 REG: EC-FTR


Message content:-

-------------------------------------------------------[2024-01-23 23:07:12.493]

SOURCE: AIR
RX_ID: 6, Freq: 131.725MHz
Mode: E NACKLabel: Q0 Block ID: 2, Msg No: S05A
Flight ID: IB0421 REG: EC-FTR


Message content:-

-------------------------------------------------------[2024-01-23 23:10:54.429]

