SOURCE: AIR
RX_ID: 0, Freq: 131.725MHz
Mode: E NACKLabel: 44 Block ID: 0, Msg No: M56A
Flight ID: GS0000 REG: DAOTE


Message content:-
04p=G'mVNHF'+'(''X''mVm:'VqK(=V(w@@V'a'FV\HmaV\X'FV''\#'
-------------------------------------------------------[2024-07-05 14:37:36.809]

SOURCE: AIR
RX_ID: 1, Freq: 131.725MHz
Mode: 2 NACKLabel: 15 Block ID: 7, Msg No: M06A
Flight ID: ZD0001 REG: A6RJB


Message content:-
(2N44126E  5187--- 54410---(Z
-------------------------------------------------------[2024-07-05 14:38:38.067]

SOURCE: AIR
RX_ID: 2, Freq: 131.850MHz
Mode: 2 NACKLabel: 16 Block ID: 0, Msg No: M89A
Flight ID: FR926P REG: EI-EVN


Message content:-
144557,,1619, 135,N   .    MMMM.MMM
-------------------------------------------------------[2024-07-05 14:45:59.429]

SOURCE: AIR
RX_ID: 3, Freq: 131.725MHz
Mode: 2 NACKLabel: 15 Block ID: 8, Msg No: M07A
Flight ID: ZD0001 REG: A6RJB


Message content:-
(2N43073E  4484--- 42410---(Z
-------------------------------------------------------[2024-07-05 14:48:36.689]

SOURCE: AIR
RX_ID: 4, Freq: 131.725MHz
Mode: 2 NACKLabel: SA Block ID: 0, Msg No: S19A
Flight ID: GR0000 REG: OKPHE


Message content:-
0EV152656V/
-------------------------------------------------------[2024-07-05 15:33:15.797]

SOURCE: AIR
RX_ID: 5, Freq: 131.825MHz
Mode: 2 NACKLabel: B9 Block ID: 6, Msg No: M81A
Flight ID: U5WMT2 REG: 9H-SAS


Message content:-
/LEXJ.TI2/024LEXJABDE1
-------------------------------------------------------[2024-07-05 15:38:24.426]

SOURCE: AIR
RX_ID: 6, Freq: 131.725MHz
Mode: 2 NACKLabel: SA Block ID: 1, Msg No: S26A
Flight ID: GR0000 REG: OKPHE


Message content:-
0EV153334V/
-------------------------------------------------------[2024-07-05 15:40:43.694]

SOURCE: AIR
RX_ID: 7, Freq: 131.725MHz
Mode: 2 NACKLabel: SA Block ID: 1, Msg No: S26A
Flight ID: GR0000 REG: OKPHE


Message content:-
0EV153334V/
-------------------------------------------------------[2024-07-05 15:40:55.578]

SOURCE: AIR
RX_ID: 8, Freq: 131.725MHz
Mode: E NACKLabel: SA Block ID: 3, Msg No: S26A
Flight ID: GR0000 REG: OKPHE


Message content:-
0EV153334V/
-------------------------------------------------------[2024-07-05 15:41:07.245]

SOURCE: AIR
RX_ID: 9, Freq: 131.725MHz
Mode: E NACKLabel: SA Block ID: 3, Msg No: S26A
Flight ID: GR0000 REG: OKPHE


Message content:-
0EV153334V/
-------------------------------------------------------[2024-07-05 15:41:15.255]

SOURCE: AIR
RX_ID: 10, Freq: 131.725MHz
Mode: E NACKLabel: SA Block ID: 3, Msg No: S26A
Flight ID: GR0000 REG: OKPHE


Message content:-
0EV153334V/
-------------------------------------------------------[2024-07-05 15:41:26.300]

SOURCE: AIR
RX_ID: 11, Freq: 131.725MHz
Mode: X NACKLabel: SA Block ID: 4, Msg No: S26A
Flight ID: GR0000 REG: OKPHE


Message content:-
0EV153334V/
-------------------------------------------------------[2024-07-05 15:41:38.369]

SOURCE: AIR
RX_ID: 12, Freq: 131.725MHz
Mode: X NACKLabel: SA Block ID: 4, Msg No: S26A
Flight ID: GR0000 REG: OKPHE


Message content:-
0EV153334V/
-------------------------------------------------------[2024-07-05 15:41:45.354]

SOURCE: AIR
RX_ID: 13, Freq: 131.725MHz
Mode: X NACKLabel: SA Block ID: 4, Msg No: S26A
Flight ID: GR0000 REG: OKPHE


Message content:-
0EV153334V/
-------------------------------------------------------[2024-07-05 15:41:51.278]

SOURCE: AIR
RX_ID: 14, Freq: 131.725MHz
Mode: G NACKLabel: SA Block ID: 5, Msg No: S26A
Flight ID: GR0000 REG: OKPHE


Message content:-
0EV153334V/
-------------------------------------------------------[2024-07-05 15:42:02.362]

SOURCE: AIR
RX_ID: 15, Freq: 131.725MHz
Mode: G NACKLabel: SA Block ID: 5, Msg No: S26A
Flight ID: GR0000 REG: OKPHE


Message content:-
0EV153334V/
-------------------------------------------------------[2024-07-05 15:42:13.407]

SOURCE: AIR
RX_ID: 16, Freq: 131.825MHz
Mode: 2 NACKLabel: 16 Block ID: 8, Msg No: M82A
Flight ID: U5WMT2 REG: 9H-SAS


Message content:-
154215,36997,1655, 134,MMMM.MMM MMMM.MMM
-------------------------------------------------------[2024-07-05 15:42:17.100]

SOURCE: AIR
RX_ID: 17, Freq: 131.725MHz
Mode: G NACKLabel: SA Block ID: 5, Msg No: S26A
Flight ID: GR0000 REG: OKPHE


Message content:-
0EV153334V/
-------------------------------------------------------[2024-07-05 15:42:23.427]

SOURCE: AIR
RX_ID: 18, Freq: 131.725MHz
Mode: 2 NACKLabel: SA Block ID: 6, Msg No: S26A
Flight ID: GR0000 REG: OKPHE


Message content:-
0EV153334V/
-------------------------------------------------------[2024-07-05 15:42:34.291]

SOURCE: AIR
RX_ID: 19, Freq: 131.725MHz
Mode: 2 NACKLabel: SA Block ID: 8, Msg No: S26A
Flight ID: GR0000 REG: OKPHE


Message content:-
0EV153334V/
-------------------------------------------------------[2024-07-05 15:42:44.933]

SOURCE: AIR
RX_ID: 20, Freq: 131.725MHz
Mode: 2 NACKLabel: SA Block ID: 8, Msg No: S26A
Flight ID: GR0000 REG: OKPHE


Message content:-
0EV153334V/
-------------------------------------------------------[2024-07-05 15:42:51.921]

SOURCE: AIR
RX_ID: 21, Freq: 131.725MHz
Mode: 2 NACKLabel: SA Block ID: 8, Msg No: S26A
Flight ID: GR0000 REG: OKPHE


Message content:-
0EV153334V/
-------------------------------------------------------[2024-07-05 15:43:03.989]

SOURCE: AIR
RX_ID: 22, Freq: 131.725MHz
Mode: 2 NACKLabel: SA Block ID: 8, Msg No: S26A
Flight ID: GR0000 REG: OKPHE


Message content:-
0EV153334V/
-------------------------------------------------------[2024-07-05 15:43:11.995]

SOURCE: AIR
RX_ID: 23, Freq: 131.725MHz
Mode: X NACKLabel: SA Block ID: 1, Msg No: S26A
Flight ID: GR0000 REG: OKPHE


Message content:-
0EV153334V/
-------------------------------------------------------[2024-07-05 15:43:23.661]

SOURCE: AIR
RX_ID: 24, Freq: 131.725MHz
Mode: X NACKLabel: SA Block ID: 1, Msg No: S26A
Flight ID: GR0000 REG: OKPHE


Message content:-
0EV153334V/
-------------------------------------------------------[2024-07-05 15:43:41.689]

SOURCE: AIR
RX_ID: 25, Freq: 131.725MHz
Mode: X NACKLabel: 83 Block ID: 1, Msg No: M09A
Flight ID: GS0001 REG: DCSMC


Message content:-
001PR05154343N4405.2E00659.0399430    
-------------------------------------------------------[2024-07-05 15:43:44.944]

SOURCE: AIR
RX_ID: 26, Freq: 131.725MHz
Mode: G NACKLabel: SA Block ID: 2, Msg No: S26A
Flight ID: GR0000 REG: OKPHE


Message content:-
0EV153334V/
-------------------------------------------------------[2024-07-05 15:43:48.638]

SOURCE: AIR
RX_ID: 27, Freq: 131.725MHz
Mode: G NACKLabel: SA Block ID: 2, Msg No: S26A
Flight ID: GR0000 REG: OKPHE


Message content:-
0EV153334V/
-------------------------------------------------------[2024-07-05 15:43:57.635]

SOURCE: AIR
RX_ID: 28, Freq: 131.725MHz
Mode: G NACKLabel: SA Block ID: 2, Msg No: S26A
Flight ID: GR0000 REG: OKPHE


Message content:-
0EV153334V/
-------------------------------------------------------[2024-07-05 15:44:08.716]

SOURCE: AIR
RX_ID: 29, Freq: 131.725MHz
Mode: 2 NACKLabel: SA Block ID: 3, Msg No: S26A
Flight ID: GR0000 REG: OKPHE


Message content:-
0EV153334V/
-------------------------------------------------------[2024-07-05 15:44:19.140]

SOURCE: AIR
RX_ID: 30, Freq: 131.725MHz
Mode: E NACKLabel: SA Block ID: 5, Msg No: S26A
Flight ID: GR0000 REG: OKPHE


Message content:-
0EV153334V/
-------------------------------------------------------[2024-07-05 15:44:29.604]

SOURCE: AIR
RX_ID: 31, Freq: 131.725MHz
Mode: E NACKLabel: SA Block ID: 5, Msg No: S26A
Flight ID: GR0000 REG: OKPHE


Message content:-
0EV153334V/
-------------------------------------------------------[2024-07-05 15:44:38.598]

SOURCE: AIR
RX_ID: 32, Freq: 131.725MHz
Mode: E NACKLabel: SA Block ID: 5, Msg No: S26A
Flight ID: GR0000 REG: OKPHE


Message content:-
0EV153334V/
-------------------------------------------------------[2024-07-05 15:44:50.481]

SOURCE: AIR
RX_ID: 33, Freq: 131.725MHz
Mode: G NACKLabel: SA Block ID: 6, Msg No: S26A
Flight ID: GR0000 REG: OKPHE


Message content:-
0EV153334V/
-------------------------------------------------------[2024-07-05 15:45:01.563]

SOURCE: AIR
RX_ID: 34, Freq: 131.725MHz
Mode: G NACKLabel: SA Block ID: 6, Msg No: S26A
Flight ID: GR0000 REG: OKPHE


Message content:-
0EV153334V/
-------------------------------------------------------[2024-07-05 15:45:11.583]

SOURCE: AIR
RX_ID: 35, Freq: 131.725MHz
Mode: G NACKLabel: SA Block ID: 6, Msg No: S26A
Flight ID: GR0000 REG: OKPHE


Message content:-
0EV153334V/
-------------------------------------------------------[2024-07-05 15:45:23.654]

SOURCE: AIR
RX_ID: 36, Freq: 131.725MHz
Mode: G NACKLabel: SA Block ID: 6, Msg No: S26A
Flight ID: GR0000 REG: OKPHE


Message content:-
0EV153334V/
-------------------------------------------------------[2024-07-05 15:45:35.539]

SOURCE: AIR
RX_ID: 37, Freq: 131.725MHz
Mode: G NACKLabel: SA Block ID: 6, Msg No: S26A
Flight ID: GR0000 REG: OKPHE


Message content:-
0EV153334V/
-------------------------------------------------------[2024-07-05 15:45:46.618]

SOURCE: AIR
RX_ID: 38, Freq: 131.825MHz
Mode: 2 NACKLabel: B9 Block ID: 9, Msg No: M83A
Flight ID: U5WMT2 REG: 9H-SAS


Message content:-
/LEXJ.TI2/024LEXJABDE1
-------------------------------------------------------[2024-07-05 15:50:40.913]

SOURCE: AIR
RX_ID: 39, Freq: 131.725MHz
Mode: 2 NACKLabel: SA Block ID: 6, Msg No: S26A
Flight ID: GR0000 REG: OKPHE


Message content:-
0EV153334V/
-------------------------------------------------------[2024-07-05 15:50:51.778]

SOURCE: AIR
RX_ID: 40, Freq: 131.725MHz
Mode: 2 NACKLabel: SA Block ID: 6, Msg No: S26A
Flight ID: GR0000 REG: OKPHE


Message content:-
0EV153334V/
-------------------------------------------------------[2024-07-05 15:50:59.347]

SOURCE: AIR
RX_ID: 41, Freq: 131.725MHz
Mode: E NACKLabel: SA Block ID: 8, Msg No: S26A
Flight ID: GR0000 REG: OKPHE


Message content:-
0EV153334V/
-------------------------------------------------------[2024-07-05 15:51:12.037]

SOURCE: AIR
RX_ID: 42, Freq: 131.725MHz
Mode: E NACKLabel: SA Block ID: 8, Msg No: S26A
Flight ID: GR0000 REG: OKPHE


Message content:-
0EV153334V/
-------------------------------------------------------[2024-07-05 15:51:24.107]

SOURCE: AIR
RX_ID: 43, Freq: 131.725MHz
Mode: E NACKLabel: SA Block ID: 8, Msg No: S26A
Flight ID: GR0000 REG: OKPHE


Message content:-
0EV153334V/
-------------------------------------------------------[2024-07-05 15:51:32.115]

SOURCE: AIR
RX_ID: 44, Freq: 131.725MHz
Mode: G NACKLabel: SA Block ID: 9, Msg No: S26A
Flight ID: GR0000 REG: OKPHE


Message content:-
0EV153334V/
-------------------------------------------------------[2024-07-05 15:51:38.040]

SOURCE: AIR
RX_ID: 45, Freq: 131.725MHz
Mode: G NACKLabel: SA Block ID: 9, Msg No: S26A
Flight ID: GR0000 REG: OKPHE


Message content:-
0EV153334V/
-------------------------------------------------------[2024-07-05 15:51:46.049]

SOURCE: AIR
RX_ID: 46, Freq: 131.725MHz
Mode: G NACKLabel: SA Block ID: 9, Msg No: S26A
Flight ID: GR0000 REG: OKPHE


Message content:-
0EV153334V/
-------------------------------------------------------[2024-07-05 15:51:58.119]

SOURCE: AIR
RX_ID: 47, Freq: 131.725MHz
Mode: X NACKLabel: SA Block ID: 0, Msg No: S26A
Flight ID: GR0000 REG: OKPHE


Message content:-
0EV153334V/
-------------------------------------------------------[2024-07-05 15:52:10.003]

SOURCE: AIR
RX_ID: 48, Freq: 131.725MHz
Mode: E NACKLabel: SA Block ID: 2, Msg No: S26A
Flight ID: GR0000 REG: OKPHE


Message content:-
0EV153334V/
-------------------------------------------------------[2024-07-05 15:52:20.867]

SOURCE: AIR
RX_ID: 49, Freq: 131.725MHz
Mode: E NACKLabel: SA Block ID: 2, Msg No: S26A
Flight ID: GR0000 REG: OKPHE


Message content:-
0EV153334V/
-------------------------------------------------------[2024-07-05 15:52:31.910]

SOURCE: AIR
RX_ID: 50, Freq: 131.725MHz
Mode: E NACKLabel: SA Block ID: 2, Msg No: S26A
Flight ID: GR0000 REG: OKPHE


Message content:-
0EV153334V/
-------------------------------------------------------[2024-07-05 15:52:38.055]

SOURCE: AIR
RX_ID: 51, Freq: 131.725MHz
Mode: 2 NACKLabel: SA Block ID: 3, Msg No: S26A
Flight ID: GR0000 REG: OKPHE


Message content:-
0EV153334V/
-------------------------------------------------------[2024-07-05 15:52:55.059]

SOURCE: AIR
RX_ID: 52, Freq: 131.725MHz
Mode: E NACKLabel: SA Block ID: 5, Msg No: S26A
Flight ID: GR0000 REG: OKPHE


Message content:-
0EV153334V/
-------------------------------------------------------[2024-07-05 15:53:04.897]

SOURCE: AIR
RX_ID: 53, Freq: 131.725MHz
Mode: E NACKLabel: SA Block ID: 5, Msg No: S26A
Flight ID: GR0000 REG: OKPHE


Message content:-
0EV153334V/
-------------------------------------------------------[2024-07-05 15:53:14.700]

SOURCE: AIR
RX_ID: 54, Freq: 131.725MHz
Mode: E NACKLabel: SA Block ID: 5, Msg No: S26A
Flight ID: GR0000 REG: OKPHE


Message content:-
0EV153334V/
-------------------------------------------------------[2024-07-05 15:53:22.894]

SOURCE: AIR
RX_ID: 55, Freq: 131.725MHz
Mode: 2 NACKLabel: SA Block ID: 6, Msg No: S26A
Flight ID: GR0000 REG: OKPHE


Message content:-
0EV153334V/
-------------------------------------------------------[2024-07-05 15:53:32.326]

SOURCE: AIR
RX_ID: 56, Freq: 131.725MHz
Mode: G NACKLabel: SA Block ID: 8, Msg No: S26A
Flight ID: GR0000 REG: OKPHE


Message content:-
0EV153334V/
-------------------------------------------------------[2024-07-05 15:53:43.591]

SOURCE: AIR
RX_ID: 57, Freq: 131.725MHz
Mode: G NACKLabel: SA Block ID: 8, Msg No: S26A
Flight ID: GR0000 REG: OKPHE


Message content:-
0EV153334V/
-------------------------------------------------------[2024-07-05 15:53:50.762]

SOURCE: AIR
RX_ID: 58, Freq: 131.725MHz
Mode: X NACKLabel: 83 Block ID: 2, Msg No: M10A
Flight ID: GS0001 REG: DCSMC


Message content:-
001PR05155357N4505.1E00559.3400430    
-------------------------------------------------------[2024-07-05 15:53:59.974]

SOURCE: AIR
RX_ID: 59, Freq: 131.725MHz
Mode: E NACKLabel: SA Block ID: 0, Msg No: S26A
Flight ID: GR0000 REG: OKPHE


Message content:-
0EV153334V/
-------------------------------------------------------[2024-07-05 15:54:05.313]

SOURCE: AIR
RX_ID: 60, Freq: 131.725MHz
Mode: E NACKLabel: SA Block ID: 0, Msg No: S26A
Flight ID: GR0000 REG: OKPHE


Message content:-
0EV153334V/
-------------------------------------------------------[2024-07-05 15:54:14.311]

SOURCE: AIR
RX_ID: 61, Freq: 131.725MHz
Mode: E NACKLabel: SA Block ID: 0, Msg No: S26A
Flight ID: GR0000 REG: OKPHE


Message content:-
0EV153334V/
-------------------------------------------------------[2024-07-05 15:54:26.599]

SOURCE: AIR
RX_ID: 62, Freq: 131.725MHz
Mode: G NACKLabel: SA Block ID: 1, Msg No: S26A
Flight ID: GR0000 REG: OKPHE


Message content:-
0EV153334V/
-------------------------------------------------------[2024-07-05 15:54:36.437]

SOURCE: AIR
RX_ID: 63, Freq: 131.725MHz
Mode: G NACKLabel: SA Block ID: 1, Msg No: S26A
Flight ID: GR0000 REG: OKPHE


Message content:-
0EV153334V/
-------------------------------------------------------[2024-07-05 15:54:42.360]

SOURCE: AIR
RX_ID: 64, Freq: 131.725MHz
Mode: X NACKLabel: SA Block ID: 3, Msg No: S26A
Flight ID: GR0000 REG: OKPHE


Message content:-
0EV153334V/
-------------------------------------------------------[2024-07-05 15:54:51.979]

SOURCE: AIR
RX_ID: 65, Freq: 131.725MHz
Mode: E NACKLabel: SA Block ID: 5, Msg No: S26A
Flight ID: GR0000 REG: OKPHE


Message content:-
0EV153334V/
-------------------------------------------------------[2024-07-05 15:55:12.897]

SOURCE: AIR
RX_ID: 66, Freq: 131.725MHz
Mode: E NACKLabel: SA Block ID: 5, Msg No: S26A
Flight ID: GR0000 REG: OKPHE


Message content:-
0EV153334V/
-------------------------------------------------------[2024-07-05 15:55:33.964]

SOURCE: AIR
RX_ID: 67, Freq: 131.825MHz
Mode: 2 NACKLabel: 44 Block ID: 5, Msg No: M29A
Flight ID: GS0000 REG: DAVIB


Message content:-
00POS03,N43580E005285,410,EDMO,LEIB,0705,1616,1724,005.3
-------------------------------------------------------[2024-07-05 16:16:37.819]

SOURCE: AIR
RX_ID: 68, Freq: 131.825MHz
Mode: 2 NACKLabel: B9 Block ID: 6, Msg No: M30A
Flight ID: GS0000 REG: DAVIB


Message content:-
/LEIB.TI2/024LEIBA401B
-------------------------------------------------------[2024-07-05 16:16:47.034]

SOURCE: AIR
RX_ID: 69, Freq: 131.825MHz
Mode: 2 NACKLabel: 44 Block ID: 8, Msg No: M32A
Flight ID: GS0000 REG: DAVIB


Message content:-
00ETA03,N43464E005247,410,EDMO,LEIB,0705,1618,1618,005.2
-------------------------------------------------------[2024-07-05 16:18:16.928]

SOURCE: AIR
RX_ID: 70, Freq: 131.825MHz
Mode: 2 NACKLabel: 44 Block ID: 1, Msg No: M35A
Flight ID: GS0000 REG: DAVIB


Message content:-
00POS03,N43231E005171,410,EDMO,LEIB,0705,1621,1726,005.1
-------------------------------------------------------[2024-07-05 16:21:37.230]

SOURCE: AIR
RX_ID: 71, Freq: 131.825MHz
Mode: 2 NACKLabel: B9 Block ID: 2, Msg No: M36A
Flight ID: GS0000 REG: DAVIB


Message content:-
/LEIB.TI2/024LEIBA401B
-------------------------------------------------------[2024-07-05 16:22:28.649]

SOURCE: AIR
RX_ID: 72, Freq: 131.725MHz
Mode: G NACKLabel: QQ Block ID: 4, Msg No: M02A
Flight ID: UV0001 REG: FHGUI


Message content:-
LFMLLFK 1633
001FE05163329N4325.4E00513.3009121    
-------------------------------------------------------[2024-07-05 16:33:32.219]

SOURCE: AIR
RX_ID: 73, Freq: 131.725MHz
Mode: E NACKLabel: 44 Block ID: 2, Msg No: M63A
Flight ID: XA224B REG: N224BH


Message content:-
02N;E,-Irm039AX,,Q-,mI-m9ItrssIv*srI,],QI39m,I39Q9I,3-TA
-------------------------------------------------------[2024-07-05 16:40:11.583]

SOURCE: AIR
RX_ID: 74, Freq: 131.725MHz
Mode: G NACKLabel: 83 Block ID: 6, Msg No: M04A
Flight ID: UV0001 REG: FHGUI


Message content:-
001PR05165235N4319.5E00642.0270286    
-------------------------------------------------------[2024-07-05 16:52:37.246]

SOURCE: AIR
RX_ID: 75, Freq: 131.725MHz
Mode: X NACKLabel: SA Block ID: 3, Msg No: S19A
Flight ID: UV0001 REG: CSEFF


Message content:-
0EV171044V
-------------------------------------------------------[2024-07-05 17:11:00.949]

SOURCE: AIR
RX_ID: 76, Freq: 131.725MHz
Mode: X NACKLabel: SA Block ID: 3, Msg No: S19A
Flight ID: UV0001 REG: CSEFF


Message content:-
0EV171044V
-------------------------------------------------------[2024-07-05 17:11:10.788]

SOURCE: AIR
RX_ID: 77, Freq: 131.725MHz
Mode: X NACKLabel: SA Block ID: 0, Msg No: S23A
Flight ID: UV0001 REG: CSEFF


Message content:-
0EV171809V
-------------------------------------------------------[2024-07-05 17:18:15.539]

SOURCE: AIR
RX_ID: 78, Freq: 131.725MHz
Mode: X NACKLabel: SA Block ID: 0, Msg No: S23A
Flight ID: UV0001 REG: CSEFF


Message content:-
0EV171809V
-------------------------------------------------------[2024-07-05 17:18:24.975]

SOURCE: AIR
RX_ID: 79, Freq: 131.725MHz
Mode: 2 NACKLabel: SA Block ID: 8, Msg No: M12A
Flight ID: E10000 REG: F-ZBMI


Message content:-
0EV173201VS//302R15PMSMMMMM
-------------------------------------------------------[2024-07-05 17:32:03.175]

SOURCE: AIR
RX_ID: 80, Freq: 131.725MHz
Mode: 2 NACKLabel: 15 Block ID: 4, Msg No: M03A
Flight ID: XA0001 REG: T7RCW


Message content:-
(2N44152E  6406227 37283-32(Z
-------------------------------------------------------[2024-07-05 17:56:59.847]

SOURCE: AIR
RX_ID: 81, Freq: 131.725MHz
Mode: G NACKLabel: H1 Block ID: 7, Msg No: F10A
Flight ID: TO19HV REG: F-HUYK


Message content:-
#M1BPRG/FNTVF19HV/DTN44272E004401,LFPO,25O,68,185825,2AF07A
-------------------------------------------------------[2024-07-05 18:13:32.112]

SOURCE: AIR
RX_ID: 82, Freq: 131.725MHz
Mode: X NACKLabel: B9 Block ID: 9, Msg No: M19A
Flight ID: TO19HV REG: F-HUYK


Message content:-
/LFPO.TI2/040LFPOAD7ED
-------------------------------------------------------[2024-07-05 18:17:09.823]

SOURCE: AIR
RX_ID: 83, Freq: 131.725MHz
Mode: G NACKLabel: 42 Block ID: 5, Msg No: M97A
Flight ID: XA224B REG: N224BH


Message content:-
04D%L'!VNHm\F+(''X'HFV!H'VqzkNVqzG7VqzG7
-------------------------------------------------------[2024-07-05 18:23:58.401]

SOURCE: AIR
RX_ID: 84, Freq: 131.725MHz
Mode: G NACKLabel: 44 Block ID: 7, Msg No: M10A
Flight ID: XA224B REG: N224BH


Message content:-
02N;E,-Irm03]9X,,QQ3QI-m,Iv*srIv*E:I,],QI3A-QI3)-QI,,)T]
-------------------------------------------------------[2024-07-05 18:25:12.755]

SOURCE: AIR
RX_ID: 85, Freq: 131.725MHz
Mode: G ACK, A2GLabel: 44 Block ID: 7, Msg No: M10A
Flight ID: XA224B REG: N224BH


Message content:-
02N;E,-Irm03]9X,,QQ3QI-m,Iv*srIv*E:I,],QI3A-QI3)-QI,,)T]
-------------------------------------------------------[2024-07-05 18:25:16.226]

SOURCE: AIR
RX_ID: 86, Freq: 131.725MHz
Mode: 2 NACKLabel: 15 Block ID: 2, Msg No: M31A
Flight ID: ZD0001 REG: A6RJB


Message content:-
(2N43262E  5520--- 12146---(Z
-------------------------------------------------------[2024-07-05 18:34:38.416]

SOURCE: AIR
RX_ID: 87, Freq: 131.725MHz
Mode: G NACKLabel: 44 Block ID: 6, Msg No: M19A
Flight ID: XA224B REG: N224BH


Message content:-
09|\L4hc+NNNB6G44N6sNchN4c-W.+c-WLPc4s4Bc81N4c8Z68c44151
-------------------------------------------------------[2024-07-05 18:40:12.641]

SOURCE: AIR
RX_ID: 88, Freq: 131.725MHz
Mode: G NACKLabel: 16 Block ID: 9, Msg No: M30A
Flight ID: XSMBU6 REG: 2-BBMB


Message content:-
192649,,2025, 139,N 44.993 E  4.135
-------------------------------------------------------[2024-07-05 19:26:51.322]

SOURCE: AIR
RX_ID: 89, Freq: 131.825MHz
Mode: 2 NACKLabel: 44 Block ID: 1, Msg No: M18A
Flight ID: GS824R REG: CSDLH


Message content:-
09H\O46c+NBh46G446NBNcN44c-Leec-G.0c4s4Bc8Zhsch4Nhc44B5s
-------------------------------------------------------[2024-07-05 19:27:55.212]

SOURCE: AIR
RX_ID: 90, Freq: 131.725MHz
Mode: E NACKLabel: 10 Block ID: 1, Msg No: M23A
Flight ID: IB8031 REG: EC-FTR


Message content:-
DIA01LEBLEDDP    IB5T100995OFF        CLOSEDRLS131725OK  N/A OK      OK  OK  OK  N/A OK  PAPER 
-------------------------------------------------------[2024-07-05 20:33:47.311]

SOURCE: AIR
RX_ID: 91, Freq: 131.725MHz
Mode: E NACKLabel: 10 Block ID: 1, Msg No: M23A
Flight ID: IB8031 REG: EC-FTR


Message content:-
DIA01LEBLEDDP    IB5T100995OFF        CLOSEDRLS131725OK  N/A OK      OK  OK  OK  N/A OK  PAPER 
-------------------------------------------------------[2024-07-05 20:34:01.026]

SOURCE: AIR
RX_ID: 92, Freq: 131.825MHz
Mode: 2 NACKLabel: 16 Block ID: 6, Msg No: M73A
Flight ID: AP975P REG: EC-MTV


Message content:-
204927,26948,2141, 104,N 44.803 E  4.847
-------------------------------------------------------[2024-07-05 20:49:29.803]

SOURCE: AIR
RX_ID: 93, Freq: 131.825MHz
Mode: 2 NACKLabel: H1 Block ID: 4, Msg No: F03A
Flight ID: QY1685 REG: OE-LNA


Message content:-
#M1BPOSN43296E005165,ML362,204951,64,VENTA,205054,DOLIV,P17,18510,188,82CA
-------------------------------------------------------[2024-07-05 20:49:52.953]

SOURCE: AIR
RX_ID: 94, Freq: 131.825MHz
Mode: 2 NACKLabel: H1 Block ID: 7, Msg No: F36A
Flight ID: AP975P REG: EC-MTV


Message content:-
#M1BPRG/FNLAV975P/DTLIME,28O,71,213601,30BA8C
-------------------------------------------------------[2024-07-05 20:54:37.231]

SOURCE: AIR
RX_ID: 95, Freq: 131.825MHz
Mode: 2 NACKLabel: H1 Block ID: 7, Msg No: F04A
Flight ID: QY1685 REG: OE-LNA


Message content:-
#M1BPOSN44517E004599,,210242,322,OMASI,211216,KINNI,M41,22821,157,754857A
-------------------------------------------------------[2024-07-05 21:02:44.213]

SOURCE: AIR
RX_ID: 96, Freq: 131.825MHz
Mode: 2 NACKLabel: H1 Block ID: 7, Msg No: F04A
Flight ID: QY1685 REG: OE-LNA


Message content:-
#M1BPOSN44517E004599,,210242,322,OMASI,211216,KINNI,M41,22821,157,754857A
-------------------------------------------------------[2024-07-05 21:03:01.620]

SOURCE: AIR
RX_ID: 97, Freq: 131.825MHz
Mode: 2 NACKLabel: 5U Block ID: 8, Msg No: M06A
Flight ID: QY1685 REG: OE-LNA


Message content:-
10,WX,052103,QY1685,05,LFML,EDDP,8382178,LSGG,LFLL,EDDS,1,0,
-------------------------------------------------------[2024-07-05 21:03:26.635]

SOURCE: AIR
RX_ID: 98, Freq: 131.825MHz
Mode: 2 NACKLabel: 80 Block ID: 5, Msg No: M07A
Flight ID: QY1685 REG: OE-LNA


Message content:-
10,OPS,052106,QY1685,05,LFML,EDDP,8382178,HI EVERYONE FOR TRAINING,PURPOSE ,NICE WEEKEND,,,,,
-------------------------------------------------------[2024-07-05 21:06:25.218]

SOURCE: AIR
RX_ID: 99, Freq: 131.525MHz
Mode: T NACKLabel: H1 Block ID: 1, Msg No: F58B
Flight ID: AF7314 REG: F-GMZC


Message content:-
#M1B.053,,CB007,CRUISE.053,,CB007,CRUISE.053,,CB007,CRUISE.053,,CB007,CRUISE/TS211254,050724D2EE
-------------------------------------------------------[2024-07-05 21:13:02.528]

SOURCE: AIR
RX_ID: 100, Freq: 131.525MHz
Mode: T NACKLabel: H1 Block ID: 2, Msg No: F59A
Flight ID: AF7314 REG: F-GMZC


Message content:-
#M1BREJPWI,194708,053,,CB007,CLIMB.053,,CB007,CLIMB.053,,CB007,CLIMB.053,,CB007,CLIMB.053,,CB007,CLIMB.053,,CB007,CRUISE.053,,CB007,CRUISE.053,,CB007,CRUISE.053,,CB007,CRUISE.053,,CB007,CRUISE.053,,CB007,CRUISE
-------------------------------------------------------[2024-07-05 21:17:26.102]

SOURCE: AIR
RX_ID: 101, Freq: 131.525MHz
Mode: T NACKLabel: H1 Block ID: 3, Msg No: F59B
Flight ID: AF7314 REG: F-GMZC


Message content:-
#M1B.053,,CB007,CRUISE.053,,CB007,CRUISE.053,,CB007,CRUISE.053,,CB007,CRUISE.027,,001,/TS211719,050724E19F
-------------------------------------------------------[2024-07-05 21:17:29.395]

SOURCE: AIR
RX_ID: 102, Freq: 131.525MHz
Mode: T NACKLabel: 2Z Block ID: 5, Msg No: M94A
Flight ID: AF7314 REG: F-GMZC


Message content:-
LFMN
-------------------------------------------------------[2024-07-05 21:20:04.201]

SOURCE: AIR
RX_ID: 103, Freq: 131.525MHz
Mode: T NACKLabel: 2F Block ID: 6, Msg No: M95A
Flight ID: AF7314 REG: F-GMZC


Message content:-
2121+4456+503/3355
-------------------------------------------------------[2024-07-05 21:21:57.868]

SOURCE: AIR
RX_ID: 104, Freq: 131.525MHz
Mode: T NACKLabel: 26 Block ID: 8, Msg No: M96A
Flight ID: AF7314 REG: F-GMZC


Message content:-
2128LFPGAF7314/052143LFMN04L
-------------------------------------------------------[2024-07-05 21:28:04.464]

SOURCE: AIR
RX_ID: 105, Freq: 131.825MHz
Mode: 2 NACKLabel: 44 Block ID: 2, Msg No: M76A
Flight ID: GS0767 REG: DAFBS


Message content:-
02N;E,0Irm03Q,X,,Qm3mI3)0IvXk:Iv*srI,],QI--,)I---3I,,mT-
-------------------------------------------------------[2024-07-05 22:09:19.722]

SOURCE: AIR
RX_ID: 106, Freq: 131.825MHz
Mode: 2 NACKLabel: H1 Block ID: 1, Msg No: C14A
Flight ID: VY03DH REG: EC-JYX


Message content:-
#CFBWRN/WN24070522180046200006DATALINK COMPANY FAULT  
-------------------------------------------------------[2024-07-05 22:18:35.757]

SOURCE: AIR
RX_ID: 107, Freq: 131.725MHz
Mode: X NACKLabel: H1 Block ID: 9, Msg No: F15A
Flight ID: CC2614 REG: TF-AKE


Message content:-
#M1BPOSN44270E005388,,222104,330,KAMER,230228,CSO,M46,22839,1930,84,7090
-------------------------------------------------------[2024-07-05 22:21:08.773]

SOURCE: AIR
RX_ID: 108, Freq: 131.725MHz
Mode: X NACKLabel: 5U Block ID: 0, Msg No: M06A
Flight ID: CC2614 REG: TF-AKE


Message content:-
  01 WXRQ   2614/05 EBLG/DNPO .TF-AKE
/TYP 1/STA LFMT/STA LFML/STA DABC
-------------------------------------------------------[2024-07-05 22:21:19.818]

SOURCE: AIR
RX_ID: 109, Freq: 131.725MHz
Mode: X NACKLabel: H1 Block ID: 3, Msg No: F16A
Flight ID: CC2614 REG: TF-AKE


Message content:-
#M1BPOSN43241E005438,,222904,330,KAMER,230156,CSO,M45,24431,1894,84,961C
-------------------------------------------------------[2024-07-05 22:29:08.417]

