SOURCE: AIR
RX_ID: 35, Freq: 131.825MHz
Mode: 2 ACK, A2GLabel: _d Block ID: 7, Msg No: S85A
Flight ID: QY8000 REG: OE-LNH


Message content:-

-------------------------------------------------------[2024-01-31 02:45:37.214]

SOURCE: AIR
RX_ID: 36, Freq: 131.825MHz
Mode: 2 NACKLabel: Q0 Block ID: 5, Msg No: S85A
Flight ID: QY1956 REG: D-ALEV


Message content:-

-------------------------------------------------------[2024-01-31 04:27:27.425]

SOURCE: AIR
RX_ID: 37, Freq: 131.825MHz
Mode: 2 NACKLabel: Q0 Block ID: 5, Msg No: S92A
Flight ID: WB0710 REG: 9XR-WN


Message content:-

-------------------------------------------------------[2024-01-31 05:11:12.600]

SOURCE: AIR
RX_ID: 38, Freq: 131.825MHz
Mode: 2 NACKLabel: 5V Block ID: 1, Msg No: S58A
Flight ID: LH099H REG: D-AILX


Message content:-

-------------------------------------------------------[2024-01-31 07:22:57.706]

SOURCE: AIR
RX_ID: 39, Freq: 131.725MHz
Mode: G NACKLabel: Q0 Block ID: 7, Msg No: S41A
Flight ID: CC2616 REG: TF-AMU


Message content:-

-------------------------------------------------------[2024-01-31 08:24:10.560]

SOURCE: AIR
RX_ID: 40, Freq: 131.825MHz
Mode: 2 NACKLabel: Q0 Block ID: 4, Msg No: S88A
Flight ID: VY31QR REG: EC-NGB


Message content:-

-------------------------------------------------------[2024-01-31 10:19:46.345]

SOURCE: AIR
RX_ID: 41, Freq: 131.825MHz
Mode: 2 NACKLabel: H1 Block ID: 5, Msg No: C13A
Flight ID: VY31QR REG: EC-NGB


Message content:-
#CFBWRN/WN24013110190046200006DATALINK COMPANY FAULT  
-------------------------------------------------------[2024-01-31 10:19:52.268]

SOURCE: AIR
RX_ID: 42, Freq: 131.825MHz
Mode: 2 NACKLabel: H1 Block ID: 6, Msg No: C14A
Flight ID: VY31QR REG: EC-NGB


Message content:-
#CFBWRN/WN24013110190046200006DATALINK ATC FAULT      
-------------------------------------------------------[2024-01-31 10:19:58.850]

SOURCE: AIR
RX_ID: 43, Freq: 131.725MHz
Mode: G NACKLabel: Q0 Block ID: 0, Msg No: S29A
Flight ID: CV491N REG: LX-YCV


Message content:-

-------------------------------------------------------[2024-01-31 11:09:45.005]

SOURCE: AIR
RX_ID: 44, Freq: 131.825MHz
Mode: 2 NACKLabel: Q0 Block ID: 5, Msg No: M39A
Flight ID: GS541V REG: EC-MLV


Message content:-

-------------------------------------------------------[2024-01-31 11:55:57.890]

SOURCE: AIR
RX_ID: 45, Freq: 131.825MHz
Mode: 2 NACKLabel: Q0 Block ID: 2, Msg No: S67A
Flight ID: FR883D REG: EI-EVV


Message content:-

-------------------------------------------------------[2024-01-31 12:15:51.499]

SOURCE: AIR
RX_ID: 46, Freq: 131.825MHz
Mode: 2 NACKLabel: 10 Block ID: 3, Msg No: M82A
Flight ID: BA0082 REG: G-VIIG


Message content:-
ARR01       EGLL1415                                   ------------00
-------------------------------------------------------[2024-01-31 12:52:35.794]

SOURCE: AIR
RX_ID: 47, Freq: 131.825MHz
Mode: 2 NACKLabel: 10 Block ID: 4, Msg No: M83A
Flight ID: BA0082 REG: G-VIIG


Message content:-
FTX01.FIC
LOC IIG
-------------------------------------------------------[2024-01-31 12:53:00.188]

SOURCE: AIR
RX_ID: 48, Freq: 131.725MHz
Mode: 2 NACKLabel: Q0 Block ID: 2, Msg No: S88A
Flight ID: AH1217 REG: 7T-VJQ


Message content:-

-------------------------------------------------------[2024-01-31 13:17:42.086]

SOURCE: AIR
RX_ID: 49, Freq: 131.725MHz
Mode: 2 NACKLabel: SA Block ID: 3, Msg No: M50A
Flight ID: AH1217 REG: 7T-VJQ


Message content:-
0EV131744V
-------------------------------------------------------[2024-01-31 13:17:45.781]

SOURCE: AIR
RX_ID: 50, Freq: 131.725MHz
Mode: 2 NACKLabel: 5V Block ID: 4, Msg No: S89A
Flight ID: AH1217 REG: 7T-VJQ


Message content:-

-------------------------------------------------------[2024-01-31 13:18:14.052]

SOURCE: AIR
RX_ID: 51, Freq: 131.725MHz
Mode: 2 NACKLabel: Q0 Block ID: 5, Msg No: S90A
Flight ID: AH1217 REG: 7T-VJQ


Message content:-

-------------------------------------------------------[2024-01-31 13:22:23.910]

SOURCE: AIR
RX_ID: 52, Freq: 131.725MHz
Mode: G NACKLabel: SA Block ID: 6, Msg No: M51A
Flight ID: AH1217 REG: 7T-VJQ


Message content:-
0EV132226V
-------------------------------------------------------[2024-01-31 13:22:27.380]

