SOURCE: AIR
RX_ID: 594, Freq: 131.725MHz
Mode: G NACKLabel: 16 Block ID: 0, Msg No: M03A
Flight ID: SN029Q REG: OO-SFG


Message content:-
24SEP24,0157,N 44.400,E  6.493,39997,0259,22520
-------------------------------------------------------[2024-09-24 01:57:04.228]

SOURCE: AIR
RX_ID: 595, Freq: 131.725MHz
Mode: G NACKLabel: 16 Block ID: 0, Msg No: M03A
Flight ID: SN029Q REG: OO-SFG


Message content:-
24SEP24,0157,N 44.400,E  6.493,39997,0259,22520
-------------------------------------------------------[2024-09-24 01:57:24.488]

SOURCE: AIR
RX_ID: 596, Freq: 131.725MHz
Mode: G NACKLabel: 16 Block ID: 9, Msg No: M56A
Flight ID: SN038K REG: OO-SFH


Message content:-
24SEP24,0228,N 44.439,E  6.440,40000,0332,25720
-------------------------------------------------------[2024-09-24 02:28:18.680]

SOURCE: AIR
RX_ID: 597, Freq: 131.725MHz
Mode: E NACKLabel: 2F Block ID: 9, Msg No: M56A
Flight ID: AF0995 REG: F-GZNS


Message content:-
0236+4323+479/36135
FAOR/LFPG/36000/ -07/ -54/0.83/237232/223606/31.0/MTL-38 /MRM-37 / -88/   59
-------------------------------------------------------[2024-09-24 02:36:31.844]

SOURCE: AIR
RX_ID: 598, Freq: 131.725MHz
Mode: E NACKLabel: H1 Block ID: 0, Msg No: O50A
Flight ID: AF0995 REG: F-GZNS


Message content:-
#10BSB0122BA_F-GZNS  FAORLFPG 77
 43235 0048500236 36000-540274061010NXW011013
-------------------------------------------------------[2024-09-24 02:36:37.187]

SOURCE: AIR
RX_ID: 599, Freq: 131.725MHz
Mode: E NACKLabel: B6 Block ID: 1, Msg No: F21A
Flight ID: AF0995 REG: F-GZNS


Message content:-
/ACCFAYA.ADS.F-GZNS141ECFE01B29C8CA22ED9D0D1FAAF819E3C8CA0234201E80193248CA000A0D
-------------------------------------------------------[2024-09-24 02:37:17.484]

SOURCE: AIR
RX_ID: 600, Freq: 131.725MHz
Mode: E NACKLabel: B9 Block ID: 2, Msg No: L40A
Flight ID: AF0995 REG: F-GZNS


Message content:-
/LFPG.TI2/046LFPGCF3E7
-------------------------------------------------------[2024-09-24 02:39:18.443]

SOURCE: AIR
RX_ID: 601, Freq: 131.725MHz
Mode: E NACKLabel: B6 Block ID: 5, Msg No: F22A
Flight ID: AF0995 REG: F-GZNS


Message content:-
/ACCFAYA.ADS.F-GZNS071F26681AAAC8CA26699D0C0464B9E758200E7D48E980000F7AD19E4000C505
-------------------------------------------------------[2024-09-24 02:41:00.588]

SOURCE: AIR
RX_ID: 602, Freq: 131.725MHz
Mode: E NACKLabel: B6 Block ID: 8, Msg No: F23A
Flight ID: AF0995 REG: F-GZNS


Message content:-
/ACCFAYA.ADS.F-GZNS071F99F019FD88CA2B0A0D0C0464B9E758200E7D40ED3FF40F7B399F7FF4EA49
-------------------------------------------------------[2024-09-24 02:45:56.622]

SOURCE: AIR
RX_ID: 603, Freq: 131.725MHz
Mode: E NACKLabel: B6 Block ID: 9, Msg No: F24A
Flight ID: AF0995 REG: F-GZNS


Message content:-
/ACCFAYA.ADS.F-GZNS141FABB019E288CA2BBE0D0D201E80193248CA012120702818B288CA00F73E
-------------------------------------------------------[2024-09-24 02:46:42.090]

SOURCE: AIR
RX_ID: 604, Freq: 131.725MHz
Mode: E NACKLabel: 26 Block ID: 3, Msg No: M57A
Flight ID: AF0995 REG: F-GZNS


Message content:-
0248FAORAF0995/23
0333LFPG26L 
-------------------------------------------------------[2024-09-24 02:48:11.754]

SOURCE: AIR
RX_ID: 605, Freq: 131.725MHz
Mode: E NACKLabel: B6 Block ID: 4, Msg No: F25A
Flight ID: AF0995 REG: F-GZNS


Message content:-
/ACCFAYA.ADS.F-GZNS07200FE0194908CA2FAA0D0C0464B9E758200E7D30F040000F7B599E0000B505
-------------------------------------------------------[2024-09-24 02:50:52.710]

SOURCE: AIR
RX_ID: 606, Freq: 131.725MHz
Mode: G NACKLabel: B6 Block ID: 2, Msg No: J04A
Flight ID: SN028A REG: OO-SFD


Message content:-
/ACCFAYA.ADS.OO-SFD141EC0D82022894737A81D0D1F1590205DC94700D51F6EE8209D89470062A1
-------------------------------------------------------[2024-09-24 02:59:24.978]

SOURCE: AIR
RX_ID: 607, Freq: 131.725MHz
Mode: G NACKLabel: B6 Block ID: 3, Msg No: J05A
Flight ID: SN028A REG: OO-SFD


Message content:-
/ACCFAYA.ADS.OO-SFD071ECB802029C94738141D0C085332E018200E0148EB7FFC0F7E8198BFFCFBEF
-------------------------------------------------------[2024-09-24 02:59:52.047]

SOURCE: AIR
RX_ID: 608, Freq: 131.725MHz
Mode: G NACKLabel: B6 Block ID: 4, Msg No: J06A
Flight ID: SN028A REG: OO-SFD


Message content:-
/ACCFAYA.ADS.OO-SFD141F1690205E894702C81D0D1F6EE8209D894700D91FE4C820F3494700DC3A
-------------------------------------------------------[2024-09-24 03:03:00.997]

SOURCE: AIR
RX_ID: 609, Freq: 131.725MHz
Mode: G NACKLabel: B6 Block ID: 5, Msg No: J07A
Flight ID: SN028A REG: OO-SFD


Message content:-
/ACCFAYA.ADS.OO-SFD071F41A8207D4946C4781D0C085332E018200E0148EFC0000F7EB19840006155
-------------------------------------------------------[2024-09-24 03:04:49.075]

SOURCE: AIR
RX_ID: 610, Freq: 131.725MHz
Mode: G NACKLabel: B6 Block ID: 6, Msg No: J08A
Flight ID: SN028A REG: OO-SFD


Message content:-
/ACCFAYA.ADS.OO-SFD141F6FD0209E494706401D0D1FE4C820F3494701202044B0213A894700DA6F
-------------------------------------------------------[2024-09-24 03:06:42.999]

SOURCE: AIR
RX_ID: 611, Freq: 131.725MHz
Mode: G NACKLabel: B6 Block ID: 7, Msg No: J09A
Flight ID: SN028A REG: OO-SFD


Message content:-
/ACCFAYA.ADS.OO-SFD071FB90020D3894749181D0C085332E018200E0150EF00000F7F099A400075D2
-------------------------------------------------------[2024-09-24 03:09:44.865]

SOURCE: AIR
RX_ID: 612, Freq: 131.725MHz
Mode: G NACKLabel: B6 Block ID: 8, Msg No: J10A
Flight ID: SN028A REG: OO-SFD


Message content:-
/ACCFAYA.ADS.OO-SFD141FE57020F409470AD01D0D2044B0213A894700EA205B60214B8947001505
-------------------------------------------------------[2024-09-24 03:11:35.055]

SOURCE: AIR
RX_ID: 613, Freq: 131.725MHz
Mode: G NACKLabel: 16 Block ID: 9, Msg No: M10A
Flight ID: SN028A REG: OO-SFD


Message content:-
24SEP24,0312,N 44.934,E  5.800,38005,0411,26040
-------------------------------------------------------[2024-09-24 03:12:07.640]

SOURCE: AIR
RX_ID: 614, Freq: 131.825MHz
Mode: 2 NACKLabel: B9 Block ID: 9, Msg No: L28A
Flight ID: QY8030 REG: OE-LNO


Message content:-
/LEBL.TI2/024LEBLA93E5
-------------------------------------------------------[2024-09-24 03:42:43.737]

SOURCE: AIR
RX_ID: 615, Freq: 131.825MHz
Mode: 2 NACKLabel: H1 Block ID: 4, Msg No: F27A
Flight ID: QY8030 REG: OE-LNO


Message content:-
#M1BPOSN43226E004504,MTG14,034523,390,DIV15,034755,NILDU,M54,27359,219,7766EC6
-------------------------------------------------------[2024-09-24 03:45:26.038]

SOURCE: AIR
RX_ID: 616, Freq: 131.725MHz
Mode: G NACKLabel: 24 Block ID: 9, Msg No: M90A
Flight ID: DL0232 REG: N1604R


Message content:-
230424 KJFK LIRN6
-------------------------------------------------------[2024-09-24 04:06:39.840]

SOURCE: AIR
RX_ID: 617, Freq: 131.725MHz
Mode: G NACKLabel: H1 Block ID: 9, Msg No: C01A
Flight ID: AF7343 REG: F-GMZC


Message content:-
#CFBFLR/FR24092404100030310005SDAC1:NO DATA FROM      PHC1/IDECAM 2,ECAM 1
-------------------------------------------------------[2024-09-24 04:11:20.700]

SOURCE: AIR
RX_ID: 618, Freq: 131.725MHz
Mode: G NACKLabel: 37 Block ID: 1, Msg No: M91A
Flight ID: DL0232 REG: N1604R


Message content:-
230437 KJFK LIRN6
0524








-------------------------------------------------------[2024-09-24 04:15:03.097]

SOURCE: AIR
RX_ID: 619, Freq: 131.725MHz
Mode: G NACKLabel: 2T Block ID: 0, Msg No: M11A
Flight ID: AF7343 REG: F-GMZC


Message content:-
4
-------------------------------------------------------[2024-09-24 04:16:00.433]

SOURCE: AIR
RX_ID: 620, Freq: 131.725MHz
Mode: E NACKLabel: 16 Block ID: 9, Msg No: M24A
Flight ID: P47578 REG: 5N-BVE


Message content:-
POSA1N44520E  4673,MTL    ,041451,399,MTL-25 ,042003,,-52, 35, 186,828
-------------------------------------------------------[2024-09-24 04:19:52.493]

SOURCE: AIR
RX_ID: 621, Freq: 131.725MHz
Mode: G NACKLabel: B9 Block ID: 4, Msg No: L02A
Flight ID: AF7343 REG: F-GMZC


Message content:-
/LFLL.TI2/064LFLLAD2FE
-------------------------------------------------------[2024-09-24 04:20:43.179]

SOURCE: AIR
RX_ID: 622, Freq: 131.725MHz
Mode: G NACKLabel: 2F Block ID: 7, Msg No: M12A
Flight ID: AF7343 REG: F-GMZC


Message content:-
0425+4476+482/2655
-------------------------------------------------------[2024-09-24 04:25:12.233]

SOURCE: AIR
RX_ID: 623, Freq: 131.725MHz
Mode: E NACKLabel: B9 Block ID: 0, Msg No: L37A
Flight ID: P47578 REG: 5N-BVE


Message content:-
/EGKK.TI2/046EGKKAFB92
-------------------------------------------------------[2024-09-24 04:25:57.289]

SOURCE: AIR
RX_ID: 624, Freq: 131.725MHz
Mode: G NACKLabel: H1 Block ID: 8, Msg No: D13A
Flight ID: AF7343 REG: F-GMZC


Message content:-
#DFBA31/A32131,1,1/C1F-GMZC,SEP24,041056,LFML,LFPG,0078/C205,00000,8100,32,0010,0,0000,00,X/C30175,02417,164,259,7453,243,C53025/C44346,0516,02355,0135,293/4C0002,164,N0107,074951,010/C54347,0514,02922,0130,278
-------------------------------------------------------[2024-09-24 04:27:11.821]

SOURCE: AIR
RX_ID: 625, Freq: 131.725MHz
Mode: G NACKLabel: H1 Block ID: 9, Msg No: D13B
Flight ID: AF7343 REG: F-GMZC


Message content:-
#DFB/5C0001,164,00021,074897,009/C64348,0513,03398,0112,270/6CN005,170,N0039,075151,010/C74350,0511,03733,0107,281/7C0010,189,00008,075405,011/C84351,0509,04016,0100,294/8C0003,212,N0717,075423,011/C94352,0507,
-------------------------------------------------------[2024-09-24 04:27:15.332]

SOURCE: AIR
RX_ID: 626, Freq: 131.725MHz
Mode: G NACKLabel: H1 Block ID: 0, Msg No: D13C
Flight ID: AF7343 REG: F-GMZC


Message content:-
#DFB04467,0100,296/9C0001,235,00155,075659,019/C04354,0505,05302,0082,282/0C0056,240,N0166,075677,021/E14356,0503,05912,0065,270/1E0037,247,N0305,075695,024/E24358,0502,06684,0042,261/2E0004,249,00030,075459,02
-------------------------------------------------------[2024-09-24 04:27:20.015]

SOURCE: AIR
RX_ID: 627, Freq: 131.725MHz
Mode: G NACKLabel: H1 Block ID: 1, Msg No: D13D
Flight ID: AF7343 REG: F-GMZC


Message content:-
#DFB5/E34361,0502,07489,0025,257/3EN006,249,00065,075677,028/E44363,0500,08336,0007,258/4EN016,250,00406,075659,028/E54365,0499,09189,N005,261/5E0007,250,00107,075405,027/E64368,0498,10055,N012,261/6E0004,246,N
-------------------------------------------------------[2024-09-24 04:27:24.109]

SOURCE: AIR
RX_ID: 628, Freq: 131.725MHz
Mode: G NACKLabel: H1 Block ID: 2, Msg No: D13E
Flight ID: AF7343 REG: F-GMZC


Message content:-
#DFB0560,075622,027/E74370,0497,10552,N020,256/7E0000,257,00043,075604,027/E84373,0496,10897,N025,256/8EN001,272,N0086,075568,025/E94376,0494,11217,N035,260/9EN000,289,00454,075314,026/E04379,0493,11732,N037,25
-------------------------------------------------------[2024-09-24 04:27:27.620]

SOURCE: AIR
RX_ID: 629, Freq: 131.725MHz
Mode: G NACKLabel: H1 Block ID: 3, Msg No: D13F
Flight ID: AF7343 REG: F-GMZC


Message content:-
#DFB6/0E0083,294,00183,075514,027/N14382,0492,12368,N045,252/1NN000,295,N0156,075495,033/N24386,XXXXX,13102,N055,252/2NN006,293,N0450,075223,037/N34389,XXXXX,13660,N067,244/3NN006,294,N0131,075423,037/N44392,04
-------------------------------------------------------[2024-09-24 04:27:33.546]

SOURCE: AIR
RX_ID: 630, Freq: 131.725MHz
Mode: G NACKLabel: H1 Block ID: 5, Msg No: D13H
Flight ID: AF7343 REG: F-GMZC


Message content:-
#DFB4,040/N84406,0487,16823,N135,249/8NN009,298,00672,075278,038/N94409,0486,17495,N145,250/9NN009,296,N0223,075241,033/N04413,0486,18114,N162,249/0NN011,295,N0069,074987,036/S14417,0485,18737,N180,254/1SN002,2
-------------------------------------------------------[2024-09-24 04:27:41.518]

SOURCE: AIR
RX_ID: 631, Freq: 131.725MHz
Mode: G NACKLabel: H1 Block ID: 6, Msg No: D13I
Flight ID: AF7343 REG: F-GMZC


Message content:-
#DFB96,N0073,075187,040/S24420,0484,19382,N195,255/2SN008,295,N0247,075151,042/S34424,0483,19972,N207,259/3SN008,296,00174,074897,044/S44428,0483,20594,N222,260/4SN008,294,N0078,075096,042/S54431,XXXXX,21162,N2
-------------------------------------------------------[2024-09-24 04:27:45.430]

SOURCE: AIR
RX_ID: 632, Freq: 131.725MHz
Mode: G NACKLabel: H1 Block ID: 9, Msg No: D13L
Flight ID: AF7343 REG: F-GMZC


Message content:-
#DFB74879,034/T34462,0481,24514,N310,253/3TN009,296,N0062,074860,035/T44467,0481,24904,N320,250/4TN007,295,00018,074606,036/T54470,0482,25252,N330,251/5TN008,296,N0064,074806,037/T64474,0482,25626,N340,251/6TN0
-------------------------------------------------------[2024-09-24 04:27:55.854]

SOURCE: AIR
RX_ID: 633, Freq: 131.725MHz
Mode: E NACKLabel: 2F Block ID: 5, Msg No: M68A
Flight ID: AF0929 REG: F-GZCG


Message content:-
0429+4364+483/40116
FCPP/LFPG/40003//-53/0.80/156861/145179//ETREK  //-88/038
-------------------------------------------------------[2024-09-24 04:29:51.164]

SOURCE: AIR
RX_ID: 634, Freq: 131.725MHz
Mode: E NACKLabel: B9 Block ID: 6, Msg No: J84A
Flight ID: AF0929 REG: F-GZCG


Message content:-
/LFPG.TI2/000LFPGA9F82
-------------------------------------------------------[2024-09-24 04:37:02.678]

SOURCE: AIR
RX_ID: 635, Freq: 131.725MHz
Mode: E NACKLabel: B9 Block ID: 3, Msg No: J86A
Flight ID: AF0929 REG: F-GZCG


Message content:-
/LFLL.TI2/000LFLLA757A
-------------------------------------------------------[2024-09-24 04:37:59.436]

SOURCE: AIR
RX_ID: 636, Freq: 131.725MHz
Mode: E NACKLabel: 2F Block ID: 3, Msg No: M95A
Flight ID: AF0705 REG: F-GSPK


Message content:-
0453+4493+479/40116
DIAP/LFPG/40002/ +05/ -52/0.83/193632/182202/32.0/ETR-12 / -94/   34
-------------------------------------------------------[2024-09-24 04:53:56.296]

SOURCE: AIR
RX_ID: 637, Freq: 131.725MHz
Mode: E NACKLabel: 26 Block ID: 4, Msg No: M96A
Flight ID: AF0705 REG: F-GSPK


Message content:-
0454DIAPAF0705/23
0542LFPG26L 
-------------------------------------------------------[2024-09-24 04:54:29.691]

SOURCE: AIR
RX_ID: 638, Freq: 131.725MHz
Mode: E NACKLabel: H1 Block ID: 5, Msg No: D75A
Flight ID: AF0705 REG: F-GSPK


Message content:-
#DFBSB007CA_B777-200ER  3F-GSPK  AFR705  DIAPLFPG240924 045458   3ER
27245316FBSM71513 00
04:54:5828 05 03
04:54:5828 05 03
-------------------------------------------------------[2024-09-24 04:55:34.386]

SOURCE: AIR
RX_ID: 639, Freq: 131.825MHz
Mode: 2 NACKLabel: H1 Block ID: 5, Msg No: F16A
Flight ID: AA0240 REG: N775AN


Message content:-
#M1BPOSN44333E005094,BEP-26,045840,370,RETNO,050121,KOLON,M55,26539,5795C24
-------------------------------------------------------[2024-09-24 04:58:42.879]

SOURCE: AIR
RX_ID: 640, Freq: 131.825MHz
Mode: 2 NACKLabel: H1 Block ID: 6, Msg No: F17A
Flight ID: AA0240 REG: N775AN


Message content:-
#M1BPOSN44233E005379,RETNO,050121,370,KOLON,050930,RAPUR,M56,27247,573D3C4
-------------------------------------------------------[2024-09-24 05:01:23.645]

SOURCE: AIR
RX_ID: 641, Freq: 131.825MHz
Mode: 2 NACKLabel: H1 Block ID: 7, Msg No: D67A
Flight ID: AA0240 REG: N775AN


Message content:-
#DFBTRP KDFW LIRF 07  8  36  10  0 045150
 45.5557   1.6663370004536004830.0070.004 35.75 -85.08 62200-48 217OFF
 45.4194   2.2455370014528804840.0190.016 32.63 -83.67 61480-48 217OFF
 45.2836   2.8247370044
-------------------------------------------------------[2024-09-24 05:03:54.796]

SOURCE: AIR
RX_ID: 642, Freq: 131.825MHz
Mode: 2 NACKLabel: H1 Block ID: 8, Msg No: D67B
Flight ID: AA0240 REG: N775AN


Message content:-
#DFB522004810.0050.003 40.38 -88.24 60800-49 217OFF
 45.1478   3.4042370024514804800.0110.005 41.38 -90.35 60080-52 217OFF
 44.9866   3.9618370024508404840.0110.007 33.50-104.06 59440-51 217OFF
-------------------------------------------------------[2024-09-24 05:04:01.342]

SOURCE: AIR
RX_ID: 643, Freq: 131.825MHz
Mode: 2 NACKLabel: H1 Block ID: 9, Msg No: F18A
Flight ID: AA0240 REG: N775AN


Message content:-
#M1BPOSN43528E007064,KOLON,050932,370,RAPUR,051959,RATAP,M57,26558,5547532
-------------------------------------------------------[2024-09-24 05:09:34.769]

SOURCE: AIR
RX_ID: 644, Freq: 131.825MHz
Mode: 2 NACKLabel: 5U Block ID: 0, Msg No: M18A
Flight ID: AA0240 REG: N775AN


Message content:-
OS LIRF /WXRLIRF
-------------------------------------------------------[2024-09-24 05:11:53.230]

SOURCE: AIR
RX_ID: 645, Freq: 131.825MHz
Mode: 2 NACKLabel: 5Z Block ID: 2, Msg No: M19A
Flight ID: AA0240 REG: N775AN


Message content:-
OS LIRF /ALT00000550
-------------------------------------------------------[2024-09-24 05:13:10.103]

SOURCE: AIR
RX_ID: 646, Freq: 131.825MHz
Mode: 2 NACKLabel: H1 Block ID: 7, Msg No: 100A
Flight ID: EK081W REG: A6-EWF


Message content:-
#T1BRRC7  AIRSHOW 105
-------------------------------------------------------[2024-09-24 05:30:17.265]

SOURCE: AIR
RX_ID: 647, Freq: 131.825MHz
Mode: 2 NACKLabel: 39 Block ID: 5, Msg No: M82A
Flight ID: NW0206 REG: N809NW


Message content:-
230539 KDTW LIRF8
/FN 0206
0625                                   
/TCI     
-------------------------------------------------------[2024-09-24 05:35:44.553]

SOURCE: AIR
RX_ID: 648, Freq: 131.825MHz
Mode: 2 NACKLabel: 3A Block ID: 8, Msg No: M29A
Flight ID: EK081W REG: A6-EWF


Message content:-
WXR01UAE255    /23240536OMDBLEBL
/TYP M/STA LEBL/STA LEPA/STA LEGE
-------------------------------------------------------[2024-09-24 05:36:39.771]

SOURCE: AIR
RX_ID: 649, Freq: 131.825MHz
Mode: 2 NACKLabel: B6 Block ID: 9, Msg No: F74A
Flight ID: EK081W REG: A6-EWF


Message content:-
/DXBEGEK.ADS.A6-EWF071F18B026038902A2691F98EE
-------------------------------------------------------[2024-09-24 05:36:45.695]

SOURCE: AIR
RX_ID: 650, Freq: 131.725MHz
Mode: G NACKLabel: B9 Block ID: 8, Msg No: L15A
Flight ID: DL0028 REG: N829MH


Message content:-
/LFMN.TI2/024LFMNA426A
-------------------------------------------------------[2024-09-24 05:38:46.057]

SOURCE: AIR
RX_ID: 651, Freq: 131.725MHz
Mode: G NACKLabel: H1 Block ID: 1, Msg No: D42A
Flight ID: DL0028 REG: N829MH


Message content:-
#DFB221N1805 0028240924054114306247369767-27-53 -1             911 911
    641642    4784 4840     09700962    100103    59 54   143149   //
////   0402  0101  601612   1055 22 30    136 136    000100100XX-22
-------------------------------------------------------[2024-09-24 05:41:31.576]

SOURCE: AIR
RX_ID: 652, Freq: 131.725MHz
Mode: G NACKLabel: H1 Block ID: 1, Msg No: D42A
Flight ID: DL0028 REG: N829MH


Message content:-
#DFB221N1805 0028240924054114306247369767-27-53 -1             911 911
    641642    4784 4840     09700962    100103    59 54   143149   //
////   0402  0101  601612   1055 22 30    136 136    000100100XX-22
-------------------------------------------------------[2024-09-24 05:41:42.002]

SOURCE: AIR
RX_ID: 653, Freq: 131.725MHz
Mode: G NACKLabel: H1 Block ID: 2, Msg No: D42B
Flight ID: DL0028 REG: N829MH


Message content:-
#DFB3 
 0
-------------------------------------------------------[2024-09-24 05:41:45.297]

SOURCE: AIR
RX_ID: 654, Freq: 131.850MHz
Mode: 2 NACKLabel: B9 Block ID: 5, Msg No: L46A
Flight ID: EK081W REG: A6-EWF


Message content:-
/LEBL.TI2/046LEBLAB980
-------------------------------------------------------[2024-09-24 05:43:32.374]

SOURCE: AIR
RX_ID: 655, Freq: 131.725MHz
Mode: G NACKLabel: H1 Block ID: 3, Msg No: F29A
Flight ID: DL0028 REG: N829MH


Message content:-
#M2BPOSN44298E005047,NISAR,054408,340,XIRBI,,DOTIG,M52,26155,244,7816FDD
-------------------------------------------------------[2024-09-24 05:44:10.813]

SOURCE: AIR
RX_ID: 656, Freq: 131.825MHz
Mode: 2 NACKLabel: H1 Block ID: 8, Msg No: O15A
Flight ID: EK081W REG: A6-EWF


Message content:-
#10BSB0122BA_A6-EWF  OMDBLEBL986
 43349 0056160544 35001-530259065090W/X015021
-------------------------------------------------------[2024-09-24 05:44:25.256]

SOURCE: AIR
RX_ID: 657, Freq: 131.725MHz
Mode: G NACKLabel: H1 Block ID: 4, Msg No: F30A
Flight ID: DL0028 REG: N829MH


Message content:-
#M2BPOSN44222E005159,XIRBI,054531,322,DOTIG,054736,VEDIK,M50,25656,242,780E4CB
-------------------------------------------------------[2024-09-24 05:45:33.757]

SOURCE: AIR
RX_ID: 658, Freq: 131.725MHz
Mode: G NACKLabel: H1 Block ID: 5, Msg No: F31A
Flight ID: DL0028 REG: N829MH


Message content:-
#M2BPOSN44093E005301,DOTIG,054736,266,VEDIK,055043,AMFOU,M37,24650,242,0CCA
-------------------------------------------------------[2024-09-24 05:47:39.709]

SOURCE: AIR
RX_ID: 659, Freq: 131.825MHz
Mode: 2 NACKLabel: B6 Block ID: 9, Msg No: F75A
Flight ID: EK081W REG: A6-EWF


Message content:-
/DXBEGEK.ADS.A6-EWF071E9D101CB5488BAD6A1FAB76
-------------------------------------------------------[2024-09-24 05:48:28.569]

SOURCE: AIR
RX_ID: 660, Freq: 131.725MHz
Mode: G NACKLabel: H1 Block ID: 6, Msg No: D43A
Flight ID: DL0028 REG: N829MH


Message content:-
#DFB239N1805 0028092424054834705 4415   562250 -7-31249 45XX-223 23800
 294 43800361459310B8W/XKJFKLFMN
-------------------------------------------------------[2024-09-24 05:48:44.624]

SOURCE: AIR
RX_ID: 661, Freq: 131.725MHz
Mode: G NACKLabel: H1 Block ID: 7, Msg No: F32A
Flight ID: DL0028 REG: N829MH


Message content:-
#M2BPOSN43513E005495,VEDIK,055044,199,AMFOU,055342,TIPIK,M21,26150,240,4B2F
-------------------------------------------------------[2024-09-24 05:50:48.309]

SOURCE: AIR
RX_ID: 662, Freq: 131.825MHz
Mode: 2 NACKLabel: H1 Block ID: 1, Msg No: C29F
Flight ID: EK081W REG: A6-EWF


Message content:-
#CFB24 ER I 2 PL
DB MULTI-MODE RECEIVER (RIGHT)
FDE 34503100 I 0301 24SEP24
MSG 3453801 I 0301 24SEP24 ER I 5 PL
MSG 3453011 I 0155 24SEP24 ER I 3 PL
DB MULTI-MODE RECEIVER (LEFT)
MSG 3453302 I 0155 24SEP
-------------------------------------------------------[2024-09-24 05:51:02.169]

SOURCE: AIR
RX_ID: 663, Freq: 131.825MHz
Mode: 2 NACKLabel: 16 Block ID: 7, Msg No: M44A
Flight ID: XSMBU6 REG: 2-UTMH


Message content:-
055117,37001,0653, 120,N 43.273 E  5.424
-------------------------------------------------------[2024-09-24 05:51:19.139]

SOURCE: AIR
RX_ID: 664, Freq: 131.725MHz
Mode: G NACKLabel: H1 Block ID: 8, Msg No: D44A
Flight ID: DL0028 REG: N829MH


Message content:-
#DFBENGINE BLEED REPORT

AID:N1805  DA:24/09    GMT:05:51    FNO: 349      ISFC: 1793
TAT:  51  SAT:-165   ALT: 18580   MACH:0649    FCNT:    6
GW:305720  FLT:0028-1  MODE:DESC    SID:AK-67-223
S/N L:70616
-------------------------------------------------------[2024-09-24 05:51:31.317]

SOURCE: AIR
RX_ID: 665, Freq: 131.725MHz
Mode: G NACKLabel: H1 Block ID: 9, Msg No: D44B
Flight ID: DL0028 REG: N829MH


Message content:-
#DFB2         DEPART:KJFK    DESTIN:LFMN
S/N R:707000

               ENG L     ENG R
HPSOV          OPN       OPN
PRV            OPN       OPN
PRSOV          OPN       OPN
FAV %            -420     -292
-------------------------------------------------------[2024-09-24 05:51:35.633]

SOURCE: AIR
RX_ID: 666, Freq: 131.725MHz
Mode: G NACKLabel: H1 Block ID: 0, Msg No: D44C
Flight ID: DL0028 REG: N829MH


Message content:-
#DFB
N1 SPD          4010     4012
HI STG PRESS    4350     4400
INTERM PRESS1    3352     3442
INTERM PRESS2    3384     3723
STRUT OVHT     NRML      NRML
DUCT PRESS       3238     3300
P-COOL TEMP    
-------------------------------------------------------[2024-09-24 05:51:39.326]

SOURCE: AIR
RX_ID: 667, Freq: 131.725MHz
Mode: G NACKLabel: H1 Block ID: 1, Msg No: D44D
Flight ID: DL0028 REG: N829MH


Message content:-
#DFB35372    35819
PACK HX TEMP    32425    33216
PACK FLOW       11256    11908
WING ANTI ICE  OFF
LT  ISO VLV    CLS
RT  ISO VLV    CLS
CTR ISO VLV    OPN

TRIGGER CODE   0000

STATUS WORDS  DW1  DW
-------------------------------------------------------[2024-09-24 05:51:42.983]

SOURCE: AIR
RX_ID: 668, Freq: 131.725MHz
Mode: G NACKLabel: H1 Block ID: 2, Msg No: D44E
Flight ID: DL0028 REG: N829MH


Message content:-
#DFB2  DW3  DW4  DW5  DW6  DW7  DW8  EICAS
LEFT          0000 0001 0000 0000 0000 0000 1040 0000 0000
RIGHT         0000 0001 0000 0000 0000 0000 1040 0000 0000

-------------------------------------------------------[2024-09-24 05:51:46.896]

SOURCE: AIR
RX_ID: 669, Freq: 131.725MHz
Mode: G NACKLabel: H1 Block ID: 3, Msg No: F33A
Flight ID: DL0028 REG: N829MH


Message content:-
#M2BPOSN43360E006064,AMFOU,055333,132,TIPIK,055606,MUS,M5,25239,239,FB32
-------------------------------------------------------[2024-09-24 05:53:36.245]

SOURCE: AIR
RX_ID: 670, Freq: 131.825MHz
Mode: 2 NACKLabel: H1 Block ID: 2, Msg No: F99A
Flight ID: AA0720 REG: N778AN


Message content:-
#M1BPOSN45076E004032,TOZ-24,060406,390,OTR-25,060552,BEPER,M50,26728,44114E0
-------------------------------------------------------[2024-09-24 06:04:07.988]

SOURCE: AIR
RX_ID: 671, Freq: 131.825MHz
Mode: 2 NACKLabel: H1 Block ID: 3, Msg No: F01A
Flight ID: AA0720 REG: N778AN


Message content:-
#M1BPOSN45001E004214,OTR-25,060552,390,BEPER,061053,RETNO,M50,26236,437799E
-------------------------------------------------------[2024-09-24 06:05:54.267]

SOURCE: AIR
RX_ID: 672, Freq: 131.725MHz
Mode: X NACKLabel: B9 Block ID: 6, Msg No: L00A
Flight ID: XR73VJ REG: 9H-CXB


Message content:-
/LEPA.TI2/024LEPAAC8BA
-------------------------------------------------------[2024-09-24 06:07:24.047]

SOURCE: AIR
RX_ID: 673, Freq: 131.725MHz
Mode: X NACKLabel: SA Block ID: 7, Msg No: M06A
Flight ID: XR73VJ REG: 9H-CXB


Message content:-
0EV060723V
-------------------------------------------------------[2024-09-24 06:07:27.557]

SOURCE: AIR
RX_ID: 674, Freq: 131.725MHz
Mode: X NACKLabel: B9 Block ID: 8, Msg No: L01A
Flight ID: XR73VJ REG: 9H-CXB


Message content:-
/LEPA.TI2/024LEPAAC8BA
-------------------------------------------------------[2024-09-24 06:07:41.052]

SOURCE: AIR
RX_ID: 675, Freq: 131.825MHz
Mode: 2 NACKLabel: H1 Block ID: 4, Msg No: D35A
Flight ID: AA0720 REG: N778AN


Message content:-
#DFBTRP KCLT LIRF 07  8 286   1  0 060138
 46.1543   1.4874390054284004780.0060.005 28.50 -86.84 47200-49 197OFF
 45.9493   2.0136389994277604810.0060.003 31.12 -95.98 46560-49 197OFF
 45.7414   2.5368390004
-------------------------------------------------------[2024-09-24 06:13:42.453]

SOURCE: AIR
RX_ID: 676, Freq: 131.825MHz
Mode: 2 NACKLabel: H1 Block ID: 5, Msg No: D35B
Flight ID: AA0720 REG: N778AN


Message content:-
#DFB271204810.0160.014 29.25 -87.54 45920-50 197OFF
 45.5277   3.0535389994264404820.0100.008 24.12 -78.05 45240-49 197OFF
 45.3133   3.5659389994258004820.0070.006 24.37 -79.10 44600-49 197OFF
-------------------------------------------------------[2024-09-24 06:13:49.403]

SOURCE: AIR
RX_ID: 677, Freq: 131.825MHz
Mode: 2 NACKLabel: B9 Block ID: 5, Msg No: L00A
Flight ID: AG0420 REG: EI-AZD


Message content:-
/LEBL.TI2/024LEBLA93E5
-------------------------------------------------------[2024-09-24 06:38:42.443]

SOURCE: AIR
RX_ID: 678, Freq: 131.725MHz
Mode: G NACKLabel: 5U Block ID: 8, Msg No: M20A
Flight ID: 7L8113 REG: VQ-BBM


Message content:-
  01 WXRQ   8113/24 KJFK/LLBG .VQ-BBM
/TYP 1/STA LIRF/STA     /STA     
-------------------------------------------------------[2024-09-24 07:28:37.134]

SOURCE: AIR
RX_ID: 679, Freq: 131.725MHz
Mode: E NACKLabel: B9 Block ID: 5, Msg No: J51A
Flight ID: TS0306 REG: C-GUBT


Message content:-
/LIPZ.TI2/000LIPZA3E43
-------------------------------------------------------[2024-09-24 08:09:15.188]

SOURCE: AIR
RX_ID: 680, Freq: 131.725MHz
Mode: X NACKLabel: 81 Block ID: 6, Msg No: M45A
Flight ID: TS0306 REG: C-GUBT


Message content:-
08Z ATIS PLS







-------------------------------------------------------[2024-09-24 08:18:13.816]

SOURCE: AIR
RX_ID: 681, Freq: 131.825MHz
Mode: 2 NACKLabel: SA Block ID: 7, Msg No: S15A
Flight ID: LX01DW REG: HB-IJL


Message content:-
0EV085535V
-------------------------------------------------------[2024-09-24 08:55:36.363]

SOURCE: AIR
RX_ID: 682, Freq: 131.825MHz
Mode: 2 NACKLabel: B0 Block ID: 2, Msg No: L45A
Flight ID: EK0220 REG: A6-EGH


Message content:-
/LIMM.AFN/FMHUAE220,.A6-EGH,896209,085638/FPON45136E006183,1/FCOADS,01/FCOATC,01FD89
-------------------------------------------------------[2024-09-24 08:56:41.273]

SOURCE: AIR
RX_ID: 683, Freq: 131.825MHz
Mode: 2 NACKLabel: B6 Block ID: 6, Msg No: F22A
Flight ID: EK0220 REG: A6-EGH


Message content:-
/DXBEGEK.ADS.A6-EGH07200FF8262C488BB7389D0CC3
-------------------------------------------------------[2024-09-24 08:58:56.223]

SOURCE: AIR
RX_ID: 684, Freq: 131.725MHz
Mode: X NACKLabel: H1 Block ID: 8, Msg No: F57A
Flight ID: DK1536 REG: OY-VKI


Message content:-
#M1BPOSN45122E005445,,085940,410,N44379E005319,090420,N44247E005271,M52,26436,235/TS085940,0924246DA1
-------------------------------------------------------[2024-09-24 08:59:45.632]

SOURCE: AIR
RX_ID: 685, Freq: 131.725MHz
Mode: X NACKLabel: H1 Block ID: 6, Msg No: D04A
Flight ID: DL0233 REG: N1604R


Message content:-
#DFB239N1604 0233092424090402803 4408   686339-22-50251 5912-167 93800
 280 433 102303000030NXWLIRNKJFK
-------------------------------------------------------[2024-09-24 09:04:28.073]

SOURCE: AIR
RX_ID: 686, Freq: 131.725MHz
Mode: X NACKLabel: H1 Block ID: 1, Msg No: F59A
Flight ID: DK1536 REG: OY-VKI


Message content:-
#M1BPOSN44356E005310,,090440,410,N44247E005271,090613,N44109E005221,M54,26346,220/TS090440,092424027D
-------------------------------------------------------[2024-09-24 09:04:46.298]

SOURCE: AIR
RX_ID: 687, Freq: 131.725MHz
Mode: 2 NACKLabel: H1 Block ID: 6, Msg No: F41A
Flight ID: XA0000 REG: CGOLD


Message content:-
#M1B/.RESREQ/AK,115/TS090643,240924
-------------------------------------------------------[2024-09-24 09:06:48.744]

SOURCE: AIR
RX_ID: 688, Freq: 131.725MHz
Mode: 2 NACKLabel: H1 Block ID: 7, Msg No: F42A
Flight ID: XA0000 REG: CGOLD


Message content:-
#M1B/.POS/TS090643,240924N44591E005490,,090643,365,BAGBI,092143,SIZZA,M50,25345,313,830D4FC
-------------------------------------------------------[2024-09-24 09:06:52.247]

SOURCE: AIR
RX_ID: 689, Freq: 131.725MHz
Mode: X NACKLabel: H1 Block ID: 3, Msg No: F60A
Flight ID: DK1536 REG: OY-VKI


Message content:-
#M1BRESREQ/AK,1158AF6
-------------------------------------------------------[2024-09-24 09:09:52.849]

SOURCE: AIR
RX_ID: 690, Freq: 131.725MHz
Mode: X NACKLabel: H1 Block ID: 4, Msg No: F61A
Flight ID: DK1536 REG: OY-VKI


Message content:-
#M1BPOSN43595E005127,,090950,410,N43272E004528,091434,N43056E004397,M53,26739,219/TS090950,0924246F23
-------------------------------------------------------[2024-09-24 09:09:56.124]

SOURCE: AIR
RX_ID: 691, Freq: 131.725MHz
Mode: G NACKLabel: H1 Block ID: 9, Msg No: D02D
Flight ID: TS0434 REG: C-GUBC


Message content:-
#DFB,047.3,0.32,0.06,0.27,036,0.44,N20.3
0433,0369
0429,0367
:

-------------------------------------------------------[2024-09-24 09:12:58.269]

SOURCE: AIR
RX_ID: 692, Freq: 131.825MHz
Mode: 2 NACKLabel: SA Block ID: 7, Msg No: S48A
Flight ID: LW69VJ REG: 9H-LOW


Message content:-
0EV091315V
-------------------------------------------------------[2024-09-24 09:13:16.666]

SOURCE: AIR
RX_ID: 693, Freq: 131.725MHz
Mode: G NACKLabel: H1 Block ID: 4, Msg No: D03E
Flight ID: TS0434 REG: C-GUBC


Message content:-
#DFB0.1,N00.2,N00.1,N00.1,N00.1,000.0,000.0,0101.8
N00.1,N00.1,N00.2,N00.0,N00.1,N00.0,000.0,000.0,0101.8
000.0,000.9,041,N058,0.839
N00.3,000.8,042,N056,0.838
:

-------------------------------------------------------[2024-09-24 09:13:17.539]

SOURCE: AIR
RX_ID: 694, Freq: 131.725MHz
Mode: X NACKLabel: H1 Block ID: 6, Msg No: F62A
Flight ID: DK1536 REG: OY-VKI


Message content:-
#M1BRESREQ/AK,1158AF6
-------------------------------------------------------[2024-09-24 09:14:52.412]

SOURCE: AIR
RX_ID: 695, Freq: 131.725MHz
Mode: X NACKLabel: H1 Block ID: 6, Msg No: F62A
Flight ID: DK1536 REG: OY-VKI


Message content:-
#M1BRESREQ/AK,1158AF6
-------------------------------------------------------[2024-09-24 09:15:01.776]

SOURCE: AIR
RX_ID: 696, Freq: 131.725MHz
Mode: X NACKLabel: H1 Block ID: 7, Msg No: F63A
Flight ID: DK1536 REG: OY-VKI


Message content:-
#M1BPOSN43255E004517,,091451,410,N43056E004397,091750,VATIR,M57,26843,210/TS091451,092424FCFF
-------------------------------------------------------[2024-09-24 09:15:05.069]

SOURCE: AIR
RX_ID: 697, Freq: 131.725MHz
Mode: G NACKLabel: SA Block ID: 2, Msg No: S24A
Flight ID: TS0434 REG: C-GUBC


Message content:-
0LS091639V
-------------------------------------------------------[2024-09-24 09:16:40.527]

SOURCE: AIR
RX_ID: 698, Freq: 131.825MHz
Mode: 2 NACKLabel: SA Block ID: 1, Msg No: M03A
Flight ID: GS0000 REG: N600JM


Message content:-
0EV092053VS/
-------------------------------------------------------[2024-09-24 09:20:59.562]

SOURCE: AIR
RX_ID: 699, Freq: 131.525MHz
Mode: 2 NACKLabel: H1 Block ID: 9, Msg No: F52A
Flight ID: XA0000 REG: CGCDS


Message content:-
#M1B/.RESREQ/AK,115/TS092224,240924
-------------------------------------------------------[2024-09-24 09:22:26.340]

SOURCE: AIR
RX_ID: 700, Freq: 131.825MHz
Mode: 2 NACKLabel: H1 Block ID: 7, Msg No: F33A
Flight ID: AA0239 REG: N775AN


Message content:-
#M1BPOSN44172E006272,BOD-04,092554,320,KOT-05,093101,ETREK,M47,24872,19632A0D
-------------------------------------------------------[2024-09-24 09:25:56.631]

SOURCE: AIR
RX_ID: 701, Freq: 131.725MHz
Mode: G NACKLabel: B9 Block ID: 5, Msg No: L05A
Flight ID: GS0001 REG: OONEY


Message content:-
/LFPB.TI2/024LFPBC2677
-------------------------------------------------------[2024-09-24 09:29:49.232]

SOURCE: AIR
RX_ID: 702, Freq: 131.825MHz
Mode: 2 NACKLabel: 16 Block ID: 0, Msg No: M78A
Flight ID: 6YTOM1 REG: 9H-ETA


Message content:-
093513,32001,1115, 141,N 43.191 E  4.823
-------------------------------------------------------[2024-09-24 09:35:14.931]

SOURCE: AIR
RX_ID: 703, Freq: 131.825MHz
Mode: 2 NACKLabel: H1 Block ID: 9, Msg No: D92A
Flight ID: AA0239 REG: N775AN


Message content:-
#DFBTRP LIRF KDFW 07  8  43   0  0 092459
 43.3769   8.2109319935970804850.0360.025 73.37-104.41200160-47 275OFF
 43.5771   7.8029320015962004850.0350.024 79.12-107.23199280-48 274OFF
 43.7939   7.4056320045
-------------------------------------------------------[2024-09-24 09:37:03.620]

SOURCE: AIR
RX_ID: 704, Freq: 131.825MHz
Mode: 2 NACKLabel: H1 Block ID: 0, Msg No: D92B
Flight ID: AA0239 REG: N775AN


Message content:-
#DFB952804810.0150.007 76.75-110.04198400-47 274OFF
 44.0080   6.9979320025943604820.0110.008 65.37-108.63197480-47 274OFF
 44.2241   6.5812319945934404860.0080.003 65.75-110.04196560-47 275OFF
-------------------------------------------------------[2024-09-24 09:37:09.850]

SOURCE: AIR
RX_ID: 705, Freq: 131.825MHz
Mode: 2 NACKLabel: B9 Block ID: 1, Msg No: M79A
Flight ID: 6YTOM1 REG: 9H-ETA


Message content:-
/EGCC.TI2/024EGCCAF1FF
-------------------------------------------------------[2024-09-24 09:40:33.582]

SOURCE: AIR
RX_ID: 706, Freq: 131.825MHz
Mode: 2 NACKLabel: H1 Block ID: 4, Msg No: D87A
Flight ID: 6YTOM1 REG: 9H-ETA


Message content:-
#DFBB80A
2409240942216Y1VW 

-------------------------------------------------------[2024-09-24 09:42:25.734]

SOURCE: AIR
RX_ID: 707, Freq: 131.850MHz
Mode: 2 NACKLabel: SA Block ID: 1, Msg No: S61A
Flight ID: EC38FQ REG: OE-IZJ


Message content:-
0EV094205V
-------------------------------------------------------[2024-09-24 09:47:32.132]

SOURCE: AIR
RX_ID: 708, Freq: 131.825MHz
Mode: 2 NACKLabel: 16 Block ID: 5, Msg No: M80A
Flight ID: 6YTOM1 REG: 9H-ETA


Message content:-
095014,32001,1116, 128,N 45.148 E  4.569
-------------------------------------------------------[2024-09-24 09:50:16.085]

SOURCE: AIR
RX_ID: 709, Freq: 131.825MHz
Mode: 2 NACKLabel: SA Block ID: 8, Msg No: S21A
Flight ID: AA0235 REG: N717AN


Message content:-
0EV100729VS
-------------------------------------------------------[2024-09-24 10:07:44.459]

SOURCE: AIR
RX_ID: 710, Freq: 131.825MHz
Mode: 2 NACKLabel: H1 Block ID: 1, Msg No: F60A
Flight ID: NW0183 REG: N814NW


Message content:-
#M1BRESPWI/AK8,071/TS101136,240924EFB7
-------------------------------------------------------[2024-09-24 10:11:36.914]

SOURCE: AIR
RX_ID: 711, Freq: 131.825MHz
Mode: 2 NACKLabel: 30 Block ID: 2, Msg No: M72A
Flight ID: NW0183 REG: N814NW


Message content:-
241030 LIRF KJFK7
/FN 0183
A D    
COPY. THANK YOU
-------------------------------------------------------[2024-09-24 10:12:57.809]

SOURCE: AIR
RX_ID: 712, Freq: 131.825MHz
Mode: 2 NACKLabel: H1 Block ID: 7, Msg No: D14A
Flight ID: NW0113 REG: N809NW


Message content:-
#DFB239023900301010098169
R39/A33039,1,1
239N809NW113 092424102158822 4402   685340-19-50256 70AG0514116720 287 432-0002991500B0NXWLIRFKBOS
-------------------------------------------------------[2024-09-24 10:22:13.449]

SOURCE: AIR
RX_ID: 713, Freq: 131.725MHz
Mode: E NACKLabel: B9 Block ID: 5, Msg No: M36A
Flight ID: GS0000 REG: FHBAN


Message content:-
/LEIB.TI2/024LEIBA401B
-------------------------------------------------------[2024-09-24 10:35:25.047]

SOURCE: AIR
RX_ID: 714, Freq: 131.725MHz
Mode: 2 NACKLabel: B9 Block ID: 5, Msg No: M29A
Flight ID: GS0000 REG: N20HQ


Message content:-
/LFMN.TI2/024LFMNA426A
-------------------------------------------------------[2024-09-24 10:35:26.067]

SOURCE: AIR
RX_ID: 715, Freq: 131.725MHz
Mode: E NACKLabel: 44 Block ID: 9, Msg No: M40A
Flight ID: GS0000 REG: FHBAN


Message content:-
011*4lSb_'SS(S6ll'~L?b~Slb\422b\6Gcbl?~'bAlS(bAA'EblllOq
-------------------------------------------------------[2024-09-24 10:38:27.975]

SOURCE: AIR
RX_ID: 716, Freq: 131.825MHz
Mode: 2 NACKLabel: H1 Block ID: 9, Msg No: D15A
Flight ID: NW0113 REG: N809NW


Message content:-
#DFB239023900401010098147
R39/A33039,1,1
239N809NW113 092424104158818 4521   389340-16-47261 32AG0514112160 285 452-001290150030NXWLIRFKBOS
-------------------------------------------------------[2024-09-24 10:42:08.502]

SOURCE: AIR
RX_ID: 717, Freq: 131.725MHz
Mode: X NACKLabel: 28 Block ID: 9, Msg No: M17A
Flight ID: SN03DY REG: OO-SFD


Message content:-
LSGG,LFML,LEPA,DTTJ,
N 45.191,E  5.858,36999,SN379
-------------------------------------------------------[2024-09-24 10:56:31.108]

SOURCE: AIR
RX_ID: 718, Freq: 131.725MHz
Mode: X NACKLabel: H1 Block ID: 0, Msg No: D03A
Flight ID: SN03DY REG: OO-SFD


Message content:-
#DFB001073100101010734095
R01/A33001,1,1
C1,.OO-SFD,24SEP24,10.57.51,EBBR,FKKD,BEL3DY    ,4000,565
C2,004,06.0,000000,D1333RR06C02BEL,000,052,052
C3,-20.5,37003,0.812,111,0.94,111,10,0,01,111,0.97,X
C4,-20
-------------------------------------------------------[2024-09-24 10:58:20.518]

SOURCE: AIR
RX_ID: 719, Freq: 131.725MHz
Mode: X ACK, A2GLabel: H1 Block ID: 0, Msg No: D03A
Flight ID: SN03DY REG: OO-SFD


Message content:-
#DFB001073100101010734095
R01/A33001,1,1
C1,.OO-SFD,24SEP24,10.57.51,EBBR,FKKD,BEL3DY    ,4000,565
C2,004,06.0,000000,D1333RR06C02BEL,000,052,052
C3,-20.5,37003,0.812,111,0.94,111,10,0,01,111,0.97,X
C4,-20
-------------------------------------------------------[2024-09-24 10:58:23.591]

SOURCE: AIR
RX_ID: 720, Freq: 131.725MHz
Mode: X ACK, A2GLabel: H1 Block ID: 1, Msg No: D03B
Flight ID: SN03DY REG: OO-SFD


Message content:-
#DFB.5,37001,0.812,111
C5,041029,75341,22786,26443,00443,10015,00000,00402,1E066,---
C6,042040,03700,02193,00787,00443,10016,00000,00402,16066
N1,1.450,1.448,078.75,086.4,088.1,0649,07.068,02858,08.14
N2,1.
-------------------------------------------------------[2024-09-24 10:58:28.083]

SOURCE: AIR
RX_ID: 721, Freq: 131.725MHz
Mode: X NACKLabel: 16 Block ID: 6, Msg No: M18A
Flight ID: SN03DY REG: OO-SFD


Message content:-
24SEP24,1103,N 44.322,E  5.707,37004,1626,95960
-------------------------------------------------------[2024-09-24 11:03:36.105]

SOURCE: AIR
RX_ID: 722, Freq: 131.825MHz
Mode: 2 NACKLabel: 16 Block ID: 1, Msg No: M08A
Flight ID: 4X04JW REG: 9H-MLD


Message content:-
111014,34988,1225,   6,N 44.943 E  5.829
-------------------------------------------------------[2024-09-24 11:10:14.982]

SOURCE: AIR
RX_ID: 723, Freq: 131.725MHz
Mode: X NACKLabel: H1 Block ID: 1, Msg No: F14A
Flight ID: CC2617 REG: TF-AMM


Message content:-
#M1BPOSN44184E005290,,112120,310,DOT04,112228,GIR05,M42,24464,2212,85,/TS112122,2409249D3E
-------------------------------------------------------[2024-09-24 11:21:24.550]

SOURCE: AIR
RX_ID: 724, Freq: 131.725MHz
Mode: X NACKLabel: H1 Block ID: 2, Msg No: C06A
Flight ID: CC2617 REG: TF-AMM


Message content:-
#CFB



 A RPT1  PG1  L-PLF SUMMARY REAL TIME            LT 24SEP24 1008
 B TF-AMM 24SEP24 1122 ABD2617 EBLG/FOOL 685-2270-012 PW-508 ER


 C 34210300A
 D 3470224SEP2411213421B7163  ERHA



-------------------------------------------------------[2024-09-24 11:22:36.520]

SOURCE: AIR
RX_ID: 725, Freq: 131.725MHz
Mode: X NACKLabel: H1 Block ID: 4, Msg No: C08A
Flight ID: CC2617 REG: TF-AMM


Message content:-
#CFB



 A RPT1  PG1  L-PLF SUMMARY REAL TIME            LT 24SEP24 1008
 B TF-AMM 24SEP24 1122 ABD2617 EBLG/FOOL 685-2270-012 PW-508 ER


 C 22108200A
 D 3470224SEP2411213421B7163  ERHA



-------------------------------------------------------[2024-09-24 11:23:00.484]

SOURCE: AIR
RX_ID: 726, Freq: 131.725MHz
Mode: X NACKLabel: H1 Block ID: 5, Msg No: C09A
Flight ID: CC2617 REG: TF-AMM


Message content:-
#CFB



 A RPT1  PG1  L-PLF SUMMARY REAL TIME            LT 24SEP24 1008
 B TF-AMM 24SEP24 1123 ABD2617 EBLG/FOOL 685-2270-012 PW-508 ER


 C 34210400A
 D 3470224SEP2411213421B7163  ERHA



-------------------------------------------------------[2024-09-24 11:23:40.124]

SOURCE: AIR
RX_ID: 727, Freq: 131.725MHz
Mode: X NACKLabel: H1 Block ID: 7, Msg No: F15A
Flight ID: CC2617 REG: TF-AMM


Message content:-
#M1BPOSN43190E005154,,112920,310,DIV08,113052,JUS09,M43,25171,2174,85,/TS112923,2409249598
-------------------------------------------------------[2024-09-24 11:29:24.665]

SOURCE: AIR
RX_ID: 728, Freq: 131.850MHz
Mode: 2 NACKLabel: SA Block ID: 4, Msg No: S42A
Flight ID: FR06BK REG: 9H-QCC


Message content:-
0EV113144V/
-------------------------------------------------------[2024-09-24 11:31:45.728]

SOURCE: AIR
RX_ID: 729, Freq: 131.825MHz
Mode: 2 NACKLabel: 16 Block ID: 5, Msg No: M59A
Flight ID: FR06BK REG: 9H-QCC


Message content:-
113437,,1226, 111,N   .    MMMM.MMM
-------------------------------------------------------[2024-09-24 11:34:39.369]

SOURCE: AIR
RX_ID: 730, Freq: 131.725MHz
Mode: G NACKLabel: 15 Block ID: 8, Msg No: M47A
Flight ID: TS0435 REG: C-GUBC


Message content:-
/FOB REMAINING 16094,/SUPPLIER ,/DENSITY 0798,/LOADED ,/UNITS LT
-------------------------------------------------------[2024-09-24 11:54:32.088]

SOURCE: AIR
RX_ID: 731, Freq: 131.725MHz
Mode: G NACKLabel: H1 Block ID: 0, Msg No: C19A
Flight ID: TS0435 REG: C-GUBC


Message content:-
#CFB.1/FLR/FR2409241200  26121506FDU2   1,,,,,,,ENG2 FIRE LOOP B/       FDU2(1WD2),HARD
-------------------------------------------------------[2024-09-24 12:01:43.520]

SOURCE: AIR
RX_ID: 732, Freq: 131.725MHz
Mode: G NACKLabel: 16 Block ID: 1, Msg No: M48A
Flight ID: TS0435 REG: C-GUBC


Message content:-
120318,17711,1941, 994,N 43.358,E  4.607
-------------------------------------------------------[2024-09-24 12:03:24.497]

SOURCE: AIR
RX_ID: 733, Freq: 131.725MHz
Mode: G NACKLabel: SA Block ID: 7, Msg No: S02A
Flight ID: DL0029 REG: N829MH


Message content:-
0EV120320VS
-------------------------------------------------------[2024-09-24 12:03:25.744]

SOURCE: AIR
RX_ID: 734, Freq: 131.725MHz
Mode: G NACKLabel: SA Block ID: 7, Msg No: S02A
Flight ID: DL0029 REG: N829MH


Message content:-
0EV120320VS
-------------------------------------------------------[2024-09-24 12:03:37.080]

SOURCE: AIR
RX_ID: 735, Freq: 131.725MHz
Mode: G NACKLabel: SA Block ID: 7, Msg No: S02A
Flight ID: DL0029 REG: N829MH


Message content:-
0EV120320VS
-------------------------------------------------------[2024-09-24 12:03:48.197]

SOURCE: AIR
RX_ID: 736, Freq: 131.725MHz
Mode: G NACKLabel: H1 Block ID: 8, Msg No: D09A
Flight ID: DL0029 REG: N829MH


Message content:-
#DFB/WX02EN24LFMNKJFK
N44213E00650312022272M2822480570XXXX23::QP/9W
N44294E00638012032438M3172350610XXXX23::J805Z
N44370E00624712042572M3522300630XXXX23::RGW/X
N44450E00610912052687M3902330550XXXX23::RG20)
-------------------------------------------------------[2024-09-24 12:07:51.296]

SOURCE: AIR
RX_ID: 737, Freq: 131.725MHz
Mode: G NACKLabel: H1 Block ID: 9, Msg No: D09B
Flight ID: DL0029 REG: N829MH


Message content:-
#DFB
N44531E00597112062896M4102390630XXXX23::J8/9W
N44609E00583612073082M4272470530XXXX2300B0/9W

-------------------------------------------------------[2024-09-24 12:07:54.369]

SOURCE: AIR
RX_ID: 738, Freq: 131.725MHz
Mode: G NACKLabel: 4H Block ID: 0, Msg No: M72A
Flight ID: DL0029 REG: N829MH


Message content:-
24124H LFMN KJFK6
  
WPR RESET





-------------------------------------------------------[2024-09-24 12:08:25.379]

SOURCE: AIR
RX_ID: 739, Freq: 131.725MHz
Mode: G NACKLabel: H1 Block ID: 3, Msg No: D10A
Flight ID: DL0029 REG: N829MH


Message content:-
#DFB239N1805 0029092424121133813 4481   522320-13-43253 47XX-223102000
 296 43900962837300B0W/XLFMNKJFK
-------------------------------------------------------[2024-09-24 12:11:49.929]

SOURCE: AIR
RX_ID: 740, Freq: 131.725MHz
Mode: G NACKLabel: B9 Block ID: 0, Msg No: L09A
Flight ID: AF7465 REG: F-GMZD


Message content:-
/LSGG.TI2/064LSGGE1993
-------------------------------------------------------[2024-09-24 13:10:41.402]

SOURCE: AIR
RX_ID: 741, Freq: 131.725MHz
Mode: G NACKLabel: B9 Block ID: 5, Msg No: L10A
Flight ID: AF7465 REG: F-GMZD


Message content:-
/LFPG.TI2/064LFPGC1844
-------------------------------------------------------[2024-09-24 13:11:24.227]

SOURCE: AIR
RX_ID: 742, Freq: 131.725MHz
Mode: G NACKLabel: 2F Block ID: 2, Msg No: M82A
Flight ID: AF7465 REG: F-GMZD


Message content:-
1316+4481+455/2767
-------------------------------------------------------[2024-09-24 13:16:58.674]

SOURCE: AIR
RX_ID: 743, Freq: 131.725MHz
Mode: G NACKLabel: 26 Block ID: 3, Msg No: M83A
Flight ID: AF7465 REG: F-GMZD


Message content:-
1322LFMTAF7465/241407LFPG26L
-------------------------------------------------------[2024-09-24 13:22:38.651]

SOURCE: AIR
RX_ID: 744, Freq: 131.825MHz
Mode: 2 NACKLabel: 16 Block ID: 6, Msg No: M17A
Flight ID: FR63YH REG: EI-EMM


Message content:-
133808,,1407, 134,N   .    MMMM.MMM
-------------------------------------------------------[2024-09-24 13:38:21.390]

SOURCE: AIR
RX_ID: 745, Freq: 131.825MHz
Mode: 2 NACKLabel: 16 Block ID: 9, Msg No: M73A
Flight ID: FR64RL REG: EI-DWS


Message content:-
134439,,1412, 106,N   .    MMMM.MMM
-------------------------------------------------------[2024-09-24 13:44:41.738]

SOURCE: AIR
RX_ID: 746, Freq: 131.525MHz
Mode: T NACKLabel: 2F Block ID: 1, Msg No: M39A
Flight ID: AF6223 REG: F-GRHF


Message content:-
1400+4462+640/3053
-------------------------------------------------------[2024-09-24 14:00:44.942]

SOURCE: AIR
RX_ID: 747, Freq: 131.525MHz
Mode: T NACKLabel: 26 Block ID: 2, Msg No: M40A
Flight ID: AF6223 REG: F-GRHF


Message content:-
1405LFMNAF6223/241450LFPO25 
-------------------------------------------------------[2024-09-24 14:05:02.663]

SOURCE: AIR
RX_ID: 748, Freq: 131.525MHz
Mode: T NACKLabel: 26 Block ID: 2, Msg No: M40A
Flight ID: AF6223 REG: F-GRHF


Message content:-
1405LFMNAF6223/241450LFPO25 
-------------------------------------------------------[2024-09-24 14:05:14.146]

SOURCE: AIR
RX_ID: 749, Freq: 131.725MHz
Mode: X NACKLabel: H1 Block ID: 9, Msg No: D67B
Flight ID: DL0149 REG: N834MH


Message content:-
#DFB0         DEPART:LIRF    DESTIN:KJFK
S/N R:707000

               ENG L     ENG R
HPSOV          CLS       CLS
PRV            OPN       OPN
PRSOV          OPN       OPN
FAV %            1629     1869
-------------------------------------------------------[2024-09-24 14:22:05.975]

SOURCE: AIR
RX_ID: 750, Freq: 131.725MHz
Mode: X NACKLabel: H1 Block ID: 0, Msg No: D67C
Flight ID: DL0149 REG: N834MH


Message content:-
#DFB
N1 SPD          9765     9769
HI STG PRESS   15650    15800
INTERM PRESS1    4844     4295
INTERM PRESS2    4305     3431
STRUT OVHT     NRML      NRML
DUCT PRESS       4688     3525
P-COOL TEMP    
-------------------------------------------------------[2024-09-24 14:22:09.484]

SOURCE: AIR
RX_ID: 751, Freq: 131.725MHz
Mode: X NACKLabel: H1 Block ID: 1, Msg No: D67D
Flight ID: DL0149 REG: N834MH


Message content:-
#DFB37331    37869
PACK HX TEMP    37316    34497
PACK FLOW       12820    12900
WING ANTI ICE  OFF
LT  ISO VLV    CLS
RT  ISO VLV    CLS
CTR ISO VLV    OPN

TRIGGER CODE   1000

STATUS WORDS  DW1  DW
-------------------------------------------------------[2024-09-24 14:22:13.144]

SOURCE: AIR
RX_ID: 752, Freq: 131.850MHz
Mode: 2 NACKLabel: B9 Block ID: 3, Msg No: M76A
Flight ID: FR58WX REG: EI-ENM


Message content:-
/LEGE.TI2/024LEGEAC28D
-------------------------------------------------------[2024-09-24 14:25:04.629]

SOURCE: AIR
RX_ID: 753, Freq: 131.850MHz
Mode: 2 NACKLabel: B9 Block ID: 3, Msg No: M76A
Flight ID: FR58WX REG: EI-ENM


Message content:-
/LEGE.TI2/024LEGEAC28D
-------------------------------------------------------[2024-09-24 14:25:25.912]

SOURCE: AIR
RX_ID: 754, Freq: 131.825MHz
Mode: 2 NACKLabel: SA Block ID: 1, Msg No: S22A
Flight ID: KE0913 REG: HL7207


Message content:-
0EV143128VSH/
-------------------------------------------------------[2024-09-24 14:31:28.264]

SOURCE: AIR
RX_ID: 755, Freq: 131.825MHz
Mode: 2 NACKLabel: SA Block ID: 4, Msg No: S26A
Flight ID: KE0913 REG: HL7207


Message content:-
0EV143241VSH/
-------------------------------------------------------[2024-09-24 14:32:41.592]

SOURCE: AIR
RX_ID: 756, Freq: 131.825MHz
Mode: 2 NACKLabel: SA Block ID: 8, Msg No: S33A
Flight ID: KE0913 REG: HL7207


Message content:-
0EV143442VSH/
-------------------------------------------------------[2024-09-24 14:34:43.044]

SOURCE: AIR
RX_ID: 757, Freq: 131.825MHz
Mode: 2 NACKLabel: SA Block ID: 1, Msg No: S37A
Flight ID: KE0913 REG: HL7207


Message content:-
0EV143548VSH/
-------------------------------------------------------[2024-09-24 14:35:49.057]

SOURCE: AIR
RX_ID: 758, Freq: 131.825MHz
Mode: 2 NACKLabel: SA Block ID: 4, Msg No: S41A
Flight ID: KE0913 REG: HL7207


Message content:-
0EV143719VSH/
-------------------------------------------------------[2024-09-24 14:37:19.095]

SOURCE: AIR
RX_ID: 759, Freq: 131.825MHz
Mode: 2 NACKLabel: SA Block ID: 8, Msg No: S46A
Flight ID: KE0913 REG: HL7207


Message content:-
0EV143922VSH/
-------------------------------------------------------[2024-09-24 14:39:23.002]

SOURCE: AIR
RX_ID: 760, Freq: 131.825MHz
Mode: 2 NACKLabel: SA Block ID: 1, Msg No: S50A
Flight ID: KE0913 REG: HL7207


Message content:-
0EV144056VSH/
-------------------------------------------------------[2024-09-24 14:40:56.367]

SOURCE: AIR
RX_ID: 761, Freq: 131.825MHz
Mode: 2 NACKLabel: SA Block ID: 5, Msg No: S55A
Flight ID: KE0913 REG: HL7207


Message content:-
0EV144301VSH/
-------------------------------------------------------[2024-09-24 14:43:01.514]

SOURCE: AIR
RX_ID: 762, Freq: 131.850MHz
Mode: 2 NACKLabel: SA Block ID: 8, Msg No: S59A
Flight ID: KE0913 REG: HL7207


Message content:-
0EV144415VSH/
-------------------------------------------------------[2024-09-24 14:44:15.867]

SOURCE: AIR
RX_ID: 763, Freq: 131.825MHz
Mode: 2 NACKLabel: SA Block ID: 1, Msg No: S63A
Flight ID: KE0913 REG: HL7207


Message content:-
0EV144525VSH/
-------------------------------------------------------[2024-09-24 14:45:25.683]

SOURCE: AIR
RX_ID: 764, Freq: 131.825MHz
Mode: 2 NACKLabel: SA Block ID: 4, Msg No: S67A
Flight ID: KE0913 REG: HL7207


Message content:-
0EV144637VSH/
-------------------------------------------------------[2024-09-24 14:46:37.366]

SOURCE: AIR
RX_ID: 765, Freq: 131.825MHz
Mode: 2 NACKLabel: SA Block ID: 7, Msg No: S71A
Flight ID: KE0913 REG: HL7207


Message content:-
0EV144756VSH/
-------------------------------------------------------[2024-09-24 14:47:56.835]

SOURCE: AIR
RX_ID: 766, Freq: 131.725MHz
Mode: E NACKLabel: H1 Block ID: 5, Msg No: 705I
Flight ID: XA0001 REG: 9HVIE


Message content:-
#T7B0024003800268004800090040032580100000+0091+150001007102040800000000000000000003C1000000000000000100000000000000000000000-0000000000000000-00000000-000000000000000000000000000000-0000000000000000690037124092
-------------------------------------------------------[2024-09-24 17:27:02.768]

SOURCE: AIR
RX_ID: 767, Freq: 131.725MHz
Mode: E NACKLabel: H1 Block ID: 6, Msg No: 705J
Flight ID: XA0001 REG: 9HVIE


Message content:-
#T7B4172408LFMNEGKB14001155110202+0333+03311242-0176+000+02+04+00701260165+023+023+1898425490401406015230030300008123431234312344+5930519-038+345+10528------09470--------+09469096409634-000+0898+08980+09099+091
-------------------------------------------------------[2024-09-24 17:27:07.267]

SOURCE: AIR
RX_ID: 768, Freq: 131.725MHz
Mode: E NACKLabel: H1 Block ID: 7, Msg No: 705K
Flight ID: XA0001 REG: 9HVIE


Message content:-
#T7B71+08953+09053+08887+08733+09777+0957003771047403801+0709039+06260+0534-0022080327+0015+10891011+09173498-035+0713+076+586007030846+0769+0007-0002+0826-0002-0002+0230+0649+0000+00030003110800010095003800560
-------------------------------------------------------[2024-09-24 17:27:11.142]

SOURCE: AIR
RX_ID: 769, Freq: 131.725MHz
Mode: E NACKLabel: H1 Block ID: 8, Msg No: 705L
Flight ID: XA0001 REG: 9HVIE


Message content:-
#T7B0414006000080058032560100000+0090+150001007102040800000000000000000003C1000000000000000100000000000000000000000-0000000000000000-00000000-000000000000000000000000000000-00000000000000
-------------------------------------------------------[2024-09-24 17:27:15.458]

SOURCE: AIR
RX_ID: 770, Freq: 131.725MHz
Mode: E NACKLabel: 5U Block ID: 0, Msg No: M05A
Flight ID: XA0001 REG: 9HVIE


Message content:-
001WX24172951N4413.7E00654.03034710087
024AQ,EGKB,,,,,,
-------------------------------------------------------[2024-09-24 17:29:53.557]

SOURCE: AIR
RX_ID: 771, Freq: 131.725MHz
Mode: G NACKLabel: H1 Block ID: 4, Msg No: C67B
Flight ID: 2L0583 REG: HB-JVA


Message content:-
#CFB
-----
291.813, 4, 2, 4, 5, 6, 4, 14, 561, 64.0312, -14.8281, 2461.5, 89.2812, 709,
83.3281, 83.3281, 2.02746, 88, 2.14466, 0, 1.42382, 88.9531, 0.312519, 0.
394555, 0.824218, 15, 80.5396, 103.75, 144.25, 1
-------------------------------------------------------[2024-09-24 18:36:43.562]

SOURCE: AIR
RX_ID: 772, Freq: 131.725MHz
Mode: G NACKLabel: H1 Block ID: 5, Msg No: C67C
Flight ID: 2L0583 REG: HB-JVA


Message content:-
#CFB3, 415.875, 598.75, 434.625,
59.5937, 0.125, -0.3125, 0, 0, 0, 0, 0, 0, 4, 2, 4, 2, 5, 3, 14, 561, 64.8125,
-14.9062, 2540.5, 88.4687, 719.625, 83.3125, 83.2968, 0.492217, 87.9843, 0.
707074, 0, 0.470703, 8
-------------------------------------------------------[2024-09-24 18:36:48.097]

SOURCE: AIR
RX_ID: 773, Freq: 131.725MHz
Mode: G NACKLabel: H1 Block ID: 6, Msg No: C67D
Flight ID: 2L0583 REG: HB-JVA


Message content:-
#CFB8.8437, 0.324238, 0.359396, 0.693359, 15, 79.5238, 101.
311, 143.312, 13, 415.75, 603.75, 434.625, 59.5937, 0.15625, 0.625, 2, 150, 0,
0, 0, 0, 0, 1, 0, 0, 0.772304, 0, 0, 1, 1, 41.3046, 39.914, 30103.5, 0,
-------------------------------------------------------[2024-09-24 18:36:52.595]

SOURCE: AIR
RX_ID: 774, Freq: 131.825MHz
Mode: 2 ACK, A2GLabel: SA Block ID: 4, Msg No: S26A
Flight ID: KE0914 REG: HL7207


Message content:-
0EV193034VSH/
-------------------------------------------------------[2024-09-24 19:30:40.733]

SOURCE: AIR
RX_ID: 775, Freq: 131.825MHz
Mode: 2 NACKLabel: SA Block ID: 8, Msg No: S18A
Flight ID: VY03DY REG: EC-LVT


Message content:-
0EV193302V
-------------------------------------------------------[2024-09-24 19:33:04.046]

SOURCE: AIR
RX_ID: 776, Freq: 131.825MHz
Mode: 2 NACKLabel: SA Block ID: 8, Msg No: S18A
Flight ID: VY03DY REG: EC-LVT


Message content:-
0EV193302V
-------------------------------------------------------[2024-09-24 19:33:23.210]

SOURCE: AIR
RX_ID: 777, Freq: 131.825MHz
Mode: 2 NACKLabel: SA Block ID: 3, Msg No: S37A
Flight ID: KE0914 REG: HL7207


Message content:-
0EV193710VSH/
-------------------------------------------------------[2024-09-24 19:37:10.949]

SOURCE: AIR
RX_ID: 778, Freq: 131.825MHz
Mode: 2 NACKLabel: 41 Block ID: 5, Msg No: M50A
Flight ID: KE0914 REG: HL7207


Message content:-
LEMD/RKSI/24SEP24/1/-67/36/-50/1937/1941/N44.90/E4.30/34003/131000/
-------------------------------------------------------[2024-09-24 19:37:22.945]

SOURCE: AIR
RX_ID: 779, Freq: 131.825MHz
Mode: 2 NACKLabel: SA Block ID: 8, Msg No: S41A
Flight ID: KE0914 REG: HL7207


Message content:-
0EV193905VSH/
-------------------------------------------------------[2024-09-24 19:39:06.810]

SOURCE: AIR
RX_ID: 780, Freq: 131.825MHz
Mode: 2 NACKLabel: SA Block ID: 2, Msg No: S46A
Flight ID: KE0914 REG: HL7207


Message content:-
0EV194158VSH/
-------------------------------------------------------[2024-09-24 19:41:58.948]

SOURCE: AIR
RX_ID: 781, Freq: 131.825MHz
Mode: 2 NACKLabel: SA Block ID: 5, Msg No: S50A
Flight ID: KE0914 REG: HL7207


Message content:-
0EV194304VSH/
-------------------------------------------------------[2024-09-24 19:43:05.184]

SOURCE: AIR
RX_ID: 782, Freq: 131.825MHz
Mode: 2 NACKLabel: SA Block ID: 9, Msg No: S55A
Flight ID: KE0914 REG: HL7207


Message content:-
0EV194518VSH/
-------------------------------------------------------[2024-09-24 19:45:18.776]

SOURCE: AIR
RX_ID: 783, Freq: 131.825MHz
Mode: 2 NACKLabel: SA Block ID: 6, Msg No: S64A
Flight ID: KE0914 REG: HL7207


Message content:-
0EV194827VSH/
-------------------------------------------------------[2024-09-24 19:48:28.183]

SOURCE: AIR
RX_ID: 784, Freq: 131.525MHz
Mode: T NACKLabel: 2Z Block ID: 4, Msg No: M56A
Flight ID: AF7314 REG: F-GMZD


Message content:-
LFMN
-------------------------------------------------------[2024-09-24 20:45:02.592]

SOURCE: AIR
RX_ID: 785, Freq: 131.525MHz
Mode: T NACKLabel: 2F Block ID: 6, Msg No: M57A
Flight ID: AF7314 REG: F-GMZD


Message content:-
2046+4440+520/3256
-------------------------------------------------------[2024-09-24 20:46:31.106]

