SOURCE: AIR
RX_ID: 218, Freq: 131.725MHz
Mode: G NACKLabel: 16 Block ID: 5, Msg No: M32A
Flight ID: SN06AD REG: OO-SFF


Message content:-
22JUN24,0156,N 43.787,E  6.587,36003,0301,24760
-------------------------------------------------------[2024-06-22 01:57:01.494]

SOURCE: AIR
RX_ID: 219, Freq: 131.725MHz
Mode: E NACKLabel: 43 Block ID: 9, Msg No: M09A
Flight ID: KL0588 REG: PH-AOD


Message content:-
NIL36M22021142KLM588  DNMMEHAM
.
ACARS NIL
-------------------------------------------------------[2024-06-22 02:11:47.482]

SOURCE: AIR
RX_ID: 220, Freq: 131.725MHz
Mode: E NACKLabel: H1 Block ID: 0, Msg No: D25A
Flight ID: KL0588 REG: PH-AOD


Message content:-
#DFB(POS-KLM588  -4410N00443E/021633 F400
RMK/FUEL   9.1 M0.83)
-------------------------------------------------------[2024-06-22 02:16:51.212]

SOURCE: AIR
RX_ID: 221, Freq: 131.725MHz
Mode: X NACKLabel: 16 Block ID: 8, Msg No: M45A
Flight ID: SN038K REG: OO-SFC


Message content:-
22JUN24,0218,N 44.660,E  6.785,39997,0319,24360
-------------------------------------------------------[2024-06-22 02:18:13.933]

SOURCE: AIR
RX_ID: 222, Freq: 131.725MHz
Mode: G NACKLabel: 26 Block ID: 2, Msg No: M08A
Flight ID: AF0878 REG: F-GZCI


Message content:-
0243DNAAAF0878/220328LFPG26L
-------------------------------------------------------[2024-06-22 02:43:03.651]

SOURCE: AIR
RX_ID: 223, Freq: 131.725MHz
Mode: E NACKLabel: 2F Block ID: 2, Msg No: M88A
Flight ID: AF0977 REG: F-GZCB


Message content:-
0243+4344+517/4082
FOOL/LFPG/40004//-50/0.79/154521/146267//DJL    //-112/047
-------------------------------------------------------[2024-06-22 02:43:20.475]

SOURCE: AIR
RX_ID: 224, Freq: 131.725MHz
Mode: G NACKLabel: B9 Block ID: 5, Msg No: J67A
Flight ID: AF0977 REG: F-GZCB


Message content:-
/LFPG.TI2/000LFPGA9F82
-------------------------------------------------------[2024-06-22 02:47:22.544]

SOURCE: AIR
RX_ID: 225, Freq: 131.725MHz
Mode: G NACKLabel: B9 Block ID: 5, Msg No: L43A
Flight ID: AF0995 REG: F-GZNH


Message content:-
/LFPG.TI2/046LFPGAD3A5
-------------------------------------------------------[2024-06-22 03:07:07.509]

SOURCE: AIR
RX_ID: 226, Freq: 131.725MHz
Mode: G NACKLabel: H1 Block ID: 8, Msg No: D44A
Flight ID: KL0536 REG: PH-AOE


Message content:-
#DFB(POS-KLM536  -4310N00512E/034912 F380
RMK/FUEL  11.2 M0.80)
-------------------------------------------------------[2024-06-22 03:49:29.948]

SOURCE: AIR
RX_ID: 227, Freq: 131.725MHz
Mode: X NACKLabel: 16 Block ID: 0, Msg No: M69A
Flight ID: P47578 REG: 5N-BVE


Message content:-
POSA1N43456E  4907,MRM-19 ,035516,380,MTL-20 ,040404,,-51, 51, 208,837
-------------------------------------------------------[2024-06-22 03:56:06.240]

SOURCE: AIR
RX_ID: 228, Freq: 131.725MHz
Mode: G NACKLabel: 4H Block ID: 9, Msg No: M48A
Flight ID: DL0232 REG: N176DZ


Message content:-
21034H KJFK LIRN6
  
WPR RESET





-------------------------------------------------------[2024-06-22 03:59:21.821]

SOURCE: AIR
RX_ID: 229, Freq: 131.725MHz
Mode: G NACKLabel: H1 Block ID: 1, Msg No: D67A
Flight ID: DL0232 REG: N176DZ


Message content:-
#DFB239      0232062224035855816 4427   585370-25-54234 5312-167 23800
 265 490 1321243500B8PSZKJFKLIRN
-------------------------------------------------------[2024-06-22 03:59:29.394]

SOURCE: AIR
RX_ID: 230, Freq: 131.725MHz
Mode: G NACKLabel: B6 Block ID: 6, Msg No: J93A
Flight ID: KL0536 REG: PH-AOE


Message content:-
/ALGCAYA.DIS.PH-AOE804362
-------------------------------------------------------[2024-06-22 04:02:42.307]

SOURCE: AIR
RX_ID: 231, Freq: 131.725MHz
Mode: G NACKLabel: H1 Block ID: 7, Msg No: D45A
Flight ID: KL0536 REG: PH-AOE


Message content:-
#DFB(POS-KLM536  -4505N00443E/040412 F360
RMK/FUEL   9.7 M0.79)
-------------------------------------------------------[2024-06-22 04:04:29.826]

SOURCE: AIR
RX_ID: 232, Freq: 131.725MHz
Mode: G NACKLabel: 2F Block ID: 0, Msg No: M77A
Flight ID: AF0149 REG: F-GZCN


Message content:-
0408+4375+539/3895
DNMM/LFPG/37990//-52/0.79/166748/157170//LOGNI  //-117/050
-------------------------------------------------------[2024-06-22 04:08:45.650]

SOURCE: AIR
RX_ID: 233, Freq: 131.725MHz
Mode: E NACKLabel: B6 Block ID: 5, Msg No: F33A
Flight ID: AF0931 REG: F-GSPK


Message content:-
/ACCFAYA.ADS.F-GSPK141EEC18196689470AB49D0D1FB0981AC1C94701CF201E001B88C94700AE12
-------------------------------------------------------[2024-06-22 04:11:26.596]

SOURCE: AIR
RX_ID: 234, Freq: 131.725MHz
Mode: E NACKLabel: B6 Block ID: 6, Msg No: F34A
Flight ID: AF0931 REG: F-GSPK


Message content:-
/ACCFAYA.ADS.F-GSPK071F0150198B89470B7C9D0C0464B9CF18200E0330FE00100F01A1A40010E36D
-------------------------------------------------------[2024-06-22 04:12:17.615]

SOURCE: AIR
RX_ID: 235, Freq: 131.725MHz
Mode: G NACKLabel: B9 Block ID: 4, Msg No: J28A
Flight ID: AF0775 REG: F-GZCC


Message content:-
/LFPG.TI2/000LFPGA9F82
-------------------------------------------------------[2024-06-22 04:12:49.760]

SOURCE: AIR
RX_ID: 236, Freq: 131.725MHz
Mode: E NACKLabel: B6 Block ID: 7, Msg No: F35A
Flight ID: AF0931 REG: F-GSPK


Message content:-
/ACCFAYA.ADS.F-GSPK071F7DA01A668947101C9D0C0464B9CF18200E0340FB00000F0199A30000555F
-------------------------------------------------------[2024-06-22 04:17:12.930]

SOURCE: AIR
RX_ID: 237, Freq: 131.725MHz
Mode: G NACKLabel: 26 Block ID: 1, Msg No: M78A
Flight ID: AF0149 REG: F-GZCN


Message content:-
0419DNMMAF0149/220504LFPG26L
-------------------------------------------------------[2024-06-22 04:19:03.123]

SOURCE: AIR
RX_ID: 238, Freq: 131.725MHz
Mode: E NACKLabel: B6 Block ID: 8, Msg No: F36A
Flight ID: AF0931 REG: F-GSPK


Message content:-
/ACCFAYA.ADS.F-GSPK141FB1581AC34947520C9D0D201E001B88C94701032078481C3049470054C0
-------------------------------------------------------[2024-06-22 04:19:16.834]

SOURCE: AIR
RX_ID: 239, Freq: 131.725MHz
Mode: E NACKLabel: 2F Block ID: 9, Msg No: M78A
Flight ID: AF0931 REG: F-GSPK


Message content:-
0421+4494+479/38115
DGAA/LFPG/37989/ +09/ -47/0.83/196989/185703/29.0/ETR-27 / -95/   47
-------------------------------------------------------[2024-06-22 04:21:59.431]

SOURCE: AIR
RX_ID: 240, Freq: 131.725MHz
Mode: E NACKLabel: B6 Block ID: 0, Msg No: F37A
Flight ID: AF0931 REG: F-GSPK


Message content:-
/ACCFAYA.ADS.F-GSPK071FF8A01B44894714BD9D0C0464B9CF18200E0338F800040F0159A180043D19
-------------------------------------------------------[2024-06-22 04:22:08.867]

SOURCE: AIR
RX_ID: 241, Freq: 131.725MHz
Mode: E NACKLabel: 26 Block ID: 1, Msg No: M79A
Flight ID: AF0931 REG: F-GSPK


Message content:-
0423DGAAAF0931/21
0508LFPG26L 
-------------------------------------------------------[2024-06-22 04:23:02.919]

SOURCE: AIR
RX_ID: 242, Freq: 131.725MHz
Mode: G NACKLabel: 2F Block ID: 4, Msg No: M60A
Flight ID: AF0929 REG: F-GZCA


Message content:-
0429+4391+502/4092
FCPP/LFPG/39999//-49/0.80/161324/152072//DJL    //-110/040
-------------------------------------------------------[2024-06-22 04:29:57.642]

SOURCE: AIR
RX_ID: 243, Freq: 131.725MHz
Mode: G NACKLabel: 26 Block ID: 5, Msg No: M61A
Flight ID: AF0929 REG: F-GZCA


Message content:-
0440FCPPAF0929/220525LFPG27R
-------------------------------------------------------[2024-06-22 04:40:11.860]

SOURCE: AIR
RX_ID: 244, Freq: 131.725MHz
Mode: E ACK, A2GLabel: 24 Block ID: 9, Msg No: M23A
Flight ID: DL9961 REG: N829MH


Message content:-
210424 LFMN KJFK6
-------------------------------------------------------[2024-06-22 04:47:51.426]

SOURCE: AIR
RX_ID: 245, Freq: 131.725MHz
Mode: E NACKLabel: 4H Block ID: 0, Msg No: M24A
Flight ID: DL9961 REG: N829MH


Message content:-
21044H LFMN KJFK6
  
WPR RESET





-------------------------------------------------------[2024-06-22 04:49:56.350]

SOURCE: AIR
RX_ID: 246, Freq: 131.725MHz
Mode: E NACKLabel: 37 Block ID: 3, Msg No: M27A
Flight ID: DL9961 REG: N829MH


Message content:-
210437 LFMN KJFK6
1258








-------------------------------------------------------[2024-06-22 04:54:23.214]

SOURCE: AIR
RX_ID: 247, Freq: 131.725MHz
Mode: E NACKLabel: H1 Block ID: 4, Msg No: F01A
Flight ID: DL9961 REG: N829MH


Message content:-
#M2BPOSN44354E005403,KOT03,045450,350,ETREK,050223,NOQAS,M51,23951,1010,8155075
-------------------------------------------------------[2024-06-22 04:54:54.116]

SOURCE: AIR
RX_ID: 248, Freq: 131.825MHz
Mode: 2 NACKLabel: SA Block ID: 6, Msg No: M32A
Flight ID: 6Y06A9 REG: 9H-CEN


Message content:-
0EV045927V
-------------------------------------------------------[2024-06-22 04:59:29.179]

SOURCE: AIR
RX_ID: 249, Freq: 131.725MHz
Mode: E NACKLabel: SA Block ID: 8, Msg No: M33A
Flight ID: 6Y06A9 REG: 9H-CEN


Message content:-
0EV045944V
-------------------------------------------------------[2024-06-22 04:59:44.943]

SOURCE: AIR
RX_ID: 250, Freq: 131.850MHz
Mode: 2 NACKLabel: SA Block ID: 0, Msg No: M34A
Flight ID: 6Y06A9 REG: 9H-CEN


Message content:-
0EV050001V
-------------------------------------------------------[2024-06-22 05:00:03.590]

SOURCE: AIR
RX_ID: 251, Freq: 131.725MHz
Mode: X NACKLabel: SA Block ID: 3, Msg No: M35A
Flight ID: 6Y06A9 REG: 9H-CEN


Message content:-
0EV050050V
-------------------------------------------------------[2024-06-22 05:00:51.318]

SOURCE: AIR
RX_ID: 252, Freq: 131.725MHz
Mode: E NACKLabel: 4H Block ID: 6, Msg No: M28A
Flight ID: DL9961 REG: N829MH


Message content:-
21054H LFMN KJFK6
  
WPR RESET





-------------------------------------------------------[2024-06-22 05:02:15.690]

SOURCE: AIR
RX_ID: 253, Freq: 131.725MHz
Mode: E NACKLabel: H1 Block ID: 9, Msg No: F02A
Flight ID: DL9961 REG: N829MH


Message content:-
#M2BREJPOS,050226,130,219,RF101,KOTIT456E
-------------------------------------------------------[2024-06-22 05:02:29.220]

SOURCE: AIR
RX_ID: 254, Freq: 131.725MHz
Mode: E NACKLabel: 37 Block ID: 0, Msg No: M31A
Flight ID: DL9961 REG: N829MH


Message content:-
210537 LFMN KJFK6
1257








-------------------------------------------------------[2024-06-22 05:02:50.908]

SOURCE: AIR
RX_ID: 255, Freq: 131.725MHz
Mode: G NACKLabel: 16 Block ID: 7, Msg No: M97A
Flight ID: XSMBU6 REG: 2-BBMB


Message content:-
051137,,0615, 134,N 43.306 E  5.586
-------------------------------------------------------[2024-06-22 05:11:39.923]

SOURCE: AIR
RX_ID: 256, Freq: 131.725MHz
Mode: E NACKLabel: H1 Block ID: 6, Msg No: F04A
Flight ID: DL0028 REG: N830MH


Message content:-
#M1BPOSN44297E005044,NISAR,052200,340,XIRBI,052322,DOTIG,M50,24659,207,8063298
-------------------------------------------------------[2024-06-22 05:22:03.140]

SOURCE: AIR
RX_ID: 257, Freq: 131.725MHz
Mode: E NACKLabel: B9 Block ID: 7, Msg No: L10A
Flight ID: DL0028 REG: N830MH


Message content:-
/LFMN.TI2/024LFMNA426A
-------------------------------------------------------[2024-06-22 05:25:37.556]

SOURCE: AIR
RX_ID: 258, Freq: 131.725MHz
Mode: E NACKLabel: H1 Block ID: 0, Msg No: D31A
Flight ID: DL0028 REG: N830MH


Message content:-
#DFB239N1806 0028062224052744740 4400   577250 -3-29253 38XX-223 19400
 310 4620036145241030YY(KJFKLFMN
-------------------------------------------------------[2024-06-22 05:28:03.774]

SOURCE: AIR
RX_ID: 259, Freq: 131.725MHz
Mode: E NACKLabel: H1 Block ID: 1, Msg No: D32A
Flight ID: DL0028 REG: N830MH


Message content:-
#DFBENGINE BLEED REPORT

AID:N1806  DA:22/06    GMT:05:30    FNO:3766      ISFC: 2455
TAT:  73  SAT:-125   ALT: 18012   MACH:0621    FCNT:  125
GW:303160  FLT:0028-1  MODE:DESC    SID:AK-67-223
S/N L:70700
-------------------------------------------------------[2024-06-22 05:30:35.546]

SOURCE: AIR
RX_ID: 260, Freq: 131.725MHz
Mode: E NACKLabel: H1 Block ID: 2, Msg No: D32B
Flight ID: DL0028 REG: N830MH


Message content:-
#DFB0         DEPART:KJFK    DESTIN:LFMN
S/N R:707000

               ENG L     ENG R
HPSOV          OPN       OPN
PRV            OPN       OPN
PRSOV          OPN       OPN
FAV %            -201      166
-------------------------------------------------------[2024-06-22 05:30:39.648]

SOURCE: AIR
RX_ID: 261, Freq: 131.725MHz
Mode: E NACKLabel: H1 Block ID: 3, Msg No: D32C
Flight ID: DL0028 REG: N830MH


Message content:-
#DFB
N1 SPD          3961     3938
HI STG PRESS    4350     4300
INTERM PRESS1    2500     3361
INTERM PRESS2    3288     3264
STRUT OVHT     NRML      NRML
DUCT PRESS       2550     2538
P-COOL TEMP    
-------------------------------------------------------[2024-06-22 05:30:43.336]

SOURCE: AIR
RX_ID: 262, Freq: 131.725MHz
Mode: E NACKLabel: H1 Block ID: 4, Msg No: D32D
Flight ID: DL0028 REG: N830MH


Message content:-
#DFB37609    37138
PACK HX TEMP    34613    33606
PACK FLOW       10442    12163
WING ANTI ICE  OFF
LT  ISO VLV    CLS
RT  ISO VLV    CLS
CTR ISO VLV    OPN

TRIGGER CODE   0000

STATUS WORDS  DW1  DW
-------------------------------------------------------[2024-06-22 05:30:47.839]

SOURCE: AIR
RX_ID: 263, Freq: 131.725MHz
Mode: E NACKLabel: H1 Block ID: 5, Msg No: D32E
Flight ID: DL0028 REG: N830MH


Message content:-
#DFB2  DW3  DW4  DW5  DW6  DW7  DW8  EICAS
LEFT          0000 0081 0000 0000 0000 0000 1040 0000 0004
RIGHT         0000 0001 0000 0000 0000 0000 1040 0000 0000

-------------------------------------------------------[2024-06-22 05:30:51.529]

SOURCE: AIR
RX_ID: 264, Freq: 131.525MHz
Mode: T NACKLabel: 2F Block ID: 5, Msg No: M15A
Flight ID: AF7300 REG: F-GMZC


Message content:-
0559+4447+510/3550
-------------------------------------------------------[2024-06-22 05:59:49.671]

SOURCE: AIR
RX_ID: 265, Freq: 131.525MHz
Mode: T NACKLabel: 2Z Block ID: 6, Msg No: M16A
Flight ID: AF7300 REG: F-GMZC


Message content:-
LFMN
-------------------------------------------------------[2024-06-22 05:59:57.245]

SOURCE: AIR
RX_ID: 266, Freq: 131.525MHz
Mode: T NACKLabel: 26 Block ID: 7, Msg No: M17A
Flight ID: AF7300 REG: F-GMZC


Message content:-
0606LFPGAF7300/220621LFMN04L
-------------------------------------------------------[2024-06-22 06:06:45.018]

SOURCE: AIR
RX_ID: 267, Freq: 131.525MHz
Mode: T NACKLabel: 2F Block ID: 3, Msg No: M15A
Flight ID: AF6202 REG: F-GRHF


Message content:-
0630+4561+383/3746
-------------------------------------------------------[2024-06-22 06:30:37.398]

SOURCE: AIR
RX_ID: 268, Freq: 131.525MHz
Mode: T NACKLabel: B9 Block ID: 4, Msg No: L11A
Flight ID: AF6202 REG: F-GRHF


Message content:-
/LFMN.TI2/064LFMNA83AC
-------------------------------------------------------[2024-06-22 06:31:59.540]

SOURCE: AIR
RX_ID: 269, Freq: 131.525MHz
Mode: T NACKLabel: 2Z Block ID: 0, Msg No: M16A
Flight ID: AF6202 REG: F-GRHF


Message content:-
LFMN
-------------------------------------------------------[2024-06-22 06:41:02.890]

SOURCE: AIR
RX_ID: 270, Freq: 131.525MHz
Mode: T NACKLabel: 2F Block ID: 2, Msg No: M17A
Flight ID: AF6202 REG: F-GRHF


Message content:-
0645+4405+558/2942
-------------------------------------------------------[2024-06-22 06:45:39.554]

SOURCE: AIR
RX_ID: 271, Freq: 131.525MHz
Mode: T NACKLabel: 26 Block ID: 3, Msg No: M18A
Flight ID: AF6202 REG: F-GRHF


Message content:-
0649LFPOAF6202/220704LFMN04L
-------------------------------------------------------[2024-06-22 06:49:03.333]

SOURCE: AIR
RX_ID: 272, Freq: 131.725MHz
Mode: X NACKLabel: H1 Block ID: 2, Msg No: D31A
Flight ID: KL0104 REG: PH-BVF


Message content:-
#DFBSA017
FACTEHAM
3 133165  2289018397343400-462273 29  1   113557
3 140643  2187818406343399-470259 32  0   -13546
3 148289  2056118415353400-482234 40  0  -293530
3 155816  1898118424353400-493263 49  1
-------------------------------------------------------[2024-06-22 07:53:57.687]

SOURCE: AIR
RX_ID: 273, Freq: 131.725MHz
Mode: X NACKLabel: H1 Block ID: 3, Msg No: D31B
Flight ID: KL0104 REG: PH-BVF


Message content:-
#DFB   -63505
-------------------------------------------------------[2024-06-22 07:54:01.163]

SOURCE: AIR
RX_ID: 274, Freq: 131.725MHz
Mode: 2 NACKLabel: 16 Block ID: 8, Msg No: M40A
Flight ID: TK03YF REG: TC-JSM


Message content:-
/N 43.513/E  4.860/33994/2206/0756/05043/0827/
-------------------------------------------------------[2024-06-22 07:56:56.887]

SOURCE: AIR
RX_ID: 275, Freq: 131.725MHz
Mode: X NACKLabel: H1 Block ID: 4, Msg No: D32A
Flight ID: KL0104 REG: PH-BVF


Message content:-
#DFB(POS-KLM104  -4438N00451E/075716 F340
RMK/FUEL  15.6 M0.86)
-------------------------------------------------------[2024-06-22 07:57:19.014]

SOURCE: AIR
RX_ID: 276, Freq: 131.725MHz
Mode: 2 NACKLabel: 15 Block ID: 6, Msg No: M05A
Flight ID: GS0001 REG: CESSNA


Message content:-
(2N44518E  5455--- 35389-45(Z
-------------------------------------------------------[2024-06-22 08:17:12.604]

SOURCE: AIR
RX_ID: 277, Freq: 131.525MHz
Mode: T NACKLabel: 26 Block ID: 1, Msg No: M36A
Flight ID: AF6207 REG: F-GRHF


Message content:-
0826LFMNAF6207/220911LFPO25 
-------------------------------------------------------[2024-06-22 08:26:03.045]

SOURCE: AIR
RX_ID: 278, Freq: 131.825MHz
Mode: 2 NACKLabel: 5D Block ID: 8, Msg No: M34A
Flight ID: AA0290 REG: N768AA


Message content:-
LIRFA046
-------------------------------------------------------[2024-06-22 08:37:47.746]

SOURCE: AIR
RX_ID: 279, Freq: 131.725MHz
Mode: 2 NACKLabel: SA Block ID: 3, Msg No: S21A
Flight ID: GR0000 REG: 9HEMB


Message content:-
0EV083323V/
-------------------------------------------------------[2024-06-22 08:40:19.116]

SOURCE: AIR
RX_ID: 280, Freq: 131.725MHz
Mode: 2 NACKLabel: SA Block ID: 3, Msg No: S21A
Flight ID: GR0000 REG: 9HEMB


Message content:-
0EV083323V/
-------------------------------------------------------[2024-06-22 08:40:26.065]

SOURCE: AIR
RX_ID: 281, Freq: 131.725MHz
Mode: X NACKLabel: SA Block ID: 5, Msg No: S21A
Flight ID: GR0000 REG: 9HEMB


Message content:-
0EV083323V/
-------------------------------------------------------[2024-06-22 08:40:36.708]

SOURCE: AIR
RX_ID: 282, Freq: 131.725MHz
Mode: X NACKLabel: SA Block ID: 5, Msg No: S21A
Flight ID: GR0000 REG: 9HEMB


Message content:-
0EV083323V/
-------------------------------------------------------[2024-06-22 08:40:46.766]

SOURCE: AIR
RX_ID: 283, Freq: 131.725MHz
Mode: X NACKLabel: SA Block ID: 5, Msg No: S21A
Flight ID: GR0000 REG: 9HEMB


Message content:-
0EV083323V/
-------------------------------------------------------[2024-06-22 08:40:55.763]

SOURCE: AIR
RX_ID: 284, Freq: 131.725MHz
Mode: 2 NACKLabel: SA Block ID: 6, Msg No: S21A
Flight ID: GR0000 REG: 9HEMB


Message content:-
0EV083323V/
-------------------------------------------------------[2024-06-22 08:41:06.844]

SOURCE: AIR
RX_ID: 285, Freq: 131.725MHz
Mode: 2 NACKLabel: SA Block ID: 6, Msg No: S21A
Flight ID: GR0000 REG: 9HEMB


Message content:-
0EV083323V/
-------------------------------------------------------[2024-06-22 08:41:17.084]

SOURCE: AIR
RX_ID: 286, Freq: 131.725MHz
Mode: E NACKLabel: SA Block ID: 8, Msg No: S21A
Flight ID: GR0000 REG: 9HEMB


Message content:-
0EV083323V/
-------------------------------------------------------[2024-06-22 08:41:29.557]

SOURCE: AIR
RX_ID: 287, Freq: 131.725MHz
Mode: E NACKLabel: SA Block ID: 8, Msg No: S21A
Flight ID: GR0000 REG: 9HEMB


Message content:-
0EV083323V/
-------------------------------------------------------[2024-06-22 08:41:39.392]

SOURCE: AIR
RX_ID: 288, Freq: 131.725MHz
Mode: E NACKLabel: SA Block ID: 8, Msg No: S21A
Flight ID: GR0000 REG: 9HEMB


Message content:-
0EV083323V/
-------------------------------------------------------[2024-06-22 08:41:50.437]

SOURCE: AIR
RX_ID: 289, Freq: 131.725MHz
Mode: 2 NACKLabel: SA Block ID: 9, Msg No: S21A
Flight ID: GR0000 REG: 9HEMB


Message content:-
0EV083323V/
-------------------------------------------------------[2024-06-22 08:42:00.494]

SOURCE: AIR
RX_ID: 290, Freq: 131.725MHz
Mode: E NACKLabel: SA Block ID: 1, Msg No: S21A
Flight ID: GR0000 REG: 9HEMB


Message content:-
0EV083323V/
-------------------------------------------------------[2024-06-22 08:42:43.283]

SOURCE: AIR
RX_ID: 291, Freq: 131.725MHz
Mode: E NACKLabel: SA Block ID: 1, Msg No: S21A
Flight ID: GR0000 REG: 9HEMB


Message content:-
0EV083323V/
-------------------------------------------------------[2024-06-22 08:42:52.725]

SOURCE: AIR
RX_ID: 292, Freq: 131.725MHz
Mode: E NACKLabel: SA Block ID: 1, Msg No: S21A
Flight ID: GR0000 REG: 9HEMB


Message content:-
0EV083323V/
-------------------------------------------------------[2024-06-22 08:43:02.338]

SOURCE: AIR
RX_ID: 293, Freq: 131.725MHz
Mode: E NACKLabel: SA Block ID: 1, Msg No: S21A
Flight ID: GR0000 REG: 9HEMB


Message content:-
0EV083323V/
-------------------------------------------------------[2024-06-22 08:43:13.382]

SOURCE: AIR
RX_ID: 294, Freq: 131.725MHz
Mode: X NACKLabel: SA Block ID: 3, Msg No: S21A
Flight ID: GR0000 REG: 9HEMB


Message content:-
0EV083323V/
-------------------------------------------------------[2024-06-22 08:43:40.445]

SOURCE: AIR
RX_ID: 295, Freq: 131.725MHz
Mode: 2 NACKLabel: SA Block ID: 4, Msg No: S21A
Flight ID: GR0000 REG: 9HEMB


Message content:-
0EV083323V/
-------------------------------------------------------[2024-06-22 08:43:52.296]

SOURCE: AIR
RX_ID: 296, Freq: 131.725MHz
Mode: 2 NACKLabel: SA Block ID: 6, Msg No: S21A
Flight ID: GR0000 REG: 9HEMB


Message content:-
0EV083323V/
-------------------------------------------------------[2024-06-22 08:44:01.110]

SOURCE: AIR
RX_ID: 297, Freq: 131.725MHz
Mode: 2 NACKLabel: SA Block ID: 6, Msg No: S21A
Flight ID: GR0000 REG: 9HEMB


Message content:-
0EV083323V/
-------------------------------------------------------[2024-06-22 08:44:18.919]

SOURCE: AIR
RX_ID: 298, Freq: 131.725MHz
Mode: X NACKLabel: SA Block ID: 8, Msg No: S34A
Flight ID: GR0000 REG: 9HEMB


Message content:-
0EV084437V/
-------------------------------------------------------[2024-06-22 08:44:37.573]

SOURCE: AIR
RX_ID: 299, Freq: 131.725MHz
Mode: G NACKLabel: 5Z Block ID: 7, Msg No: M40A
Flight ID: UA0966 REG: N677UA


Message content:-
/ET EXP TIME       / KEWR LIRN 21 084858/EON 1031 AUTO
-------------------------------------------------------[2024-06-22 08:49:00.117]

SOURCE: AIR
RX_ID: 300, Freq: 131.725MHz
Mode: G NACKLabel: 5U Block ID: 8, Msg No: M42A
Flight ID: 6Y09T5 REG: 9H-CEN


Message content:-
  01 WXRQ   09T5/22 LEPA/EDDR .9H-CEN
/TYP 1/STA EDDR/STA LFLB/STA     
-------------------------------------------------------[2024-06-22 08:49:17.928]

SOURCE: AIR
RX_ID: 301, Freq: 131.725MHz
Mode: G NACKLabel: 5Z Block ID: 8, Msg No: M41A
Flight ID: UA0966 REG: N677UA


Message content:-
/B6 LDG DATA REQ   / KEWR LIRN 21 084921 LIRN R24  G2661
-------------------------------------------------------[2024-06-22 08:49:23.267]

SOURCE: AIR
RX_ID: 302, Freq: 131.725MHz
Mode: G NACKLabel: H1 Block ID: 7, Msg No: F34A
Flight ID: UA0966 REG: N677UA


Message content:-
#M2BPOSN44053E006180,RET29,085153,350,KOL30,085609,RAP31,M48,24344,271,820/DTLIRN,24 , 18,100153,/TS085153,220624F665
-------------------------------------------------------[2024-06-22 08:51:55.040]

SOURCE: AIR
RX_ID: 303, Freq: 131.725MHz
Mode: E NACKLabel: H1 Block ID: 7, Msg No: D84A
Flight ID: DL0233 REG: N176DZ


Message content:-
#DFB239N176DZ0233062224085204797 4461   582339-20-48263 4812-167105720
 277 427 1292991000RG20)LIRNKJFK
-------------------------------------------------------[2024-06-22 08:52:36.806]

SOURCE: AIR
RX_ID: 304, Freq: 131.725MHz
Mode: E NACKLabel: 4H Block ID: 8, Msg No: M71A
Flight ID: DL0233 REG: N176DZ


Message content:-
22094H LIRN KJFK6
  
RESET WPR





-------------------------------------------------------[2024-06-22 09:02:13.109]

SOURCE: AIR
RX_ID: 305, Freq: 131.725MHz
Mode: E NACKLabel: H1 Block ID: 0, Msg No: F05A
Flight ID: DL0233 REG: N176DZ


Message content:-
#M2BREJPOS,090221,130,219,RF101,PNZ499C
-------------------------------------------------------[2024-06-22 09:02:24.189]

SOURCE: AIR
RX_ID: 306, Freq: 131.725MHz
Mode: E ACK, A2GLabel: H1 Block ID: 0, Msg No: F05A
Flight ID: DL0233 REG: N176DZ


Message content:-
#M2BREJPOS,090221,130,219,RF101,PNZ499C
-------------------------------------------------------[2024-06-22 09:02:25.617]

SOURCE: AIR
RX_ID: 307, Freq: 131.825MHz
Mode: 2 NACKLabel: 4T Block ID: 5, Msg No: M36A
Flight ID: AC0905 REG: C-FIVW


Message content:-
AGFSR AC0905/22/22/FCOYUL/0924Z/743/4442.0N00539.5E/326/CRUISE/0685/0106/M47/278047/0299/---/446/0759/0837/----/----
-------------------------------------------------------[2024-06-22 09:24:20.669]

SOURCE: AIR
RX_ID: 308, Freq: 131.825MHz
Mode: 2 NACKLabel: H1 Block ID: 6, Msg No: F17A
Flight ID: AC0905 REG: C-FIVW


Message content:-
#M1BREQPWI/WQ360.340.320.300:ETREK.NOQAS.LERGA.CNA.GALOF.TIVLU.BUNAV.N47000W020000.N47000W030000.N47000W040000.N48000W050000.NICSO.YYT.CADIL.MIILS.ODBOS/DQ3600EA4
-------------------------------------------------------[2024-06-22 09:26:02.445]

SOURCE: AIR
RX_ID: 309, Freq: 131.725MHz
Mode: E NACKLabel: H1 Block ID: 1, Msg No: F62A
Flight ID: DL0024 REG: N836MH


Message content:-
#M2BPOSN44296E005043,NISAR,092605,344,XIRBI,092723,DOTIG,M48,28444,204,81097C1
-------------------------------------------------------[2024-06-22 09:26:07.968]

SOURCE: AIR
RX_ID: 310, Freq: 131.825MHz
Mode: 2 NACKLabel: H1 Block ID: 8, Msg No: F18A
Flight ID: AC0905 REG: C-FIVW


Message content:-
#M1BPOSN44500E005230,PIG-01,092609,340,ETREK,093108,NOQAS,M45,27840,1504/RP:DA:LIRF:AA:CYUL:LO:R0:R:25O:F:ETREK.UM616..NOQAS..LERGA..CNA..GALOF..TIVLU:CS:TIVLU,840.UN536..BUNAV:CS:BUNAV,840..N47000W020000..N470
-------------------------------------------------------[2024-06-22 09:26:12.289]

SOURCE: AIR
RX_ID: 311, Freq: 131.825MHz
Mode: 2 NACKLabel: H1 Block ID: 8, Msg No: F20A
Flight ID: AC0905 REG: C-FIVW


Message content:-
#M1BRESPWI/AC,0858A2F
-------------------------------------------------------[2024-06-22 09:27:40.348]

SOURCE: AIR
RX_ID: 312, Freq: 131.725MHz
Mode: E NACKLabel: H1 Block ID: 2, Msg No: D87A
Flight ID: DL0024 REG: N836MH


Message content:-
#DFB239N1812 0024062224093133709 4402   576205  7-18263 42XX-223 20000
 324 46600791403300B8/9WKATLLFMN
-------------------------------------------------------[2024-06-22 09:31:54.702]

SOURCE: AIR
RX_ID: 313, Freq: 131.725MHz
Mode: E NACKLabel: H1 Block ID: 3, Msg No: D88A
Flight ID: DL0024 REG: N836MH


Message content:-
#DFBENGINE BLEED REPORT

AID:N1812  DA:21/06    GMT:09:32    FNO:1895      ISFC:  431
TAT:  97  SAT:-138   ALT: 18748   MACH:0676    FCNT: 1124
GW:308400  FLT:0024-1  MODE:DESC    SID:AK-67-223
S/N L:70700
-------------------------------------------------------[2024-06-22 09:32:39.759]

SOURCE: AIR
RX_ID: 314, Freq: 131.725MHz
Mode: E NACKLabel: H1 Block ID: 4, Msg No: D88B
Flight ID: DL0024 REG: N836MH


Message content:-
#DFB0         DEPART:KATL    DESTIN:LFMN
S/N R:707000

               ENG L     ENG R
HPSOV          OPN       OPN
PRV            OPN       OPN
PRSOV          OPN       OPN
FAV %            -128      305
-------------------------------------------------------[2024-06-22 09:32:43.639]

SOURCE: AIR
RX_ID: 315, Freq: 131.725MHz
Mode: E NACKLabel: H1 Block ID: 5, Msg No: D88C
Flight ID: DL0024 REG: N836MH


Message content:-
#DFB
N1 SPD          4044     4039
HI STG PRESS    4350     4300
INTERM PRESS1    3436     3231
INTERM PRESS2    3275     3286
STRUT OVHT     NRML      NRML
DUCT PRESS       3163     3225
P-COOL TEMP    
-------------------------------------------------------[2024-06-22 09:32:47.330]

SOURCE: AIR
RX_ID: 316, Freq: 131.725MHz
Mode: E NACKLabel: H1 Block ID: 6, Msg No: D88D
Flight ID: DL0024 REG: N836MH


Message content:-
#DFB37950    37991
PACK HX TEMP    34400    34456
PACK FLOW       11016    12566
WING ANTI ICE  OFF
LT  ISO VLV    CLS
RT  ISO VLV    CLS
CTR ISO VLV    OPN

TRIGGER CODE   0000

STATUS WORDS  DW1  DW
-------------------------------------------------------[2024-06-22 09:32:51.428]

SOURCE: AIR
RX_ID: 317, Freq: 131.725MHz
Mode: E NACKLabel: H1 Block ID: 6, Msg No: D88D
Flight ID: DL0024 REG: N836MH


Message content:-
#DFB37950    37991
PACK HX TEMP    34400    34456
PACK FLOW       11016    12566
WING ANTI ICE  OFF
LT  ISO VLV    CLS
RT  ISO VLV    CLS
CTR ISO VLV    OPN

TRIGGER CODE   0000

STATUS WORDS  DW1  DW
-------------------------------------------------------[2024-06-22 09:33:03.311]

SOURCE: AIR
RX_ID: 318, Freq: 131.725MHz
Mode: E NACKLabel: H1 Block ID: 7, Msg No: D88E
Flight ID: DL0024 REG: N836MH


Message content:-
#DFB2  DW3  DW4  DW5  DW6  DW7  DW8  EICAS
LEFT          0000 0001 0000 0000 0000 0000 1040 0000 0000
RIGHT         0000 0001 0000 0000 0000 0000 1040 0000 0000

-------------------------------------------------------[2024-06-22 09:33:08.028]

SOURCE: AIR
RX_ID: 319, Freq: 131.725MHz
Mode: G NACKLabel: H1 Block ID: 9, Msg No: D44A
Flight ID: DL0025 REG: N830MH


Message content:-
#DFB/WX02EN22LFMNKATL
N44517E00588409312778M3672720460XXXX21::B8IH-
N44598E00575409322954M4222710510XXXX21::J89B(
N44678E00562509332991M4352750580XXXX21::APCF-
N44757E00549709342992M4372720550XXXX21::ZOGMY
-------------------------------------------------------[2024-06-22 09:36:23.613]

SOURCE: AIR
RX_ID: 320, Freq: 131.725MHz
Mode: G NACKLabel: H1 Block ID: 0, Msg No: D44B
Flight ID: DL0025 REG: N830MH


Message content:-
#DFB
N44836E00537009352992M4372740600XXXX21::ZO9B(
N44915E00524309362992M4402810570XXXX21102X7GX

-------------------------------------------------------[2024-06-22 09:36:26.686]

SOURCE: AIR
RX_ID: 321, Freq: 131.725MHz
Mode: G NACKLabel: H1 Block ID: 1, Msg No: D45A
Flight ID: DL0025 REG: N830MH


Message content:-
#DFB239N1806 0025062224093615811 4492   524299-14-44280 58XX-223123000
 310 427007330551102X7GXLFMNKATL
-------------------------------------------------------[2024-06-22 09:36:38.358]

SOURCE: AIR
RX_ID: 322, Freq: 131.725MHz
Mode: G NACKLabel: H1 Block ID: 1, Msg No: D45A
Flight ID: DL0025 REG: N830MH


Message content:-
#DFB239N1806 0025062224093615811 4492   524299-14-44280 58XX-223123000
 310 427007330551102X7GXLFMNKATL
-------------------------------------------------------[2024-06-22 09:36:48.775]

SOURCE: AIR
RX_ID: 323, Freq: 131.725MHz
Mode: G NACKLabel: H1 Block ID: 2, Msg No: F06A
Flight ID: DL0025 REG: N830MH


Message content:-
#M2BPOSN45109E004380,ETREK,094058,320,NOQAS,094322,LERGA,M45,29663,1234,8104ECA
-------------------------------------------------------[2024-06-22 09:41:05.620]

SOURCE: AIR
RX_ID: 324, Freq: 131.725MHz
Mode: G NACKLabel: 4H Block ID: 3, Msg No: M73A
Flight ID: DL0025 REG: N830MH


Message content:-
22094H LFMN KATL6
  
WPR RESET





-------------------------------------------------------[2024-06-22 09:41:16.885]

SOURCE: AIR
RX_ID: 325, Freq: 131.725MHz
Mode: G NACKLabel: H1 Block ID: 7, Msg No: F07A
Flight ID: DL0025 REG: N830MH


Message content:-
#M2BREJPOS,094139,130,219,RF101,ETREK0084
-------------------------------------------------------[2024-06-22 09:41:42.666]

SOURCE: AIR
RX_ID: 326, Freq: 131.725MHz
Mode: G NACKLabel: 16 Block ID: 1, Msg No: M91A
Flight ID: 3L1010 REG: 9H-HFI


Message content:-
095108,39997,1032,  12,N 44.923 E  4.524
-------------------------------------------------------[2024-06-22 09:51:10.589]

SOURCE: AIR
RX_ID: 327, Freq: 131.825MHz
Mode: 2 NACKLabel: H1 Block ID: 5, Msg No: C01A
Flight ID: 6Y06LC REG: ES-SAB


Message content:-
#CFBWRN/WN24062209530046200006DATALINK ATC FAULT      
-------------------------------------------------------[2024-06-22 09:53:17.785]

SOURCE: AIR
RX_ID: 328, Freq: 131.825MHz
Mode: 2 NACKLabel: SA Block ID: 1, Msg No: M19A
Flight ID: YD08KV REG: G-HODL


Message content:-
0EV102148V
-------------------------------------------------------[2024-06-22 10:21:50.151]

SOURCE: AIR
RX_ID: 329, Freq: 131.825MHz
Mode: 2 NACKLabel: B0 Block ID: 8, Msg No: J91A
Flight ID: NW0113 REG: N830NW


Message content:-
/LFMM.AFN/FMHDAL113,.N830NW,AB599B,102613/FPON44234E006158,1/FCOADS,01/FCOATC,0193BB
-------------------------------------------------------[2024-06-22 10:26:16.209]

SOURCE: AIR
RX_ID: 330, Freq: 131.725MHz
Mode: X NACKLabel: H1 Block ID: 5, Msg No: F38A
Flight ID: KL0537 REG: PH-AOD


Message content:-
#M1BRESREQ/AK,1158AF6
-------------------------------------------------------[2024-06-22 10:27:26.024]

SOURCE: AIR
RX_ID: 331, Freq: 131.725MHz
Mode: X NACKLabel: H1 Block ID: 6, Msg No: F39A
Flight ID: KL0537 REG: PH-AOD


Message content:-
#M1BFPN/TS102724,062224/RP:DA:EHAM:AA:HRYR..N44370E005379..N44240E005321..N44103E005260..N44051E005236..N43593E005210..MTG.UN852..DIVKO.UM154..JUSQO..FIRRA..SUXER:WS:SUXER,370..KAMER.UM998..CSO.UA605..DJA.UB730
-------------------------------------------------------[2024-06-22 10:27:29.540]

SOURCE: AIR
RX_ID: 332, Freq: 131.725MHz
Mode: X NACKLabel: H1 Block ID: 7, Msg No: F39B
Flight ID: KL0537 REG: PH-AOD


Message content:-
#M1B..DIR.UG862..ONUDA.UG655..GOVEL.UT325..EDBIV.UY476:WS:ISBEM,390..GOM.UB531..RANAG(28O)/PR4404,305,350,1086,,,200,,,30,,,P50,M40,33300,,3318,248/DTHRYR,28O,199,1723249F1B
-------------------------------------------------------[2024-06-22 10:27:33.411]

SOURCE: AIR
RX_ID: 333, Freq: 131.725MHz
Mode: X NACKLabel: H1 Block ID: 7, Msg No: D42A
Flight ID: KL0537 REG: PH-AOD


Message content:-
#DFB(POS-KLM537  -4332N00504E/103859 F350
RMK/FUEL  47.7 M0.83)
-------------------------------------------------------[2024-06-22 10:39:15.662]

SOURCE: AIR
RX_ID: 334, Freq: 131.725MHz
Mode: X NACKLabel: B0 Block ID: 8, Msg No: J03A
Flight ID: KL0537 REG: PH-AOD


Message content:-
/DAAA.AFN/FMHKLM537,.PH-AOD,484443,104052/FPON43168E004564,1/FCOADS,01/FCOATC,014221
-------------------------------------------------------[2024-06-22 10:40:53.969]

SOURCE: AIR
RX_ID: 335, Freq: 131.725MHz
Mode: X ACK, A2GLabel: B0 Block ID: 8, Msg No: J03A
Flight ID: KL0537 REG: PH-AOD


Message content:-
/DAAA.AFN/FMHKLM537,.PH-AOD,484443,104052/FPON43168E004564,1/FCOADS,01/FCOATC,014221
-------------------------------------------------------[2024-06-22 10:40:58.906]

SOURCE: AIR
RX_ID: 336, Freq: 131.725MHz
Mode: X NACKLabel: B6 Block ID: 0, Msg No: J04A
Flight ID: KL0537 REG: PH-AOD


Message content:-
/ALGCAYA.ADS.PH-AOD0300071EC3F01C0E488BA6701D0E4788FCFFFC0D1E9E201B2D088B80661E63381BFE888B807724
-------------------------------------------------------[2024-06-22 10:41:03.186]

SOURCE: AIR
RX_ID: 337, Freq: 131.725MHz
Mode: 2 NACKLabel: B6 Block ID: 0, Msg No: J04A
Flight ID: KL0537 REG: PH-AOD


Message content:-
/ALGCAYA.ADS.PH-AOD0300071EC3F01C0E488BA6701D0E4788FCFFFC0D1E9E201B2D088B80661E63381BFE888B807724
-------------------------------------------------------[2024-06-22 10:41:26.337]

SOURCE: AIR
RX_ID: 338, Freq: 131.725MHz
Mode: 2 NACKLabel: B6 Block ID: 2, Msg No: J05A
Flight ID: KL0537 REG: PH-AOD


Message content:-
/ALGCAYA.ADS.PH-AOD03014853
-------------------------------------------------------[2024-06-22 10:41:38.441]

SOURCE: AIR
RX_ID: 339, Freq: 131.725MHz
Mode: 2 NACKLabel: B6 Block ID: 2, Msg No: J05A
Flight ID: KL0537 REG: PH-AOD


Message content:-
/ALGCAYA.ADS.PH-AOD03014853
-------------------------------------------------------[2024-06-22 10:41:47.437]

SOURCE: AIR
RX_ID: 340, Freq: 131.725MHz
Mode: G NACKLabel: H1 Block ID: 7, Msg No: D43D
Flight ID: KL0537 REG: PH-AOD


Message content:-
#DFB2,--.--,053,121.5,0,02.2,0.05,0.55,00.6,261,109,0.38,0.63
                            :

-------------------------------------------------------[2024-06-22 10:46:15.730]

SOURCE: AIR
RX_ID: 341, Freq: 131.725MHz
Mode: X NACKLabel: H1 Block ID: 1, Msg No: C07A
Flight ID: TS0628 REG: C-GUBC


Message content:-
#CFB.1/FLR/FR2406221049  36115106BMC2   X2,,,,,,,HP BLEED-V (E2-4000HA),HARD
-------------------------------------------------------[2024-06-22 10:50:51.224]

SOURCE: AIR
RX_ID: 342, Freq: 131.525MHz
Mode: T NACKLabel: 2Z Block ID: 0, Msg No: M62A
Flight ID: AF6210 REG: F-GRHF


Message content:-
LFMN
-------------------------------------------------------[2024-06-22 10:59:02.531]

SOURCE: AIR
RX_ID: 343, Freq: 131.525MHz
Mode: T NACKLabel: 2L Block ID: 2, Msg No: M63A
Flight ID: AF6210 REG: F-GRHF


Message content:-
M/     /300-     /   
+44.29+005.35/+--/2/5
-------------------------------------------------------[2024-06-22 11:01:35.328]

SOURCE: AIR
RX_ID: 344, Freq: 131.525MHz
Mode: T NACKLabel: 2F Block ID: 3, Msg No: M64A
Flight ID: AF6210 REG: F-GRHF


Message content:-
1104+4400+566/2239
-------------------------------------------------------[2024-06-22 11:04:37.383]

SOURCE: AIR
RX_ID: 345, Freq: 131.525MHz
Mode: T NACKLabel: 2F Block ID: 3, Msg No: M64A
Flight ID: AF6210 REG: F-GRHF


Message content:-
1104+4400+566/2239
-------------------------------------------------------[2024-06-22 11:04:46.199]

SOURCE: AIR
RX_ID: 346, Freq: 131.525MHz
Mode: T NACKLabel: 26 Block ID: 4, Msg No: M65A
Flight ID: AF6210 REG: F-GRHF


Message content:-
1106LFPOAF6210/221121LFMN04L
-------------------------------------------------------[2024-06-22 11:06:02.817]

SOURCE: AIR
RX_ID: 347, Freq: 131.725MHz
Mode: 2 NACKLabel: 15 Block ID: 3, Msg No: M02A
Flight ID: GS0001 REG: CESSNA


Message content:-
(2N44034E  7317--- 49349-49(Z
-------------------------------------------------------[2024-06-22 11:21:49.608]

SOURCE: AIR
RX_ID: 348, Freq: 131.725MHz
Mode: X NACKLabel: 16 Block ID: 3, Msg No: M34A
Flight ID: SN03DY REG: OO-SFH


Message content:-
22JUN24,1132,N 44.395,E  7.000,36990,1656,95680
-------------------------------------------------------[2024-06-22 11:32:35.218]

SOURCE: AIR
RX_ID: 349, Freq: 131.725MHz
Mode: 2 NACKLabel: 15 Block ID: 4, Msg No: M03A
Flight ID: GS0001 REG: CESSNA


Message content:-
(2N43197E  5349--- 43349-49(Z
-------------------------------------------------------[2024-06-22 11:36:47.346]

SOURCE: AIR
RX_ID: 350, Freq: 131.525MHz
Mode: T NACKLabel: 2Z Block ID: 7, Msg No: M86A
Flight ID: AF7306 REG: F-GMZD


Message content:-
LFMN
-------------------------------------------------------[2024-06-22 11:37:03.729]

SOURCE: AIR
RX_ID: 351, Freq: 131.825MHz
Mode: 2 NACKLabel: B6 Block ID: 5, Msg No: F84A
Flight ID: BA0082 REG: G-VIIG


Message content:-
/QUKAXBA.ADS.G-VIIG071EC2F81D9809C4254B1D16AE
-------------------------------------------------------[2024-06-22 11:39:48.613]

SOURCE: AIR
RX_ID: 352, Freq: 131.525MHz
Mode: T NACKLabel: 2F Block ID: 9, Msg No: M87A
Flight ID: AF7306 REG: F-GMZD


Message content:-
1142+4423+547/3052
-------------------------------------------------------[2024-06-22 11:42:10.167]

SOURCE: AIR
RX_ID: 353, Freq: 131.525MHz
Mode: T NACKLabel: 26 Block ID: 0, Msg No: M88A
Flight ID: AF7306 REG: F-GMZD


Message content:-
1145LFPGAF7306/221200LFMN04L
-------------------------------------------------------[2024-06-22 11:45:04.045]

SOURCE: AIR
RX_ID: 354, Freq: 131.825MHz
Mode: 2 NACKLabel: H1 Block ID: 7, Msg No: O30A
Flight ID: BA0082 REG: G-VIIG


Message content:-
#10BSB0122BA_G-VIIG  DNAAEGLL458
 43907 0050241145 40000-470293048010/9W010013
-------------------------------------------------------[2024-06-22 11:46:11.448]

SOURCE: AIR
RX_ID: 355, Freq: 131.725MHz
Mode: G NACKLabel: 12 Block ID: 3, Msg No: M78A
Flight ID: SN037K REG: OO-SFC


Message content:-
EBBR,FZAA,22JUN24,1153,183530
N 43.999,E  3.785,34986
FZAA24,SN357
-------------------------------------------------------[2024-06-22 11:53:05.371]

SOURCE: AIR
RX_ID: 356, Freq: 131.725MHz
Mode: G NACKLabel: 28 Block ID: 5, Msg No: M80A
Flight ID: SN037K REG: OO-SFC


Message content:-
DTTJ,LEPA,DAAG,DAUG,
N 43.569,E  4.065,34966,SN357
-------------------------------------------------------[2024-06-22 11:56:18.295]

SOURCE: AIR
RX_ID: 357, Freq: 131.825MHz
Mode: 2 NACKLabel: 15 Block ID: 0, Msg No: M01A
Flight ID: BA0082 REG: G-VIIG


Message content:-
FST01DNAAEGLLN453644E0046166400 113 327 M44C 3828734434947411600013021156
-------------------------------------------------------[2024-06-22 11:56:32.851]

SOURCE: AIR
RX_ID: 358, Freq: 131.725MHz
Mode: 2 NACKLabel: SA Block ID: 0, Msg No: S69A
Flight ID: GR0000 REG: FGXAE


Message content:-
0EV123445V/
-------------------------------------------------------[2024-06-22 12:47:24.382]

SOURCE: AIR
RX_ID: 359, Freq: 131.725MHz
Mode: E NACKLabel: SA Block ID: 2, Msg No: S78A
Flight ID: GR0000 REG: FGXAE


Message content:-
0EV123853V/
-------------------------------------------------------[2024-06-22 12:48:00.851]

SOURCE: AIR
RX_ID: 360, Freq: 131.725MHz
Mode: E NACKLabel: SA Block ID: 2, Msg No: S78A
Flight ID: GR0000 REG: FGXAE


Message content:-
0EV123853V/
-------------------------------------------------------[2024-06-22 12:48:12.954]

SOURCE: AIR
RX_ID: 361, Freq: 131.725MHz
Mode: E NACKLabel: SA Block ID: 2, Msg No: S78A
Flight ID: GR0000 REG: FGXAE


Message content:-
0EV123853V/
-------------------------------------------------------[2024-06-22 12:48:20.927]

SOURCE: AIR
RX_ID: 362, Freq: 131.725MHz
Mode: 2 NACKLabel: SA Block ID: 1, Msg No: S78A
Flight ID: GR0000 REG: FGXAE


Message content:-
0EV123853V/
-------------------------------------------------------[2024-06-22 12:54:11.816]

SOURCE: AIR
RX_ID: 363, Freq: 131.725MHz
Mode: 2 NACKLabel: SA Block ID: 1, Msg No: S78A
Flight ID: GR0000 REG: FGXAE


Message content:-
0EV123853V/
-------------------------------------------------------[2024-06-22 12:54:17.748]

SOURCE: AIR
RX_ID: 364, Freq: 131.725MHz
Mode: 2 NACKLabel: SA Block ID: 1, Msg No: S78A
Flight ID: GR0000 REG: FGXAE


Message content:-
0EV123853V/
-------------------------------------------------------[2024-06-22 12:54:28.829]

SOURCE: AIR
RX_ID: 365, Freq: 131.725MHz
Mode: G NACKLabel: SA Block ID: 3, Msg No: S85A
Flight ID: GR0000 REG: FGXAE


Message content:-
0EV124800V/
-------------------------------------------------------[2024-06-22 12:54:43.569]

SOURCE: AIR
RX_ID: 366, Freq: 131.825MHz
Mode: 2 NACKLabel: 44 Block ID: 2, Msg No: M51A
Flight ID: GS0713 REG: DANCE


Message content:-
011*4lSb_'El?~6ll''lEb'llb\6@Ib6IIdblL~~bA~EEbA'l'bllEOS
-------------------------------------------------------[2024-06-22 12:55:13.052]

SOURCE: AIR
RX_ID: 367, Freq: 131.725MHz
Mode: 2 NACKLabel: SA Block ID: 8, Msg No: S85A
Flight ID: GR0000 REG: FGXAE


Message content:-
0EV124800V/
-------------------------------------------------------[2024-06-22 12:57:20.673]

SOURCE: AIR
RX_ID: 368, Freq: 131.725MHz
Mode: 2 NACKLabel: SA Block ID: 8, Msg No: S85A
Flight ID: GR0000 REG: FGXAE


Message content:-
0EV124800V/
-------------------------------------------------------[2024-06-22 12:57:27.838]

SOURCE: AIR
RX_ID: 369, Freq: 131.725MHz
Mode: 2 NACKLabel: SA Block ID: 8, Msg No: S85A
Flight ID: GR0000 REG: FGXAE


Message content:-
0EV124800V/
-------------------------------------------------------[2024-06-22 12:57:35.811]

SOURCE: AIR
RX_ID: 370, Freq: 131.725MHz
Mode: 2 NACKLabel: SA Block ID: 0, Msg No: S90A
Flight ID: GR0000 REG: FGXAE


Message content:-
0EV125442V/
-------------------------------------------------------[2024-06-22 12:58:34.804]

SOURCE: AIR
RX_ID: 371, Freq: 131.725MHz
Mode: 2 NACKLabel: SA Block ID: 0, Msg No: S90A
Flight ID: GR0000 REG: FGXAE


Message content:-
0EV125442V/
-------------------------------------------------------[2024-06-22 12:58:40.951]

SOURCE: AIR
RX_ID: 372, Freq: 131.725MHz
Mode: E NACKLabel: H1 Block ID: 6, Msg No: F64A
Flight ID: DL0029 REG: N836MH


Message content:-
#M2BPOSN44347E005395,KOT02,130028,320,ETREK,130905,NOQAS,M45,30181,1198,809BFAD
-------------------------------------------------------[2024-06-22 13:00:30.534]

SOURCE: AIR
RX_ID: 373, Freq: 131.725MHz
Mode: E NACKLabel: H1 Block ID: 7, Msg No: F65A
Flight ID: DL0029 REG: N836MH


Message content:-
#M2BPOSN44368E005359,,130059,320,ETR03,,NOQ04,M44,30181,1197,809C9C9
-------------------------------------------------------[2024-06-22 13:01:02.109]

SOURCE: AIR
RX_ID: 374, Freq: 131.725MHz
Mode: E NACKLabel: H1 Block ID: 7, Msg No: F65A
Flight ID: DL0029 REG: N836MH


Message content:-
#M2BPOSN44368E005359,,130059,320,ETR03,,NOQ04,M44,30181,1197,809C9C9
-------------------------------------------------------[2024-06-22 13:01:14.582]

SOURCE: AIR
RX_ID: 375, Freq: 131.725MHz
Mode: E NACKLabel: H1 Block ID: 8, Msg No: D01A
Flight ID: DL0029 REG: N836MH


Message content:-
#DFB239N1812 0029062224130133807 4474   554319-15-45300 83XX-223117720
 294 39400803009310B07GXLFMNKJFK
-------------------------------------------------------[2024-06-22 13:01:47.171]

SOURCE: AIR
RX_ID: 376, Freq: 131.725MHz
Mode: 2 NACKLabel: SA Block ID: 9, Msg No: S96A
Flight ID: GR0000 REG: FGXAE


Message content:-
0EV125834V/
-------------------------------------------------------[2024-06-22 13:02:59.683]

SOURCE: AIR
RX_ID: 377, Freq: 131.725MHz
Mode: E NACKLabel: H1 Block ID: 9, Msg No: D02A
Flight ID: DL0029 REG: N836MH


Message content:-
#DFB221N1812 0029220624130829409295319809-14-44 -1             941 941
    689674    6632 6568     09920993    116118    56 57   143157   //
////   0808  0202  628622   1069 10 20     47  48    000100100XX-22
-------------------------------------------------------[2024-06-22 13:08:47.061]

SOURCE: AIR
RX_ID: 378, Freq: 131.725MHz
Mode: E NACKLabel: H1 Block ID: 9, Msg No: D02A
Flight ID: DL0029 REG: N836MH


Message content:-
#DFB221N1812 0029220624130829409295319809-14-44 -1             941 941
    689674    6632 6568     09920993    116118    56 57   143157   //
////   0808  0202  628622   1069 10 20     47  48    000100100XX-22
-------------------------------------------------------[2024-06-22 13:08:59.751]

SOURCE: AIR
RX_ID: 379, Freq: 131.725MHz
Mode: E NACKLabel: H1 Block ID: 0, Msg No: D02B
Flight ID: DL0029 REG: N836MH


Message content:-
#DFB3 
 0
-------------------------------------------------------[2024-06-22 13:09:02.824]

SOURCE: AIR
RX_ID: 380, Freq: 131.725MHz
Mode: E NACKLabel: 4H Block ID: 1, Msg No: M13A
Flight ID: DL0029 REG: N836MH


Message content:-
22134H LFMN KJFK6
  
WPR RESET





-------------------------------------------------------[2024-06-22 13:10:28.221]

SOURCE: AIR
RX_ID: 381, Freq: 131.725MHz
Mode: E NACKLabel: H1 Block ID: 3, Msg No: F66A
Flight ID: DL0029 REG: N836MH


Message content:-
#M2BREJPOS,131033,130,219,RF101,KOTIT8513
-------------------------------------------------------[2024-06-22 13:10:36.014]

SOURCE: AIR
RX_ID: 382, Freq: 131.825MHz
Mode: 2 NACKLabel: B1 Block ID: 4, Msg No: L20A
Flight ID: AC0891 REG: C-FRAM


Message content:-
/EGGX.OC1/RCL 046
ACA891-BUNAV/1457 M083F320
-RMK/MAX 340EE58
-------------------------------------------------------[2024-06-22 13:30:53.370]

SOURCE: AIR
RX_ID: 383, Freq: 131.825MHz
Mode: 2 NACKLabel: 4T Block ID: 0, Msg No: M13A
Flight ID: AC0891 REG: C-FRAM


Message content:-
AGFSR AC0891/22/22/FCOYYZ/1335Z/739/4431.4N00549.2E/319/CRUISE/0833/0110/M44/301079/0308/---/419/1225/1248/----/----
-------------------------------------------------------[2024-06-22 13:35:13.088]

SOURCE: AIR
RX_ID: 384, Freq: 131.725MHz
Mode: X NACKLabel: H1 Block ID: 9, Msg No: F86A
Flight ID: UA0967 REG: N677UA


Message content:-
#M1BPOSN45060E004430,,134719,340,GALOF,142736,NOVAN,M45,30077,1011,800/DTKEWR,22L, 18,220312,/TS134719,220624C8A5
-------------------------------------------------------[2024-06-22 13:47:21.791]

SOURCE: AIR
RX_ID: 385, Freq: 131.725MHz
Mode: E NACKLabel: H1 Block ID: 6, Msg No: D13A
Flight ID: 9L2282 REG: ZZ332


Message content:-
#DFB001004700101010734173
R01/A33001,1,1
C1,ZZ332  ,24JUN22,13.18.51,EDDV,LFML,RRR2282   ,4000,119
C2,004,06.0,000000,D1033RR04C00000,000,000,000
C3,-12.0,38993,0.808,111,1.00,111,10,0,01,111,1.00,X
C4,-12
-------------------------------------------------------[2024-06-22 13:53:56.214]

SOURCE: AIR
RX_ID: 386, Freq: 131.725MHz
Mode: E NACKLabel: H1 Block ID: 7, Msg No: D13B
Flight ID: 9L2282 REG: ZZ332


Message content:-
#DFB.6,39004,0.803,111
C5,041978,09541,06874,02227,00443,10015,00000,00402,06066,---
C6,041946,10909,06329,02888,00443,10015,00000,00402,1E066
N1,1.634,1.636,088.17,092.4,092.3,0720,07.187,03493,08.11
N2,1.
-------------------------------------------------------[2024-06-22 13:53:59.907]

SOURCE: AIR
RX_ID: 387, Freq: 131.725MHz
Mode: E NACKLabel: H1 Block ID: 8, Msg No: D13C
Flight ID: 9L2282 REG: ZZ332


Message content:-
#DFB634,1.635,088.70,092.4,092.5,0722,07.194,03571,08.12
S1,04.36,-12.6,035.5,210.1,158.6,512.5,05.1,059.5,023.6,30,131
S2,04.36,-12.7,035.6,211.1,159.5,514.1,05.2,060.1,021.9,30,129
T1,078,100,111.9,006.9,0
-------------------------------------------------------[2024-06-22 13:54:03.385]

SOURCE: AIR
RX_ID: 388, Freq: 131.725MHz
Mode: E NACKLabel: H1 Block ID: 9, Msg No: D13D
Flight ID: 9L2282 REG: ZZ332


Message content:-
#DFB46.7,0.06,0.04,0.13,137,0.19,008.7
T2,074,097,115.6,008.2,046.9,0.13,0.01,0.31,144,0.37,008.8
V1,0464,0418
V2,0464,0423
NO STABLE FRAME CONDITION   :

-------------------------------------------------------[2024-06-22 13:54:06.676]

SOURCE: AIR
RX_ID: 389, Freq: 131.725MHz
Mode: X NACKLabel: 81 Block ID: 8, Msg No: M17A
Flight ID: TS0629 REG: C-GUBC


Message content:-
EST-CE QUE LE O ACTION
DE LA MEL 32-42-01A
EST PRIS EN COMPTE
DANS LE CALCUL DE FUEL
DU OFP.
ON A BRULEE 1.0T DE
PLUS SUR LE SID.

-------------------------------------------------------[2024-06-22 14:03:36.650]

SOURCE: AIR
RX_ID: 390, Freq: 131.725MHz
Mode: X NACKLabel: SA Block ID: 5, Msg No: S08A
Flight ID: GR0000 REG: 2ZENP


Message content:-
0EV141255V/
-------------------------------------------------------[2024-06-22 14:17:50.871]

SOURCE: AIR
RX_ID: 391, Freq: 131.725MHz
Mode: G NACKLabel: SA Block ID: 7, Msg No: S08A
Flight ID: GR0000 REG: 2ZENP


Message content:-
0EV141255V/
-------------------------------------------------------[2024-06-22 14:18:25.502]

SOURCE: AIR
RX_ID: 392, Freq: 131.725MHz
Mode: G NACKLabel: SA Block ID: 7, Msg No: S08A
Flight ID: GR0000 REG: 2ZENP


Message content:-
0EV141255V/
-------------------------------------------------------[2024-06-22 14:18:32.453]

SOURCE: AIR
RX_ID: 393, Freq: 131.725MHz
Mode: X NACKLabel: SA Block ID: 0, Msg No: S08A
Flight ID: GR0000 REG: 2ZENP


Message content:-
0EV141255V/
-------------------------------------------------------[2024-06-22 14:18:53.336]

SOURCE: AIR
RX_ID: 394, Freq: 131.725MHz
Mode: X NACKLabel: SA Block ID: 0, Msg No: S08A
Flight ID: GR0000 REG: 2ZENP


Message content:-
0EV141255V/
-------------------------------------------------------[2024-06-22 14:18:59.477]

SOURCE: AIR
RX_ID: 395, Freq: 131.725MHz
Mode: X NACKLabel: SA Block ID: 0, Msg No: S08A
Flight ID: GR0000 REG: 2ZENP


Message content:-
0EV141255V/
-------------------------------------------------------[2024-06-22 14:19:11.366]

SOURCE: AIR
RX_ID: 396, Freq: 131.725MHz
Mode: G NACKLabel: SA Block ID: 1, Msg No: S08A
Flight ID: GR0000 REG: 2ZENP


Message content:-
0EV141255V/
-------------------------------------------------------[2024-06-22 14:19:22.444]

SOURCE: AIR
RX_ID: 397, Freq: 131.725MHz
Mode: G NACKLabel: SA Block ID: 1, Msg No: S08A
Flight ID: GR0000 REG: 2ZENP


Message content:-
0EV141255V/
-------------------------------------------------------[2024-06-22 14:19:31.039]

SOURCE: AIR
RX_ID: 398, Freq: 131.725MHz
Mode: G NACKLabel: SA Block ID: 1, Msg No: S08A
Flight ID: GR0000 REG: 2ZENP


Message content:-
0EV141255V/
-------------------------------------------------------[2024-06-22 14:19:38.391]

SOURCE: AIR
RX_ID: 399, Freq: 131.725MHz
Mode: X NACKLabel: SA Block ID: 2, Msg No: S08A
Flight ID: GR0000 REG: 2ZENP


Message content:-
0EV141255V/
-------------------------------------------------------[2024-06-22 14:19:47.423]

SOURCE: AIR
RX_ID: 400, Freq: 131.725MHz
Mode: X NACKLabel: SA Block ID: 2, Msg No: S08A
Flight ID: GR0000 REG: 2ZENP


Message content:-
0EV141255V/
-------------------------------------------------------[2024-06-22 14:19:54.590]

SOURCE: AIR
RX_ID: 401, Freq: 131.725MHz
Mode: X NACKLabel: SA Block ID: 2, Msg No: S08A
Flight ID: GR0000 REG: 2ZENP


Message content:-
0EV141255V/
-------------------------------------------------------[2024-06-22 14:20:01.762]

SOURCE: AIR
RX_ID: 402, Freq: 131.725MHz
Mode: 2 NACKLabel: SA Block ID: 3, Msg No: S08A
Flight ID: GR0000 REG: 2ZENP


Message content:-
0EV141255V/
-------------------------------------------------------[2024-06-22 14:20:10.573]

SOURCE: AIR
RX_ID: 403, Freq: 131.725MHz
Mode: 2 NACKLabel: SA Block ID: 3, Msg No: S08A
Flight ID: GR0000 REG: 2ZENP


Message content:-
0EV141255V/
-------------------------------------------------------[2024-06-22 14:20:22.423]

SOURCE: AIR
RX_ID: 404, Freq: 131.725MHz
Mode: 2 NACKLabel: SA Block ID: 3, Msg No: S08A
Flight ID: GR0000 REG: 2ZENP


Message content:-
0EV141255V/
-------------------------------------------------------[2024-06-22 14:20:33.504]

SOURCE: AIR
RX_ID: 405, Freq: 131.725MHz
Mode: 2 NACKLabel: SA Block ID: 6, Msg No: S08A
Flight ID: GR0000 REG: 2ZENP


Message content:-
0EV141255V/
-------------------------------------------------------[2024-06-22 14:21:17.136]

SOURCE: AIR
RX_ID: 406, Freq: 131.725MHz
Mode: E NACKLabel: SA Block ID: 8, Msg No: S21A
Flight ID: GR0000 REG: 2ZENP


Message content:-
0EV142104V/
-------------------------------------------------------[2024-06-22 14:21:51.330]

SOURCE: AIR
RX_ID: 407, Freq: 131.725MHz
Mode: 2 NACKLabel: 15 Block ID: 4, Msg No: M03A
Flight ID: GS0001 REG: CESSNA


Message content:-
(2N43396E  7474--- 55340-47(Z
-------------------------------------------------------[2024-06-22 14:33:46.280]

SOURCE: AIR
RX_ID: 408, Freq: 131.825MHz
Mode: 2 NACKLabel: H1 Block ID: 8, Msg No: C05A
Flight ID: VY3972 REG: EC-LOC


Message content:-
#CFBWRN/WN24062214460046200006DATALINK COMPANY FAULT  
-------------------------------------------------------[2024-06-22 14:46:59.083]

SOURCE: AIR
RX_ID: 409, Freq: 131.825MHz
Mode: 2 NACKLabel: B1 Block ID: 6, Msg No: L03A
Flight ID: UA0127 REG: N69059


Message content:-
/EGGX.OC1/RCL 024
UAL127-BUNAV/1619 M080F320
-RMK/MAX F340D8FE
-------------------------------------------------------[2024-06-22 14:50:49.080]

SOURCE: AIR
RX_ID: 410, Freq: 131.825MHz
Mode: 2 NACKLabel: B2 Block ID: 9, Msg No: L04A
Flight ID: UA0127 REG: N69059


Message content:-
/PIKCLYA.OC1/CLA 1452 240622 EGGX
CLRNCE 623
UAL127 CLRD TO KIAD VIA
BUNAV
RANDOM ROUTE
47N015W 47N020W 45N030W
44N040W 42N050W 41N060W
DOVEY
FM BUNAV/1619 MNTN F300
M080
ATC/LEVEL CHANGE
END OF MESS
-------------------------------------------------------[2024-06-22 14:53:10.181]

SOURCE: AIR
RX_ID: 411, Freq: 131.825MHz
Mode: 2 NACKLabel: B2 Block ID: 0, Msg No: L04B
Flight ID: UA0127 REG: N69059


Message content:-
AGE4524
-------------------------------------------------------[2024-06-22 14:53:16.142]

SOURCE: AIR
RX_ID: 412, Freq: 131.825MHz
Mode: 2 NACKLabel: H1 Block ID: 3, Msg No: F15A
Flight ID: UA0127 REG: N69059


Message content:-
#M2BPOSN44525E004445,,145729,320,LERGA,150452,CNA,M47,30285,1229,807/DTKIAD,19L, 21,233432,/TS145729,2206245A43
-------------------------------------------------------[2024-06-22 14:57:31.305]

SOURCE: AIR
RX_ID: 413, Freq: 131.725MHz
Mode: E NACKLabel: H1 Block ID: 0, Msg No: C06A
Flight ID: TU0700 REG: TS-IMR


Message content:-
#CFBWRN/WN24062215200046200006DATALINK ATC FAULT      
-------------------------------------------------------[2024-06-22 15:20:12.028]

SOURCE: AIR
RX_ID: 414, Freq: 131.825MHz
Mode: 2 NACKLabel: 1L Block ID: 5, Msg No: M78A
Flight ID: LH057W REG: D-ACNG


Message content:-
00599209237V8K879E007WY,QW3J3,:,9SAA4,GARRXXWMM(UOTU+
-------------------------------------------------------[2024-06-22 15:20:15.905]

SOURCE: AIR
RX_ID: 415, Freq: 131.725MHz
Mode: 2 NACKLabel: 15 Block ID: 3, Msg No: M02A
Flight ID: XA0001 REG: 9HXOC


Message content:-
(2N44203E  6174--- 87334-43(Z
-------------------------------------------------------[2024-06-22 16:23:48.929]

SOURCE: AIR
RX_ID: 416, Freq: 131.525MHz
Mode: T NACKLabel: 26 Block ID: 2, Msg No: M34A
Flight ID: AF7320 REG: F-GMZD


Message content:-
1638LFPGAF7320/221653LFMN04L
-------------------------------------------------------[2024-06-22 16:38:50.456]

SOURCE: AIR
RX_ID: 417, Freq: 131.525MHz
Mode: T NACKLabel: 2F Block ID: 3, Msg No: M35A
Flight ID: AF7320 REG: F-GMZD


Message content:-
1639+4400+584/1774
-------------------------------------------------------[2024-06-22 16:39:46.563]

SOURCE: AIR
RX_ID: 418, Freq: 131.825MHz
Mode: 2 NACKLabel: 16 Block ID: 7, Msg No: M41A
Flight ID: 4X70WM REG: 9H-MLD


Message content:-
170122,33000,1841,   7,N 45.122 E  3.195
-------------------------------------------------------[2024-06-22 17:01:48.014]

SOURCE: AIR
RX_ID: 419, Freq: 131.725MHz
Mode: G NACKLabel: H1 Block ID: 5, Msg No: D19A
Flight ID: 9L2283 REG: ZZ332


Message content:-
#DFB004004800101011489198
R04/A33004,1,1
C1,ZZ332  ,24JUN22,16.53.41,LFML,EGVN,RRR2283   ,4000,047
C2,016,05.0,000000,D1033RR04C00000,000,012,012
C3,022.0,01182,0.216,111,1.30,111,10,0,01,111,1.30,X
C4,022
-------------------------------------------------------[2024-06-22 17:05:00.272]

SOURCE: AIR
RX_ID: 420, Freq: 131.725MHz
Mode: G NACKLabel: H1 Block ID: 6, Msg No: D19B
Flight ID: 9L2283 REG: ZZ332


Message content:-
#DFB.3,01100,0.218,111
C5,041978,09542,06875,02228,00103,00016,00000,00802,0E066
C6,041946,10910,06330,02889,00103,00015,00000,00802,1E066
C7,01,00,00,00,00,00,00,01
C8,01,00,00,00,00,00,00,01
N1,1.373,1.3
-------------------------------------------------------[2024-06-22 17:05:03.965]

SOURCE: AIR
RX_ID: 421, Freq: 131.725MHz
Mode: G NACKLabel: H1 Block ID: 7, Msg No: D19C
Flight ID: 9L2283 REG: ZZ332


Message content:-
#DFB73,1.373,1.613,078.20,090.7,091.6,0695,20.229
N2,1.374,1.373,1.373,1.613,078.53,090.5,091.8,0695,20.264
S1,07684,14.59,022.2,090.9,240.2,372.4,532.8,11.7,074.5,074.5
S2,07686,14.59,022.3,091.5,242.1,374.
-------------------------------------------------------[2024-06-22 17:05:07.440]

SOURCE: AIR
RX_ID: 422, Freq: 131.725MHz
Mode: G NACKLabel: H1 Block ID: 8, Msg No: D19D
Flight ID: 9L2283 REG: ZZ332


Message content:-
#DFB0,535.7,11.9,074.8,074.8
T1,024,47,104,079,100,096.6,036.5,066.0,070,0396,0284
T2,018,50,100,076,098,098.3,037.0,066.1,070,0394,0283
V1,0.06,0.08,0.13,146,0.25,014.2,074,1,00,157737
V2,0.14,0.03,0.14,05
-------------------------------------------------------[2024-06-22 17:05:11.133]

SOURCE: AIR
RX_ID: 423, Freq: 131.725MHz
Mode: G NACKLabel: H1 Block ID: 0, Msg No: D19F
Flight ID: 9L2283 REG: ZZ332


Message content:-
#DFB
N4,1.478,1.477,1.477,1.620,083.03,091.5,092.1,0708,13.229
S3,05636,08.84,004.1,063.4,232.3,268.4,525.0,08.2,068.5,068.5
S4,05699,08.84,004.2,063.6,233.1,269.9,527.1,08.4,068.9,068.9
T3,025,47,148,069,0
-------------------------------------------------------[2024-06-22 17:05:18.484]

SOURCE: AIR
RX_ID: 424, Freq: 131.725MHz
Mode: G NACKLabel: H1 Block ID: 2, Msg No: D19H
Flight ID: 9L2283 REG: ZZ332


Message content:-
#DFB,10061,0.449,2,02
X3,1.478,004.0,20025,0.633,2,02
X4,1.494,-04.8,25027,0.706,2,02:

-------------------------------------------------------[2024-06-22 17:05:25.469]

SOURCE: AIR
RX_ID: 425, Freq: 131.525MHz
Mode: T NACKLabel: 2T Block ID: 3, Msg No: M59A
Flight ID: AF7321 REG: F-GMZD


Message content:-
4
-------------------------------------------------------[2024-06-22 18:25:53.475]

SOURCE: AIR
RX_ID: 426, Freq: 131.725MHz
Mode: G NACKLabel: 16 Block ID: 5, Msg No: M21A
Flight ID: 3L1012 REG: 9H-HFI


Message content:-
182927,37993,1932,  14,N 43.374 E  4.635
-------------------------------------------------------[2024-06-22 18:29:29.351]

SOURCE: AIR
RX_ID: 427, Freq: 131.725MHz
Mode: G NACKLabel: 5U Block ID: 6, Msg No: M22A
Flight ID: 3L1012 REG: 9H-HFI


Message content:-
LFPG LFPO-FS
-------------------------------------------------------[2024-06-22 18:34:51.919]

SOURCE: AIR
RX_ID: 428, Freq: 131.725MHz
Mode: X NACKLabel: 83 Block ID: 5, Msg No: M25A
Flight ID: GS0001 REG: LXNST


Message content:-
001PR22191503N4527.0E00358.44105370029
-------------------------------------------------------[2024-06-22 19:15:04.916]

SOURCE: AIR
RX_ID: 429, Freq: 131.725MHz
Mode: X NACKLabel: 83 Block ID: 7, Msg No: M26A
Flight ID: GS0001 REG: LXNST


Message content:-
001PR22193004N4351.8E00556.71874160013
-------------------------------------------------------[2024-06-22 19:30:05.821]

SOURCE: AIR
RX_ID: 430, Freq: 131.725MHz
Mode: G NACKLabel: 83 Block ID: 0, Msg No: M08A
Flight ID: UV0001 REG: FHGUI


Message content:-
001PR22200657N4323.1E00517.0017099    
-------------------------------------------------------[2024-06-22 20:07:01.378]

SOURCE: AIR
RX_ID: 431, Freq: 131.725MHz
Mode: G NACKLabel: 16 Block ID: 6, Msg No: M53A
Flight ID: XSMBU6 REG: 2-BBMB


Message content:-
201252,,2123, 140,N 44.627 E  3.297
-------------------------------------------------------[2024-06-22 20:12:54.038]

SOURCE: AIR
RX_ID: 432, Freq: 131.725MHz
Mode: 2 NACKLabel: SA Block ID: 6, Msg No: S30A
Flight ID: GR0000 REG: FGXAE


Message content:-
0EV202218V/
-------------------------------------------------------[2024-06-22 20:24:50.849]

SOURCE: AIR
RX_ID: 433, Freq: 131.725MHz
Mode: 2 NACKLabel: SA Block ID: 6, Msg No: S30A
Flight ID: GR0000 REG: FGXAE


Message content:-
0EV202218V/
-------------------------------------------------------[2024-06-22 20:25:02.951]

SOURCE: AIR
RX_ID: 434, Freq: 131.725MHz
Mode: 2 NACKLabel: SA Block ID: 8, Msg No: S32A
Flight ID: GR0000 REG: FGXAE


Message content:-
0EV202414V/
-------------------------------------------------------[2024-06-22 20:26:06.845]

SOURCE: AIR
RX_ID: 435, Freq: 131.725MHz
Mode: 2 NACKLabel: SA Block ID: 8, Msg No: S32A
Flight ID: GR0000 REG: FGXAE


Message content:-
0EV202414V/
-------------------------------------------------------[2024-06-22 20:26:12.768]

