SOURCE: AIR
RX_ID: 0, Freq: 131.725MHz
Mode: 2 NACKLabel: Q0 Block ID: 1, Msg No: S38A
Flight ID: TO75UW REG: F-GZHQ


Message content:-

-------------------------------------------------------[2024-02-20 09:06:24.472]

SOURCE: AIR
RX_ID: 1, Freq: 131.725MHz
Mode: 2 ACK, A2GLabel: Q0 Block ID: 2, Msg No: S39A
Flight ID: TO75UW REG: F-GZHQ


Message content:-

-------------------------------------------------------[2024-02-20 09:06:28.972]

SOURCE: AIR
RX_ID: 2, Freq: 131.725MHz
Mode: 2 ACK, A2GLabel: _d Block ID: 3, Msg No: S42A
Flight ID: TO75UW REG: F-GZHQ


Message content:-

-------------------------------------------------------[2024-02-20 09:06:33.285]

SOURCE: AIR
RX_ID: 3, Freq: 131.725MHz
Mode: 2 ACK, A2GLabel: _d Block ID: 5, Msg No: S44A
Flight ID: TO75UW REG: F-GZHQ


Message content:-

-------------------------------------------------------[2024-02-20 09:06:37.163]

SOURCE: AIR
RX_ID: 4, Freq: 131.725MHz
Mode: G NACKLabel: B9 Block ID: 4, Msg No: M34A
Flight ID: TO75UW REG: F-GZHQ


Message content:-
/LFPO.TI2/040LFPOAD7ED
-------------------------------------------------------[2024-02-20 09:06:38.183]

SOURCE: AIR
RX_ID: 5, Freq: 131.725MHz
Mode: 2 ACK, A2GLabel: _d Block ID: 7, Msg No: S46A
Flight ID: TO75UW REG: F-GZHQ


Message content:-

-------------------------------------------------------[2024-02-20 09:06:43.083]

