SOURCE: AIR
RX_ID: 980, Freq: 131.725MHz
Mode: E NACKLabel: B9 Block ID: 9, Msg No: J41A
Flight ID: SN038K REG: OO-SFE


Message content:-
/LFMN.TI2/000LFMNA2428
-------------------------------------------------------[2024-05-30 02:14:05.842]

SOURCE: AIR
RX_ID: 981, Freq: 131.725MHz
Mode: E NACKLabel: B9 Block ID: 3, Msg No: J42A
Flight ID: SN038K REG: OO-SFE


Message content:-
/LFLL.TI2/000LFLLA757A
-------------------------------------------------------[2024-05-30 02:14:45.595]

SOURCE: AIR
RX_ID: 982, Freq: 131.725MHz
Mode: G NACKLabel: 45 Block ID: 0, Msg No: M99A
Flight ID: SN039G REG: OO-SFG


Message content:-
BRUKESN,       
DEAR
SN369
1WCHR CARRY
P238
SN369
-------------------------------------------------------[2024-05-30 02:16:38.417]

SOURCE: AIR
RX_ID: 983, Freq: 131.725MHz
Mode: X NACKLabel: 16 Block ID: 3, Msg No: M01A
Flight ID: SN039G REG: OO-SFG


Message content:-
30MAY24,0218,N 43.937,E  6.577,37997,0332,23160
-------------------------------------------------------[2024-05-30 02:18:15.301]

SOURCE: AIR
RX_ID: 984, Freq: 131.725MHz
Mode: X NACKLabel: B9 Block ID: 4, Msg No: J53A
Flight ID: AF0977 REG: F-GZCF


Message content:-
/LFPG.TI2/000LFPGA9F82
-------------------------------------------------------[2024-05-30 03:06:26.702]

SOURCE: AIR
RX_ID: 985, Freq: 131.725MHz
Mode: X NACKLabel: 26 Block ID: 4, Msg No: M02A
Flight ID: AF0977 REG: F-GZCF


Message content:-
0311FOOLAF0977/300356LFPG26L
-------------------------------------------------------[2024-05-30 03:11:03.988]

SOURCE: AIR
RX_ID: 986, Freq: 131.825MHz
Mode: 2 NACKLabel: H1 Block ID: 0, Msg No: D02A
Flight ID: QY1956 REG: D-ALEP


Message content:-
#DFBSTABLE CRUISE REPORT

APM     D-ALEP          QYXXXXXXDEPXDESX300524031200,757-200,
PW2037,.755,.755,,243.0,243.0,,-28.75,-28.75,,37002,37002,,
182960,182960,,2912,2816,,,1.154,1.150,,,0,458,458,,0,0,,0
-------------------------------------------------------[2024-05-30 03:41:07.117]

SOURCE: AIR
RX_ID: 987, Freq: 131.825MHz
Mode: 2 NACKLabel: H1 Block ID: 1, Msg No: D02B
Flight ID: QY1956 REG: D-ALEP


Message content:-
#DFB,0,,
0,0,0,0,0,0,,,0,0,,,,,-167.0,-167.0,,-10.4,-10.4,,0,0,,0,0,
,,,0,0, 1119,14316,14316,,,,,0,0,0,,,0,0,0,,,0,0,,0,0,,0,0,,
0,0,0,,,,,0,0,0,,,0,0,0,

CREATED BY AVIONIC ENGINEERING

-------------------------------------------------------[2024-05-30 03:41:14.065]

SOURCE: AIR
RX_ID: 988, Freq: 131.825MHz
Mode: 2 NACKLabel: H1 Block ID: 3, Msg No: F08A
Flight ID: QY1956 REG: D-ALEP


Message content:-
#M1BPOSN43318E005137,VENTA,034456,94,LACAZ,034608,IBILI,P5,29229,275,7D8F
-------------------------------------------------------[2024-05-30 03:44:59.758]

SOURCE: AIR
RX_ID: 989, Freq: 131.825MHz
Mode: 2 NACKLabel: 17 Block ID: 1, Msg No: M29A
Flight ID: NW0182 REG: N803NW


Message content:-
290317 KJFK LIRF7
/FN 0182
BALSI   03473900443-572950710032182
-------------------------------------------------------[2024-05-30 03:48:28.658]

SOURCE: AIR
RX_ID: 990, Freq: 131.725MHz
Mode: G NACKLabel: B9 Block ID: 5, Msg No: J42A
Flight ID: AF0820 REG: F-GZCK


Message content:-
/LFPG.TI2/000LFPGA9F82
-------------------------------------------------------[2024-05-30 04:10:22.865]

SOURCE: AIR
RX_ID: 991, Freq: 131.725MHz
Mode: G NACKLabel: 2F Block ID: 9, Msg No: M15A
Flight ID: AF0820 REG: F-GZCK


Message content:-
0411+4462+502/4089
DNAA/LFPG/39986//-59/0.83/156353/147374//DJL    //-60/068
-------------------------------------------------------[2024-05-30 04:11:45.184]

SOURCE: AIR
RX_ID: 992, Freq: 131.725MHz
Mode: E NACKLabel: B6 Block ID: 6, Msg No: F21A
Flight ID: AF0931 REG: F-GSPN


Message content:-
/ACCFAYA.ADS.F-GSPN071EB3781DC9C8CA0F3A9D0C0464B9CF18200E7F90DF7FF80F7D819D7FF8D43D
-------------------------------------------------------[2024-05-30 04:16:16.543]

SOURCE: AIR
RX_ID: 993, Freq: 131.725MHz
Mode: E NACKLabel: B6 Block ID: 7, Msg No: F22A
Flight ID: AF0931 REG: F-GSPN


Message content:-
/ACCFAYA.ADS.F-GSPN141EBE601DC708CA0FAE8D0D1ED8501DC048CA00451FB0601D8848CA008DAF
-------------------------------------------------------[2024-05-30 04:16:45.836]

SOURCE: AIR
RX_ID: 994, Freq: 131.725MHz
Mode: E NACKLabel: B6 Block ID: 8, Msg No: F23A
Flight ID: AF0931 REG: F-GSPN


Message content:-
/ACCFAYA.ADS.F-GSPN141ED9101DC008CA10CA9D0D1FB0601D8848CA02402024081D6988CA00A255
-------------------------------------------------------[2024-05-30 04:17:56.675]

SOURCE: AIR
RX_ID: 995, Freq: 131.725MHz
Mode: E NACKLabel: 2F Block ID: 9, Msg No: M81A
Flight ID: AF0931 REG: F-GSPN


Message content:-
0418+4348+523/36133
DGAA/LFPG/35998/ -01/ -53/0.82/204319/191001/30.0/ETR-16 /MTL-15 / -57/   56
-------------------------------------------------------[2024-05-30 04:18:45.022]

SOURCE: AIR
RX_ID: 996, Freq: 131.725MHz
Mode: E NACKLabel: B6 Block ID: 0, Msg No: F24A
Flight ID: AF0931 REG: F-GSPN


Message content:-
/ACCFAYA.ADS.F-GSPN071F22081DAD88CA13DA9D0C0464B9CF18200E7F88DC3FFC0F7D519E7FFC8C01
-------------------------------------------------------[2024-05-30 04:21:12.882]

SOURCE: AIR
RX_ID: 997, Freq: 131.725MHz
Mode: 2 NACKLabel: SA Block ID: 6, Msg No: S33A
Flight ID: AF0149 REG: F-HTYF


Message content:-
0EV042344VSH/
-------------------------------------------------------[2024-05-30 04:23:45.682]

SOURCE: AIR
RX_ID: 998, Freq: 131.725MHz
Mode: 2 NACKLabel: SA Block ID: 6, Msg No: S33A
Flight ID: AF0149 REG: F-HTYF


Message content:-
0EV042344VSH/
-------------------------------------------------------[2024-05-30 04:23:54.456]

SOURCE: AIR
RX_ID: 999, Freq: 131.725MHz
Mode: E NACKLabel: B6 Block ID: 1, Msg No: F25A
Flight ID: AF0931 REG: F-GSPN


Message content:-
/ACCFAYA.ADS.F-GSPN071F8FD81D9108CA187B9D0C0464B9CF18200E7F80DD00040F7D099E4004F3F5
-------------------------------------------------------[2024-05-30 04:26:08.820]

SOURCE: AIR
RX_ID: 1000, Freq: 131.725MHz
Mode: 2 NACKLabel: SA Block ID: 9, Msg No: S37A
Flight ID: AF0149 REG: F-HTYF


Message content:-
0EV042607VSH/
-------------------------------------------------------[2024-05-30 04:26:09.041]

SOURCE: AIR
RX_ID: 1001, Freq: 131.725MHz
Mode: E NACKLabel: B6 Block ID: 2, Msg No: F26A
Flight ID: AF0931 REG: F-GSPN


Message content:-
/ACCFAYA.ADS.F-GSPN141FB0D81D8848CA19DF9D0D2024081D6988CA0138207A781D5208CA005855
-------------------------------------------------------[2024-05-30 04:27:37.910]

SOURCE: AIR
RX_ID: 1002, Freq: 131.725MHz
Mode: G NACKLabel: H1 Block ID: 7, Msg No: C02A
Flight ID: AF7343 REG: F-GMZD


Message content:-
#CFBFLR/FR24053004320030310005SDAC1:NO DATA FROM      PHC2/IDECAM 2,ECAM 1
-------------------------------------------------------[2024-05-30 04:32:04.557]

SOURCE: AIR
RX_ID: 1003, Freq: 131.725MHz
Mode: G NACKLabel: B9 Block ID: 8, Msg No: L02A
Flight ID: AF7343 REG: F-GMZD


Message content:-
/LFLL.TI2/064LFLLAD2FE
-------------------------------------------------------[2024-05-30 04:36:50.252]

SOURCE: AIR
RX_ID: 1004, Freq: 131.825MHz
Mode: 2 NACKLabel: H1 Block ID: 6, Msg No: F04A
Flight ID: XA0000 REG: 9HIII


Message content:-
#M1B/.RESREQ/AK,115/TS044530,300524
-------------------------------------------------------[2024-05-30 04:45:31.727]

SOURCE: AIR
RX_ID: 1005, Freq: 131.725MHz
Mode: G NACKLabel: 2F Block ID: 1, Msg No: M16A
Flight ID: AF7343 REG: F-GMZD


Message content:-
0445+4464+478/2656
-------------------------------------------------------[2024-05-30 04:45:59.338]

SOURCE: AIR
RX_ID: 1006, Freq: 131.725MHz
Mode: G NACKLabel: H1 Block ID: 2, Msg No: D14A
Flight ID: AF7343 REG: F-GMZD


Message content:-
#DFBA31/A32131,1,1/C1F-GMZD,MAY30,043111,LFML,LFPG,0078/C202,00000,8100,00,0000,0,0000,00,X/C30197,00156,---,---,7277,246,C51020/C4XXXXX,XXXXX,00155,0197,---/4CN001,---,00001,072756,---/C5XXXXX,0522,00169,0187,
-------------------------------------------------------[2024-05-30 04:46:12.834]

SOURCE: AIR
RX_ID: 1007, Freq: 131.725MHz
Mode: G NACKLabel: H1 Block ID: 3, Msg No: D14B
Flight ID: AF7343 REG: F-GMZD


Message content:-
#DFB---/5C0001,095,00136,072738,---/C64343,0521,00146,0185,311/6CN000,166,N0003,072683,011/C74344,0519,00658,0180,298/7CN006,172,00196,072828,013/C84345,0518,01564,0177,309/8C0001,168,N0332,072556,018/C94346,05
-------------------------------------------------------[2024-05-30 04:46:16.747]

SOURCE: AIR
RX_ID: 1008, Freq: 131.725MHz
Mode: G NACKLabel: H1 Block ID: 4, Msg No: D14C
Flight ID: AF7343 REG: F-GMZD


Message content:-
#DFB16,02187,0160,313/9C0007,169,00280,072465,013/C04347,0515,02856,0147,319/0CN005,169,N0085,072338,016/E14348,0513,03429,0130,316/1EN003,176,00191,072357,016/E24350,0511,03817,0115,303/2EN003,192,00013,072465
-------------------------------------------------------[2024-05-30 04:46:22.050]

SOURCE: AIR
RX_ID: 1009, Freq: 131.725MHz
Mode: G NACKLabel: H1 Block ID: 6, Msg No: D14E
Flight ID: AF7343 REG: F-GMZD


Message content:-
#DFB6,N0233,072411,018/E74358,XXXXX,07009,0067,308/7E0004,249,N0034,072338,027/E84361,XXXXX,07925,0062,292/8EN006,244,N0178,072393,030/E94363,0503,08646,0047,292/9E0000,248,00136,072375,031/E04365,XXXXX,09462,0
-------------------------------------------------------[2024-05-30 04:46:30.062]

SOURCE: AIR
RX_ID: 1010, Freq: 131.725MHz
Mode: G NACKLabel: H1 Block ID: 7, Msg No: D14F
Flight ID: AF7343 REG: F-GMZD


Message content:-
#DFB035,288/0E0002,248,N0052,072284,031/N14368,0502,10280,0020,289/1NN004,248,00086,072320,033/N24370,0502,11167,0015,284/2NN004,246,N0147,072302,035/N34373,XXXXX,11980,0005,290/3NN002,249,00032,072284,038/N443
-------------------------------------------------------[2024-05-30 04:46:34.154]

SOURCE: AIR
RX_ID: 1011, Freq: 131.725MHz
Mode: G NACKLabel: H1 Block ID: 9, Msg No: D14H
Flight ID: AF7343 REG: F-GMZD


Message content:-
#DFB,072103,044/N8XXXXX,0498,15856,N057,293/8NN004,249,00057,072139,046/N94388,0497,16590,N077,293/9NN003,247,00032,072103,045/N04391,XXXXX,17237,N095,294/0NN004,249,00393,072084,045/S14393,0496,17787,N110,295/
-------------------------------------------------------[2024-05-30 04:46:42.531]

SOURCE: AIR
RX_ID: 1012, Freq: 131.725MHz
Mode: G NACKLabel: H1 Block ID: 1, Msg No: D14J
Flight ID: AF7343 REG: F-GMZD


Message content:-
#DFB9516,N140,295/5S0005,278,N0292,XXXXXX,052/S64409,0492,20002,N160,298/6S0000,283,00644,071903,054/S74412,XXXXX,20560,N170,294/7SN010,277,00190,071885,050/S84415,0490,21043,N185,294/8SN015,280,N0031,071794,05
-------------------------------------------------------[2024-05-30 04:46:51.160]

SOURCE: AIR
RX_ID: 1013, Freq: 131.725MHz
Mode: G NACKLabel: H1 Block ID: 2, Msg No: D14K
Flight ID: AF7343 REG: F-GMZD


Message content:-
#DFB2/S94418,0489,21579,N187,294/9S0000,280,N0426,071812,054/S04421,0488,21777,N195,294/0SN003,289,N0050,071794,055/T14425,0488,21961,N200,294/1TN006,296,00063,071776,055/T24429,0487,22274,N210,294/2TN006,300,0
-------------------------------------------------------[2024-05-30 04:46:54.416]

SOURCE: AIR
RX_ID: 1014, Freq: 131.725MHz
Mode: G NACKLabel: H1 Block ID: 2, Msg No: D14K
Flight ID: AF7343 REG: F-GMZD


Message content:-
#DFB2/S94418,0489,21579,N187,294/9S0000,280,N0426,071812,054/S04421,0488,21777,N195,294/0SN003,289,N0050,071794,055/T14425,0488,21961,N200,294/1TN006,296,00063,071776,055/T24429,0487,22274,N210,294/2TN006,300,0
-------------------------------------------------------[2024-05-30 04:47:07.107]

SOURCE: AIR
RX_ID: 1015, Freq: 131.725MHz
Mode: G NACKLabel: H1 Block ID: 3, Msg No: D14L
Flight ID: AF7343 REG: F-GMZD


Message content:-
#DFB0501,XXXXXX,056/T34432,0486,22716,N222,294/3TN004,300,N0144,071722,055/T44436,0485,23239,N225,298/4TN005,300,N0021,071685,058/T54439,0484,23671,N237,297/5TN006,300,N0120,071613,058/T64443,0483,23827,N245,29
-------------------------------------------------------[2024-05-30 04:47:11.423]

SOURCE: AIR
RX_ID: 1016, Freq: 131.825MHz
Mode: 2 NACKLabel: 83 Block ID: 8, Msg No: M15A
Flight ID: ZD0001 REG: DBEAM


Message content:-
001PR30044717N4248.2E00613.64004740060
-------------------------------------------------------[2024-05-30 04:47:18.844]

SOURCE: AIR
RX_ID: 1017, Freq: 131.725MHz
Mode: G NACKLabel: H1 Block ID: 3, Msg No: D14L
Flight ID: AF7343 REG: F-GMZD


Message content:-
#DFB0501,XXXXXX,056/T34432,0486,22716,N222,294/3TN004,300,N0144,071722,055/T44436,0485,23239,N225,298/4TN005,300,N0021,071685,058/T54439,0484,23671,N237,297/5TN006,300,N0120,071613,058/T64443,0483,23827,N245,29
-------------------------------------------------------[2024-05-30 04:47:21.880]

SOURCE: AIR
RX_ID: 1018, Freq: 131.725MHz
Mode: G NACKLabel: H1 Block ID: 4, Msg No: D14M
Flight ID: AF7343 REG: F-GMZD


Message content:-
#DFB6/6TN002,308,00069,071631,061/T74446,0482,23984,N250,296/7TN006,314,00192,071613,061/T84450,0481,24416,N255,294/8TN004,310,00609,071595,060/T94454,XXXXX,25308,N280,298/9TN006,302,N0703,XXXXXX,061,/
-------------------------------------------------------[2024-05-30 04:47:25.537]

SOURCE: AIR
RX_ID: 1019, Freq: 131.725MHz
Mode: E NACKLabel: 16 Block ID: 9, Msg No: M89A
Flight ID: FR51NP REG: 9H-QCE


Message content:-
050122,,0607, 138,N   .    MMMM.MMM
-------------------------------------------------------[2024-05-30 05:01:24.417]

SOURCE: AIR
RX_ID: 1020, Freq: 131.725MHz
Mode: G NACKLabel: H1 Block ID: 9, Msg No: F02A
Flight ID: DL0028 REG: N830MH


Message content:-
#M1BPOSN44296E005044,NISAR,050754,336,XIRBI,050908,DOTIG,M49,29768,262,79246CC
-------------------------------------------------------[2024-05-30 05:07:56.837]

SOURCE: AIR
RX_ID: 1021, Freq: 131.825MHz
Mode: 2 NACKLabel: 16 Block ID: 5, Msg No: M05A
Flight ID: 4X77GW REG: 9H-MLD


Message content:-
050827,34998,0604,   5,N 44.994 E  5.979
-------------------------------------------------------[2024-05-30 05:08:29.639]

SOURCE: AIR
RX_ID: 1022, Freq: 131.825MHz
Mode: 2 NACKLabel: 16 Block ID: 5, Msg No: M05A
Flight ID: 4X77GW REG: 9H-MLD


Message content:-
050827,34998,0604,   5,N 44.994 E  5.979
-------------------------------------------------------[2024-05-30 05:08:53.774]

SOURCE: AIR
RX_ID: 1023, Freq: 131.725MHz
Mode: G NACKLabel: H1 Block ID: 0, Msg No: D31A
Flight ID: DL0028 REG: N830MH


Message content:-
#DFB239N1806 0028053024051149709 4416   560243  0-25297 60XX-223 25800
 300 4880028143440030IH-KJFKLFMN
-------------------------------------------------------[2024-05-30 05:12:13.415]

SOURCE: AIR
RX_ID: 1024, Freq: 131.725MHz
Mode: G NACKLabel: H1 Block ID: 1, Msg No: D32A
Flight ID: DL0028 REG: N830MH


Message content:-
#DFBENGINE BLEED REPORT

AID:N1806  DA:30/05    GMT:05:14    FNO:2409      ISFC: 1689
TAT: 118  SAT:-120   ALT: 18364   MACH:0676    FCNT:  373
GW:307000  FLT:0028-1  MODE:DESC    SID:AK-67-223
S/N L:70700
-------------------------------------------------------[2024-05-30 05:14:42.921]

SOURCE: AIR
RX_ID: 1025, Freq: 131.725MHz
Mode: G NACKLabel: H1 Block ID: 2, Msg No: D32B
Flight ID: DL0028 REG: N830MH


Message content:-
#DFB0         DEPART:KJFK    DESTIN:LFMN
S/N R:707000

               ENG L     ENG R
HPSOV          OPN       OPN
PRV            OPN       OPN
PRSOV          OPN       OPN
FAV %            3061     3648
-------------------------------------------------------[2024-05-30 05:14:46.834]

SOURCE: AIR
RX_ID: 1026, Freq: 131.725MHz
Mode: G NACKLabel: H1 Block ID: 3, Msg No: D32C
Flight ID: DL0028 REG: N830MH


Message content:-
#DFB
N1 SPD          5055     5063
HI STG PRESS    6400     6400
INTERM PRESS1    2675     3594
INTERM PRESS2    3592     3497
STRUT OVHT     NRML      NRML
DUCT PRESS       2513     2513
P-COOL TEMP    
-------------------------------------------------------[2024-05-30 05:14:51.333]

SOURCE: AIR
RX_ID: 1027, Freq: 131.725MHz
Mode: G NACKLabel: H1 Block ID: 4, Msg No: D32D
Flight ID: DL0028 REG: N830MH


Message content:-
#DFB38703    38666
PACK HX TEMP    38031    36578
PACK FLOW        9941    11672
WING ANTI ICE  ON 
LT  ISO VLV    CLS
RT  ISO VLV    CLS
CTR ISO VLV    OPN

TRIGGER CODE   0000

STATUS WORDS  DW1  DW
-------------------------------------------------------[2024-05-30 05:14:55.429]

SOURCE: AIR
RX_ID: 1028, Freq: 131.725MHz
Mode: G NACKLabel: H1 Block ID: 5, Msg No: D32E
Flight ID: DL0028 REG: N830MH


Message content:-
#DFB2  DW3  DW4  DW5  DW6  DW7  DW8  EICAS
LEFT          0000 0081 0000 0000 0000 0060 1040 0000 0004
RIGHT         0000 0001 0000 0000 0000 0060 1040 0000 0000

-------------------------------------------------------[2024-05-30 05:14:58.904]

SOURCE: AIR
RX_ID: 1029, Freq: 131.725MHz
Mode: E NACKLabel: 2F Block ID: 8, Msg No: M75A
Flight ID: AF0705 REG: F-GZCA


Message content:-
0514+4428+485/4090
DIAP/LFPG/40005//-59/0.82/160961/151873//RUSIT  //-61/070
-------------------------------------------------------[2024-05-30 05:14:59.743]

SOURCE: AIR
RX_ID: 1030, Freq: 131.725MHz
Mode: G NACKLabel: B9 Block ID: 1, Msg No: J80A
Flight ID: AF0705 REG: F-GZCA


Message content:-
/LFPG.TI2/000LFPGA9F82
-------------------------------------------------------[2024-05-30 05:18:05.901]

SOURCE: AIR
RX_ID: 1031, Freq: 131.725MHz
Mode: X NACKLabel: 2T Block ID: 6, Msg No: M76A
Flight ID: AF0705 REG: F-GZCA


Message content:-
4
-------------------------------------------------------[2024-05-30 05:21:45.249]

SOURCE: AIR
RX_ID: 1032, Freq: 131.825MHz
Mode: 2 NACKLabel: 16 Block ID: 7, Msg No: M06A
Flight ID: 4X77GW REG: 9H-MLD


Message content:-
052328,35028,0604,   4,N 43.198 E  4.997
-------------------------------------------------------[2024-05-30 05:23:30.138]

SOURCE: AIR
RX_ID: 1033, Freq: 131.725MHz
Mode: 2 NACKLabel: 15 Block ID: 8, Msg No: M87A
Flight ID: XA0001 REG: 9HXOA


Message content:-
(2N42508E  6024--- 63400-59(Z
-------------------------------------------------------[2024-05-30 05:49:14.923]

SOURCE: AIR
RX_ID: 1034, Freq: 131.525MHz
Mode: T NACKLabel: B9 Block ID: 2, Msg No: L07A
Flight ID: AF7300 REG: F-GMZE


Message content:-
/LFMN.TI2/064LFMNA83AC
-------------------------------------------------------[2024-05-30 05:55:33.588]

SOURCE: AIR
RX_ID: 1035, Freq: 131.525MHz
Mode: T NACKLabel: 2Z Block ID: 7, Msg No: M15A
Flight ID: AF7300 REG: F-GMZE


Message content:-
LFMN
-------------------------------------------------------[2024-05-30 05:56:03.686]

SOURCE: AIR
RX_ID: 1036, Freq: 131.525MHz
Mode: T NACKLabel: 2F Block ID: 8, Msg No: M16A
Flight ID: AF7300 REG: F-GMZE


Message content:-
0557+4433+530/3045
-------------------------------------------------------[2024-05-30 05:57:30.109]

SOURCE: AIR
RX_ID: 1037, Freq: 131.725MHz
Mode: 2 NACKLabel: 16 Block ID: 9, Msg No: M88A
Flight ID: XA0001 REG: 9HXOA


Message content:-
(2AAABN43258E  7033LIPE-/O(Z
-------------------------------------------------------[2024-05-30 05:57:37.894]

SOURCE: AIR
RX_ID: 1038, Freq: 131.525MHz
Mode: T NACKLabel: 26 Block ID: 9, Msg No: M17A
Flight ID: AF7300 REG: F-GMZE


Message content:-
0604LFPGAF7300/300619LFMN04L
-------------------------------------------------------[2024-05-30 06:04:02.517]

SOURCE: AIR
RX_ID: 1039, Freq: 131.825MHz
Mode: 2 NACKLabel: H1 Block ID: 5, Msg No: C03A
Flight ID: EC67KQ REG: OE-LKM


Message content:-
#CFBWRN/WN24053006400046200006DATALINK ATC FAULT      
-------------------------------------------------------[2024-05-30 06:41:21.663]

SOURCE: AIR
RX_ID: 1040, Freq: 131.525MHz
Mode: 2 NACKLabel: H1 Block ID: 4, Msg No: F28A
Flight ID: XA0211 REG: ECLEB


Message content:-
#M1B/.RESREQ/AK,115/TS064344,300524
-------------------------------------------------------[2024-05-30 06:43:44.361]

SOURCE: AIR
RX_ID: 1041, Freq: 131.525MHz
Mode: 2 NACKLabel: H1 Block ID: 4, Msg No: F28A
Flight ID: XA0211 REG: ECLEB


Message content:-
#M1B/.RESREQ/AK,115/TS064344,300524
-------------------------------------------------------[2024-05-30 06:44:03.818]

SOURCE: AIR
RX_ID: 1042, Freq: 131.525MHz
Mode: 2 NACKLabel: H1 Block ID: 5, Msg No: F29A
Flight ID: XA0211 REG: ECLEB


Message content:-
#M1B/.POS/TS064344,300524/PSN44203E005138,,064344,296,MTG,071944,ZEBRA,M39,29565,137,850,MANUAL,0,549FE34
-------------------------------------------------------[2024-05-30 06:44:07.514]

SOURCE: AIR
RX_ID: 1043, Freq: 131.525MHz
Mode: 2 NACKLabel: SA Block ID: 6, Msg No: M30A
Flight ID: XA0211 REG: ECLEB


Message content:-
0LS300649V/
-------------------------------------------------------[2024-05-30 06:49:08.167]

SOURCE: AIR
RX_ID: 1044, Freq: 131.725MHz
Mode: E NACKLabel: 44 Block ID: 3, Msg No: M88A
Flight ID: GS0000 REG: MM62210


Message content:-
00POS03,N43538E006542,340,LIRA,LFLL,0530,0731,0805,*****
-------------------------------------------------------[2024-05-30 07:31:33.647]

SOURCE: AIR
RX_ID: 1045, Freq: 131.525MHz
Mode: T NACKLabel: B9 Block ID: 7, Msg No: L10A
Flight ID: AF7302 REG: F-GMZC


Message content:-
/LFMN.TI2/064LFMNCA3EE
-------------------------------------------------------[2024-05-30 07:47:32.737]

SOURCE: AIR
RX_ID: 1046, Freq: 131.525MHz
Mode: T NACKLabel: B9 Block ID: 7, Msg No: L10A
Flight ID: AF7302 REG: F-GMZC


Message content:-
/LFMN.TI2/064LFMNCA3EE
-------------------------------------------------------[2024-05-30 07:47:43.599]

SOURCE: AIR
RX_ID: 1047, Freq: 131.525MHz
Mode: 2 NACKLabel: B9 Block ID: 7, Msg No: L10A
Flight ID: AF7302 REG: F-GMZC


Message content:-
/LFMN.TI2/064LFMNCA3EE
-------------------------------------------------------[2024-05-30 07:47:55.449]

SOURCE: AIR
RX_ID: 1048, Freq: 131.525MHz
Mode: T NACKLabel: 2Z Block ID: 1, Msg No: M37A
Flight ID: AF7302 REG: F-GMZC


Message content:-
LFMN
-------------------------------------------------------[2024-05-30 07:50:27.000]

SOURCE: AIR
RX_ID: 1049, Freq: 131.525MHz
Mode: T NACKLabel: 2Z Block ID: 1, Msg No: M37A
Flight ID: AF7302 REG: F-GMZC


Message content:-
LFMN
-------------------------------------------------------[2024-05-30 07:50:35.194]

SOURCE: AIR
RX_ID: 1050, Freq: 131.525MHz
Mode: T NACKLabel: 2F Block ID: 3, Msg No: M38A
Flight ID: AF7302 REG: F-GMZC


Message content:-
0752+4423+537/2951
-------------------------------------------------------[2024-05-30 07:52:59.796]

SOURCE: AIR
RX_ID: 1051, Freq: 131.825MHz
Mode: 2 NACKLabel: 44 Block ID: 5, Msg No: M31A
Flight ID: GS0000 REG: DAVIB


Message content:-
00POS03,N42496E006087,271,LFMN,LEBL,1014,0753,0842,004.3
-------------------------------------------------------[2024-05-30 07:53:22.983]

SOURCE: AIR
RX_ID: 1052, Freq: 131.525MHz
Mode: T NACKLabel: B9 Block ID: 4, Msg No: L11A
Flight ID: AF7302 REG: F-GMZC


Message content:-
/LFMN.TI2/064LFMNCA3EE
-------------------------------------------------------[2024-05-30 07:55:01.254]

SOURCE: AIR
RX_ID: 1053, Freq: 131.525MHz
Mode: T NACKLabel: 26 Block ID: 9, Msg No: M39A
Flight ID: AF7302 REG: F-GMZC


Message content:-
0800LFPGAF7302/300815LFMN04L
-------------------------------------------------------[2024-05-30 08:00:03.121]

SOURCE: AIR
RX_ID: 1054, Freq: 131.825MHz
Mode: 2 NACKLabel: 5U Block ID: 3, Msg No: M17A
Flight ID: 4X017A REG: 9H-MLD


Message content:-
EDDM EDDN LOWL LIMC-SA
-------------------------------------------------------[2024-05-30 08:01:16.260]

SOURCE: AIR
RX_ID: 1055, Freq: 131.825MHz
Mode: 2 NACKLabel: 16 Block ID: 6, Msg No: M18A
Flight ID: 4X017A REG: 9H-MLD


Message content:-
080835,36002,0912,   5,N 43.518 E  7.282
-------------------------------------------------------[2024-05-30 08:08:36.186]

SOURCE: AIR
RX_ID: 1056, Freq: 131.825MHz
Mode: 2 NACKLabel: SA Block ID: 3, Msg No: S88A
Flight ID: FR07MF REG: EI-HGN


Message content:-
0EV081256VS/
-------------------------------------------------------[2024-05-30 08:12:58.147]

SOURCE: AIR
RX_ID: 1057, Freq: 131.725MHz
Mode: 2 NACKLabel: SA Block ID: 3, Msg No: M18A
Flight ID: AH1080 REG: 7T-VKD


Message content:-
0EV083045V
-------------------------------------------------------[2024-05-30 08:30:47.181]

SOURCE: AIR
RX_ID: 1058, Freq: 131.725MHz
Mode: 2 NACKLabel: SA Block ID: 7, Msg No: M19A
Flight ID: AH1080 REG: 7T-VKD


Message content:-
0EV083940V
-------------------------------------------------------[2024-05-30 08:39:41.720]

SOURCE: AIR
RX_ID: 1059, Freq: 131.725MHz
Mode: X NACKLabel: B9 Block ID: 0, Msg No: L34A
Flight ID: DL0024 REG: N828MH


Message content:-
/LFMN.TI2/024LFMNA426A
-------------------------------------------------------[2024-05-30 09:13:54.020]

SOURCE: AIR
RX_ID: 1060, Freq: 131.725MHz
Mode: E NACKLabel: H1 Block ID: 3, Msg No: F01A
Flight ID: DL0025 REG: N830MH


Message content:-
#M1BPOSN44330E005371,KOT02,091419,320,ETREK,092238,NOQAS,M44,28666,1231,79722B3
-------------------------------------------------------[2024-05-30 09:14:23.535]

SOURCE: AIR
RX_ID: 1061, Freq: 131.725MHz
Mode: X NACKLabel: H1 Block ID: 4, Msg No: F55A
Flight ID: DL0024 REG: N828MH


Message content:-
#M2BPOSN44296E005044,NISAR,091547,340,XIRBI,091704,DOTIG,M49,28868,249,780FB46
-------------------------------------------------------[2024-05-30 09:16:01.220]

SOURCE: AIR
RX_ID: 1062, Freq: 131.725MHz
Mode: X NACKLabel: H1 Block ID: 4, Msg No: F55A
Flight ID: DL0024 REG: N828MH


Message content:-
#M2BPOSN44296E005044,NISAR,091547,340,XIRBI,091704,DOTIG,M49,28868,249,780FB46
-------------------------------------------------------[2024-05-30 09:16:12.487]

SOURCE: AIR
RX_ID: 1063, Freq: 131.725MHz
Mode: E NACKLabel: 4H Block ID: 4, Msg No: M51A
Flight ID: DL0025 REG: N830MH


Message content:-
30094H LFMN KATL6
  
WPR RESET





-------------------------------------------------------[2024-05-30 09:16:18.007]

SOURCE: AIR
RX_ID: 1064, Freq: 131.725MHz
Mode: E NACKLabel: H1 Block ID: 6, Msg No: F02A
Flight ID: DL0025 REG: N830MH


Message content:-
#M1BREJPOS,091622,130,219,RF101,KOTIT2956
-------------------------------------------------------[2024-05-30 09:16:28.465]

SOURCE: AIR
RX_ID: 1065, Freq: 131.725MHz
Mode: E ACK, A2GLabel: H1 Block ID: 6, Msg No: F02A
Flight ID: DL0025 REG: N830MH


Message content:-
#M1BREJPOS,091622,130,219,RF101,KOTIT2956
-------------------------------------------------------[2024-05-30 09:16:36.035]

SOURCE: AIR
RX_ID: 1066, Freq: 131.725MHz
Mode: E NACKLabel: H1 Block ID: 8, Msg No: D08A
Flight ID: DL0025 REG: N830MH


Message content:-
#DFB239N1806 0025053024091618793 4479   540320-15-44286 68XX-223121200
 288 4040062307311030W/XLFMNKATL
-------------------------------------------------------[2024-05-30 09:16:42.363]

SOURCE: AIR
RX_ID: 1067, Freq: 131.725MHz
Mode: X NACKLabel: H1 Block ID: 5, Msg No: D93A
Flight ID: DL0024 REG: N828MH


Message content:-
#DFB239N1804 0024053024092123674 4398   579235  0-23287 51XX-223 24120
 289 4580046144120030/9WKATLLFMN
-------------------------------------------------------[2024-05-30 09:21:42.617]

SOURCE: AIR
RX_ID: 1068, Freq: 131.725MHz
Mode: E NACKLabel: H1 Block ID: 0, Msg No: D09B
Flight ID: DL0025 REG: N830MH


Message content:-
#DFB3 
 0
-------------------------------------------------------[2024-05-30 09:22:46.515]

SOURCE: AIR
RX_ID: 1069, Freq: 131.725MHz
Mode: X NACKLabel: H1 Block ID: 7, Msg No: D94B
Flight ID: DL0024 REG: N828MH


Message content:-
#DFB1         DEPART:KATL    DESTIN:LFMN
S/N R:707000

               ENG L     ENG R
HPSOV          OPN       OPN
PRV            OPN       CLS
PRSOV          OPN       OPN
FAV %            -264      133
-------------------------------------------------------[2024-05-30 09:24:18.670]

SOURCE: AIR
RX_ID: 1070, Freq: 131.725MHz
Mode: X NACKLabel: H1 Block ID: 8, Msg No: D94C
Flight ID: DL0024 REG: N828MH


Message content:-
#DFB
N1 SPD          3923     3926
HI STG PRESS    3950     3900
INTERM PRESS1    2552     3050
INTERM PRESS2    2811     3373
STRUT OVHT     NRML      NRML
DUCT PRESS       2913     3088
P-COOL TEMP    
-------------------------------------------------------[2024-05-30 09:24:22.363]

SOURCE: AIR
RX_ID: 1071, Freq: 131.725MHz
Mode: X NACKLabel: H1 Block ID: 9, Msg No: D94D
Flight ID: DL0024 REG: N828MH


Message content:-
#DFB34684    35366
PACK HX TEMP    31794    32975
PACK FLOW        9464    11089
WING ANTI ICE  OFF
LT  ISO VLV    CLS
RT  ISO VLV    CLS
CTR ISO VLV    OPN

TRIGGER CODE   0000

STATUS WORDS  DW1  DW
-------------------------------------------------------[2024-05-30 09:24:25.838]

SOURCE: AIR
RX_ID: 1072, Freq: 131.725MHz
Mode: X NACKLabel: H1 Block ID: 9, Msg No: D94D
Flight ID: DL0024 REG: N828MH


Message content:-
#DFB34684    35366
PACK HX TEMP    31794    32975
PACK FLOW        9464    11089
WING ANTI ICE  OFF
LT  ISO VLV    CLS
RT  ISO VLV    CLS
CTR ISO VLV    OPN

TRIGGER CODE   0000

STATUS WORDS  DW1  DW
-------------------------------------------------------[2024-05-30 09:24:34.032]

SOURCE: AIR
RX_ID: 1073, Freq: 131.725MHz
Mode: X NACKLabel: H1 Block ID: 0, Msg No: D94E
Flight ID: DL0024 REG: N828MH


Message content:-
#DFB2  DW3  DW4  DW5  DW6  DW7  DW8  EICAS
LEFT          0000 0001 0000 0000 0000 0000 1040 0000 0000
RIGHT         0000 0001 0000 0000 0000 0000 1040 0000 0000

-------------------------------------------------------[2024-05-30 09:24:37.724]

SOURCE: AIR
RX_ID: 1074, Freq: 131.825MHz
Mode: 2 NACKLabel: 1L Block ID: 2, Msg No: M36A
Flight ID: LH06LM REG: D-AXGE


Message content:-
00026226721:6+V0ED,,*+8V,8
-------------------------------------------------------[2024-05-30 09:51:28.741]

SOURCE: AIR
RX_ID: 1075, Freq: 131.825MHz
Mode: 2 NACKLabel: 1L Block ID: 4, Msg No: M37A
Flight ID: LH06LM REG: D-AXGE


Message content:-
00027209292H7Y3)2W2K:+88,0959YY)3T7F19WBB,01+Y(AKIK6BSVTIVE+EM4J
-------------------------------------------------------[2024-05-30 09:59:07.060]

SOURCE: AIR
RX_ID: 1076, Freq: 131.725MHz
Mode: E NACKLabel: 16 Block ID: 3, Msg No: M65A
Flight ID: SN04KE REG: OO-SFC


Message content:-
30MAY24,1006,N 44.387,E  3.697,34976,1658,120440
-------------------------------------------------------[2024-05-30 10:06:38.428]

SOURCE: AIR
RX_ID: 1077, Freq: 131.725MHz
Mode: E NACKLabel: 16 Block ID: 3, Msg No: M65A
Flight ID: SN04KE REG: OO-SFC


Message content:-
30MAY24,1006,N 44.387,E  3.697,34976,1658,120440
-------------------------------------------------------[2024-05-30 10:06:49.289]

SOURCE: AIR
RX_ID: 1078, Freq: 131.825MHz
Mode: 2 NACKLabel: H1 Block ID: 6, Msg No: F32A
Flight ID: NW0207 REG: N820NW


Message content:-
#M1BRESPWI/AK8,071/TS101225,3005242244
-------------------------------------------------------[2024-05-30 10:12:26.807]

SOURCE: AIR
RX_ID: 1079, Freq: 131.825MHz
Mode: 2 NACKLabel: H1 Block ID: 7, Msg No: F33A
Flight ID: NW0207 REG: N820NW


Message content:-
#M1BRESPWI/AC8,085/TS101333,30052401F1
-------------------------------------------------------[2024-05-30 10:13:36.883]

SOURCE: AIR
RX_ID: 1080, Freq: 131.725MHz
Mode: X NACKLabel: 44 Block ID: 0, Msg No: M31A
Flight ID: GS003G REG: CSDLB


Message content:-
09|\L48c+N6BZ,G44BN4Bch6scGe-Wc-W.+c4B64c846hc84B4cN5Bgg
-------------------------------------------------------[2024-05-30 10:32:14.439]

SOURCE: AIR
RX_ID: 1081, Freq: 131.825MHz
Mode: 2 NACKLabel: 44 Block ID: 4, Msg No: M23A
Flight ID: GS0000 REG: DANCE


Message content:-
09H\O46c+NNB68G44,Ns8c6B6c-W.+cG00Wc4B64c84N,c8861c44,54
-------------------------------------------------------[2024-05-30 10:46:31.754]

SOURCE: AIR
RX_ID: 1082, Freq: 131.725MHz
Mode: 2 ACK, A2GLabel: 5Z Block ID: 8, Msg No: M82A
Flight ID: UA0966 REG: N668UA


Message content:-
/C3 GATE REQ       / KEWR LIRN 29 111402 0966 ---- ---- ---- ----
-------------------------------------------------------[2024-05-30 11:14:09.817]

SOURCE: AIR
RX_ID: 1083, Freq: 131.725MHz
Mode: 2 NACKLabel: SA Block ID: 9, Msg No: S08A
Flight ID: GR0000 REG: OKSTS


Message content:-
0EV110948V/
-------------------------------------------------------[2024-05-30 11:16:04.103]

SOURCE: AIR
RX_ID: 1084, Freq: 131.725MHz
Mode: 2 NACKLabel: SA Block ID: 9, Msg No: S08A
Flight ID: GR0000 REG: OKSTS


Message content:-
0EV110948V/
-------------------------------------------------------[2024-05-30 11:16:12.296]

SOURCE: AIR
RX_ID: 1085, Freq: 131.725MHz
Mode: E NACKLabel: SA Block ID: 1, Msg No: S08A
Flight ID: GR0000 REG: OKSTS


Message content:-
0EV110948V/
-------------------------------------------------------[2024-05-30 11:16:21.695]

SOURCE: AIR
RX_ID: 1086, Freq: 131.725MHz
Mode: E NACKLabel: SA Block ID: 1, Msg No: S08A
Flight ID: GR0000 REG: OKSTS


Message content:-
0EV110948V/
-------------------------------------------------------[2024-05-30 11:16:30.730]

SOURCE: AIR
RX_ID: 1087, Freq: 131.725MHz
Mode: E NACKLabel: SA Block ID: 1, Msg No: S08A
Flight ID: GR0000 REG: OKSTS


Message content:-
0EV110948V/
-------------------------------------------------------[2024-05-30 11:16:40.749]

SOURCE: AIR
RX_ID: 1088, Freq: 131.725MHz
Mode: 2 NACKLabel: SA Block ID: 2, Msg No: S08A
Flight ID: GR0000 REG: OKSTS


Message content:-
0EV110948V/
-------------------------------------------------------[2024-05-30 11:16:46.711]

SOURCE: AIR
RX_ID: 1089, Freq: 131.725MHz
Mode: 2 NACKLabel: SA Block ID: 2, Msg No: S08A
Flight ID: GR0000 REG: OKSTS


Message content:-
0EV110948V/
-------------------------------------------------------[2024-05-30 11:16:56.733]

SOURCE: AIR
RX_ID: 1090, Freq: 131.725MHz
Mode: 2 NACKLabel: SA Block ID: 2, Msg No: S08A
Flight ID: GR0000 REG: OKSTS


Message content:-
0EV110948V/
-------------------------------------------------------[2024-05-30 11:17:02.874]

SOURCE: AIR
RX_ID: 1091, Freq: 131.725MHz
Mode: 2 NACKLabel: 83 Block ID: 2, Msg No: M96A
Flight ID: GS0001 REG: MJSTA


Message content:-
001PR30111705N4315.7E00410.44175430042
-------------------------------------------------------[2024-05-30 11:17:06.971]

SOURCE: AIR
RX_ID: 1092, Freq: 131.725MHz
Mode: 2 NACKLabel: SA Block ID: 2, Msg No: S08A
Flight ID: GR0000 REG: OKSTS


Message content:-
0EV110948V/
-------------------------------------------------------[2024-05-30 11:17:13.738]

SOURCE: AIR
RX_ID: 1093, Freq: 131.725MHz
Mode: X NACKLabel: SA Block ID: 5, Msg No: S08A
Flight ID: GR0000 REG: OKSTS


Message content:-
0EV110948V/
-------------------------------------------------------[2024-05-30 11:17:28.475]

SOURCE: AIR
RX_ID: 1094, Freq: 131.725MHz
Mode: X NACKLabel: SA Block ID: 5, Msg No: S08A
Flight ID: GR0000 REG: OKSTS


Message content:-
0EV110948V/
-------------------------------------------------------[2024-05-30 11:17:38.497]

SOURCE: AIR
RX_ID: 1095, Freq: 131.725MHz
Mode: X NACKLabel: SA Block ID: 5, Msg No: S08A
Flight ID: GR0000 REG: OKSTS


Message content:-
0EV110948V/
-------------------------------------------------------[2024-05-30 11:17:45.669]

SOURCE: AIR
RX_ID: 1096, Freq: 131.725MHz
Mode: 2 NACKLabel: SA Block ID: 6, Msg No: S08A
Flight ID: GR0000 REG: OKSTS


Message content:-
0EV110948V/
-------------------------------------------------------[2024-05-30 11:17:57.549]

SOURCE: AIR
RX_ID: 1097, Freq: 131.725MHz
Mode: E NACKLabel: SA Block ID: 8, Msg No: S08A
Flight ID: GR0000 REG: OKSTS


Message content:-
0EV110948V/
-------------------------------------------------------[2024-05-30 11:18:09.217]

SOURCE: AIR
RX_ID: 1098, Freq: 131.725MHz
Mode: E NACKLabel: SA Block ID: 8, Msg No: S08A
Flight ID: GR0000 REG: OKSTS


Message content:-
0EV110948V/
-------------------------------------------------------[2024-05-30 11:18:16.203]

SOURCE: AIR
RX_ID: 1099, Freq: 131.725MHz
Mode: 2 NACKLabel: SA Block ID: 9, Msg No: S08A
Flight ID: GR0000 REG: OKSTS


Message content:-
0EV110948V/
-------------------------------------------------------[2024-05-30 11:18:35.257]

SOURCE: AIR
RX_ID: 1100, Freq: 131.725MHz
Mode: G NACKLabel: SA Block ID: 1, Msg No: S08A
Flight ID: GR0000 REG: OKSTS


Message content:-
0EV110948V/
-------------------------------------------------------[2024-05-30 11:18:45.495]

SOURCE: AIR
RX_ID: 1101, Freq: 131.725MHz
Mode: G NACKLabel: SA Block ID: 1, Msg No: S08A
Flight ID: GR0000 REG: OKSTS


Message content:-
0EV110948V/
-------------------------------------------------------[2024-05-30 11:18:57.165]

SOURCE: AIR
RX_ID: 1102, Freq: 131.725MHz
Mode: G NACKLabel: SA Block ID: 1, Msg No: S08A
Flight ID: GR0000 REG: OKSTS


Message content:-
0EV110948V/
-------------------------------------------------------[2024-05-30 11:19:08.205]

SOURCE: AIR
RX_ID: 1103, Freq: 131.725MHz
Mode: 2 NACKLabel: SA Block ID: 2, Msg No: S08A
Flight ID: GR0000 REG: OKSTS


Message content:-
0EV110948V/
-------------------------------------------------------[2024-05-30 11:19:17.238]

SOURCE: AIR
RX_ID: 1104, Freq: 131.725MHz
Mode: 2 NACKLabel: SA Block ID: 2, Msg No: S08A
Flight ID: GR0000 REG: OKSTS


Message content:-
0EV110948V/
-------------------------------------------------------[2024-05-30 11:19:24.187]

SOURCE: AIR
RX_ID: 1105, Freq: 131.725MHz
Mode: X NACKLabel: SA Block ID: 4, Msg No: S08A
Flight ID: GR0000 REG: OKSTS


Message content:-
0EV110948V/
-------------------------------------------------------[2024-05-30 11:19:34.029]

SOURCE: AIR
RX_ID: 1106, Freq: 131.725MHz
Mode: X NACKLabel: SA Block ID: 4, Msg No: S08A
Flight ID: GR0000 REG: OKSTS


Message content:-
0EV110948V/
-------------------------------------------------------[2024-05-30 11:19:44.047]

SOURCE: AIR
RX_ID: 1107, Freq: 131.725MHz
Mode: X NACKLabel: SA Block ID: 4, Msg No: S08A
Flight ID: GR0000 REG: OKSTS


Message content:-
0EV110948V/
-------------------------------------------------------[2024-05-30 11:19:52.056]

SOURCE: AIR
RX_ID: 1108, Freq: 131.725MHz
Mode: E NACKLabel: SA Block ID: 5, Msg No: S08A
Flight ID: GR0000 REG: OKSTS


Message content:-
0EV110948V/
-------------------------------------------------------[2024-05-30 11:20:04.125]

SOURCE: AIR
RX_ID: 1109, Freq: 131.725MHz
Mode: E NACKLabel: SA Block ID: 5, Msg No: S08A
Flight ID: GR0000 REG: OKSTS


Message content:-
0EV110948V/
-------------------------------------------------------[2024-05-30 11:20:11.073]

SOURCE: AIR
RX_ID: 1110, Freq: 131.725MHz
Mode: E NACKLabel: SA Block ID: 5, Msg No: S08A
Flight ID: GR0000 REG: OKSTS


Message content:-
0EV110948V/
-------------------------------------------------------[2024-05-30 11:20:17.217]

SOURCE: AIR
RX_ID: 1111, Freq: 131.825MHz
Mode: 2 NACKLabel: 5U Block ID: 6, Msg No: M34A
Flight ID: 4X08JB REG: 9H-MLD


Message content:-
EDDS LEPA-SA
-------------------------------------------------------[2024-05-30 11:20:17.694]

SOURCE: AIR
RX_ID: 1112, Freq: 131.725MHz
Mode: 2 NACKLabel: SA Block ID: 6, Msg No: S08A
Flight ID: GR0000 REG: OKSTS


Message content:-
0EV110948V/
-------------------------------------------------------[2024-05-30 11:20:24.201]

SOURCE: AIR
RX_ID: 1113, Freq: 131.725MHz
Mode: 2 NACKLabel: SA Block ID: 6, Msg No: S08A
Flight ID: GR0000 REG: OKSTS


Message content:-
0EV110948V/
-------------------------------------------------------[2024-05-30 11:20:30.131]

SOURCE: AIR
RX_ID: 1114, Freq: 131.725MHz
Mode: 2 NACKLabel: SA Block ID: 6, Msg No: S08A
Flight ID: GR0000 REG: OKSTS


Message content:-
0EV110948V/
-------------------------------------------------------[2024-05-30 11:20:40.366]

SOURCE: AIR
RX_ID: 1115, Freq: 131.725MHz
Mode: 2 NACKLabel: SA Block ID: 6, Msg No: S08A
Flight ID: GR0000 REG: OKSTS


Message content:-
0EV110948V/
-------------------------------------------------------[2024-05-30 11:20:58.181]

SOURCE: AIR
RX_ID: 1116, Freq: 131.725MHz
Mode: 2 NACKLabel: SA Block ID: 6, Msg No: S08A
Flight ID: GR0000 REG: OKSTS


Message content:-
0EV110948V/
-------------------------------------------------------[2024-05-30 11:21:04.141]

SOURCE: AIR
RX_ID: 1117, Freq: 131.725MHz
Mode: 2 NACKLabel: 83 Block ID: 3, Msg No: M97A
Flight ID: GS0001 REG: MJSTA


Message content:-
001PR30112705N4315.9E00612.63635570031
-------------------------------------------------------[2024-05-30 11:27:07.263]

SOURCE: AIR
RX_ID: 1118, Freq: 131.850MHz
Mode: 2 NACKLabel: H1 Block ID: 9, Msg No: C11A
Flight ID: EC59XZ REG: OE-LKM


Message content:-
#CFBWRN/WN24053011460046200006DATALINK ATC FAULT      
-------------------------------------------------------[2024-05-30 11:46:26.628]

SOURCE: AIR
RX_ID: 1119, Freq: 131.825MHz
Mode: 2 NACKLabel: 15 Block ID: 2, Msg No: M07A
Flight ID: BA0082 REG: G-VIIL


Message content:-
FST01DNAAEGLLN438711E0049513400 119 333 M57C 6728334135044811600013281210
-------------------------------------------------------[2024-05-30 12:10:13.108]

SOURCE: AIR
RX_ID: 1120, Freq: 131.825MHz
Mode: 2 NACKLabel: B6 Block ID: 3, Msg No: F82A
Flight ID: BA0082 REG: G-VIIL


Message content:-
/QUKAXBA.ADS.G-VIIL071F47381C01C9C44A6B1D18D0
-------------------------------------------------------[2024-05-30 12:11:09.025]

SOURCE: AIR
RX_ID: 1121, Freq: 131.825MHz
Mode: 2 NACKLabel: 44 Block ID: 3, Msg No: M41A
Flight ID: GS0000 REG: DAAHO


Message content:-
08,suL}Zq``vLL=LL``LYZ}KLZbZbZLv}LZYe}LZYevvZLL}[K
-------------------------------------------------------[2024-05-30 12:31:03.247]

SOURCE: AIR
RX_ID: 1122, Freq: 131.825MHz
Mode: 2 NACKLabel: 44 Block ID: 4, Msg No: M42A
Flight ID: GS0000 REG: DAAHO


Message content:-
08,suL}Zq``YcL=LLveLeZ}eLZbZbZLv}LZYe}vZYeveZLL}[v
-------------------------------------------------------[2024-05-30 12:36:02.659]

SOURCE: AIR
RX_ID: 1123, Freq: 131.825MHz
Mode: 2 NACKLabel: 44 Block ID: 5, Msg No: M43A
Flight ID: GS0000 REG: DAAHO


Message content:-
08,suL}Zq`}```=LLvvaaZe`vZbZbZLv}LZYe`LZYevYZLL}[}
-------------------------------------------------------[2024-05-30 12:41:02.478]

SOURCE: AIR
RX_ID: 1124, Freq: 131.725MHz
Mode: E NACKLabel: 4H Block ID: 8, Msg No: M82A
Flight ID: DL0029 REG: N828MH


Message content:-
30124H LFMN KJFK6
  
WPR RESET





-------------------------------------------------------[2024-05-30 12:47:03.513]

SOURCE: AIR
RX_ID: 1125, Freq: 131.725MHz
Mode: E NACKLabel: 30 Block ID: 1, Msg No: M85A
Flight ID: DL0029 REG: N828MH


Message content:-
301230 LFMN KJFK6
A      
THANKS ANDY







-------------------------------------------------------[2024-05-30 12:48:21.117]

SOURCE: AIR
RX_ID: 1126, Freq: 131.850MHz
Mode: 2 NACKLabel: 16 Block ID: 5, Msg No: M78A
Flight ID: FR03XY REG: 9H-QBT


Message content:-
125059,M114148,1435, 161,N 43.469 E  5.890
-------------------------------------------------------[2024-05-30 12:51:01.086]

SOURCE: AIR
RX_ID: 1127, Freq: 131.725MHz
Mode: E NACKLabel: H1 Block ID: 2, Msg No: F57A
Flight ID: DL0029 REG: N828MH


Message content:-
#M1BPOSN43223E005227,PAD05,125122,300,ROV06,125403,FJR07,M38,27863,1047,8109B4D
-------------------------------------------------------[2024-05-30 12:51:25.036]

SOURCE: AIR
RX_ID: 1128, Freq: 131.725MHz
Mode: E NACKLabel: H1 Block ID: 3, Msg No: D08A
Flight ID: DL0029 REG: N828MH


Message content:-
#DFB239N1804 0029053024125428811 4354   491320-13-43281 68XX-223102800
 295 41101052816210B0IH-LFMNKJFK
-------------------------------------------------------[2024-05-30 12:54:51.282]

SOURCE: AIR
RX_ID: 1129, Freq: 131.825MHz
Mode: 2 NACKLabel: 1L Block ID: 9, Msg No: M81A
Flight ID: LH03TM REG: D-AXGE


Message content:-
00066209237P4J(94E00QQI9TBV90YY7220 BV BBU-+RE0RILI((44+H8Q8HBHK
-------------------------------------------------------[2024-05-30 12:58:07.931]

SOURCE: AIR
RX_ID: 1130, Freq: 131.725MHz
Mode: E NACKLabel: SA Block ID: 1, Msg No: S09A
Flight ID: 4Y0000 REG: F-WHUM


Message content:-
0LH132842V
-------------------------------------------------------[2024-05-30 13:28:43.556]

SOURCE: AIR
RX_ID: 1131, Freq: 131.825MHz
Mode: 2 NACKLabel: 44 Block ID: 3, Msg No: M13A
Flight ID: GS0000 REG: A6ANK


Message content:-
00POS03,N44396E005127,210,LFLY,LFMN,0530,1330,1351,005.5
-------------------------------------------------------[2024-05-30 13:30:37.476]

SOURCE: AIR
RX_ID: 1132, Freq: 131.725MHz
Mode: E NACKLabel: 44 Block ID: 8, Msg No: M35A
Flight ID: GS0000 REG: DANXA


Message content:-
04p=G'mVNHHF+F(''X'a!Vma'VqzkNV(w-7V'Fm'V\mmHV\HFHV''+#F
-------------------------------------------------------[2024-05-30 13:34:36.843]

SOURCE: AIR
RX_ID: 1133, Freq: 131.825MHz
Mode: 2 NACKLabel: 16 Block ID: 5, Msg No: M47A
Flight ID: 4X01FX REG: 9H-MLD


Message content:-
140846,37965,1503,   4,N 43.782 E  7.686
-------------------------------------------------------[2024-05-30 14:08:48.194]

SOURCE: AIR
RX_ID: 1134, Freq: 131.725MHz
Mode: E NACKLabel: SA Block ID: 7, Msg No: S16A
Flight ID: GR0000 REG: DCHJD


Message content:-
0EV143440V/
-------------------------------------------------------[2024-05-30 14:41:45.963]

SOURCE: AIR
RX_ID: 1135, Freq: 131.725MHz
Mode: G NACKLabel: SA Block ID: 0, Msg No: S16A
Flight ID: GR0000 REG: DCHJD


Message content:-
0EV143440V/
-------------------------------------------------------[2024-05-30 14:41:57.624]

SOURCE: AIR
RX_ID: 1136, Freq: 131.725MHz
Mode: G NACKLabel: SA Block ID: 0, Msg No: S16A
Flight ID: GR0000 REG: DCHJD


Message content:-
0EV143440V/
-------------------------------------------------------[2024-05-30 14:42:03.767]

SOURCE: AIR
RX_ID: 1137, Freq: 131.825MHz
Mode: 2 NACKLabel: SA Block ID: 2, Msg No: M20A
Flight ID: AH1068 REG: 7T-VKD


Message content:-
0EV152231V
-------------------------------------------------------[2024-05-30 15:22:33.578]

SOURCE: AIR
RX_ID: 1138, Freq: 131.825MHz
Mode: 2 NACKLabel: H1 Block ID: 3, Msg No: D04A
Flight ID: AH1068 REG: 7T-VKD


Message content:-
#DFB411017T-VKDB737-80030MAY24AH1068DAOOLFML1628AH709C
143235CR685735972263793-525-247N37582E001383142377
08820882092309220629064400120009
026780267700620062045042110108
013031014050006003003006
2950932701
-------------------------------------------------------[2024-05-30 15:22:45.243]

SOURCE: AIR
RX_ID: 1139, Freq: 131.825MHz
Mode: 2 NACKLabel: H1 Block ID: 4, Msg No: D04B
Flight ID: AH1068 REG: 7T-VKD


Message content:-
#DFB19000
110000001100088308830000-0011
018CE018CE0000000000000090000939A0639806
020000500010000200007F0925F0920000000000
4084E408478647948045347E6D7BA6BB
03510349100099066066-0040003XXXXXXXX
034403441220
-------------------------------------------------------[2024-05-30 15:22:53.034]

SOURCE: AIR
RX_ID: 1140, Freq: 131.825MHz
Mode: 2 NACKLabel: H1 Block ID: 5, Msg No: D04C
Flight ID: AH1068 REG: 7T-VKD


Message content:-
#DFB11950560540416041462956445
1101110111111111X011110101631029650
1101110111111111X011110101631029650

-------------------------------------------------------[2024-05-30 15:23:01.224]

SOURCE: AIR
RX_ID: 1141, Freq: 131.825MHz
Mode: 2 NACKLabel: H1 Block ID: 6, Msg No: D05A
Flight ID: AH1068 REG: 7T-VKD


Message content:-
#DFBAPM0007T-VKD---0000037DAH1068/DAOOLFML300524143234,,,794,,,2636,,,-2458,,,35971,,,142353,,,2688,2684,,,08833,08829,,,000,4691,,,0,0,,0,0,,0,0,0,0,0,0,,+379703,,,,,,+0291,,,+016,,,+0307,,,-00004,-0003,,,,,,1
-------------------------------------------------------[2024-05-30 15:23:15.124]

SOURCE: AIR
RX_ID: 1142, Freq: 131.825MHz
Mode: 2 NACKLabel: H1 Block ID: 7, Msg No: D05B
Flight ID: AH1068 REG: 7T-VKD


Message content:-
#DFB8440,,,,,,,,01010,01290,,,,,,,,146760,146760,,,,,,,,22880,,,,,,,,8647940,00804534,,,,,,,,,,0924,0923,,,,,,,6290,6440,,,,,,,-524,,,-017,,,-003,,,+023,,,+050,+06,+08,+006,+023,,,+001,,+023,+023,,,+22,+10,,,+0
-------------------------------------------------------[2024-05-30 15:23:23.314]

SOURCE: AIR
RX_ID: 1143, Freq: 131.825MHz
Mode: 2 NACKLabel: H1 Block ID: 8, Msg No: D05C
Flight ID: AH1068 REG: 7T-VKD


Message content:-
#DFB00,,,+000,,,+102,,,-00404,,,

-------------------------------------------------------[2024-05-30 15:23:30.080]

SOURCE: AIR
RX_ID: 1144, Freq: 131.825MHz
Mode: 2 NACKLabel: H1 Block ID: 1, Msg No: D14A
Flight ID: IB31HG REG: EC-NTQ


Message content:-
#DFBA320,015884,1,1,TB000000/REP033,00,00,1/POSDMU,154743, 43.301,   6.900,  5516,360

-------------------------------------------------------[2024-05-30 15:50:58.549]

SOURCE: AIR
RX_ID: 1145, Freq: 131.525MHz
Mode: 2 NACKLabel: H1 Block ID: 9, Msg No: F23A
Flight ID: ZD0000 REG: N149LP


Message content:-
#M1B/.POS/TS155712,300524N44329E004450,,155712,256,LFMN,163712,,M31,27763,57,8507BD3
-------------------------------------------------------[2024-05-30 15:57:20.032]

SOURCE: AIR
RX_ID: 1146, Freq: 131.825MHz
Mode: 2 NACKLabel: H1 Block ID: 6, Msg No: C04A
Flight ID: EC79MN REG: OE-LKV


Message content:-
#CFBWRN/WN24053015570046200006DATALINK ATC FAULT      
-------------------------------------------------------[2024-05-30 15:57:52.655]

SOURCE: AIR
RX_ID: 1147, Freq: 131.825MHz
Mode: 2 NACKLabel: H1 Block ID: 7, Msg No: C05A
Flight ID: EC79MN REG: OE-LKV


Message content:-
#CFBWRN/WN24053015570046200006DATALINK COMPANY FAULT  
-------------------------------------------------------[2024-05-30 15:57:58.799]

SOURCE: AIR
RX_ID: 1148, Freq: 131.725MHz
Mode: 2 NACKLabel: H1 Block ID: 4, Msg No: F29A
Flight ID: ZD0000 REG: N149LP


Message content:-
#M1B/.RESREQ/AK,115/TS160752,300524
-------------------------------------------------------[2024-05-30 16:07:54.384]

SOURCE: AIR
RX_ID: 1149, Freq: 131.725MHz
Mode: 2 NACKLabel: H1 Block ID: 5, Msg No: F30A
Flight ID: ZD0000 REG: N149LP


Message content:-
#M1B/.POS/TS160752,300524N43295E005128,,160752,91,LFMN,163152,,P3,30231,54,85022C6
-------------------------------------------------------[2024-05-30 16:07:58.663]

SOURCE: AIR
RX_ID: 1150, Freq: 131.525MHz
Mode: T NACKLabel: 2Z Block ID: 7, Msg No: M15A
Flight ID: AF6010 REG: F-GRHF


Message content:-
LFML
-------------------------------------------------------[2024-05-30 16:54:02.829]

SOURCE: AIR
RX_ID: 1151, Freq: 131.525MHz
Mode: T NACKLabel: 26 Block ID: 8, Msg No: M16A
Flight ID: AF6010 REG: F-GRHF


Message content:-
1702LFPOAF6010/301717LFML31R
-------------------------------------------------------[2024-05-30 17:02:02.685]

SOURCE: AIR
RX_ID: 1152, Freq: 131.525MHz
Mode: T NACKLabel: 26 Block ID: 8, Msg No: M16A
Flight ID: AF6010 REG: F-GRHF


Message content:-
1702LFPOAF6010/301717LFML31R
-------------------------------------------------------[2024-05-30 17:02:12.124]

SOURCE: AIR
RX_ID: 1153, Freq: 131.525MHz
Mode: T NACKLabel: 26 Block ID: 8, Msg No: M16A
Flight ID: AF6010 REG: F-GRHF


Message content:-
1702LFPOAF6010/301717LFML31R
-------------------------------------------------------[2024-05-30 17:02:24.190]

SOURCE: AIR
RX_ID: 1154, Freq: 131.525MHz
Mode: 2 NACKLabel: 26 Block ID: 8, Msg No: M16A
Flight ID: AF6010 REG: F-GRHF


Message content:-
1702LFPOAF6010/301717LFML31R
-------------------------------------------------------[2024-05-30 17:02:32.600]

SOURCE: AIR
RX_ID: 1155, Freq: 131.525MHz
Mode: 2 NACKLabel: 26 Block ID: 8, Msg No: M16A
Flight ID: AF6010 REG: F-GRHF


Message content:-
1702LFPOAF6010/301717LFML31R
-------------------------------------------------------[2024-05-30 17:02:42.002]

SOURCE: AIR
RX_ID: 1156, Freq: 131.525MHz
Mode: 2 NACKLabel: 26 Block ID: 8, Msg No: M16A
Flight ID: AF6010 REG: F-GRHF


Message content:-
1702LFPOAF6010/301717LFML31R
-------------------------------------------------------[2024-05-30 17:02:52.057]

SOURCE: AIR
RX_ID: 1157, Freq: 131.525MHz
Mode: 2 NACKLabel: 2F Block ID: 9, Msg No: M17A
Flight ID: AF6010 REG: F-GRHF


Message content:-
1705+4361+522/1030
-------------------------------------------------------[2024-05-30 17:05:52.683]

SOURCE: AIR
RX_ID: 1158, Freq: 131.525MHz
Mode: 2 NACKLabel: 2F Block ID: 9, Msg No: M17A
Flight ID: AF6010 REG: F-GRHF


Message content:-
1705+4361+522/1030
-------------------------------------------------------[2024-05-30 17:06:03.326]

SOURCE: AIR
RX_ID: 1159, Freq: 131.525MHz
Mode: 2 NACKLabel: 2F Block ID: 9, Msg No: M17A
Flight ID: AF6010 REG: F-GRHF


Message content:-
1705+4361+522/1030
-------------------------------------------------------[2024-05-30 17:06:16.455]

SOURCE: AIR
RX_ID: 1160, Freq: 131.725MHz
Mode: 2 NACKLabel: 2F Block ID: 9, Msg No: M17A
Flight ID: AF6010 REG: F-GRHF


Message content:-
1705+4361+522/1030
-------------------------------------------------------[2024-05-30 17:06:26.297]

SOURCE: AIR
RX_ID: 1161, Freq: 131.725MHz
Mode: 2 NACKLabel: 26 Block ID: 0, Msg No: M18A
Flight ID: AF6010 REG: F-GRHF


Message content:-
1706LFPOAF6010/301711LFML31R
-------------------------------------------------------[2024-05-30 17:06:29.365]

SOURCE: AIR
RX_ID: 1162, Freq: 131.725MHz
Mode: 2 NACKLabel: H1 Block ID: 1, Msg No: D05A
Flight ID: AF6010 REG: F-GRHF


Message content:-
#DFBA01/A31901,1,1/CCF-GRHF,MAY30,164447,LFPO,LFML,0087/C106,05240,5000,53,0010,0,0100,53,X/CEN187,32998,280,789,5412,234,C43025/EC645937,00159,01096,00109,73,27/EE645936,00159,01288,00109,73/N10823,0823,0927,5
-------------------------------------------------------[2024-05-30 17:06:33.059]

SOURCE: AIR
RX_ID: 1163, Freq: 131.725MHz
Mode: E NACKLabel: SA Block ID: 5, Msg No: S28A
Flight ID: AF6010 REG: F-GRHF


Message content:-
0EV170645V
-------------------------------------------------------[2024-05-30 17:06:46.188]

SOURCE: AIR
RX_ID: 1164, Freq: 131.825MHz
Mode: 2 NACKLabel: 44 Block ID: 8, Msg No: M27A
Flight ID: GS0000 REG: FHJMA


Message content:-
09|\L46c+NN4,8G44B81Nch,1c-W|Pc-W.0c4B64c8s41c8s6Bc44N5B
-------------------------------------------------------[2024-05-30 17:08:32.872]

SOURCE: AIR
RX_ID: 1165, Freq: 131.725MHz
Mode: 2 NACKLabel: 15 Block ID: 9, Msg No: M88A
Flight ID: XA0001 REG: 9HXOA


Message content:-
(2N43384E  6300--- 59409-53(Z
-------------------------------------------------------[2024-05-30 18:30:41.267]

SOURCE: AIR
RX_ID: 1166, Freq: 131.725MHz
Mode: G NACKLabel: H1 Block ID: 5, Msg No: D18A
Flight ID: AF6015 REG: F-GRHF


Message content:-
#DFBA04/A31904,1,1/CCF-GRHF,MAY30,183042,LFML,LFPO,0095/C105,06539,4000,00,0000,0,0100,01,X/CE0220,01830,147,230,5158,225,C43025/EC645937,00159,01097,00110,23/EE645936,00159,01289,00110,23/N104,00,00,00,00,04,0
-------------------------------------------------------[2024-05-30 18:31:10.342]

SOURCE: AIR
RX_ID: 1167, Freq: 131.725MHz
Mode: G NACKLabel: H1 Block ID: 7, Msg No: D18C
Flight ID: AF6015 REG: F-GRHF


Message content:-
#DFB00/V210,13,154,256,02,00,00000/V3047,084,1,1,00060,00010,2221/V4046,083,1,1,00080,00010,2221/X114453,0210,099,037,1701/X214437,0212,099,036,1706/
-------------------------------------------------------[2024-05-30 18:31:18.134]

SOURCE: AIR
RX_ID: 1168, Freq: 131.725MHz
Mode: G NACKLabel: H1 Block ID: 8, Msg No: C05A
Flight ID: AF6015 REG: F-GRHF


Message content:-
#CFBFLR/FR24053018300030310005SDAC2:NO DATA FROM      PHC2/IDECAM 2,ECAM 1
-------------------------------------------------------[2024-05-30 18:31:21.388]

SOURCE: AIR
RX_ID: 1169, Freq: 131.725MHz
Mode: G NACKLabel: 26 Block ID: 9, Msg No: M33A
Flight ID: AF6015 REG: F-GRHF


Message content:-
1840LFMLAF6015/301936LFPO25 
-------------------------------------------------------[2024-05-30 18:40:12.225]

SOURCE: AIR
RX_ID: 1170, Freq: 131.725MHz
Mode: G NACKLabel: 2F Block ID: 0, Msg No: M34A
Flight ID: AF6015 REG: F-GRHF


Message content:-
1845+4461+460/3444
-------------------------------------------------------[2024-05-30 18:45:14.525]

SOURCE: AIR
RX_ID: 1171, Freq: 131.725MHz
Mode: E NACKLabel: SA Block ID: 8, Msg No: S53A
Flight ID: GR0000 REG: OEFXY


Message content:-
0EV185331V/
-------------------------------------------------------[2024-05-30 18:59:05.802]

SOURCE: AIR
RX_ID: 1172, Freq: 131.725MHz
Mode: E NACKLabel: SA Block ID: 8, Msg No: S53A
Flight ID: GR0000 REG: OEFXY


Message content:-
0EV185331V/
-------------------------------------------------------[2024-05-30 18:59:17.901]

SOURCE: AIR
RX_ID: 1173, Freq: 131.725MHz
Mode: E NACKLabel: SA Block ID: 7, Msg No: S69A
Flight ID: HV628M REG: PH-HZN


Message content:-
0EV192202V/
-------------------------------------------------------[2024-05-30 19:22:07.408]

SOURCE: AIR
RX_ID: 1174, Freq: 131.725MHz
Mode: X NACKLabel: SA Block ID: 9, Msg No: S26A
Flight ID: GR0000 REG: OEFXY


Message content:-
0EV195418V/
-------------------------------------------------------[2024-05-30 19:55:55.979]

SOURCE: AIR
RX_ID: 1175, Freq: 131.725MHz
Mode: X NACKLabel: SA Block ID: 9, Msg No: S26A
Flight ID: GR0000 REG: OEFXY


Message content:-
0EV195418V/
-------------------------------------------------------[2024-05-30 19:56:14.818]

SOURCE: AIR
RX_ID: 1176, Freq: 131.725MHz
Mode: 2 NACKLabel: SA Block ID: 6, Msg No: S26A
Flight ID: GR0000 REG: OEFXY


Message content:-
0EV195418V/
-------------------------------------------------------[2024-05-30 20:01:35.950]

SOURCE: AIR
RX_ID: 1177, Freq: 131.725MHz
Mode: 2 NACKLabel: SA Block ID: 6, Msg No: S26A
Flight ID: GR0000 REG: OEFXY


Message content:-
0EV195418V/
-------------------------------------------------------[2024-05-30 20:01:43.923]

SOURCE: AIR
RX_ID: 1178, Freq: 131.725MHz
Mode: 2 NACKLabel: SA Block ID: 6, Msg No: S26A
Flight ID: GR0000 REG: OEFXY


Message content:-
0EV195418V/
-------------------------------------------------------[2024-05-30 20:01:53.981]

SOURCE: AIR
RX_ID: 1179, Freq: 131.725MHz
Mode: G NACKLabel: SA Block ID: 8, Msg No: S32A
Flight ID: GR0000 REG: OEFXY


Message content:-
0EV195555V/
-------------------------------------------------------[2024-05-30 20:02:21.811]

SOURCE: AIR
RX_ID: 1180, Freq: 131.725MHz
Mode: 2 NACKLabel: SA Block ID: 7, Msg No: S32A
Flight ID: GR0000 REG: OEFXY


Message content:-
0EV195555V/
-------------------------------------------------------[2024-05-30 20:07:04.657]

SOURCE: AIR
RX_ID: 1181, Freq: 131.725MHz
Mode: 2 NACKLabel: SA Block ID: 7, Msg No: S32A
Flight ID: GR0000 REG: OEFXY


Message content:-
0EV195555V/
-------------------------------------------------------[2024-05-30 20:07:10.585]

SOURCE: AIR
RX_ID: 1182, Freq: 131.725MHz
Mode: 2 NACKLabel: SA Block ID: 7, Msg No: S32A
Flight ID: GR0000 REG: OEFXY


Message content:-
0EV195555V/
-------------------------------------------------------[2024-05-30 20:07:20.644]

SOURCE: AIR
RX_ID: 1183, Freq: 131.725MHz
Mode: 2 NACKLabel: SA Block ID: 9, Msg No: S39A
Flight ID: GR0000 REG: OEFXY


Message content:-
0EV200221V/
-------------------------------------------------------[2024-05-30 20:07:36.402]

SOURCE: AIR
RX_ID: 1184, Freq: 131.725MHz
Mode: 2 NACKLabel: SA Block ID: 9, Msg No: S39A
Flight ID: GR0000 REG: OEFXY


Message content:-
0EV200221V/
-------------------------------------------------------[2024-05-30 20:07:48.288]

SOURCE: AIR
RX_ID: 1185, Freq: 131.525MHz
Mode: T NACKLabel: 2Z Block ID: 8, Msg No: M80A
Flight ID: AF7314 REG: F-GMZD


Message content:-
LFMN
-------------------------------------------------------[2024-05-30 20:32:03.991]

SOURCE: AIR
RX_ID: 1186, Freq: 131.725MHz
Mode: G NACKLabel: H1 Block ID: 8, Msg No: F67A
Flight ID: TB3454 REG: OO-JAF


Message content:-
#M1BPRG/DTEBBR,25L,53,215452,73AD32
-------------------------------------------------------[2024-05-30 20:35:04.657]

SOURCE: AIR
RX_ID: 1187, Freq: 131.525MHz
Mode: T NACKLabel: 2F Block ID: 0, Msg No: M81A
Flight ID: AF7314 REG: F-GMZD


Message content:-
2035+4437+525/3048
-------------------------------------------------------[2024-05-30 20:35:23.052]

SOURCE: AIR
RX_ID: 1188, Freq: 131.525MHz
Mode: T NACKLabel: 26 Block ID: 1, Msg No: M82A
Flight ID: AF7314 REG: F-GMZD


Message content:-
2040LFPGAF7314/302055LFMN04L
-------------------------------------------------------[2024-05-30 20:40:03.416]

SOURCE: AIR
RX_ID: 1189, Freq: 131.725MHz
Mode: E NACKLabel: 5U Block ID: 0, Msg No: M97A
Flight ID: TB3454 REG: OO-JAF


Message content:-
SA/EBBR LSGG EBOS EBAW
-------------------------------------------------------[2024-05-30 20:52:25.248]

SOURCE: AIR
RX_ID: 1190, Freq: 131.525MHz
Mode: T NACKLabel: 2Z Block ID: 0, Msg No: M58A
Flight ID: AF7342 REG: F-GMZE


Message content:-
LFML
-------------------------------------------------------[2024-05-30 20:56:03.543]

SOURCE: AIR
RX_ID: 1191, Freq: 131.525MHz
Mode: T NACKLabel: 2F Block ID: 1, Msg No: M59A
Flight ID: AF7342 REG: F-GMZE


Message content:-
2059+4442+479/2546
-------------------------------------------------------[2024-05-30 20:59:52.705]

SOURCE: AIR
RX_ID: 1192, Freq: 131.825MHz
Mode: 2 NACKLabel: H1 Block ID: 1, Msg No: F03A
Flight ID: QY1685 REG: D-ALEP


Message content:-
#M1BPOSN44194E004409,,210157,263,LTP,211138,GIPNO,M31,27678,230,9E43
-------------------------------------------------------[2024-05-30 21:01:59.314]

SOURCE: AIR
RX_ID: 1193, Freq: 131.825MHz
Mode: 2 NACKLabel: B9 Block ID: 2, Msg No: L02A
Flight ID: QY1685 REG: D-ALEP


Message content:-
/EDDP.TI2/024EDDPAB993
-------------------------------------------------------[2024-05-30 21:02:35.157]

SOURCE: AIR
RX_ID: 1194, Freq: 131.525MHz
Mode: T NACKLabel: 26 Block ID: 2, Msg No: M60A
Flight ID: AF7342 REG: F-GMZE


Message content:-
2103LFPGAF7342/302118LFML31R
-------------------------------------------------------[2024-05-30 21:03:03.171]

SOURCE: AIR
RX_ID: 1195, Freq: 131.825MHz
Mode: 2 NACKLabel: 5U Block ID: 5, Msg No: M05A
Flight ID: QY1685 REG: D-ALEP


Message content:-
10,WX,302103,QY1685,30,LFML,EDDP,8310900,EDDP,EDDV,EDDK,1,0,
-------------------------------------------------------[2024-05-30 21:03:10.594]

SOURCE: AIR
RX_ID: 1196, Freq: 131.525MHz
Mode: T NACKLabel: 26 Block ID: 2, Msg No: M60A
Flight ID: AF7342 REG: F-GMZE


Message content:-
2103LFPGAF7342/302118LFML31R
-------------------------------------------------------[2024-05-30 21:03:12.604]

SOURCE: AIR
RX_ID: 1197, Freq: 131.525MHz
Mode: T NACKLabel: 26 Block ID: 2, Msg No: M60A
Flight ID: AF7342 REG: F-GMZE


Message content:-
2103LFPGAF7342/302118LFML31R
-------------------------------------------------------[2024-05-30 21:03:24.892]

SOURCE: AIR
RX_ID: 1198, Freq: 131.825MHz
Mode: 2 NACKLabel: 5U Block ID: 5, Msg No: M05A
Flight ID: QY1685 REG: D-ALEP


Message content:-
10,WX,302103,QY1685,30,LFML,EDDP,8310900,EDDP,EDDV,EDDK,1,0,
-------------------------------------------------------[2024-05-30 21:03:29.829]

SOURCE: AIR
RX_ID: 1199, Freq: 131.525MHz
Mode: 2 NACKLabel: 26 Block ID: 2, Msg No: M60A
Flight ID: AF7342 REG: F-GMZE


Message content:-
2103LFPGAF7342/302118LFML31R
-------------------------------------------------------[2024-05-30 21:03:33.309]

SOURCE: AIR
RX_ID: 1200, Freq: 131.725MHz
Mode: E NACKLabel: H1 Block ID: 6, Msg No: D10A
Flight ID: AF7342 REG: F-GMZE


Message content:-
#DFBA01/A32101,1,1/CCF-GMZE,MAY30,204755,LFPG,LFML,0082/C106,27239,5000,54,0010,0,0100,65,X/CEN155,28971,270,703,7027,238,C53015/EC643526,00380,02436,00353,73,25/EE577159,00380,06587,00353,73/N10829,0829,0929,5
-------------------------------------------------------[2024-05-30 21:08:57.957]

SOURCE: AIR
RX_ID: 1201, Freq: 131.725MHz
Mode: E NACKLabel: H1 Block ID: 7, Msg No: D10B
Flight ID: AF7342 REG: F-GMZE


Message content:-
#DFB926,1357,XXXXX/N20829,0829,0928,5964,1357,XXXXX/S1XXXXX,0699,1402,4207,XXXX,036,N00/S2XXXXX,0711,1404,4265,XXXX,039,N00/T1099,086,023,42,082,06450,0186/T2099,086,017,39,078,06434,0162/V1042,082,006,009,328,
-------------------------------------------------------[2024-05-30 21:09:01.832]

SOURCE: AIR
RX_ID: 1202, Freq: 131.725MHz
Mode: E NACKLabel: H1 Block ID: 8, Msg No: D10C
Flight ID: AF7342 REG: F-GMZE


Message content:-
#DFB00008,00081/V2043,079,008,008,090,00008,00081,/
-------------------------------------------------------[2024-05-30 21:09:05.307]

