SOURCE: AIR
RX_ID: 0, Freq: 131.825MHz
Mode: 2 NACKLabel: Q0 Block ID: 9, Msg No: S05A
Flight ID: AA8031 REG: SXAMJ


Message content:-

-------------------------------------------------------[2024-03-12 21:39:37.611]

SOURCE: AIR
RX_ID: 1, Freq: 131.825MHz
Mode: 2 NACKLabel: Q0 Block ID: 9, Msg No: S05A
Flight ID: AA8031 REG: SXAMJ


Message content:-

-------------------------------------------------------[2024-03-12 21:40:02.186]

SOURCE: AIR
RX_ID: 2, Freq: 131.825MHz
Mode: 2 NACKLabel: Q0 Block ID: 6, Msg No: S22A
Flight ID: QY1685 REG: D-ALET


Message content:-

-------------------------------------------------------[2024-03-12 21:54:59.626]

SOURCE: AIR
RX_ID: 3, Freq: 131.825MHz
Mode: 2 ACK, A2GLabel: _d Block ID: 7, Msg No: S23A
Flight ID: QY1685 REG: D-ALET


Message content:-

-------------------------------------------------------[2024-03-12 21:56:43.674]

SOURCE: AIR
RX_ID: 4, Freq: 131.825MHz
Mode: 2 NACKLabel: H1 Block ID: 8, Msg No: F04A
Flight ID: QY1685 REG: D-ALET


Message content:-
#M1BPOSN44254E005020,,215642,283,LUXAN,220530,ARKOX,M40,34265,215,242A
-------------------------------------------------------[2024-03-12 21:56:44.477]

SOURCE: AIR
RX_ID: 5, Freq: 131.825MHz
Mode: 2 NACKLabel: 2Z Block ID: 3, Msg No: M79A
Flight ID: AF7342 REG: F-GMZD


Message content:-
LFML
-------------------------------------------------------[2024-03-12 22:03:03.766]

SOURCE: AIR
RX_ID: 6, Freq: 131.825MHz
Mode: 2 NACKLabel: 2F Block ID: 4, Msg No: M80A
Flight ID: AF7342 REG: F-GMZD


Message content:-
2209+4415+481/2144
-------------------------------------------------------[2024-03-12 22:09:48.870]

SOURCE: AIR
RX_ID: 7, Freq: 131.850MHz
Mode: 2 NACKLabel: H1 Block ID: 7, Msg No: D18A
Flight ID: AF7342 REG: F-GMZD


Message content:-
#DFBA01/A32101,1,1/CCF-GMZD,MAR12,215643,LFPG,LFML,0094/C106,69239,5000,62,0010,0,0100,56,X/CEN300,32978,264,748,7306,243,C51020/EC577521,00251,01599,00269,73,06/EE697634,00251,06718,00269,73/N10847,0847,0926,6
-------------------------------------------------------[2024-03-12 22:16:25.966]

SOURCE: AIR
RX_ID: 8, Freq: 131.825MHz
Mode: 2 NACKLabel: H1 Block ID: 8, Msg No: D18B
Flight ID: AF7342 REG: F-GMZD


Message content:-
#DFB076,1387,XXXXX/N20847,0847,0923,6105,1391,XXXXX/S1XXXXX,0589,1411,4182,XXXX,015,N00/S2XXXXX,0581,1401,4131,XXXX,018,N00/T1099,094,025,42,080,05555,0126/T2099,094,018,40,072,05559,0096/V103,00,121,133,00,00,
-------------------------------------------------------[2024-03-12 22:16:31.926]

SOURCE: AIR
RX_ID: 9, Freq: 131.825MHz
Mode: 2 NACKLabel: H1 Block ID: 9, Msg No: D18C
Flight ID: AF7342 REG: F-GMZD


Message content:-
#DFB00000/V208,05,264,193,02,01,00000/V306,01,174,043,0621/V408,02,306,083,0621/V504,01,091,162,0915/V608,08,235,165,0915/V7042,080,00061,22222222222111/V8042,087,00081,22222222222111,/
-------------------------------------------------------[2024-03-12 22:16:38.071]

SOURCE: AIR
RX_ID: 10, Freq: 131.825MHz
Mode: 2 NACKLabel: H1 Block ID: 1, Msg No: D19B
Flight ID: AF7342 REG: F-GMZD


Message content:-
#DFB06718,00269,73/N10849,0850,0928,6103,1407,XXXXX/N20850,0850,0925,6133,1407,XXXXX/S1XXXXX,0595,1423,4200,XXXX,013,N00/S2XXXXX,0588,1413,4151,XXXX,016,N00/T1099,093,025,42,082,05553,0126/T2099,092,017,40,075,
-------------------------------------------------------[2024-03-12 22:17:14.313]

SOURCE: AIR
RX_ID: 11, Freq: 131.825MHz
Mode: 2 NACKLabel: H1 Block ID: 2, Msg No: D19C
Flight ID: AF7342 REG: F-GMZD


Message content:-
#DFB05557,0096/V103,00,125,128,00,00,00000/V208,05,263,191,02,01,00000/V306,01,174,043,0621/V408,02,306,083,0621/V504,01,091,162,0915/V608,08,235,165,0915/V7042,081,00061,22222222222111/V8042,088,00081,22222222
-------------------------------------------------------[2024-03-12 22:17:21.263]

SOURCE: AIR
RX_ID: 12, Freq: 131.825MHz
Mode: 2 NACKLabel: 26 Block ID: 5, Msg No: M82A
Flight ID: AF7342 REG: F-GMZD


Message content:-
2221LFPGAF7342/122226LFML31R
-------------------------------------------------------[2024-03-12 22:21:02.888]

