SOURCE: AIR
RX_ID: 0, Freq: 131.825MHz
Mode: 2 NACKLabel: B9 Block ID: 8, Msg No: J60A
Flight ID: WB0710 REG: 9XR-WN


Message content:-
/EGLL.TI2/000EGLLAABB2
-------------------------------------------------------[2024-06-21 07:05:26.364]

SOURCE: AIR
RX_ID: 1, Freq: 131.725MHz
Mode: 2 NACKLabel: 15 Block ID: 0, Msg No: M69A
Flight ID: XA0001 REG: 9HXOC


Message content:-
(2N43349E  5536--- 59181-12(Z
-------------------------------------------------------[2024-06-21 07:26:43.709]

SOURCE: AIR
RX_ID: 2, Freq: 131.725MHz
Mode: G NACKLabel: H1 Block ID: 4, Msg No: F96B
Flight ID: KL0104 REG: PH-BQK


Message content:-
#M1BT:V:DENUT,,AB2400,:A:DENU3A:F:SPL222-150..OSRON:V:OSRON,220,AA200,:AP:ILS 06(06O)/PR4508,250,340,279,,130,200,,,75,P22,P0,,,,,,,M37/DTEHAM,06 ,145,084330,6084
-------------------------------------------------------[2024-06-21 07:31:27.801]

SOURCE: AIR
RX_ID: 3, Freq: 131.725MHz
Mode: E NACKLabel: H1 Block ID: 7, Msg No: D29A
Flight ID: DL9900 REG: N829MH


Message content:-
#DFBENGINE BLEED REPORT

AID:N1805  DA:21/06    GMT:07:55    FNO:3372      ISFC: 1551
TAT: -33  SAT:-183   ALT: 19420   MACH:0543    FCNT: 3999
GW:300960  FLT:9900-1  MODE:DESC    SID:AK-67-223
S/N L:70616
-------------------------------------------------------[2024-06-21 07:55:30.415]

SOURCE: AIR
RX_ID: 4, Freq: 131.725MHz
Mode: E NACKLabel: H1 Block ID: 8, Msg No: D29B
Flight ID: DL9900 REG: N829MH


Message content:-
#DFB2         DEPART:KJFK    DESTIN:LFMN
S/N R:707000

               ENG L     ENG R
HPSOV          OPN       OPN
PRV            OPN       OPN
PRSOV          OPN       OPN
FAV %            -176     -322
-------------------------------------------------------[2024-06-21 07:55:34.294]

SOURCE: AIR
RX_ID: 5, Freq: 131.725MHz
Mode: E NACKLabel: H1 Block ID: 9, Msg No: D29C
Flight ID: DL9900 REG: N829MH


Message content:-
#DFB
N1 SPD          3787     3788
HI STG PRESS    3900     3950
INTERM PRESS1    2969     3334
INTERM PRESS2    2958     3000
STRUT OVHT     NRML      NRML
DUCT PRESS       2875     2863
P-COOL TEMP    
-------------------------------------------------------[2024-06-21 07:55:39.010]

SOURCE: AIR
RX_ID: 6, Freq: 131.725MHz
Mode: E NACKLabel: H1 Block ID: 0, Msg No: D29D
Flight ID: DL9900 REG: N829MH


Message content:-
#DFB33291    34116
PACK HX TEMP    30556    31425
PACK FLOW        9886    10595
WING ANTI ICE  OFF
LT  ISO VLV    CLS
RT  ISO VLV    CLS
CTR ISO VLV    OPN

TRIGGER CODE   0000

STATUS WORDS  DW1  DW
-------------------------------------------------------[2024-06-21 07:55:43.325]

SOURCE: AIR
RX_ID: 7, Freq: 131.725MHz
Mode: E NACKLabel: H1 Block ID: 1, Msg No: D29E
Flight ID: DL9900 REG: N829MH


Message content:-
#DFB2  DW3  DW4  DW5  DW6  DW7  DW8  EICAS
LEFT          0000 0001 0000 0000 0000 0000 1040 0000 0000
RIGHT         0000 0001 0000 0000 0000 0000 1040 0000 0000

-------------------------------------------------------[2024-06-21 07:55:47.200]

SOURCE: AIR
RX_ID: 8, Freq: 131.725MHz
Mode: E NACKLabel: B9 Block ID: 2, Msg No: L09A
Flight ID: DL9900 REG: N829MH


Message content:-
/LFMN.TI2/024LFMNC6228
-------------------------------------------------------[2024-06-21 07:56:10.350]

SOURCE: AIR
RX_ID: 9, Freq: 131.725MHz
Mode: E ACK, A2GLabel: B9 Block ID: 2, Msg No: L09A
Flight ID: DL9900 REG: N829MH


Message content:-
/LFMN.TI2/024LFMNC6228
-------------------------------------------------------[2024-06-21 07:56:15.066]

SOURCE: AIR
RX_ID: 10, Freq: 131.725MHz
Mode: E NACKLabel: B9 Block ID: 2, Msg No: L09A
Flight ID: DL9900 REG: N829MH


Message content:-
/LFMN.TI2/024LFMNC6228
-------------------------------------------------------[2024-06-21 07:56:27.542]

SOURCE: AIR
RX_ID: 11, Freq: 131.725MHz
Mode: E NACKLabel: B9 Block ID: 2, Msg No: L09A
Flight ID: DL9900 REG: N829MH


Message content:-
/LFMN.TI2/024LFMNC6228
-------------------------------------------------------[2024-06-21 07:56:35.735]

SOURCE: AIR
RX_ID: 12, Freq: 131.725MHz
Mode: E NACKLabel: H1 Block ID: 5, Msg No: D30A
Flight ID: DL9900 REG: N829MH


Message content:-
#DFB/WX02EN21KJFKLFMN
N43950E00579207551957M1851990590XXXX20::B0/9W
N43886E00586807561808M1452020610XXXX20::30IH-
N43826E00594507571655M1152040590XXXX20::ZGYY(
N43779E00604207581528M0701960500XXXX20::IP/9W
-------------------------------------------------------[2024-06-21 08:00:28.624]

SOURCE: AIR
RX_ID: 13, Freq: 131.725MHz
Mode: E NACKLabel: H1 Block ID: 7, Msg No: D31A
Flight ID: DL9900 REG: N829MH


Message content:-
#DFB239N1805 9900062124080006470 4369   623116 12  0197 37XX-223 24320
 252 28900711301000AX/9WKJFKLFMN
-------------------------------------------------------[2024-06-21 08:00:42.961]

SOURCE: AIR
RX_ID: 14, Freq: 131.825MHz
Mode: 2 NACKLabel: 44 Block ID: 0, Msg No: M28A
Flight ID: GS404B REG: CSDLG


Message content:-
02N;E,3Irm-Q)9X,,93))I0,,IvX:vIvksqI,9-3I,A33I,AQmI3,T-$
-------------------------------------------------------[2024-06-21 08:11:09.436]

SOURCE: AIR
RX_ID: 15, Freq: 131.725MHz
Mode: E NACKLabel: 4H Block ID: 0, Msg No: M85A
Flight ID: DL0173 REG: N845MH


Message content:-
21084H LFMN KJFK6
  
WPR RESET





-------------------------------------------------------[2024-06-21 08:30:49.316]

SOURCE: AIR
RX_ID: 16, Freq: 131.725MHz
Mode: E NACKLabel: H1 Block ID: 3, Msg No: F42A
Flight ID: DL0173 REG: N845MH


Message content:-
#M2BPOSN44574E004308,ETR02,083210,320,NOQ03,083413,LER04,M42,17968,1038,801500C
-------------------------------------------------------[2024-06-21 08:32:13.064]

SOURCE: AIR
RX_ID: 17, Freq: 131.725MHz
Mode: G NACKLabel: H1 Block ID: 3, Msg No: F62A
Flight ID: SS0985 REG: F-HSKY


Message content:-
#M1B/ORYCASS ORYCZSS.RESREQ/AK,115/GAORYCASS.ORYCZSS/TS083643,210624825D
-------------------------------------------------------[2024-06-21 08:36:46.257]

SOURCE: AIR
RX_ID: 18, Freq: 131.725MHz
Mode: G NACKLabel: B9 Block ID: 5, Msg No: J93A
Flight ID: SS0985 REG: F-HSKY


Message content:-
/LFPO.TI2/000LFPOA162B
-------------------------------------------------------[2024-06-21 08:40:23.791]

SOURCE: AIR
RX_ID: 19, Freq: 131.725MHz
Mode: X NACKLabel: H1 Block ID: 1, Msg No: D68A
Flight ID: DL0233 REG: N176DZ


Message content:-
#DFB239      ----062124080702800 4107  1281279 -2-33192 1912-167106520
 317 490 12930490       --- --- 
-------------------------------------------------------[2024-06-21 08:54:10.573]

SOURCE: AIR
RX_ID: 20, Freq: 131.725MHz
Mode: X NACKLabel: 4H Block ID: 2, Msg No: M94A
Flight ID: DL0233 REG: N176DZ


Message content:-
21084H LIRN KJFK6
  
WPR RESET





-------------------------------------------------------[2024-06-21 08:54:56.256]

SOURCE: AIR
RX_ID: 21, Freq: 131.725MHz
Mode: X NACKLabel: H1 Block ID: 4, Msg No: F50A
Flight ID: DL0233 REG: N176DZ


Message content:-
#M1BREJPOS,085513,130,219,RF101,PNZA3F9
-------------------------------------------------------[2024-06-21 08:55:17.754]

SOURCE: AIR
RX_ID: 22, Freq: 131.725MHz
Mode: X NACKLabel: H1 Block ID: 4, Msg No: F50A
Flight ID: DL0233 REG: N176DZ


Message content:-
#M1BREJPOS,085513,130,219,RF101,PNZA3F9
-------------------------------------------------------[2024-06-21 08:55:29.017]

SOURCE: AIR
RX_ID: 23, Freq: 131.725MHz
Mode: X NACKLabel: H1 Block ID: 4, Msg No: F50A
Flight ID: DL0233 REG: N176DZ


Message content:-
#M1BREJPOS,085513,130,219,RF101,PNZA3F9
-------------------------------------------------------[2024-06-21 08:55:38.015]

SOURCE: AIR
RX_ID: 24, Freq: 131.725MHz
Mode: X ACK, A2GLabel: H1 Block ID: 5, Msg No: D69A
Flight ID: DL0233 REG: N176DZ


Message content:-
#DFB901      ----210624080703317280800 -2-33000010681051CL000000000000
00000000000000000000000000000000004008018063001320084070200302008CA30
000000000000000000000000000000000000000000000420801806300132008407
-------------------------------------------------------[2024-06-21 08:55:40.467]

SOURCE: AIR
RX_ID: 25, Freq: 131.725MHz
Mode: X NACKLabel: H1 Block ID: 6, Msg No: D69B
Flight ID: DL0233 REG: N176DZ


Message content:-
#DFB020
0302008CA312-167
-------------------------------------------------------[2024-06-21 08:55:45.403]

SOURCE: AIR
RX_ID: 26, Freq: 131.725MHz
Mode: X NACKLabel: H1 Block ID: 7, Msg No: D70A
Flight ID: DL0233 REG: N176DZ


Message content:-
#DFB901      ----210624080703317280800 -2-33000010681051CL000000000000
00000000000000000000000000000000004008018063001320084070200302008CA30
000000000000000000000000000000000000000000000420801806300132008407
-------------------------------------------------------[2024-06-21 08:56:30.862]

SOURCE: AIR
RX_ID: 27, Freq: 131.725MHz
Mode: X NACKLabel: H1 Block ID: 8, Msg No: D70B
Flight ID: DL0233 REG: N176DZ


Message content:-
#DFB020
0302008CA312-167
-------------------------------------------------------[2024-06-21 08:56:34.115]

SOURCE: AIR
RX_ID: 28, Freq: 131.725MHz
Mode: G NACKLabel: B9 Block ID: 8, Msg No: L15A
Flight ID: UA0272 REG: N666UA


Message content:-
/LFMN.TI2/024LFMNA426A
-------------------------------------------------------[2024-06-21 08:56:55.440]

SOURCE: AIR
RX_ID: 29, Freq: 131.725MHz
Mode: X NACKLabel: H1 Block ID: 9, Msg No: D71A
Flight ID: DL0233 REG: N176DZ


Message content:-
#DFB902      ----210624080703317280800 -2-33000010671071CL000000000000
00000000000000000000000000000000004208018063001320084070200282008C630
000000000000000000000000000000000000000000000400801806300132008407
-------------------------------------------------------[2024-06-21 08:57:48.870]

SOURCE: AIR
RX_ID: 30, Freq: 131.725MHz
Mode: X NACKLabel: H1 Block ID: 0, Msg No: D71B
Flight ID: DL0233 REG: N176DZ


Message content:-
#DFB020
0282008C6312-167
-------------------------------------------------------[2024-06-21 08:57:52.783]

SOURCE: AIR
RX_ID: 31, Freq: 131.725MHz
Mode: G NACKLabel: H1 Block ID: 2, Msg No: D18A
Flight ID: UA0272 REG: N666UA


Message content:-
#DFB36067303062124085712261393DESC      1101A02721KEWRLFMN727790727839
NGENEWLHPSOVOFHPSOV'''''4900000000LO LO 1900000000LO LO 4900000000LO 
LO 1900000000LO LO 4900000000LO LO 19 85 7611010C 211O 17111O 1610C
-------------------------------------------------------[2024-06-21 08:58:26.354]

SOURCE: AIR
RX_ID: 32, Freq: 131.725MHz
Mode: G NACKLabel: H1 Block ID: 3, Msg No: D18B
Flight ID: UA0272 REG: N666UA


Message content:-
#DFB36
9 85 8011010C 221O017110O 1610C3711 -44 368960.794 4.780000000024 83 
6911010C 191O 16111O 1510C363 84 7411010C 201O015111O 1510C3691 -44 3
68000.794 4.810000000029 83 6711010C 191O 15111O 1410C359 83
-------------------------------------------------------[2024-06-21 08:58:29.828]

SOURCE: AIR
RX_ID: 33, Freq: 131.725MHz
Mode: X NACKLabel: H1 Block ID: 1, Msg No: D72A
Flight ID: DL0233 REG: N176DZ


Message content:-
#DFB/WX02EN21LIRNKJFK
N41158E01267608082971M3721870270XXXX2000303QR

-------------------------------------------------------[2024-06-21 08:58:32.498]

SOURCE: AIR
RX_ID: 34, Freq: 131.725MHz
Mode: G NACKLabel: H1 Block ID: 4, Msg No: D18C
Flight ID: UA0272 REG: N666UA


Message content:-
#DFB 7311010C
 201O015111O 1410C3661 -44 366720.794 4.840000000034 84 6911010C 191O
 15111O 1510C357 83 7411010C 201O015111O 1410C3641 -44 365440.795 4.8
70000000039 84 7011010C 191O 15111O 1510C353 83 75110
-------------------------------------------------------[2024-06-21 08:58:33.924]

SOURCE: AIR
RX_ID: 35, Freq: 131.725MHz
Mode: G NACKLabel: H1 Block ID: 5, Msg No: D18D
Flight ID: UA0272 REG: N666UA


Message content:-
#DFB10C 201O015111O 
1410C3611 -45 364160.802 4.930000000044 84 7111010C 191O 16111O 1510C
351 83 7511010C 201O015111O 1510C3571 -45 363200.805 4.970000000049 8
4 7111010C 191O 16111O 1510C348 83 7611010C 20
-------------------------------------------------------[2024-06-21 08:58:37.440]

SOURCE: AIR
RX_ID: 36, Freq: 131.725MHz
Mode: G NACKLabel: H1 Block ID: 6, Msg No: D18E
Flight ID: UA0272 REG: N666UA


Message content:-
#DFB1O016111O 1500C3551 -45
 362560.810 5.010000000054 84 7111010C 191O 16111O 1510C345 83 761101
0C 201O016111O 1500C3521 -45 361920.807 5.010000000059 84 7311010C 20
1O 16111O 1610C343 83 7611010C 201O0161
-------------------------------------------------------[2024-06-21 08:58:40.910]

SOURCE: AIR
RX_ID: 37, Freq: 131.725MHz
Mode: G NACKLabel: H1 Block ID: 7, Msg No: D18F
Flight ID: UA0272 REG: N666UA


Message content:-
#DFB11O 1500C3511 -45 361280.805 5
.010000000004 83 7211010C 191O 16111O 1500C341 83 7611010C 201O016111
O 1500C3471 -45 360960.803 5.010000000009 83 7211010C 201O 16111O 150
0C339 83 7711010C 211O016111O 15
-------------------------------------------------------[2024-06-21 08:58:45.005]

SOURCE: AIR
RX_ID: 38, Freq: 131.725MHz
Mode: G NACKLabel: H1 Block ID: 8, Msg No: D18G
Flight ID: UA0272 REG: N666UA


Message content:-
#DFB00C3431 -45 360320.799 5.010000000014
 83 7211010C 201O 16111O 1500C336 83 7711010C 211O016111O 1500C3411 -
45 359680.799 5.020000000019 83 7211010C 201O 16111O 1600C335 83 7711
010C 211O016111O 1500C339
-------------------------------------------------------[2024-06-21 08:58:48.483]

SOURCE: AIR
RX_ID: 39, Freq: 131.725MHz
Mode: G NACKLabel: H1 Block ID: 9, Msg No: D18H
Flight ID: UA0272 REG: N666UA


Message content:-
#DFB1 -45 358720.799 5.050000000024 83 7311010C 
201O 16111O 1600C332 83 7811010C 211O016111O 1500C3371 -45 357760.802
 5.090000000029 83 7311010C 201O 17111O 1600C331 83 7811010C 211O0161
11O 1500C3361 -45 
-------------------------------------------------------[2024-06-21 08:58:52.358]

SOURCE: AIR
RX_ID: 40, Freq: 131.725MHz
Mode: G NACKLabel: H1 Block ID: 0, Msg No: D18I
Flight ID: UA0272 REG: N666UA


Message content:-
#DFB356800.805 5.120000000034 83 7311010C 201O 17111O 1
600C330 83 7811010C 211O016111O 1500C3331 -44 356160.803 5.1300000000
39 83 7411010C 201O 17111O 1600C328 84 7911010C 211O016111O 1500C3321
 -44 355520
-------------------------------------------------------[2024-06-21 08:58:56.050]

SOURCE: AIR
RX_ID: 41, Freq: 131.725MHz
Mode: G NACKLabel: H1 Block ID: 1, Msg No: D18J
Flight ID: UA0272 REG: N666UA


Message content:-
#DFB.804 5.150000000044 83 7411010C 201O 17111O 1600C327 84 79
11010C 211O016111O 1500C3301 -44 354880.806 5.180000000049 83 7411010
C 201O 17111O 1600C325 83 7911010C 211O016111O 1600C3291 -44 354240.8
12 5
-------------------------------------------------------[2024-06-21 08:58:59.962]

SOURCE: AIR
RX_ID: 42, Freq: 131.725MHz
Mode: G NACKLabel: H1 Block ID: 1, Msg No: D18J
Flight ID: UA0272 REG: N666UA


Message content:-
#DFB.804 5.150000000044 83 7411010C 201O 17111O 1600C327 84 79
11010C 211O016111O 1500C3301 -44 354880.806 5.180000000049 83 7411010
C 201O 17111O 1600C325 83 7911010C 211O016111O 1600C3291 -44 354240.8
12 5
-------------------------------------------------------[2024-06-21 08:59:11.412]

SOURCE: AIR
RX_ID: 43, Freq: 131.725MHz
Mode: G NACKLabel: H1 Block ID: 2, Msg No: D18K
Flight ID: UA0272 REG: N666UA


Message content:-
#DFB.230000000049408002D0BF6000400000400005D0BF200040200019408002C0BF
6000400000400005C0BF200040200049408002C0BF600040000040000580BF6000402
0001940800280BF600040000040000580BF60004020004940800280BF60004000004
-------------------------------------------------------[2024-06-21 08:59:15.324]

SOURCE: AIR
RX_ID: 44, Freq: 131.725MHz
Mode: G NACKLabel: H1 Block ID: 3, Msg No: D18L
Flight ID: UA0272 REG: N666UA


Message content:-
#DFB0
000580BF6000402000
-------------------------------------------------------[2024-06-21 08:59:18.395]

SOURCE: AIR
RX_ID: 45, Freq: 131.725MHz
Mode: G NACKLabel: H1 Block ID: 4, Msg No: D19A
Flight ID: UA0272 REG: N666UA


Message content:-
#DFB36067303062124085712261393DESC      1101A02721KEWRLFMN727790727839
NGENEWLHPSOVOFHPSOV'''''4900000000LO LO 1900000000LO LO 4900000000LO 
LO 1900000000LO LO 4900000000LO LO 19 85 7611010C 211O 17111O 1610C
-------------------------------------------------------[2024-06-21 08:59:26.368]

SOURCE: AIR
RX_ID: 46, Freq: 131.725MHz
Mode: G NACKLabel: H1 Block ID: 5, Msg No: D19B
Flight ID: UA0272 REG: N666UA


Message content:-
#DFB36
9 85 8011010C 221O017110O 1610C3711 -44 368960.794 4.780000000024 83 
6911010C 191O 16111O 1510C363 84 7411010C 201O015111O 1510C3691 -44 3
68000.794 4.810000000029 83 6711010C 191O 15111O 1410C359 83
-------------------------------------------------------[2024-06-21 08:59:30.062]

SOURCE: AIR
RX_ID: 47, Freq: 131.725MHz
Mode: G NACKLabel: H1 Block ID: 6, Msg No: D19C
Flight ID: UA0272 REG: N666UA


Message content:-
#DFB 7311010C
 201O015111O 1410C3661 -44 366720.794 4.840000000034 84 6911010C 191O
 15111O 1510C357 83 7411010C 201O015111O 1410C3641 -44 365440.795 4.8
70000000039 84 7011010C 191O 15111O 1510C353 83 75110
-------------------------------------------------------[2024-06-21 08:59:33.939]

SOURCE: AIR
RX_ID: 48, Freq: 131.725MHz
Mode: G NACKLabel: H1 Block ID: 7, Msg No: D19D
Flight ID: UA0272 REG: N666UA


Message content:-
#DFB10C 201O015111O 
1410C3611 -45 364160.802 4.930000000044 84 7111010C 191O 16111O 1510C
351 83 7511010C 201O015111O 1510C3571 -45 363200.805 4.970000000049 8
4 7111010C 191O 16111O 1510C348 83 7611010C 20
-------------------------------------------------------[2024-06-21 08:59:37.851]

SOURCE: AIR
RX_ID: 49, Freq: 131.725MHz
Mode: G ACK, A2GLabel: H1 Block ID: 7, Msg No: D19D
Flight ID: UA0272 REG: N666UA


Message content:-
#DFB10C 201O015111O 
1410C3611 -45 364160.802 4.930000000044 84 7111010C 191O 16111O 1510C
351 83 7511010C 201O015111O 1510C3571 -45 363200.805 4.970000000049 8
4 7111010C 191O 16111O 1510C348 83 7611010C 20
-------------------------------------------------------[2024-06-21 08:59:41.509]

SOURCE: AIR
RX_ID: 50, Freq: 131.725MHz
Mode: G ACK, A2GLabel: H1 Block ID: 8, Msg No: D19E
Flight ID: UA0272 REG: N666UA


Message content:-
#DFB1O016111O 1500C3551 -45
 362560.810 5.010000000054 84 7111010C 191O 16111O 1510C345 83 761101
0C 201O016111O 1500C3521 -45 361920.807 5.010000000059 84 7311010C 20
1O 16111O 1610C343 83 7611010C 201O0161
-------------------------------------------------------[2024-06-21 08:59:46.043]

SOURCE: AIR
RX_ID: 51, Freq: 131.725MHz
Mode: X NACKLabel: H1 Block ID: 4, Msg No: D74A
Flight ID: DL0233 REG: N176DZ


Message content:-
#DFB901      ----210624085338291320800-16-460000 911 970CL000000000000
00000000000000000000000000000000004008018063001320084070204302008CA30
000000000000000000000000000000000000000000000420801806300132008407
-------------------------------------------------------[2024-06-21 08:59:47.654]

SOURCE: AIR
RX_ID: 52, Freq: 131.725MHz
Mode: G NACKLabel: H1 Block ID: 0, Msg No: D19G
Flight ID: UA0272 REG: N666UA


Message content:-
#DFB00C3431 -45 360320.799 5.010000000014
 83 7211010C 201O 16111O 1500C336 83 7711010C 211O016111O 1500C3411 -
45 359680.799 5.020000000019 83 7211010C 201O 16111O 1600C335 83 7711
010C 211O016111O 1500C339
-------------------------------------------------------[2024-06-21 08:59:53.798]

SOURCE: AIR
RX_ID: 53, Freq: 131.725MHz
Mode: G NACKLabel: H1 Block ID: 1, Msg No: F46A
Flight ID: UA0272 REG: N666UA


Message content:-
#M1BPOSN44297E005044,NISAR,085953,339,XIRBI,090125,DOTIG,M46,19276,171,800/TS085953,2106244E24
-------------------------------------------------------[2024-06-21 08:59:57.308]

SOURCE: AIR
RX_ID: 54, Freq: 131.725MHz
Mode: G NACKLabel: H1 Block ID: 2, Msg No: D19H
Flight ID: UA0272 REG: N666UA


Message content:-
#DFB1 -45 358720.799 5.050000000024 83 7311010C 
201O 16111O 1600C332 83 7811010C 211O016111O 1500C3371 -45 357760.802
 5.090000000029 83 7311010C 201O 17111O 1600C331 83 7811010C 211O0161
11O 1500C3361 -45 
-------------------------------------------------------[2024-06-21 09:00:00.965]

SOURCE: AIR
RX_ID: 55, Freq: 131.725MHz
Mode: G NACKLabel: H1 Block ID: 3, Msg No: D19I
Flight ID: UA0272 REG: N666UA


Message content:-
#DFB356800.805 5.120000000034 83 7311010C 201O 17111O 1
600C330 83 7811010C 211O016111O 1500C3331 -44 356160.803 5.1300000000
39 83 7411010C 201O 17111O 1600C328 84 7911010C 211O016111O 1500C3321
 -44 355520
-------------------------------------------------------[2024-06-21 09:00:04.660]

SOURCE: AIR
RX_ID: 56, Freq: 131.725MHz
Mode: G NACKLabel: H1 Block ID: 4, Msg No: D19J
Flight ID: UA0272 REG: N666UA


Message content:-
#DFB.804 5.150000000044 83 7411010C 201O 17111O 1600C327 84 79
11010C 211O016111O 1500C3301 -44 354880.806 5.180000000049 83 7411010
C 201O 17111O 1600C325 83 7911010C 211O016111O 1600C3291 -44 354240.8
12 5
-------------------------------------------------------[2024-06-21 09:00:08.134]

SOURCE: AIR
RX_ID: 57, Freq: 131.725MHz
Mode: G NACKLabel: H1 Block ID: 5, Msg No: D19K
Flight ID: UA0272 REG: N666UA


Message content:-
#DFB.230000000049408002D0BF6000400000400005D0BF200040200019408002C0BF
6000400000400005C0BF200040200049408002C0BF600040000040000580BF6000402
0001940800280BF600040000040000580BF60004020004940800280BF60004000004
-------------------------------------------------------[2024-06-21 09:00:12.047]

SOURCE: AIR
RX_ID: 58, Freq: 131.725MHz
Mode: G NACKLabel: H1 Block ID: 6, Msg No: D19L
Flight ID: UA0272 REG: N666UA


Message content:-
#DFB0
000580BF6000402000
-------------------------------------------------------[2024-06-21 09:00:15.118]

SOURCE: AIR
RX_ID: 59, Freq: 131.725MHz
Mode: X NACKLabel: H1 Block ID: 6, Msg No: D75A
Flight ID: DL0233 REG: N176DZ


Message content:-
#DFB902      ----210624085338291320800-16-460000 911 981CL000000000000
00000000000000000000000000000000004208018063001320084070204282008C630
000000000000000000000000000000000000000000000400801806300132008407
-------------------------------------------------------[2024-06-21 09:00:34.575]

SOURCE: AIR
RX_ID: 60, Freq: 131.725MHz
Mode: X NACKLabel: H1 Block ID: 7, Msg No: D75B
Flight ID: DL0233 REG: N176DZ


Message content:-
#DFB020
0282008C6312-167
-------------------------------------------------------[2024-06-21 09:00:38.268]

SOURCE: AIR
RX_ID: 61, Freq: 131.725MHz
Mode: X NACKLabel: H1 Block ID: 8, Msg No: D76A
Flight ID: DL0233 REG: N176DZ


Message content:-
#DFB901      ----210624085501290320799-16-450000 910 970CR000000000000
00000000000000000000000000000000004008018063001320084070204302008CA30
000000000000000000000000000000000000000000000420801806300132008407
-------------------------------------------------------[2024-06-21 09:00:54.031]

SOURCE: AIR
RX_ID: 62, Freq: 131.725MHz
Mode: X NACKLabel: H1 Block ID: 4, Msg No: F51A
Flight ID: DL0233 REG: N176DZ


Message content:-
#M1BREJPOS,090206,130,219,RF101,PNZ5EF9
-------------------------------------------------------[2024-06-21 09:02:09.992]

SOURCE: AIR
RX_ID: 63, Freq: 131.725MHz
Mode: G NACKLabel: H1 Block ID: 7, Msg No: F47A
Flight ID: UA0272 REG: N666UA


Message content:-
#M1BPRG/TS090441,210624/DTLFMN,22R, 15,092231,048/FNUAL2721497
-------------------------------------------------------[2024-06-21 09:04:43.409]

SOURCE: AIR
RX_ID: 64, Freq: 131.725MHz
Mode: E NACKLabel: B9 Block ID: 3, Msg No: J99A
Flight ID: TS0308 REG: C-GTSD


Message content:-
/LIRF.TI2/000LIRFA163D
-------------------------------------------------------[2024-06-21 09:15:25.870]

SOURCE: AIR
RX_ID: 65, Freq: 131.725MHz
Mode: E NACKLabel: H1 Block ID: 5, Msg No: D01A
Flight ID: DL0025 REG: N836MH


Message content:-
#DFB/WX02EN21LFMNKATL
N44010E00677009211633M0802000630XXXX24::IP/9W
N44095E00666709221790M1201950670XXXX24::RGNXW
N44176E00655509232004M1801990760XXXX24::ZGW/X
N44260E00643609242112M2001930830XXXX24::J820)
-------------------------------------------------------[2024-06-21 09:27:10.183]

SOURCE: AIR
RX_ID: 66, Freq: 131.725MHz
Mode: E NACKLabel: H1 Block ID: 5, Msg No: D01A
Flight ID: DL0025 REG: N836MH


Message content:-
#DFB/WX02EN21LFMNKATL
N44010E00677009211633M0802000630XXXX24::IP/9W
N44095E00666709221790M1201950670XXXX24::RGNXW
N44176E00655509232004M1801990760XXXX24::ZGW/X
N44260E00643609242112M2001930830XXXX24::J820)
-------------------------------------------------------[2024-06-21 09:27:18.996]

SOURCE: AIR
RX_ID: 67, Freq: 131.725MHz
Mode: E NACKLabel: H1 Block ID: 6, Msg No: D01B
Flight ID: DL0025 REG: N836MH


Message content:-
#DFB
N44334E00629609252183M2221920840XXXX24::2H9B(
N44402E00613909262307M2501930830XXXX2400B8PSZ

-------------------------------------------------------[2024-06-21 09:27:22.288]

SOURCE: AIR
RX_ID: 68, Freq: 131.725MHz
Mode: X NACKLabel: H1 Block ID: 5, Msg No: F22A
Flight ID: UA0965 REG: N676UA


Message content:-
#M2BPOSN45005E004300,ETR11,093015,340,NOQ12,093207,LER13,M42,19958,928,791/DTKEWR,22L, 16,174159,/TS093015,21062401EE
-------------------------------------------------------[2024-06-21 09:30:17.579]

SOURCE: AIR
RX_ID: 69, Freq: 131.725MHz
Mode: X NACKLabel: B9 Block ID: 7, Msg No: L14A
Flight ID: DL0024 REG: N825MH


Message content:-
/LFMN.TI2/024LFMNA426A
-------------------------------------------------------[2024-06-21 09:33:27.021]

SOURCE: AIR
RX_ID: 70, Freq: 131.725MHz
Mode: E NACKLabel: H1 Block ID: 5, Msg No: D02A
Flight ID: DL0025 REG: N836MH


Message content:-
#DFB239N1812 0025062124093348794 4487   495299-12-41189 82XX-223121720
 301 49600882893410B8/9WLFMNKATL
-------------------------------------------------------[2024-06-21 09:34:07.395]

SOURCE: AIR
RX_ID: 71, Freq: 131.725MHz
Mode: E NACKLabel: H1 Block ID: 5, Msg No: D02A
Flight ID: DL0025 REG: N836MH


Message content:-
#DFB239N1812 0025062124093348794 4487   495299-12-41189 82XX-223121720
 301 49600882893410B8/9WLFMNKATL
-------------------------------------------------------[2024-06-21 09:34:15.151]

SOURCE: AIR
RX_ID: 72, Freq: 131.725MHz
Mode: E NACKLabel: H1 Block ID: 5, Msg No: D02A
Flight ID: DL0025 REG: N836MH


Message content:-
#DFB239N1812 0025062124093348794 4487   495299-12-41189 82XX-223121720
 301 49600882893410B8/9WLFMNKATL
-------------------------------------------------------[2024-06-21 09:34:27.438]

SOURCE: AIR
RX_ID: 73, Freq: 131.825MHz
Mode: 2 NACKLabel: H1 Block ID: 5, Msg No: D07A
Flight ID: NW0207 REG: N830NW


Message content:-
#DFB239179600301010098174
R39/A33039,1,1
239N830NW207 062124093456804 4401   675319-17-47194 79AB0510134000
 293 500 0032983500B8NXWLIRFKDTW
-------------------------------------------------------[2024-06-21 09:35:13.740]

SOURCE: AIR
RX_ID: 74, Freq: 131.725MHz
Mode: E NACKLabel: H1 Block ID: 6, Msg No: F25A
Flight ID: DL0025 REG: N836MH


Message content:-
#M2BPOSN44583E004276,ETR01,093641,300,NOQ02,093833,LERGA,M42,20350,1224,8068E4F
-------------------------------------------------------[2024-06-21 09:36:43.045]

SOURCE: AIR
RX_ID: 75, Freq: 131.725MHz
Mode: X NACKLabel: H1 Block ID: 1, Msg No: D34A
Flight ID: DL0024 REG: N825MH


Message content:-
#DFBENGINE BLEED REPORT

AID:N1801  DA:21/06    GMT:09:42    FNO:1654      ISFC: 1679
TAT:  06  SAT:-163   ALT: 18828   MACH:0572    FCNT: 1812
GW:312520  FLT:0024-1  MODE:DESC    SID:AK-67-223
S/N L:70700
-------------------------------------------------------[2024-06-21 09:42:39.804]

SOURCE: AIR
RX_ID: 76, Freq: 131.725MHz
Mode: X NACKLabel: H1 Block ID: 2, Msg No: D34B
Flight ID: DL0024 REG: N825MH


Message content:-
#DFB0         DEPART:KATL    DESTIN:LFMN
S/N R:707000

               ENG L     ENG R
HPSOV          OPN       OPN
PRV            OPN       OPN
PRSOV          OPN       OPN
FAV %            -369     -240
-------------------------------------------------------[2024-06-21 09:42:43.681]

SOURCE: AIR
RX_ID: 77, Freq: 131.725MHz
Mode: X NACKLabel: H1 Block ID: 2, Msg No: D34B
Flight ID: DL0024 REG: N825MH


Message content:-
#DFB0         DEPART:KATL    DESTIN:LFMN
S/N R:707000

               ENG L     ENG R
HPSOV          OPN       OPN
PRV            OPN       OPN
PRSOV          OPN       OPN
FAV %            -369     -240
-------------------------------------------------------[2024-06-21 09:42:54.763]

SOURCE: AIR
RX_ID: 78, Freq: 131.725MHz
Mode: X NACKLabel: H1 Block ID: 3, Msg No: D34C
Flight ID: DL0024 REG: N825MH


Message content:-
#DFB
N1 SPD          3850     3850
HI STG PRESS    4050     4050
INTERM PRESS1    3077     3102
INTERM PRESS2    3281     3350
STRUT OVHT     NRML      NRML
DUCT PRESS       2988     3063
P-COOL TEMP    
-------------------------------------------------------[2024-06-21 09:42:58.639]

SOURCE: AIR
RX_ID: 79, Freq: 131.725MHz
Mode: X NACKLabel: H1 Block ID: 4, Msg No: D34D
Flight ID: DL0024 REG: N825MH


Message content:-
#DFB36100    35709
PACK HX TEMP    33631    34113
PACK FLOW       10608    11547
WING ANTI ICE  OFF
LT  ISO VLV    CLS
RT  ISO VLV    CLS
CTR ISO VLV    OPN

TRIGGER CODE   0000

STATUS WORDS  DW1  DW
-------------------------------------------------------[2024-06-21 09:43:02.516]

SOURCE: AIR
RX_ID: 80, Freq: 131.725MHz
Mode: X NACKLabel: H1 Block ID: 5, Msg No: D34E
Flight ID: DL0024 REG: N825MH


Message content:-
#DFB2  DW3  DW4  DW5  DW6  DW7  DW8  EICAS
LEFT          0000 0001 0000 0000 0000 0000 1040 0000 0000
RIGHT         0000 0001 0000 0000 0000 0000 1040 0000 0000

-------------------------------------------------------[2024-06-21 09:43:05.808]

SOURCE: AIR
RX_ID: 81, Freq: 131.725MHz
Mode: X NACKLabel: H1 Block ID: 7, Msg No: D36A
Flight ID: DL0024 REG: N825MH


Message content:-
#DFB/WX02EN21KATLLFMN
N44007E00575709412136M2272080450XXXX20::RG20)
N43939E00584709421927M1772060390XXXX20::R8/9W
N43877E00595309431748M1401980440XXXX20::2HIH-
N43820E00605409441599M0921930480XXXX20::AP/9W
-------------------------------------------------------[2024-06-21 09:46:23.844]

SOURCE: AIR
RX_ID: 82, Freq: 131.725MHz
Mode: E NACKLabel: 16 Block ID: 0, Msg No: M65A
Flight ID: SN037K REG: OO-SFC


Message content:-
21JUN24,1051,N 44.442,E  3.153,34996,1727,123080
-------------------------------------------------------[2024-06-21 10:51:40.683]

SOURCE: AIR
RX_ID: 83, Freq: 131.725MHz
Mode: X NACKLabel: H1 Block ID: 3, Msg No: D70A
Flight ID: KL0535 REG: PH-AOE


Message content:-
#DFB(POS-KLM535  -4335N00521E/105447 F370
RMK/FUEL  50.0 M0.80)
-------------------------------------------------------[2024-06-21 10:55:01.389]

SOURCE: AIR
RX_ID: 84, Freq: 131.725MHz
Mode: X NACKLabel: 20 Block ID: 4, Msg No: M35A
Flight ID: KL0535 REG: PH-AOE


Message content:-
RST36A21105512KLM535  EHAMHRYR
-------------------------------------------------------[2024-06-21 10:55:18.613]

SOURCE: AIR
RX_ID: 85, Freq: 131.725MHz
Mode: E NACKLabel: 83 Block ID: 0, Msg No: M04A
Flight ID: GS0001 REG: OEGPP


Message content:-
001PR21110002N4404.3E00657.92134110064
-------------------------------------------------------[2024-06-21 11:00:04.092]

SOURCE: AIR
RX_ID: 86, Freq: 131.725MHz
Mode: G NACKLabel: H1 Block ID: 5, Msg No: C06A
Flight ID: E10035 REG: F-UJCM


Message content:-
#CFB.1/WRN/WN2406211121  383100506MAINTENANCE STATUS      TOILET
-------------------------------------------------------[2024-06-21 11:21:48.283]

SOURCE: AIR
RX_ID: 87, Freq: 131.725MHz
Mode: E NACKLabel: 26 Block ID: 9, Msg No: M41A
Flight ID: QA0004 REG: A7-AAG


Message content:-
000412-1258-XF7ILIEE0B4E-X1L6IJIIE0:  -FX7I:E:99-6,IIIE:2U94-FGPICCCCCCC-K1TI59-J7FI U :
-------------------------------------------------------[2024-06-21 11:35:23.618]

SOURCE: AIR
RX_ID: 88, Freq: 131.725MHz
Mode: E NACKLabel: 2K Block ID: 1, Msg No: M43A
Flight ID: QA0004 REG: A7-AAG


Message content:-
000432-1298-.J,7IXK(L-J7FI U49-K1TI5E
-------------------------------------------------------[2024-06-21 11:37:34.110]

SOURCE: AIR
RX_ID: 89, Freq: 131.725MHz
Mode: E NACKLabel: H1 Block ID: 3, Msg No: F63A
Flight ID: UA0273 REG: N666UA


Message content:-
#M1BPOSN44362E005414,KOTIT,113925,314,ETREK,114602,NOQAS,M42,19262,1051,810/TS113925,2106240588
-------------------------------------------------------[2024-06-21 11:39:27.338]

SOURCE: AIR
RX_ID: 90, Freq: 131.725MHz
Mode: E NACKLabel: 26 Block ID: 2, Msg No: M44A
Flight ID: QA0004 REG: A7-AAG


Message content:-
000442-1241YEISA0A66BQG3YEO0KACAA6B,6GYIESAPPWW,YK7AAA61NPG1YIH4A(((((((YUOJAWPYCSIANQ31
-------------------------------------------------------[2024-06-21 11:39:33.701]

SOURCE: AIR
RX_ID: 91, Freq: 131.725MHz
Mode: E NACKLabel: 26 Block ID: 3, Msg No: M45A
Flight ID: QA0004 REG: A7-AAG


Message content:-
000452-1283-HGBKOK  C2MM-HRO(K.KK0C2 0-GHBKLLJWD-(9KKK 07M07-GF6KAAAAAAA-8RSKDM-.BGK2M70
-------------------------------------------------------[2024-06-21 11:41:38.654]

SOURCE: AIR
RX_ID: 92, Freq: 131.725MHz
Mode: E NACKLabel: H1 Block ID: 4, Msg No: D31A
Flight ID: UA0273 REG: N666UA


Message content:-
#DFB36067303062124114036751855CRS       1101A02731LFMNKEWR727790727839
NGENEWCRS  TRIGGER -----1500000000LO LO 4500000000LO LO 1500000000LO 
LO 4500000000LO LO 1500000000LO LO 45 9517510010C 451O 38110P 3610P
-------------------------------------------------------[2024-06-21 11:41:57.307]

SOURCE: AIR
RX_ID: 93, Freq: 131.725MHz
Mode: E NACKLabel: H1 Block ID: 5, Msg No: D31B
Flight ID: UA0273 REG: N666UA


Message content:-
#DFB37
4 9618410010C 471O038110P 3510P3761 -42 316160.752 5.890000000050 951
7510010C 451O 38110P 3610P374 9618410010C 471O038110P 3510P3761 -42 3
16480.751 5.880000000055 9517510010C 451O 38110P 3610P374 96
-------------------------------------------------------[2024-06-21 11:42:01.188]

SOURCE: AIR
RX_ID: 94, Freq: 131.725MHz
Mode: E NACKLabel: H1 Block ID: 6, Msg No: D31C
Flight ID: UA0273 REG: N666UA


Message content:-
#DFB18410010C
 471O038110P 3510P3761 -42 316800.755 5.890000000000 9517510010C 451O
 38110P 3610P374 9618410010C 471O038110P 3510P3761 -42 317120.755 5.8
80000000005 9517510010C 451O 38110P 3610P374 96184100
-------------------------------------------------------[2024-06-21 11:42:04.668]

SOURCE: AIR
RX_ID: 95, Freq: 131.725MHz
Mode: E NACKLabel: H1 Block ID: 7, Msg No: D31D
Flight ID: UA0273 REG: N666UA


Message content:-
#DFB10C 471O038110P 
3510P3761 -42 317120.761 5.920000000010 9517610010C 451O 38110P 3610P
374 9618410010C 471O038110P 3510P3761 -42 317440.764 5.920000000015 9
517610010C 451O 38110P 3610P374 9618510010C 47
-------------------------------------------------------[2024-06-21 11:42:08.142]

SOURCE: AIR
RX_ID: 96, Freq: 131.725MHz
Mode: E NACKLabel: H1 Block ID: 8, Msg No: D31E
Flight ID: UA0273 REG: N666UA


Message content:-
#DFB1O038110P 3510P3761 -42
 317760.769 5.940000000020 9517610010C 451O 39110P 3610P374 961851001
0C 471O038110P 3510P3761 -42 318080.775 5.960000000025 9517210010C 44
1O 38110P 3610P372 9518210010C 471O0381
-------------------------------------------------------[2024-06-21 11:42:11.836]

SOURCE: AIR
RX_ID: 97, Freq: 131.725MHz
Mode: E NACKLabel: H1 Block ID: 9, Msg No: D31F
Flight ID: UA0273 REG: N666UA


Message content:-
#DFB10P 3510P3761 -42 318720.778 5
.970000000030 9517510010C 451O 38110P 3510P372 9618410010C 471O038110
P 3510P3751 -42 319360.777 5.940000000035 9617610010C 451O 38110P 361
0P371 9618510010C 471O038110P 35
-------------------------------------------------------[2024-06-21 11:42:15.533]

SOURCE: AIR
RX_ID: 98, Freq: 131.725MHz
Mode: E NACKLabel: H1 Block ID: 0, Msg No: D31G
Flight ID: UA0273 REG: N666UA


Message content:-
#DFB10P3751 -42 320000.779 5.940000000040
 9517610010C 451O 38110P 3610P372 9618510010C 471O038110P 3510P3761 -
42 320000.783 5.960000000045 9416710010C 431O 37110P 3510P372 9517510
010C 451O037110P 3510P376
-------------------------------------------------------[2024-06-21 11:42:19.011]

SOURCE: AIR
RX_ID: 99, Freq: 131.725MHz
Mode: E NACKLabel: H1 Block ID: 1, Msg No: D31H
Flight ID: UA0273 REG: N666UA


Message content:-
#DFB1 -42 320000.789 5.990000000050 9416210010C 
421O 36110P 3410P371 9417010010C 441O036110P 3410P3751 -42 320000.794
 6.030000000055 9315610010C 411O 35110P 3410P370 9316310010C 421O0341
10P 3310P3751 -42 
-------------------------------------------------------[2024-06-21 11:42:22.919]

SOURCE: AIR
RX_ID: 100, Freq: 131.725MHz
Mode: E NACKLabel: H1 Block ID: 2, Msg No: D31I
Flight ID: UA0273 REG: N666UA


Message content:-
#DFB320000.799 6.050000000000 9215410010C 381O 34110P 3
310P369 9316110010C 401O034110P 3310P3751 -42 320000.802 6.0800000000
05 9315410010C 381O 34110P 3310P368 9316110010C 401O034110P 3310P3751
 -42 320000
-------------------------------------------------------[2024-06-21 11:42:27.202]

SOURCE: AIR
RX_ID: 101, Freq: 131.725MHz
Mode: E NACKLabel: H1 Block ID: 3, Msg No: D31J
Flight ID: UA0273 REG: N666UA


Message content:-
#DFB.808 6.110000000010 9214710010C 371O 34110O 3210P368 92154
10010C 381O033110P 3210P3751 -41 320000.811 6.130000000015 9114110010
C 361O 32110O 3110P368 9114710010C 371O032110P 3110P3751 -41 320000.8
12 6
-------------------------------------------------------[2024-06-21 11:42:30.892]

SOURCE: AIR
RX_ID: 102, Freq: 131.725MHz
Mode: E NACKLabel: H1 Block ID: 4, Msg No: D31K
Flight ID: UA0273 REG: N666UA


Message content:-
#DFB.140000000015408002D09F3000402000400005D09F300040000045408002D09F
3000402000400005D09F300040000015408002D09F3000402000400005D09F3000400
00045408002D09F3000402000400005D09F300040000015408002D09F20004020004
-------------------------------------------------------[2024-06-21 11:42:34.368]

SOURCE: AIR
RX_ID: 103, Freq: 131.725MHz
Mode: E NACKLabel: H1 Block ID: 5, Msg No: D31L
Flight ID: UA0273 REG: N666UA


Message content:-
#DFB0
0005D09F3000400000
-------------------------------------------------------[2024-06-21 11:42:37.257]

SOURCE: AIR
RX_ID: 104, Freq: 131.725MHz
Mode: E NACKLabel: 26 Block ID: 4, Msg No: M46A
Flight ID: QA0004 REG: A7-AAG


Message content:-
000462-1223-HGBKOK LCD32-HRO(K.KK0C  L-GHBKMD7J2-(9KKK LL777-GF6KAAAAAAA-8RSKDM-.BGK2M70
-------------------------------------------------------[2024-06-21 11:43:43.832]

SOURCE: AIR
RX_ID: 105, Freq: 131.725MHz
Mode: E NACKLabel: H1 Block ID: 6, Msg No: D32A
Flight ID: UA0273 REG: N666UA


Message content:-
#DFBE31C03N660273LFMNKEWR0621241144AP
110:1400:3300
 92.0:2972: 31
 96.1:3111: 32
103.1:2964: 37
1200HYDRAULIC'CRUISE END      

-------------------------------------------------------[2024-06-21 11:44:24.352]

SOURCE: AIR
RX_ID: 106, Freq: 131.825MHz
Mode: 2 NACKLabel: 15 Block ID: 5, Msg No: M34A
Flight ID: BA0082 REG: G-RAES


Message content:-
FST01DNAAEGLLN433001E0051542400 124 298 M45C 4423134234850511600013041145
-------------------------------------------------------[2024-06-21 11:45:21.921]

SOURCE: AIR
RX_ID: 107, Freq: 131.725MHz
Mode: E NACKLabel: 26 Block ID: 5, Msg No: M47A
Flight ID: QA0004 REG: A7-AAG


Message content:-
000472-1266L6 RY4YGHMCGFL634(Y,YYFMDQHL 6RYIGEQFL(ZYYYHCHCDFL V2YNNNNNNNL)3/YBJL,R YJIQF
-------------------------------------------------------[2024-06-21 11:45:48.764]

SOURCE: AIR
RX_ID: 108, Freq: 131.825MHz
Mode: 2 NACKLabel: H1 Block ID: 7, Msg No: F92A
Flight ID: BA0082 REG: G-RAES


Message content:-
#M1BPRG/TS114548,210624/DTEGLL,27R,153,130432,/PR4197,344,400,279,,106,0,,,50,P30,P0,,,,,,,M37A6F1
-------------------------------------------------------[2024-06-21 11:45:50.814]

SOURCE: AIR
RX_ID: 109, Freq: 131.725MHz
Mode: E NACKLabel: 83 Block ID: 7, Msg No: M48A
Flight ID: GS0001 REG: CSCLD


Message content:-
001PR21114717N4504.1E00536.23535060105
-------------------------------------------------------[2024-06-21 11:47:18.688]

SOURCE: AIR
RX_ID: 110, Freq: 131.725MHz
Mode: E NACKLabel: 26 Block ID: 6, Msg No: M48A
Flight ID: QA0004 REG: A7-AAG


Message content:-
000482-1206L6 RY4YGHMDJHL634(Y,YYFMBFIL 6RYJCFGDL(ZYYYHDHDFQL V2YNNNNNNNL)3/YBJL,R YJIQF
-------------------------------------------------------[2024-06-21 11:47:53.708]

SOURCE: AIR
RX_ID: 111, Freq: 131.825MHz
Mode: 2 NACKLabel: B6 Block ID: 8, Msg No: F93A
Flight ID: BA0082 REG: G-RAES


Message content:-
/QUKAXBA.ADS.G-RAES071F1B101C9509C42D881D3E6F
-------------------------------------------------------[2024-06-21 11:48:36.900]

SOURCE: AIR
RX_ID: 112, Freq: 131.725MHz
Mode: E NACKLabel: B9 Block ID: 7, Msg No: J07A
Flight ID: QA0004 REG: A7-AAG


Message content:-
/LFMN.TI2/000LFMNA2428
-------------------------------------------------------[2024-06-21 11:49:56.389]

SOURCE: AIR
RX_ID: 113, Freq: 131.725MHz
Mode: E ACK, A2GLabel: 26 Block ID: 8, Msg No: M49A
Flight ID: QA0004 REG: A7-AAG


Message content:-
000492-1248-XF7ILIE:0B4 -X1L6IJIIB0 S9-FX7I :2 B-6,III:E5S29-FGPICCCCCCC-K1TI5 -J7FI U49
-------------------------------------------------------[2024-06-21 11:50:01.289]

SOURCE: AIR
RX_ID: 114, Freq: 131.825MHz
Mode: 2 NACKLabel: H1 Block ID: 9, Msg No: O76A
Flight ID: BA0082 REG: G-RAES


Message content:-
#10BSB0122BA_G-RAES  DNAAEGLL 92
 44264 0044041153 39997-450237036010W/X011013
-------------------------------------------------------[2024-06-21 11:55:00.788]

SOURCE: AIR
RX_ID: 115, Freq: 131.825MHz
Mode: 2 NACKLabel: 15 Block ID: 0, Msg No: M35A
Flight ID: BA0082 REG: G-RAES


Message content:-
FST01DNAAEGLLN444513E0043350400 114 308 M45C 3423734334850111600013041155
-------------------------------------------------------[2024-06-21 11:55:23.902]

SOURCE: AIR
RX_ID: 116, Freq: 131.725MHz
Mode: X NACKLabel: 83 Block ID: 7, Msg No: M05A
Flight ID: UV0001 REG: DCEFE


Message content:-
001PR21115846N4417.2E00500.4370436    
-------------------------------------------------------[2024-06-21 11:58:48.333]

SOURCE: AIR
RX_ID: 117, Freq: 131.725MHz
Mode: G NACKLabel: 16 Block ID: 7, Msg No: M49A
Flight ID: 7L6114 REG: 4K-BCI


Message content:-
120427,31988,,  74,N 44.667 E  5.076
-------------------------------------------------------[2024-06-21 12:04:29.584]

SOURCE: AIR
RX_ID: 118, Freq: 131.725MHz
Mode: E NACKLabel: H1 Block ID: 9, Msg No: D52A
Flight ID: DL0029 REG: N825MH


Message content:-
#DFB/WX02EN21LFMNKJFK
N44228E00634412322482M3001980600XXXX240001KH-

-------------------------------------------------------[2024-06-21 12:33:05.009]

SOURCE: AIR
RX_ID: 119, Freq: 131.725MHz
Mode: E NACKLabel: H1 Block ID: 1, Msg No: D54A
Flight ID: DL0029 REG: N825MH


Message content:-
#DFB/WX02EN21LFMNKJFK
N44303E00623012332627M3171960720XXXX24001Y/9W

-------------------------------------------------------[2024-06-21 12:34:17.128]

SOURCE: AIR
RX_ID: 120, Freq: 131.725MHz
Mode: E NACKLabel: H1 Block ID: 1, Msg No: D54A
Flight ID: DL0029 REG: N825MH


Message content:-
#DFB/WX02EN21LFMNKJFK
N44303E00623012332627M3171960720XXXX24001Y/9W

-------------------------------------------------------[2024-06-21 12:34:25.103]

SOURCE: AIR
RX_ID: 121, Freq: 131.725MHz
Mode: E NACKLabel: 4H Block ID: 4, Msg No: M74A
Flight ID: DL0029 REG: N825MH


Message content:-
21124H LFMN KJFK6
  
WPR RESET





-------------------------------------------------------[2024-06-21 12:37:34.777]

SOURCE: AIR
RX_ID: 122, Freq: 131.725MHz
Mode: E NACKLabel: H1 Block ID: 7, Msg No: D55A
Flight ID: DL0029 REG: N825MH


Message content:-
#DFB/WX02EN21LFMNKJFK
N44377E00610812342736M3351960830XXXX24::AXW/X
N44422E00596712352812M3601930710XXXX24::ZG/9W
N44517E00586112362940M3922000640XXXX24::30YY(
N44638E00579912372993M4021970610XXXX24::30/9W
-------------------------------------------------------[2024-06-21 12:40:05.708]

SOURCE: AIR
RX_ID: 123, Freq: 131.725MHz
Mode: E NACKLabel: H1 Block ID: 7, Msg No: D55A
Flight ID: DL0029 REG: N825MH


Message content:-
#DFB/WX02EN21LFMNKJFK
N44377E00610812342736M3351960830XXXX24::AXW/X
N44422E00596712352812M3601930710XXXX24::ZG/9W
N44517E00586112362940M3922000640XXXX24::30YY(
N44638E00579912372993M4021970610XXXX24::30/9W
-------------------------------------------------------[2024-06-21 12:40:18.800]

SOURCE: AIR
RX_ID: 124, Freq: 131.725MHz
Mode: E NACKLabel: H1 Block ID: 7, Msg No: D55A
Flight ID: DL0029 REG: N825MH


Message content:-
#DFB/WX02EN21LFMNKJFK
N44377E00610812342736M3351960830XXXX24::AXW/X
N44422E00596712352812M3601930710XXXX24::ZG/9W
N44517E00586112362940M3922000640XXXX24::30YY(
N44638E00579912372993M4021970610XXXX24::30/9W
-------------------------------------------------------[2024-06-21 12:40:26.809]

SOURCE: AIR
RX_ID: 125, Freq: 131.725MHz
Mode: E NACKLabel: H1 Block ID: 8, Msg No: D55B
Flight ID: DL0029 REG: N825MH


Message content:-
#DFB
N44766E00573712383038M4122000570XXXX24::3020)
N44899E00567412393141M4071920550XXXX2400B09B(

-------------------------------------------------------[2024-06-21 12:40:30.904]

SOURCE: AIR
RX_ID: 126, Freq: 131.725MHz
Mode: E NACKLabel: H1 Block ID: 8, Msg No: D55B
Flight ID: DL0029 REG: N825MH


Message content:-
#DFB
N44766E00573712383038M4122000570XXXX24::3020)
N44899E00567412393141M4071920550XXXX2400B09B(

-------------------------------------------------------[2024-06-21 12:40:40.123]

SOURCE: AIR
RX_ID: 127, Freq: 131.725MHz
Mode: 2 NACKLabel: H1 Block ID: 0, Msg No: F32A
Flight ID: ZD0000 REG: VTSDK


Message content:-
#M1B/.RESREQ/AK,115/TS124049,210624
-------------------------------------------------------[2024-06-21 12:40:48.721]

SOURCE: AIR
RX_ID: 128, Freq: 131.725MHz
Mode: E NACKLabel: H1 Block ID: 9, Msg No: D56A
Flight ID: DL0029 REG: N825MH


Message content:-
#DFB239N1801 0029062124123943768 4490   567314-13-40192 55XX-223107200
 282 50301283361400B09B(LFMNKJFK
-------------------------------------------------------[2024-06-21 12:40:49.922]

SOURCE: AIR
RX_ID: 129, Freq: 131.725MHz
Mode: 2 NACKLabel: H1 Block ID: 1, Msg No: F33A
Flight ID: ZD0000 REG: VTSDK


Message content:-
#M1B/.POS/TS124049,210624N43259E006493,,124049,310,LEGE,134149,,M42,21083,156,8FD9
-------------------------------------------------------[2024-06-21 12:40:52.190]

SOURCE: AIR
RX_ID: 130, Freq: 131.725MHz
Mode: 2 NACKLabel: H1 Block ID: 1, Msg No: F33A
Flight ID: ZD0000 REG: VTSDK


Message content:-
#M1B/.POS/TS124049,210624N43259E006493,,124049,310,LEGE,134149,,M42,21083,156,8FD9
-------------------------------------------------------[2024-06-21 12:41:04.702]

SOURCE: AIR
RX_ID: 131, Freq: 131.725MHz
Mode: E NACKLabel: H1 Block ID: 0, Msg No: F01A
Flight ID: DL0029 REG: N825MH


Message content:-
#M2BPOSN45011E005340,NED02,124113,320,LTP03,124429,BUL04,M44,19548,1077,810191E
-------------------------------------------------------[2024-06-21 12:41:15.745]

SOURCE: AIR
RX_ID: 132, Freq: 131.725MHz
Mode: 2 NACKLabel: B9 Block ID: 2, Msg No: M34A
Flight ID: ZD0000 REG: VTSDK


Message content:-
/LEBL.TI2/024LEBLA93E5
-------------------------------------------------------[2024-06-21 12:48:32.383]

SOURCE: AIR
RX_ID: 133, Freq: 131.525MHz
Mode: T NACKLabel: 2Z Block ID: 8, Msg No: M86A
Flight ID: AF7308 REG: F-GTAD


Message content:-
LFMN
-------------------------------------------------------[2024-06-21 13:06:03.889]

SOURCE: AIR
RX_ID: 134, Freq: 131.525MHz
Mode: T NACKLabel: 2F Block ID: 9, Msg No: M87A
Flight ID: AF7308 REG: F-GTAD


Message content:-
1307+4441+516/3350
-------------------------------------------------------[2024-06-21 13:07:19.046]

SOURCE: AIR
RX_ID: 135, Freq: 131.525MHz
Mode: T NACKLabel: 26 Block ID: 0, Msg No: M88A
Flight ID: AF7308 REG: F-GTAD


Message content:-
1313LFPGAF7308/211328LFMN04L
-------------------------------------------------------[2024-06-21 13:13:43.686]

SOURCE: AIR
RX_ID: 136, Freq: 131.525MHz
Mode: T NACKLabel: H1 Block ID: 1, Msg No: C16A
Flight ID: AF7308 REG: F-GTAD


Message content:-
#CFBFLR/FR24062113130038314106LAV D/IDTOILET
-------------------------------------------------------[2024-06-21 13:14:38.991]

SOURCE: AIR
RX_ID: 137, Freq: 131.525MHz
Mode: T NACKLabel: B9 Block ID: 2, Msg No: L13A
Flight ID: AF7308 REG: F-GTAD


Message content:-
/LFMN.TI2/064LFMNA83AC
-------------------------------------------------------[2024-06-21 13:15:31.211]

SOURCE: AIR
RX_ID: 138, Freq: 131.825MHz
Mode: 2 NACKLabel: 83 Block ID: 4, Msg No: M07A
Flight ID: GS0001 REG: DCSMC


Message content:-
001PR21134300N4507.3E00510.3310405    
-------------------------------------------------------[2024-06-21 13:43:02.950]

SOURCE: AIR
RX_ID: 139, Freq: 131.825MHz
Mode: 2 NACKLabel: 83 Block ID: 6, Msg No: M08A
Flight ID: GS0001 REG: DCSMC


Message content:-
001PR21135314N4410.2E00459.4219362    
-------------------------------------------------------[2024-06-21 13:53:17.153]

SOURCE: AIR
RX_ID: 140, Freq: 131.725MHz
Mode: E NACKLabel: 44 Block ID: 0, Msg No: M10A
Flight ID: GS0000 REG: YLARE


Message content:-
05JO4jd)]udCooXjj`jdd)9Cd)}"/])}"J_)jo9x)xdCu)xuCj)jxj7j
-------------------------------------------------------[2024-06-21 13:54:57.729]

SOURCE: AIR
RX_ID: 141, Freq: 131.825MHz
Mode: 2 NACKLabel: 83 Block ID: 8, Msg No: M09A
Flight ID: GS0001 REG: DCSMC


Message content:-
001PR21140329N4319.0E00512.1063256    
-------------------------------------------------------[2024-06-21 14:03:31.826]

SOURCE: AIR
RX_ID: 142, Freq: 131.825MHz
Mode: 2 NACKLabel: 5Z Block ID: 7, Msg No: M70A
Flight ID: AA0289 REG: N786AN


Message content:-
OS KDFW /FTM
S/RIVAK/1529/83/32
-------------------------------------------------------[2024-06-21 14:09:07.926]

SOURCE: AIR
RX_ID: 143, Freq: 131.825MHz
Mode: 2 NACKLabel: H1 Block ID: 0, Msg No: F28A
Flight ID: AA0289 REG: N786AN


Message content:-
#M2BPOSN44159E005139,KOT-04,140947,320,ETR-05,141643,NOQ-06,M40,23037,1962FC20
-------------------------------------------------------[2024-06-21 14:09:49.097]

SOURCE: AIR
RX_ID: 144, Freq: 131.825MHz
Mode: 2 NACKLabel: 5Z Block ID: 1, Msg No: M71A
Flight ID: AA0289 REG: N786AN


Message content:-
OS KDFW /FTM
S/SIVIR/1529/83/32
-------------------------------------------------------[2024-06-21 14:11:37.035]

SOURCE: AIR
RX_ID: 145, Freq: 131.725MHz
Mode: E NACKLabel: SA Block ID: 9, Msg No: M11A
Flight ID: DE04LM REG: D-ABOK


Message content:-
0EV144012V
-------------------------------------------------------[2024-06-21 14:40:13.741]

SOURCE: AIR
RX_ID: 146, Freq: 131.725MHz
Mode: 2 NACKLabel: SA Block ID: 2, Msg No: M12A
Flight ID: DE04LM REG: D-ABOK


Message content:-
0EV144448V
-------------------------------------------------------[2024-06-21 14:44:51.069]

SOURCE: AIR
RX_ID: 147, Freq: 131.725MHz
Mode: 2 NACKLabel: B9 Block ID: 5, Msg No: L05A
Flight ID: DE04LM REG: D-ABOK


Message content:-
/LEPA.TI2/024LEPAAC8BA
-------------------------------------------------------[2024-06-21 14:49:42.480]

SOURCE: AIR
RX_ID: 148, Freq: 131.725MHz
Mode: 2 NACKLabel: SA Block ID: 6, Msg No: M13A
Flight ID: DE04LM REG: D-ABOK


Message content:-
0EV144940V
-------------------------------------------------------[2024-06-21 14:49:47.416]

SOURCE: AIR
RX_ID: 149, Freq: 131.725MHz
Mode: 2 ACK, A2GLabel: 80 Block ID: 7, Msg No: M14A
Flight ID: DE04LM REG: D-ABOK


Message content:-
3K01 STNS   04LM/21 EDDF/LEPA .D-ABOK
LEPA
HELLO. ETA PMI 1545Z.
BLOCK FUEL DE1499 12.0T
6000/0/6000
REQ PARKING STAND
THANK YOU
-------------------------------------------------------[2024-06-21 14:49:59.085]

SOURCE: AIR
RX_ID: 150, Freq: 131.725MHz
Mode: 2 NACKLabel: SA Block ID: 0, Msg No: M15A
Flight ID: DE04LM REG: D-ABOK


Message content:-
0EV145428V
-------------------------------------------------------[2024-06-21 14:54:30.230]

SOURCE: AIR
RX_ID: 151, Freq: 131.725MHz
Mode: E NACKLabel: SA Block ID: 4, Msg No: M16A
Flight ID: DE04LM REG: D-ABOK


Message content:-
0EV145913V
-------------------------------------------------------[2024-06-21 14:59:15.125]

SOURCE: AIR
RX_ID: 152, Freq: 131.725MHz
Mode: 2 NACKLabel: 15 Block ID: 7, Msg No: M16A
Flight ID: XA0001 REG: HBJRQ


Message content:-
(2N43030E  5093263 43247-31(Z
-------------------------------------------------------[2024-06-21 15:08:22.751]

SOURCE: AIR
RX_ID: 153, Freq: 131.725MHz
Mode: X NACKLabel: 83 Block ID: 2, Msg No: M36A
Flight ID: GS0001 REG: DBEER


Message content:-
001PR21151346N4450.6E00511.03304460039
-------------------------------------------------------[2024-06-21 15:13:47.813]

SOURCE: AIR
RX_ID: 154, Freq: 131.725MHz
Mode: X NACKLabel: H1 Block ID: 6, Msg No: D51A
Flight ID: UA0127 REG: N69059


Message content:-
#DFBHYDN6905921061519 9503739-101-393 319680791 51143124001271CRS AL67
400706376LIRFKIAD707  01100 -1013 9880 98741022910127 -393  319680791
 431240 6269910450 960010400292029802956 035 019  00111111
-------------------------------------------------------[2024-06-21 15:19:56.855]

SOURCE: AIR
RX_ID: 155, Freq: 131.525MHz
Mode: T NACKLabel: 26 Block ID: 0, Msg No: M13A
Flight ID: AF7309 REG: F-GTAD


Message content:-
1520LFMNAF7309/211605LFPG26L
-------------------------------------------------------[2024-06-21 15:20:03.806]

SOURCE: AIR
RX_ID: 156, Freq: 131.725MHz
Mode: X NACKLabel: B1 Block ID: 7, Msg No: L12A
Flight ID: UA0127 REG: N69059


Message content:-
/EGGX.OC1/RCL 024
UAL127-BUNAV/1650 M081F320
-RMK/MAX 320EB55
-------------------------------------------------------[2024-06-21 15:27:32.547]

SOURCE: AIR
RX_ID: 157, Freq: 131.725MHz
Mode: X NACKLabel: B2 Block ID: 0, Msg No: L13A
Flight ID: UA0127 REG: N69059


Message content:-
/PIKCLYA.OC1/CLA 1529 240621 EGGX
CLRNCE 935
UAL127 CLRD TO KIAD VIA
BUNAV
RANDOM ROUTE
47N015W 46N020W 43N030W
42N040W 41N050W 41N060W
JOBOC
FM BUNAV/1650 MNTN F310
M081
ATC/LEVEL CHANGE
END OF MESS
-------------------------------------------------------[2024-06-21 15:30:04.099]

SOURCE: AIR
RX_ID: 158, Freq: 131.725MHz
Mode: X NACKLabel: B2 Block ID: 1, Msg No: L13B
Flight ID: UA0127 REG: N69059


Message content:-
AGE2A0F
-------------------------------------------------------[2024-06-21 15:30:07.573]

SOURCE: AIR
RX_ID: 159, Freq: 131.825MHz
Mode: 2 NACKLabel: H1 Block ID: 0, Msg No: D03B
Flight ID: TK088H REG: TC-JVB


Message content:-
#DFB910711607116
-------------------------------------------------------[2024-06-21 15:47:21.206]

SOURCE: AIR
RX_ID: 160, Freq: 131.725MHz
Mode: 2 NACKLabel: SA Block ID: 1, Msg No: S82A
Flight ID: GR0000 REG: OKELD


Message content:-
0EV161422V/
-------------------------------------------------------[2024-06-21 16:17:41.090]

SOURCE: AIR
RX_ID: 161, Freq: 131.725MHz
Mode: 2 NACKLabel: SA Block ID: 1, Msg No: S82A
Flight ID: GR0000 REG: OKELD


Message content:-
0EV161422V/
-------------------------------------------------------[2024-06-21 16:17:52.976]

SOURCE: AIR
RX_ID: 162, Freq: 131.725MHz
Mode: E NACKLabel: SA Block ID: 3, Msg No: S82A
Flight ID: GR0000 REG: OKELD


Message content:-
0EV161422V/
-------------------------------------------------------[2024-06-21 16:18:07.313]

SOURCE: AIR
RX_ID: 163, Freq: 131.725MHz
Mode: E NACKLabel: SA Block ID: 3, Msg No: S82A
Flight ID: GR0000 REG: OKELD


Message content:-
0EV161422V/
-------------------------------------------------------[2024-06-21 16:18:25.123]

SOURCE: AIR
RX_ID: 164, Freq: 131.725MHz
Mode: 2 NACKLabel: SA Block ID: 4, Msg No: S82A
Flight ID: GR0000 REG: OKELD


Message content:-
0EV161422V/
-------------------------------------------------------[2024-06-21 16:18:31.451]

SOURCE: AIR
RX_ID: 165, Freq: 131.725MHz
Mode: G NACKLabel: SA Block ID: 6, Msg No: S82A
Flight ID: GR0000 REG: OKELD


Message content:-
0EV161422V/
-------------------------------------------------------[2024-06-21 16:18:44.359]

SOURCE: AIR
RX_ID: 166, Freq: 131.725MHz
Mode: 2 NACKLabel: SA Block ID: 2, Msg No: M20A
Flight ID: GS006H REG: DCMDH


Message content:-
0EV161845V/
-------------------------------------------------------[2024-06-21 16:18:52.957]

SOURCE: AIR
RX_ID: 167, Freq: 131.725MHz
Mode: G NACKLabel: SA Block ID: 6, Msg No: S82A
Flight ID: GR0000 REG: OKELD


Message content:-
0EV161422V/
-------------------------------------------------------[2024-06-21 16:18:55.442]

SOURCE: AIR
RX_ID: 168, Freq: 131.725MHz
Mode: G NACKLabel: SA Block ID: 6, Msg No: S82A
Flight ID: GR0000 REG: OKELD


Message content:-
0EV161422V/
-------------------------------------------------------[2024-06-21 16:19:04.041]

SOURCE: AIR
RX_ID: 169, Freq: 131.725MHz
Mode: E NACKLabel: SA Block ID: 7, Msg No: S82A
Flight ID: GR0000 REG: OKELD


Message content:-
0EV161422V/
-------------------------------------------------------[2024-06-21 16:19:09.340]

SOURCE: AIR
RX_ID: 170, Freq: 131.725MHz
Mode: G NACKLabel: SA Block ID: 1, Msg No: S82A
Flight ID: GR0000 REG: OKELD


Message content:-
0EV161422V/
-------------------------------------------------------[2024-06-21 16:19:46.643]

SOURCE: AIR
RX_ID: 171, Freq: 131.725MHz
Mode: G NACKLabel: SA Block ID: 1, Msg No: S82A
Flight ID: GR0000 REG: OKELD


Message content:-
0EV161422V/
-------------------------------------------------------[2024-06-21 16:19:58.494]

SOURCE: AIR
RX_ID: 172, Freq: 131.725MHz
Mode: G NACKLabel: SA Block ID: 1, Msg No: S82A
Flight ID: GR0000 REG: OKELD


Message content:-
0EV161422V/
-------------------------------------------------------[2024-06-21 16:20:10.599]

SOURCE: AIR
RX_ID: 173, Freq: 131.725MHz
Mode: E NACKLabel: SA Block ID: 2, Msg No: S82A
Flight ID: GR0000 REG: OKELD


Message content:-
0EV161422V/
-------------------------------------------------------[2024-06-21 16:20:23.292]

SOURCE: AIR
RX_ID: 174, Freq: 131.725MHz
Mode: E NACKLabel: SA Block ID: 2, Msg No: S82A
Flight ID: GR0000 REG: OKELD


Message content:-
0EV161422V/
-------------------------------------------------------[2024-06-21 16:20:34.553]

SOURCE: AIR
RX_ID: 175, Freq: 131.725MHz
Mode: G NACKLabel: SA Block ID: 4, Msg No: S82A
Flight ID: GR0000 REG: OKELD


Message content:-
0EV161422V/
-------------------------------------------------------[2024-06-21 16:20:47.463]

SOURCE: AIR
RX_ID: 176, Freq: 131.725MHz
Mode: G NACKLabel: SA Block ID: 4, Msg No: S82A
Flight ID: GR0000 REG: OKELD


Message content:-
0EV161422V/
-------------------------------------------------------[2024-06-21 16:20:55.252]

SOURCE: AIR
RX_ID: 177, Freq: 131.725MHz
Mode: G NACKLabel: SA Block ID: 4, Msg No: S82A
Flight ID: GR0000 REG: OKELD


Message content:-
0EV161422V/
-------------------------------------------------------[2024-06-21 16:21:16.317]

SOURCE: AIR
RX_ID: 178, Freq: 131.725MHz
Mode: E NACKLabel: SA Block ID: 8, Msg No: S82A
Flight ID: GR0000 REG: OKELD


Message content:-
0EV161422V/
-------------------------------------------------------[2024-06-21 16:22:11.619]

SOURCE: AIR
RX_ID: 179, Freq: 131.725MHz
Mode: 2 NACKLabel: 44 Block ID: 3, Msg No: M21A
Flight ID: GS006H REG: DCMDH


Message content:-
ETA03,N44556E005010,410,EDDS,LEBL,0621,1622,1707,005.9
-------------------------------------------------------[2024-06-21 16:22:32.936]

SOURCE: AIR
RX_ID: 180, Freq: 131.725MHz
Mode: 2 NACKLabel: SA Block ID: 9, Msg No: S82A
Flight ID: GR0000 REG: OKELD


Message content:-
0EV161422V/
-------------------------------------------------------[2024-06-21 16:22:33.964]

SOURCE: AIR
RX_ID: 181, Freq: 131.725MHz
Mode: 2 NACKLabel: SA Block ID: 8, Msg No: M27A
Flight ID: GS006H REG: DCMDH


Message content:-
0EV162646V/
-------------------------------------------------------[2024-06-21 16:26:53.657]

SOURCE: AIR
RX_ID: 182, Freq: 131.825MHz
Mode: 2 NACKLabel: 44 Block ID: 7, Msg No: M45A
Flight ID: GS0000 REG: DAAHO


Message content:-
04p=G'mVNHHmXH(''FH\+V\+'VqGwwVqzkNV'X!\V\X!aV\XHXV'\!#'
-------------------------------------------------------[2024-06-21 16:27:33.592]

SOURCE: AIR
RX_ID: 183, Freq: 131.825MHz
Mode: 2 NACKLabel: 44 Block ID: 8, Msg No: M46A
Flight ID: GS0000 REG: DAAHO


Message content:-
01H*#lSb_''Aq?6llE'?SbA(?b\422b\C@_blL~AbALSlbAL'(blAAO(
-------------------------------------------------------[2024-06-21 16:30:22.735]

SOURCE: AIR
RX_ID: 184, Freq: 131.825MHz
Mode: 2 NACKLabel: 44 Block ID: 9, Msg No: M47A
Flight ID: GS0000 REG: DAAHO


Message content:-
08,suL}Zq``L}K=LLvvvLZYacZPuyyZP\xqZLaeYZYa}eZYa`KZLYY[K
-------------------------------------------------------[2024-06-21 16:32:33.627]

SOURCE: AIR
RX_ID: 185, Freq: 131.825MHz
Mode: 2 NACKLabel: 44 Block ID: 0, Msg No: M48A
Flight ID: GS0000 REG: DAAHO


Message content:-
03m0>xJqL-JJ-D+xxetxxqt-xq!>ooq!18Lqxe(tqteJPqte-Dqxtt$D
-------------------------------------------------------[2024-06-21 16:37:33.661]

SOURCE: AIR
RX_ID: 186, Freq: 131.725MHz
Mode: G NACKLabel: 16 Block ID: 2, Msg No: M59A
Flight ID: ZDHZWB REG: HZ-WBT7


Message content:-
UTC 163909,36001,, 338,N   .    E   .   
-------------------------------------------------------[2024-06-21 16:40:00.280]

SOURCE: AIR
RX_ID: 187, Freq: 131.825MHz
Mode: 2 NACKLabel: 83 Block ID: 8, Msg No: M06A
Flight ID: GS0001 REG: DCSMC


Message content:-
001PR21164929N4327.5E00510.2037198    
-------------------------------------------------------[2024-06-21 16:49:30.870]

SOURCE: AIR
RX_ID: 188, Freq: 131.725MHz
Mode: G NACKLabel: 16 Block ID: 3, Msg No: M60A
Flight ID: ZDHZWB REG: HZ-WBT7


Message content:-
UTC 165411,34017,, 316,N   .    E   .   
-------------------------------------------------------[2024-06-21 16:54:14.923]

SOURCE: AIR
RX_ID: 189, Freq: 131.825MHz
Mode: 2 NACKLabel: 83 Block ID: 0, Msg No: M07A
Flight ID: GS0001 REG: DCSMC


Message content:-
001PR21165946N4413.0E00450.3314366    
-------------------------------------------------------[2024-06-21 16:59:48.165]

SOURCE: AIR
RX_ID: 190, Freq: 131.825MHz
Mode: 2 NACKLabel: 83 Block ID: 2, Msg No: M08A
Flight ID: GS0001 REG: DCSMC


Message content:-
001PR21171001N4516.3E00526.4400441    
-------------------------------------------------------[2024-06-21 17:10:03.996]

SOURCE: AIR
RX_ID: 191, Freq: 131.825MHz
Mode: 2 NACKLabel: 15 Block ID: 1, Msg No: M84A
Flight ID: BA9176 REG: G-STBA


Message content:-
FST01FAOREGLLN433137E0049940240 239 805 M25C 5428832533137911600018541719
-------------------------------------------------------[2024-06-21 17:20:01.215]

SOURCE: AIR
RX_ID: 192, Freq: 131.825MHz
Mode: 2 NACKLabel: B6 Block ID: 2, Msg No: F24A
Flight ID: BA9176 REG: G-STBA


Message content:-
/QUKAXBA.ADS.G-STBA071F49C81A04C5DC19701F66F4
-------------------------------------------------------[2024-06-21 17:27:10.497]

SOURCE: AIR
RX_ID: 193, Freq: 131.825MHz
Mode: 2 NACKLabel: 15 Block ID: 3, Msg No: M85A
Flight ID: BA9176 REG: G-STBA


Message content:-
FST01FAOREGLLN442988E0044944240 228 816 M28C 3933034634938511600018551729
-------------------------------------------------------[2024-06-21 17:30:01.690]

SOURCE: AIR
RX_ID: 194, Freq: 131.825MHz
Mode: 2 NACKLabel: H1 Block ID: 0, Msg No: D08B
Flight ID: TK05FY REG: TC-JVB


Message content:-
#DFB1180490704907
-------------------------------------------------------[2024-06-21 17:31:57.000]

SOURCE: AIR
RX_ID: 195, Freq: 131.825MHz
Mode: 2 NACKLabel: 16 Block ID: 1, Msg No: M50A
Flight ID: TK05FY REG: TC-JVB


Message content:-
/N 43.429/E  6.252/21310/2106/1740/09179/2013/
-------------------------------------------------------[2024-06-21 17:40:58.924]

SOURCE: AIR
RX_ID: 196, Freq: 131.525MHz
Mode: T NACKLabel: 2F Block ID: 7, Msg No: M19A
Flight ID: AF6226 REG: F-GRHF


Message content:-
1745+4544+403/3756
-------------------------------------------------------[2024-06-21 17:45:53.838]

SOURCE: AIR
RX_ID: 197, Freq: 131.825MHz
Mode: 2 NACKLabel: 44 Block ID: 6, Msg No: M31A
Flight ID: GS0000 REG: DAVIB


Message content:-
00POS03,N44387E004227,360,LFPB,LFTH,0621,1749,1811,004.2
-------------------------------------------------------[2024-06-21 17:49:23.322]

SOURCE: AIR
RX_ID: 198, Freq: 131.525MHz
Mode: T NACKLabel: 2Z Block ID: 0, Msg No: M20A
Flight ID: AF6226 REG: F-GRHF


Message content:-
LFMN
-------------------------------------------------------[2024-06-21 17:53:04.726]

SOURCE: AIR
RX_ID: 199, Freq: 131.525MHz
Mode: T NACKLabel: 80 Block ID: 2, Msg No: M21A
Flight ID: AF6226 REG: F-GRHF


Message content:-
AF6226/DEST/LFMN
MCI
-------------------------------------------------------[2024-06-21 17:54:18.235]

SOURCE: AIR
RX_ID: 200, Freq: 131.825MHz
Mode: 2 NACKLabel: 44 Block ID: 7, Msg No: M32A
Flight ID: GS0000 REG: DAVIB


Message content:-
00POS03,N44006E004382,310,LFPB,LFTH,0621,1754,1820,004.1
-------------------------------------------------------[2024-06-21 17:54:23.354]

SOURCE: AIR
RX_ID: 201, Freq: 131.525MHz
Mode: T NACKLabel: 26 Block ID: 3, Msg No: M22A
Flight ID: AF6226 REG: F-GRHF


Message content:-
1759LFPOAF6226/211814LFMN04L
-------------------------------------------------------[2024-06-21 17:59:04.150]

SOURCE: AIR
RX_ID: 202, Freq: 131.825MHz
Mode: 2 NACKLabel: 44 Block ID: 8, Msg No: M33A
Flight ID: GS0000 REG: DAVIB


Message content:-
00POS03,N43273E005053,203,LFPB,LFTH,0621,1759,1813,003.9
-------------------------------------------------------[2024-06-21 17:59:23.209]

SOURCE: AIR
RX_ID: 203, Freq: 131.525MHz
Mode: T NACKLabel: 2F Block ID: 4, Msg No: M23A
Flight ID: AF6226 REG: F-GRHF


Message content:-
1800+4380+588/2051
-------------------------------------------------------[2024-06-21 18:00:56.572]

SOURCE: AIR
RX_ID: 204, Freq: 131.725MHz
Mode: 2 NACKLabel: 15 Block ID: 2, Msg No: M01A
Flight ID: GS0001 REG: CSDXM


Message content:-
(2N44442E  5406--- 43330-40(Z
-------------------------------------------------------[2024-06-21 18:27:39.596]

SOURCE: AIR
RX_ID: 205, Freq: 131.725MHz
Mode: 2 NACKLabel: 15 Block ID: 3, Msg No: M02A
Flight ID: GS0001 REG: CSDXM


Message content:-
(2N43182E  4419--- 68350-47(Z
-------------------------------------------------------[2024-06-21 18:42:37.652]

SOURCE: AIR
RX_ID: 206, Freq: 131.725MHz
Mode: G NACKLabel: 44 Block ID: 3, Msg No: M33A
Flight ID: GS0000 REG: YLARE


Message content:-
02N;E,0IrmmQ])X,,m0-)I0],Iv*N:Iv*srI,9-3I3)-]I-,,]I,,mTQ
-------------------------------------------------------[2024-06-21 19:27:31.810]

SOURCE: AIR
RX_ID: 207, Freq: 131.825MHz
Mode: 2 NACKLabel: 16 Block ID: 7, Msg No: M47A
Flight ID: FR86SU REG: EI-EBS


Message content:-
193249,,1958,  98,N   .    MMMM.MMM
-------------------------------------------------------[2024-06-21 19:32:51.296]

SOURCE: AIR
RX_ID: 208, Freq: 131.525MHz
Mode: T NACKLabel: B9 Block ID: 0, Msg No: L21A
Flight ID: AF6235 REG: F-GRHF


Message content:-
/LFPO.TI2/064LFPOAB1AF
-------------------------------------------------------[2024-06-21 19:33:57.017]

SOURCE: AIR
RX_ID: 209, Freq: 131.525MHz
Mode: T NACKLabel: 26 Block ID: 3, Msg No: M41A
Flight ID: AF6235 REG: F-GRHF


Message content:-
1935LFMNAF6235/212031LFPO25 
-------------------------------------------------------[2024-06-21 19:35:48.856]

SOURCE: AIR
RX_ID: 210, Freq: 131.725MHz
Mode: G NACKLabel: 44 Block ID: 4, Msg No: M34A
Flight ID: GS0000 REG: YLARE


Message content:-
07*?X.0)Em0<M4]..<m<<)4mU) 6*x) 6-E).U4;);k0M)4..0)..m+4
-------------------------------------------------------[2024-06-21 19:37:31.656]

SOURCE: AIR
RX_ID: 211, Freq: 131.825MHz
Mode: 2 NACKLabel: B9 Block ID: 9, Msg No: L17A
Flight ID: XR61PD REG: 9H-CXH


Message content:-
/EDDL.TI2/024EDDLAFF8D
-------------------------------------------------------[2024-06-21 19:44:24.109]

SOURCE: AIR
RX_ID: 212, Freq: 131.725MHz
Mode: E NACKLabel: 10 Block ID: 8, Msg No: M68A
Flight ID: IB8031 REG: EC-FTR


Message content:-
DIA01LEBLEDDP    IB5T100995OFF        CLOSEDRLS131725OK  N/A OK      OK  OK  OK  N/A OK  PAPER 
-------------------------------------------------------[2024-06-21 21:27:35.288]

SOURCE: AIR
RX_ID: 213, Freq: 131.725MHz
Mode: G NACKLabel: B9 Block ID: 3, Msg No: L00A
Flight ID: QY09LE REG: OE-LNO


Message content:-
/EDDP.TI2/024EDDPAB993
-------------------------------------------------------[2024-06-21 21:27:42.450]

SOURCE: AIR
RX_ID: 214, Freq: 131.725MHz
Mode: G NACKLabel: B9 Block ID: 4, Msg No: L01A
Flight ID: QY09LE REG: OE-LNO


Message content:-
/EDDP.TI2/024EDDPAB993
-------------------------------------------------------[2024-06-21 21:28:45.137]

SOURCE: AIR
RX_ID: 215, Freq: 131.825MHz
Mode: 2 NACKLabel: SA Block ID: 6, Msg No: M09A
Flight ID: QY09LE REG: OE-LNO


Message content:-
0EV212922V
-------------------------------------------------------[2024-06-21 21:29:25.481]

SOURCE: AIR
RX_ID: 216, Freq: 131.825MHz
Mode: 2 NACKLabel: B9 Block ID: 8, Msg No: L02A
Flight ID: QY09LE REG: OE-LNO


Message content:-
/EDDP.TI2/024EDDPAB993
-------------------------------------------------------[2024-06-21 21:30:13.825]

SOURCE: AIR
RX_ID: 217, Freq: 131.825MHz
Mode: 2 NACKLabel: 5U Block ID: 9, Msg No: M13A
Flight ID: QY0421 REG: D-ALEQ


Message content:-
10,WX,212204,QY421,21,LEVT,LIMC,8354330,LIMC,LIME,,1,0,
-------------------------------------------------------[2024-06-21 22:04:19.391]

