SOURCE: AIR
RX_ID: 0, Freq: 131.725MHz
Mode: 2 NACKLabel: 80 Block ID: 4, Msg No: M20A
Flight ID: AH1460 REG: 7T-VKI


Message content:-
3701 INRANG 1460/09 DABC/LFLL .7T-VKI
/ETA 1001/ERT 1010
-------------------------------------------------------[2024-03-09 09:42:27.150]

SOURCE: AIR
RX_ID: 1, Freq: 131.725MHz
Mode: 2 NACKLabel: 5V Block ID: 5, Msg No: S29A
Flight ID: AH1460 REG: 7T-VKI


Message content:-

-------------------------------------------------------[2024-03-09 09:42:40.466]

SOURCE: AIR
RX_ID: 2, Freq: 131.725MHz
Mode: X NACKLabel: 83 Block ID: 4, Msg No: M07A
Flight ID: GS0001 REG: DCFRT


Message content:-
001PR09094818N4346.3E00609.5400448    
-------------------------------------------------------[2024-03-09 09:48:20.836]

SOURCE: AIR
RX_ID: 3, Freq: 131.725MHz
Mode: X ACK, A2GLabel: _d Block ID: 5, Msg No: S06A
Flight ID: GS0001 REG: DCFRT


Message content:-

-------------------------------------------------------[2024-03-09 09:54:01.032]

SOURCE: AIR
RX_ID: 4, Freq: 131.725MHz
Mode: E NACKLabel: 83 Block ID: 0, Msg No: M07A
Flight ID: UV0001 REG: FHGUI


Message content:-
001PR09102525N4312.1E00525.0079232    
-------------------------------------------------------[2024-03-09 10:25:27.900]

SOURCE: AIR
RX_ID: 5, Freq: 131.725MHz
Mode: G NACKLabel: SA Block ID: 7, Msg No: M32A
Flight ID: AH1427 REG: 7T-VKH


Message content:-
0LS103655V
-------------------------------------------------------[2024-03-09 10:36:56.841]

SOURCE: AIR
RX_ID: 6, Freq: 131.725MHz
Mode: G NACKLabel: 5V Block ID: 8, Msg No: S30A
Flight ID: AH1427 REG: 7T-VKH


Message content:-

-------------------------------------------------------[2024-03-09 10:37:19.992]

SOURCE: AIR
RX_ID: 7, Freq: 131.725MHz
Mode: E NACKLabel: 5V Block ID: 1, Msg No: S43A
Flight ID: AH1148 REG: 7T-VJO


Message content:-

-------------------------------------------------------[2024-03-09 11:30:47.371]

SOURCE: AIR
RX_ID: 8, Freq: 131.725MHz
Mode: 2 NACKLabel: Q0 Block ID: 2, Msg No: S44A
Flight ID: AH1148 REG: 7T-VJO


Message content:-

-------------------------------------------------------[2024-03-09 11:34:58.070]

SOURCE: AIR
RX_ID: 9, Freq: 131.725MHz
Mode: E NACKLabel: SA Block ID: 3, Msg No: M31A
Flight ID: AH1148 REG: 7T-VJO


Message content:-
0EV113501V
-------------------------------------------------------[2024-03-09 11:35:01.763]

SOURCE: AIR
RX_ID: 10, Freq: 131.725MHz
Mode: E NACKLabel: 5V Block ID: 4, Msg No: S45A
Flight ID: AH1148 REG: 7T-VJO


Message content:-

-------------------------------------------------------[2024-03-09 11:35:39.652]

SOURCE: AIR
RX_ID: 11, Freq: 131.725MHz
Mode: 2 NACKLabel: Q0 Block ID: 5, Msg No: S46A
Flight ID: AH1148 REG: 7T-VJO


Message content:-

-------------------------------------------------------[2024-03-09 11:39:49.514]

SOURCE: AIR
RX_ID: 12, Freq: 131.725MHz
Mode: 2 NACKLabel: SA Block ID: 6, Msg No: M32A
Flight ID: AH1148 REG: 7T-VJO


Message content:-
0EV113951V
-------------------------------------------------------[2024-03-09 11:39:52.985]

SOURCE: AIR
RX_ID: 13, Freq: 131.725MHz
Mode: 2 NACKLabel: 5V Block ID: 7, Msg No: S47A
Flight ID: AH1148 REG: 7T-VJO


Message content:-

-------------------------------------------------------[2024-03-09 11:40:28.824]

SOURCE: AIR
RX_ID: 14, Freq: 131.725MHz
Mode: G NACKLabel: 83 Block ID: 5, Msg No: M03A
Flight ID: UV0001 REG: FHGUI


Message content:-
001PR09114121N4324.2E00545.1160271    
-------------------------------------------------------[2024-03-09 11:41:24.304]

SOURCE: AIR
RX_ID: 15, Freq: 131.725MHz
Mode: 2 NACKLabel: Q0 Block ID: 7, Msg No: S58A
Flight ID: AH1155 REG: 7T-VKI


Message content:-

-------------------------------------------------------[2024-03-09 11:56:18.558]

SOURCE: AIR
RX_ID: 16, Freq: 131.725MHz
Mode: 2 NACKLabel: SA Block ID: 8, Msg No: M39A
Flight ID: AH1155 REG: 7T-VKI


Message content:-
0EV115621V
-------------------------------------------------------[2024-03-09 11:56:22.433]

SOURCE: AIR
RX_ID: 17, Freq: 131.725MHz
Mode: 2 ACK, A2GLabel: _d Block ID: 9, Msg No: S59A
Flight ID: AH1155 REG: 7T-VKI


Message content:-

-------------------------------------------------------[2024-03-09 11:56:57.255]

SOURCE: AIR
RX_ID: 18, Freq: 131.725MHz
Mode: 2 NACKLabel: H1 Block ID: 0, Msg No: F06A
Flight ID: AH1155 REG: 7T-VKI


Message content:-
#M1BPOSN44308E004597,MTL01,115659,322,MTG,120659,DIVKO,M54,224070,146/RP:DA:LFLL:AA:DAAS:CR:OFP005445(09O)..MTG.UN852.DIVKO.UM154.JUSQO..FIRRA..LUNOR..DOLIS.UN736.BJA..STF03..STF04..RW09O/PR1376,50,330,146,,60,
-------------------------------------------------------[2024-03-09 11:57:01.975]

SOURCE: AIR
RX_ID: 19, Freq: 131.725MHz
Mode: 2 NACKLabel: H1 Block ID: 1, Msg No: F06B
Flight ID: AH1155 REG: 7T-VKI


Message content:-
#M1B30,248061,M58,50,P22,P0/FHMTG,120659,275K,3300,137,M58,239062,441,N,177,68.DIVKO,121037,274K,3300,134,M58,245061,444,N,214,24.JUSQO,121328,271K,3300,131,M58,248061,438,N,162,20.FIRRA,122256,272K,3300,123,M5
-------------------------------------------------------[2024-03-09 11:57:06.072]

SOURCE: AIR
RX_ID: 20, Freq: 131.725MHz
Mode: 2 NACKLabel: H1 Block ID: 2, Msg No: F06C
Flight ID: AH1155 REG: 7T-VKI


Message content:-
#M1B8,248061,438,N,167,67.LUNOR,123351,272K,3300,114,M58,248061,439,N,175,76.DOLIS,124556,272K,3300,104,M58,248061,439,N,181,83.BJA,130707,273K,1465,92,M14,248023,337,N,186,138.STF03,131121,245K,841,91,M2,24801
-------------------------------------------------------[2024-03-09 11:57:10.796]

SOURCE: AIR
RX_ID: 21, Freq: 131.725MHz
Mode: 2 NACKLabel: H1 Block ID: 4, Msg No: F06E
Flight ID: AH1155 REG: 7T-VKI


Message content:-
#M1B31651,735070
-------------------------------------------------------[2024-03-09 11:57:18.371]

SOURCE: AIR
RX_ID: 22, Freq: 131.725MHz
Mode: 2 NACKLabel: 5V Block ID: 5, Msg No: S60A
Flight ID: AH1155 REG: 7T-VKI


Message content:-

-------------------------------------------------------[2024-03-09 11:57:31.687]

SOURCE: AIR
RX_ID: 23, Freq: 131.725MHz
Mode: E NACKLabel: SA Block ID: 6, Msg No: M14A
Flight ID: AH1074 REG: 7T-VJU


Message content:-
0EV115810V
-------------------------------------------------------[2024-03-09 11:58:12.463]

SOURCE: AIR
RX_ID: 24, Freq: 131.725MHz
Mode: E NACKLabel: 5V Block ID: 7, Msg No: S32A
Flight ID: AH1074 REG: 7T-VJU


Message content:-

-------------------------------------------------------[2024-03-09 11:58:30.679]

SOURCE: AIR
RX_ID: 25, Freq: 131.725MHz
Mode: 2 NACKLabel: Q0 Block ID: 6, Msg No: S61A
Flight ID: AH1155 REG: 7T-VKI


Message content:-

-------------------------------------------------------[2024-03-09 12:01:41.570]

SOURCE: AIR
RX_ID: 26, Freq: 131.725MHz
Mode: 2 NACKLabel: SA Block ID: 7, Msg No: M40A
Flight ID: AH1155 REG: 7T-VKI


Message content:-
0EV120144V
-------------------------------------------------------[2024-03-09 12:01:45.484]

SOURCE: AIR
RX_ID: 27, Freq: 131.725MHz
Mode: 2 NACKLabel: H1 Block ID: 8, Msg No: F07A
Flight ID: AH1155 REG: 7T-VKI


Message content:-
#M1BREQPWI/WQ330:MTG.DIVKO.JUSQO.FIRRA.LUNOR.DOLIS/DQ330/SPMAN330C1F5
-------------------------------------------------------[2024-03-09 12:01:49.141]

SOURCE: AIR
RX_ID: 28, Freq: 131.725MHz
Mode: 2 ACK, A2GLabel: _d Block ID: 9, Msg No: S62A
Flight ID: AH1155 REG: 7T-VKI


Message content:-

-------------------------------------------------------[2024-03-09 12:01:58.356]

SOURCE: AIR
RX_ID: 29, Freq: 131.725MHz
Mode: 2 NACKLabel: H1 Block ID: 0, Msg No: F08A
Flight ID: AH1155 REG: 7T-VKI


Message content:-
#M1BPOSN43582E005009,MTL01,120200,330,MTG01,120718,DIV01,M56,224071,143/RP:DA:LFLL:AA:DAAS:CR:OFP005445(09O)..MTG01..DIV01..JUSQO..FIRRA..LUNOR..DOLIS.UN736.BJA..STF03..STF04..RW09O/PR1373,50,330,143,,60,30,248
-------------------------------------------------------[2024-03-09 12:02:03.479]

SOURCE: AIR
RX_ID: 30, Freq: 131.725MHz
Mode: 2 NACKLabel: H1 Block ID: 1, Msg No: F08B
Flight ID: AH1155 REG: 7T-VKI


Message content:-
#M1B061,M58,50,P22,P0/FHMTG01,120718,275K,3300,138,M56,232066,444,N,182,38.DIV01,121020,274K,3300,135,M56,237064,443,N,182,20.JUSQO,121309,273K,3300,133,M56,242062,443,N,182,19.FIRRA,122238,272K,3300,124,M56,24
-------------------------------------------------------[2024-03-09 12:02:08.013]

SOURCE: AIR
RX_ID: 31, Freq: 131.725MHz
Mode: 2 NACKLabel: H1 Block ID: 2, Msg No: F08C
Flight ID: AH1155 REG: 7T-VKI


Message content:-
#M1B8061,440,N,167,67.LUNOR,123330,272K,3300,115,M56,248061,440,N,175,76.DOLIS,124533,272K,3300,105,M56,248061,441,N,181,83.BJA,130640,273K,1464,92,M14,248023,337,N,186,138.STF03,131054,245K,841,91,M2,248010,27
-------------------------------------------------------[2024-03-09 12:02:12.697]

SOURCE: AIR
RX_ID: 32, Freq: 131.725MHz
Mode: 2 NACKLabel: H1 Block ID: 3, Msg No: F08D
Flight ID: AH1155 REG: 7T-VKI


Message content:-
#M1B6,N,162,22.STF04,131318,185K,644,91,P2,248006,203,N,204,9.RX-09,131439,159K,497,91,P5,248003,171,Y,130,5.RW09,131625,150K,338,89,P8,000000,165,Y,087,5.DAAS,,150K,333,,,000000,169,N,086,1/DTDAAS,09O,89,13162
-------------------------------------------------------[2024-03-09 12:02:16.790]

SOURCE: AIR
RX_ID: 33, Freq: 131.725MHz
Mode: 2 NACKLabel: H1 Block ID: 4, Msg No: F08E
Flight ID: AH1155 REG: 7T-VKI


Message content:-
#M1B5,73F62E
-------------------------------------------------------[2024-03-09 12:02:20.704]

SOURCE: AIR
RX_ID: 34, Freq: 131.725MHz
Mode: 2 ACK, A2GLabel: _d Block ID: 5, Msg No: S63A
Flight ID: AH1155 REG: 7T-VKI


Message content:-

-------------------------------------------------------[2024-03-09 12:02:30.101]

SOURCE: AIR
RX_ID: 35, Freq: 131.725MHz
Mode: 2 NACKLabel: 5V Block ID: 6, Msg No: S64A
Flight ID: AH1155 REG: 7T-VKI


Message content:-

-------------------------------------------------------[2024-03-09 12:02:34.199]

SOURCE: AIR
RX_ID: 36, Freq: 131.725MHz
Mode: 2 NACKLabel: Q0 Block ID: 8, Msg No: S33A
Flight ID: AH1074 REG: 7T-VJU


Message content:-

-------------------------------------------------------[2024-03-09 12:02:43.854]

SOURCE: AIR
RX_ID: 37, Freq: 131.725MHz
Mode: 2 NACKLabel: SA Block ID: 9, Msg No: M15A
Flight ID: AH1074 REG: 7T-VJU


Message content:-
0EV120246V
-------------------------------------------------------[2024-03-09 12:02:48.135]

SOURCE: AIR
RX_ID: 38, Freq: 131.725MHz
Mode: 2 NACKLabel: 5V Block ID: 0, Msg No: S34A
Flight ID: AH1074 REG: 7T-VJU


Message content:-

-------------------------------------------------------[2024-03-09 12:03:10.043]

SOURCE: AIR
RX_ID: 39, Freq: 131.825MHz
Mode: 2 NACKLabel: Q0 Block ID: 8, Msg No: S30A
Flight ID: VY04XR REG: EC-NGB


Message content:-

-------------------------------------------------------[2024-03-09 12:04:26.447]

SOURCE: AIR
RX_ID: 40, Freq: 131.825MHz
Mode: 2 NACKLabel: 5V Block ID: 0, Msg No: S31A
Flight ID: VY04XR REG: EC-NGB


Message content:-

-------------------------------------------------------[2024-03-09 12:04:56.985]

SOURCE: AIR
RX_ID: 41, Freq: 131.725MHz
Mode: 2 NACKLabel: Q0 Block ID: 7, Msg No: S65A
Flight ID: AH1155 REG: 7T-VKI


Message content:-

-------------------------------------------------------[2024-03-09 12:06:44.298]

SOURCE: AIR
RX_ID: 42, Freq: 131.725MHz
Mode: E NACKLabel: SA Block ID: 8, Msg No: M41A
Flight ID: AH1155 REG: 7T-VKI


Message content:-
0EV120646V
-------------------------------------------------------[2024-03-09 12:06:47.992]

SOURCE: AIR
RX_ID: 43, Freq: 131.725MHz
Mode: E NACKLabel: 80 Block ID: 9, Msg No: M42A
Flight ID: AH1155 REG: 7T-VKI


Message content:-
3M01 OPNORM 1155/09 LFLL/DAAS .7T-VKI
-------------------------------------------------------[2024-03-09 12:06:51.687]

SOURCE: AIR
RX_ID: 44, Freq: 131.725MHz
Mode: E NACKLabel: 5V Block ID: 0, Msg No: S66A
Flight ID: AH1155 REG: 7T-VKI


Message content:-

-------------------------------------------------------[2024-03-09 12:07:19.921]

SOURCE: AIR
RX_ID: 45, Freq: 131.725MHz
Mode: 2 NACKLabel: Q0 Block ID: 1, Msg No: S35A
Flight ID: AH1074 REG: 7T-VJU


Message content:-

-------------------------------------------------------[2024-03-09 12:07:23.431]

SOURCE: AIR
RX_ID: 46, Freq: 131.725MHz
Mode: G NACKLabel: SA Block ID: 2, Msg No: M16A
Flight ID: AH1074 REG: 7T-VJU


Message content:-
0EV120727V
-------------------------------------------------------[2024-03-09 12:07:27.710]

SOURCE: AIR
RX_ID: 47, Freq: 131.725MHz
Mode: G NACKLabel: 5V Block ID: 3, Msg No: S36A
Flight ID: AH1074 REG: 7T-VJU


Message content:-

-------------------------------------------------------[2024-03-09 12:07:48.593]

SOURCE: AIR
RX_ID: 48, Freq: 131.725MHz
Mode: 2 NACKLabel: Q0 Block ID: 4, Msg No: S37A
Flight ID: AH1074 REG: 7T-VJU


Message content:-

-------------------------------------------------------[2024-03-09 12:12:01.378]

SOURCE: AIR
RX_ID: 49, Freq: 131.725MHz
Mode: E NACKLabel: SA Block ID: 5, Msg No: M17A
Flight ID: AH1074 REG: 7T-VJU


Message content:-
0EV121204V
-------------------------------------------------------[2024-03-09 12:12:05.253]

SOURCE: AIR
RX_ID: 50, Freq: 131.725MHz
Mode: E NACKLabel: 5V Block ID: 6, Msg No: S38A
Flight ID: AH1074 REG: 7T-VJU


Message content:-

-------------------------------------------------------[2024-03-09 12:12:24.530]

SOURCE: AIR
RX_ID: 51, Freq: 131.725MHz
Mode: 2 NACKLabel: Q0 Block ID: 7, Msg No: S39A
Flight ID: AH1074 REG: 7T-VJU


Message content:-

-------------------------------------------------------[2024-03-09 12:16:38.063]

SOURCE: AIR
RX_ID: 52, Freq: 131.725MHz
Mode: E NACKLabel: SA Block ID: 9, Msg No: M18A
Flight ID: AH1074 REG: 7T-VJU


Message content:-
0EV121640V
-------------------------------------------------------[2024-03-09 12:16:46.256]

SOURCE: AIR
RX_ID: 53, Freq: 131.725MHz
Mode: E NACKLabel: 5U Block ID: 0, Msg No: M19A
Flight ID: AH1074 REG: 7T-VJU


Message content:-
  01 WXRQ   1074/09 DAAG/LFQQ .7T-VJU
/TYP 1/STA LFQQ/STA LFPG/STA EBBR
-------------------------------------------------------[2024-03-09 12:16:50.571]

SOURCE: AIR
RX_ID: 54, Freq: 131.725MHz
Mode: E ACK, A2GLabel: _d Block ID: 1, Msg No: S40A
Flight ID: AH1074 REG: 7T-VJU


Message content:-

-------------------------------------------------------[2024-03-09 12:16:55.288]

SOURCE: AIR
RX_ID: 55, Freq: 131.825MHz
Mode: 2 NACKLabel: 30 Block ID: 0, Msg No: M45A
Flight ID: NW0231 REG: N826NW


Message content:-
091230 LIRF KJFK7
/FN 0231
A      
OK WE WILL BE HERE LOL
-------------------------------------------------------[2024-03-09 12:31:02.379]

SOURCE: AIR
RX_ID: 56, Freq: 131.825MHz
Mode: 2 NACKLabel: B9 Block ID: 1, Msg No: M46A
Flight ID: NW0231 REG: N826NW


Message content:-
/KJFK.TI2/040KJFKAC20C
-------------------------------------------------------[2024-03-09 12:31:17.960]

SOURCE: AIR
RX_ID: 57, Freq: 131.825MHz
Mode: 2 ACK, A2GLabel: _d Block ID: 2, Msg No: S51A
Flight ID: NW0231 REG: N826NW


Message content:-

-------------------------------------------------------[2024-03-09 12:31:24.322]

SOURCE: AIR
RX_ID: 58, Freq: 131.825MHz
Mode: 2 ACK, A2GLabel: _d Block ID: 3, Msg No: S52A
Flight ID: NW0231 REG: N826NW


Message content:-

-------------------------------------------------------[2024-03-09 12:31:30.248]

SOURCE: AIR
RX_ID: 59, Freq: 131.825MHz
Mode: 2 ACK, A2GLabel: _d Block ID: 4, Msg No: S53A
Flight ID: NW0231 REG: N826NW


Message content:-

-------------------------------------------------------[2024-03-09 12:34:20.023]

SOURCE: AIR
RX_ID: 60, Freq: 131.825MHz
Mode: 2 ACK, A2GLabel: _d Block ID: 5, Msg No: S54A
Flight ID: NW0231 REG: N826NW


Message content:-

-------------------------------------------------------[2024-03-09 12:34:25.364]

SOURCE: AIR
RX_ID: 61, Freq: 131.825MHz
Mode: 2 NACKLabel: 30 Block ID: 6, Msg No: M47A
Flight ID: NW0231 REG: N826NW


Message content:-
091230 LIRF KJFK7
/FN 0231
A      
THX. COPY 10 MIN...
-------------------------------------------------------[2024-03-09 12:35:48.310]

SOURCE: AIR
RX_ID: 62, Freq: 131.725MHz
Mode: E ACK, A2GLabel: _d Block ID: 2, Msg No: S76A
Flight ID: TK09UM REG: TC-JFU


Message content:-

-------------------------------------------------------[2024-03-09 12:50:29.197]

SOURCE: AIR
RX_ID: 63, Freq: 131.725MHz
Mode: E NACKLabel: 5U Block ID: 9, Msg No: M78A
Flight ID: TK09UM REG: TC-JFU


Message content:-
LFML-SA
-------------------------------------------------------[2024-03-09 12:57:22.910]

SOURCE: AIR
RX_ID: 64, Freq: 131.725MHz
Mode: E ACK, A2GLabel: _d Block ID: 0, Msg No: S79A
Flight ID: TK09UM REG: TC-JFU


Message content:-

-------------------------------------------------------[2024-03-09 12:57:29.241]

SOURCE: AIR
RX_ID: 65, Freq: 131.725MHz
Mode: E NACKLabel: 16 Block ID: 1, Msg No: M79A
Flight ID: TK09UM REG: TC-JFU


Message content:-
 /N 44.149/E  6.622/33556/0903/1259/46/1325/
-------------------------------------------------------[2024-03-09 12:59:04.289]

SOURCE: AIR
RX_ID: 66, Freq: 131.725MHz
Mode: X NACKLabel: Q0 Block ID: 3, Msg No: S80A
Flight ID: TK09UM REG: TC-JFU


Message content:-

-------------------------------------------------------[2024-03-09 13:02:46.064]

SOURCE: AIR
RX_ID: 67, Freq: 131.725MHz
Mode: X ACK, A2GLabel: _d Block ID: 4, Msg No: S81A
Flight ID: TK09UM REG: TC-JFU


Message content:-

-------------------------------------------------------[2024-03-09 13:03:11.482]

SOURCE: AIR
RX_ID: 68, Freq: 131.725MHz
Mode: X ACK, A2GLabel: _d Block ID: 5, Msg No: S82A
Flight ID: TK09UM REG: TC-JFU


Message content:-

-------------------------------------------------------[2024-03-09 13:03:15.174]

SOURCE: AIR
RX_ID: 69, Freq: 131.825MHz
Mode: 2 NACKLabel: 83 Block ID: 7, Msg No: M05A
Flight ID: ZD0001 REG: OOLXA


Message content:-
001PR09135102N4425.2E00539.04094030061
-------------------------------------------------------[2024-03-09 13:51:04.725]

SOURCE: AIR
RX_ID: 70, Freq: 131.825MHz
Mode: 2 NACKLabel: 80 Block ID: 8, Msg No: M06A
Flight ID: ZD0001 REG: OOLXA


Message content:-
001EM09135137N4421.7E00536.84094040060
024OOLXA,..OOLXA,OPS.BELGIUM@LUXAVIATIO,N.COM
HI OPS
WE HAVE FULL LOSS OF 
GNSS AND XPDR
CAN YOU IMMEDIATELY 
CHECK WITH CAMO BERT
IF THEY WANT US TO 
CONTINUE
PL
-------------------------------------------------------[2024-03-09 13:51:40.785]

SOURCE: AIR
RX_ID: 71, Freq: 131.825MHz
Mode: 2 NACKLabel: 80 Block ID: 9, Msg No: M06B
Flight ID: ZD0001 REG: OOLXA


Message content:-
S ACK
-------------------------------------------------------[2024-03-09 13:51:46.929]

SOURCE: AIR
RX_ID: 72, Freq: 131.825MHz
Mode: 2 NACKLabel: 80 Block ID: 1, Msg No: M07A
Flight ID: ZD0001 REG: OOLXA


Message content:-
001EM09135253N4414.5E00530.54094090058
024OOLXA,..OOLXA,OPS.BELGIUM@LUXAVIATIO,N.COM
HI OPS
DISREGARD PREVIOUS
WRONG BUTTON
-------------------------------------------------------[2024-03-09 13:52:56.157]

SOURCE: AIR
RX_ID: 73, Freq: 131.725MHz
Mode: 2 NACKLabel: SA Block ID: 3, Msg No: M21A
Flight ID: AH1020 REG: 7T-VKD


Message content:-
0EV135321V
-------------------------------------------------------[2024-03-09 13:53:22.564]

SOURCE: AIR
RX_ID: 74, Freq: 131.825MHz
Mode: 2 ACK, A2GLabel: _d Block ID: 2, Msg No: S03A
Flight ID: ZD0001 REG: OOLXA


Message content:-

-------------------------------------------------------[2024-03-09 13:53:28.487]

SOURCE: AIR
RX_ID: 75, Freq: 131.825MHz
Mode: 2 ACK, A2GLabel: _d Block ID: 3, Msg No: S04A
Flight ID: ZD0001 REG: OOLXA


Message content:-

-------------------------------------------------------[2024-03-09 13:53:35.255]

SOURCE: AIR
RX_ID: 76, Freq: 131.825MHz
Mode: 2 ACK, A2GLabel: _d Block ID: 4, Msg No: S05A
Flight ID: ZD0001 REG: OOLXA


Message content:-

-------------------------------------------------------[2024-03-09 13:53:48.785]

SOURCE: AIR
RX_ID: 77, Freq: 131.725MHz
Mode: 2 NACKLabel: 5V Block ID: 4, Msg No: S36A
Flight ID: AH1020 REG: 7T-VKD


Message content:-

-------------------------------------------------------[2024-03-09 13:54:13.147]

SOURCE: AIR
RX_ID: 78, Freq: 131.825MHz
Mode: 2 NACKLabel: 80 Block ID: 5, Msg No: M08A
Flight ID: ZD0001 REG: OOLXA


Message content:-
001EM09135649N4351.9E00510.74104100054
024OOLXA,..OOLXA,OPS.BELGIUM@LUXAVIATIO,N.COM
HI OPS
SORRY I ACCIDENTLY SEND
A STORED MSG
ETA LEVC 1500Z
CAN YOU BOOK AND CHECKIN
RETURN RYR FLIGHT TO BRU
TODAY AT
-------------------------------------------------------[2024-03-09 13:56:53.913]

SOURCE: AIR
RX_ID: 79, Freq: 131.825MHz
Mode: 2 NACKLabel: 80 Block ID: 6, Msg No: M08B
Flight ID: ZD0001 REG: OOLXA


Message content:-
 1810LT
THANKS BVC KWI
PLS ACK
-------------------------------------------------------[2024-03-09 13:57:00.458]

SOURCE: AIR
RX_ID: 80, Freq: 131.825MHz
Mode: 2 ACK, A2GLabel: _d Block ID: 7, Msg No: S06A
Flight ID: ZD0001 REG: OOLXA


Message content:-

-------------------------------------------------------[2024-03-09 13:57:24.231]

SOURCE: AIR
RX_ID: 81, Freq: 131.825MHz
Mode: 2 ACK, A2GLabel: _d Block ID: 8, Msg No: S07A
Flight ID: ZD0001 REG: OOLXA


Message content:-

-------------------------------------------------------[2024-03-09 13:58:50.650]

SOURCE: AIR
RX_ID: 82, Freq: 131.825MHz
Mode: 2 ACK, A2GLabel: _d Block ID: 9, Msg No: S08A
Flight ID: ZD0001 REG: OOLXA


Message content:-

-------------------------------------------------------[2024-03-09 13:58:58.037]

SOURCE: AIR
RX_ID: 83, Freq: 131.825MHz
Mode: 2 NACKLabel: 83 Block ID: 0, Msg No: M09A
Flight ID: ZD0001 REG: OOLXA


Message content:-
001PR09140102N4327.5E00449.84094050050
-------------------------------------------------------[2024-03-09 14:01:05.416]

SOURCE: AIR
RX_ID: 84, Freq: 131.825MHz
Mode: 2 NACKLabel: B9 Block ID: 1, Msg No: L00A
Flight ID: ZD0001 REG: OOLXA


Message content:-
/LEVC.TI2/024LEVCA1C78
-------------------------------------------------------[2024-03-09 14:01:26.701]

SOURCE: AIR
RX_ID: 85, Freq: 131.825MHz
Mode: 2 ACK, A2GLabel: _d Block ID: 2, Msg No: S09A
Flight ID: ZD0001 REG: OOLXA


Message content:-

-------------------------------------------------------[2024-03-09 14:01:33.284]

SOURCE: AIR
RX_ID: 86, Freq: 131.825MHz
Mode: 2 ACK, A2GLabel: _d Block ID: 3, Msg No: S10A
Flight ID: ZD0001 REG: OOLXA


Message content:-

-------------------------------------------------------[2024-03-09 14:01:40.452]

SOURCE: AIR
RX_ID: 87, Freq: 131.725MHz
Mode: E ACK, A2GLabel: _d Block ID: 7, Msg No: M30A
Flight ID: XA0000 REG: OKJNT


Message content:-

-------------------------------------------------------[2024-03-09 14:40:59.533]

SOURCE: AIR
RX_ID: 88, Freq: 131.725MHz
Mode: E ACK, A2GLabel: _d Block ID: 8, Msg No: M31A
Flight ID: XA0000 REG: OKJNT


Message content:-

-------------------------------------------------------[2024-03-09 14:41:03.410]

SOURCE: AIR
RX_ID: 89, Freq: 131.725MHz
Mode: E ACK, A2GLabel: _d Block ID: 9, Msg No: M32A
Flight ID: XA0000 REG: OKJNT


Message content:-

-------------------------------------------------------[2024-03-09 14:41:06.703]

SOURCE: AIR
RX_ID: 90, Freq: 131.725MHz
Mode: X NACKLabel: SA Block ID: 2, Msg No: S20A
Flight ID: GR0000 REG: FHRDG


Message content:-
0EV144641V/
-------------------------------------------------------[2024-03-09 14:53:22.156]

SOURCE: AIR
RX_ID: 91, Freq: 131.725MHz
Mode: X NACKLabel: SA Block ID: 2, Msg No: S20A
Flight ID: GR0000 REG: FHRDG


Message content:-
0EV144641V/
-------------------------------------------------------[2024-03-09 14:53:44.062]

SOURCE: AIR
RX_ID: 92, Freq: 131.725MHz
Mode: X NACKLabel: 5V Block ID: 3, Msg No: S21A
Flight ID: GR0000 REG: FHRDG


Message content:-

-------------------------------------------------------[2024-03-09 14:53:46.914]

SOURCE: AIR
RX_ID: 93, Freq: 131.725MHz
Mode: 2 NACKLabel: Q0 Block ID: 0, Msg No: S25A
Flight ID: GR0000 REG: FHRDG


Message content:-

-------------------------------------------------------[2024-03-09 14:58:54.337]

SOURCE: AIR
RX_ID: 94, Freq: 131.725MHz
Mode: 2 NACKLabel: Q0 Block ID: 0, Msg No: S25A
Flight ID: GR0000 REG: FHRDG


Message content:-

-------------------------------------------------------[2024-03-09 14:59:10.320]

SOURCE: AIR
RX_ID: 95, Freq: 131.725MHz
Mode: 2 NACKLabel: SA Block ID: 1, Msg No: S20A
Flight ID: GR0000 REG: FHRDG


Message content:-
0EV144641V/
-------------------------------------------------------[2024-03-09 14:59:12.953]

SOURCE: AIR
RX_ID: 96, Freq: 131.725MHz
Mode: 2 NACKLabel: SA Block ID: 1, Msg No: S20A
Flight ID: GR0000 REG: FHRDG


Message content:-
0EV144641V/
-------------------------------------------------------[2024-03-09 14:59:21.986]

SOURCE: AIR
RX_ID: 97, Freq: 131.725MHz
Mode: 2 NACKLabel: SA Block ID: 1, Msg No: S20A
Flight ID: GR0000 REG: FHRDG


Message content:-
0EV144641V/
-------------------------------------------------------[2024-03-09 14:59:27.912]

SOURCE: AIR
RX_ID: 98, Freq: 131.725MHz
Mode: E NACKLabel: Q0 Block ID: 2, Msg No: S26A
Flight ID: GR0000 REG: FHRDG


Message content:-

-------------------------------------------------------[2024-03-09 14:59:35.920]

SOURCE: AIR
RX_ID: 99, Freq: 131.725MHz
Mode: E NACKLabel: Q0 Block ID: 2, Msg No: S26A
Flight ID: GR0000 REG: FHRDG


Message content:-

-------------------------------------------------------[2024-03-09 14:59:46.965]

SOURCE: AIR
RX_ID: 100, Freq: 131.725MHz
Mode: E NACKLabel: Q0 Block ID: 2, Msg No: S26A
Flight ID: GR0000 REG: FHRDG


Message content:-

-------------------------------------------------------[2024-03-09 14:59:56.986]

SOURCE: AIR
RX_ID: 101, Freq: 131.725MHz
Mode: G NACKLabel: SA Block ID: 3, Msg No: S27A
Flight ID: GR0000 REG: FHRDG


Message content:-
0EV145321V/
-------------------------------------------------------[2024-03-09 15:00:08.066]

SOURCE: AIR
RX_ID: 102, Freq: 131.725MHz
Mode: G NACKLabel: SA Block ID: 3, Msg No: S27A
Flight ID: GR0000 REG: FHRDG


Message content:-
0EV145321V/
-------------------------------------------------------[2024-03-09 15:00:20.136]

SOURCE: AIR
RX_ID: 103, Freq: 131.725MHz
Mode: G NACKLabel: SA Block ID: 3, Msg No: S27A
Flight ID: GR0000 REG: FHRDG


Message content:-
0EV145321V/
-------------------------------------------------------[2024-03-09 15:00:29.973]

SOURCE: AIR
RX_ID: 104, Freq: 131.725MHz
Mode: E NACKLabel: SA Block ID: 4, Msg No: S27A
Flight ID: GR0000 REG: FHRDG


Message content:-
0EV145321V/
-------------------------------------------------------[2024-03-09 15:00:41.017]

SOURCE: AIR
RX_ID: 105, Freq: 131.725MHz
Mode: E NACKLabel: SA Block ID: 4, Msg No: S27A
Flight ID: GR0000 REG: FHRDG


Message content:-
0EV145321V/
-------------------------------------------------------[2024-03-09 15:00:51.074]

SOURCE: AIR
RX_ID: 106, Freq: 131.725MHz
Mode: E NACKLabel: SA Block ID: 4, Msg No: S27A
Flight ID: GR0000 REG: FHRDG


Message content:-
0EV145321V/
-------------------------------------------------------[2024-03-09 15:01:01.094]

SOURCE: AIR
RX_ID: 107, Freq: 131.725MHz
Mode: 2 NACKLabel: SA Block ID: 5, Msg No: S27A
Flight ID: GR0000 REG: FHRDG


Message content:-
0EV145321V/
-------------------------------------------------------[2024-03-09 15:01:09.105]

SOURCE: AIR
RX_ID: 108, Freq: 131.725MHz
Mode: 2 NACKLabel: SA Block ID: 5, Msg No: S27A
Flight ID: GR0000 REG: FHRDG


Message content:-
0EV145321V/
-------------------------------------------------------[2024-03-09 15:01:20.149]

SOURCE: AIR
RX_ID: 109, Freq: 131.725MHz
Mode: 2 NACKLabel: SA Block ID: 5, Msg No: S27A
Flight ID: GR0000 REG: FHRDG


Message content:-
0EV145321V/
-------------------------------------------------------[2024-03-09 15:01:26.074]

SOURCE: AIR
RX_ID: 110, Freq: 131.725MHz
Mode: 2 NACKLabel: Q0 Block ID: 6, Msg No: S28A
Flight ID: GR0000 REG: FHRDG


Message content:-

-------------------------------------------------------[2024-03-09 15:01:40.411]

SOURCE: AIR
RX_ID: 111, Freq: 131.725MHz
Mode: 2 NACKLabel: SA Block ID: 7, Msg No: S29A
Flight ID: GR0000 REG: FHRDG


Message content:-
0EV150142V/
-------------------------------------------------------[2024-03-09 15:01:43.079]

SOURCE: AIR
RX_ID: 112, Freq: 131.725MHz
Mode: G NACKLabel: 5V Block ID: 8, Msg No: S30A
Flight ID: GR0000 REG: FHRDG


Message content:-

-------------------------------------------------------[2024-03-09 15:01:45.968]

SOURCE: AIR
RX_ID: 113, Freq: 131.725MHz
Mode: 2 NACKLabel: Q0 Block ID: 6, Msg No: S07A
Flight ID: AH1154 REG: 7T-VKI


Message content:-

-------------------------------------------------------[2024-03-09 15:54:31.362]

SOURCE: AIR
RX_ID: 114, Freq: 131.725MHz
Mode: 2 NACKLabel: SA Block ID: 7, Msg No: M65A
Flight ID: AH1154 REG: 7T-VKI


Message content:-
0EV155434V
-------------------------------------------------------[2024-03-09 15:54:34.836]

SOURCE: AIR
RX_ID: 115, Freq: 131.725MHz
Mode: 2 NACKLabel: 80 Block ID: 8, Msg No: M66A
Flight ID: AH1154 REG: 7T-VKI


Message content:-
3701 INRANG 1154/09 DAAS/LFLL .7T-VKI
/ETA 1614/ERT 1630
-------------------------------------------------------[2024-03-09 15:54:38.347]

SOURCE: AIR
RX_ID: 116, Freq: 131.725MHz
Mode: 2 NACKLabel: 5V Block ID: 9, Msg No: S08A
Flight ID: AH1154 REG: 7T-VKI


Message content:-

-------------------------------------------------------[2024-03-09 15:54:56.341]

SOURCE: AIR
RX_ID: 117, Freq: 131.725MHz
Mode: 2 NACKLabel: B9 Block ID: 1, Msg No: L04A
Flight ID: AH1154 REG: 7T-VKI


Message content:-
/LFLL.TI2/024LFLLA1338
-------------------------------------------------------[2024-03-09 16:00:45.527]

SOURCE: AIR
RX_ID: 118, Freq: 131.725MHz
Mode: 2 NACKLabel: SA Block ID: 2, Msg No: M67A
Flight ID: AH1154 REG: 7T-VKI


Message content:-
0EV160044V
-------------------------------------------------------[2024-03-09 16:00:50.059]

SOURCE: AIR
RX_ID: 119, Freq: 131.725MHz
Mode: 2 ACK, A2GLabel: SA Block ID: 2, Msg No: M67A
Flight ID: AH1154 REG: 7T-VKI


Message content:-
0EV160044V
-------------------------------------------------------[2024-03-09 16:01:00.299]

SOURCE: AIR
RX_ID: 120, Freq: 131.725MHz
Mode: 2 ACK, A2GLabel: B9 Block ID: 3, Msg No: L05A
Flight ID: AH1154 REG: 7T-VKI


Message content:-
/LFLL.TI2/024LFLLA1338
-------------------------------------------------------[2024-03-09 16:01:04.177]

SOURCE: AIR
RX_ID: 121, Freq: 131.725MHz
Mode: 2 ACK, A2GLabel: _d Block ID: 4, Msg No: S10A
Flight ID: AH1154 REG: 7T-VKI


Message content:-

-------------------------------------------------------[2024-03-09 16:01:09.077]

SOURCE: AIR
RX_ID: 122, Freq: 131.725MHz
Mode: 2 ACK, A2GLabel: _d Block ID: 5, Msg No: S11A
Flight ID: AH1154 REG: 7T-VKI


Message content:-

-------------------------------------------------------[2024-03-09 16:01:13.173]

SOURCE: AIR
RX_ID: 123, Freq: 131.850MHz
Mode: 2 NACKLabel: Q0 Block ID: 1, Msg No: S19A
Flight ID: XSWZZ1 REG: 2-UTMH


Message content:-

-------------------------------------------------------[2024-03-09 17:24:00.239]

SOURCE: AIR
RX_ID: 124, Freq: 131.825MHz
Mode: 2 NACKLabel: Q0 Block ID: 1, Msg No: S49A
Flight ID: FR93DT REG: EI-DCJ


Message content:-

-------------------------------------------------------[2024-03-09 17:32:18.929]

SOURCE: AIR
RX_ID: 125, Freq: 131.725MHz
Mode: E NACKLabel: Q0 Block ID: 5, Msg No: S45A
Flight ID: FR28JW REG: 9H-QBR


Message content:-

-------------------------------------------------------[2024-03-09 18:55:55.352]

SOURCE: AIR
RX_ID: 126, Freq: 131.725MHz
Mode: 2 NACKLabel: Q0 Block ID: 6, Msg No: S85A
Flight ID: AH1008 REG: 7T-VKD


Message content:-

-------------------------------------------------------[2024-03-09 19:01:34.487]

SOURCE: AIR
RX_ID: 127, Freq: 131.725MHz
Mode: E NACKLabel: SA Block ID: 7, Msg No: M50A
Flight ID: AH1008 REG: 7T-VKD


Message content:-
0EV190136V
-------------------------------------------------------[2024-03-09 19:01:38.802]

SOURCE: AIR
RX_ID: 128, Freq: 131.725MHz
Mode: E NACKLabel: 5V Block ID: 8, Msg No: S86A
Flight ID: AH1008 REG: 7T-VKD


Message content:-

-------------------------------------------------------[2024-03-09 19:01:58.260]

SOURCE: AIR
RX_ID: 129, Freq: 131.725MHz
Mode: E NACKLabel: SA Block ID: 0, Msg No: M51A
Flight ID: AH1008 REG: 7T-VKD


Message content:-
0EV190614V
-------------------------------------------------------[2024-03-09 19:06:16.307]

SOURCE: AIR
RX_ID: 130, Freq: 131.725MHz
Mode: E NACKLabel: 5V Block ID: 1, Msg No: S88A
Flight ID: AH1008 REG: 7T-VKD


Message content:-

-------------------------------------------------------[2024-03-09 19:06:49.484]

SOURCE: AIR
RX_ID: 131, Freq: 131.725MHz
Mode: E NACKLabel: Q0 Block ID: 2, Msg No: S89A
Flight ID: AH1008 REG: 7T-VKD


Message content:-

-------------------------------------------------------[2024-03-09 19:11:03.028]

SOURCE: AIR
RX_ID: 132, Freq: 131.725MHz
Mode: E NACKLabel: SA Block ID: 3, Msg No: M52A
Flight ID: AH1008 REG: 7T-VKD


Message content:-
0EV191105V
-------------------------------------------------------[2024-03-09 19:11:07.125]

SOURCE: AIR
RX_ID: 133, Freq: 131.725MHz
Mode: X NACKLabel: Q0 Block ID: 4, Msg No: S90A
Flight ID: AH1008 REG: 7T-VKD


Message content:-

-------------------------------------------------------[2024-03-09 19:11:12.647]

SOURCE: AIR
RX_ID: 134, Freq: 131.725MHz
Mode: X NACKLabel: 5V Block ID: 5, Msg No: S91A
Flight ID: AH1008 REG: 7T-VKD


Message content:-

-------------------------------------------------------[2024-03-09 19:11:51.961]

SOURCE: AIR
RX_ID: 135, Freq: 131.725MHz
Mode: 2 NACKLabel: Q0 Block ID: 2, Msg No: S30A
Flight ID: AH1230 REG: 7T-VKG


Message content:-

-------------------------------------------------------[2024-03-09 19:47:15.130]

SOURCE: AIR
RX_ID: 136, Freq: 131.725MHz
Mode: 2 NACKLabel: SA Block ID: 3, Msg No: M13A
Flight ID: AH1230 REG: 7T-VKG


Message content:-
0EV194717VS
-------------------------------------------------------[2024-03-09 19:47:19.226]

SOURCE: AIR
RX_ID: 137, Freq: 131.725MHz
Mode: 2 NACKLabel: SA Block ID: 4, Msg No: M14A
Flight ID: AH1230 REG: 7T-VKG


Message content:-
0LS194739V
-------------------------------------------------------[2024-03-09 19:47:41.168]

SOURCE: AIR
RX_ID: 138, Freq: 131.725MHz
Mode: 2 NACKLabel: 5V Block ID: 5, Msg No: S31A
Flight ID: AH1230 REG: 7T-VKG


Message content:-

-------------------------------------------------------[2024-03-09 19:48:00.002]

SOURCE: AIR
RX_ID: 139, Freq: 131.825MHz
Mode: 2 ACK, A2GLabel: _d Block ID: 2, Msg No: S28A
Flight ID: FR844T REG: EI-DPN


Message content:-

-------------------------------------------------------[2024-03-09 20:48:22.328]

SOURCE: AIR
RX_ID: 140, Freq: 131.825MHz
Mode: 2 ACK, A2GLabel: _d Block ID: 3, Msg No: S29A
Flight ID: FR844T REG: EI-DPN


Message content:-

-------------------------------------------------------[2024-03-09 20:48:29.096]

SOURCE: AIR
RX_ID: 141, Freq: 131.825MHz
Mode: 2 NACKLabel: Q0 Block ID: 4, Msg No: S30A
Flight ID: FR844T REG: EI-DPN


Message content:-

-------------------------------------------------------[2024-03-09 20:58:22.178]

SOURCE: AIR
RX_ID: 142, Freq: 131.825MHz
Mode: 2 NACKLabel: Q0 Block ID: 6, Msg No: S31A
Flight ID: FR844T REG: EI-DPN


Message content:-

-------------------------------------------------------[2024-03-09 21:00:18.328]

SOURCE: AIR
RX_ID: 143, Freq: 131.825MHz
Mode: 2 NACKLabel: SA Block ID: 2, Msg No: S67A
Flight ID: LH052W REG: D-AIWA


Message content:-
0EV220323V
-------------------------------------------------------[2024-03-09 22:03:23.872]

SOURCE: AIR
RX_ID: 144, Freq: 131.825MHz
Mode: 2 NACKLabel: 1L Block ID: 4, Msg No: M17A
Flight ID: LH052W REG: D-AIWA


Message content:-
00088209295KOOSIT,SV,,M5U3GI)7)FR8EE186 571-Y1GG5HH+K+
-------------------------------------------------------[2024-03-09 22:03:35.540]

