SOURCE: AIR
RX_ID: 0, Freq: 131.725MHz
Mode: X NACKLabel: Q0 Block ID: 9, Msg No: S32A
Flight ID: XSASL8 REG: 2-BBMB


Message content:-

-------------------------------------------------------[2024-02-25 17:34:56.499]

SOURCE: AIR
RX_ID: 1, Freq: 131.725MHz
Mode: 2 NACKLabel: 5V Block ID: 8, Msg No: S04A
Flight ID: AH1005 REG: 7T-VJK


Message content:-

-------------------------------------------------------[2024-02-25 17:52:31.641]

SOURCE: AIR
RX_ID: 2, Freq: 131.825MHz
Mode: 2 NACKLabel: 5V Block ID: 0, Msg No: S56A
Flight ID: VY1816 REG: EC-MBF


Message content:-

-------------------------------------------------------[2024-02-25 17:53:52.319]

SOURCE: AIR
RX_ID: 3, Freq: 131.825MHz
Mode: 2 NACKLabel: 16 Block ID: 6, Msg No: M22A
Flight ID: XSASL2 REG: 2-UTMH


Message content:-
182118,37004,1911, 120,N 43.548 E  6.148
-------------------------------------------------------[2024-02-25 18:21:19.369]

SOURCE: AIR
RX_ID: 4, Freq: 131.825MHz
Mode: 2 NACKLabel: 16 Block ID: 6, Msg No: M22A
Flight ID: XSASL2 REG: 2-UTMH


Message content:-
182118,37004,1911, 120,N 43.548 E  6.148
-------------------------------------------------------[2024-02-25 18:21:41.714]

SOURCE: AIR
RX_ID: 5, Freq: 131.825MHz
Mode: 2 NACKLabel: Q0 Block ID: 6, Msg No: 2814
Flight ID: QY 080 REG: D-AEAB


Message content:-

-------------------------------------------------------[2024-02-25 18:28:11.028]

SOURCE: AIR
RX_ID: 6, Freq: 131.825MHz
Mode: 2 NACKLabel: Q0 Block ID: 7, Msg No: S51A
Flight ID: XSASL2 REG: 2-UTMH


Message content:-

-------------------------------------------------------[2024-02-25 18:31:48.338]

SOURCE: AIR
RX_ID: 7, Freq: 131.825MHz
Mode: 2 NACKLabel: Q0 Block ID: 7, Msg No: 3819
Flight ID: QY 080 REG: D-AEAB


Message content:-

-------------------------------------------------------[2024-02-25 18:38:16.208]

SOURCE: AIR
RX_ID: 8, Freq: 131.725MHz
Mode: 2 NACKLabel: 5V Block ID: 5, Msg No: S35A
Flight ID: AH1008 REG: 7T-VKC


Message content:-

-------------------------------------------------------[2024-02-25 18:39:16.036]

SOURCE: AIR
RX_ID: 9, Freq: 131.725MHz
Mode: G NACKLabel: 5V Block ID: 8, Msg No: S40A
Flight ID: AH1008 REG: 7T-VKC


Message content:-

-------------------------------------------------------[2024-02-25 18:43:54.963]

SOURCE: AIR
RX_ID: 10, Freq: 131.725MHz
Mode: 2 NACKLabel: 5V Block ID: 1, Msg No: S42A
Flight ID: AH1008 REG: 7T-VKC


Message content:-

-------------------------------------------------------[2024-02-25 18:48:31.845]

SOURCE: AIR
RX_ID: 11, Freq: 131.725MHz
Mode: 2 NACKLabel: Q0 Block ID: 2, Msg No: S43A
Flight ID: AH1008 REG: 7T-VKC


Message content:-

-------------------------------------------------------[2024-02-25 18:52:42.112]

SOURCE: AIR
RX_ID: 12, Freq: 131.725MHz
Mode: E NACKLabel: SA Block ID: 3, Msg No: M34A
Flight ID: AH1008 REG: 7T-VKC


Message content:-
0EV185244VS
-------------------------------------------------------[2024-02-25 18:52:45.801]

SOURCE: AIR
RX_ID: 13, Freq: 131.725MHz
Mode: E NACKLabel: 5V Block ID: 4, Msg No: S44A
Flight ID: AH1008 REG: 7T-VKC


Message content:-

-------------------------------------------------------[2024-02-25 18:53:38.243]

SOURCE: AIR
RX_ID: 14, Freq: 131.725MHz
Mode: 2 NACKLabel: Q0 Block ID: 5, Msg No: S45A
Flight ID: AH1008 REG: 7T-VKC


Message content:-

-------------------------------------------------------[2024-02-25 18:57:48.101]

SOURCE: AIR
RX_ID: 15, Freq: 131.725MHz
Mode: 2 NACKLabel: SA Block ID: 6, Msg No: M36A
Flight ID: AH1008 REG: 7T-VKC


Message content:-
0EV185751VS
-------------------------------------------------------[2024-02-25 18:57:51.575]

SOURCE: AIR
RX_ID: 16, Freq: 131.725MHz
Mode: 2 NACKLabel: Q0 Block ID: 8, Msg No: S47A
Flight ID: AH1008 REG: 7T-VKC


Message content:-

-------------------------------------------------------[2024-02-25 19:02:25.603]

SOURCE: AIR
RX_ID: 17, Freq: 131.725MHz
Mode: G NACKLabel: SA Block ID: 9, Msg No: M38A
Flight ID: AH1008 REG: 7T-VKC


Message content:-
0EV190227VS
-------------------------------------------------------[2024-02-25 19:02:29.080]

SOURCE: AIR
RX_ID: 18, Freq: 131.725MHz
Mode: G NACKLabel: 5V Block ID: 0, Msg No: S48A
Flight ID: AH1008 REG: 7T-VKC


Message content:-

-------------------------------------------------------[2024-02-25 19:03:43.208]

