SOURCE: AIR
RX_ID: 0, Freq: 131.725MHz
Mode: 2 NACKLabel: SA Block ID: 4, Msg No: S23A
Flight ID: QR054E REG: A7-AEJ


Message content:-
0EV155803VS
-------------------------------------------------------[2024-06-20 15:58:04.373]

SOURCE: AIR
RX_ID: 1, Freq: 131.725MHz
Mode: 2 NACKLabel: 14 Block ID: 0, Msg No: M70A
Flight ID: ZD0001 REG: 9HGRS


Message content:-
(2AAAJN43410E  5111                                DISPATCH         LFLYETA1625(Z
-------------------------------------------------------[2024-06-20 16:03:55.210]

SOURCE: AIR
RX_ID: 2, Freq: 131.725MHz
Mode: 2 NACKLabel: 14 Block ID: 3, Msg No: M73A
Flight ID: ZD0001 REG: 9HGRS


Message content:-
(2/SGA
-------------------------------------------------------[2024-06-20 16:04:32.481]

SOURCE: AIR
RX_ID: 3, Freq: 131.725MHz
Mode: 2 NACKLabel: 14 Block ID: 6, Msg No: M76A
Flight ID: ZD0001 REG: 9HGRS


Message content:-
(2/SHA
-------------------------------------------------------[2024-06-20 16:05:42.736]

SOURCE: AIR
RX_ID: 4, Freq: 131.725MHz
Mode: G NACKLabel: SA Block ID: 7, Msg No: M19A
Flight ID: E457ZA REG: SP-EXA


Message content:-
0EV161410V
-------------------------------------------------------[2024-06-20 16:33:06.057]

SOURCE: AIR
RX_ID: 5, Freq: 131.725MHz
Mode: G NACKLabel: SA Block ID: 7, Msg No: M19A
Flight ID: E457ZA REG: SP-EXA


Message content:-
0EV161410V
-------------------------------------------------------[2024-06-20 16:33:17.946]

SOURCE: AIR
RX_ID: 6, Freq: 131.725MHz
Mode: X NACKLabel: SA Block ID: 9, Msg No: M19A
Flight ID: E457ZA REG: SP-EXA


Message content:-
0EV161410V
-------------------------------------------------------[2024-06-20 16:34:40.890]

SOURCE: AIR
RX_ID: 7, Freq: 131.725MHz
Mode: X NACKLabel: SA Block ID: 9, Msg No: M19A
Flight ID: E457ZA REG: SP-EXA


Message content:-
0EV161410V
-------------------------------------------------------[2024-06-20 16:34:52.152]

SOURCE: AIR
RX_ID: 8, Freq: 131.725MHz
Mode: X NACKLabel: SA Block ID: 9, Msg No: M19A
Flight ID: E457ZA REG: SP-EXA


Message content:-
0EV161410V
-------------------------------------------------------[2024-06-20 16:35:02.391]

SOURCE: AIR
RX_ID: 9, Freq: 131.725MHz
Mode: 2 NACKLabel: SA Block ID: 0, Msg No: M19A
Flight ID: E457ZA REG: SP-EXA


Message content:-
0EV161410V
-------------------------------------------------------[2024-06-20 16:35:10.986]

SOURCE: AIR
RX_ID: 10, Freq: 131.725MHz
Mode: 2 NACKLabel: SA Block ID: 0, Msg No: M19A
Flight ID: E457ZA REG: SP-EXA


Message content:-
0EV161410V
-------------------------------------------------------[2024-06-20 16:35:22.654]

SOURCE: AIR
RX_ID: 11, Freq: 131.725MHz
Mode: E NACKLabel: SA Block ID: 1, Msg No: M19A
Flight ID: E457ZA REG: SP-EXA


Message content:-
0EV161410V
-------------------------------------------------------[2024-06-20 16:36:04.639]

SOURCE: AIR
RX_ID: 12, Freq: 131.725MHz
Mode: E NACKLabel: SA Block ID: 1, Msg No: M19A
Flight ID: E457ZA REG: SP-EXA


Message content:-
0EV161410V
-------------------------------------------------------[2024-06-20 16:36:16.306]

SOURCE: AIR
RX_ID: 13, Freq: 131.725MHz
Mode: E NACKLabel: SA Block ID: 1, Msg No: M19A
Flight ID: E457ZA REG: SP-EXA


Message content:-
0EV161410V
-------------------------------------------------------[2024-06-20 16:36:25.743]

SOURCE: AIR
RX_ID: 14, Freq: 131.725MHz
Mode: G NACKLabel: SA Block ID: 2, Msg No: M19A
Flight ID: E457ZA REG: SP-EXA


Message content:-
0EV161410V
-------------------------------------------------------[2024-06-20 16:36:34.557]

SOURCE: AIR
RX_ID: 15, Freq: 131.725MHz
Mode: G NACKLabel: 83 Block ID: 1, Msg No: M07A
Flight ID: UV0001 REG: FHGUI


Message content:-
001PR20163634N4323.4E00512.4070212    
-------------------------------------------------------[2024-06-20 16:36:37.811]

SOURCE: AIR
RX_ID: 16, Freq: 131.725MHz
Mode: 2 NACKLabel: SA Block ID: 3, Msg No: M19A
Flight ID: E457ZA REG: SP-EXA


Message content:-
0EV161410V
-------------------------------------------------------[2024-06-20 16:37:26.160]

SOURCE: AIR
RX_ID: 17, Freq: 131.725MHz
Mode: 2 NACKLabel: SA Block ID: 3, Msg No: M19A
Flight ID: E457ZA REG: SP-EXA


Message content:-
0EV161410V
-------------------------------------------------------[2024-06-20 16:37:34.575]

SOURCE: AIR
RX_ID: 18, Freq: 131.725MHz
Mode: 2 NACKLabel: SA Block ID: 3, Msg No: M19A
Flight ID: E457ZA REG: SP-EXA


Message content:-
0EV161410V
-------------------------------------------------------[2024-06-20 16:37:46.641]

SOURCE: AIR
RX_ID: 19, Freq: 131.725MHz
Mode: G NACKLabel: SA Block ID: 4, Msg No: M19A
Flight ID: E457ZA REG: SP-EXA


Message content:-
0EV161410V
-------------------------------------------------------[2024-06-20 16:37:55.052]

SOURCE: AIR
RX_ID: 20, Freq: 131.725MHz
Mode: G NACKLabel: SA Block ID: 4, Msg No: M19A
Flight ID: E457ZA REG: SP-EXA


Message content:-
0EV161410V
-------------------------------------------------------[2024-06-20 16:38:07.523]

SOURCE: AIR
RX_ID: 21, Freq: 131.725MHz
Mode: G NACKLabel: SA Block ID: 4, Msg No: M19A
Flight ID: E457ZA REG: SP-EXA


Message content:-
0EV161410V
-------------------------------------------------------[2024-06-20 16:38:18.788]

SOURCE: AIR
RX_ID: 22, Freq: 131.725MHz
Mode: G NACKLabel: SA Block ID: 4, Msg No: M19A
Flight ID: E457ZA REG: SP-EXA


Message content:-
0EV161410V
-------------------------------------------------------[2024-06-20 16:38:31.697]

SOURCE: AIR
RX_ID: 23, Freq: 131.725MHz
Mode: E NACKLabel: SA Block ID: 5, Msg No: M19A
Flight ID: E457ZA REG: SP-EXA


Message content:-
0EV161410V
-------------------------------------------------------[2024-06-20 16:38:40.291]

SOURCE: AIR
RX_ID: 24, Freq: 131.725MHz
Mode: E NACKLabel: SA Block ID: 5, Msg No: M19A
Flight ID: E457ZA REG: SP-EXA


Message content:-
0EV161410V
-------------------------------------------------------[2024-06-20 16:38:50.532]

SOURCE: AIR
RX_ID: 25, Freq: 131.725MHz
Mode: 2 NACKLabel: SA Block ID: 6, Msg No: M19A
Flight ID: E457ZA REG: SP-EXA


Message content:-
0EV161410V
-------------------------------------------------------[2024-06-20 16:39:22.898]

SOURCE: AIR
RX_ID: 26, Freq: 131.725MHz
Mode: 2 NACKLabel: SA Block ID: 6, Msg No: M19A
Flight ID: E457ZA REG: SP-EXA


Message content:-
0EV161410V
-------------------------------------------------------[2024-06-20 16:39:33.944]

SOURCE: AIR
RX_ID: 27, Freq: 131.725MHz
Mode: 2 NACKLabel: SA Block ID: 6, Msg No: M19A
Flight ID: E457ZA REG: SP-EXA


Message content:-
0EV161410V
-------------------------------------------------------[2024-06-20 16:39:46.231]

SOURCE: AIR
RX_ID: 28, Freq: 131.725MHz
Mode: X NACKLabel: SA Block ID: 7, Msg No: M19A
Flight ID: E457ZA REG: SP-EXA


Message content:-
0EV161410V
-------------------------------------------------------[2024-06-20 16:40:05.284]

SOURCE: AIR
RX_ID: 29, Freq: 131.725MHz
Mode: 2 NACKLabel: SA Block ID: 9, Msg No: M19A
Flight ID: E457ZA REG: SP-EXA


Message content:-
0EV161410V
-------------------------------------------------------[2024-06-20 16:41:28.047]

SOURCE: AIR
RX_ID: 30, Freq: 131.725MHz
Mode: 2 NACKLabel: SA Block ID: 9, Msg No: M19A
Flight ID: E457ZA REG: SP-EXA


Message content:-
0EV161410V
-------------------------------------------------------[2024-06-20 16:41:37.666]

SOURCE: AIR
RX_ID: 31, Freq: 131.725MHz
Mode: 2 NACKLabel: SA Block ID: 9, Msg No: M19A
Flight ID: E457ZA REG: SP-EXA


Message content:-
0EV161410V
-------------------------------------------------------[2024-06-20 16:41:57.523]

SOURCE: AIR
RX_ID: 32, Freq: 131.725MHz
Mode: E NACKLabel: SA Block ID: 0, Msg No: M19A
Flight ID: E457ZA REG: SP-EXA


Message content:-
0EV161410V
-------------------------------------------------------[2024-06-20 16:42:05.934]

SOURCE: AIR
RX_ID: 33, Freq: 131.725MHz
Mode: E NACKLabel: SA Block ID: 0, Msg No: M19A
Flight ID: E457ZA REG: SP-EXA


Message content:-
0EV161410V
-------------------------------------------------------[2024-06-20 16:42:18.004]

SOURCE: AIR
RX_ID: 34, Freq: 131.725MHz
Mode: E NACKLabel: SA Block ID: 0, Msg No: M19A
Flight ID: E457ZA REG: SP-EXA


Message content:-
0EV161410V
-------------------------------------------------------[2024-06-20 16:42:28.645]

SOURCE: AIR
RX_ID: 35, Freq: 131.725MHz
Mode: E NACKLabel: SA Block ID: 0, Msg No: M19A
Flight ID: E457ZA REG: SP-EXA


Message content:-
0EV161410V
-------------------------------------------------------[2024-06-20 16:42:40.751]

SOURCE: AIR
RX_ID: 36, Freq: 131.725MHz
Mode: G NACKLabel: SA Block ID: 1, Msg No: M19A
Flight ID: E457ZA REG: SP-EXA


Message content:-
0EV161410V
-------------------------------------------------------[2024-06-20 16:42:49.134]

SOURCE: AIR
RX_ID: 37, Freq: 131.725MHz
Mode: G NACKLabel: SA Block ID: 1, Msg No: M19A
Flight ID: E457ZA REG: SP-EXA


Message content:-
0EV161410V
-------------------------------------------------------[2024-06-20 16:43:00.792]

SOURCE: AIR
RX_ID: 38, Freq: 131.725MHz
Mode: G NACKLabel: SA Block ID: 1, Msg No: M19A
Flight ID: E457ZA REG: SP-EXA


Message content:-
0EV161410V
-------------------------------------------------------[2024-06-20 16:43:10.447]

SOURCE: AIR
RX_ID: 39, Freq: 131.725MHz
Mode: G NACKLabel: SA Block ID: 1, Msg No: M19A
Flight ID: E457ZA REG: SP-EXA


Message content:-
0EV161410V
-------------------------------------------------------[2024-06-20 16:43:21.088]

SOURCE: AIR
RX_ID: 40, Freq: 131.725MHz
Mode: X NACKLabel: SA Block ID: 2, Msg No: M19A
Flight ID: E457ZA REG: SP-EXA


Message content:-
0EV161410V
-------------------------------------------------------[2024-06-20 16:43:29.902]

SOURCE: AIR
RX_ID: 41, Freq: 131.725MHz
Mode: X NACKLabel: SA Block ID: 2, Msg No: M19A
Flight ID: E457ZA REG: SP-EXA


Message content:-
0EV161410V
-------------------------------------------------------[2024-06-20 16:43:41.976]

SOURCE: AIR
RX_ID: 42, Freq: 131.725MHz
Mode: X NACKLabel: SA Block ID: 2, Msg No: M19A
Flight ID: E457ZA REG: SP-EXA


Message content:-
0EV161410V
-------------------------------------------------------[2024-06-20 16:43:52.432]

SOURCE: AIR
RX_ID: 43, Freq: 131.725MHz
Mode: X NACKLabel: SA Block ID: 2, Msg No: M19A
Flight ID: E457ZA REG: SP-EXA


Message content:-
0EV161410V
-------------------------------------------------------[2024-06-20 16:44:04.719]

SOURCE: AIR
RX_ID: 44, Freq: 131.725MHz
Mode: 2 NACKLabel: SA Block ID: 3, Msg No: M19A
Flight ID: E457ZA REG: SP-EXA


Message content:-
0EV161410V
-------------------------------------------------------[2024-06-20 16:44:13.719]

SOURCE: AIR
RX_ID: 45, Freq: 131.725MHz
Mode: 2 NACKLabel: SA Block ID: 3, Msg No: M19A
Flight ID: E457ZA REG: SP-EXA


Message content:-
0EV161410V
-------------------------------------------------------[2024-06-20 16:44:25.198]

SOURCE: AIR
RX_ID: 46, Freq: 131.725MHz
Mode: 2 NACKLabel: SA Block ID: 3, Msg No: M19A
Flight ID: E457ZA REG: SP-EXA


Message content:-
0EV161410V
-------------------------------------------------------[2024-06-20 16:44:37.058]

SOURCE: AIR
RX_ID: 47, Freq: 131.725MHz
Mode: 2 NACKLabel: SA Block ID: 3, Msg No: M19A
Flight ID: E457ZA REG: SP-EXA


Message content:-
0EV161410V
-------------------------------------------------------[2024-06-20 16:44:48.752]

SOURCE: AIR
RX_ID: 48, Freq: 131.725MHz
Mode: G NACKLabel: SA Block ID: 4, Msg No: M19A
Flight ID: E457ZA REG: SP-EXA


Message content:-
0EV161410V
-------------------------------------------------------[2024-06-20 16:44:57.345]

SOURCE: AIR
RX_ID: 49, Freq: 131.725MHz
Mode: G NACKLabel: SA Block ID: 4, Msg No: M19A
Flight ID: E457ZA REG: SP-EXA


Message content:-
0EV161410V
-------------------------------------------------------[2024-06-20 16:45:08.392]

SOURCE: AIR
RX_ID: 50, Freq: 131.725MHz
Mode: G NACKLabel: SA Block ID: 4, Msg No: M19A
Flight ID: E457ZA REG: SP-EXA


Message content:-
0EV161410V
-------------------------------------------------------[2024-06-20 16:45:16.985]

SOURCE: AIR
RX_ID: 51, Freq: 131.725MHz
Mode: G NACKLabel: SA Block ID: 4, Msg No: M19A
Flight ID: E457ZA REG: SP-EXA


Message content:-
0EV161410V
-------------------------------------------------------[2024-06-20 16:45:29.274]

SOURCE: AIR
RX_ID: 52, Freq: 131.725MHz
Mode: 2 NACKLabel: SA Block ID: 5, Msg No: M19A
Flight ID: E457ZA REG: SP-EXA


Message content:-
0EV161410V
-------------------------------------------------------[2024-06-20 16:45:38.307]

SOURCE: AIR
RX_ID: 53, Freq: 131.725MHz
Mode: X NACKLabel: SA Block ID: 6, Msg No: M19A
Flight ID: E457ZA REG: SP-EXA


Message content:-
0EV161410V
-------------------------------------------------------[2024-06-20 16:46:18.025]

SOURCE: AIR
RX_ID: 54, Freq: 131.725MHz
Mode: X NACKLabel: SA Block ID: 6, Msg No: M19A
Flight ID: E457ZA REG: SP-EXA


Message content:-
0EV161410V
-------------------------------------------------------[2024-06-20 16:46:41.981]

SOURCE: AIR
RX_ID: 55, Freq: 131.725MHz
Mode: G NACKLabel: SA Block ID: 7, Msg No: M19A
Flight ID: E457ZA REG: SP-EXA


Message content:-
0EV161410V
-------------------------------------------------------[2024-06-20 16:47:11.494]

SOURCE: AIR
RX_ID: 56, Freq: 131.725MHz
Mode: G NACKLabel: SA Block ID: 7, Msg No: M19A
Flight ID: E457ZA REG: SP-EXA


Message content:-
0EV161410V
-------------------------------------------------------[2024-06-20 16:47:22.759]

SOURCE: AIR
RX_ID: 57, Freq: 131.725MHz
Mode: G NACKLabel: SA Block ID: 7, Msg No: M19A
Flight ID: E457ZA REG: SP-EXA


Message content:-
0EV161410V
-------------------------------------------------------[2024-06-20 16:47:34.025]

SOURCE: AIR
RX_ID: 58, Freq: 131.725MHz
Mode: 2 NACKLabel: SA Block ID: 8, Msg No: M19A
Flight ID: E457ZA REG: SP-EXA


Message content:-
0EV161410V
-------------------------------------------------------[2024-06-20 16:47:42.403]

SOURCE: AIR
RX_ID: 59, Freq: 131.725MHz
Mode: 2 NACKLabel: SA Block ID: 8, Msg No: M19A
Flight ID: E457ZA REG: SP-EXA


Message content:-
0EV161410V
-------------------------------------------------------[2024-06-20 16:47:52.459]

SOURCE: AIR
RX_ID: 60, Freq: 131.725MHz
Mode: X NACKLabel: SA Block ID: 5, Msg No: S57A
Flight ID: GR0000 REG: CSPJB


Message content:-
0EV165901V/
-------------------------------------------------------[2024-06-20 17:00:44.744]

SOURCE: AIR
RX_ID: 61, Freq: 131.725MHz
Mode: 2 NACKLabel: SA Block ID: 6, Msg No: S57A
Flight ID: GR0000 REG: CSPJB


Message content:-
0EV165901V/
-------------------------------------------------------[2024-06-20 17:00:53.782]

SOURCE: AIR
RX_ID: 62, Freq: 131.725MHz
Mode: 2 NACKLabel: SA Block ID: 6, Msg No: S57A
Flight ID: GR0000 REG: CSPJB


Message content:-
0EV165901V/
-------------------------------------------------------[2024-06-20 17:01:03.617]

SOURCE: AIR
RX_ID: 63, Freq: 131.725MHz
Mode: 2 NACKLabel: SA Block ID: 6, Msg No: S57A
Flight ID: GR0000 REG: CSPJB


Message content:-
0EV165901V/
-------------------------------------------------------[2024-06-20 17:01:09.759]

SOURCE: AIR
RX_ID: 64, Freq: 131.725MHz
Mode: 2 NACKLabel: SA Block ID: 1, Msg No: S57A
Flight ID: GR0000 REG: CSPJB


Message content:-
0EV165901V/
-------------------------------------------------------[2024-06-20 17:03:16.742]

SOURCE: AIR
RX_ID: 65, Freq: 131.725MHz
Mode: 2 NACKLabel: SA Block ID: 1, Msg No: S57A
Flight ID: GR0000 REG: CSPJB


Message content:-
0EV165901V/
-------------------------------------------------------[2024-06-20 17:03:28.808]

SOURCE: AIR
RX_ID: 66, Freq: 131.725MHz
Mode: G NACKLabel: SA Block ID: 3, Msg No: S62A
Flight ID: GR0000 REG: CSPJB


Message content:-
0EV170021V/
-------------------------------------------------------[2024-06-20 17:03:53.603]

SOURCE: AIR
RX_ID: 67, Freq: 131.725MHz
Mode: G NACKLabel: SA Block ID: 3, Msg No: S62A
Flight ID: GR0000 REG: CSPJB


Message content:-
0EV170021V/
-------------------------------------------------------[2024-06-20 17:04:03.622]

SOURCE: AIR
RX_ID: 68, Freq: 131.725MHz
Mode: G NACKLabel: SA Block ID: 3, Msg No: S62A
Flight ID: GR0000 REG: CSPJB


Message content:-
0EV170021V/
-------------------------------------------------------[2024-06-20 17:04:15.691]

SOURCE: AIR
RX_ID: 69, Freq: 131.725MHz
Mode: X NACKLabel: SA Block ID: 4, Msg No: S62A
Flight ID: GR0000 REG: CSPJB


Message content:-
0EV170021V/
-------------------------------------------------------[2024-06-20 17:04:21.653]

SOURCE: AIR
RX_ID: 70, Freq: 131.725MHz
Mode: X NACKLabel: SA Block ID: 4, Msg No: S62A
Flight ID: GR0000 REG: CSPJB


Message content:-
0EV170021V/
-------------------------------------------------------[2024-06-20 17:04:29.625]

SOURCE: AIR
RX_ID: 71, Freq: 131.825MHz
Mode: 2 NACKLabel: B6 Block ID: 7, Msg No: F15A
Flight ID: EK001L REG: A6-ECO


Message content:-
/DXBEGEK.ADS.A6-ECO071F86B01FF347D048089DB8B6
-------------------------------------------------------[2024-06-20 17:08:36.228]

SOURCE: AIR
RX_ID: 72, Freq: 131.725MHz
Mode: 2 NACKLabel: SA Block ID: 1, Msg No: S62A
Flight ID: GR0000 REG: CSPJB


Message content:-
0EV170021V/
-------------------------------------------------------[2024-06-20 17:08:57.112]

SOURCE: AIR
RX_ID: 73, Freq: 131.725MHz
Mode: 2 NACKLabel: SA Block ID: 1, Msg No: S62A
Flight ID: GR0000 REG: CSPJB


Message content:-
0EV170021V/
-------------------------------------------------------[2024-06-20 17:09:06.730]

SOURCE: AIR
RX_ID: 74, Freq: 131.725MHz
Mode: 2 NACKLabel: SA Block ID: 1, Msg No: S62A
Flight ID: GR0000 REG: CSPJB


Message content:-
0EV170021V/
-------------------------------------------------------[2024-06-20 17:09:13.093]

SOURCE: AIR
RX_ID: 75, Freq: 131.725MHz
Mode: 2 NACKLabel: SA Block ID: 3, Msg No: S68A
Flight ID: GR0000 REG: CSPJB


Message content:-
0EV170353V/
-------------------------------------------------------[2024-06-20 17:09:46.446]

SOURCE: AIR
RX_ID: 76, Freq: 131.825MHz
Mode: 2 NACKLabel: H1 Block ID: 8, Msg No: O90A
Flight ID: EK001L REG: A6-ECO


Message content:-
#10BSB0122BA_A6-ECO  LGAVKEWR662
 44360 0053371710 31999-430193069010YY,015019
-------------------------------------------------------[2024-06-20 17:11:07.967]

SOURCE: AIR
RX_ID: 77, Freq: 131.725MHz
Mode: 2 NACKLabel: SA Block ID: 2, Msg No: S68A
Flight ID: GR0000 REG: CSPJB


Message content:-
0EV170353V/
-------------------------------------------------------[2024-06-20 17:15:09.852]

SOURCE: AIR
RX_ID: 78, Freq: 131.825MHz
Mode: 2 NACKLabel: H1 Block ID: 9, Msg No: F16A
Flight ID: EK001L REG: A6-ECO


Message content:-
#M1BREQPWI/WQ360.340.320.300:ETREK.NOQAS.LERGA.CNA.GALOF.RIVAK.SIVIR.N46000W015000.N46000W020000.N44000W030000.N42000W040000.N41000W050000.N41000W055000.N41000W060000.DOVEY.BOS.NELIE.IGN.FLOSI.CRANK.SHAFF.SAX.P
-------------------------------------------------------[2024-06-20 17:15:17.020]

SOURCE: AIR
RX_ID: 79, Freq: 131.725MHz
Mode: 2 NACKLabel: SA Block ID: 2, Msg No: S68A
Flight ID: GR0000 REG: CSPJB


Message content:-
0EV170353V/
-------------------------------------------------------[2024-06-20 17:15:19.873]

SOURCE: AIR
RX_ID: 80, Freq: 131.825MHz
Mode: 2 NACKLabel: H1 Block ID: 0, Msg No: F16B
Flight ID: EK001L REG: A6-ECO


Message content:-
#M1BHLBO.HOKIR.PATRN.IZEKO.GIMEE.ZAVPI.BUZZD.RW22L.KILMA./DQ3608893
-------------------------------------------------------[2024-06-20 17:15:22.950]

SOURCE: AIR
RX_ID: 81, Freq: 131.725MHz
Mode: 2 NACKLabel: SA Block ID: 2, Msg No: S68A
Flight ID: GR0000 REG: CSPJB


Message content:-
0EV170353V/
-------------------------------------------------------[2024-06-20 17:15:31.981]

SOURCE: AIR
RX_ID: 82, Freq: 131.725MHz
Mode: 2 NACKLabel: SA Block ID: 4, Msg No: S75A
Flight ID: GR0000 REG: CSPJB


Message content:-
0EV170945V/
-------------------------------------------------------[2024-06-20 17:15:46.907]

SOURCE: AIR
RX_ID: 83, Freq: 131.825MHz
Mode: 2 NACKLabel: H1 Block ID: 0, Msg No: F19A
Flight ID: EK001L REG: A6-ECO


Message content:-
#M1BREJPWI,171735,130,112,WD101,ETREK.130,112,WD101,ETREK.130,112,WD101,ETREK.130,112,WD101,ETREK.130,112,DD101,ETREK.130,112,DD101,ETREK.130,112,DD101,ETREK.130,112,DD101,ETREK1BC8
-------------------------------------------------------[2024-06-20 17:17:47.956]

SOURCE: AIR
RX_ID: 84, Freq: 131.725MHz
Mode: E NACKLabel: H1 Block ID: 5, Msg No: F23A
Flight ID: TB03DH REG: OO-JAS


Message content:-
#M1BREQPWI/WQ410:AGN.MAQAB.TIVLI.ELSAP.ZAR.EXEMU.PISUS.EDIMU.ADUXO.NUSGO.OBIBO.NASOS.ANZAN.BLN.MGA.PIMOS.GALTO.TTN.BARIS.TUSOR/DQ410/SPE63A
-------------------------------------------------------[2024-06-20 18:32:13.280]

SOURCE: AIR
RX_ID: 85, Freq: 131.725MHz
Mode: E NACKLabel: H1 Block ID: 7, Msg No: F24A
Flight ID: TB03DH REG: OO-JAS


Message content:-
#M1BPOSN45267E003527,MONCE,183220,390,AGN,185559,MAQAB,M52,199083,168/DTGMMN,35L,66,204954,73/PR1316,237,410,168,,55,6,214034,M55,50,P42,P0/RI:DA:LFJL:AA:GMMN(35L)..AGN..MAQAB..TIVLI..ELSAP..ZAR..EXEMU.N869.GAL
-------------------------------------------------------[2024-06-20 18:32:23.703]

SOURCE: AIR
RX_ID: 86, Freq: 131.725MHz
Mode: G NACKLabel: 83 Block ID: 5, Msg No: M03A
Flight ID: UV0001 REG: FHGUI


Message content:-
001PR20192118N4329.2E00533.4147173    
-------------------------------------------------------[2024-06-20 19:21:21.023]

SOURCE: AIR
RX_ID: 87, Freq: 131.725MHz
Mode: G NACKLabel: 83 Block ID: 6, Msg No: M04A
Flight ID: UV0001 REG: FHGUI


Message content:-
001PR20193133N4324.0E00623.0270273    
-------------------------------------------------------[2024-06-20 19:31:36.851]

SOURCE: AIR
RX_ID: 88, Freq: 131.825MHz
Mode: 2 NACKLabel: 15 Block ID: 1, Msg No: M93A
Flight ID: BA055G REG: G-STBF


Message content:-
FST01EGLLFAORN442108E0037305330 848 142 M45C 8619316816541411600005141951
-------------------------------------------------------[2024-06-20 19:51:10.162]

SOURCE: AIR
RX_ID: 89, Freq: 131.825MHz
Mode: 2 NACKLabel: H1 Block ID: 0, Msg No: D00A
Flight ID: QY8031 REG: D-ALEV


Message content:-
#DFBSTABLE CRUISE REPORT

APM     D-ALEV          QYXXXXXXDEPXDESX200624203544,757-200,
RB211,.695,.695,,260.5,260.5,,-15.75,-15.75,,30005,30005,,
174640,174640,,3488,3392,,,1.414,1.410,,,0,482,482,,0,0,,0,
-------------------------------------------------------[2024-06-20 20:36:24.202]

SOURCE: AIR
RX_ID: 90, Freq: 131.825MHz
Mode: 2 NACKLabel: H1 Block ID: 1, Msg No: F05A
Flight ID: QY8031 REG: D-ALEV


Message content:-
#M1BPOSN43466E006188,MAXIR,203623,300,IRMAR,204421,KINES,M39,19269,177,70072E7
-------------------------------------------------------[2024-06-20 20:36:28.296]

SOURCE: AIR
RX_ID: 91, Freq: 131.825MHz
Mode: 2 NACKLabel: H1 Block ID: 1, Msg No: F05A
Flight ID: QY8031 REG: D-ALEV


Message content:-
#M1BPOSN43466E006188,MAXIR,203623,300,IRMAR,204421,KINES,M39,19269,177,70072E7
-------------------------------------------------------[2024-06-20 20:36:40.589]

SOURCE: AIR
RX_ID: 92, Freq: 131.825MHz
Mode: 2 NACKLabel: H1 Block ID: 2, Msg No: D00B
Flight ID: QY8031 REG: D-ALEV


Message content:-
#DFB0,,
0,0,0,0,0,0,,,0,0,,,,,  31.3,  31.3,, -2.5, -2.5,,0,0,,0,0,
,,,0,0,    0, 8797, 8797,,,,,0,0,0,,,0,0,0,,,0,0,,0,0,,0,0,,
0,0,0,,,,,0,0,0,,,0,0,0,

CREATED BY AVIONIC ENGINEERING

-------------------------------------------------------[2024-06-20 20:36:46.728]

SOURCE: AIR
RX_ID: 93, Freq: 131.825MHz
Mode: 2 NACKLabel: H1 Block ID: 2, Msg No: F03A
Flight ID: QY1685 REG: D-ALEP


Message content:-
#M1BPOSN43293E006271,,205904,274,NOSTA,210649,NOPMU,M31,18864,172,1A34
-------------------------------------------------------[2024-06-20 20:59:06.988]

SOURCE: AIR
RX_ID: 94, Freq: 131.525MHz
Mode: T NACKLabel: H1 Block ID: 0, Msg No: C33A
Flight ID: AF7314 REG: F-GTAD


Message content:-
#CFBFLR/FR24062021560032493406NO TPIS DATA/IDCFDS,ECAM 2
-------------------------------------------------------[2024-06-20 21:57:26.041]

SOURCE: AIR
RX_ID: 95, Freq: 131.525MHz
Mode: T NACKLabel: H1 Block ID: 1, Msg No: F39A
Flight ID: AF7314 REG: F-GTAD


Message content:-
#M1BREJPWI,200643,053,,CB007,CLIMB.053,,CB007,CLIMB.053,,CB007,CLIMB.053,,CB007,CRUISE.053,,CB007,CRUISE.053,,CB007,CRUISE.053,,CB007,CRUISE.053,,CB007,CRUISE.053,,CB007,CRUISE.053,,CB007,CRUISE.053,,CB007,CRUI
-------------------------------------------------------[2024-06-20 22:00:03.517]

SOURCE: AIR
RX_ID: 96, Freq: 131.525MHz
Mode: T NACKLabel: H1 Block ID: 2, Msg No: F39B
Flight ID: AF7314 REG: F-GTAD


Message content:-
#M1BSE.053,,CB007,CRUISE.053,,CB007,CRUISE.053,,CB007,CRUISE.053,,CB007,CRUISE/TS215959,2006243760
-------------------------------------------------------[2024-06-20 22:00:06.808]

SOURCE: AIR
RX_ID: 97, Freq: 131.525MHz
Mode: T NACKLabel: H1 Block ID: 6, Msg No: F40A
Flight ID: AF7314 REG: F-GTAD


Message content:-
#M1BREJPWI,200643,053,,CB007,CLIMB.053,,CB007,CLIMB.053,,CB007,CLIMB.053,,CB007,CRUISE.053,,CB007,CRUISE.053,,CB007,CRUISE.053,,CB007,CRUISE.053,,CB007,CRUISE.053,,CB007,CRUISE.053,,CB007,CRUISE.053,,CB007,CRUI
-------------------------------------------------------[2024-06-20 22:07:08.889]

SOURCE: AIR
RX_ID: 98, Freq: 131.525MHz
Mode: T NACKLabel: H1 Block ID: 7, Msg No: F40B
Flight ID: AF7314 REG: F-GTAD


Message content:-
#M1BSE.053,,CB007,CRUISE.053,,CB007,CRUISE.053,,CB007,CRUISE.053,,CB007,CRUISE.027,,001,/TS220702,200624E3EE
-------------------------------------------------------[2024-06-20 22:07:12.580]

SOURCE: AIR
RX_ID: 99, Freq: 131.525MHz
Mode: T NACKLabel: H1 Block ID: 8, Msg No: F41A
Flight ID: AF7314 REG: F-GTAD


Message content:-
#M1BRESPWI/RJ,089/TS220704,200624C42B
-------------------------------------------------------[2024-06-20 22:07:16.056]

SOURCE: AIR
RX_ID: 100, Freq: 131.525MHz
Mode: T NACKLabel: 2F Block ID: 9, Msg No: M17A
Flight ID: AF7314 REG: F-GTAD


Message content:-
2208+4442+521/3356
-------------------------------------------------------[2024-06-20 22:08:58.677]

SOURCE: AIR
RX_ID: 101, Freq: 131.725MHz
Mode: 2 NACKLabel: 14 Block ID: 2, Msg No: M26A
Flight ID: ZD0001 REG: PHPKX


Message content:-
(2AAABN45237E  4107                                ATISLFMN         (Z
-------------------------------------------------------[2024-06-20 22:09:19.154]

SOURCE: AIR
RX_ID: 102, Freq: 131.525MHz
Mode: T NACKLabel: B9 Block ID: 0, Msg No: L21A
Flight ID: AF7314 REG: F-GTAD


Message content:-
/LFMN.TI2/064LFMNA83AC
-------------------------------------------------------[2024-06-20 22:09:55.213]

SOURCE: AIR
RX_ID: 103, Freq: 131.725MHz
Mode: 2 NACKLabel: 14 Block ID: 3, Msg No: M37A
Flight ID: ZD0001 REG: PHPKX


Message content:-
(2/KYA
-------------------------------------------------------[2024-06-20 22:10:33.507]

SOURCE: AIR
RX_ID: 104, Freq: 131.525MHz
Mode: T NACKLabel: 2Z Block ID: 4, Msg No: M18A
Flight ID: AF7314 REG: F-GTAD


Message content:-
LFMN
-------------------------------------------------------[2024-06-20 22:11:04.225]

SOURCE: AIR
RX_ID: 105, Freq: 131.525MHz
Mode: T NACKLabel: 2F Block ID: 6, Msg No: M19A
Flight ID: AF7314 REG: F-GTAD


Message content:-
2211+4428+561/2856
-------------------------------------------------------[2024-06-20 22:12:00.947]

SOURCE: AIR
RX_ID: 106, Freq: 131.525MHz
Mode: T NACKLabel: 2F Block ID: 7, Msg No: M20A
Flight ID: AF7314 REG: F-GTAD


Message content:-
2215+4406+589/2455
-------------------------------------------------------[2024-06-20 22:15:03.003]

SOURCE: AIR
RX_ID: 107, Freq: 131.525MHz
Mode: T NACKLabel: 26 Block ID: 8, Msg No: M21A
Flight ID: AF7314 REG: F-GTAD


Message content:-
2218LFPGAF7314/202233LFMN04L
-------------------------------------------------------[2024-06-20 22:18:04.871]

SOURCE: AIR
RX_ID: 108, Freq: 131.525MHz
Mode: T NACKLabel: 2F Block ID: 9, Msg No: M22A
Flight ID: AF7314 REG: F-GTAD


Message content:-
2218+4383+613/1855
-------------------------------------------------------[2024-06-20 22:18:07.945]

SOURCE: AIR
RX_ID: 109, Freq: 131.725MHz
Mode: 2 NACKLabel: 15 Block ID: 4, Msg No: M38A
Flight ID: ZD0001 REG: PHPKX


Message content:-
(2N44240E  5160185 88307-40(Z
-------------------------------------------------------[2024-06-20 22:19:17.576]

