SOURCE: AIR
RX_ID: 872, Freq: 131.825MHz
Mode: 2 NACKLabel: B6 Block ID: 8, Msg No: F73A
Flight ID: BA2066 REG: G-YMMA


Message content:-
/QUKAXBA.ADS.G-YMMA071EF6381A1C89470BA81DAE21
-------------------------------------------------------[2024-07-05 02:12:28.007]

SOURCE: AIR
RX_ID: 873, Freq: 131.825MHz
Mode: 2 NACKLabel: H1 Block ID: 0, Msg No: F74A
Flight ID: BA2066 REG: G-YMMA


Message content:-
#M1BPRG/TS021551,050724/DTEGKK,26L,137,033158,/PR4485,279,380,263,,130,57,,,30,P25,P0,,,,,,,M3716F8
-------------------------------------------------------[2024-07-05 02:15:53.431]

SOURCE: AIR
RX_ID: 874, Freq: 131.825MHz
Mode: 2 NACKLabel: 15 Block ID: 1, Msg No: M25A
Flight ID: BA2066 REG: G-YMMA


Message content:-
FST01DGAAEGKKN447232E0045495380 113 375 M52C 5826835035947711600003320221
-------------------------------------------------------[2024-07-05 02:21:21.514]

SOURCE: AIR
RX_ID: 875, Freq: 131.725MHz
Mode: X NACKLabel: 2F Block ID: 1, Msg No: M89A
Flight ID: AF0703 REG: F-GSQB


Message content:-
0224+4392+481/38138
DIAP/LFPG/37995/ +05/ -53/0.83/216131/202595/34.0/ETR-21 /MTL-20 / -95/   49
-------------------------------------------------------[2024-07-05 02:24:28.907]

SOURCE: AIR
RX_ID: 876, Freq: 131.825MHz
Mode: 2 NACKLabel: B6 Block ID: 2, Msg No: F75A
Flight ID: BA2066 REG: G-YMMA


Message content:-
/QUKAXBA.ADS.G-YMMA0720446019AD894718A89D8F12
-------------------------------------------------------[2024-07-05 02:26:20.126]

SOURCE: AIR
RX_ID: 877, Freq: 131.825MHz
Mode: 2 NACKLabel: 1L Block ID: 6, Msg No: M41A
Flight ID: LH0595 REG: D-AIGW


Message content:-
00133209288Q)556X XSTMMGU23Y24838TJ GF,BBVI7KH6VIJ6T35S**IG
-------------------------------------------------------[2024-07-05 02:31:06.041]

SOURCE: AIR
RX_ID: 878, Freq: 131.725MHz
Mode: G NACKLabel: B9 Block ID: 2, Msg No: L45A
Flight ID: AF0995 REG: F-GZNJ


Message content:-
/LFPG.TI2/046LFPGAD3A5
-------------------------------------------------------[2024-07-05 02:41:17.991]

SOURCE: AIR
RX_ID: 879, Freq: 131.725MHz
Mode: G NACKLabel: B9 Block ID: 4, Msg No: J89A
Flight ID: AF0977 REG: F-GZCI


Message content:-
/LFPG.TI2/000LFPGA9F82
-------------------------------------------------------[2024-07-05 02:42:21.260]

SOURCE: AIR
RX_ID: 880, Freq: 131.725MHz
Mode: G NACKLabel: B9 Block ID: 7, Msg No: J16A
Flight ID: AF0863 REG: F-GZCC


Message content:-
/LFPG.TI2/000LFPGCBFC0
-------------------------------------------------------[2024-07-05 02:49:26.846]

SOURCE: AIR
RX_ID: 881, Freq: 131.725MHz
Mode: G NACKLabel: 26 Block ID: 8, Msg No: M87A
Flight ID: AF0977 REG: F-GZCI


Message content:-
0256FOOLAF0977/050341LFPG26L
-------------------------------------------------------[2024-07-05 02:56:04.159]

SOURCE: AIR
RX_ID: 882, Freq: 131.725MHz
Mode: G NACKLabel: 26 Block ID: 0, Msg No: M83A
Flight ID: AF0863 REG: F-GZCC


Message content:-
0258DXXXAF0863/050343LFPG26L
-------------------------------------------------------[2024-07-05 02:58:02.727]

SOURCE: AIR
RX_ID: 883, Freq: 131.725MHz
Mode: X NACKLabel: B9 Block ID: 6, Msg No: M11A
Flight ID: SN04KE REG: OO-SFC


Message content:-
/EBBR.TI2/040EBBRAED4C
-------------------------------------------------------[2024-07-05 02:58:16.445]

SOURCE: AIR
RX_ID: 884, Freq: 131.725MHz
Mode: X NACKLabel: 16 Block ID: 9, Msg No: M12A
Flight ID: SN04KE REG: OO-SFC


Message content:-
05JUL24,0259,N 43.645,E  6.779,35975,0409,25600
-------------------------------------------------------[2024-07-05 02:59:40.629]

SOURCE: AIR
RX_ID: 885, Freq: 131.725MHz
Mode: G NACKLabel: 16 Block ID: 6, Msg No: M14A
Flight ID: SN09DP REG: OO-SFH


Message content:-
05JUL24,0302,N 43.372,E  6.831,40005,0418,25760
-------------------------------------------------------[2024-07-05 03:02:25.278]

SOURCE: AIR
RX_ID: 886, Freq: 131.725MHz
Mode: E NACKLabel: 16 Block ID: 4, Msg No: M42A
Flight ID: SN038K REG: OO-SFG


Message content:-
05JUL24,0326,N 44.108,E  6.817,38001,0436,24120
-------------------------------------------------------[2024-07-05 03:26:42.258]

SOURCE: AIR
RX_ID: 887, Freq: 131.825MHz
Mode: 2 NACKLabel: 30 Block ID: 8, Msg No: M24A
Flight ID: NW0182 REG: N810NW


Message content:-
040330 KJFK LIRF7
/FN 0182
A D    
PANEL. IT ALMOST FEELS L
IKE AN ELECTRICAL ISSUE
VS A FLOW ONE.
-------------------------------------------------------[2024-07-05 03:54:47.371]

SOURCE: AIR
RX_ID: 888, Freq: 131.825MHz
Mode: 2 NACKLabel: 15 Block ID: 5, Msg No: M75A
Flight ID: BA0054 REG: G-STBH


Message content:-
FST01FAOREGLLN433900E0050766380 173 765 M54C 4425234335047811600005480423
-------------------------------------------------------[2024-07-05 04:23:54.111]

SOURCE: AIR
RX_ID: 889, Freq: 131.725MHz
Mode: E NACKLabel: 16 Block ID: 0, Msg No: M29A
Flight ID: P47578 REG: 5N-BVE


Message content:-
POSA1N45086E  4503,MTL-28 ,042320,379,ETR-29 ,042806,,-54, 60, 182,834
-------------------------------------------------------[2024-07-05 04:27:25.673]

SOURCE: AIR
RX_ID: 890, Freq: 131.825MHz
Mode: 2 NACKLabel: B6 Block ID: 7, Msg No: F93A
Flight ID: BA0054 REG: G-STBH


Message content:-
/QUKAXBA.ADS.G-STBH071F3B081C2489471A2A1D564C
-------------------------------------------------------[2024-07-05 04:27:56.798]

SOURCE: AIR
RX_ID: 891, Freq: 131.825MHz
Mode: 2 NACKLabel: H1 Block ID: 0, Msg No: F94A
Flight ID: BA0054 REG: G-STBH


Message content:-
#M1BPRG/TS043642,050724/DTEGLL,27L,217,054910,/PR5091,303,380,347,,130,0,,,80,P30,P0,,,,,,,M37E93B
-------------------------------------------------------[2024-07-05 04:36:45.587]

SOURCE: AIR
RX_ID: 892, Freq: 131.825MHz
Mode: 2 NACKLabel: H1 Block ID: 4, Msg No: F29A
Flight ID: NW0112 REG: N822NW


Message content:-
#M1BPOSN45130E006250,OBIGO,045314,390,ROBEX,045422,LAPRI,M55,26752,242/TS045314,050724042F
-------------------------------------------------------[2024-07-05 04:53:17.678]

SOURCE: AIR
RX_ID: 893, Freq: 131.725MHz
Mode: G NACKLabel: 2F Block ID: 6, Msg No: M90A
Flight ID: AF0705 REG: F-GSPE


Message content:-
0503+4420+469/40108
DIAP/LFPG/40000/ -02/ -57/0.84/192562/182002/31.0/RUSIT  /ETREK  /-104/   49
-------------------------------------------------------[2024-07-05 05:03:18.325]

SOURCE: AIR
RX_ID: 894, Freq: 131.725MHz
Mode: X NACKLabel: H1 Block ID: 2, Msg No: F86A
Flight ID: DL0028 REG: N826MH


Message content:-
#M2BPOSN44296E005043,NISAR,050534,340,XIRBI,050654,DOTIG,M45,25544,226,8037485
-------------------------------------------------------[2024-07-05 05:05:35.544]

SOURCE: AIR
RX_ID: 895, Freq: 131.725MHz
Mode: G NACKLabel: H1 Block ID: 8, Msg No: F73A
Flight ID: AF0947 REG: F-GZCA


Message content:-
#M1BREJPWI,213214,053,,CB007,CLIMB.053,,CB007,CLIMB.053,,CB007,CLIMB.053,,CB007,CLIMB.053,,CB007,CLIMB.053,,CB007,CLIMB.053,,CB007,CRUISE.053,,CB007,CRUISE.053,,CB007,CRUISE.053,,CB007,CRUISE.053,,CB007,CRUISE.
-------------------------------------------------------[2024-07-05 05:07:46.216]

SOURCE: AIR
RX_ID: 896, Freq: 131.725MHz
Mode: G NACKLabel: H1 Block ID: 7, Msg No: D70A
Flight ID: AF0705 REG: F-GSPE


Message content:-
#DFBOP FUELPROBES
 78 57 62 41 42  0 27  0  0  0  0  0  0  0  0  0  0  0  0  0
  0  0  0  0  0  0  0  0  0  0  0  0  0  0  0  0  0  0  0  0
 80 60 65 44 43  0 31  0  0  0  0  0  0  0  0  0  0  0  0  0

21L
-------------------------------------------------------[2024-07-05 05:07:47.239]

SOURCE: AIR
RX_ID: 897, Freq: 131.725MHz
Mode: G NACKLabel: H1 Block ID: 8, Msg No: D70B
Flight ID: AF0705 REG: F-GSPE


Message content:-
#DFB22L23L24L25L26L27L28L21R22R23R24R25R26R27R28R
  )  )  )  )  )  )  )  )  )  )  )  )  )  )  )  )
-------------------------------------------------------[2024-07-05 05:07:51.335]

SOURCE: AIR
RX_ID: 898, Freq: 131.725MHz
Mode: G NACKLabel: H1 Block ID: 9, Msg No: F73B
Flight ID: AF0947 REG: F-GZCA


Message content:-
#M1B053,,CB007,CRUISE.053,,CB007,CRUISE.053,,CB007,CRUISE.053,,CB007,CRUISE.053,,CB007,CRUISE.053,,CB007,CRUISE.053,,CB007,CRUISE.053,,CB007,CRUISE.053,,CB007,CRUISE.053,,CB007,CRUISE.053,,CB007,CRUISE.053,,CB0
-------------------------------------------------------[2024-07-05 05:07:57.295]

SOURCE: AIR
RX_ID: 899, Freq: 131.725MHz
Mode: G NACKLabel: H1 Block ID: 0, Msg No: F73C
Flight ID: AF0947 REG: F-GZCA


Message content:-
#M1B07,CRUISE.053,,CB007,CRUISE.053,,CB007,CRUISE.053,,CB007,CRUISE.053,,CB007,CRUISE.053,,CB007,CRUISE.053,,CB007,CRUISE.053,,CB007,CRUISE.053,,CB007,CRUISE.053,,CB007,CRUISE/TS050741,0507243D5A
-------------------------------------------------------[2024-07-05 05:08:00.955]

SOURCE: AIR
RX_ID: 900, Freq: 131.725MHz
Mode: G NACKLabel: H1 Block ID: 0, Msg No: F73C
Flight ID: AF0947 REG: F-GZCA


Message content:-
#M1B07,CRUISE.053,,CB007,CRUISE.053,,CB007,CRUISE.053,,CB007,CRUISE.053,,CB007,CRUISE.053,,CB007,CRUISE.053,,CB007,CRUISE.053,,CB007,CRUISE.053,,CB007,CRUISE.053,,CB007,CRUISE/TS050741,0507243D5A
-------------------------------------------------------[2024-07-05 05:08:08.559]

SOURCE: AIR
RX_ID: 901, Freq: 131.725MHz
Mode: G NACKLabel: H1 Block ID: 0, Msg No: F73C
Flight ID: AF0947 REG: F-GZCA


Message content:-
#M1B07,CRUISE.053,,CB007,CRUISE.053,,CB007,CRUISE.053,,CB007,CRUISE.053,,CB007,CRUISE.053,,CB007,CRUISE.053,,CB007,CRUISE.053,,CB007,CRUISE.053,,CB007,CRUISE.053,,CB007,CRUISE/TS050741,0507243D5A
-------------------------------------------------------[2024-07-05 05:08:15.507]

SOURCE: AIR
RX_ID: 902, Freq: 131.725MHz
Mode: 2 NACKLabel: H1 Block ID: 0, Msg No: F73C
Flight ID: AF0947 REG: F-GZCA


Message content:-
#M1B07,CRUISE.053,,CB007,CRUISE.053,,CB007,CRUISE.053,,CB007,CRUISE.053,,CB007,CRUISE.053,,CB007,CRUISE.053,,CB007,CRUISE.053,,CB007,CRUISE.053,,CB007,CRUISE.053,,CB007,CRUISE/TS050741,0507243D5A
-------------------------------------------------------[2024-07-05 05:08:22.055]

SOURCE: AIR
RX_ID: 903, Freq: 131.725MHz
Mode: 2 NACKLabel: 2F Block ID: 1, Msg No: M12A
Flight ID: AF0947 REG: F-GZCA


Message content:-
0507+4515+464/4073
FKKD/LFPG/40000//-59/0.81/162575/155265//LOGNI  //-100/059
-------------------------------------------------------[2024-07-05 05:08:25.346]

SOURCE: AIR
RX_ID: 904, Freq: 131.725MHz
Mode: 2 NACKLabel: 2F Block ID: 1, Msg No: M12A
Flight ID: AF0947 REG: F-GZCA


Message content:-
0507+4515+464/4073
FKKD/LFPG/40000//-59/0.81/162575/155265//LOGNI  //-100/059
-------------------------------------------------------[2024-07-05 05:08:31.891]

SOURCE: AIR
RX_ID: 905, Freq: 131.725MHz
Mode: G NACKLabel: H1 Block ID: 0, Msg No: O87A
Flight ID: AF0705 REG: F-GSPE


Message content:-
#10BSB007CA_B777-200ER 31F-GSPE  AFR705  DIAPLFPG050724 051015  55ER
279243164BSM79949 00
05:10:1528 05 03
05:10:1528 03 03
-------------------------------------------------------[2024-07-05 05:10:52.181]

SOURCE: AIR
RX_ID: 906, Freq: 131.725MHz
Mode: G NACKLabel: 26 Block ID: 1, Msg No: M91A
Flight ID: AF0705 REG: F-GSPE


Message content:-
0510DIAPAF0705/04
0559LFPG26L 
-------------------------------------------------------[2024-07-05 05:10:55.875]

SOURCE: AIR
RX_ID: 907, Freq: 131.825MHz
Mode: 2 NACKLabel: 44 Block ID: 7, Msg No: M18A
Flight ID: GS404B REG: CSDLG


Message content:-
06"E_gC7M9C)`:Lggf):`7 .`7aS6M7a5??7g(g)7g) g7g))C7gg),g
-------------------------------------------------------[2024-07-05 05:20:12.534]

SOURCE: AIR
RX_ID: 908, Freq: 131.725MHz
Mode: G NACKLabel: 2F Block ID: 5, Msg No: M97A
Flight ID: AF0975 REG: F-GZCO


Message content:-
0532+4463+467/3897
FKYS/LFPG/37998//-55/0.80/170104/160380//ETREK  //-104/050
-------------------------------------------------------[2024-07-05 05:32:56.636]

SOURCE: AIR
RX_ID: 909, Freq: 131.725MHz
Mode: G NACKLabel: 26 Block ID: 6, Msg No: M98A
Flight ID: AF0975 REG: F-GZCO


Message content:-
0540FKYSAF0975/050625LFPG26L
-------------------------------------------------------[2024-07-05 05:40:03.242]

SOURCE: AIR
RX_ID: 910, Freq: 131.725MHz
Mode: G NACKLabel: B9 Block ID: 0, Msg No: J19A
Flight ID: SS0870 REG: F-HZEN


Message content:-
/LFPO.TI2/000LFPOA162B
-------------------------------------------------------[2024-07-05 06:02:11.608]

SOURCE: AIR
RX_ID: 911, Freq: 131.725MHz
Mode: X NACKLabel: H1 Block ID: 6, Msg No: F97A
Flight ID: SS0870 REG: F-HZEN


Message content:-
#M1B/ORYCASS ORYCZSS.RESREQ/AK,115/GAORYCASS.ORYCZSS/TS060718,050724370A
-------------------------------------------------------[2024-07-05 06:07:21.042]

SOURCE: AIR
RX_ID: 912, Freq: 131.825MHz
Mode: 2 NACKLabel: 83 Block ID: 9, Msg No: M33A
Flight ID: GS0001 REG: MJSTA


Message content:-
001PR05062529N4329.6E00418.83865030027
-------------------------------------------------------[2024-07-05 06:25:32.031]

SOURCE: AIR
RX_ID: 913, Freq: 131.725MHz
Mode: X NACKLabel: H1 Block ID: 3, Msg No: D24A
Flight ID: KL0592 REG: PH-BQP


Message content:-
#DFB(POS-KLM592  -4348N00460E/064534 F380
RMK/FUEL  11.5 M0.83)
-------------------------------------------------------[2024-07-05 06:45:36.482]

SOURCE: AIR
RX_ID: 914, Freq: 131.725MHz
Mode: 2 NACKLabel: SA Block ID: 1, Msg No: S16A
Flight ID: GR0000 REG: FHRDG


Message content:-
0EV064025V/
-------------------------------------------------------[2024-07-05 06:46:17.845]

SOURCE: AIR
RX_ID: 915, Freq: 131.725MHz
Mode: 2 NACKLabel: SA Block ID: 2, Msg No: S22A
Flight ID: GR0000 REG: FHRDG


Message content:-
0EV064102V/
-------------------------------------------------------[2024-07-05 06:51:57.014]

SOURCE: AIR
RX_ID: 916, Freq: 131.725MHz
Mode: 2 NACKLabel: SA Block ID: 2, Msg No: S22A
Flight ID: GR0000 REG: FHRDG


Message content:-
0EV064102V/
-------------------------------------------------------[2024-07-05 06:52:04.988]

SOURCE: AIR
RX_ID: 917, Freq: 131.725MHz
Mode: 2 NACKLabel: SA Block ID: 2, Msg No: S22A
Flight ID: GR0000 REG: FHRDG


Message content:-
0EV064102V/
-------------------------------------------------------[2024-07-05 06:52:14.827]

SOURCE: AIR
RX_ID: 918, Freq: 131.725MHz
Mode: 2 NACKLabel: SA Block ID: 4, Msg No: S29A
Flight ID: GR0000 REG: FHRDG


Message content:-
0EV064628V/
-------------------------------------------------------[2024-07-05 06:52:35.534]

SOURCE: AIR
RX_ID: 919, Freq: 131.725MHz
Mode: G NACKLabel: 10 Block ID: 6, Msg No: M52A
Flight ID: KL0104 REG: PH-BVO


Message content:-
ETA07A05065500KLM104  FACTEHAM050817EHAM0155
-------------------------------------------------------[2024-07-05 06:55:38.602]

SOURCE: AIR
RX_ID: 920, Freq: 131.825MHz
Mode: 2 NACKLabel: 16 Block ID: 6, Msg No: M26A
Flight ID: WB0710 REG: 9XR-WN


Message content:-
065715,40013,0817,  13,N 44.024 E  4.926
-------------------------------------------------------[2024-07-05 06:57:18.149]

SOURCE: AIR
RX_ID: 921, Freq: 131.725MHz
Mode: 2 NACKLabel: SA Block ID: 3, Msg No: S29A
Flight ID: GR0000 REG: FHRDG


Message content:-
0EV064628V/
-------------------------------------------------------[2024-07-05 06:59:39.650]

SOURCE: AIR
RX_ID: 922, Freq: 131.725MHz
Mode: 2 NACKLabel: SA Block ID: 3, Msg No: S29A
Flight ID: GR0000 REG: FHRDG


Message content:-
0EV064628V/
-------------------------------------------------------[2024-07-05 06:59:45.791]

SOURCE: AIR
RX_ID: 923, Freq: 131.725MHz
Mode: 2 NACKLabel: SA Block ID: 3, Msg No: S29A
Flight ID: GR0000 REG: FHRDG


Message content:-
0EV064628V/
-------------------------------------------------------[2024-07-05 06:59:51.750]

SOURCE: AIR
RX_ID: 924, Freq: 131.725MHz
Mode: E NACKLabel: SA Block ID: 5, Msg No: S36A
Flight ID: GR0000 REG: FHRDG


Message content:-
0EV065234V/
-------------------------------------------------------[2024-07-05 07:00:01.554]

