SOURCE: AIR
RX_ID: 0, Freq: 131.825MHz
Mode: 2 NACKLabel: H1 Block ID: 5, Msg No: F30A
Flight ID: 5C0632 REG: 4X-ICK


Message content:-
#M1BREQPWI/TS094932,020724/WQ310.330.340.370:KOLON.RAPUR.RATAP.BTA.DOKAR.SUNEV.PNZ.CDC.BELIX.RERSA.EBOKA.GAVDO.LINGI.GUDIS.VANZA.PIKOG.ZUKKO.KONFO.VETEK.NAT.ADLOD.GOBRI.TOMAL.SIVAK.AMMIT.MZD.APN25.TAMAR.IAF25.F
-------------------------------------------------------[2024-07-02 09:49:35.287]

SOURCE: AIR
RX_ID: 1, Freq: 131.825MHz
Mode: 2 NACKLabel: H1 Block ID: 5, Msg No: F30A
Flight ID: 5C0632 REG: 4X-ICK


Message content:-
#M1BREQPWI/TS094932,020724/WQ310.330.340.370:KOLON.RAPUR.RATAP.BTA.DOKAR.SUNEV.PNZ.CDC.BELIX.RERSA.EBOKA.GAVDO.LINGI.GUDIS.VANZA.PIKOG.ZUKKO.KONFO.VETEK.NAT.ADLOD.GOBRI.TOMAL.SIVAK.AMMIT.MZD.APN25.TAMAR.IAF25.F
-------------------------------------------------------[2024-07-02 09:50:07.437]

SOURCE: AIR
RX_ID: 2, Freq: 131.825MHz
Mode: 2 NACKLabel: H1 Block ID: 6, Msg No: F30B
Flight ID: 5C0632 REG: 4X-ICK


Message content:-
#M1BAF25.RW25.DKOTA.STRTO./DQ37029D1
-------------------------------------------------------[2024-07-02 09:50:13.181]

SOURCE: AIR
RX_ID: 3, Freq: 131.825MHz
Mode: 2 NACKLabel: H1 Block ID: 6, Msg No: F30B
Flight ID: 5C0632 REG: 4X-ICK


Message content:-
#M1BAF25.RW25.DKOTA.STRTO./DQ37029D1
-------------------------------------------------------[2024-07-02 09:50:25.062]

SOURCE: AIR
RX_ID: 4, Freq: 131.825MHz
Mode: 2 NACKLabel: H1 Block ID: 6, Msg No: F30B
Flight ID: 5C0632 REG: 4X-ICK


Message content:-
#M1BAF25.RW25.DKOTA.STRTO./DQ37029D1
-------------------------------------------------------[2024-07-02 09:50:44.299]

SOURCE: AIR
RX_ID: 5, Freq: 131.825MHz
Mode: 2 NACKLabel: H1 Block ID: 1, Msg No: F31A
Flight ID: 5C0632 REG: 4X-ICK


Message content:-
#M1B/B6 TLVXAX7.ADS.4X-ICK071F41982583488B706C9D0D1F1750278E888B80941E8078315C888B800E2ED8FB7FFC7A12
-------------------------------------------------------[2024-07-02 09:51:41.863]

SOURCE: AIR
RX_ID: 6, Freq: 131.525MHz
Mode: T NACKLabel: 2F Block ID: 7, Msg No: M65A
Flight ID: AF7303 REG: F-GMZD


Message content:-
0953+4451+639/2457
-------------------------------------------------------[2024-07-02 09:53:47.207]

SOURCE: AIR
RX_ID: 7, Freq: 131.725MHz
Mode: X ACK, A2GLabel: SA Block ID: 9, Msg No: S66A
Flight ID: AF7303 REG: F-GMZD


Message content:-
0EV095859V
-------------------------------------------------------[2024-07-02 09:59:05.890]

SOURCE: AIR
RX_ID: 8, Freq: 131.725MHz
Mode: E NACKLabel: 83 Block ID: 7, Msg No: M15A
Flight ID: GS0001 REG: DCSMC


Message content:-
001PR02100232N4439.0E00316.4429431    
-------------------------------------------------------[2024-07-02 10:02:35.189]

SOURCE: AIR
RX_ID: 9, Freq: 131.725MHz
Mode: E NACKLabel: 44 Block ID: 6, Msg No: M55A
Flight ID: GS0000 REG: FHJMA


Message content:-
07*?X.0)Em0m4M]..<;mm)00.) 6y}) 6*x).M.4);.;M);;4.)..<+<
-------------------------------------------------------[2024-07-02 10:17:51.682]

SOURCE: AIR
RX_ID: 10, Freq: 131.725MHz
Mode: G NACKLabel: 16 Block ID: 5, Msg No: M41A
Flight ID: TK1366 REG: TC-JIP


Message content:-
/N 43.453/E 6.099/20719/0207/102328/0171/1249/
-------------------------------------------------------[2024-07-02 10:23:31.252]

SOURCE: AIR
RX_ID: 11, Freq: 131.725MHz
Mode: E NACKLabel: B9 Block ID: 7, Msg No: M56A
Flight ID: GS0000 REG: FHJMA


Message content:-
/LFPB.TI2/024LFPBA0635
-------------------------------------------------------[2024-07-02 10:25:03.996]

SOURCE: AIR
RX_ID: 12, Freq: 131.725MHz
Mode: X NACKLabel: 20 Block ID: 4, Msg No: M14A
Flight ID: KL0119 REG: PH-BVG


Message content:-
RST07A02103200KLM119  EHAMFACT
-------------------------------------------------------[2024-07-02 10:32:38.066]

SOURCE: AIR
RX_ID: 13, Freq: 131.725MHz
Mode: X NACKLabel: H1 Block ID: 5, Msg No: D14A
Flight ID: KL0119 REG: PH-BVG


Message content:-
#DFB(POS-KLM119  -4307N00546E/103452 F290
RMK/FUEL 102.1 M0.84)
-------------------------------------------------------[2024-07-02 10:34:54.843]

SOURCE: AIR
RX_ID: 14, Freq: 131.725MHz
Mode: 2 NACKLabel: H1 Block ID: 3, Msg No: F32A
Flight ID: DL0024 REG: N832MH


Message content:-
#M1BPOSN44295E005044,NISAR,104625,340,XIRBI,104745,DOTIG,M50,31928,222,82147B9
-------------------------------------------------------[2024-07-02 10:46:27.294]

SOURCE: AIR
RX_ID: 15, Freq: 131.725MHz
Mode: 2 NACKLabel: 32 Block ID: 4, Msg No: M41A
Flight ID: DL0024 REG: N832MH


Message content:-
011032 KATL LFMN6
         22R                           








-------------------------------------------------------[2024-07-02 10:49:06.416]

SOURCE: AIR
RX_ID: 16, Freq: 131.725MHz
Mode: 2 NACKLabel: 39 Block ID: 8, Msg No: M45A
Flight ID: DL0024 REG: N832MH


Message content:-
011039 KATL LFMN7
1119                                   
/TCI [  ]








-------------------------------------------------------[2024-07-02 10:49:44.121]

SOURCE: AIR
RX_ID: 17, Freq: 131.725MHz
Mode: 2 ACK, A2GLabel: 39 Block ID: 8, Msg No: M45A
Flight ID: DL0024 REG: N832MH


Message content:-
011039 KATL LFMN7
1119                                   
/TCI [  ]








-------------------------------------------------------[2024-07-02 10:49:51.694]

SOURCE: AIR
RX_ID: 18, Freq: 131.825MHz
Mode: 2 NACKLabel: SA Block ID: 2, Msg No: M23A
Flight ID: BT1825 REG: YL-CSC


Message content:-
0EV105252V
-------------------------------------------------------[2024-07-02 10:52:53.122]

SOURCE: AIR
RX_ID: 19, Freq: 131.725MHz
Mode: 2 NACKLabel: H1 Block ID: 3, Msg No: D35A
Flight ID: DL0024 REG: N832MH


Message content:-
#DFBENGINE BLEED REPORT

AID:N1808  DA:02/07    GMT:10:53    FNO:2291      ISFC: 2789
TAT:  65  SAT:-118   ALT: 18260   MACH:0593    FCNT: 1890
GW:309200  FLT:0024-1  MODE:DESC    SID:AK-67-223
S/N L:70495
-------------------------------------------------------[2024-07-02 10:53:32.876]

SOURCE: AIR
RX_ID: 20, Freq: 131.725MHz
Mode: 2 NACKLabel: H1 Block ID: 4, Msg No: D35B
Flight ID: DL0024 REG: N832MH


Message content:-
#DFB2         DEPART:KATL    DESTIN:LFMN
S/N R:707000

               ENG L     ENG R
HPSOV          OPN       OPN
PRV            OPN       OPN
PRSOV          OPN       OPN
FAV %            -277     -239
-------------------------------------------------------[2024-07-02 10:53:36.349]

SOURCE: AIR
RX_ID: 21, Freq: 131.725MHz
Mode: 2 NACKLabel: B9 Block ID: 5, Msg No: L25A
Flight ID: DL0024 REG: N832MH


Message content:-
/LFMN.TI2/024LFMNA426A
-------------------------------------------------------[2024-07-02 10:53:39.825]

SOURCE: AIR
RX_ID: 22, Freq: 131.725MHz
Mode: 2 NACKLabel: H1 Block ID: 6, Msg No: D35C
Flight ID: DL0024 REG: N832MH


Message content:-
#DFB
N1 SPD          3903     3916
HI STG PRESS    4200     4200
INTERM PRESS1    2703     3323
INTERM PRESS2    3286     3648
STRUT OVHT     NRML      NRML
DUCT PRESS       2675     3275
P-COOL TEMP    
-------------------------------------------------------[2024-07-02 10:53:43.737]

SOURCE: AIR
RX_ID: 23, Freq: 131.725MHz
Mode: 2 ACK, A2GLabel: H1 Block ID: 6, Msg No: D35C
Flight ID: DL0024 REG: N832MH


Message content:-
#DFB
N1 SPD          3903     3916
HI STG PRESS    4200     4200
INTERM PRESS1    2703     3323
INTERM PRESS2    3286     3648
STRUT OVHT     NRML      NRML
DUCT PRESS       2675     3275
P-COOL TEMP    
-------------------------------------------------------[2024-07-02 10:53:45.786]

SOURCE: AIR
RX_ID: 24, Freq: 131.725MHz
Mode: 2 ACK, A2GLabel: H1 Block ID: 7, Msg No: D35D
Flight ID: DL0024 REG: N832MH


Message content:-
#DFB37656    36894
PACK HX TEMP    33766    33691
PACK FLOW       12422    10839
WING ANTI ICE  OFF
LT  ISO VLV    CLS
RT  ISO VLV    CLS
CTR ISO VLV    OPN

TRIGGER CODE   0000

STATUS WORDS  DW1  DW
-------------------------------------------------------[2024-07-02 10:53:55.588]

SOURCE: AIR
RX_ID: 25, Freq: 131.725MHz
Mode: 2 ACK, A2GLabel: H1 Block ID: 8, Msg No: D35E
Flight ID: DL0024 REG: N832MH


Message content:-
#DFB2  DW3  DW4  DW5  DW6  DW7  DW8  EICAS
LEFT          0000 0001 0000 0000 0000 0000 1040 0000 0000
RIGHT         0000 0001 0000 0000 0000 0000 1040 0000 0000

-------------------------------------------------------[2024-07-02 10:53:59.901]

SOURCE: AIR
RX_ID: 26, Freq: 131.725MHz
Mode: 2 NACKLabel: H1 Block ID: 0, Msg No: D36A
Flight ID: DL0024 REG: N832MH


Message content:-
#DFB239N1808 0024070224105553517 4368   613127 15  0340 14XX-223 20920
 272 344003711325103005ZKATLLFMN
-------------------------------------------------------[2024-07-02 10:56:17.522]

SOURCE: AIR
RX_ID: 27, Freq: 131.725MHz
Mode: X NACKLabel: B9 Block ID: 2, Msg No: L06A
Flight ID: UA0272 REG: N653UA


Message content:-
/LFMN.TI2/024LFMNA426A
-------------------------------------------------------[2024-07-02 10:57:31.066]

SOURCE: AIR
RX_ID: 28, Freq: 131.725MHz
Mode: X NACKLabel: 5Z Block ID: 6, Msg No: M65A
Flight ID: UA0272 REG: N653UA


Message content:-
/ET EXP TIME       / KEWR LFMN 01 105818/EON 1137 AUTO
-------------------------------------------------------[2024-07-02 10:58:19.999]

SOURCE: AIR
RX_ID: 29, Freq: 131.725MHz
Mode: X NACKLabel: H1 Block ID: 9, Msg No: D17A
Flight ID: UA0272 REG: N653UA


Message content:-
#DFBE31C03N650272KEWRLFMN0603901059AP
110:1400:3300
 92.3:2988:  3
101.1:3000: -2
110.1:2972: 14
1200HYDRAULIC'CRUISE END      

-------------------------------------------------------[2024-07-02 11:00:21.457]

SOURCE: AIR
RX_ID: 30, Freq: 131.725MHz
Mode: X NACKLabel: H1 Block ID: 0, Msg No: F31A
Flight ID: UA0272 REG: N653UA


Message content:-
#M1BPOSN44297E005045,NISAR,110344,340,XIRBI,110503,DOTIG,M50,30725,283,832/TS110344,0207240F7B
-------------------------------------------------------[2024-07-02 11:03:46.447]

SOURCE: AIR
RX_ID: 31, Freq: 131.725MHz
Mode: G NACKLabel: 20 Block ID: 7, Msg No: M35A
Flight ID: HV6473 REG: PH-HZN


Message content:-
RST13A02110538TRA6473 EHEHLFMN
-------------------------------------------------------[2024-07-02 11:05:40.546]

SOURCE: AIR
RX_ID: 32, Freq: 131.725MHz
Mode: G NACKLabel: B9 Block ID: 8, Msg No: M36A
Flight ID: HV6473 REG: PH-HZN


Message content:-
/LFMN.TI2/064LFMNA83AC
-------------------------------------------------------[2024-07-02 11:05:47.495]

SOURCE: AIR
RX_ID: 33, Freq: 131.725MHz
Mode: X NACKLabel: H1 Block ID: 1, Msg No: D18A
Flight ID: UA0272 REG: N653UA


Message content:-
#DFB36067303060390110505022001DESC      1110D02721KEWRLFMN724683727594
NGENEWRHPSOVOFHPSOV'''''5500000000LO LO 2500000000LO LO 5500000000LO 
LO 2500000000LO LO 5500000000LO LO 25 83 8411010C 221O 18110O 1810C
-------------------------------------------------------[2024-07-02 11:06:52.628]

SOURCE: AIR
RX_ID: 34, Freq: 131.725MHz
Mode: X NACKLabel: H1 Block ID: 2, Msg No: D18B
Flight ID: UA0272 REG: N653UA


Message content:-
#DFB35
3 83 8411010C 221O019110O 1800C3701 -49 338560.827 5.710000000030 82 
7811010C 211O 16111O 1610C350 82 7711010C 211O017111O 1600C3691 -49 3
38240.824 5.700000000035 82 7811010C 211O 16111O 1610C345 82
-------------------------------------------------------[2024-07-02 11:06:56.321]

SOURCE: AIR
RX_ID: 35, Freq: 131.725MHz
Mode: X NACKLabel: H1 Block ID: 3, Msg No: D18C
Flight ID: UA0272 REG: N653UA


Message content:-
#DFB 7711010C
 211O016111O 1600C3641 -49 337600.820 5.700000000040 82 7711000C 211O
 16111O 1600C338 82 7611010C 211O016111O 1600C3571 -49 336960.817 5.7
00000000045 81 7311000C 201O 15111O 1600C335 81 73110
-------------------------------------------------------[2024-07-02 11:06:59.795]

SOURCE: AIR
RX_ID: 36, Freq: 131.725MHz
Mode: X NACKLabel: H1 Block ID: 4, Msg No: D18D
Flight ID: UA0272 REG: N653UA


Message content:-
#DFB10C 201O016111O 
1500C3521 -49 335680.816 5.730000000050 81 7311001O 201P 62110P 4000C
339 81 7311010C 201O016111O 1600C3471 -49 334400.817 5.780000000055 8
1 7211001O 201P 63110P 4110P368 81 7311010C 20
-------------------------------------------------------[2024-07-02 11:07:03.273]

SOURCE: AIR
RX_ID: 37, Freq: 131.725MHz
Mode: X NACKLabel: H1 Block ID: 5, Msg No: D18E
Flight ID: UA0272 REG: N653UA


Message content:-
#DFB1O016111O 1600C3431 -48
 333120.818 5.820000000000 81 7311001O 201P 62110P 3810P373 81 741101
0C 211O017111O 1700C3381 -48 331520.820 5.870000000005 81 7311001O 20
1P 63110P 3710P373 81 7511010C 211O0171
-------------------------------------------------------[2024-07-02 11:07:06.745]

SOURCE: AIR
RX_ID: 38, Freq: 131.725MHz
Mode: X NACKLabel: H1 Block ID: 6, Msg No: D18F
Flight ID: UA0272 REG: N653UA


Message content:-
#DFB11O 1700C3311 -47 330240.818 5
.890000000010 81 7411001O 201P 62110P 3710P374 81 7511010C 211O017111
O 1600C3271 -47 328640.815 5.920000000015 81 7411001O 201P 63110P 371
0P374 81 7611010C 211O017111O 16
-------------------------------------------------------[2024-07-02 11:07:10.225]

SOURCE: AIR
RX_ID: 39, Freq: 131.725MHz
Mode: X NACKLabel: H1 Block ID: 7, Msg No: D18G
Flight ID: UA0272 REG: N653UA


Message content:-
#DFB00C3221 -47 327040.814 5.960000000020
 81 7411001O 211P 63110P 3710P374 81 7611010C 211O017111O 1600C3171 -
46 325440.818 6.030000000025 81 7411001O 211P 62110P 3510P374 81 7611
010C 211O017111O 1600C313
-------------------------------------------------------[2024-07-02 11:07:13.914]

SOURCE: AIR
RX_ID: 40, Freq: 131.725MHz
Mode: X NACKLabel: H1 Block ID: 8, Msg No: D18H
Flight ID: UA0272 REG: N653UA


Message content:-
#DFB1 -46 323840.819 6.080000000030 81 7511001O 
211P 62110P 3610P376 81 7711010C 211O017111O 1700C3081 -46 322240.819
 6.120000000035 81 7611001O 211P 63110P 3810P377 81 7811010C 211O0171
11O 1700C3051 -45 
-------------------------------------------------------[2024-07-02 11:07:17.390]

SOURCE: AIR
RX_ID: 41, Freq: 131.725MHz
Mode: X NACKLabel: H1 Block ID: 9, Msg No: D18I
Flight ID: UA0272 REG: N653UA


Message content:-
#DFB320640.818 6.160000000040 81 7611001O 211P 62110P 3
710P376 81 7811010C 221O017111O 1700C3031 -45 319040.819 6.2100000000
45 81 7611001O 211P 62110P 3710P376 81 7811010C 221O017111O 1700C3031
 -44 317120
-------------------------------------------------------[2024-07-02 11:07:20.898]

SOURCE: AIR
RX_ID: 42, Freq: 131.725MHz
Mode: X NACKLabel: H1 Block ID: 0, Msg No: D18J
Flight ID: UA0272 REG: N653UA


Message content:-
#DFB.822 6.280000000050 81 7711001O 211P 62110P 3710P375 81 79
11010C 221O017111O 1700C2991 -44 315520.824 6.340000000055 81 7811001
O 221P 63110P 3710P376 81 7911010C 221O018111O 1700C2961 -44 314240.8
26 6
-------------------------------------------------------[2024-07-02 11:07:25.178]

SOURCE: AIR
RX_ID: 43, Freq: 131.725MHz
Mode: X NACKLabel: H1 Block ID: 1, Msg No: D18K
Flight ID: UA0272 REG: N653UA


Message content:-
#DFB.400000000055408002C09F2000400000400805809F200040000025408002C0BF
200040000040080580BF200040000055408002D527300040000040080580BF6000400
00025408002D527300040000040080580BF600040000055408002D52730004000004
-------------------------------------------------------[2024-07-02 11:07:28.873]

SOURCE: AIR
RX_ID: 44, Freq: 131.725MHz
Mode: X NACKLabel: H1 Block ID: 2, Msg No: D18L
Flight ID: UA0272 REG: N653UA


Message content:-
#DFB0
080580BF6000000000
-------------------------------------------------------[2024-07-02 11:07:31.942]

SOURCE: AIR
RX_ID: 45, Freq: 131.725MHz
Mode: X NACKLabel: H1 Block ID: 3, Msg No: D19A
Flight ID: UA0272 REG: N653UA


Message content:-
#DFB36067303060390110505022001DESC      1110D02721KEWRLFMN724683727594
NGENEWRHPSOVOFHPSOV'''''5500000000LO LO 2500000000LO LO 5500000000LO 
LO 2500000000LO LO 5500000000LO LO 25 83 8411010C 221O 18110O 1810C
-------------------------------------------------------[2024-07-02 11:07:53.447]

SOURCE: AIR
RX_ID: 46, Freq: 131.725MHz
Mode: X NACKLabel: H1 Block ID: 4, Msg No: D19B
Flight ID: UA0272 REG: N653UA


Message content:-
#DFB35
3 83 8411010C 221O019110O 1800C3701 -49 338560.827 5.710000000030 82 
7811010C 211O 16111O 1610C350 82 7711010C 211O017111O 1600C3691 -49 3
38240.824 5.700000000035 82 7811010C 211O 16111O 1610C345 82
-------------------------------------------------------[2024-07-02 11:07:57.545]

SOURCE: AIR
RX_ID: 47, Freq: 131.725MHz
Mode: X NACKLabel: H1 Block ID: 5, Msg No: D19C
Flight ID: UA0272 REG: N653UA


Message content:-
#DFB 7711010C
 211O016111O 1600C3641 -49 337600.820 5.700000000040 82 7711000C 211O
 16111O 1600C338 82 7611010C 211O016111O 1600C3571 -49 336960.817 5.7
00000000045 81 7311000C 201O 15111O 1600C335 81 73110
-------------------------------------------------------[2024-07-02 11:08:01.236]

SOURCE: AIR
RX_ID: 48, Freq: 131.725MHz
Mode: X NACKLabel: H1 Block ID: 6, Msg No: D19D
Flight ID: UA0272 REG: N653UA


Message content:-
#DFB10C 201O016111O 
1500C3521 -49 335680.816 5.730000000050 81 7311001O 201P 62110P 4000C
339 81 7311010C 201O016111O 1600C3471 -49 334400.817 5.780000000055 8
1 7211001O 201P 63110P 4110P368 81 7311010C 20
-------------------------------------------------------[2024-07-02 11:08:04.710]

SOURCE: AIR
RX_ID: 49, Freq: 131.725MHz
Mode: X NACKLabel: H1 Block ID: 7, Msg No: D19E
Flight ID: UA0272 REG: N653UA


Message content:-
#DFB1O016111O 1600C3431 -48
 333120.818 5.820000000000 81 7311001O 201P 62110P 3810P373 81 741101
0C 211O017111O 1700C3381 -48 331520.820 5.870000000005 81 7311001O 20
1P 63110P 3710P373 81 7511010C 211O0171
-------------------------------------------------------[2024-07-02 11:08:08.187]

SOURCE: AIR
RX_ID: 50, Freq: 131.725MHz
Mode: X NACKLabel: H1 Block ID: 8, Msg No: D19F
Flight ID: UA0272 REG: N653UA


Message content:-
#DFB11O 1700C3311 -47 330240.818 5
.890000000010 81 7411001O 201P 62110P 3710P374 81 7511010C 211O017111
O 1600C3271 -47 328640.815 5.920000000015 81 7411001O 201P 63110P 371
0P374 81 7611010C 211O017111O 16
-------------------------------------------------------[2024-07-02 11:08:12.099]

SOURCE: AIR
RX_ID: 51, Freq: 131.725MHz
Mode: X NACKLabel: H1 Block ID: 9, Msg No: D19G
Flight ID: UA0272 REG: N653UA


Message content:-
#DFB00C3221 -47 327040.814 5.960000000020
 81 7411001O 211P 63110P 3710P374 81 7611010C 211O017111O 1600C3171 -
46 325440.818 6.030000000025 81 7411001O 211P 62110P 3510P374 81 7611
010C 211O017111O 1600C313
-------------------------------------------------------[2024-07-02 11:08:16.196]

SOURCE: AIR
RX_ID: 52, Freq: 131.725MHz
Mode: X NACKLabel: H1 Block ID: 0, Msg No: D19H
Flight ID: UA0272 REG: N653UA


Message content:-
#DFB1 -46 323840.819 6.080000000030 81 7511001O 
211P 62110P 3610P376 81 7711010C 211O017111O 1700C3081 -46 322240.819
 6.120000000035 81 7611001O 211P 63110P 3810P377 81 7811010C 211O0171
11O 1700C3051 -45 
-------------------------------------------------------[2024-07-02 11:08:19.449]

SOURCE: AIR
RX_ID: 53, Freq: 131.725MHz
Mode: X NACKLabel: H1 Block ID: 1, Msg No: D19I
Flight ID: UA0272 REG: N653UA


Message content:-
#DFB320640.818 6.160000000040 81 7611001O 211P 62110P 3
710P376 81 7811010C 221O017111O 1700C3031 -45 319040.819 6.2100000000
45 81 7611001O 211P 62110P 3710P376 81 7811010C 221O017111O 1700C3031
 -44 317120
-------------------------------------------------------[2024-07-02 11:08:22.923]

SOURCE: AIR
RX_ID: 54, Freq: 131.725MHz
Mode: X NACKLabel: H1 Block ID: 2, Msg No: D19J
Flight ID: UA0272 REG: N653UA


Message content:-
#DFB.822 6.280000000050 81 7711001O 211P 62110P 3710P375 81 79
11010C 221O017111O 1700C2991 -44 315520.824 6.340000000055 81 7811001
O 221P 63110P 3710P376 81 7911010C 221O018111O 1700C2961 -44 314240.8
26 6
-------------------------------------------------------[2024-07-02 11:08:27.240]

SOURCE: AIR
RX_ID: 55, Freq: 131.725MHz
Mode: X NACKLabel: H1 Block ID: 3, Msg No: D19K
Flight ID: UA0272 REG: N653UA


Message content:-
#DFB.400000000055408002C09F2000400000400805809F200040000025408002C0BF
200040000040080580BF200040000055408002D527300040000040080580BF6000400
00025408002D527300040000040080580BF600040000055408002D52730004000004
-------------------------------------------------------[2024-07-02 11:08:32.141]

SOURCE: AIR
RX_ID: 56, Freq: 131.725MHz
Mode: X NACKLabel: H1 Block ID: 4, Msg No: D19L
Flight ID: UA0272 REG: N653UA


Message content:-
#DFB0
080580BF6000000000
-------------------------------------------------------[2024-07-02 11:08:35.212]

SOURCE: AIR
RX_ID: 57, Freq: 131.725MHz
Mode: X NACKLabel: B9 Block ID: 5, Msg No: L07A
Flight ID: UA0272 REG: N653UA


Message content:-
/LFMN.TI2/024LFMNA426A
-------------------------------------------------------[2024-07-02 11:08:52.449]

SOURCE: AIR
RX_ID: 58, Freq: 131.725MHz
Mode: X NACKLabel: H1 Block ID: 0, Msg No: D20B
Flight ID: UA0272 REG: N653UA


Message content:-
#DFB34
4 68 3411101O 131O025110O 2400C3381 -18 210240.712 9.070000000032 68 
3411101P 131O 25110O 2510C343 68 3411101O 131O025110O 2400C3381 -18 2
07680.708 9.150000000037 68 3411101P 131O 24110O 2510C343 68
-------------------------------------------------------[2024-07-02 11:11:56.758]

SOURCE: AIR
RX_ID: 59, Freq: 131.725MHz
Mode: X NACKLabel: H1 Block ID: 2, Msg No: D20D
Flight ID: UA0272 REG: N653UA


Message content:-
#DFB01O 141O025110O 
2400C3371 -16 200640.701 9.350000000052 68 3411101O 141O 25110O 2510C
342 68 3411101O 141O025110O 2400C3371 -16 198400.701 9.440000000057 6
8 3411101O 141O 25110O 2510C341 68 3511101O 14
-------------------------------------------------------[2024-07-02 11:12:03.926]

SOURCE: AIR
RX_ID: 60, Freq: 131.725MHz
Mode: X NACKLabel: H1 Block ID: 3, Msg No: D20E
Flight ID: UA0272 REG: N653UA


Message content:-
#DFB1O025110O 2400C3371 -15
 196160.699 9.510000000002 68 3511101O 141O 25110O 2510C341 68 351110
1O 141O025110O 2500C3371 -14 193920.695 9.570000000007 68 3511101O 14
1O 25110O 2510C341 68 3511101O 141O0251
-------------------------------------------------------[2024-07-02 11:12:07.399]

SOURCE: AIR
RX_ID: 61, Freq: 131.725MHz
Mode: X NACKLabel: H1 Block ID: 4, Msg No: D20F
Flight ID: UA0272 REG: N653UA


Message content:-
#DFB10O 2500C3371 -14 191680.691 9
.630000000012 68 3511101O 141O 25110O 2510C339 68 3511101O 141O026110
O 2500C3371 -13 189440.689 9.700000000017 68 3511101O 141O 25110O 251
0C339 68 3511101O 141O026110O 25
-------------------------------------------------------[2024-07-02 11:12:11.093]

SOURCE: AIR
RX_ID: 62, Freq: 131.725MHz
Mode: X NACKLabel: H1 Block ID: 5, Msg No: D20G
Flight ID: UA0272 REG: N653UA


Message content:-
#DFB00C3361 -13 187200.687 9.770000000022
 68 3511101O 141O 25110O 2610C339 68 3511101O 141O026110O 2500C3361 -
12 184960.685 9.840000000027 68 3511101O 141O 26110O 2600C339 68 3611
101O 141O026110O 2500C337
-------------------------------------------------------[2024-07-02 11:12:14.569]

SOURCE: AIR
RX_ID: 63, Freq: 131.725MHz
Mode: X NACKLabel: H1 Block ID: 6, Msg No: D20H
Flight ID: UA0272 REG: N653UA


Message content:-
#DFB1 -12 182720.683 9.910000000032 68 3611101O 
141O 26110O 2600C338 68 3511101O 141O026110O 2500C3361 -11 180480.679
 9.970000000037 68 3611101O 141O 26110O 2600C338 68 3611101O 141O0261
10O 2500C3361 -10 
-------------------------------------------------------[2024-07-02 11:12:18.444]

SOURCE: AIR
RX_ID: 64, Freq: 131.725MHz
Mode: X NACKLabel: H1 Block ID: 7, Msg No: D20I
Flight ID: UA0272 REG: N653UA


Message content:-
#DFB178560.67610.030000000042 68 3611101O 141O 26110O 2
600C338 68 3611101O 141O026110O 2500C3361 -10 176320.67410.1100000000
47 68 3611101O 151O 26110O 2600C338 68 3611101O 151O026110O 2500C3371
  -9 174080
-------------------------------------------------------[2024-07-02 11:12:21.955]

SOURCE: AIR
RX_ID: 65, Freq: 131.725MHz
Mode: X NACKLabel: H1 Block ID: 8, Msg No: D20J
Flight ID: UA0272 REG: N653UA


Message content:-
#DFB.67110.160000000052 68 3611101O 151O 26110O 2600C338 68 36
11101O 151O026110O 2500C3371  -9 171840.66710.220000000057 68 3611101
O 151O 26110O 2600C338 68 3611101O 151O026110O 2500C3371  -8 169600.6
6210
-------------------------------------------------------[2024-07-02 11:12:26.466]

SOURCE: AIR
RX_ID: 66, Freq: 131.725MHz
Mode: X NACKLabel: H1 Block ID: 9, Msg No: D20K
Flight ID: UA0272 REG: N653UA


Message content:-
#DFB.270000000057408002C16720004000004008058167200040000027408002C177
20004000004008058167200040000057408002C167200040000040080581672000400
00027408002816720004000004008058167200040000057408002816720004000004
-------------------------------------------------------[2024-07-02 11:12:31.170]

SOURCE: AIR
RX_ID: 67, Freq: 131.725MHz
Mode: X NACKLabel: H1 Block ID: 0, Msg No: D20L
Flight ID: UA0272 REG: N653UA


Message content:-
#DFB0
080581672000400000
-------------------------------------------------------[2024-07-02 11:12:34.243]

SOURCE: AIR
RX_ID: 68, Freq: 131.725MHz
Mode: E NACKLabel: SA Block ID: 7, Msg No: S33A
Flight ID: UV0001 REG: S5BBC


Message content:-
0EV112601V
-------------------------------------------------------[2024-07-02 11:26:37.411]

SOURCE: AIR
RX_ID: 69, Freq: 131.725MHz
Mode: E NACKLabel: SA Block ID: 7, Msg No: S33A
Flight ID: UV0001 REG: S5BBC


Message content:-
0EV112601V
-------------------------------------------------------[2024-07-02 11:26:44.761]

SOURCE: AIR
RX_ID: 70, Freq: 131.725MHz
Mode: E NACKLabel: SA Block ID: 7, Msg No: S33A
Flight ID: UV0001 REG: S5BBC


Message content:-
0EV112601V
-------------------------------------------------------[2024-07-02 11:26:53.174]

SOURCE: AIR
RX_ID: 71, Freq: 131.725MHz
Mode: E NACKLabel: SA Block ID: 7, Msg No: S33A
Flight ID: UV0001 REG: S5BBC


Message content:-
0EV112601V
-------------------------------------------------------[2024-07-02 11:27:03.012]

SOURCE: AIR
RX_ID: 72, Freq: 131.725MHz
Mode: 2 NACKLabel: SA Block ID: 8, Msg No: S33A
Flight ID: UV0001 REG: S5BBC


Message content:-
0EV112601V
-------------------------------------------------------[2024-07-02 11:27:09.338]

SOURCE: AIR
RX_ID: 73, Freq: 131.725MHz
Mode: 2 NACKLabel: SA Block ID: 8, Msg No: S33A
Flight ID: UV0001 REG: S5BBC


Message content:-
0EV112601V
-------------------------------------------------------[2024-07-02 11:27:16.946]

SOURCE: AIR
RX_ID: 74, Freq: 131.725MHz
Mode: 2 NACKLabel: SA Block ID: 8, Msg No: S33A
Flight ID: UV0001 REG: S5BBC


Message content:-
0EV112601V
-------------------------------------------------------[2024-07-02 11:27:27.772]

SOURCE: AIR
RX_ID: 75, Freq: 131.725MHz
Mode: 2 NACKLabel: SA Block ID: 8, Msg No: S33A
Flight ID: UV0001 REG: S5BBC


Message content:-
0EV112601V
-------------------------------------------------------[2024-07-02 11:27:37.827]

SOURCE: AIR
RX_ID: 76, Freq: 131.725MHz
Mode: X NACKLabel: SA Block ID: 9, Msg No: S33A
Flight ID: UV0001 REG: S5BBC


Message content:-
0EV112601V
-------------------------------------------------------[2024-07-02 11:27:44.154]

SOURCE: AIR
RX_ID: 77, Freq: 131.725MHz
Mode: X NACKLabel: SA Block ID: 9, Msg No: S33A
Flight ID: UV0001 REG: S5BBC


Message content:-
0EV112601V
-------------------------------------------------------[2024-07-02 11:27:56.446]

SOURCE: AIR
RX_ID: 78, Freq: 131.725MHz
Mode: X NACKLabel: SA Block ID: 9, Msg No: S33A
Flight ID: UV0001 REG: S5BBC


Message content:-
0EV112601V
-------------------------------------------------------[2024-07-02 11:28:06.683]

SOURCE: AIR
RX_ID: 79, Freq: 131.725MHz
Mode: X NACKLabel: SA Block ID: 9, Msg No: S33A
Flight ID: UV0001 REG: S5BBC


Message content:-
0EV112601V
-------------------------------------------------------[2024-07-02 11:28:17.361]

SOURCE: AIR
RX_ID: 80, Freq: 131.725MHz
Mode: 2 NACKLabel: SA Block ID: 0, Msg No: S33A
Flight ID: UV0001 REG: S5BBC


Message content:-
0EV112601V
-------------------------------------------------------[2024-07-02 11:28:23.909]

SOURCE: AIR
RX_ID: 81, Freq: 131.725MHz
Mode: 2 NACKLabel: SA Block ID: 0, Msg No: S33A
Flight ID: UV0001 REG: S5BBC


Message content:-
0EV112601V
-------------------------------------------------------[2024-07-02 11:28:30.454]

SOURCE: AIR
RX_ID: 82, Freq: 131.725MHz
Mode: 2 NACKLabel: SA Block ID: 0, Msg No: S33A
Flight ID: UV0001 REG: S5BBC


Message content:-
0EV112601V
-------------------------------------------------------[2024-07-02 11:28:42.340]

SOURCE: AIR
RX_ID: 83, Freq: 131.725MHz
Mode: 2 NACKLabel: SA Block ID: 0, Msg No: S33A
Flight ID: UV0001 REG: S5BBC


Message content:-
0EV112601V
-------------------------------------------------------[2024-07-02 11:28:51.155]

SOURCE: AIR
RX_ID: 84, Freq: 131.725MHz
Mode: 2 NACKLabel: 16 Block ID: 4, Msg No: M53A
Flight ID: TS0403 REG: C-GPTS


Message content:-
112942,36010,1918,1028,N 44.122,E  5.812
-------------------------------------------------------[2024-07-02 11:29:47.658]

SOURCE: AIR
RX_ID: 85, Freq: 131.725MHz
Mode: 2 NACKLabel: SA Block ID: 2, Msg No: S35A
Flight ID: UV0001 REG: S5BBC


Message content:-
0EV113115V
-------------------------------------------------------[2024-07-02 11:31:17.991]

SOURCE: AIR
RX_ID: 86, Freq: 131.725MHz
Mode: 2 NACKLabel: SA Block ID: 2, Msg No: S35A
Flight ID: UV0001 REG: S5BBC


Message content:-
0EV113115V
-------------------------------------------------------[2024-07-02 11:31:26.184]

SOURCE: AIR
RX_ID: 87, Freq: 131.725MHz
Mode: 2 NACKLabel: SA Block ID: 2, Msg No: S35A
Flight ID: UV0001 REG: S5BBC


Message content:-
0EV113115V
-------------------------------------------------------[2024-07-02 11:31:35.402]

SOURCE: AIR
RX_ID: 88, Freq: 131.725MHz
Mode: 2 NACKLabel: SA Block ID: 2, Msg No: S35A
Flight ID: UV0001 REG: S5BBC


Message content:-
0EV113115V
-------------------------------------------------------[2024-07-02 11:31:43.776]

SOURCE: AIR
RX_ID: 89, Freq: 131.725MHz
Mode: E NACKLabel: SA Block ID: 3, Msg No: S35A
Flight ID: UV0001 REG: S5BBC


Message content:-
0EV113115V
-------------------------------------------------------[2024-07-02 11:31:50.761]

SOURCE: AIR
RX_ID: 90, Freq: 131.725MHz
Mode: E NACKLabel: SA Block ID: 3, Msg No: S35A
Flight ID: UV0001 REG: S5BBC


Message content:-
0EV113115V
-------------------------------------------------------[2024-07-02 11:31:57.309]

SOURCE: AIR
RX_ID: 91, Freq: 131.725MHz
Mode: E NACKLabel: SA Block ID: 3, Msg No: S35A
Flight ID: UV0001 REG: S5BBC


Message content:-
0EV113115V
-------------------------------------------------------[2024-07-02 11:32:06.927]

SOURCE: AIR
RX_ID: 92, Freq: 131.725MHz
Mode: E NACKLabel: SA Block ID: 3, Msg No: S35A
Flight ID: UV0001 REG: S5BBC


Message content:-
0EV113115V
-------------------------------------------------------[2024-07-02 11:32:18.812]

SOURCE: AIR
RX_ID: 93, Freq: 131.725MHz
Mode: G NACKLabel: SA Block ID: 4, Msg No: S35A
Flight ID: UV0001 REG: S5BBC


Message content:-
0EV113115V
-------------------------------------------------------[2024-07-02 11:32:25.357]

SOURCE: AIR
RX_ID: 94, Freq: 131.725MHz
Mode: G NACKLabel: SA Block ID: 4, Msg No: S35A
Flight ID: UV0001 REG: S5BBC


Message content:-
0EV113115V
-------------------------------------------------------[2024-07-02 11:32:34.793]

SOURCE: AIR
RX_ID: 95, Freq: 131.725MHz
Mode: G NACKLabel: SA Block ID: 4, Msg No: S35A
Flight ID: UV0001 REG: S5BBC


Message content:-
0EV113115V
-------------------------------------------------------[2024-07-02 11:32:41.961]

SOURCE: AIR
RX_ID: 96, Freq: 131.725MHz
Mode: G NACKLabel: SA Block ID: 4, Msg No: S35A
Flight ID: UV0001 REG: S5BBC


Message content:-
0EV113115V
-------------------------------------------------------[2024-07-02 11:32:49.315]

SOURCE: AIR
RX_ID: 97, Freq: 131.725MHz
Mode: X NACKLabel: SA Block ID: 5, Msg No: S35A
Flight ID: UV0001 REG: S5BBC


Message content:-
0EV113115V
-------------------------------------------------------[2024-07-02 11:32:56.079]

SOURCE: AIR
RX_ID: 98, Freq: 131.725MHz
Mode: X NACKLabel: SA Block ID: 5, Msg No: S35A
Flight ID: UV0001 REG: S5BBC


Message content:-
0EV113115V
-------------------------------------------------------[2024-07-02 11:33:06.940]

SOURCE: AIR
RX_ID: 99, Freq: 131.725MHz
Mode: X NACKLabel: SA Block ID: 5, Msg No: S35A
Flight ID: UV0001 REG: S5BBC


Message content:-
0EV113115V
-------------------------------------------------------[2024-07-02 11:33:16.157]

SOURCE: AIR
RX_ID: 100, Freq: 131.725MHz
Mode: X NACKLabel: SA Block ID: 5, Msg No: S35A
Flight ID: UV0001 REG: S5BBC


Message content:-
0EV113115V
-------------------------------------------------------[2024-07-02 11:33:23.106]

SOURCE: AIR
RX_ID: 101, Freq: 131.725MHz
Mode: 2 NACKLabel: SA Block ID: 6, Msg No: S35A
Flight ID: UV0001 REG: S5BBC


Message content:-
0EV113115V
-------------------------------------------------------[2024-07-02 11:33:29.688]

SOURCE: AIR
RX_ID: 102, Freq: 131.725MHz
Mode: 2 NACKLabel: SA Block ID: 6, Msg No: S35A
Flight ID: UV0001 REG: S5BBC


Message content:-
0EV113115V
-------------------------------------------------------[2024-07-02 11:33:36.855]

SOURCE: AIR
RX_ID: 103, Freq: 131.725MHz
Mode: 2 NACKLabel: SA Block ID: 6, Msg No: S35A
Flight ID: UV0001 REG: S5BBC


Message content:-
0EV113115V
-------------------------------------------------------[2024-07-02 11:33:43.586]

SOURCE: AIR
RX_ID: 104, Freq: 131.725MHz
Mode: 2 NACKLabel: SA Block ID: 6, Msg No: S35A
Flight ID: UV0001 REG: S5BBC


Message content:-
0EV113115V
-------------------------------------------------------[2024-07-02 11:33:50.169]

SOURCE: AIR
RX_ID: 105, Freq: 131.725MHz
Mode: 2 NACKLabel: H1 Block ID: 2, Msg No: F18A
Flight ID: XA2120 REG: HBJOR


Message content:-
#M1B/.RESREQ/AK,115/TS113409,020724
-------------------------------------------------------[2024-07-02 11:34:11.235]

SOURCE: AIR
RX_ID: 106, Freq: 131.725MHz
Mode: 2 NACKLabel: H1 Block ID: 3, Msg No: F19A
Flight ID: XA2120 REG: HBJOR


Message content:-
#M1B/.POS/TS113409,020724N44538E004126,,113409,300,,113409,,M41,30425,166,8509F78
-------------------------------------------------------[2024-07-02 11:34:15.949]

SOURCE: AIR
RX_ID: 107, Freq: 131.725MHz
Mode: G NACKLabel: H1 Block ID: 1, Msg No: D03A
Flight ID: SN03DY REG: OO-SFC


Message content:-
#DFB001293900101010734243
R01/A33001,1,1
C1,.OO-SFC,24JUL02,11.36.30,EBBR,FKKD,BEL3DY    ,5000,627
C2,004,06.0,000000,D1333RR06C02BEL,000,052,052
C3,-25.5,35001,0.800,111,1.08,111,10,0,01,111,1.06,X
C4,-25
-------------------------------------------------------[2024-07-02 11:36:57.754]

SOURCE: AIR
RX_ID: 108, Freq: 131.725MHz
Mode: G NACKLabel: H1 Block ID: 3, Msg No: D03C
Flight ID: SN03DY REG: OO-SFC


Message content:-
#DFB469,1.469,078.72,086.8,088.1,0634,07.774,03144,08.97
S1,05.27,-25.3,037.5,183.4,159.5,457.4,08.1,058.3,028.9,31,127
S2,05.27,-25.3,037.4,182.9,158.0,455.5,08.1,057.9,021.4,28,125
T1,077,095,112.5,-07.1,0
-------------------------------------------------------[2024-07-02 11:37:05.144]

SOURCE: AIR
RX_ID: 109, Freq: 131.725MHz
Mode: G NACKLabel: H1 Block ID: 4, Msg No: D03D
Flight ID: SN03DY REG: OO-SFC


Message content:-
#DFB46.4,0.13,0.05,0.08,140,0.19,011.9
T2,084,102,108.1,007.6,045.9,0.17,0.15,0.14,312,0.27,011.9
V1,0420,0359
V2,0427,0359
                            :

-------------------------------------------------------[2024-07-02 11:37:08.837]

SOURCE: AIR
RX_ID: 110, Freq: 131.725MHz
Mode: G NACKLabel: 16 Block ID: 1, Msg No: M20A
Flight ID: SN03DY REG: OO-SFC


Message content:-
02JUL24,1140,N 44.416,E  5.599,35002,1658,93920
-------------------------------------------------------[2024-07-02 11:40:15.815]

SOURCE: AIR
RX_ID: 111, Freq: 131.725MHz
Mode: 2 NACKLabel: H1 Block ID: 7, Msg No: F23A
Flight ID: XA2120 REG: HBJOR


Message content:-
#M1B/.POS/TS114439,020724N43484E005077,,114439,134,,114439,,M2,33816,162,85082AE
-------------------------------------------------------[2024-07-02 11:44:48.448]

SOURCE: AIR
RX_ID: 112, Freq: 131.725MHz
Mode: G NACKLabel: 16 Block ID: 1, Msg No: M17A
Flight ID: SN027A REG: OO-SFD


Message content:-
02JUL24,1146,N 44.163,E  7.027,35006,1656,81200
-------------------------------------------------------[2024-07-02 11:46:55.849]

SOURCE: AIR
RX_ID: 113, Freq: 131.725MHz
Mode: G NACKLabel: 3A Block ID: 2, Msg No: M21A
Flight ID: SN03DY REG: OO-SFC


Message content:-
02JUL24,1150,,SN379
-------------------------------------------------------[2024-07-02 11:50:11.059]

SOURCE: AIR
RX_ID: 114, Freq: 131.725MHz
Mode: 2 NACKLabel: 15 Block ID: 5, Msg No: M24A
Flight ID: XA0001 REG: N648FJ


Message content:-
(2N44364E  5079271 34410-49(Z
-------------------------------------------------------[2024-07-02 11:50:23.347]

SOURCE: AIR
RX_ID: 115, Freq: 131.725MHz
Mode: G NACKLabel: H1 Block ID: 2, Msg No: D05A
Flight ID: SN027A REG: OO-SFD


Message content:-
#DFB001050700101010734077
R01/A33001,1,1
C1,.OO-SFD,24JUL02,11.34.24,EBBR,DGAA,BEL27A    ,5000,521
C2,004,06.0,000000,D1333RR06C02BEL,000,052,052
C3,-25.2,35011,0.808,111,1.00,111,10,0,01,111,1.08,X
C4,-25
-------------------------------------------------------[2024-07-02 11:50:28.248]

SOURCE: AIR
RX_ID: 116, Freq: 131.725MHz
Mode: G NACKLabel: H1 Block ID: 4, Msg No: D05C
Flight ID: SN027A REG: OO-SFD


Message content:-
#DFB452,1.452,078.16,086.3,086.1,0606,07.770,03030,08.88
S1,05.31,-25.2,036.9,180.2,154.5,448.5,09.0,058.3,032.6,27,120
S2,05.31,-25.2,038.1,180.6,158.3,441.4,08.7,056.6,029.5,34,136
T1,076,094,109.9,003.8,0
-------------------------------------------------------[2024-07-02 11:50:35.635]

SOURCE: AIR
RX_ID: 117, Freq: 131.725MHz
Mode: G NACKLabel: H1 Block ID: 5, Msg No: D05D
Flight ID: SN027A REG: OO-SFD


Message content:-
#DFB47.2,0.15,0.09,0.08,315,0.24,012.6
T2,076,092,105.0,002.0,047.0,0.13,0.03,0.07,033,0.19,012.2
V1,0410,0356
V2,0411,0340
                            :

-------------------------------------------------------[2024-07-02 11:50:39.514]

SOURCE: AIR
RX_ID: 118, Freq: 131.725MHz
Mode: G NACKLabel: H1 Block ID: 6, Msg No: D06A
Flight ID: SN027A REG: OO-SFD


Message content:-
#DFB002050700101011031076
R02/A33002,1,1
C1,.OO-SFD,24JUL02,11.34.24,EBBR,DGAA,BEL27A    ,5000,829
C2,001,06.0,000000,D1333RR06C02BEL,000,052,052
C3,-25.2,35011,0.808,111,1.00,111,10,0,01,111,1.08,X
C4,-25
-------------------------------------------------------[2024-07-02 11:50:50.600]

SOURCE: AIR
RX_ID: 119, Freq: 131.725MHz
Mode: G NACKLabel: H1 Block ID: 7, Msg No: D06B
Flight ID: SN027A REG: OO-SFD


Message content:-
#DFB.3,35011,0.808,111
C5,041029,74280,21572,26218,00443,10016,00000,00402,1E066,195
C6,042040,02639,00988,00562,00443,10015,00000,00402,0E066,173
N1,1.452,1.452,078.13,086.1,087.4,0629,07.761,03098,08.94
N
-------------------------------------------------------[2024-07-02 11:50:54.073]

SOURCE: AIR
RX_ID: 120, Freq: 131.725MHz
Mode: G NACKLabel: H1 Block ID: 8, Msg No: D06C
Flight ID: SN027A REG: OO-SFD


Message content:-
#DFB2,1.452,1.452,078.16,086.3,086.1,0606,07.770,03030,08.88
S1,05.31,-25.2,036.9,180.2,154.5,448.5,09.0,058.3,032.6,27,120
S2,05.31,-25.2,038.1,180.6,158.3,441.4,08.7,056.6,029.5,34,136
T1,076,094,109.9,003
-------------------------------------------------------[2024-07-02 11:50:57.775]

SOURCE: AIR
RX_ID: 121, Freq: 131.725MHz
Mode: G NACKLabel: H1 Block ID: 9, Msg No: D06D
Flight ID: SN027A REG: OO-SFD


Message content:-
#DFB.8,047.2,0.15,0.09,0.08,315,0.24,012.6
T2,076,092,105.0,002.0,047.0,0.13,0.03,0.07,033,0.19,012.2
V1,0410,0356
V2,0411,0340
X1,-00.1,002.3,-02.1,-003,00.0013,N45.92
X2,000.0,002.7,-02.0,-003,00.0012,N4
-------------------------------------------------------[2024-07-02 11:51:02.046]

SOURCE: AIR
RX_ID: 122, Freq: 131.725MHz
Mode: G NACKLabel: H1 Block ID: 1, Msg No: D06F
Flight ID: SN027A REG: OO-SFD


Message content:-
#DFB,0.798
X7,-00.5,000.6,028,-047,0.798:

-------------------------------------------------------[2024-07-02 11:51:09.031]

SOURCE: AIR
RX_ID: 123, Freq: 131.825MHz
Mode: 2 NACKLabel: 5Z Block ID: 3, Msg No: M52A
Flight ID: AA0333 REG: N799AN


Message content:-
OS KJFK /FTM
S/SIVIR/1319/83/36
-------------------------------------------------------[2024-07-02 11:53:02.304]

SOURCE: AIR
RX_ID: 124, Freq: 131.825MHz
Mode: 2 NACKLabel: H1 Block ID: 6, Msg No: F46A
Flight ID: AA0333 REG: N799AN


Message content:-
#M1BPOSN44274E005310,KOT-17,115600,360,ETR-18,120333,NOQ-19,M54,29527,13908BEB
-------------------------------------------------------[2024-07-02 11:56:02.100]

SOURCE: AIR
RX_ID: 125, Freq: 131.825MHz
Mode: 2 NACKLabel: H1 Block ID: 8, Msg No: D57A
Flight ID: AA0333 REG: N799AN


Message content:-
#DFBTRP LGAV KJFK 07  8 170   0  0 114443
 43.1481   9.0503359995417204790.0050.002 26.87 -79.45145320-53 227OFF
 43.2872   8.5716359985408804780.0070.004 25.50 -80.16144480-53 227OFF
 43.4242   8.0906360025
-------------------------------------------------------[2024-07-02 11:56:46.980]

SOURCE: AIR
RX_ID: 126, Freq: 131.825MHz
Mode: 2 NACKLabel: B2 Block ID: 0, Msg No: M53A
Flight ID: AA0333 REG: N799AN


Message content:-
/PIKCLYA.CLA 1156 240702 EGGX CLRNCE 184AAL333 CLRD TO KJFK VIA BUNAVRANDOM ROUTE46N020W 45N030W 45N040W 44N050W 42N060WFM BUNAV/1325 MNTN F340 M083ATC/LEVEL CHANGE ENTRY POINT CHANGE ROUTEAMENDMENTEND O
-------------------------------------------------------[2024-07-02 11:58:02.951]

SOURCE: AIR
RX_ID: 127, Freq: 131.825MHz
Mode: 2 NACKLabel: B2 Block ID: 1, Msg No: M53B
Flight ID: AA0333 REG: N799AN


Message content:-
F MESSAGE
-------------------------------------------------------[2024-07-02 11:58:09.094]

SOURCE: AIR
RX_ID: 128, Freq: 131.725MHz
Mode: G NACKLabel: 16 Block ID: 4, Msg No: M41A
Flight ID: QR004P REG: A7-AEO


Message content:-
ADIMO  ,N 43.740,E  6.147,39009,0257,1236, 55\TS115900,020724
-------------------------------------------------------[2024-07-02 11:59:07.282]

SOURCE: AIR
RX_ID: 129, Freq: 131.725MHz
Mode: 2 NACKLabel: 15 Block ID: 6, Msg No: M25A
Flight ID: XA0001 REG: N648FJ


Message content:-
(2N43376E  6234262 32409-48(Z
-------------------------------------------------------[2024-07-02 12:00:22.660]

SOURCE: AIR
RX_ID: 130, Freq: 131.825MHz
Mode: 2 NACKLabel: H1 Block ID: 4, Msg No: F47A
Flight ID: AA0333 REG: N799AN


Message content:-
#M1BPOSN45037E004296,ETR-21,120335,360,NOQ-22,120529,LER-23,M55,27333,1369EC32
-------------------------------------------------------[2024-07-02 12:03:37.646]

SOURCE: AIR
RX_ID: 131, Freq: 131.825MHz
Mode: 2 NACKLabel: H1 Block ID: 6, Msg No: F48A
Flight ID: AA0333 REG: N799AN


Message content:-
#M1BPOSN45128E004138,NOQ-22,120530,360,LER-23,120753,VALKU,M53,28140,1364D0A7
-------------------------------------------------------[2024-07-02 12:05:33.556]

SOURCE: AIR
RX_ID: 132, Freq: 131.725MHz
Mode: E NACKLabel: H1 Block ID: 8, Msg No: F68A
Flight ID: QR004P REG: A7-AEO


Message content:-
#M1BPRG/DTLFBO,32R,520,123620,041/FNQTR4P/TS120616,020724406B
-------------------------------------------------------[2024-07-02 12:06:20.495]

SOURCE: AIR
RX_ID: 133, Freq: 131.725MHz
Mode: E NACKLabel: 16 Block ID: 0, Msg No: M43A
Flight ID: QR004P REG: A7-AEO


Message content:-
ADIMO  ,N 43.660,E  4.382,33122,0286,1234, 53\TS120912,020724
-------------------------------------------------------[2024-07-02 12:09:19.720]

SOURCE: AIR
RX_ID: 134, Freq: 131.725MHz
Mode: G NACKLabel: H1 Block ID: 0, Msg No: F03A
Flight ID: DK1537 REG: OY-VKI


Message content:-
#M1BRESREQ/AK,1158AF6
-------------------------------------------------------[2024-07-02 12:43:58.759]

SOURCE: AIR
RX_ID: 135, Freq: 131.725MHz
Mode: G NACKLabel: H1 Block ID: 0, Msg No: F03A
Flight ID: DK1537 REG: OY-VKI


Message content:-
#M1BRESREQ/AK,1158AF6
-------------------------------------------------------[2024-07-02 12:44:05.120]

SOURCE: AIR
RX_ID: 136, Freq: 131.725MHz
Mode: G NACKLabel: H1 Block ID: 1, Msg No: F04A
Flight ID: DK1537 REG: OY-VKI


Message content:-
#M1BPOSN42375E006198,,124356,400,N42509E006354,124611,NOSTA,M49,28338,409/TS124356,0702247A9E
-------------------------------------------------------[2024-07-02 12:44:08.593]

SOURCE: AIR
RX_ID: 137, Freq: 131.825MHz
Mode: 2 NACKLabel: H1 Block ID: 3, Msg No: F19A
Flight ID: AC0893 REG: C-FIUW


Message content:-
#M1BPOSN44048E006360,NEMBO,124416,340,KOTIT,125049,ETREK,M49,32326,1478/RP:DA:LIRF:AA:CYUL:LO:R0:R:25O:F:KOTIT.UM616..NOQAS..LERGA..VALKU..PECNO..GALOF..RIVAK:CS:RIVAK,830..SIVIR:CS:SIVIR,830..N46000W015000..N4
-------------------------------------------------------[2024-07-02 12:44:18.650]

SOURCE: AIR
RX_ID: 138, Freq: 131.825MHz
Mode: 2 NACKLabel: H1 Block ID: 4, Msg No: F19B
Flight ID: AC0893 REG: C-FIUW


Message content:-
#M1B6000W020000..N45000W030000..N44000W040000..N43000W050000..JEBBY..CARAC.N36A..TOPPS/PR6234,300,340,1478,,146,56,,,60,P30,P0,,,,,,,M37/DTCYUL,,264,202016,00E0
-------------------------------------------------------[2024-07-02 12:44:23.149]

SOURCE: AIR
RX_ID: 139, Freq: 131.825MHz
Mode: 2 NACKLabel: H1 Block ID: 5, Msg No: F20A
Flight ID: AC0893 REG: C-FIUW


Message content:-
#M1BRESPWI/AK,71605F
-------------------------------------------------------[2024-07-02 12:45:49.971]

SOURCE: AIR
RX_ID: 140, Freq: 131.725MHz
Mode: G NACKLabel: SA Block ID: 2, Msg No: S29A
Flight ID: DK1537 REG: OY-VKI


Message content:-
0LS124649V
-------------------------------------------------------[2024-07-02 12:46:51.419]

SOURCE: AIR
RX_ID: 141, Freq: 131.825MHz
Mode: 2 NACKLabel: B2 Block ID: 9, Msg No: L06A
Flight ID: AC0893 REG: C-FIUW


Message content:-
/PIKCLYA.OC1/CLA 1247 240702 EGGX CLRNCE 259
ACA893 CLRD TO CYUL VIA SIVIR
RANDOM ROUTE
46N015W 46N020W 45N030W 44N040W 43N050W JEBBY
CARAC
FM SIVIR/1413 MNTN F330 M083
ATC/LEVEL CHANGE
END OF MESSAGE119
-------------------------------------------------------[2024-07-02 12:48:37.732]

SOURCE: AIR
RX_ID: 142, Freq: 131.825MHz
Mode: 2 NACKLabel: B2 Block ID: 0, Msg No: L06B
Flight ID: AC0893 REG: C-FIUW


Message content:-
8
-------------------------------------------------------[2024-07-02 12:48:43.879]

SOURCE: AIR
RX_ID: 143, Freq: 131.825MHz
Mode: 2 NACKLabel: 4T Block ID: 3, Msg No: M23A
Flight ID: AC0893 REG: C-FIUW


Message content:-
AGFSR AC0893/02/02/FCOYUL/1249Z/737/4431.4N00549.9E/340/CRUISE/0661/0105/M49/298034/0290/---/451/1134/1203/----/----
-------------------------------------------------------[2024-07-02 12:50:00.683]

SOURCE: AIR
RX_ID: 144, Freq: 131.825MHz
Mode: 2 NACKLabel: B9 Block ID: 1, Msg No: M66A
Flight ID: VY412J REG: EC-KLB


Message content:-
/LEPA.TI2/040LEPAA6F3E
-------------------------------------------------------[2024-07-02 13:03:10.845]

SOURCE: AIR
RX_ID: 145, Freq: 131.825MHz
Mode: 2 NACKLabel: H1 Block ID: 5, Msg No: F24A
Flight ID: AA0289 REG: N767AJ


Message content:-
#M1BPOSN43388E007236,PIG-01,130747,320,BOD-02,131453,KOT-03,M45,26722,199890F1
-------------------------------------------------------[2024-07-02 13:07:50.003]

SOURCE: AIR
RX_ID: 146, Freq: 131.825MHz
Mode: 2 NACKLabel: 5Z Block ID: 6, Msg No: M05A
Flight ID: AA0289 REG: N767AJ


Message content:-
OS KDFW /FTM
S/SIVIR/1441/83/34
MAX 350
-------------------------------------------------------[2024-07-02 13:13:49.025]

SOURCE: AIR
RX_ID: 147, Freq: 131.825MHz
Mode: 2 NACKLabel: H1 Block ID: 9, Msg No: D05A
Flight ID: AA0289 REG: N767AJ


Message content:-
#DFBTRP LIRF KDFW 07  8 696   0  0 130219
 42.7095  10.1388278326101604860.0180.006 20.25 -58.71205760-34 332OFF
 42.9559   9.7286308146088004930.0280.012 24.87 -71.37204400-42 290OFF
 43.0997   9.2414319996
-------------------------------------------------------[2024-07-02 13:14:23.035]

SOURCE: AIR
RX_ID: 148, Freq: 131.825MHz
Mode: 2 ACK, A2GLabel: H1 Block ID: 0, Msg No: D05B
Flight ID: AA0289 REG: N767AJ


Message content:-
#DFB077204860.0300.010 24.62 -68.91203320-45 274OFF
 43.2389   8.7552319986068004860.0110.007 26.75 -66.45202400-45 275OFF
 43.3754   8.2696320046058804820.0170.011 24.75 -68.55201480-45 274OFF
-------------------------------------------------------[2024-07-02 13:14:31.414]

SOURCE: AIR
RX_ID: 149, Freq: 131.825MHz
Mode: 2 NACKLabel: B9 Block ID: 9, Msg No: M16A
Flight ID: GS0000 REG: DANXA


Message content:-
/LFLY.TI2/024LFLYAEFBE
-------------------------------------------------------[2024-07-02 13:14:43.295]

SOURCE: AIR
RX_ID: 150, Freq: 131.825MHz
Mode: 2 NACKLabel: H1 Block ID: 1, Msg No: F25A
Flight ID: AA0289 REG: N767AJ


Message content:-
#M1BPOSN44134E006236,BOD-02,131455,320,KOT-03,131950,ETREK,M44,30325,19759DB8
-------------------------------------------------------[2024-07-02 13:14:57.410]

SOURCE: AIR
RX_ID: 151, Freq: 131.825MHz
Mode: 2 NACKLabel: 44 Block ID: 1, Msg No: M18A
Flight ID: GS0000 REG: DANXA


Message content:-
04p=G'mVNHmF:F(''Xm\+V\:'VqzkNVqzqnV'a'!V\m\XV\mm:V'\!#!
-------------------------------------------------------[2024-07-02 13:16:17.503]

SOURCE: AIR
RX_ID: 152, Freq: 131.825MHz
Mode: 2 NACKLabel: H1 Block ID: 4, Msg No: F26A
Flight ID: AA0289 REG: N767AJ


Message content:-
#M1BPOSN44367E005419,KOT-03,131954,320,ETREK,132716,NOQAS,M45,29025,19601557
-------------------------------------------------------[2024-07-02 13:19:56.239]

SOURCE: AIR
RX_ID: 153, Freq: 131.825MHz
Mode: 2 NACKLabel: B6 Block ID: 0, Msg No: F61A
Flight ID: BA0082 REG: G-VIIF


Message content:-
/QUKAXBA.ADS.G-VIIF071EF9F01C9F09C492F41DFEC4
-------------------------------------------------------[2024-07-02 13:20:14.855]

SOURCE: AIR
RX_ID: 154, Freq: 131.825MHz
Mode: 2 NACKLabel: H1 Block ID: 1, Msg No: F63A
Flight ID: BA0082 REG: G-VIIF


Message content:-
#M1BPRG/TS132058,020724/DTEGLL,27L,156,144018,/PR4072,345,400,287,,112,100,,,50,P30,P0,,,,,,,M37399C
-------------------------------------------------------[2024-07-02 13:21:00.754]

SOURCE: AIR
RX_ID: 155, Freq: 131.825MHz
Mode: 2 NACKLabel: 44 Block ID: 2, Msg No: M19A
Flight ID: GS0000 REG: DANXA


Message content:-
06cE5gC7M99.)9Lgg))9.7.:g7aS6M7aSai7g(g 7.C .7.CC`7g. ,g
-------------------------------------------------------[2024-07-02 13:21:07.301]

SOURCE: AIR
RX_ID: 156, Freq: 131.725MHz
Mode: 2 NACKLabel: H1 Block ID: 4, Msg No: F53A
Flight ID: XA0000 REG: T7ACE


Message content:-
#M1B/ARINCXA.RESREQ/AK,115/TS132208,020724/GAARINCXA
-------------------------------------------------------[2024-07-02 13:22:04.863]

SOURCE: AIR
RX_ID: 157, Freq: 131.725MHz
Mode: 2 NACKLabel: H1 Block ID: 5, Msg No: F54A
Flight ID: XA0000 REG: T7ACE


Message content:-
#M1B/ARINCXA.POS/TS132208,020724/GAARINCXAN44363E004474,,132208,340,,132208,,M52,27426,234,8505D4D
-------------------------------------------------------[2024-07-02 13:22:08.959]

SOURCE: AIR
RX_ID: 158, Freq: 131.825MHz
Mode: 2 NACKLabel: 15 Block ID: 2, Msg No: M10A
Flight ID: BA0082 REG: G-VIIF


Message content:-
FST01DNAAEGLLN441790E0048862400 125 304 M51C 3930434635146911600014401325
-------------------------------------------------------[2024-07-02 13:25:05.492]

SOURCE: AIR
RX_ID: 159, Freq: 131.825MHz
Mode: 2 NACKLabel: 44 Block ID: 6, Msg No: M76A
Flight ID: GS691R REG: CSDLF


Message content:-
06cE5g.7M9CCC Lgg( (.79.g7L3437aS3S7g(g 7.C f7.C))7f,`;;
-------------------------------------------------------[2024-07-02 13:26:48.086]

SOURCE: AIR
RX_ID: 160, Freq: 131.825MHz
Mode: 2 NACKLabel: H1 Block ID: 5, Msg No: F27A
Flight ID: AA0289 REG: N767AJ


Message content:-
#M1BPOSN45004E004344,ETR-06,132654,320,NOQ-07,132909,LER-08,M47,29134,1938F3D3
-------------------------------------------------------[2024-07-02 13:26:56.277]

SOURCE: AIR
RX_ID: 161, Freq: 131.725MHz
Mode: 2 NACKLabel: H1 Block ID: 1, Msg No: F67A
Flight ID: XA2120 REG: HBJOR


Message content:-
#M1B/.RESREQ/AK,115/TS132919,020724
-------------------------------------------------------[2024-07-02 13:29:20.666]

SOURCE: AIR
RX_ID: 162, Freq: 131.725MHz
Mode: 2 NACKLabel: H1 Block ID: 2, Msg No: F68A
Flight ID: XA2120 REG: HBJOR


Message content:-
#M1B/.POS/TS132919,020724N43377E004564,,132919,114,MADOT,134619,MOPEM,P3,32919,147,8502F64
-------------------------------------------------------[2024-07-02 13:29:24.985]

SOURCE: AIR
RX_ID: 163, Freq: 131.825MHz
Mode: 2 NACKLabel: H1 Block ID: 8, Msg No: D06B
Flight ID: AA0289 REG: N767AJ


Message content:-
#DFB030404850.0270.018 19.37 -81.21198640-45 274OFF
 44.1762   6.4740320026021204890.0190.015 24.75 -52.03197720-45 274OFF
 44.4126   6.0567319876012404890.0280.018 35.00 -66.09196840-45 275OFF
-------------------------------------------------------[2024-07-02 13:29:31.345]

SOURCE: AIR
RX_ID: 164, Freq: 131.725MHz
Mode: 2 NACKLabel: H1 Block ID: 8, Msg No: F57A
Flight ID: XA0000 REG: T7ACE


Message content:-
#M1B/ARINCXA.RESREQ/AK,115/TS133234,020724/GAARINCXA
-------------------------------------------------------[2024-07-02 13:32:30.333]

SOURCE: AIR
RX_ID: 165, Freq: 131.725MHz
Mode: 2 NACKLabel: H1 Block ID: 9, Msg No: F58A
Flight ID: XA0000 REG: T7ACE


Message content:-
#M1B/ARINCXA.POS/TS133234,020724/GAARINCXAN43407E006000,,133234,187,,133234,,M15,29719,231,8500ACC
-------------------------------------------------------[2024-07-02 13:32:34.648]

SOURCE: AIR
RX_ID: 166, Freq: 131.825MHz
Mode: 2 NACKLabel: B6 Block ID: 8, Msg No: F64A
Flight ID: BA0082 REG: G-VIIF


Message content:-
/QUKAXBA.ADS.G-VIIF07203CC01A4149C3DFF59D83E2
-------------------------------------------------------[2024-07-02 13:34:07.394]

SOURCE: AIR
RX_ID: 167, Freq: 131.725MHz
Mode: X NACKLabel: 16 Block ID: 1, Msg No: M63A
Flight ID: TS0309 REG: C-GTSD


Message content:-
134054,35975,2215,1164,N 44.649,E  5.599
-------------------------------------------------------[2024-07-02 13:41:00.701]

SOURCE: AIR
RX_ID: 168, Freq: 131.725MHz
Mode: X NACKLabel: 16 Block ID: 1, Msg No: M63A
Flight ID: TS0309 REG: C-GTSD


Message content:-
134054,35975,2215,1164,N 44.649,E  5.599
-------------------------------------------------------[2024-07-02 13:41:06.852]

SOURCE: AIR
RX_ID: 169, Freq: 131.725MHz
Mode: X NACKLabel: H1 Block ID: 2, Msg No: C19A
Flight ID: TS0309 REG: C-GTSD


Message content:-
#CFB.1/WRN/WN2407021348  523510006MAINTENANCE STATUS      DOORS
-------------------------------------------------------[2024-07-02 13:48:33.941]

SOURCE: AIR
RX_ID: 170, Freq: 131.725MHz
Mode: X NACKLabel: H1 Block ID: 3, Msg No: C20A
Flight ID: TS0309 REG: C-GTSD


Message content:-
#CFB.1/FLR/FR2407021348  52712106PSCU   X2,,,,,,,PRESSURE IND(104MJ)/PSCU(5MJ),HARD
-------------------------------------------------------[2024-07-02 13:49:37.645]

SOURCE: AIR
RX_ID: 171, Freq: 131.725MHz
Mode: 2 NACKLabel: B1 Block ID: 3, Msg No: L30A
Flight ID: DL0029 REG: N832MH


Message content:-
/PIKCLXS.OC1/RCL 024
DAL29-ETIKI/1517 M081F350
-RMK/MAX F350D21C
-------------------------------------------------------[2024-07-02 13:50:22.700]

SOURCE: AIR
RX_ID: 172, Freq: 131.725MHz
Mode: 2 NACKLabel: 4H Block ID: 5, Msg No: M18A
Flight ID: DL0029 REG: N832MH


Message content:-
02134H LFMN KJFK6
  
WPR RESET





-------------------------------------------------------[2024-07-02 13:50:33.967]

SOURCE: AIR
RX_ID: 173, Freq: 131.725MHz
Mode: 2 NACKLabel: H1 Block ID: 8, Msg No: D50A
Flight ID: DL0029 REG: N832MH


Message content:-
#DFB239N1808 0029070224135113803 4490   525319-16-45264 34XX-223104000
 292 44700493002100B805ZLFMNKJFK
-------------------------------------------------------[2024-07-02 13:51:28.022]

SOURCE: AIR
RX_ID: 174, Freq: 131.725MHz
Mode: 2 ACK, A2GLabel: H1 Block ID: 8, Msg No: D50A
Flight ID: DL0029 REG: N832MH


Message content:-
#DFB239N1808 0029070224135113803 4490   525319-16-45264 34XX-223104000
 292 44700493002100B805ZLFMNKJFK
-------------------------------------------------------[2024-07-02 13:51:32.516]

SOURCE: AIR
RX_ID: 175, Freq: 131.725MHz
Mode: 2 NACKLabel: B2 Block ID: 9, Msg No: M21A
Flight ID: DL0029 REG: N832MH


Message content:-
/PIKCLYA.OC1/CLA 1351 240702 EGGX
CLRNCE 327
DAL29 CLRD TO KJFK VIA
ETIKI
NAT D
ETIKI 47N015W 46N020W
45N030W 44N040W 43N050W
JEBBY CARAC
FM ETIKI/1517 MNTN F350
M081
END OF MESSAGE5DA6
-------------------------------------------------------[2024-07-02 13:51:49.925]

SOURCE: AIR
RX_ID: 176, Freq: 131.725MHz
Mode: 2 NACKLabel: H1 Block ID: 1, Msg No: F34A
Flight ID: DL0029 REG: N832MH


Message content:-
#M2BPOSN45065E004353,ETR01,135541,320,NOQ02,135758,LERGA,M47,30545,1045,808CEEF
-------------------------------------------------------[2024-07-02 13:55:43.216]

SOURCE: AIR
RX_ID: 177, Freq: 131.725MHz
Mode: 2 NACKLabel: H1 Block ID: 2, Msg No: D51A
Flight ID: DL0029 REG: N832MH


Message content:-
#DFB221N1808 0029020724135734390289319796-17-45 -1             934 934
    675668    6456 6280     09880983    107115    52 53   143156   //
////   1108  0201  619622   1068 16 21    111 112    000100100XX-22
-------------------------------------------------------[2024-07-02 13:57:43.427]

SOURCE: AIR
RX_ID: 178, Freq: 131.825MHz
Mode: 2 NACKLabel: 4T Block ID: 5, Msg No: M40A
Flight ID: AC0891 REG: C-FIVW


Message content:-
AGFSR AC0891/02/02/FCOYYZ/1408Z/743/4433.5N00548.1E/320/CRUISE/0736/0107/M46/278030/0305/---/465/1253/1322/----/----
-------------------------------------------------------[2024-07-02 14:08:25.664]

SOURCE: AIR
RX_ID: 179, Freq: 131.825MHz
Mode: 2 NACKLabel: 4T Block ID: 5, Msg No: M40A
Flight ID: AC0891 REG: C-FIVW


Message content:-
AGFSR AC0891/02/02/FCOYYZ/1408Z/743/4433.5N00548.1E/320/CRUISE/0736/0107/M46/278030/0305/---/465/1253/1322/----/----
-------------------------------------------------------[2024-07-02 14:08:48.413]

SOURCE: AIR
RX_ID: 180, Freq: 131.825MHz
Mode: 2 ACK, A2GLabel: 4T Block ID: 5, Msg No: M40A
Flight ID: AC0891 REG: C-FIVW


Message content:-
AGFSR AC0891/02/02/FCOYYZ/1408Z/743/4433.5N00548.1E/320/CRUISE/0736/0107/M46/278030/0305/---/465/1253/1322/----/----
-------------------------------------------------------[2024-07-02 14:08:51.705]

SOURCE: AIR
RX_ID: 181, Freq: 131.825MHz
Mode: 2 NACKLabel: B2 Block ID: 6, Msg No: L78A
Flight ID: AC0891 REG: C-FIVW


Message content:-
/PIKCLYA.OC1/CLA 1408 240702 EGGX CLRNCE 338
ACA891 CLRD TO CYYZ VIA SIVIR
RANDOM ROUTE
46N015W 46N020W 45N030W 44N040W 43N050W JEBBY
CARAC
FM SIVIR/1531 MNTN F330 M083
ATC/LEVEL CHANGE
END OF MESSAGEB4B
-------------------------------------------------------[2024-07-02 14:10:32.861]

SOURCE: AIR
RX_ID: 182, Freq: 131.825MHz
Mode: 2 NACKLabel: B2 Block ID: 7, Msg No: L78B
Flight ID: AC0891 REG: C-FIVW


Message content:-
A
-------------------------------------------------------[2024-07-02 14:10:39.407]

SOURCE: AIR
RX_ID: 183, Freq: 131.725MHz
Mode: X NACKLabel: 44 Block ID: 5, Msg No: M15A
Flight ID: ZD0000 REG: PPLEG


Message content:-
00POS02,N43212E006318,350,LFLB,LIEO,0702,1433,1520,005.2
-------------------------------------------------------[2024-07-02 14:33:17.254]

SOURCE: AIR
RX_ID: 184, Freq: 131.725MHz
Mode: X NACKLabel: 44 Block ID: 5, Msg No: M15A
Flight ID: ZD0000 REG: PPLEG


Message content:-
00POS02,N43212E006318,350,LFLB,LIEO,0702,1433,1520,005.2
-------------------------------------------------------[2024-07-02 14:33:26.071]

SOURCE: AIR
RX_ID: 185, Freq: 131.725MHz
Mode: E NACKLabel: B1 Block ID: 0, Msg No: L14A
Flight ID: UA0273 REG: N653UA


Message content:-
/EGGX.OC1/RCL 024
UAL273-SEPAL/1607 M081F360
-RMK/MAX F360D891
-------------------------------------------------------[2024-07-02 14:44:33.103]

SOURCE: AIR
RX_ID: 186, Freq: 131.725MHz
Mode: E NACKLabel: H1 Block ID: 2, Msg No: D30A
Flight ID: UA0273 REG: N653UA


Message content:-
#DFB36067303060390144437820791CRS       1110D02731LFMNKEWR724683727594
NGENEWCRS  TRIGGER -----4800001100LO LO 1800000000LO LO 4800000000LO 
LO 1800000000LO LO 4800000000LO LO 18 9116210010C 411O 36110P 3610P
-------------------------------------------------------[2024-07-02 14:45:39.041]

SOURCE: AIR
RX_ID: 187, Freq: 131.725MHz
Mode: E NACKLabel: H1 Block ID: 3, Msg No: D30B
Flight ID: UA0273 REG: N653UA


Message content:-
#DFB35
5 9116310010C 411O037110P 3610P3981 -41 299840.822 6.800000000023 901
5110010C 381O 34110P 3410P352 9015110010C 381O035110P 3410P3961 -41 2
99840.823 6.800000000028 8914110010C 361O 32110P 3210P353 89
-------------------------------------------------------[2024-07-02 14:45:42.551]

SOURCE: AIR
RX_ID: 188, Freq: 131.725MHz
Mode: E NACKLabel: H1 Block ID: 4, Msg No: D30C
Flight ID: UA0273 REG: N653UA


Message content:-
#DFB14210010C
 361O033110P 3210P3941 -41 299840.825 6.820000000033 8813710010C 351O
 31110P 3110P359 8813810010C 351O032110O 3110P3951 -41 299840.824 6.8
20000000038 8813610010C 351O 30110O 3110P362 88136100
-------------------------------------------------------[2024-07-02 14:45:45.810]

SOURCE: AIR
RX_ID: 189, Freq: 131.725MHz
Mode: E NACKLabel: H1 Block ID: 5, Msg No: D30D
Flight ID: UA0273 REG: N653UA


Message content:-
#DFB10C 351O031110O 
3110P3981 -41 299520.824 6.820000000043 8813510010C 351O 30110O 3110P
361 8813610010C 351O031110O 3110C3981 -41 299520.825 6.830000000048 8
813510010C 351O 30110O 3110C361 8813510010C 35
-------------------------------------------------------[2024-07-02 14:45:49.502]

SOURCE: AIR
RX_ID: 190, Freq: 131.725MHz
Mode: E NACKLabel: H1 Block ID: 6, Msg No: D30E
Flight ID: UA0273 REG: N653UA


Message content:-
#DFB1O031110O 3010C3971 -41
 299520.821 6.800000000053 8813410010C 351O 30110O 3110C361 881341001
0C 351O031110O 3010C3981 -41 299520.818 6.790000000058 8813610010C 35
1O 30110O 3110P362 8813710010C 351O0311
-------------------------------------------------------[2024-07-02 14:45:52.977]

SOURCE: AIR
RX_ID: 191, Freq: 131.725MHz
Mode: E NACKLabel: H1 Block ID: 7, Msg No: D30F
Flight ID: UA0273 REG: N653UA


Message content:-
#DFB10O 3110C3981 -41 299520.819 6
.790000000003 8813710010C 351O 30110O 3110P362 8813810010C 351O031110
O 3110C3981 -41 299520.820 6.800000000008 8813810010C 351O 30110O 311
0P361 8813710010C 351O031110O 31
-------------------------------------------------------[2024-07-02 14:45:56.266]

SOURCE: AIR
RX_ID: 192, Freq: 131.725MHz
Mode: E NACKLabel: H1 Block ID: 8, Msg No: D30G
Flight ID: UA0273 REG: N653UA


Message content:-
#DFB10C3981 -41 299840.818 6.790000000013
 8813710010C 351O 30110O 3110P361 8813710010C 351O031110O 3110C3981 -
41 299840.820 6.790000000018 8813810010C 351O 30110O 3110P362 8813810
010C 351O031110O 3110C397
-------------------------------------------------------[2024-07-02 14:45:59.742]

SOURCE: AIR
RX_ID: 193, Freq: 131.725MHz
Mode: E NACKLabel: H1 Block ID: 9, Msg No: D30H
Flight ID: UA0273 REG: N653UA


Message content:-
#DFB1 -41 299840.818 6.770000000023 8914210010C 
361O 31110O 3210P361 8914310010C 361O032110O 3110C3981 -41 299520.815
 6.760000000028 9015010010C 381O 32110O 3310P361 9015110010C 381O0331
10O 3210C3981 -41 
-------------------------------------------------------[2024-07-02 14:46:03.216]

SOURCE: AIR
RX_ID: 194, Freq: 131.725MHz
Mode: E NACKLabel: H1 Block ID: 0, Msg No: D30I
Flight ID: UA0273 REG: N653UA


Message content:-
#DFB299520.814 6.760000000033 9115810010C 401O 33110P 3
410P362 9115910010C 401O034110P 3410C3981 -41 299520.817 6.7700000000
38 9216210010C 411O 34110P 3510P362 9116310010C 411O035110P 3410C3981
 -41 299520
-------------------------------------------------------[2024-07-02 14:46:06.691]

SOURCE: AIR
RX_ID: 195, Freq: 131.725MHz
Mode: E NACKLabel: H1 Block ID: 1, Msg No: D30J
Flight ID: UA0273 REG: N653UA


Message content:-
#DFB.818 6.780000000043 9216310010C 411O 34110P 3510P361 92164
10010C 411O035110P 3510C3981 -41 299520.819 6.780000000048 9216410010
C 411O 35110P 3510P361 9216510010C 421O036110P 3510C3981 -41 299520.8
20 6
-------------------------------------------------------[2024-07-02 14:46:10.382]

SOURCE: AIR
RX_ID: 196, Freq: 131.725MHz
Mode: E ACK, A2GLabel: H1 Block ID: 1, Msg No: D30J
Flight ID: UA0273 REG: N653UA


Message content:-
#DFB.818 6.780000000043 9216310010C 411O 34110P 3510P361 92164
10010C 411O035110P 3510C3981 -41 299520.819 6.780000000048 9216410010
C 411O 35110P 3510P361 9216510010C 421O036110P 3510C3981 -41 299520.8
20 6
-------------------------------------------------------[2024-07-02 14:46:12.434]

SOURCE: AIR
RX_ID: 197, Freq: 131.725MHz
Mode: E NACKLabel: H1 Block ID: 2, Msg No: D30K
Flight ID: UA0273 REG: N653UA


Message content:-
#DFB.800000000048408002D09F3000400000400005D09F300040000018408002D09F
3000400000400005D09F300040000048408002C09F2000400000400005C09F2000400
00018408002D09F2000400000400005C09F200040000048408002D09F30004000004
-------------------------------------------------------[2024-07-02 14:46:16.124]

SOURCE: AIR
RX_ID: 198, Freq: 131.725MHz
Mode: E NACKLabel: H1 Block ID: 3, Msg No: D30L
Flight ID: UA0273 REG: N653UA


Message content:-
#DFB0
0005C09F3000400000
-------------------------------------------------------[2024-07-02 14:46:18.795]

SOURCE: AIR
RX_ID: 199, Freq: 131.725MHz
Mode: E NACKLabel: B2 Block ID: 4, Msg No: L15A
Flight ID: UA0273 REG: N653UA


Message content:-
/PIKCLYA.OC1/CLA 1446 240702 EGGX
CLRNCE 367
UAL273 CLRD TO KEWR VIA
SEPAL
RANDOM ROUTE
47N015W 46N020W 45N030W
44N040W 43N050W JEBBY
CARAC
FM SEPAL/1607 MNTN F360
M081
END OF MESSAGEC0E8
-------------------------------------------------------[2024-07-02 14:46:23.914]

SOURCE: AIR
RX_ID: 200, Freq: 131.725MHz
Mode: E NACKLabel: B2 Block ID: 8, Msg No: L16A
Flight ID: UA0273 REG: N653UA


Message content:-
/PIKCLYA.OC1/CLA 1446 240702 EGGX
CLRNCE 368
UAL273 CLRD TO KEWR VIA
SEPAL
RANDOM ROUTE
47N015W 46N020W 45N030W
44N040W 43N050W JEBBY
CARAC
FM SEPAL/1607 MNTN F350
M081
ATC/LEVEL CHANGE
RECLEARANCE 1
-------------------------------------------------------[2024-07-02 14:47:13.067]

SOURCE: AIR
RX_ID: 201, Freq: 131.725MHz
Mode: E NACKLabel: B2 Block ID: 9, Msg No: L16B
Flight ID: UA0273 REG: N653UA


Message content:-

END OF MESSAGE158A
-------------------------------------------------------[2024-07-02 14:47:15.919]

SOURCE: AIR
RX_ID: 202, Freq: 131.725MHz
Mode: E NACKLabel: H1 Block ID: 2, Msg No: F63A
Flight ID: UA0273 REG: N653UA


Message content:-
#M2BPOSN44508E004532,,144926,300,ETR04,145129,NOQ05,M40,32550,981,829/DTKEWR,04R, 17,224803,/TS144926,02072425BF
-------------------------------------------------------[2024-07-02 14:49:28.857]

SOURCE: AIR
RX_ID: 203, Freq: 131.725MHz
Mode: E ACK, A2GLabel: H1 Block ID: 4, Msg No: D66D
Flight ID: QR054E REG: A7-AEO


Message content:-
#DFB  0.000;;;;;;.;;;;;;;;;.;;;;;;;;;.;;;    24.2501878    
 0.000;;;;;;.;;;;;;;;;.;;;;;;;;;.;;;    24.250
-------------------------------------------------------[2024-07-02 15:02:11.311]

SOURCE: AIR
RX_ID: 204, Freq: 131.725MHz
Mode: E NACKLabel: H1 Block ID: 1, Msg No: C48A
Flight ID: QR054E REG: A7-AEO


Message content:-
#CFB.1/FLR/FR2407021503  46113406CMC2   1,CMC1,,,,,,SIU(1TL),HARD
-------------------------------------------------------[2024-07-02 15:04:26.077]

SOURCE: AIR
RX_ID: 205, Freq: 131.825MHz
Mode: 2 NACKLabel: H1 Block ID: 4, Msg No: C06A
Flight ID: EC52NG REG: OE-LKL


Message content:-
#CFBWRN/WN24070215080046200006DATALINK ATC FAULT      
-------------------------------------------------------[2024-07-02 15:08:35.751]

SOURCE: AIR
RX_ID: 206, Freq: 131.825MHz
Mode: 2 NACKLabel: H1 Block ID: 5, Msg No: C07A
Flight ID: EC52NG REG: OE-LKL


Message content:-
#CFBWRN/WN24070215080046200006DATALINK COMPANY FAULT  
-------------------------------------------------------[2024-07-02 15:08:41.458]

SOURCE: AIR
RX_ID: 207, Freq: 131.525MHz
Mode: T NACKLabel: 2Z Block ID: 3, Msg No: M98A
Flight ID: AF7338 REG: F-GMZC


Message content:-
LFML
-------------------------------------------------------[2024-07-02 15:12:03.404]

SOURCE: AIR
RX_ID: 208, Freq: 131.525MHz
Mode: T NACKLabel: 2F Block ID: 4, Msg No: M99A
Flight ID: AF7338 REG: F-GMZC


Message content:-
1520+4401+507/1847
-------------------------------------------------------[2024-07-02 15:20:25.166]

SOURCE: AIR
RX_ID: 209, Freq: 131.525MHz
Mode: T NACKLabel: 2F Block ID: 4, Msg No: M99A
Flight ID: AF7338 REG: F-GMZC


Message content:-
1520+4401+507/1847
-------------------------------------------------------[2024-07-02 15:20:38.080]

SOURCE: AIR
RX_ID: 210, Freq: 131.525MHz
Mode: T NACKLabel: 2F Block ID: 4, Msg No: M99A
Flight ID: AF7338 REG: F-GMZC


Message content:-
1520+4401+507/1847
-------------------------------------------------------[2024-07-02 15:20:46.671]

SOURCE: AIR
RX_ID: 211, Freq: 131.525MHz
Mode: 2 NACKLabel: 2F Block ID: 4, Msg No: M99A
Flight ID: AF7338 REG: F-GMZC


Message content:-
1520+4401+507/1847
-------------------------------------------------------[2024-07-02 15:20:55.485]

SOURCE: AIR
RX_ID: 212, Freq: 131.525MHz
Mode: 2 NACKLabel: 2F Block ID: 4, Msg No: M99A
Flight ID: AF7338 REG: F-GMZC


Message content:-
1520+4401+507/1847
-------------------------------------------------------[2024-07-02 15:21:05.321]

SOURCE: AIR
RX_ID: 213, Freq: 131.525MHz
Mode: 2 NACKLabel: 2F Block ID: 4, Msg No: M99A
Flight ID: AF7338 REG: F-GMZC


Message content:-
1520+4401+507/1847
-------------------------------------------------------[2024-07-02 15:21:17.793]

SOURCE: AIR
RX_ID: 214, Freq: 131.725MHz
Mode: 2 NACKLabel: 2F Block ID: 4, Msg No: M99A
Flight ID: AF7338 REG: F-GMZC


Message content:-
1520+4401+507/1847
-------------------------------------------------------[2024-07-02 15:21:28.033]

SOURCE: AIR
RX_ID: 215, Freq: 131.725MHz
Mode: X NACKLabel: 26 Block ID: 5, Msg No: M01A
Flight ID: AF7338 REG: F-GMZC


Message content:-
1521LFPGAF7338/021536LFML31R
-------------------------------------------------------[2024-07-02 15:21:31.506]

SOURCE: AIR
RX_ID: 216, Freq: 131.725MHz
Mode: X NACKLabel: H1 Block ID: 6, Msg No: D80A
Flight ID: AF7338 REG: F-GMZC


Message content:-
#DFBA01/A32101,1,1/CCF-GMZC,JUL02,150723,LFPG,LFML,0015/C106,31539,5000,53,0010,0,0100,53,X/CEN165,30991,283,766,7215,220,C53025/EC699257,00728,06769,00728,73,02/EE575645,00728,09195,00728,73/N10857,0857,0944,6
-------------------------------------------------------[2024-07-02 15:27:34.625]

SOURCE: AIR
RX_ID: 217, Freq: 131.725MHz
Mode: 2 NACKLabel: H1 Block ID: 6, Msg No: F11A
Flight ID: XA0000 REG: T7ACE


Message content:-
#M1B/ARINCXA.POS/TS152758,020724/GAARINCXAN43582E006444,,152758,244,BULOL,154558,IDAVO,M25,30734,201,850CB81
-------------------------------------------------------[2024-07-02 15:27:59.204]

SOURCE: AIR
RX_ID: 218, Freq: 131.725MHz
Mode: X NACKLabel: H1 Block ID: 9, Msg No: D81A
Flight ID: AF7338 REG: F-GMZC


Message content:-
#DFBA02/A32102,1,1/CCF-GMZC,JUL02,150639,LFPG,LFML,0015/C106,31601,5000,53,0010,0,0100,53,X/CEN164,30997,284,767,7224,220,C53025/CNN162,31006,283,766,7224,220/EC699257,00728,06769,00728,73,12,04/EE575645,00728,
-------------------------------------------------------[2024-07-02 15:28:11.893]

SOURCE: AIR
RX_ID: 219, Freq: 131.725MHz
Mode: X NACKLabel: H1 Block ID: 1, Msg No: D81C
Flight ID: AF7338 REG: F-GMZC


Message content:-
#DFB06190,0107/V101,04,242,104,02,00,00000/V206,06,156,181,03,00,00000/V306,05,032,170,0620/V403,01,250,022,0620/V502,04,268,088,0917/V607,01,118,193,0917/V7045,085,00061,22222222222111/V8044,085,00081,22222222
-------------------------------------------------------[2024-07-02 15:28:19.284]

SOURCE: AIR
RX_ID: 220, Freq: 131.725MHz
Mode: 2 NACKLabel: H1 Block ID: 5, Msg No: F20A
Flight ID: XA0000 REG: T7ACE


Message content:-
#M1B/ARINCXA.POS/TS153831,020724/GAARINCXAN45050E005471,,153831,378,BULOL,154631,IDAVO,M53,31641,192,8500B07
-------------------------------------------------------[2024-07-02 15:38:42.505]

SOURCE: AIR
RX_ID: 221, Freq: 131.825MHz
Mode: 2 NACKLabel: 44 Block ID: 6, Msg No: M03A
Flight ID: GS691R REG: CSDLF


Message content:-
07*?X.;)Emm;00]..U<k;)0D.) 6l6) 6*x).M.4);<m4);U0M)m+D%%
-------------------------------------------------------[2024-07-02 15:42:58.294]

SOURCE: AIR
RX_ID: 222, Freq: 131.825MHz
Mode: 2 NACKLabel: H1 Block ID: 7, Msg No: B04A
Flight ID: GS691R REG: CSDLF


Message content:-
#M2B/.MSG/TX.                    /MA,,ATISLFPB0446
-------------------------------------------------------[2024-07-02 15:51:16.797]

SOURCE: AIR
RX_ID: 223, Freq: 131.825MHz
Mode: 2 NACKLabel: H1 Block ID: 1, Msg No: B05A
Flight ID: GS691R REG: CSDLF


Message content:-
#M2B/.RESMSG/AK,071/TS155140,0207242233
-------------------------------------------------------[2024-07-02 15:51:42.984]

SOURCE: AIR
RX_ID: 224, Freq: 131.825MHz
Mode: 2 NACKLabel: 44 Block ID: 2, Msg No: M07A
Flight ID: GS691R REG: CSDLF


Message content:-
09GHj48+NB8NBG44,464c614c-W(Wc-W|Pc4s4hc8BB6c8,61c44N5B
-------------------------------------------------------[2024-07-02 15:53:17.411]

SOURCE: AIR
RX_ID: 225, Freq: 131.825MHz
Mode: 2 NACKLabel: 44 Block ID: 9, Msg No: M15A
Flight ID: GS0000 REG: DAHOX


Message content:-
07*?X.0)Emm0D4]..00;m)m..) ]-{)]r\$).M.4);<<D);U<D)..D+U
-------------------------------------------------------[2024-07-02 15:58:28.086]

SOURCE: AIR
RX_ID: 226, Freq: 131.725MHz
Mode: G ACK, A2GLabel: H1 Block ID: 9, Msg No: F02A
Flight ID: CV498W REG: LX-WCV


Message content:-
#M1B/B6 ALGCAYA.ADS.LX-WCV0300071F60C027C18791C0D41D0D1F178827DA479180B21DE248283FC80E800E3F58F4C000B261
-------------------------------------------------------[2024-07-02 16:00:57.995]

SOURCE: AIR
RX_ID: 227, Freq: 131.725MHz
Mode: G NACKLabel: H1 Block ID: 0, Msg No: F03A
Flight ID: CV498W REG: LX-WCV


Message content:-
#M1B/B6 ALGCAYA.ADS.LX-WCV0301F8C5
-------------------------------------------------------[2024-07-02 16:01:02.090]

SOURCE: AIR
RX_ID: 228, Freq: 131.725MHz
Mode: G NACKLabel: H1 Block ID: 1, Msg No: F04A
Flight ID: CV498W REG: LX-WCV


Message content:-
#M1B/B6 ALGCAYA.ADS.LX-WCV141F177027DA4791C3981D0D1DE248283FC80E82E01D35D82876080E802BD6
-------------------------------------------------------[2024-07-02 16:03:52.076]

SOURCE: AIR
RX_ID: 229, Freq: 131.525MHz
Mode: T NACKLabel: 26 Block ID: 9, Msg No: M98A
Flight ID: AF7310 REG: F-GTAD


Message content:-
1607LFPGAF7310/021637LFMN04L
-------------------------------------------------------[2024-07-02 16:07:26.936]

SOURCE: AIR
RX_ID: 230, Freq: 131.725MHz
Mode: X NACKLabel: 20 Block ID: 4, Msg No: M65A
Flight ID: HV068P REG: PH-HZN


Message content:-
RST13A02160749TRA68P  EHEHLEIB
-------------------------------------------------------[2024-07-02 16:07:51.697]

SOURCE: AIR
RX_ID: 231, Freq: 131.825MHz
Mode: 2 NACKLabel: SA Block ID: 2, Msg No: S75A
Flight ID: AA0245 REG: N720AN


Message content:-
0EV161108VS
-------------------------------------------------------[2024-07-02 16:11:09.951]

SOURCE: AIR
RX_ID: 232, Freq: 131.525MHz
Mode: T NACKLabel: 2Z Block ID: 0, Msg No: M99A
Flight ID: AF7310 REG: F-GTAD


Message content:-
LFMN
-------------------------------------------------------[2024-07-02 16:13:46.624]

SOURCE: AIR
RX_ID: 233, Freq: 131.525MHz
Mode: T NACKLabel: 2F Block ID: 2, Msg No: M01A
Flight ID: AF7310 REG: F-GTAD


Message content:-
1619+4408+554/2947
-------------------------------------------------------[2024-07-02 16:19:17.999]

SOURCE: AIR
RX_ID: 234, Freq: 131.525MHz
Mode: T NACKLabel: 26 Block ID: 3, Msg No: M02A
Flight ID: AF7310 REG: F-GTAD


Message content:-
1620LFPGAF7310/021635LFMN04L
-------------------------------------------------------[2024-07-02 16:20:40.726]

SOURCE: AIR
RX_ID: 235, Freq: 131.525MHz
Mode: T NACKLabel: 2Z Block ID: 3, Msg No: M42A
Flight ID: AF7312 REG: F-GMZD


Message content:-
LFMN
-------------------------------------------------------[2024-07-02 17:21:03.070]

SOURCE: AIR
RX_ID: 236, Freq: 131.525MHz
Mode: T NACKLabel: 2F Block ID: 5, Msg No: M43A
Flight ID: AF7312 REG: F-GMZD


Message content:-
1726+4412+550/2751
-------------------------------------------------------[2024-07-02 17:26:34.411]

SOURCE: AIR
RX_ID: 237, Freq: 131.525MHz
Mode: T NACKLabel: B9 Block ID: 6, Msg No: L19A
Flight ID: AF7312 REG: F-GMZD


Message content:-
/LFMN.TI2/064LFMNA83AC
-------------------------------------------------------[2024-07-02 17:28:04.124]

SOURCE: AIR
RX_ID: 238, Freq: 131.525MHz
Mode: T NACKLabel: 26 Block ID: 0, Msg No: M44A
Flight ID: AF7312 REG: F-GMZD


Message content:-
1729LFPGAF7312/021744LFMN04L
-------------------------------------------------------[2024-07-02 17:29:03.329]

SOURCE: AIR
RX_ID: 239, Freq: 131.850MHz
Mode: 2 NACKLabel: B9 Block ID: 4, Msg No: M49A
Flight ID: FR103A REG: EI-EKV


Message content:-
/LEVC.TI2/024LEVCA1C78
-------------------------------------------------------[2024-07-02 17:31:09.872]

SOURCE: AIR
RX_ID: 240, Freq: 131.825MHz
Mode: 2 NACKLabel: H1 Block ID: 1, Msg No: O47A
Flight ID: EK001L REG: A6-ECQ


Message content:-
#10BSB0122BA_A6-ECQ  LGAVKEWR216
 43980 0068221730 32001-440321037090PSZ016025
-------------------------------------------------------[2024-07-02 17:31:10.710]

SOURCE: AIR
RX_ID: 241, Freq: 131.825MHz
Mode: 2 NACKLabel: B6 Block ID: 4, Msg No: F21A
Flight ID: EK001L REG: A6-ECQ


Message content:-
/DXBEGEK.ADS.A6-ECQ071FC0381E6D87D025F11D5D4F
-------------------------------------------------------[2024-07-02 17:40:30.223]

SOURCE: AIR
RX_ID: 242, Freq: 131.825MHz
Mode: 2 NACKLabel: H1 Block ID: 5, Msg No: O48A
Flight ID: EK001L REG: A6-ECQ


Message content:-
#10BSB0122BA_A6-ECQ  LGAVKEWR217
 44915 0046411745 31991-4403190570907GX017023
-------------------------------------------------------[2024-07-02 17:46:10.999]

SOURCE: AIR
RX_ID: 243, Freq: 131.725MHz
Mode: 2 NACKLabel: 15 Block ID: 4, Msg No: M03A
Flight ID: GS0001 REG: CSDXM


Message content:-
(2N43475E  6443--- 55329-47(Z
-------------------------------------------------------[2024-07-02 17:54:52.218]

SOURCE: AIR
RX_ID: 244, Freq: 131.525MHz
Mode: T NACKLabel: 2F Block ID: 4, Msg No: M24A
Flight ID: AF7311 REG: F-GTAD


Message content:-
1827+4454+630/2752
-------------------------------------------------------[2024-07-02 18:27:53.678]

SOURCE: AIR
RX_ID: 245, Freq: 131.725MHz
Mode: X NACKLabel: 83 Block ID: 7, Msg No: M09A
Flight ID: XA0001 REG: 9HVIL


Message content:-
001PR02190158N4432.6E00459.63455080025
-------------------------------------------------------[2024-07-02 19:02:00.483]

SOURCE: AIR
RX_ID: 246, Freq: 131.725MHz
Mode: E NACKLabel: 44 Block ID: 4, Msg No: M77A
Flight ID: GS0000 REG: T7CAT


Message content:-
00POS02,N43380E006533,230,UGTB,LFML,0702,1906,1930,007.8
-------------------------------------------------------[2024-07-02 19:06:26.504]

SOURCE: AIR
RX_ID: 247, Freq: 131.725MHz
Mode: X NACKLabel: H1 Block ID: 8, Msg No: 708A
Flight ID: XA0001 REG: 9HVIL


Message content:-
#T7BILNGE7XSCR203010900224240702183700EGKBLFMN238905341155110202+0240+02391253-0505+000+02+02-00001250163+014+014+4100200000033990402696028830055700008123431234312344+5160850-185----+10184------09691----0531---
-------------------------------------------------------[2024-07-02 19:09:41.065]

SOURCE: AIR
RX_ID: 248, Freq: 131.725MHz
Mode: X NACKLabel: H1 Block ID: 9, Msg No: 708B
Flight ID: XA0001 REG: 9HVIL


Message content:-
#T7B-+08618099909981-000+0756+07563+07623+07642+07464+07479+07640+07534+09165+0964901423021101423+0867034+03443+0181-0116032139+0026+10880723+08811479-180+0445+048+510002560415+0694+0102-0001+0612-0001-0001+099
-------------------------------------------------------[2024-07-02 19:09:45.163]

SOURCE: AIR
RX_ID: 249, Freq: 131.725MHz
Mode: X NACKLabel: H1 Block ID: 0, Msg No: 708C
Flight ID: XA0001 REG: 9HVIL


Message content:-
#T7B8+0996+0000+000300000986000329810009001300107002000080015013690109966+0054+150049007102040800000000000000000003C1000000000000000100000000000000000000000-0000000000000000-00000000-000000000000000000000000000
-------------------------------------------------------[2024-07-02 19:09:49.078]

SOURCE: AIR
RX_ID: 250, Freq: 131.725MHz
Mode: X NACKLabel: H1 Block ID: 1, Msg No: 708D
Flight ID: XA0001 REG: 9HVIL


Message content:-
#T7B000-00000000000000010900224240702184639EGKBLFMN239205321155110202+0241+02401254-0505+000+02+02-00000880168+012+012+4100600000033890402696029120055700008123431234312344+5200851-183+189+10200------09695----05
-------------------------------------------------------[2024-07-02 19:09:52.734]

SOURCE: AIR
RX_ID: 251, Freq: 131.725MHz
Mode: X NACKLabel: H1 Block ID: 1, Msg No: 708D
Flight ID: XA0001 REG: 9HVIL


Message content:-
#T7B000-00000000000000010900224240702184639EGKBLFMN239205321155110202+0241+02401254-0505+000+02+02-00000880168+012+012+4100600000033890402696029120055700008123431234312344+5200851-183+189+10200------09695----05
-------------------------------------------------------[2024-07-02 19:10:04.838]

SOURCE: AIR
RX_ID: 252, Freq: 131.725MHz
Mode: X NACKLabel: H1 Block ID: 2, Msg No: 708E
Flight ID: XA0001 REG: 9HVIL


Message content:-
#T7B31----+08644099909980-000+0756+07560+07411+07587+07381+07602+07798+07587+09191+0966201452021301446+0885034+03458+0178-0106032140+0034+10910802+08681493-180+0445+048+513502560416+0698+0103-0001+0615-0001-000
-------------------------------------------------------[2024-07-02 19:10:08.932]

SOURCE: AIR
RX_ID: 253, Freq: 131.725MHz
Mode: X NACKLabel: H1 Block ID: 3, Msg No: 708F
Flight ID: XA0001 REG: 9HVIL


Message content:-
#T7B3+1000+0996+0000+000400000985000319450048008800494013000090089013840100000+0053+150049007102040800000000000000000003C1000000000000000100000000000000000000000-0000000000000000-00000000-0000000000000000000000
-------------------------------------------------------[2024-07-02 19:10:12.628]

SOURCE: AIR
RX_ID: 254, Freq: 131.725MHz
Mode: X NACKLabel: H1 Block ID: 4, Msg No: 708G
Flight ID: XA0001 REG: 9HVIL


Message content:-
#T7B00000000-00000000000000
-------------------------------------------------------[2024-07-02 19:10:16.504]

SOURCE: AIR
RX_ID: 255, Freq: 131.725MHz
Mode: X NACKLabel: H1 Block ID: 5, Msg No: 709A
Flight ID: XA0001 REG: 9HVIL


Message content:-
#T7BILNGE7XDVE203010900224240702183027EGKBLFMN2007155038805351155110202+080+0800252-0502+000+02+02-00001280165+015+015+41006000200030003339904028830055700008+10375----------+08133+08086+07910+07955+08074+079900
-------------------------------------------------------[2024-07-02 19:11:42.526]

SOURCE: AIR
RX_ID: 256, Freq: 131.725MHz
Mode: X NACKLabel: H1 Block ID: 6, Msg No: 709B
Flight ID: XA0001 REG: 9HVIL


Message content:-
#T7B1646+10940723+09131644+0490+53650414+0726+0103-0001+0642+0998+0996+0000000132220003306400070009001050017000900120152009007102040800000000000000000003C10000000000000001+41006338904029120055700008+10381------
-------------------------------------------------------[2024-07-02 19:11:46.398]

SOURCE: AIR
RX_ID: 257, Freq: 131.725MHz
Mode: X NACKLabel: H1 Block ID: 7, Msg No: 709C
Flight ID: XA0001 REG: 9HVIL


Message content:-
#T7B----+07784+08022+07819+07989+08229+0800101664+10980816+08981649+0488+53880414+0729+0004-0001+0643+1000+0996+0000000007410005202200630116006450148001301170152909007102040800000000000000000003C100000000000000
-------------------------------------------------------[2024-07-02 19:11:49.907]

SOURCE: AIR
RX_ID: 258, Freq: 131.725MHz
Mode: X NACKLabel: H1 Block ID: 8, Msg No: 709D
Flight ID: XA0001 REG: 9HVIL


Message content:-
#T7B0124070218441405341155110202+080+0801254-0492+000+02+02-00001250163+013+012+4100800020003+10225----------+07724+07753+07552+07574+07740+0762301445+10880716+08911490+0468+51600417+0695+0103-0001+0615+0998+09
-------------------------------------------------------[2024-07-02 19:11:53.577]

SOURCE: AIR
RX_ID: 259, Freq: 131.725MHz
Mode: X NACKLabel: H1 Block ID: 9, Msg No: 709E
Flight ID: XA0001 REG: 9HVIL


Message content:-
#T7B96+0000000009850003297000080013001050020000800150137949007102040800000000000000000003C10000000000000001+41006+10231----------+07463+07638+07438+07648+07853+0763801456+10940802+08741494+0465+51800417+0698+01
-------------------------------------------------------[2024-07-02 19:11:57.477]

SOURCE: AIR
RX_ID: 260, Freq: 131.725MHz
Mode: X NACKLabel: 83 Block ID: 0, Msg No: M10A
Flight ID: XA0001 REG: 9HVIL


Message content:-
001PR02191158N4336.2E00605.71493710015
-------------------------------------------------------[2024-07-02 19:12:00.953]

SOURCE: AIR
RX_ID: 261, Freq: 131.725MHz
Mode: X NACKLabel: H1 Block ID: 2, Msg No: 709G
Flight ID: XA0001 REG: 9HVIL


Message content:-
#T7B0003+10216----------+07701+07742+07539+07561+07727+0760301441+10880722+08891488+0460+51480415+0697+0103-0001+0614+0998+0996+0000000009850003297500080013001040019000800140137649007102040800000000000000000003
-------------------------------------------------------[2024-07-02 19:12:09.145]

SOURCE: AIR
RX_ID: 262, Freq: 131.725MHz
Mode: X NACKLabel: H1 Block ID: 4, Msg No: 709I
Flight ID: XA0001 REG: 9HVIL


Message content:-
#T7B00000000000000000003C10000000000000001010
-------------------------------------------------------[2024-07-02 19:12:16.533]

SOURCE: AIR
RX_ID: 263, Freq: 131.525MHz
Mode: T NACKLabel: 2F Block ID: 4, Msg No: M62A
Flight ID: AF7313 REG: F-GMZD


Message content:-
1913+4464+642/3254
-------------------------------------------------------[2024-07-02 19:13:55.642]

SOURCE: AIR
RX_ID: 264, Freq: 131.525MHz
Mode: T NACKLabel: B9 Block ID: 5, Msg No: L22A
Flight ID: AF7313 REG: F-GMZD


Message content:-
/LFLL.TI2/064LFLLAD2FE
-------------------------------------------------------[2024-07-02 19:19:01.014]

SOURCE: AIR
RX_ID: 265, Freq: 131.725MHz
Mode: E NACKLabel: H1 Block ID: 6, Msg No: F09A
Flight ID: CC3052 REG: TF-WFF


Message content:-
#M1BPOSN44166E003448,,194532,310,FJR03,195008,DIV04,M42,31956,2588,84,35A6
-------------------------------------------------------[2024-07-02 19:45:37.632]

SOURCE: AIR
RX_ID: 266, Freq: 131.725MHz
Mode: E NACKLabel: H1 Block ID: 8, Msg No: D04A
Flight ID: CC3052 REG: TF-WFF


Message content:-
#DFBPOSTF-WFFD305EBLGFAOR020724195004
 3325ER2011AARA2207
PN43390E  4 6019500430989-41324 48256600
-------------------------------------------------------[2024-07-02 19:50:21.905]

SOURCE: AIR
RX_ID: 267, Freq: 131.725MHz
Mode: E NACKLabel: H1 Block ID: 0, Msg No: F10A
Flight ID: CC3052 REG: TF-WFF


Message content:-
#M1BPOSN43095E004242,,195336,310,DIV04,195452,JUS05,M42,32347,2550,84,9B9B
-------------------------------------------------------[2024-07-02 19:53:40.342]

SOURCE: AIR
RX_ID: 268, Freq: 131.725MHz
Mode: 2 NACKLabel: 15 Block ID: 2, Msg No: M11A
Flight ID: GS0001 REG: DANGB


Message content:-
(2N45218E  5545302 57370-55(Z
-------------------------------------------------------[2024-07-02 19:57:38.134]

SOURCE: AIR
RX_ID: 269, Freq: 131.725MHz
Mode: 2 NACKLabel: 15 Block ID: 3, Msg No: M12A
Flight ID: GS0001 REG: DANGB


Message content:-
(2N43300E  4559305 54369-57(Z
-------------------------------------------------------[2024-07-02 20:12:35.796]

SOURCE: AIR
RX_ID: 270, Freq: 131.525MHz
Mode: T NACKLabel: 2Z Block ID: 2, Msg No: M67A
Flight ID: AF7342 REG: F-GMZE


Message content:-
LFML
-------------------------------------------------------[2024-07-02 20:43:04.052]

SOURCE: AIR
RX_ID: 271, Freq: 131.525MHz
Mode: T NACKLabel: 26 Block ID: 3, Msg No: M68A
Flight ID: AF7342 REG: F-GMZE


Message content:-
2051LFPGAF7342/022106LFML31L
-------------------------------------------------------[2024-07-02 20:51:04.717]

SOURCE: AIR
RX_ID: 272, Freq: 131.725MHz
Mode: 2 NACKLabel: 2F Block ID: 6, Msg No: M69A
Flight ID: AF7342 REG: F-GMZE


Message content:-
2051+4392+508/1743
-------------------------------------------------------[2024-07-02 20:51:48.968]

SOURCE: AIR
RX_ID: 273, Freq: 131.825MHz
Mode: 2 NACKLabel: H1 Block ID: 2, Msg No: D00A
Flight ID: QY8031 REG: OE-LNB


Message content:-
#DFBSTABLE CRUISE REPORT

APM     OE-LNB          QYXXXXXXDEPXDESX020724205622,757-200,
RB211,.793,.793,,262.5,262.5,,-28.00,-28.00,,35999,35999,,
178480,178480,,3584,3328,,,1.549,1.525,,,0,420,420,,0,0,,0,
-------------------------------------------------------[2024-07-02 20:56:37.335]

SOURCE: AIR
RX_ID: 274, Freq: 131.725MHz
Mode: G NACKLabel: H1 Block ID: 9, Msg No: D76A
Flight ID: AF7342 REG: F-GMZE


Message content:-
#DFBA01/A32101,1,1/CCF-GMZE,JUL02,203134,LFPG,LFML,0082/C106,91613,5000,54,0010,0,0100,65,X/CEN100,29004,291,755,6976,273,C53015/EC643526,00602,00109,00561,73,05/EE577159,00603,06851,00561,73/N10849,0849,0945,6
-------------------------------------------------------[2024-07-02 20:57:01.910]

SOURCE: AIR
RX_ID: 275, Freq: 131.725MHz
Mode: G NACKLabel: H1 Block ID: 0, Msg No: D76B
Flight ID: AF7342 REG: F-GMZE


Message content:-
#DFB274,1511,XXXXX/N20849,0849,0943,6226,1502,XXXXX/S1XXXXX,0799,1515,4428,XXXX,032,N00/S2XXXXX,0810,1519,4474,XXXX,037,N00/T1097,087,023,42,091,06712,0162/T2098,086,016,39,054,06719,0163/V1042,088,011,006,309,
-------------------------------------------------------[2024-07-02 20:57:05.166]

SOURCE: AIR
RX_ID: 276, Freq: 131.725MHz
Mode: G NACKLabel: H1 Block ID: 1, Msg No: D76C
Flight ID: AF7342 REG: F-GMZE


Message content:-
#DFB00008,00061/V2043,086,007,009,039,00008,00061,/
-------------------------------------------------------[2024-07-02 20:57:08.240]

SOURCE: AIR
RX_ID: 277, Freq: 131.825MHz
Mode: 2 NACKLabel: H1 Block ID: 5, Msg No: F05A
Flight ID: QY8031 REG: OE-LNB


Message content:-
#M1BPOSN43532E006174,,205730,360,IRMAR,210548,KINES,M56,32161,174,7993FC8
-------------------------------------------------------[2024-07-02 20:57:32.014]

SOURCE: AIR
RX_ID: 278, Freq: 131.725MHz
Mode: G NACKLabel: H1 Block ID: 2, Msg No: D77A
Flight ID: AF7342 REG: F-GMZE


Message content:-
#DFBA02/A32102,1,1/CCF-GMZE,JUL02,202953,LFPG,LFML,0082/C106,91701,5000,54,0010,0,0100,65,X/CEN100,29008,292,756,6990,272,C53015/CNN102,29043,292,758,6988,272/EC643526,00602,00109,00561,73,16,08/EE577159,00603,
-------------------------------------------------------[2024-07-02 20:57:35.893]

SOURCE: AIR
RX_ID: 279, Freq: 131.825MHz
Mode: 2 NACKLabel: 80 Block ID: 6, Msg No: M05A
Flight ID: QY8031 REG: OE-LNB


Message content:-
10,FDP,022058,QY8031,02,LEBL,EDDP,8375243,0,116,5400,3,26018+322,3,116,,,1,0,
-------------------------------------------------------[2024-07-02 20:58:21.970]

SOURCE: AIR
RX_ID: 280, Freq: 131.825MHz
Mode: 2 NACKLabel: B9 Block ID: 2, Msg No: L06A
Flight ID: QY1685 REG: OE-LND


Message content:-
/EDDP.TI2/024EDDPAB993
-------------------------------------------------------[2024-07-02 21:01:22.014]

SOURCE: AIR
RX_ID: 281, Freq: 131.825MHz
Mode: 2 NACKLabel: B9 Block ID: 8, Msg No: L03A
Flight ID: QY8031 REG: OE-LNB


Message content:-
/EDDP.TI2/024EDDPAB993
-------------------------------------------------------[2024-07-02 21:02:40.241]

SOURCE: AIR
RX_ID: 282, Freq: 131.825MHz
Mode: 2 NACKLabel: B9 Block ID: 1, Msg No: L04A
Flight ID: QY8031 REG: OE-LNB


Message content:-
/LIMC.TI2/024LIMCAE0D8
-------------------------------------------------------[2024-07-02 21:05:26.129]

SOURCE: AIR
RX_ID: 283, Freq: 131.825MHz
Mode: 2 NACKLabel: H1 Block ID: 6, Msg No: F03A
Flight ID: QY1685 REG: OE-LND


Message content:-
#M1BPOSN44304E004563,,210651,279,LUXAN,211418,ARKOX,M32,31146,183,73AD
-------------------------------------------------------[2024-07-02 21:06:53.974]

SOURCE: AIR
RX_ID: 284, Freq: 131.525MHz
Mode: T NACKLabel: B9 Block ID: 1, Msg No: L22A
Flight ID: AF1448 REG: F-GTAD


Message content:-
/LEBL.TI2/064LEBLA5223
-------------------------------------------------------[2024-07-02 21:13:31.701]

SOURCE: AIR
RX_ID: 285, Freq: 131.525MHz
Mode: T NACKLabel: 5U Block ID: 4, Msg No: M51A
Flight ID: AF1448 REG: F-GTAD


Message content:-
3LFMT/LFBO
-------------------------------------------------------[2024-07-02 21:15:12.054]

SOURCE: AIR
RX_ID: 286, Freq: 131.725MHz
Mode: E NACKLabel: H1 Block ID: 6, Msg No: 729F
Flight ID: XA0001 REG: 9HVIL


Message content:-
#T7B2000126410020006300238008800040065041930200000+0087+150001007101040800000000000000000003C1000000000000000100000000000000000000000-0000000000000000-00000000-000000000000000000000000000000-0000000000000001090
-------------------------------------------------------[2024-07-02 21:16:49.155]

SOURCE: AIR
RX_ID: 287, Freq: 131.825MHz
Mode: 2 NACKLabel: 16 Block ID: 1, Msg No: M05A
Flight ID: WB0711 REG: 9XR-WP


Message content:-
214947,37010,0503,  53,N 44.189 E  3.716
-------------------------------------------------------[2024-07-02 21:49:50.203]

SOURCE: AIR
RX_ID: 288, Freq: 131.725MHz
Mode: G NACKLabel: 16 Block ID: 6, Msg No: M34A
Flight ID: XA1246 REG: TC-MCN


Message content:-
235350,36998,0109,  14,N 43.523 E  6.172
-------------------------------------------------------[2024-07-02 23:53:54.792]

