SOURCE: AIR
RX_ID: 0, Freq: 131.725MHz
Mode: G NACKLabel: B9 Block ID: 3, Msg No: J45A
Flight ID: XA1546 REG: TC-MCM


Message content:-
/LEBL.TI2/000LEBLAF5A7
-------------------------------------------------------[2024-05-19 01:44:18.311]

SOURCE: AIR
RX_ID: 1, Freq: 131.725MHz
Mode: G NACKLabel: 16 Block ID: 2, Msg No: M10A
Flight ID: SN029Q REG: OO-SFG


Message content:-
19MAY24,0145,N 43.303,E  4.820,37999,0303,29280
-------------------------------------------------------[2024-05-19 01:45:58.476]

SOURCE: AIR
RX_ID: 2, Freq: 131.725MHz
Mode: G NACKLabel: B9 Block ID: 3, Msg No: J43A
Flight ID: SN029Q REG: OO-SFG


Message content:-
/EBBR.TI2/000EBBRA2C8A
-------------------------------------------------------[2024-05-19 01:50:44.760]

SOURCE: AIR
RX_ID: 3, Freq: 131.725MHz
Mode: G NACKLabel: 16 Block ID: 8, Msg No: M39A
Flight ID: XA1546 REG: TC-MCM


Message content:-
015259,34974,0259,  14,N 43.623 E  6.334
-------------------------------------------------------[2024-05-19 01:53:01.977]

SOURCE: AIR
RX_ID: 4, Freq: 131.725MHz
Mode: G NACKLabel: B9 Block ID: 3, Msg No: L91A
Flight ID: AF0703 REG: F-GZNB


Message content:-
/LFPG.TI2/046LFPGCF3E7
-------------------------------------------------------[2024-05-19 02:25:50.965]

SOURCE: AIR
RX_ID: 5, Freq: 131.725MHz
Mode: G NACKLabel: H1 Block ID: 0, Msg No: D58A
Flight ID: KL0588 REG: PH-AOF


Message content:-
#DFB(POS-KLM588  -4346N00446E/024023 F400
RMK/FUEL   9.7 M0.81)
-------------------------------------------------------[2024-05-19 02:40:40.826]

SOURCE: AIR
RX_ID: 6, Freq: 131.725MHz
Mode: X NACKLabel: B6 Block ID: 9, Msg No: F38A
Flight ID: AF0995 REG: F-GZNQ


Message content:-
/ACCFAYA.ADS.F-GZNQ141ED9381E4008CA28471D0D1FAEF81B3148CA020D2022301A6388CA00C3AB
-------------------------------------------------------[2024-05-19 02:42:59.872]

SOURCE: AIR
RX_ID: 7, Freq: 131.725MHz
Mode: X NACKLabel: B6 Block ID: 0, Msg No: F39A
Flight ID: AF0995 REG: F-GZNQ


Message content:-
/ACCFAYA.ADS.F-GZNQ141EED701E0188CA290B1D0D1FB1181D8BE0003FFF2024E81D5BE0000003A0
-------------------------------------------------------[2024-05-19 02:43:48.841]

SOURCE: AIR
RX_ID: 8, Freq: 131.725MHz
Mode: X NACKLabel: B6 Block ID: 3, Msg No: F40A
Flight ID: AF0995 REG: F-GZNQ


Message content:-
/ACCFAYA.ADS.F-GZNQ071F39E81DAF48CA2BCB9D0C0464B9E758200E7F8104FFFC0F7CF1A17FFC4F45
-------------------------------------------------------[2024-05-19 02:46:44.970]

SOURCE: AIR
RX_ID: 9, Freq: 131.725MHz
Mode: X NACKLabel: 2F Block ID: 4, Msg No: M59A
Flight ID: AF0995 REG: F-GZNQ


Message content:-
0247+4405+521/36147
FAOR/LFPG/36000/ -01/ -51/0.82/232860/218508/30.0/ETR-12 /MTL-11 /-128/   77
-------------------------------------------------------[2024-05-19 02:47:41.473]

SOURCE: AIR
RX_ID: 10, Freq: 131.725MHz
Mode: X NACKLabel: B6 Block ID: 5, Msg No: F41A
Flight ID: AF0995 REG: F-GZNQ


Message content:-
/ACCFAYA.ADS.F-GZNQ141FA2581D9048CA2F8B9D0D1FBB181D5C60003FFF202C081C26E00000FEE7
-------------------------------------------------------[2024-05-19 02:50:44.991]

SOURCE: AIR
RX_ID: 11, Freq: 131.725MHz
Mode: X NACKLabel: 26 Block ID: 6, Msg No: M60A
Flight ID: AF0995 REG: F-GZNQ


Message content:-
0250FAORAF0995/18
0337LFPG26L 
-------------------------------------------------------[2024-05-19 02:50:51.535]

SOURCE: AIR
RX_ID: 12, Freq: 131.725MHz
Mode: X NACKLabel: B6 Block ID: 7, Msg No: F42A
Flight ID: AF0995 REG: F-GZNQ


Message content:-
/ACCFAYA.ADS.F-GZNQ071FB9A81D63C8CA306B9D0C0464B9E758200E7B58F8C0040F78119C4004CD37
-------------------------------------------------------[2024-05-19 02:51:41.089]

SOURCE: AIR
RX_ID: 13, Freq: 131.725MHz
Mode: X NACKLabel: B6 Block ID: 8, Msg No: F43A
Flight ID: AF0995 REG: F-GZNQ


Message content:-
/ACCFAYA.ADS.F-GZNQ141FBBB81D5E48CA307F9D0D202C081C26C8CA01122076F01B5588CA00BEA3
-------------------------------------------------------[2024-05-19 02:51:47.234]

SOURCE: AIR
RX_ID: 14, Freq: 131.725MHz
Mode: G NACKLabel: B9 Block ID: 6, Msg No: M07A
Flight ID: SN038K REG: OO-SFC


Message content:-
/EBLG.TI2/040EBLGA0ACB
-------------------------------------------------------[2024-05-19 03:10:47.978]

SOURCE: AIR
RX_ID: 15, Freq: 131.725MHz
Mode: G NACKLabel: B6 Block ID: 1, Msg No: J49A
Flight ID: SN038K REG: OO-SFC


Message content:-
/ALGCAYA.ADS.OO-SFC071EDA201D0589474B601D0E7C78FD7FFC0D1FAFC01B61C94702022022801A794947000A50
-------------------------------------------------------[2024-05-19 03:12:10.919]

SOURCE: AIR
RX_ID: 16, Freq: 131.725MHz
Mode: G NACKLabel: B6 Block ID: 3, Msg No: J50A
Flight ID: SN038K REG: OO-SFC


Message content:-
/ALGCAYA.DIS.OO-SFC80F449
-------------------------------------------------------[2024-05-19 03:12:59.889]

SOURCE: AIR
RX_ID: 17, Freq: 131.725MHz
Mode: G NACKLabel: 26 Block ID: 7, Msg No: M81A
Flight ID: AF0805 REG: F-GSPF


Message content:-
0315DBBBAF0805/18
0402LFPG26L 
-------------------------------------------------------[2024-05-19 03:15:28.370]

SOURCE: AIR
RX_ID: 18, Freq: 131.725MHz
Mode: G NACKLabel: 2F Block ID: 8, Msg No: M82A
Flight ID: AF0805 REG: F-GSPF


Message content:-
0317+4484+507/38104
DBBB/LFPG/37993/ -13/ -50/0.83/201688/191310/28.0/LOG-12 /-118/   57
-------------------------------------------------------[2024-05-19 03:17:57.437]

SOURCE: AIR
RX_ID: 19, Freq: 131.725MHz
Mode: G NACKLabel: 16 Block ID: 4, Msg No: M09A
Flight ID: SN038K REG: OO-SFC


Message content:-
19MAY24,0318,N 44.222,E  4.901,37985,0427,32320
-------------------------------------------------------[2024-05-19 03:18:08.919]

SOURCE: AIR
RX_ID: 20, Freq: 131.725MHz
Mode: G NACKLabel: H1 Block ID: 0, Msg No: D42A
Flight ID: AF0805 REG: F-GSPF


Message content:-
#DFBOP DATAFUEL
0320 38005  2.43  0.0
 4900       0  5300 10200
 0.807 0.814  0.803
 37920         38040
TRUE   TRUE   
  -1
 357 788
-------------------------------------------------------[2024-05-19 03:20:35.133]

SOURCE: AIR
RX_ID: 21, Freq: 131.725MHz
Mode: G NACKLabel: 2F Block ID: 3, Msg No: M20A
Flight ID: AF0977 REG: F-GZCK


Message content:-
0332+4362+517/4096
FOOL/LFPG/40001//-53/0.82/149605/139972//MOKIP  //-124/062
-------------------------------------------------------[2024-05-19 03:32:18.226]

SOURCE: AIR
RX_ID: 22, Freq: 131.725MHz
Mode: G NACKLabel: SA Block ID: 8, Msg No: S71A
Flight ID: SN04KE REG: OO-SFH


Message content:-
0LS033955V
-------------------------------------------------------[2024-05-19 03:39:56.581]

SOURCE: AIR
RX_ID: 23, Freq: 131.725MHz
Mode: G NACKLabel: SA Block ID: 9, Msg No: S74A
Flight ID: SN04KE REG: OO-SFH


Message content:-
0LS034222V
-------------------------------------------------------[2024-05-19 03:42:23.637]

SOURCE: AIR
RX_ID: 24, Freq: 131.725MHz
Mode: G NACKLabel: SA Block ID: 9, Msg No: S74A
Flight ID: SN04KE REG: OO-SFH


Message content:-
0LS034222V
-------------------------------------------------------[2024-05-19 03:42:32.010]

SOURCE: AIR
RX_ID: 25, Freq: 131.725MHz
Mode: G NACKLabel: SA Block ID: 9, Msg No: S74A
Flight ID: SN04KE REG: OO-SFH


Message content:-
0LS034222V
-------------------------------------------------------[2024-05-19 03:42:44.302]

SOURCE: AIR
RX_ID: 26, Freq: 131.725MHz
Mode: G NACKLabel: 26 Block ID: 6, Msg No: M21A
Flight ID: AF0977 REG: F-GZCK


Message content:-
0343FOOLAF0977/190428LFPG26L
-------------------------------------------------------[2024-05-19 03:43:02.547]

SOURCE: AIR
RX_ID: 27, Freq: 131.725MHz
Mode: G NACKLabel: 26 Block ID: 6, Msg No: M21A
Flight ID: AF0977 REG: F-GZCK


Message content:-
0343FOOLAF0977/190428LFPG26L
-------------------------------------------------------[2024-05-19 03:43:14.615]

SOURCE: AIR
RX_ID: 28, Freq: 131.725MHz
Mode: E NACKLabel: SA Block ID: 2, Msg No: S78A
Flight ID: SN04KE REG: OO-SFH


Message content:-
0LS034453V
-------------------------------------------------------[2024-05-19 03:44:55.187]

SOURCE: AIR
RX_ID: 29, Freq: 131.725MHz
Mode: E NACKLabel: SA Block ID: 3, Msg No: S81A
Flight ID: SN04KE REG: OO-SFH


Message content:-
0LS034706V
-------------------------------------------------------[2024-05-19 03:47:09.114]

SOURCE: AIR
RX_ID: 30, Freq: 131.725MHz
Mode: E NACKLabel: SA Block ID: 4, Msg No: S84A
Flight ID: SN04KE REG: OO-SFH


Message content:-
0LS034919V
-------------------------------------------------------[2024-05-19 03:49:20.810]

SOURCE: AIR
RX_ID: 31, Freq: 131.725MHz
Mode: E NACKLabel: SA Block ID: 5, Msg No: S87A
Flight ID: SN04KE REG: OO-SFH


Message content:-
0LS035125V
-------------------------------------------------------[2024-05-19 03:51:26.544]

SOURCE: AIR
RX_ID: 32, Freq: 131.725MHz
Mode: G NACKLabel: B9 Block ID: 4, Msg No: J24A
Flight ID: KL0538 REG: PH-AOA


Message content:-
/EHAM.TI2/000EHAMA0E3C
-------------------------------------------------------[2024-05-19 03:54:22.670]

SOURCE: AIR
RX_ID: 33, Freq: 131.725MHz
Mode: X NACKLabel: B9 Block ID: 1, Msg No: L64A
Flight ID: P60985 REG: EC-MUA


Message content:-
/LFPO.TI2/046LFPOA5A0C
-------------------------------------------------------[2024-05-19 05:19:42.335]

SOURCE: AIR
RX_ID: 34, Freq: 131.725MHz
Mode: X NACKLabel: 16 Block ID: 2, Msg No: M68A
Flight ID: P60985 REG: EC-MUA


Message content:-
POSA1N43617E  4741,LUMAS  ,050824,379,MTL    ,052738,,-52, 69, 130,844
-------------------------------------------------------[2024-05-19 05:21:16.946]

SOURCE: AIR
RX_ID: 35, Freq: 131.725MHz
Mode: X NACKLabel: 16 Block ID: 2, Msg No: M68A
Flight ID: P60985 REG: EC-MUA


Message content:-
POSA1N43617E  4741,LUMAS  ,050824,379,MTL    ,052738,,-52, 69, 130,844
-------------------------------------------------------[2024-05-19 05:21:25.139]

SOURCE: AIR
RX_ID: 36, Freq: 131.725MHz
Mode: X NACKLabel: 81 Block ID: 3, Msg No: M69A
Flight ID: P60985 REG: EC-MUA


Message content:-
/PMIELXH.ETP5 0522
ETA 0610

-------------------------------------------------------[2024-05-19 05:22:48.523]

SOURCE: AIR
RX_ID: 37, Freq: 131.725MHz
Mode: G NACKLabel: H1 Block ID: 7, Msg No: F51A
Flight ID: DL0028 REG: N831MH


Message content:-
#M1B/B6 PIKCPYA.ADS.N831MH131FBFD01AAB8878DEAC1D2AF8
-------------------------------------------------------[2024-05-19 05:32:55.135]

SOURCE: AIR
RX_ID: 38, Freq: 131.725MHz
Mode: G NACKLabel: H1 Block ID: 8, Msg No: F52A
Flight ID: DL0028 REG: N831MH


Message content:-
#M1BPOSN44359E004487,TUN14,053327,340,NISAR,053502,XIRBI,M50,22876,249,810D32D
-------------------------------------------------------[2024-05-19 05:33:30.974]

SOURCE: AIR
RX_ID: 39, Freq: 131.725MHz
Mode: G NACKLabel: H1 Block ID: 0, Msg No: F54A
Flight ID: DL0028 REG: N831MH


Message content:-
#M1BPOSN44295E005042,NISAR,053502,331,XIRBI,053625,DOTIG,M50,23079,247,810D73F
-------------------------------------------------------[2024-05-19 05:35:16.849]

SOURCE: AIR
RX_ID: 40, Freq: 131.725MHz
Mode: G NACKLabel: H1 Block ID: 1, Msg No: F55A
Flight ID: DL0028 REG: N831MH


Message content:-
#M1B/B6 PIKCPYA.ADS.N831MH141FA3781CD94812E0D81D0D1F8DD01DF4882B40531F66701F4B87EB80708E
-------------------------------------------------------[2024-05-19 05:35:21.169]

SOURCE: AIR
RX_ID: 41, Freq: 131.725MHz
Mode: G NACKLabel: H1 Block ID: 2, Msg No: F56A
Flight ID: DL0028 REG: N831MH


Message content:-
#M1B/B6 PIKCPYA.ADS.N831MH141F8FE01DD7878CE2041D0D1F006022B5A0003FFF1EEFA0249AE000007D36
-------------------------------------------------------[2024-05-19 05:36:19.317]

SOURCE: AIR
RX_ID: 42, Freq: 131.725MHz
Mode: G NACKLabel: H1 Block ID: 3, Msg No: F57A
Flight ID: DL0028 REG: N831MH


Message content:-
#M1B/B6 PIKCPYA.ADS.N831MH071F414820860506660C1F0C101332E208200D1F006022B583EDC0ED1EEFA0249AC33740101A2B7F423A93
-------------------------------------------------------[2024-05-19 05:40:37.997]

SOURCE: AIR
RX_ID: 43, Freq: 131.725MHz
Mode: G NACKLabel: H1 Block ID: 5, Msg No: D11B
Flight ID: DL0028 REG: N831MH


Message content:-
#DFB0         DEPART:KJFK    DESTIN:LFMN
S/N R:707000

               ENG L     ENG R
HPSOV          OPN       OPN
PRV            OPN       OPN
PRSOV          OPN       OPN
FAV %            1681     1645
-------------------------------------------------------[2024-05-19 05:41:40.456]

SOURCE: AIR
RX_ID: 44, Freq: 131.725MHz
Mode: G NACKLabel: H1 Block ID: 6, Msg No: D11C
Flight ID: DL0028 REG: N831MH


Message content:-
#DFB
N1 SPD          5688     5872
HI STG PRESS    8100     8700
INTERM PRESS1    4563     4383
INTERM PRESS2    4878     4286
STRUT OVHT     NRML      NRML
DUCT PRESS       4463     4425
P-COOL TEMP    
-------------------------------------------------------[2024-05-19 05:41:44.954]

SOURCE: AIR
RX_ID: 45, Freq: 131.725MHz
Mode: G NACKLabel: H1 Block ID: 7, Msg No: D11D
Flight ID: DL0028 REG: N831MH


Message content:-
#DFB39363    39147
PACK HX TEMP    35409    35222
PACK FLOW       14259    14061
WING ANTI ICE  OFF
LT  ISO VLV    CLS
RT  ISO VLV    CLS
CTR ISO VLV    OPN

TRIGGER CODE   0000

STATUS WORDS  DW1  DW
-------------------------------------------------------[2024-05-19 05:41:49.053]

SOURCE: AIR
RX_ID: 46, Freq: 131.725MHz
Mode: G NACKLabel: H1 Block ID: 8, Msg No: D11E
Flight ID: DL0028 REG: N831MH


Message content:-
#DFB2  DW3  DW4  DW5  DW6  DW7  DW8  EICAS
LEFT          0000 0001 0000 0000 0000 0000 1040 0000 0000
RIGHT         0000 0001 0000 0000 0000 0000 1040 0000 0000

-------------------------------------------------------[2024-05-19 05:41:52.929]

SOURCE: AIR
RX_ID: 47, Freq: 131.825MHz
Mode: 2 NACKLabel: 1L Block ID: 4, Msg No: M68A
Flight ID: LH0501 REG: D-AIGT


Message content:-
00062209276JH9X3V XV,O((,05430UJ9UPVDZHDCEEH)EMOHYO2LUJ-E-77K
-------------------------------------------------------[2024-05-19 05:43:08.925]

SOURCE: AIR
RX_ID: 48, Freq: 131.725MHz
Mode: G NACKLabel: H1 Block ID: 9, Msg No: F58A
Flight ID: DL0028 REG: N831MH


Message content:-
#M1B/B6 PIKCPYA.ADS.N831MH141F00D022BE02E529E01F0D1EEFA0249AC2DA408C1ED9F0259542A680F8CB
-------------------------------------------------------[2024-05-19 05:44:43.754]

SOURCE: AIR
RX_ID: 49, Freq: 131.525MHz
Mode: T NACKLabel: 2Z Block ID: 8, Msg No: M13A
Flight ID: AF7300 REG: F-GMZC


Message content:-
LFMN
-------------------------------------------------------[2024-05-19 05:50:03.650]

SOURCE: AIR
RX_ID: 50, Freq: 131.525MHz
Mode: T NACKLabel: 2F Block ID: 9, Msg No: M14A
Flight ID: AF7300 REG: F-GMZC


Message content:-
0551+4443+516/3450
-------------------------------------------------------[2024-05-19 05:51:49.744]

SOURCE: AIR
RX_ID: 51, Freq: 131.725MHz
Mode: E NACKLabel: 16 Block ID: 8, Msg No: M59A
Flight ID: FR43JK REG: 9H-QCS


Message content:-
063735,,0746, 112,N   .    MMMM.MMM
-------------------------------------------------------[2024-05-19 06:37:37.974]

SOURCE: AIR
RX_ID: 52, Freq: 131.825MHz
Mode: 2 ACK, A2GLabel: B6 Block ID: 9, Msg No: F91A
Flight ID: AC0892 REG: C-FIUW


Message content:-
/PIKCPYA.ADS.C-FIUW14203C20214C8908A3D71D0D2028182479490880B12014F025830908807304
-------------------------------------------------------[2024-05-19 06:38:18.127]

SOURCE: AIR
RX_ID: 53, Freq: 131.725MHz
Mode: X NACKLabel: B6 Block ID: 4, Msg No: F45A
Flight ID: KL0592 REG: PH-BQN


Message content:-
/BZVCAYA.ADS.PH-BQN071F5A301BDEC947279F9D0D1FAEF81B31494700CA2022301A638947000E7C50FC400093B4
-------------------------------------------------------[2024-05-19 06:42:18.549]

SOURCE: AIR
RX_ID: 54, Freq: 131.825MHz
Mode: 2 NACKLabel: H1 Block ID: 6, Msg No: F47A
Flight ID: AA0720 REG: N776AN


Message content:-
#M1BPOSN44321E005079,BEP-02,064240,390,RET-03,064528,KOLON,M51,24050,4583320
-------------------------------------------------------[2024-05-19 06:42:42.724]

SOURCE: AIR
RX_ID: 55, Freq: 131.825MHz
Mode: 2 NACKLabel: B6 Block ID: 7, Msg No: F48A
Flight ID: AA0720 REG: N776AN


Message content:-
/PIKCPYA.ADS.N776AN141FAB301D34C985A8061D0D1F87481FC8098580A51F1758278E89858013C7
-------------------------------------------------------[2024-05-19 06:42:49.490]

SOURCE: AIR
RX_ID: 56, Freq: 131.825MHz
Mode: 2 NACKLabel: 5U Block ID: 8, Msg No: M02A
Flight ID: AA0720 REG: N776AN


Message content:-
OS LIRF /WXRLIRF
-------------------------------------------------------[2024-05-19 06:43:56.457]

SOURCE: AIR
RX_ID: 57, Freq: 131.825MHz
Mode: 2 NACKLabel: H1 Block ID: 0, Msg No: D42A
Flight ID: AA0720 REG: N776AN


Message content:-
#DFBTRP KCLT LIRF 07  8 110   8  0 063232
 45.6230   1.1893390044297604820.0080.004 23.37-130.43 50680-46 197OFF
 45.5478   1.7669389964290804760.0160.012 36.00-129.38 50000-47 197OFF
 45.4690   2.3483390004
-------------------------------------------------------[2024-05-19 06:44:37.013]

SOURCE: AIR
RX_ID: 58, Freq: 131.825MHz
Mode: 2 NACKLabel: H1 Block ID: 1, Msg No: D42B
Flight ID: AA0720 REG: N776AN


Message content:-
#DFB284004780.0120.005 40.13-130.43 49320-48 197OFF
 45.3866   2.9309390044277604770.0120.010 40.50-124.10 48640-48 197OFF
 45.2316   3.4741389994270804800.0090.005 41.88-128.67 48000-50 197OFF
-------------------------------------------------------[2024-05-19 06:44:43.559]

SOURCE: AIR
RX_ID: 59, Freq: 131.825MHz
Mode: 2 NACKLabel: H1 Block ID: 2, Msg No: F49A
Flight ID: AA0720 REG: N776AN


Message content:-
#M1BPOSN44202E005353,RET-03,064527,390,KOLON,065357,RAPUR,M52,23354,451720C
-------------------------------------------------------[2024-05-19 06:45:29.641]

SOURCE: AIR
RX_ID: 60, Freq: 131.725MHz
Mode: X NACKLabel: H1 Block ID: 5, Msg No: D46A
Flight ID: KL0592 REG: PH-BQN


Message content:-
#DFBSA017
FAOREHAM
3 134816  2319515764313800-546246 64  1    73908
3 142073  2156115773313800-540234 57  1   -33888
3 149517  1987715782323799-545227 57  0   123870
3 157024  1806415791323800-527221 68  0
-------------------------------------------------------[2024-05-19 06:45:34.549]

SOURCE: AIR
RX_ID: 61, Freq: 131.825MHz
Mode: 2 NACKLabel: B6 Block ID: 3, Msg No: F50A
Flight ID: AA0720 REG: N776AN


Message content:-
/PIKCPYA.ADS.N776AN141F86F01FCE0985AAA21D0D1F1758278E898581FC1E8080315CC985803F8D
-------------------------------------------------------[2024-05-19 06:45:37.429]

SOURCE: AIR
RX_ID: 62, Freq: 131.725MHz
Mode: X NACKLabel: H1 Block ID: 6, Msg No: D46B
Flight ID: KL0592 REG: PH-BQN


Message content:-
#DFB  -143850
-------------------------------------------------------[2024-05-19 06:45:38.636]

SOURCE: AIR
RX_ID: 63, Freq: 131.725MHz
Mode: X NACKLabel: B6 Block ID: 7, Msg No: F46A
Flight ID: KL0592 REG: PH-BQN


Message content:-
/BZVCAYA.ADS.PH-BQN141FAFC81B2F89472ADC1D0D2022301A63894701132084E019ADC9470007A5
-------------------------------------------------------[2024-05-19 06:45:45.219]

SOURCE: AIR
RX_ID: 64, Freq: 131.525MHz
Mode: 2 NACKLabel: H1 Block ID: 9, Msg No: F32A
Flight ID: XA0000 REG: N300SC


Message content:-
#M1B/.RESREQ/AK,115/TS064558,190524
-------------------------------------------------------[2024-05-19 06:45:56.669]

SOURCE: AIR
RX_ID: 65, Freq: 131.525MHz
Mode: 2 NACKLabel: H1 Block ID: 0, Msg No: F33A
Flight ID: XA0000 REG: N300SC


Message content:-
#M1B/.POS/TS064558,190524N45045E005496,,064558,346,BAGBI,065958,SIZZA,M49,23474,409,8100BE4
-------------------------------------------------------[2024-05-19 06:46:00.986]

SOURCE: AIR
RX_ID: 66, Freq: 131.525MHz
Mode: 2 NACKLabel: H1 Block ID: 0, Msg No: F33A
Flight ID: XA0000 REG: N300SC


Message content:-
#M1B/.POS/TS064558,190524N45045E005496,,064558,346,BAGBI,065958,SIZZA,M49,23474,409,8100BE4
-------------------------------------------------------[2024-05-19 06:46:23.511]

SOURCE: AIR
RX_ID: 67, Freq: 131.525MHz
Mode: 2 NACKLabel: H1 Block ID: 1, Msg No: F34A
Flight ID: XA0000 REG: N300SC


Message content:-
#M1B/B0 LFFF.AFN/FMHTWY310,.N300SC,,064645/FPON45101E005455,1/FCOADS,01/FCOATC,0109A3
-------------------------------------------------------[2024-05-19 06:46:46.846]

SOURCE: AIR
RX_ID: 68, Freq: 131.725MHz
Mode: X NACKLabel: B6 Block ID: 8, Msg No: F47A
Flight ID: KL0592 REG: PH-BQN


Message content:-
/BZVCAYA.ADS.PH-BQN071FD4B81AEE89472C401D0D2022301A63894700BB2084E019ADC947000E7CD8F980041E25
-------------------------------------------------------[2024-05-19 06:47:14.309]

SOURCE: AIR
RX_ID: 69, Freq: 131.825MHz
Mode: 2 NACKLabel: 16 Block ID: 4, Msg No: M03A
Flight ID: AA0720 REG: N776AN


Message content:-
POSA1N44185E  5931,RET-03 ,064528,390,KOLON  ,065353,,-53, 58, 458,823
-------------------------------------------------------[2024-05-19 06:47:35.996]

SOURCE: AIR
RX_ID: 70, Freq: 131.725MHz
Mode: X NACKLabel: B6 Block ID: 1, Msg No: F49A
Flight ID: KL0592 REG: PH-BQN


Message content:-
/BZVCAYA.ADS.PH-BQN142031481A4809472FC01D0D20E9B018F120003FFF217838175CE0000095DA
-------------------------------------------------------[2024-05-19 06:50:58.751]

SOURCE: AIR
RX_ID: 71, Freq: 131.825MHz
Mode: 2 NACKLabel: B6 Block ID: 5, Msg No: F51A
Flight ID: AA0720 REG: N776AN


Message content:-
/PIKCPYA.ADS.N776AN141F2FD825E2C985B0CB1D0D1E464835E6C98584151E4F003777891B404B6E
-------------------------------------------------------[2024-05-19 06:52:05.311]

SOURCE: AIR
RX_ID: 72, Freq: 131.825MHz
Mode: 2 NACKLabel: BA Block ID: 6, Msg No: L32A
Flight ID: AA0720 REG: N776AN


Message content:-
/PIKCPYA.DR1.N776AN2B9B488F8E42ED
-------------------------------------------------------[2024-05-19 06:52:36.873]

SOURCE: AIR
RX_ID: 73, Freq: 131.825MHz
Mode: 2 NACKLabel: B0 Block ID: 8, Msg No: L33A
Flight ID: AA0720 REG: N776AN


Message content:-
/LIRR.AFN/FMHAAL720,.N776AN,AA7F5E,065326/FPON43454E006533,1/FCOADS,01/FCOATC,010767
-------------------------------------------------------[2024-05-19 06:53:28.659]

SOURCE: AIR
RX_ID: 74, Freq: 131.725MHz
Mode: X NACKLabel: H1 Block ID: 7, Msg No: D02A
Flight ID: UA0272 REG: N673UA


Message content:-
#DFBE31C03N670272KEWRLFMN0519240709AP
110:1400:3300
 86.2:3056: -3
 95.5:3032: -4
104.6:2944:  9
1200HYDRAULIC'CRUISE END      

-------------------------------------------------------[2024-05-19 07:10:45.580]

SOURCE: AIR
RX_ID: 75, Freq: 131.725MHz
Mode: X NACKLabel: H1 Block ID: 9, Msg No: F95A
Flight ID: UA0272 REG: N673UA


Message content:-
#M1B/B6 PIKCPYA.ADS.N673UA141FA3801CDCC84DCB8C1D0D1F8DD01DF487D000541F66701F4B86C84074F0
-------------------------------------------------------[2024-05-19 07:12:25.935]

SOURCE: AIR
RX_ID: 76, Freq: 131.725MHz
Mode: X NACKLabel: H1 Block ID: 0, Msg No: F96A
Flight ID: UA0272 REG: N673UA


Message content:-
#M1B/B6 PIKCPYA.ADS.N673UA141F90C81DCE07E04CA81D0D1F006022B583AB02141EEFA0249AC2B3C01341
-------------------------------------------------------[2024-05-19 07:13:32.715]

SOURCE: AIR
RX_ID: 77, Freq: 131.725MHz
Mode: X NACKLabel: H1 Block ID: 1, Msg No: F97A
Flight ID: UA0272 REG: N673UA


Message content:-
#M1B/B6 PIKCPYA.ADS.N673UA071F55381FD806218FE41F0C541332DF28200D1F006022B583AA01461EEFA0249AC2B340103FA9DF060C50
-------------------------------------------------------[2024-05-19 07:16:59.570]

SOURCE: AIR
RX_ID: 78, Freq: 131.725MHz
Mode: G NACKLabel: H1 Block ID: 6, Msg No: D33A
Flight ID: TO8800 REG: F-GZHI


Message content:-
#DFB43101???????????B737-80019MAY24TOEEEELFMLDTTA1769TVF809
071806CL39960364618329501230172N43232E005156063504
09498094970981098008270844-0031-0011
038920387500720072065055076076
019075016054013016004009
1
-------------------------------------------------------[2024-05-19 07:18:20.647]

SOURCE: AIR
RX_ID: 79, Freq: 131.725MHz
Mode: G NACKLabel: H1 Block ID: 7, Msg No: D33B
Flight ID: TO8800 REG: F-GZHI


Message content:-
#DFB0610713115500003671036710177101771
110000001133080950095009510951
018CE018CE0000000000062090620939A0539A05
020000200010000200007F0927F0924000940009AA
408484084D00000000095009509626089608677E6D7E6D
0768
-------------------------------------------------------[2024-05-19 07:18:25.180]

SOURCE: AIR
RX_ID: 80, Freq: 131.725MHz
Mode: X NACKLabel: H1 Block ID: 2, Msg No: F98A
Flight ID: UA0272 REG: N673UA


Message content:-
#M1B/B6 PIKCPYA.ADS.N673UA141F2520217A04BA92BC1F0D1EEFA0249AC2B5412B1ED9F0259541F40097F0
-------------------------------------------------------[2024-05-19 07:20:01.221]

SOURCE: AIR
RX_ID: 81, Freq: 131.825MHz
Mode: 2 NACKLabel: 16 Block ID: 8, Msg No: M06A
Flight ID: 4X54EU REG: 9H-MLD


Message content:-
072105,34992,0842,   6,N 45.502 E  6.171
-------------------------------------------------------[2024-05-19 07:21:06.755]

SOURCE: AIR
RX_ID: 82, Freq: 131.725MHz
Mode: X NACKLabel: H1 Block ID: 4, Msg No: D03B
Flight ID: UA0272 REG: N673UA


Message content:-
#DFB37
6 71 4311101O 151O030110O 3410P3591 -25 209920.650 8.600000000038 68 
3511101O 131O 24110O 2410C372 70 4211101O 151O030110O 3310P3591 -25 2
08320.646 8.630000000043 68 3511101O 131O 24110O 2410C370 70
-------------------------------------------------------[2024-05-19 07:21:20.688]

SOURCE: AIR
RX_ID: 83, Freq: 131.725MHz
Mode: X NACKLabel: H1 Block ID: 5, Msg No: D03C
Flight ID: UA0272 REG: N673UA


Message content:-
#DFB 4311101O
 151O030110O 3310P3581 -24 207040.643 8.660000000048 70 3911101O 141O
 28110O 2700C367 72 4711101O 161O035110O 3710P3581 -24 205440.638 8.6
90000000053 72 4411101O 151O 31110O 3100C362 73 52111
-------------------------------------------------------[2024-05-19 07:21:24.566]

SOURCE: AIR
RX_ID: 84, Freq: 131.725MHz
Mode: X NACKLabel: H1 Block ID: 6, Msg No: D03D
Flight ID: UA0272 REG: N673UA


Message content:-
#DFB01O 181O040110P 
4010P3591 -24 203840.636 8.730000000058 72 4611101O 161O 33110O 3300C
360 74 5411101O 181O041110P 4010P3601 -23 202240.634 8.770000000003 7
3 4711101O 161O 34110P 3300C363 74 5511101O 18
-------------------------------------------------------[2024-05-19 07:21:28.478]

SOURCE: AIR
RX_ID: 85, Freq: 131.725MHz
Mode: X NACKLabel: H1 Block ID: 7, Msg No: D03E
Flight ID: UA0272 REG: N673UA


Message content:-
#DFB1O042110P 3910P3631 -23
 200640.632 8.810000000008 72 4611101O 161O 34110P 3300C367 74 541110
1O 181O041110P 3910P3641 -22 199040.630 8.850000000013 72 4511101O 16
1O 32110O 3100C371 73 5211101O 181O0391
-------------------------------------------------------[2024-05-19 07:21:32.354]

SOURCE: AIR
RX_ID: 86, Freq: 131.725MHz
Mode: X NACKLabel: H1 Block ID: 8, Msg No: D03F
Flight ID: UA0272 REG: N673UA


Message content:-
#DFB10P 3810P3631 -22 197760.628 8
.890000000018 71 4411101O 161O 32110O 3100C376 73 5211101O 181O039110
P 3810P3621 -22 196160.626 8.940000000023 71 4411101O 161O 32110O 311
0C379 73 5311101O 181O040110P 39
-------------------------------------------------------[2024-05-19 07:21:36.047]

SOURCE: AIR
RX_ID: 87, Freq: 131.725MHz
Mode: X NACKLabel: H1 Block ID: 9, Msg No: D03G
Flight ID: UA0272 REG: N673UA


Message content:-
#DFB10P3621 -21 194560.624 8.980000000028
 71 4411101O 161O 32110O 3110C379 73 5311101O 181O040110P 3910P3601 -
21 192960.621 9.020000000033 71 4411101O 161O 32110O 3110C379 73 5211
101O 181O040110P 3810P360
-------------------------------------------------------[2024-05-19 07:21:39.928]

SOURCE: AIR
RX_ID: 88, Freq: 131.725MHz
Mode: X NACKLabel: H1 Block ID: 0, Msg No: D03H
Flight ID: UA0272 REG: N673UA


Message content:-
#DFB1 -20 191680.620 9.070000000038 69 3911101O 
151O 27110O 2710C379 70 4411101O 161O030110P 3410P3601 -20 189760.617
 9.110000000043 73 5011101O 171O 36110P 3510C377 75 6011101O 201O0471
10P 4110P3591 -19 
-------------------------------------------------------[2024-05-19 07:21:44.021]

SOURCE: AIR
RX_ID: 89, Freq: 131.725MHz
Mode: X NACKLabel: H1 Block ID: 1, Msg No: D03I
Flight ID: UA0272 REG: N673UA


Message content:-
#DFB188160.612 9.130000000048 77 6911101O 221O 54110P 3
910C377 79 8311001O 251P067110P 4210P3621 -19 186880.607 9.1500000000
53 79 8411001O 251O 68110P 3810P383 81 9611001O 281P059110P 4010P3621
 -19 185600
-------------------------------------------------------[2024-05-19 07:21:47.715]

SOURCE: AIR
RX_ID: 90, Freq: 131.725MHz
Mode: X NACKLabel: H1 Block ID: 2, Msg No: D03J
Flight ID: UA0272 REG: N673UA


Message content:-
#DFB.607 9.210000000058 80 9111001O 271P 62110P 3610P391 81100
11001O 291P058110P 3910P3621 -19 184000.613 9.300000000003 78 7711001
O 241P 62110P 3610P392 79 8411001O 261P058110P 3910P3641 -18 182720.6
15 9
-------------------------------------------------------[2024-05-19 07:21:51.814]

SOURCE: AIR
RX_ID: 91, Freq: 131.725MHz
Mode: X NACKLabel: H1 Block ID: 3, Msg No: D03K
Flight ID: UA0272 REG: N673UA


Message content:-
#DFB.370000000003408002D1672000402000400005D167300040000033408002C167
2000402000400005D16720004000000340800281673000402000400005D1673000400
00033408002C1672000402000400005D167300040000003408002D52730004020004
-------------------------------------------------------[2024-05-19 07:21:55.688]

SOURCE: AIR
RX_ID: 92, Freq: 131.725MHz
Mode: X NACKLabel: H1 Block ID: 4, Msg No: D03L
Flight ID: UA0272 REG: N673UA


Message content:-
#DFB0
0005D5273000400000
-------------------------------------------------------[2024-05-19 07:21:58.978]

SOURCE: AIR
RX_ID: 93, Freq: 131.725MHz
Mode: G NACKLabel: 20 Block ID: 1, Msg No: M10A
Flight ID: KL0104 REG: PH-BQL


Message content:-
RST07A19072300KLM104  FACTEHAM
-------------------------------------------------------[2024-05-19 07:23:32.565]

SOURCE: AIR
RX_ID: 94, Freq: 131.725MHz
Mode: G NACKLabel: H1 Block ID: 2, Msg No: D20A
Flight ID: KL0104 REG: PH-BQL


Message content:-
#DFB(POS-KLM104  -4410N00449E/072435 F380
RMK/FUEL  11.8 M0.83)
-------------------------------------------------------[2024-05-19 07:24:38.326]

SOURCE: AIR
RX_ID: 95, Freq: 131.825MHz
Mode: 2 NACKLabel: 5U Block ID: 9, Msg No: M07A
Flight ID: 4X54EU REG: 9H-MLD


Message content:-
LEIB LEPA-SA
-------------------------------------------------------[2024-05-19 07:26:52.067]

SOURCE: AIR
RX_ID: 96, Freq: 131.725MHz
Mode: X NACKLabel: 16 Block ID: 3, Msg No: M28A
Flight ID: P47578 REG: 5N-BVE


Message content:-
POSA1N43925E  4730,MTL    ,072905,379,MTL-15 ,073418,,-52, 68, 212,847
-------------------------------------------------------[2024-05-19 07:30:02.720]

SOURCE: AIR
RX_ID: 97, Freq: 131.825MHz
Mode: 2 NACKLabel: 16 Block ID: 1, Msg No: M08A
Flight ID: 4X54EU REG: 9H-MLD


Message content:-
073606,34980,0844,   5,N 43.997 E  5.350
-------------------------------------------------------[2024-05-19 07:36:07.275]

SOURCE: AIR
RX_ID: 98, Freq: 131.725MHz
Mode: X NACKLabel: SA Block ID: 7, Msg No: M25A
Flight ID: DE1515 REG: D-ABOH


Message content:-
0EV080959V
-------------------------------------------------------[2024-05-19 08:10:02.200]

SOURCE: AIR
RX_ID: 99, Freq: 131.725MHz
Mode: E NACKLabel: SA Block ID: 0, Msg No: M26A
Flight ID: DE1515 REG: D-ABOH


Message content:-
0EV081514V
-------------------------------------------------------[2024-05-19 08:15:16.352]

SOURCE: AIR
RX_ID: 100, Freq: 131.725MHz
Mode: E NACKLabel: SA Block ID: 3, Msg No: M27A
Flight ID: DE1515 REG: D-ABOH


Message content:-
0EV081602V
-------------------------------------------------------[2024-05-19 08:16:07.151]

SOURCE: AIR
RX_ID: 101, Freq: 131.725MHz
Mode: 2 NACKLabel: SA Block ID: 2, Msg No: M30A
Flight ID: AH1426 REG: 7T-VKH


Message content:-
0EV083030VS
-------------------------------------------------------[2024-05-19 08:30:32.251]

SOURCE: AIR
RX_ID: 102, Freq: 131.825MHz
Mode: 2 NACKLabel: H1 Block ID: 8, Msg No: D03A
Flight ID: E90775 REG: EC-LXA


Message content:-
#DFB002025100101011031195
R02/A33002,1,1
C1,.EC-LXA,24MAY19,08.33.06,LEVC,LDPL,EVE775    ,5000,365
C2,001,06.0,000000,D1333RR06C00000,000,052,052
C3,-22.5,34001,0.819,111,0.84,111,10,0,01,111,0.86,X
C4,-22
-------------------------------------------------------[2024-05-19 08:33:59.729]

SOURCE: AIR
RX_ID: 103, Freq: 131.825MHz
Mode: 2 NACKLabel: H1 Block ID: 2, Msg No: D03E
Flight ID: E90775 REG: EC-LXA


Message content:-
#DFB2.74
X3,-00.6,-00.7,-02.6,-00.2,-00.0,001.3,-00136,152361,25.4
X4,-00.2,-00.1,-00.1,-00.2,-00.1,-00.1,000.0,000.0,0042.8
X5,-00.1,-00.1,-00.2,-00.0,-00.1,-00.2,000.0,000.0,0042.7
X6,-01.3,001.0,065,-142
-------------------------------------------------------[2024-05-19 08:34:25.543]

SOURCE: AIR
RX_ID: 104, Freq: 131.825MHz
Mode: 2 NACKLabel: H1 Block ID: 2, Msg No: D03E
Flight ID: E90775 REG: EC-LXA


Message content:-
#DFB2.74
X3,-00.6,-00.7,-02.6,-00.2,-00.0,001.3,-00136,152361,25.4
X4,-00.2,-00.1,-00.1,-00.2,-00.1,-00.1,000.0,000.0,0042.8
X5,-00.1,-00.1,-00.2,-00.0,-00.1,-00.2,000.0,000.0,0042.7
X6,-01.3,001.0,065,-142
-------------------------------------------------------[2024-05-19 08:34:49.717]

SOURCE: AIR
RX_ID: 105, Freq: 131.825MHz
Mode: 2 NACKLabel: H1 Block ID: 2, Msg No: D03E
Flight ID: E90775 REG: EC-LXA


Message content:-
#DFB2.74
X3,-00.6,-00.7,-02.6,-00.2,-00.0,001.3,-00136,152361,25.4
X4,-00.2,-00.1,-00.1,-00.2,-00.1,-00.1,000.0,000.0,0042.8
X5,-00.1,-00.1,-00.2,-00.0,-00.1,-00.2,000.0,000.0,0042.7
X6,-01.3,001.0,065,-142
-------------------------------------------------------[2024-05-19 08:35:12.655]

SOURCE: AIR
RX_ID: 106, Freq: 131.825MHz
Mode: 2 NACKLabel: 16 Block ID: 3, Msg No: M03A
Flight ID: E90775 REG: EC-LXA


Message content:-
IWD0775,-,LEVC,LDPL,N43.056,E  5.598,34002,0956,544.250,  15.5,-----.-,219,  68
-------------------------------------------------------[2024-05-19 08:35:18.574]

SOURCE: AIR
RX_ID: 107, Freq: 131.825MHz
Mode: 2 NACKLabel: H1 Block ID: 4, Msg No: D03F
Flight ID: E90775 REG: EC-LXA


Message content:-
#DFB,0.803
X7,-00.9,001.4,063,-141,0.803:

-------------------------------------------------------[2024-05-19 08:35:24.095]

SOURCE: AIR
RX_ID: 108, Freq: 131.725MHz
Mode: G NACKLabel: B1 Block ID: 1, Msg No: J02A
Flight ID: AZ0602 REG: EI-EJG


Message content:-
/EGGX.OC1/RCL 000
ITY602-ETIKI/1036 M081F380
-RMK/MAX F3904D52
-------------------------------------------------------[2024-05-19 09:08:01.197]

SOURCE: AIR
RX_ID: 109, Freq: 131.725MHz
Mode: E NACKLabel: 4H Block ID: 3, Msg No: M59A
Flight ID: DL0025 REG: N831MH


Message content:-
19094H LFMN KATL6
  
WPR RESET





-------------------------------------------------------[2024-05-19 09:17:59.007]

SOURCE: AIR
RX_ID: 110, Freq: 131.725MHz
Mode: E NACKLabel: H1 Block ID: 6, Msg No: D12A
Flight ID: DL0025 REG: N831MH


Message content:-
#DFB239N1807 0025051924091756811 4495   521320-17-47228 82XX-223116320
 294 4530058298150030W/XLFMNKATL
-------------------------------------------------------[2024-05-19 09:18:10.710]

SOURCE: AIR
RX_ID: 111, Freq: 131.825MHz
Mode: 2 NACKLabel: H1 Block ID: 4, Msg No: D23A
Flight ID: AA0290 REG: N751AN


Message content:-
#DFBTRP KDFW LIRF 07  8 855   0  0 091142
 45.6523   0.4935370004480804860.0070.004 27.00-143.79 52000-47 217OFF
 45.5931   1.0760369994474004790.0070.003 31.75-131.48 51280-48 217OFF
 45.5339   1.6622369964
-------------------------------------------------------[2024-05-19 09:23:45.962]

SOURCE: AIR
RX_ID: 112, Freq: 131.825MHz
Mode: 2 NACKLabel: H1 Block ID: 5, Msg No: D23B
Flight ID: AA0290 REG: N751AN


Message content:-
#DFB466804780.0080.004 35.25-125.86 50600-48 217OFF
 45.4745   2.2527370004460004820.0150.012 36.00-131.48 49920-50 217OFF
 45.4132   2.8429369994453204780.0080.005 42.25-127.27 49200-51 217OFF
-------------------------------------------------------[2024-05-19 09:23:52.731]

SOURCE: AIR
RX_ID: 113, Freq: 131.725MHz
Mode: E NACKLabel: H1 Block ID: 1, Msg No: D13A
Flight ID: DL0025 REG: N831MH


Message content:-
#DFB221N1807 0025190524092414394294320809-18-47 -1             940 940
    686680    6632 6568     09920992    110113    59 56   155154   //
/400   0205  0200  628629   1063 13 31     82  81    000100100XX-22
-------------------------------------------------------[2024-05-19 09:24:26.081]

SOURCE: AIR
RX_ID: 114, Freq: 131.725MHz
Mode: E NACKLabel: H1 Block ID: 2, Msg No: D13B
Flight ID: DL0025 REG: N831MH


Message content:-
#DFB3 
 0
-------------------------------------------------------[2024-05-19 09:24:30.397]

SOURCE: AIR
RX_ID: 115, Freq: 131.825MHz
Mode: 2 NACKLabel: 16 Block ID: 6, Msg No: M19A
Flight ID: AA0290 REG: N751AN


Message content:-
POSA1N44467E  5404,BEP-15 ,092517,369,RET-16 ,092803,,-52, 70, 452,843
-------------------------------------------------------[2024-05-19 09:26:47.613]

SOURCE: AIR
RX_ID: 116, Freq: 131.825MHz
Mode: 2 NACKLabel: 16 Block ID: 1, Msg No: M53A
Flight ID: FR72SC REG: 9H-QDO


Message content:-
092716,M123632,1016,  95,N 42.696 E  5.905
-------------------------------------------------------[2024-05-19 09:27:18.552]

SOURCE: AIR
RX_ID: 117, Freq: 131.825MHz
Mode: 2 NACKLabel: H1 Block ID: 7, Msg No: F08A
Flight ID: AA0290 REG: N751AN


Message content:-
#M1BPOSN44221E005370,RET-16,092805,370,KOLON,093641,RAPUR,M53,22467,45580A7
-------------------------------------------------------[2024-05-19 09:28:07.268]

SOURCE: AIR
RX_ID: 118, Freq: 131.725MHz
Mode: E NACKLabel: B9 Block ID: 4, Msg No: L01A
Flight ID: UV0001 REG: DCBCT


Message content:-
/LEPA.TI2/024LEPAAC8BA
-------------------------------------------------------[2024-05-19 09:37:05.094]

SOURCE: AIR
RX_ID: 119, Freq: 131.725MHz
Mode: E NACKLabel: 83 Block ID: 6, Msg No: M08A
Flight ID: UV0001 REG: DCBCT


Message content:-
001PR19093838N4507.5E00547.3409389    
-------------------------------------------------------[2024-05-19 09:38:40.729]

SOURCE: AIR
RX_ID: 120, Freq: 131.825MHz
Mode: 2 NACKLabel: H1 Block ID: 9, Msg No: D24A
Flight ID: AA0290 REG: N751AN


Message content:-
#DFBTRP KDFW LIRF 07  8 856   0  0 092642
 45.3531   3.4375370024446004780.0100.005 52.13-130.08 48520-53 217OFF
 45.1638   3.9540370014439204780.0340.005 62.88-125.86 47800-53 217OFF
 44.9423   4.4519370014
-------------------------------------------------------[2024-05-19 09:38:46.254]

SOURCE: AIR
RX_ID: 121, Freq: 131.825MHz
Mode: 2 NACKLabel: H1 Block ID: 0, Msg No: D24B
Flight ID: AA0290 REG: N751AN


Message content:-
#DFB432004780.0250.019 64.12-120.23 47120-52 217OFF
 44.7175   4.9493369964425204800.0200.012 67.62-123.05 46440-51 217OFF
 44.4915   5.4400370004418404870.0140.012 71.75-134.30 45760-52 217OFF
-------------------------------------------------------[2024-05-19 09:38:53.639]

SOURCE: AIR
RX_ID: 122, Freq: 131.725MHz
Mode: E NACKLabel: 83 Block ID: 7, Msg No: M09A
Flight ID: UV0001 REG: DCBCT


Message content:-
001PR19094859N4405.4E00511.0410394    
-------------------------------------------------------[2024-05-19 09:49:02.707]

SOURCE: AIR
RX_ID: 123, Freq: 131.725MHz
Mode: E NACKLabel: B9 Block ID: 8, Msg No: L02A
Flight ID: UV0001 REG: DCBCT


Message content:-
/LEPA.TI2/024LEPAAC8BA
-------------------------------------------------------[2024-05-19 09:50:54.542]

SOURCE: AIR
RX_ID: 124, Freq: 131.725MHz
Mode: G NACKLabel: 16 Block ID: 9, Msg No: M41A
Flight ID: SN02DL REG: OO-SFC


Message content:-
19MAY24,0959,N 44.644,E  5.551,34972,1451,99120
-------------------------------------------------------[2024-05-19 09:59:08.114]

SOURCE: AIR
RX_ID: 125, Freq: 131.725MHz
Mode: G NACKLabel: 20 Block ID: 9, Msg No: M36A
Flight ID: KL0591 REG: PH-BVD


Message content:-
RST07A19100200KLM591  EHAMFAOR
-------------------------------------------------------[2024-05-19 10:02:59.543]

SOURCE: AIR
RX_ID: 126, Freq: 131.725MHz
Mode: G NACKLabel: H1 Block ID: 0, Msg No: D50A
Flight ID: SN02DL REG: OO-SFC


Message content:-
#DFB001281300101010734162
R01/A33001,1,1
C1,.OO-SFC,24MAY19,10.02.59,EBBR,DFFD,BEL2DL    ,5000,032
C2,001,06.0,000000,D1333RR06C02BEL,000,052,052
C3,-25.2,34974,0.825,111,1.06,111,10,0,01,111,1.06,X
C4,-25
-------------------------------------------------------[2024-05-19 10:03:25.764]

SOURCE: AIR
RX_ID: 127, Freq: 131.725MHz
Mode: G NACKLabel: H1 Block ID: 1, Msg No: D50B
Flight ID: SN02DL REG: OO-SFC


Message content:-
#DFB.3,34974,0.825,111
C5,041205,08428,05149,01732,00443,10015,00000,00402,06066,144
C6,041196,05638,33641,01170,00443,10016,00000,00402,36066
N1,1.483,1.483,079.51,087.3,088.3,0643,08.096,03426,09.31
N2,1.
-------------------------------------------------------[2024-05-19 10:03:29.640]

SOURCE: AIR
RX_ID: 128, Freq: 131.725MHz
Mode: G NACKLabel: H1 Block ID: 3, Msg No: D50D
Flight ID: SN02DL REG: OO-SFC


Message content:-
#DFB46.5,0.16,0.07,0.10,128,0.23,006.3
T2,083,101,105.6,003.8,046.0,0.15,0.14,0.05,304,0.24,006.1
V1,0422,0363
V2,0429,0361
                            :

-------------------------------------------------------[2024-05-19 10:03:37.429]

SOURCE: AIR
RX_ID: 129, Freq: 131.725MHz
Mode: G NACKLabel: H1 Block ID: 4, Msg No: D51A
Flight ID: SN02DL REG: OO-SFC


Message content:-
#DFB002281300101011031116
R02/A33002,1,1
C1,.OO-SFC,24MAY19,10.02.59,EBBR,DFFD,BEL2DL    ,5000,595
C2,001,06.0,000000,D1333RR06C02BEL,000,052,052
C3,-25.2,34974,0.825,111,1.06,111,10,0,01,111,1.06,X
C4,-25
-------------------------------------------------------[2024-05-19 10:03:49.095]

SOURCE: AIR
RX_ID: 130, Freq: 131.725MHz
Mode: G NACKLabel: H1 Block ID: 5, Msg No: D51B
Flight ID: SN02DL REG: OO-SFC


Message content:-
#DFB.3,34974,0.825,111
C5,041205,08428,05149,01732,00443,10015,00000,00402,06066,150
C6,041196,05638,33641,01170,00443,10016,00000,00402,36066,144
N1,1.483,1.483,079.51,087.3,088.3,0643,08.096,03426,09.31
N
-------------------------------------------------------[2024-05-19 10:03:53.008]

SOURCE: AIR
RX_ID: 131, Freq: 131.725MHz
Mode: G NACKLabel: H1 Block ID: 6, Msg No: D51C
Flight ID: SN02DL REG: OO-SFC


Message content:-
#DFB2,1.483,1.483,079.11,087.1,088.4,0638,08.045,03274,09.28
S1,05.41,-25.3,038.9,184.9,166.0,460.7,07.6,059.1,028.0,33,130
S2,05.41,-25.3,038.8,184.7,164.3,459.0,07.8,058.6,027.5,29,125
T1,079,097,109.7,-09
-------------------------------------------------------[2024-05-19 10:03:57.103]

SOURCE: AIR
RX_ID: 132, Freq: 131.725MHz
Mode: G NACKLabel: H1 Block ID: 7, Msg No: D51D
Flight ID: SN02DL REG: OO-SFC


Message content:-
#DFB.4,046.5,0.16,0.07,0.10,128,0.23,006.3
T2,083,101,105.6,003.8,046.0,0.15,0.14,0.05,304,0.24,006.1
V1,0422,0363
V2,0429,0361
X1,000.1,002.2,-03.6,-001,00.0006,N44.31
X2,000.1,002.5,-03.5,0000,00.0006,N4
-------------------------------------------------------[2024-05-19 10:04:00.981]

SOURCE: AIR
RX_ID: 133, Freq: 131.725MHz
Mode: G NACKLabel: H1 Block ID: 8, Msg No: D51E
Flight ID: SN02DL REG: OO-SFC


Message content:-
#DFB4.32
X3,000.2,000.7,-03.1,-00.2,-00.0,002.5,-10488,214341,28.9
X4,000.0,-00.2,-00.1,-00.1,-00.1,-00.1,000.0,000.0,-152.2
X5,-00.1,-00.1,-00.1,-00.0,-00.1,-00.1,000.0,000.0,-152.0
X6,-00.3,000.1,076,-133
-------------------------------------------------------[2024-05-19 10:04:04.860]

SOURCE: AIR
RX_ID: 134, Freq: 131.725MHz
Mode: G NACKLabel: H1 Block ID: 9, Msg No: D51F
Flight ID: SN02DL REG: OO-SFC


Message content:-
#DFB,0.805
X7,-00.1,000.0,077,-133,0.805:

-------------------------------------------------------[2024-05-19 10:04:08.370]

SOURCE: AIR
RX_ID: 135, Freq: 131.725MHz
Mode: G NACKLabel: H1 Block ID: 0, Msg No: D52A
Flight ID: SN02DL REG: OO-SFC


Message content:-
#DFB001281300101010734162
R01/A33001,1,1
C1,.OO-SFC,24MAY19,10.02.59,EBBR,DFFD,BEL2DL    ,5000,032
C2,001,06.0,000000,D1333RR06C02BEL,000,052,052
C3,-25.2,34974,0.825,111,1.06,111,10,0,01,111,1.06,X
C4,-25
-------------------------------------------------------[2024-05-19 10:05:20.854]

SOURCE: AIR
RX_ID: 136, Freq: 131.725MHz
Mode: G NACKLabel: H1 Block ID: 1, Msg No: D52B
Flight ID: SN02DL REG: OO-SFC


Message content:-
#DFB.3,34974,0.825,111
C5,041205,08428,05149,01732,00443,10015,00000,00402,06066,144
C6,041196,05638,33641,01170,00443,10016,00000,00402,36066
N1,1.483,1.483,079.51,087.3,088.3,0643,08.096,03426,09.31
N2,1.
-------------------------------------------------------[2024-05-19 10:05:24.733]

SOURCE: AIR
RX_ID: 137, Freq: 131.725MHz
Mode: G NACKLabel: H1 Block ID: 1, Msg No: D52B
Flight ID: SN02DL REG: OO-SFC


Message content:-
#DFB.3,34974,0.825,111
C5,041205,08428,05149,01732,00443,10015,00000,00402,06066,144
C6,041196,05638,33641,01170,00443,10016,00000,00402,36066
N1,1.483,1.483,079.51,087.3,088.3,0643,08.096,03426,09.31
N2,1.
-------------------------------------------------------[2024-05-19 10:05:34.789]

SOURCE: AIR
RX_ID: 138, Freq: 131.725MHz
Mode: G NACKLabel: H1 Block ID: 1, Msg No: D52B
Flight ID: SN02DL REG: OO-SFC


Message content:-
#DFB.3,34974,0.825,111
C5,041205,08428,05149,01732,00443,10015,00000,00402,06066,144
C6,041196,05638,33641,01170,00443,10016,00000,00402,36066
N1,1.483,1.483,079.51,087.3,088.3,0643,08.096,03426,09.31
N2,1.
-------------------------------------------------------[2024-05-19 10:05:46.060]

SOURCE: AIR
RX_ID: 139, Freq: 131.725MHz
Mode: G NACKLabel: H1 Block ID: 2, Msg No: D52C
Flight ID: SN02DL REG: OO-SFC


Message content:-
#DFB483,1.483,079.11,087.1,088.4,0638,08.045,03274,09.28
S1,05.41,-25.3,038.9,184.9,166.0,460.7,07.6,059.1,028.0,33,130
S2,05.41,-25.3,038.8,184.7,164.3,459.0,07.8,058.6,027.5,29,125
T1,079,097,109.7,-09.4,0
-------------------------------------------------------[2024-05-19 10:05:51.174]

SOURCE: AIR
RX_ID: 140, Freq: 131.725MHz
Mode: G NACKLabel: H1 Block ID: 3, Msg No: D52D
Flight ID: SN02DL REG: OO-SFC


Message content:-
#DFB46.5,0.16,0.07,0.10,128,0.23,006.3
T2,083,101,105.6,003.8,046.0,0.15,0.14,0.05,304,0.24,006.1
V1,0422,0363
V2,0429,0361
                            :

-------------------------------------------------------[2024-05-19 10:05:54.869]

SOURCE: AIR
RX_ID: 141, Freq: 131.725MHz
Mode: G NACKLabel: H1 Block ID: 4, Msg No: D53A
Flight ID: SN02DL REG: OO-SFC


Message content:-
#DFB002281300101011031116
R02/A33002,1,1
C1,.OO-SFC,24MAY19,10.02.59,EBBR,DFFD,BEL2DL    ,5000,595
C2,001,06.0,000000,D1333RR06C02BEL,000,052,052
C3,-25.2,34974,0.825,111,1.06,111,10,0,01,111,1.06,X
C4,-25
-------------------------------------------------------[2024-05-19 10:05:58.746]

SOURCE: AIR
RX_ID: 142, Freq: 131.725MHz
Mode: G NACKLabel: H1 Block ID: 5, Msg No: D53B
Flight ID: SN02DL REG: OO-SFC


Message content:-
#DFB.3,34974,0.825,111
C5,041205,08428,05149,01732,00443,10015,00000,00402,06066,150
C6,041196,05638,33641,01170,00443,10016,00000,00402,36066,144
N1,1.483,1.483,079.51,087.3,088.3,0643,08.096,03426,09.31
N
-------------------------------------------------------[2024-05-19 10:06:02.621]

SOURCE: AIR
RX_ID: 143, Freq: 131.725MHz
Mode: G NACKLabel: H1 Block ID: 6, Msg No: D53C
Flight ID: SN02DL REG: OO-SFC


Message content:-
#DFB2,1.483,1.483,079.11,087.1,088.4,0638,08.045,03274,09.28
S1,05.41,-25.3,038.9,184.9,166.0,460.7,07.6,059.1,028.0,33,130
S2,05.41,-25.3,038.8,184.7,164.3,459.0,07.8,058.6,027.5,29,125
T1,079,097,109.7,-09
-------------------------------------------------------[2024-05-19 10:06:06.534]

SOURCE: AIR
RX_ID: 144, Freq: 131.725MHz
Mode: G NACKLabel: H1 Block ID: 7, Msg No: D53D
Flight ID: SN02DL REG: OO-SFC


Message content:-
#DFB.4,046.5,0.16,0.07,0.10,128,0.23,006.3
T2,083,101,105.6,003.8,046.0,0.15,0.14,0.05,304,0.24,006.1
V1,0422,0363
V2,0429,0361
X1,000.1,002.2,-03.6,-001,00.0006,N44.31
X2,000.1,002.5,-03.5,0000,00.0006,N4
-------------------------------------------------------[2024-05-19 10:06:10.630]

SOURCE: AIR
RX_ID: 145, Freq: 131.725MHz
Mode: G NACKLabel: H1 Block ID: 8, Msg No: D53E
Flight ID: SN02DL REG: OO-SFC


Message content:-
#DFB4.32
X3,000.2,000.7,-03.1,-00.2,-00.0,002.5,-10488,214341,28.9
X4,000.0,-00.2,-00.1,-00.1,-00.1,-00.1,000.0,000.0,-152.2
X5,-00.1,-00.1,-00.1,-00.0,-00.1,-00.1,000.0,000.0,-152.0
X6,-00.3,000.1,076,-133
-------------------------------------------------------[2024-05-19 10:06:14.506]

SOURCE: AIR
RX_ID: 146, Freq: 131.725MHz
Mode: G NACKLabel: H1 Block ID: 9, Msg No: D53F
Flight ID: SN02DL REG: OO-SFC


Message content:-
#DFB,0.805
X7,-00.1,000.0,077,-133,0.805:

-------------------------------------------------------[2024-05-19 10:06:17.979]

SOURCE: AIR
RX_ID: 147, Freq: 131.725MHz
Mode: E NACKLabel: 5Z Block ID: 8, Msg No: M18A
Flight ID: UA0273 REG: N673UA


Message content:-
/ET EXP TIME       / LFMN KEWR 19 102741/EON 1835
-------------------------------------------------------[2024-05-19 10:27:42.526]

SOURCE: AIR
RX_ID: 148, Freq: 131.725MHz
Mode: E NACKLabel: H1 Block ID: 1, Msg No: F08A
Flight ID: UA0273 REG: N673UA


Message content:-
#M1BRESPOS/AK,71/TS102824,19052486FE
-------------------------------------------------------[2024-05-19 10:28:26.965]

SOURCE: AIR
RX_ID: 149, Freq: 131.725MHz
Mode: G NACKLabel: H1 Block ID: 8, Msg No: D39A
Flight ID: DL0024 REG: N843MH


Message content:-
#DFBENGINE BLEED REPORT

AID:N1819  DA:19/05    GMT:10:31    FNO: 613      ISFC: 3971
TAT:  62  SAT:-185   ALT: 18312   MACH:0699    FCNT: 2149
GW:308600  FLT:0024-1  MODE:DESC    SID:AK-67-223
S/N L:70700
-------------------------------------------------------[2024-05-19 10:32:00.984]

SOURCE: AIR
RX_ID: 150, Freq: 131.725MHz
Mode: G ACK, A2GLabel: H1 Block ID: 9, Msg No: D39B
Flight ID: DL0024 REG: N843MH


Message content:-
#DFB0         DEPART:KATL    DESTIN:LFMN
S/N R:707000

               ENG L     ENG R
HPSOV          OPN       OPN
PRV            OPN       OPN
PRSOV          OPN       OPN
FAV %            -255     -177
-------------------------------------------------------[2024-05-19 10:32:06.102]

SOURCE: AIR
RX_ID: 151, Freq: 131.725MHz
Mode: G NACKLabel: H1 Block ID: 0, Msg No: D39C
Flight ID: DL0024 REG: N843MH


Message content:-
#DFB
N1 SPD          4081     4101
HI STG PRESS    4550     4550
INTERM PRESS1    3453     3045
INTERM PRESS2    3538     3467
STRUT OVHT     NRML      NRML
DUCT PRESS       3000     3375
P-COOL TEMP    
-------------------------------------------------------[2024-05-19 10:32:10.601]

SOURCE: AIR
RX_ID: 152, Freq: 131.725MHz
Mode: G NACKLabel: H1 Block ID: 1, Msg No: D39D
Flight ID: DL0024 REG: N843MH


Message content:-
#DFB35741    34594
PACK HX TEMP    32628    32828
PACK FLOW       12361    12978
WING ANTI ICE  OFF
LT  ISO VLV    CLS
RT  ISO VLV    CLS
CTR ISO VLV    OPN

TRIGGER CODE   0000

STATUS WORDS  DW1  DW
-------------------------------------------------------[2024-05-19 10:32:14.476]

SOURCE: AIR
RX_ID: 153, Freq: 131.725MHz
Mode: G NACKLabel: H1 Block ID: 2, Msg No: D39E
Flight ID: DL0024 REG: N843MH


Message content:-
#DFB2  DW3  DW4  DW5  DW6  DW7  DW8  EICAS
LEFT          0000 0001 0000 0000 0000 0000 1040 0000 0000
RIGHT         0000 0001 0000 0000 0000 0000 1040 0000 0000

-------------------------------------------------------[2024-05-19 10:32:19.822]

SOURCE: AIR
RX_ID: 154, Freq: 131.725MHz
Mode: E NACKLabel: H1 Block ID: 2, Msg No: F09A
Flight ID: UA0273 REG: N673UA


Message content:-
#M2BPOSN44362E005414,KOTIT,103247,331,ETREK,104025,NOQAS,M50,22881,939,813/TS103247,190524729E
-------------------------------------------------------[2024-05-19 10:32:50.136]

SOURCE: AIR
RX_ID: 155, Freq: 131.725MHz
Mode: G NACKLabel: H1 Block ID: 3, Msg No: D40A
Flight ID: DL0024 REG: N843MH


Message content:-
#DFB239N1819 0024051924103254655 4381   597152 11-10221 21XX-223 24200
 330 40800451431510B0/9WKATLLFMN
-------------------------------------------------------[2024-05-19 10:33:13.283]

SOURCE: AIR
RX_ID: 156, Freq: 131.725MHz
Mode: E NACKLabel: H1 Block ID: 3, Msg No: F10A
Flight ID: UA0273 REG: N673UA


Message content:-
#M2BREQPWI/TS103351,190524/WQ430.390.340.300:N45009E004318.N45075E004108.LERGA.FOUCO.MANAK.ADSET.REGHI.ETIKI.N48W015.N50W020.N51W030.N51W040.N50W050.ELSIR.N47W060.TOPPS.HANAA.ALB.ACOVE.TALCO.WEETS.HELON.FLOSI.C
-------------------------------------------------------[2024-05-19 10:33:54.027]

SOURCE: AIR
RX_ID: 157, Freq: 131.725MHz
Mode: E NACKLabel: H1 Block ID: 4, Msg No: F10B
Flight ID: UA0273 REG: N673UA


Message content:-
#M2BRANK.SHAFF.SAX.PHLBO.HOKIR.GRITY.DOOIN.RW04R.TYNIE.NEBTE.FLYRS.N51523W028002.N49523W028002.N52044W037489.N50044W037489/DQ380DAF2
-------------------------------------------------------[2024-05-19 10:33:57.315]

SOURCE: AIR
RX_ID: 158, Freq: 131.725MHz
Mode: E NACKLabel: H1 Block ID: 5, Msg No: D06A
Flight ID: UA0273 REG: N673UA


Message content:-
#DFBE31C03N670273LFMNKEWR0519241033CR
110:1400:3300
 96.4:3072: 25
 98.1:3011: 28
114.1:2960: 31
1100HYDRAULIC'CRUISE START    

-------------------------------------------------------[2024-05-19 10:34:15.311]

SOURCE: AIR
RX_ID: 159, Freq: 131.725MHz
Mode: E NACKLabel: H1 Block ID: 5, Msg No: F11A
Flight ID: UA0273 REG: N673UA


Message content:-
#M2BRESPWI/AK,71/TS103458,190524C4E4
-------------------------------------------------------[2024-05-19 10:35:02.230]

SOURCE: AIR
RX_ID: 160, Freq: 131.725MHz
Mode: E NACKLabel: H1 Block ID: 6, Msg No: F12A
Flight ID: UA0273 REG: N673UA


Message content:-
#M2BRESPWI/AC,91/TS103522,1905243BA9
-------------------------------------------------------[2024-05-19 10:35:29.037]

SOURCE: AIR
RX_ID: 161, Freq: 131.725MHz
Mode: E NACKLabel: H1 Block ID: 9, Msg No: D07A
Flight ID: UA0273 REG: N673UA


Message content:-
#DFB36067303051924103408311890CRS       1102102731LFMNKEWR727859727702
NGENEWCRS  TRIGGER -----3800000000LO LO 0800000000LO LO 3800000000LO 
LO 0800000000LO LO 3800000000LO LO 08 9114610010C 361O 30110O 3010P
-------------------------------------------------------[2024-05-19 10:36:01.621]

SOURCE: AIR
RX_ID: 162, Freq: 131.725MHz
Mode: E NACKLabel: H1 Block ID: 0, Msg No: D07B
Flight ID: UA0273 REG: N673UA


Message content:-
#DFB37
7 9115010010C 371O031110P 3410P3591 -52 339840.815 5.610000000013 901
3410010C 341O 28110O 2810P375 9013710010C 341O028110O 3210P3581 -52 3
40160.817 5.620000000018 8812610010C 321O 27110O 2610P372 88
-------------------------------------------------------[2024-05-19 10:36:05.498]

SOURCE: AIR
RX_ID: 163, Freq: 131.725MHz
Mode: E NACKLabel: H1 Block ID: 1, Msg No: F13A
Flight ID: UA0273 REG: N673UA


Message content:-
#M2BRESPOS/AK,71/TS103604,1905248F0A
-------------------------------------------------------[2024-05-19 10:36:08.572]

SOURCE: AIR
RX_ID: 164, Freq: 131.725MHz
Mode: E NACKLabel: H1 Block ID: 2, Msg No: D07C
Flight ID: UA0273 REG: N673UA


Message content:-
#DFB12910010C
 331O026110O 3010P3581 -52 339840.819 5.630000000023 8812410010C 311O
 26110O 2610P371 8812810010C 321O026110O 3010P3581 -52 339840.818 5.6
30000000028 8812410010C 311O 26110O 2610P372 88128100
-------------------------------------------------------[2024-05-19 10:36:12.485]

SOURCE: AIR
RX_ID: 165, Freq: 131.825MHz
Mode: 2 NACKLabel: 16 Block ID: 6, Msg No: M24A
Flight ID: 4X03VY REG: 9H-MLD


Message content:-
103613,36003,1134,   5,N 42.900 E  6.236
-------------------------------------------------------[2024-05-19 10:36:14.934]

SOURCE: AIR
RX_ID: 166, Freq: 131.725MHz
Mode: E NACKLabel: H1 Block ID: 3, Msg No: F14A
Flight ID: UA0273 REG: N673UA


Message content:-
#M2BREJPOS,103604,130,219,RF101,N45009E004318.130,219,RF101,N45075E004108.130,219,RF101,LERGA.130,219,RF101,FOUCO/TS103605,190524AD74
-------------------------------------------------------[2024-05-19 10:36:15.957]

SOURCE: AIR
RX_ID: 167, Freq: 131.725MHz
Mode: E NACKLabel: H1 Block ID: 4, Msg No: D07D
Flight ID: UA0273 REG: N673UA


Message content:-
#DFB10C 321O026110O 
3010P3581 -52 339840.819 5.630000000033 8812310010C 311O 26110O 2610P
375 8812710010C 321O025110O 3010P3591 -52 339840.819 5.630000000038 8
812210010C 311O 25110O 2510P375 8812510010C 32
-------------------------------------------------------[2024-05-19 10:36:19.835]

SOURCE: AIR
RX_ID: 168, Freq: 131.725MHz
Mode: E NACKLabel: H1 Block ID: 5, Msg No: D07E
Flight ID: UA0273 REG: N673UA


Message content:-
#DFB1O025110O 2910P3591 -52
 339840.819 5.630000000043 8812010010C 311O 25110O 2510P374 881241001
0C 311O025110O 2910P3591 -52 339840.819 5.630000000048 8811911010C 30
1O 25110O 2510P371 8812310010C 311O0241
-------------------------------------------------------[2024-05-19 10:36:23.531]

SOURCE: AIR
RX_ID: 169, Freq: 131.725MHz
Mode: E NACKLabel: H1 Block ID: 6, Msg No: D07F
Flight ID: UA0273 REG: N673UA


Message content:-
#DFB10O 2910P3591 -52 339840.818 5
.630000000053 8711911010C 301O 25110O 2510P372 8712210010C 311O024110
O 2910P3581 -52 339840.818 5.630000000058 8711811010C 301O 25110O 251
0P372 8712211010C 311O024110O 29
-------------------------------------------------------[2024-05-19 10:36:27.405]

SOURCE: AIR
RX_ID: 170, Freq: 131.725MHz
Mode: E NACKLabel: H1 Block ID: 7, Msg No: D07G
Flight ID: UA0273 REG: N673UA


Message content:-
#DFB10P3561 -52 339840.816 5.620000000003
 8711811010C 301O 25110O 2410P374 8712211010C 311O024110O 2810P3561 -
52 339840.815 5.610000000008 8811911010C 301O 25110O 2510P375 8812310
010C 311O024110O 2910P356
-------------------------------------------------------[2024-05-19 10:36:31.099]

SOURCE: AIR
RX_ID: 171, Freq: 131.825MHz
Mode: 2 NACKLabel: 16 Block ID: 6, Msg No: M24A
Flight ID: 4X03VY REG: 9H-MLD


Message content:-
103613,36003,1134,   5,N 42.900 E  6.236
-------------------------------------------------------[2024-05-19 10:36:33.769]

SOURCE: AIR
RX_ID: 172, Freq: 131.725MHz
Mode: E NACKLabel: H1 Block ID: 7, Msg No: D07G
Flight ID: UA0273 REG: N673UA


Message content:-
#DFB10P3561 -52 339840.816 5.620000000003
 8711811010C 301O 25110O 2410P374 8712211010C 311O024110O 2810P3561 -
52 339840.815 5.610000000008 8811911010C 301O 25110O 2510P375 8812310
010C 311O024110O 2910P356
-------------------------------------------------------[2024-05-19 10:36:40.535]

SOURCE: AIR
RX_ID: 173, Freq: 131.725MHz
Mode: E NACKLabel: H1 Block ID: 8, Msg No: D07H
Flight ID: UA0273 REG: N673UA


Message content:-
#DFB1 -52 339840.815 5.610000000013 8812111010C 
311O 25110O 2510P375 8812510010C 321O025110O 2910P3581 -52 339840.813
 5.600000000018 8812310010C 311O 25110O 2510P375 8812710010C 321O0251
10O 2910P3581 -52 
-------------------------------------------------------[2024-05-19 10:36:44.229]

SOURCE: AIR
RX_ID: 174, Freq: 131.725MHz
Mode: E NACKLabel: H1 Block ID: 9, Msg No: D07I
Flight ID: UA0273 REG: N673UA


Message content:-
#DFB339840.813 5.600000000023 8812410010C 311O 25110O 2
510P375 8812810010C 321O025110O 2910P3581 -52 339840.812 5.5900000000
28 8812510010C 321O 25110O 2510P374 8812910010C 331O025110O 3010P3581
 -52 339840
-------------------------------------------------------[2024-05-19 10:36:47.884]

SOURCE: AIR
RX_ID: 175, Freq: 131.725MHz
Mode: E NACKLabel: H1 Block ID: 0, Msg No: D07J
Flight ID: UA0273 REG: N673UA


Message content:-
#DFB.812 5.590000000033 8912610010C 321O 26110O 2610P374 88130
10010C 331O025110O 3010P3581 -52 339840.812 5.590000000038 8912610010
C 321O 26110O 2610P374 8813010010C 331O025110O 3010P3581 -52 339840.8
12 5
-------------------------------------------------------[2024-05-19 10:36:51.578]

SOURCE: AIR
RX_ID: 176, Freq: 131.725MHz
Mode: E NACKLabel: H1 Block ID: 1, Msg No: D07K
Flight ID: UA0273 REG: N673UA


Message content:-
#DFB.580000000038408002D09F3000400000400005D09F300040000008408002D09F
2000400000400005D09F300040000038408002D09F2000400000400005D09F2000400
00008408002D0BF2000400000400005D09F200040000038408002D09F20004000004
-------------------------------------------------------[2024-05-19 10:36:55.491]

SOURCE: AIR
RX_ID: 177, Freq: 131.725MHz
Mode: E NACKLabel: H1 Block ID: 2, Msg No: D07L
Flight ID: UA0273 REG: N673UA


Message content:-
#DFB0
0005D09F2000400000
-------------------------------------------------------[2024-05-19 10:36:58.747]

SOURCE: AIR
RX_ID: 178, Freq: 131.725MHz
Mode: E NACKLabel: B1 Block ID: 3, Msg No: L01A
Flight ID: UA0273 REG: N673UA


Message content:-
/EGGX.OC1/RCL 024
UAL273-ETIKI/1155 M081F360
-RMK/MAX F3609991
-------------------------------------------------------[2024-05-19 10:37:13.923]

SOURCE: AIR
RX_ID: 179, Freq: 131.725MHz
Mode: E NACKLabel: B2 Block ID: 6, Msg No: L02A
Flight ID: UA0273 REG: N673UA


Message content:-
/PIKCLYA.OC1/CLA 1038 240519 EGGX
CLRNCE 505
UAL273 CLRD TO KEWR VIA
ETIKI
RANDOM ROUTE
48N015W 50N020W 51N030W
51N040W 50N050W ELSIR
FM ETIKI/1154 MNTN F340
M081
ATC/LEVEL CHANGE
END OF MESSAGEDADD
-------------------------------------------------------[2024-05-19 10:38:40.124]

SOURCE: AIR
RX_ID: 180, Freq: 131.725MHz
Mode: E NACKLabel: H1 Block ID: 4, Msg No: D49A
Flight ID: AF7334 REG: F-GMZD


Message content:-
#DFBA01/A32101,1,1/CCF-GMZD,MAY19,101822,LFPG,LFML,0061/C106,03904,5000,59,0010,0,0100,51,X/CEN235,34988,262,774,7226,248,C51020/EC577521,00665,02137,00679,73,56/EE577523,30285,00211,27251,73/N10860,0860,0938,6
-------------------------------------------------------[2024-05-19 10:40:17.224]

SOURCE: AIR
RX_ID: 181, Freq: 131.725MHz
Mode: E NACKLabel: H1 Block ID: 4, Msg No: D49A
Flight ID: AF7334 REG: F-GMZD


Message content:-
#DFBA01/A32101,1,1/CCF-GMZD,MAY19,101822,LFPG,LFML,0061/C106,03904,5000,59,0010,0,0100,51,X/CEN235,34988,262,774,7226,248,C51020/EC577521,00665,02137,00679,73,56/EE577523,30285,00211,27251,73/N10860,0860,0938,6
-------------------------------------------------------[2024-05-19 10:40:29.702]

SOURCE: AIR
RX_ID: 182, Freq: 131.725MHz
Mode: E NACKLabel: H1 Block ID: 5, Msg No: D49B
Flight ID: AF7334 REG: F-GMZD


Message content:-
#DFB272,1343,XXXXX/N20860,0861,0935,6155,1326,XXXXX/S1XXXXX,0675,1332,4359,XXXX,014,N00/S2XXXXX,0655,1330,4296,XXXX,014,N00/T1099,096,027,40,088,05171,0198/T2099,097,019,38,092,05157,0199/V102,01,193,010,07,00,
-------------------------------------------------------[2024-05-19 10:40:34.413]

SOURCE: AIR
RX_ID: 183, Freq: 131.725MHz
Mode: E NACKLabel: H1 Block ID: 5, Msg No: D49B
Flight ID: AF7334 REG: F-GMZD


Message content:-
#DFB272,1343,XXXXX/N20860,0861,0935,6155,1326,XXXXX/S1XXXXX,0675,1332,4359,XXXX,014,N00/S2XXXXX,0655,1330,4296,XXXX,014,N00/T1099,096,027,40,088,05171,0198/T2099,097,019,38,092,05157,0199/V102,01,193,010,07,00,
-------------------------------------------------------[2024-05-19 10:40:45.058]

SOURCE: AIR
RX_ID: 184, Freq: 131.725MHz
Mode: X NACKLabel: H1 Block ID: 5, Msg No: D49B
Flight ID: AF7334 REG: F-GMZD


Message content:-
#DFB272,1343,XXXXX/N20860,0861,0935,6155,1326,XXXXX/S1XXXXX,0675,1332,4359,XXXX,014,N00/S2XXXXX,0655,1330,4296,XXXX,014,N00/T1099,096,027,40,088,05171,0198/T2099,097,019,38,092,05157,0199/V102,01,193,010,07,00,
-------------------------------------------------------[2024-05-19 10:41:05.538]

SOURCE: AIR
RX_ID: 185, Freq: 131.725MHz
Mode: X NACKLabel: H1 Block ID: 6, Msg No: D49C
Flight ID: AF7334 REG: F-GMZD


Message content:-
#DFB00000/V203,04,045,338,04,00,00000/V3XX,XX,XXX,XXX,XXXX/V4XX,XX,XXX,XXX,XXXX/V500,02,300,035,0916/V603,06,210,316,0916/V7042,086,00061,22222222222111/V8042,084,00081,22222222222111,/
-------------------------------------------------------[2024-05-19 10:41:09.452]

SOURCE: AIR
RX_ID: 186, Freq: 131.825MHz
Mode: 2 NACKLabel: 16 Block ID: 4, Msg No: M74A
Flight ID: 5O0274 REG: F-GZTP


Message content:-
104643,19468,1101,  75,N 44.606 E  4.880
-------------------------------------------------------[2024-05-19 10:46:45.112]

SOURCE: AIR
RX_ID: 187, Freq: 131.725MHz
Mode: G NACKLabel: SA Block ID: 8, Msg No: M19A
Flight ID: 6Y08A9 REG: 9H-CEN


Message content:-
0EV111925V
-------------------------------------------------------[2024-05-19 11:19:26.315]

SOURCE: AIR
RX_ID: 188, Freq: 131.725MHz
Mode: E NACKLabel: H1 Block ID: 9, Msg No: D33A
Flight ID: 6Y08A9 REG: 9H-CEN


Message content:-
#DFBB09B
9H-CEN   20    EDDREDDRPO190524092430
34261418602736602890BCG3B-L200-0003(
  1048 -14- 450  1-0150  235  235131068)
0000000010
  0 11801012325 25  25  24  0 12210  25  0  0  26  0  22  25  1  0  2
-------------------------------------------------------[2024-05-19 11:20:57.232]

SOURCE: AIR
RX_ID: 189, Freq: 131.725MHz
Mode: E NACKLabel: H1 Block ID: 0, Msg No: D33B
Flight ID: 6Y08A9 REG: 9H-CEN


Message content:-
#DFB4  0  21
  0 11801012325 25  25  24  0 12210  25  0  0  26  0  22  25  1  0  24  0  21
  0 11801012325 25  25  23  0 12110  25  0  0  26  0  22  25  1  0  24  0  21
  0 11801012325 25  25  23  0 12110  2
-------------------------------------------------------[2024-05-19 11:21:01.331]

SOURCE: AIR
RX_ID: 190, Freq: 131.725MHz
Mode: E NACKLabel: SA Block ID: 2, Msg No: M23A
Flight ID: 6Y08A9 REG: 9H-CEN


Message content:-
0EV112113V
-------------------------------------------------------[2024-05-19 11:21:15.043]

SOURCE: AIR
RX_ID: 191, Freq: 131.725MHz
Mode: E NACKLabel: SA Block ID: 4, Msg No: M24A
Flight ID: 6Y08A9 REG: 9H-CEN


Message content:-
0EV112122V
-------------------------------------------------------[2024-05-19 11:21:23.638]

SOURCE: AIR
RX_ID: 192, Freq: 131.725MHz
Mode: E NACKLabel: H1 Block ID: 9, Msg No: D33A
Flight ID: 6Y08A9 REG: 9H-CEN


Message content:-
#DFBB09B
9H-CEN   20    EDDREDDRPO190524092430
34261418602736602890BCG3B-L200-0003(
  1048 -14- 450  1-0150  235  235131068)
0000000010
  0 11801012325 25  25  24  0 12210  25  0  0  26  0  22  25  1  0  2
-------------------------------------------------------[2024-05-19 11:21:45.983]

SOURCE: AIR
RX_ID: 193, Freq: 131.725MHz
Mode: E NACKLabel: H1 Block ID: 1, Msg No: D33C
Flight ID: 6Y08A9 REG: 9H-CEN


Message content:-
#DFB5  0  0  26  0  22  25  1  0  24  0  21
  0 11801012325 25  25  23  0 12110  25  0  0  26  0  22  25  1  0  24  0  21
  0 11701012325 25  25  23  0 12110  25  0  0  26  0  22  25  1  0  24  0  21
  0 117
-------------------------------------------------------[2024-05-19 11:21:53.959]

SOURCE: AIR
RX_ID: 194, Freq: 131.725MHz
Mode: G NACKLabel: SA Block ID: 6, Msg No: M28A
Flight ID: 6Y08A9 REG: 9H-CEN


Message content:-
0EV112214V
-------------------------------------------------------[2024-05-19 11:22:15.862]

SOURCE: AIR
RX_ID: 195, Freq: 131.725MHz
Mode: G NACKLabel: H1 Block ID: 7, Msg No: D33A
Flight ID: 6Y08A9 REG: 9H-CEN


Message content:-
#DFBB09B
9H-CEN   20    EDDREDDRPO190524092430
34261418602736602890BCG3B-L200-0003(
  1048 -14- 450  1-0150  235  235131068)
0000000010
  0 11801012325 25  25  24  0 12210  25  0  0  26  0  22  25  1  0  2
-------------------------------------------------------[2024-05-19 11:22:19.556]

SOURCE: AIR
RX_ID: 196, Freq: 131.725MHz
Mode: G NACKLabel: H1 Block ID: 1, Msg No: D33E
Flight ID: 6Y08A9 REG: 9H-CEN


Message content:-
#DFB2  25  1  0  24  0  22
  0 11701012325 25  25  23  0 12010  25  0  0  26  0  22  25  1  0  23  0  22
  0 11601012325 25  25  23  0 12010  25  0  0  26  0  22  25  1  0  23  0  22
  0 11601012325 25  25  
-------------------------------------------------------[2024-05-19 11:22:36.341]

SOURCE: AIR
RX_ID: 197, Freq: 131.725MHz
Mode: G NACKLabel: H1 Block ID: 2, Msg No: D33F
Flight ID: 6Y08A9 REG: 9H-CEN


Message content:-
#DFB23  0 12010  25  0  0  26  0  22  25  1  0  23  0  22
  0 11601012325 25  25  23  0 12010  25  0  0  26  0  22  25  1  0  23  0  22
  0 11601012325 25  25  23  0 12010  25  0  0  26  0  22  25  1  0  23  
-------------------------------------------------------[2024-05-19 11:22:40.876]

SOURCE: AIR
RX_ID: 198, Freq: 131.725MHz
Mode: G NACKLabel: SA Block ID: 4, Msg No: M29A
Flight ID: 6Y08A9 REG: 9H-CEN


Message content:-
0EV112247V
-------------------------------------------------------[2024-05-19 11:22:48.227]

SOURCE: AIR
RX_ID: 199, Freq: 131.725MHz
Mode: G NACKLabel: H1 Block ID: 6, Msg No: D33B
Flight ID: 6Y08A9 REG: 9H-CEN


Message content:-
#DFB4  0  21
  0 11801012325 25  25  24  0 12210  25  0  0  26  0  22  25  1  0  24  0  21
  0 11801012325 25  25  23  0 12110  25  0  0  26  0  22  25  1  0  24  0  21
  0 11801012325 25  25  23  0 12110  2
-------------------------------------------------------[2024-05-19 11:22:56.017]

SOURCE: AIR
RX_ID: 200, Freq: 131.725MHz
Mode: G NACKLabel: H1 Block ID: 7, Msg No: D33C
Flight ID: 6Y08A9 REG: 9H-CEN


Message content:-
#DFB5  0  0  26  0  22  25  1  0  24  0  21
  0 11801012325 25  25  23  0 12110  25  0  0  26  0  22  25  1  0  24  0  21
  0 11701012325 25  25  23  0 12110  25  0  0  26  0  22  25  1  0  24  0  21
  0 117
-------------------------------------------------------[2024-05-19 11:23:00.113]

SOURCE: AIR
RX_ID: 201, Freq: 131.825MHz
Mode: 2 NACKLabel: SA Block ID: 7, Msg No: S18A
Flight ID: FR18NV REG: 9H-QAE


Message content:-
0EV112300V/
-------------------------------------------------------[2024-05-19 11:23:02.161]

SOURCE: AIR
RX_ID: 202, Freq: 131.725MHz
Mode: E NACKLabel: SA Block ID: 2, Msg No: M31A
Flight ID: 6Y08A9 REG: 9H-CEN


Message content:-
0EV112348V
-------------------------------------------------------[2024-05-19 11:23:50.509]

SOURCE: AIR
RX_ID: 203, Freq: 131.725MHz
Mode: E NACKLabel: H1 Block ID: 3, Msg No: D33A
Flight ID: 6Y08A9 REG: 9H-CEN


Message content:-
#DFBB09B
9H-CEN   20    EDDREDDRPO190524092430
34261418602736602890BCG3B-L200-0003(
  1048 -14- 450  1-0150  235  235131068)
0000000010
  0 11801012325 25  25  24  0 12210  25  0  0  26  0  22  25  1  0  2
-------------------------------------------------------[2024-05-19 11:23:55.011]

SOURCE: AIR
RX_ID: 204, Freq: 131.725MHz
Mode: G NACKLabel: H1 Block ID: 3, Msg No: D33B
Flight ID: 6Y08A9 REG: 9H-CEN


Message content:-
#DFB4  0  21
  0 11801012325 25  25  24  0 12210  25  0  0  26  0  22  25  1  0  24  0  21
  0 11801012325 25  25  23  0 12110  25  0  0  26  0  22  25  1  0  24  0  21
  0 11801012325 25  25  23  0 12110  2
-------------------------------------------------------[2024-05-19 11:26:19.172]

SOURCE: AIR
RX_ID: 205, Freq: 131.725MHz
Mode: G NACKLabel: SA Block ID: 7, Msg No: M41A
Flight ID: 6Y08A9 REG: 9H-CEN


Message content:-
0EV112726V
-------------------------------------------------------[2024-05-19 11:27:28.622]

SOURCE: AIR
RX_ID: 206, Freq: 131.825MHz
Mode: 2 NACKLabel: H1 Block ID: 7, Msg No: F26A
Flight ID: AA0721 REG: N776AN


Message content:-
#M1BPOSN44388E005439,KOT-05,113352,340,ETREK,114110,NOQAS,M51,22680,160292D1
-------------------------------------------------------[2024-05-19 11:33:54.107]

SOURCE: AIR
RX_ID: 207, Freq: 131.825MHz
Mode: 2 NACKLabel: H1 Block ID: 8, Msg No: F27A
Flight ID: AA0721 REG: N776AN


Message content:-
#M1BPOSN45022E004331,ETR-06,114119,340,NOQ-07,114331,LERGA,M51,22483,1580E692
-------------------------------------------------------[2024-05-19 11:41:21.022]

SOURCE: AIR
RX_ID: 208, Freq: 131.825MHz
Mode: 2 NACKLabel: H1 Block ID: 9, Msg No: D60A
Flight ID: AA0721 REG: N776AN


Message content:-
#DFBTRP LIRF KCLT 07  8 117   0  0 113032
 43.4642   7.9804340005740404850.0110.008 62.00-136.41164640-52 250OFF
 43.7029   7.5497339955731604840.0070.003 63.50-137.11163760-52 250OFF
 43.9371   7.1123340045
-------------------------------------------------------[2024-05-19 11:42:36.005]

SOURCE: AIR
RX_ID: 209, Freq: 131.825MHz
Mode: 2 NACKLabel: H1 Block ID: 0, Msg No: D60B
Flight ID: AA0721 REG: N776AN


Message content:-
#DFB722804880.0100.005 64.75-136.05162880-51 250OFF
 44.1687   6.6714339985714004850.0110.007 67.00-137.11162000-52 250OFF
 44.3975   6.2289340005705204880.0160.005 74.87-133.59161120-52 250OFF
-------------------------------------------------------[2024-05-19 11:42:43.359]

SOURCE: AIR
RX_ID: 210, Freq: 131.825MHz
Mode: 2 NACKLabel: B6 Block ID: 4, Msg No: F70A
Flight ID: BA0082 REG: G-VIIC


Message content:-
/QUKAXBA.ADS.G-VIIC071EC4D01D4689C42A8E9D769F
-------------------------------------------------------[2024-05-19 11:45:25.573]

SOURCE: AIR
RX_ID: 211, Freq: 131.725MHz
Mode: G NACKLabel: H1 Block ID: 3, Msg No: F30A
Flight ID: HV022B REG: PH-HSG


Message content:-
#M1BPOSN43204E004501,AM036,114642,370,VATIR,115814,PIVUS,M55,219061,110/RP:DA:EHAM:AA:LEIB:CR:OFP8(06O)..VATIR..PIVUS..SULID..DIMIB..POS:A:POS4V:F:DEMEV:AP:ILSZ 06.DEMEV:F:VECTOR/PR1394,50,370,110,,54,10,255012
-------------------------------------------------------[2024-05-19 11:46:48.123]

SOURCE: AIR
RX_ID: 212, Freq: 131.725MHz
Mode: G NACKLabel: H1 Block ID: 4, Msg No: F30B
Flight ID: HV022B REG: PH-HSG


Message content:-
#M1B,M51,30,P24,P0/FHVATIR,115814,257K,3700,100,M55,229055,456,N,204,81.PIVUS,120045,257K,3700,98,M55,230055,456,N,209,17.SULID,120806,257K,3700,91,M55,232055,456,N,206,50.DIMIB,121540,257K,3700,85,M55,235056,4
-------------------------------------------------------[2024-05-19 11:46:53.460]

SOURCE: AIR
RX_ID: 213, Freq: 131.725MHz
Mode: G NACKLabel: H1 Block ID: 5, Msg No: F30C
Flight ID: HV022B REG: PH-HSG


Message content:-
#M1B56,N,191,52.POS,121915,257K,1000,82,M55,235056,456,Y,191,25.MJV,122415,257K,450,77,M55,235056,456,Y,209,34.NELUX,123152,300K,450,75,M23,230048,415,Y,230,50.IB920,123433,300K,400,74,M10,226026,375,Y,255,16.I
-------------------------------------------------------[2024-05-19 11:46:58.178]

SOURCE: AIR
RX_ID: 214, Freq: 131.725MHz
Mode: G NACKLabel: H1 Block ID: 6, Msg No: F30D
Flight ID: HV022B REG: PH-HSG


Message content:-
#M1BB800,123556,281K,400,74,M5,223018,339,Y,254,8.KOXES,123738,220K,400,74,M3,221015,263,Y,242,8.IB925,123934,220K,350,73,P2,214009,254,Y,242,8.IB926,124033,220K,798,73,P4,214008,249,Y,242,4.IB927,124128,210K,7
-------------------------------------------------------[2024-05-19 11:47:02.862]

SOURCE: AIR
RX_ID: 215, Freq: 131.725MHz
Mode: G NACKLabel: H1 Block ID: 7, Msg No: F30E
Flight ID: HV022B REG: PH-HSG


Message content:-
#M1B00,73,P6,214007,235,Y,261,4.IB930,124216,210K,650,72,P7,214007,233,Y,332,3.DEMEV,124305,210K,300,72,P8,214006,231,Y,061,3.TIVOM,124407,210K,300,71,P11,214005,227,Y,062,4.OSNUK,124510,189K,300,71,P13,214004,
-------------------------------------------------------[2024-05-19 11:47:07.400]

SOURCE: AIR
RX_ID: 216, Freq: 131.725MHz
Mode: G NACKLabel: H1 Block ID: 8, Msg No: F30F
Flight ID: HV022B REG: PH-HSG


Message content:-
#M1B201,Y,062,4.IBI6,124641,159K,200,71,P16,214002,165,Y,062,5.RW06,124853,159K,7,68,P20,000000,161,Y,062,6.02IBA,,,,,,000000,,Y,062,2.800,,,80,,,000000,,Y,062,0.INTC,,185K,,,,000000,,Y,173,5.R121G,,,,,,000000,
-------------------------------------------------------[2024-05-19 11:47:13.103]

SOURCE: AIR
RX_ID: 217, Freq: 131.725MHz
Mode: G NACKLabel: H1 Block ID: 9, Msg No: F30G
Flight ID: HV022B REG: PH-HSG


Message content:-
#M1B,Y,122,2.R121I,,,,,,000000,,Y,122,2.R150I,,,250,,,000000,,Y,241,4.R163I,,,,,,000000,,Y,254,2.VECTOR,,,300,,,000000,,Y,165.LEIB,,150K,2,,,000000,,N,062,1/DTLEIB,06O,68,124853,73C0BB
-------------------------------------------------------[2024-05-19 11:47:17.417]

SOURCE: AIR
RX_ID: 218, Freq: 131.825MHz
Mode: 2 NACKLabel: 15 Block ID: 8, Msg No: M61A
Flight ID: BA0082 REG: G-VIIC


Message content:-
FST01DNAAEGLLN442018E0049128400 114 303 M50C 5224034335050211600013071152
-------------------------------------------------------[2024-05-19 11:52:11.108]

SOURCE: AIR
RX_ID: 219, Freq: 131.725MHz
Mode: G NACKLabel: H1 Block ID: 6, Msg No: D66C
Flight ID: AF7335 REG: F-GMZD


Message content:-
#DFB00/V204,03,030,026,05,00,00000/V3052,074,1,1,00080,00010,2221/V4052,071,1,1,00060,00010,2221/X114515,0177,099,036,1623/X214296,0167,099,037,1630/
-------------------------------------------------------[2024-05-19 11:57:24.726]

SOURCE: AIR
RX_ID: 220, Freq: 131.725MHz
Mode: G NACKLabel: H1 Block ID: 7, Msg No: C21A
Flight ID: AF7335 REG: F-GMZD


Message content:-
#CFBFLR/FR24051911560030310005SDAC2:NO DATA FROM      PHC2/IDECAM 2,ECAM 1
-------------------------------------------------------[2024-05-19 11:57:34.565]

SOURCE: AIR
RX_ID: 221, Freq: 131.725MHz
Mode: E NACKLabel: SA Block ID: 5, Msg No: M24A
Flight ID: DE1504 REG: D-ABOJ


Message content:-
0EV115804V
-------------------------------------------------------[2024-05-19 11:58:08.368]

SOURCE: AIR
RX_ID: 222, Freq: 131.725MHz
Mode: G NACKLabel: H1 Block ID: 8, Msg No: D67A
Flight ID: AF7335 REG: F-GMZD


Message content:-
#DFBA39/A32139,1,1/C1115833,4902,1096,39251,72109/
-------------------------------------------------------[2024-05-19 11:58:40.523]

SOURCE: AIR
RX_ID: 223, Freq: 131.725MHz
Mode: E NACKLabel: SA Block ID: 8, Msg No: M25A
Flight ID: DE1504 REG: D-ABOJ


Message content:-
0EV120240V
-------------------------------------------------------[2024-05-19 12:02:41.834]

SOURCE: AIR
RX_ID: 224, Freq: 131.725MHz
Mode: E NACKLabel: H1 Block ID: 0, Msg No: F12A
Flight ID: DE1504 REG: D-ABOJ


Message content:-
#M1BPRG/TS120250,190524/DTEDDF,25L, 12,130133,B028
-------------------------------------------------------[2024-05-19 12:02:53.099]

SOURCE: AIR
RX_ID: 225, Freq: 131.725MHz
Mode: G NACKLabel: B9 Block ID: 9, Msg No: L15A
Flight ID: AF7335 REG: F-GMZD


Message content:-
/LFLL.TI2/064LFLLAD2FE
-------------------------------------------------------[2024-05-19 12:05:57.437]

SOURCE: AIR
RX_ID: 226, Freq: 131.725MHz
Mode: G NACKLabel: 2F Block ID: 2, Msg No: M83A
Flight ID: AF7335 REG: F-GMZD


Message content:-
1211+4476+499/2962
-------------------------------------------------------[2024-05-19 12:11:27.383]

SOURCE: AIR
RX_ID: 227, Freq: 131.725MHz
Mode: G NACKLabel: 2F Block ID: 2, Msg No: M83A
Flight ID: AF7335 REG: F-GMZD


Message content:-
1211+4476+499/2962
-------------------------------------------------------[2024-05-19 12:11:38.242]

SOURCE: AIR
RX_ID: 228, Freq: 131.825MHz
Mode: 2 NACKLabel: 4T Block ID: 0, Msg No: M18A
Flight ID: AC0893 REG: C-FIUW


Message content:-
AGFSR AC0893/19/19/FCOYUL/1220Z/737/4435.5N00542.1E/320/CRUISE/0618/0103/M47/230080/0302/---/463/1100/1133/----/----
-------------------------------------------------------[2024-05-19 12:20:03.501]

SOURCE: AIR
RX_ID: 229, Freq: 131.725MHz
Mode: E NACKLabel: B9 Block ID: 4, Msg No: L13A
Flight ID: AF1285 REG: F-GTAD


Message content:-
/LFPG.TI2/064LFPGA3806
-------------------------------------------------------[2024-05-19 12:27:42.885]

SOURCE: AIR
RX_ID: 230, Freq: 131.725MHz
Mode: E NACKLabel: 2F Block ID: 7, Msg No: M70A
Flight ID: AF1285 REG: F-GTAD


Message content:-
1227+4361+728/3475
-------------------------------------------------------[2024-05-19 12:27:54.772]

SOURCE: AIR
RX_ID: 231, Freq: 131.725MHz
Mode: E NACKLabel: 2F Block ID: 7, Msg No: M70A
Flight ID: AF1285 REG: F-GTAD


Message content:-
1227+4361+728/3475
-------------------------------------------------------[2024-05-19 12:28:04.388]

SOURCE: AIR
RX_ID: 232, Freq: 131.825MHz
Mode: 2 NACKLabel: H1 Block ID: 1, Msg No: F17A
Flight ID: AC0893 REG: C-FIUW


Message content:-
#M1BREQPWI/WQ360.340.320.300:N45093E004126.N45156E003451.N45561E000331.MANAK.TIRAV.MOKOR.BAGAD.ALUTA.TAKAS.DINIM.N51000W020000.N52000W030000.N52000W040000.N51000W050000.ALLRY.TAFFY.ODBOS/DQ3604ADE
-------------------------------------------------------[2024-05-19 12:30:00.946]

SOURCE: AIR
RX_ID: 233, Freq: 131.825MHz
Mode: 2 NACKLabel: 16 Block ID: 8, Msg No: M82A
Flight ID: 5O0273 REG: F-GZTP


Message content:-
123150,27412,1352, 129,N 44.873 E  5.023
-------------------------------------------------------[2024-05-19 12:31:52.969]

SOURCE: AIR
RX_ID: 234, Freq: 131.825MHz
Mode: 2 NACKLabel: 16 Block ID: 0, Msg No: M83A
Flight ID: 5O0273 REG: F-GZTP


Message content:-
124651,37003,1352, 110,N 43.295 E  4.495
-------------------------------------------------------[2024-05-19 12:46:54.146]

SOURCE: AIR
RX_ID: 235, Freq: 131.725MHz
Mode: E NACKLabel: B1 Block ID: 3, Msg No: L32A
Flight ID: DL0029 REG: N843MH


Message content:-
/PIKCLXS.OC1/RCL 024
DAL29-UMLER/1439 M081F3402E36
-------------------------------------------------------[2024-05-19 13:11:35.569]

SOURCE: AIR
RX_ID: 236, Freq: 131.725MHz
Mode: X NACKLabel: H1 Block ID: 6, Msg No: F14A
Flight ID: DL0029 REG: N843MH


Message content:-
#M2BREJPOS,131835,130,219,RF101,KOTITC3CE
-------------------------------------------------------[2024-05-19 13:18:39.520]

SOURCE: AIR
RX_ID: 237, Freq: 131.825MHz
Mode: 2 NACKLabel: SA Block ID: 4, Msg No: M13A
Flight ID: AH1214 REG: 7T-VKD


Message content:-
0EV131958V
-------------------------------------------------------[2024-05-19 13:19:59.581]

SOURCE: AIR
RX_ID: 238, Freq: 131.725MHz
Mode: X NACKLabel: H1 Block ID: 7, Msg No: D51A
Flight ID: DL0029 REG: N843MH


Message content:-
#DFB239N1819 0029051924132022802 4492   525339-22-50227 80XX-223 95520
 279 4340080289320030/9WLFMNKJFK
-------------------------------------------------------[2024-05-19 13:20:40.760]

SOURCE: AIR
RX_ID: 239, Freq: 131.850MHz
Mode: 2 NACKLabel: SA Block ID: 7, Msg No: M14A
Flight ID: AH1214 REG: 7T-VKD


Message content:-
0EV132439V
-------------------------------------------------------[2024-05-19 13:24:41.587]

SOURCE: AIR
RX_ID: 240, Freq: 131.825MHz
Mode: 2 NACKLabel: B9 Block ID: 0, Msg No: L01A
Flight ID: AH1214 REG: 7T-VKD


Message content:-
/LFPG.TI2/024LFPGAF9C0
-------------------------------------------------------[2024-05-19 13:28:42.449]

SOURCE: AIR
RX_ID: 241, Freq: 131.825MHz
Mode: 2 ACK, A2GLabel: B9 Block ID: 1, Msg No: L02A
Flight ID: AH1214 REG: 7T-VKD


Message content:-
/LFPG.TI2/024LFPGAF9C0
-------------------------------------------------------[2024-05-19 13:28:50.641]

SOURCE: AIR
RX_ID: 242, Freq: 131.825MHz
Mode: 2 ACK, A2GLabel: SA Block ID: 2, Msg No: M16A
Flight ID: AH1214 REG: 7T-VKD


Message content:-
0EV132840V
-------------------------------------------------------[2024-05-19 13:28:59.636]

SOURCE: AIR
RX_ID: 243, Freq: 131.825MHz
Mode: 2 NACKLabel: 80 Block ID: 7, Msg No: M17A
Flight ID: AH1214 REG: 7T-VKD


Message content:-
3M01 OPNORM 1214/19 DAAG/LFPG .7T-VKD
-------------------------------------------------------[2024-05-19 13:29:37.127]

SOURCE: AIR
RX_ID: 244, Freq: 131.825MHz
Mode: 2 NACKLabel: H1 Block ID: 8, Msg No: F04A
Flight ID: AH1214 REG: 7T-VKD


Message content:-
#M1BPRG/FNDAH1214/DTLFPG,26L,118,142304,3071A6
-------------------------------------------------------[2024-05-19 13:30:50.230]

SOURCE: AIR
RX_ID: 245, Freq: 131.825MHz
Mode: 2 NACKLabel: SA Block ID: 3, Msg No: M18A
Flight ID: AH1214 REG: 7T-VKD


Message content:-
0EV133746V
-------------------------------------------------------[2024-05-19 13:37:48.865]

SOURCE: AIR
RX_ID: 246, Freq: 131.825MHz
Mode: 2 NACKLabel: H1 Block ID: 3, Msg No: D45B
Flight ID: AA0289 REG: N751AN


Message content:-
#DFB112004820.0190.008 50.50-136.41202720-49 275OFF
 43.1735   8.7795319956102804820.0380.024 49.75-135.70201800-49 275OFF
 43.3416   8.3057319996093604800.0290.024 49.75-138.16200880-49 274OFF
-------------------------------------------------------[2024-05-19 13:38:08.724]

SOURCE: AIR
RX_ID: 247, Freq: 131.825MHz
Mode: 2 NACKLabel: H1 Block ID: 2, Msg No: D46B
Flight ID: AA0289 REG: N751AN


Message content:-
#DFB066404800.0060.005 62.25-133.95198120-48 275OFF
 44.1635   6.5197319976057204840.0060.004 65.87-133.24197200-48 275OFF
 44.4030   6.0940320016048004830.0110.009 74.25-131.84196280-48 274OFF
-------------------------------------------------------[2024-05-19 13:53:08.205]

SOURCE: AIR
RX_ID: 248, Freq: 131.725MHz
Mode: G NACKLabel: 16 Block ID: 3, Msg No: M75A
Flight ID: A532NT REG: F-HBXB


Message content:-
143230,33995,1456,456.3, 2740,N4445.71 E00505.04
-------------------------------------------------------[2024-05-19 14:32:32.460]

SOURCE: AIR
RX_ID: 249, Freq: 131.725MHz
Mode: 2 NACKLabel: 16 Block ID: 1, Msg No: M16A
Flight ID: QR054E REG: A7-AEO


Message content:-
NEDRU  ,N 44.920,E  4.695,36004,0265,2039, 70\TS150548,190524
-------------------------------------------------------[2024-05-19 15:05:55.836]

SOURCE: AIR
RX_ID: 250, Freq: 131.725MHz
Mode: X NACKLabel: 16 Block ID: 4, Msg No: M17A
Flight ID: QR054E REG: A7-AEO


Message content:-
NEDRU  ,N 44.932,E  4.742,36006,0265,2039, 70\TS150600,190524
-------------------------------------------------------[2024-05-19 15:06:10.171]

SOURCE: AIR
RX_ID: 251, Freq: 131.725MHz
Mode: X NACKLabel: 16 Block ID: 6, Msg No: M18A
Flight ID: QR054E REG: A7-AEO


Message content:-
NEDRU  ,N 45.048,E  5.540,36003,0261,2039, 69\TS151006,190524
-------------------------------------------------------[2024-05-19 15:10:10.814]

SOURCE: AIR
RX_ID: 252, Freq: 131.825MHz
Mode: 2 NACKLabel: SA Block ID: 4, Msg No: S27A
Flight ID: RK3837 REG: G-RUKK


Message content:-
0EV152558V/
-------------------------------------------------------[2024-05-19 15:26:06.618]

SOURCE: AIR
RX_ID: 253, Freq: 131.525MHz
Mode: T NACKLabel: 2F Block ID: 0, Msg No: M06A
Flight ID: AF7338 REG: F-GMZC


Message content:-
1529+4465+433/2544
-------------------------------------------------------[2024-05-19 15:29:42.906]

SOURCE: AIR
RX_ID: 254, Freq: 131.725MHz
Mode: G NACKLabel: H1 Block ID: 7, Msg No: D76B
Flight ID: AF7338 REG: F-GMZC


Message content:-
#DFB492,1379,XXXXX/N20867,0867,0936,6407,1337,XXXXX/S1XXXXX,0689,1335,4343,XXXX,016,001/S2XXXXX,0649,1323,4356,XXXX,012,001/T1099,084,024,42,079,05166,0228/T2099,092,017,43,077,05099,0266/V104,02,225,085,02,01,
-------------------------------------------------------[2024-05-19 15:38:25.955]

SOURCE: AIR
RX_ID: 255, Freq: 131.725MHz
Mode: G NACKLabel: H1 Block ID: 8, Msg No: D76C
Flight ID: AF7338 REG: F-GMZC


Message content:-
#DFB00000/V210,14,343,063,04,00,00000/V308,06,006,143,0620/V416,12,069,216,0620/V506,05,267,039,0917/V617,19,355,046,0917/V7043,083,00081,22222222222111/V8042,084,00061,22222222222111/
-------------------------------------------------------[2024-05-19 15:38:29.834]

SOURCE: AIR
RX_ID: 256, Freq: 131.825MHz
Mode: 2 NACKLabel: 16 Block ID: 9, Msg No: M99A
Flight ID: 5O0272 REG: F-GZTP


Message content:-
161707,38009,1706,  96,N 44.776 E  4.818
-------------------------------------------------------[2024-05-19 16:17:09.455]

SOURCE: AIR
RX_ID: 257, Freq: 131.825MHz
Mode: 2 NACKLabel: 44 Block ID: 3, Msg No: M48A
Flight ID: GS0000 REG: DANXA


Message content:-
011*4lSb_''Eql6llEEqAbS'lb\C@Ib\C1cblEA?bALSLbAq~EbllEO~
-------------------------------------------------------[2024-05-19 16:36:54.461]

SOURCE: AIR
RX_ID: 258, Freq: 131.725MHz
Mode: G NACKLabel: H1 Block ID: 4, Msg No: C03A
Flight ID: AF7339 REG: F-GMZC


Message content:-
#CFBFLR/FR24051916580030310005SDAC1:NO DATA FROM      PHC1/IDECAM 2,ECAM 1
-------------------------------------------------------[2024-05-19 17:03:15.099]

SOURCE: AIR
RX_ID: 259, Freq: 131.725MHz
Mode: G NACKLabel: 2T Block ID: 5, Msg No: M11A
Flight ID: AF7339 REG: F-GMZC


Message content:-
4
-------------------------------------------------------[2024-05-19 17:07:36.840]

SOURCE: AIR
RX_ID: 260, Freq: 131.725MHz
Mode: G NACKLabel: B9 Block ID: 1, Msg No: L01A
Flight ID: AF7339 REG: F-GMZC


Message content:-
/LFPG.TI2/064LFPGA3806
-------------------------------------------------------[2024-05-19 17:08:09.610]

SOURCE: AIR
RX_ID: 261, Freq: 131.725MHz
Mode: G ACK, A2GLabel: B9 Block ID: 1, Msg No: L01A
Flight ID: AF7339 REG: F-GMZC


Message content:-
/LFPG.TI2/064LFPGA3806
-------------------------------------------------------[2024-05-19 17:08:11.474]

SOURCE: AIR
RX_ID: 262, Freq: 131.725MHz
Mode: G NACKLabel: H1 Block ID: 5, Msg No: C04A
Flight ID: AF7339 REG: F-GMZC


Message content:-
#CFBFLR/FR24051917080038314106LAV D/IDTOILET
-------------------------------------------------------[2024-05-19 17:12:55.529]

SOURCE: AIR
RX_ID: 263, Freq: 131.725MHz
Mode: G NACKLabel: H1 Block ID: 6, Msg No: D03A
Flight ID: AF7339 REG: F-GMZC


Message content:-
#DFBA31/A32131,1,1/C1F-GMZC,MAY19,165928,LFML,LFPG,0099/C202,00000,8100,51,0011,0,1100,40,0/C30202,00129,---,---,6660,247,C53025/C4XXXXX,0520,00129,0202,---/4C0002,---,N0029,066587,---/C5XXXXX,XXXXX,00127,0200,
-------------------------------------------------------[2024-05-19 17:14:54.935]

SOURCE: AIR
RX_ID: 264, Freq: 131.725MHz
Mode: G NACKLabel: H1 Block ID: 7, Msg No: D03B
Flight ID: AF7339 REG: F-GMZC


Message content:-
#DFB---/5CN003,---,N0048,066605,---/C6XXXXX,0520,00131,0205,---/6CN001,---,00179,066623,---/C74344,XXXXX,00128,0200,---/7CN005,---,N0001,066605,---/C8XXXXX,XXXXX,00125,0202,---/8CN004,---,N0021,066587,---/C9434
-------------------------------------------------------[2024-05-19 17:14:59.213]

SOURCE: AIR
RX_ID: 265, Freq: 131.725MHz
Mode: G NACKLabel: H1 Block ID: 9, Msg No: D03D
Flight ID: AF7339 REG: F-GMZC


Message content:-
#DFB5,066605,---/E34343,0520,00153,0190,146/3E0000,109,N0030,066514,004/E44343,0521,00237,0187,208/4EN005,169,00996,066587,009/E54342,0522,01085,0170,248/5EN058,165,N0158,066714,002/E64341,0524,02021,0152,129/6
-------------------------------------------------------[2024-05-19 17:15:07.223]

SOURCE: AIR
RX_ID: 266, Freq: 131.725MHz
Mode: G NACKLabel: H1 Block ID: 1, Msg No: D03F
Flight ID: AF7339 REG: F-GMZC


Message content:-
#DFB087,0122,111/0E0018,252,00179,066823,012/N14350,0526,04917,0105,129/1N0003,257,00169,066895,012/N24352,0525,06065,0082,135/2NN013,252,N0332,066877,009/N34354,0524,07090,0055,156/3N0002,249,00046,066841,012/
-------------------------------------------------------[2024-05-19 17:15:15.195]

SOURCE: AIR
RX_ID: 267, Freq: 131.725MHz
Mode: G NACKLabel: H1 Block ID: 2, Msg No: D03G
Flight ID: AF7339 REG: F-GMZC


Message content:-
#DFBN44357,0523,08026,0035,166/4NN000,250,N0250,066750,012/N54360,0522,08981,0007,171/5N0000,250,N0014,066786,012/N64363,0520,09912,N017,156/6NN000,251,00083,066768,011/N74365,0519,10601,N037,176/7NN002,264,N01
-------------------------------------------------------[2024-05-19 17:15:18.670]

SOURCE: AIR
RX_ID: 268, Freq: 131.725MHz
Mode: G NACKLabel: H1 Block ID: 3, Msg No: D03H
Flight ID: AF7339 REG: F-GMZC


Message content:-
#DFB15,066659,008/N84368,0518,10978,N027,153/8NN002,281,N0029,066714,008/N94371,0516,11322,N032,183/9NN015,299,00004,066678,008/N04374,0515,11745,N042,198/0NN004,312,00374,066641,008/S14378,0514,12441,N055,177/
-------------------------------------------------------[2024-05-19 17:15:22.584]

SOURCE: AIR
RX_ID: 269, Freq: 131.725MHz
Mode: G NACKLabel: H1 Block ID: 4, Msg No: D03I
Flight ID: AF7339 REG: F-GMZC


Message content:-
#DFB1SN005,312,00010,066551,011/S24381,0512,13139,N070,195/2SN007,315,00269,066587,012/S34385,0510,13939,N087,190/3SN008,312,N0117,066551,015/S44388,0509,14626,N102,200/4S0088,315,00142,066442,015/S54392,XXXXX,
-------------------------------------------------------[2024-05-19 17:15:26.861]

SOURCE: AIR
RX_ID: 270, Freq: 131.725MHz
Mode: G NACKLabel: H1 Block ID: 6, Msg No: D03K
Flight ID: AF7339 REG: F-GMZC


Message content:-
#DFB20/S94407,0506,18194,N180,205/9SN008,312,N0332,066369,018/S04411,0505,18748,N192,206/0SN007,313,00007,066333,021/T14415,XXXXX,19364,N207,208/1TN008,314,N0034,066242,019/T24419,XXXXX,20047,N227,213/2TN009,31
-------------------------------------------------------[2024-05-19 17:15:34.652]

SOURCE: AIR
RX_ID: 271, Freq: 131.725MHz
Mode: G NACKLabel: H1 Block ID: 7, Msg No: D03L
Flight ID: AF7339 REG: F-GMZC


Message content:-
#DFB3,N0113,066278,019/T34423,XXXXX,20648,N242,212/3TN013,314,00096,066260,018/T4XXXXX,0504,21226,N257,216/4TN007,313,N0098,066224,020/T5XXXXX,XXXXX,21794,N272,213/5TN012,314,N0140,066115,016/T64435,0503,22392,
-------------------------------------------------------[2024-05-19 17:15:38.129]

SOURCE: AIR
RX_ID: 272, Freq: 131.725MHz
Mode: G NACKLabel: H1 Block ID: 8, Msg No: D03M
Flight ID: AF7339 REG: F-GMZC


Message content:-
#DFBN290,212/6TN012,313,N0034,066170,015/T74440,0502,22824,N302,205/7TN016,313,00089,066133,020/T84443,0502,23440,N307,228/8TN004,308,N0207,066043,027/T94448,0502,24641,N332,242/9TN011,295,N0722,066079,028,/
-------------------------------------------------------[2024-05-19 17:15:42.444]

SOURCE: AIR
RX_ID: 273, Freq: 131.825MHz
Mode: 2 NACKLabel: 5U Block ID: 0, Msg No: M53A
Flight ID: 4X08EC REG: 9H-MLD


Message content:-
LEGE LEBL LFMT LERS-SA
-------------------------------------------------------[2024-05-19 17:23:13.811]

SOURCE: AIR
RX_ID: 274, Freq: 131.825MHz
Mode: 2 NACKLabel: H1 Block ID: 1, Msg No: C28A
Flight ID: VY1866 REG: EC-NGB


Message content:-
#CFBWRN/WN24051918000046200006DATALINK COMPANY FAULT  
-------------------------------------------------------[2024-05-19 18:01:03.025]

SOURCE: AIR
RX_ID: 275, Freq: 131.725MHz
Mode: 2 NACKLabel: 15 Block ID: 3, Msg No: M44A
Flight ID: XA0001 REG: 9HXOC


Message content:-
(2N45239E  4091--- 44370-48(Z
-------------------------------------------------------[2024-05-19 19:26:21.418]

SOURCE: AIR
RX_ID: 276, Freq: 131.725MHz
Mode: G NACKLabel: 16 Block ID: 6, Msg No: M58A
Flight ID: XSMBU6 REG: 2-BBMB


Message content:-
193717,,2041, 165,N 44.708 E  3.742
-------------------------------------------------------[2024-05-19 19:37:19.462]

SOURCE: AIR
RX_ID: 277, Freq: 131.725MHz
Mode: 2 NACKLabel: 15 Block ID: 4, Msg No: M45A
Flight ID: XA0001 REG: 9HXOC


Message content:-
(2N44032E  5418--- 12208-23(Z
-------------------------------------------------------[2024-05-19 19:41:19.701]

SOURCE: AIR
RX_ID: 278, Freq: 131.825MHz
Mode: 2 NACKLabel: H1 Block ID: 8, Msg No: C14A
Flight ID: 4X09SJ REG: 9H-MLD


Message content:-
#CFBFLR/FR24051920170023734706DEU-B(300RH1)/IDTOILET 
-------------------------------------------------------[2024-05-19 20:18:25.495]

SOURCE: AIR
RX_ID: 279, Freq: 131.825MHz
Mode: 2 NACKLabel: 16 Block ID: 9, Msg No: M65A
Flight ID: 4X09SJ REG: 9H-MLD


Message content:-
202133,29996,2117,   5,N 44.290 E  6.461
-------------------------------------------------------[2024-05-19 20:21:35.337]

SOURCE: AIR
RX_ID: 280, Freq: 131.525MHz
Mode: T NACKLabel: 2F Block ID: 6, Msg No: M61A
Flight ID: AF7342 REG: F-GMZD


Message content:-
2029+4461+446/1951
-------------------------------------------------------[2024-05-19 20:29:16.542]

SOURCE: AIR
RX_ID: 281, Freq: 131.725MHz
Mode: G NACKLabel: H1 Block ID: 1, Msg No: D13A
Flight ID: AF7342 REG: F-GMZD


Message content:-
#DFBA01/A32101,1,1/CCF-GMZD,MAY19,201230,LFPG,LFML,0082/C106,10113,5000,62,0010,0,0100,53,X/CEN272,32975,274,773,7324,261,C51020/EC577521,00669,02143,00683,73,60/EE577523,30290,00216,27255,73/N10852,0852,0931,6
-------------------------------------------------------[2024-05-19 20:38:24.612]

SOURCE: AIR
RX_ID: 282, Freq: 131.725MHz
Mode: G NACKLabel: H1 Block ID: 2, Msg No: D13B
Flight ID: AF7342 REG: F-GMZD


Message content:-
#DFB076,1444,XXXXX/N20852,0852,0928,5964,1422,XXXXX/S1XXXXX,0622,1456,4248,XXXX,013,N00/S2XXXXX,0601,1452,4179,XXXX,013,N00/T1099,094,028,41,084,05690,0193/T2099,095,019,39,082,05676,0168/V104,04,242,012,07,00,
-------------------------------------------------------[2024-05-19 20:38:28.888]

SOURCE: AIR
RX_ID: 283, Freq: 131.725MHz
Mode: G NACKLabel: H1 Block ID: 3, Msg No: D13C
Flight ID: AF7342 REG: F-GMZD


Message content:-
#DFB00000/V204,02,062,325,05,00,00000/V301,01,108,128,0613/V402,01,145,274,0621/V501,02,294,031,0920/V604,06,205,300,0920/V7042,082,00061,22222222222111/V8042,083,00081,22222222222111,/
-------------------------------------------------------[2024-05-19 20:38:32.583]

SOURCE: AIR
RX_ID: 284, Freq: 131.725MHz
Mode: G NACKLabel: 26 Block ID: 4, Msg No: M63A
Flight ID: AF7342 REG: F-GMZD


Message content:-
2041LFPGAF7342/192046LFML13L
-------------------------------------------------------[2024-05-19 20:41:03.952]

SOURCE: AIR
RX_ID: 285, Freq: 131.825MHz
Mode: 2 NACKLabel: H1 Block ID: 6, Msg No: C15A
Flight ID: VY10LN REG: EC-MBF


Message content:-
#CFBWRN/WN24051921350046200006DATALINK COMPANY FAULT  
-------------------------------------------------------[2024-05-19 21:35:51.831]

SOURCE: AIR
RX_ID: 286, Freq: 131.825MHz
Mode: 2 NACKLabel: H1 Block ID: 8, Msg No: F04A
Flight ID: QY0422 REG: D-ALES


Message content:-
#M1BPOSN45235E005313,,224351,390,LERGA,225421,MINSO,M50,23638,278,80051EE
-------------------------------------------------------[2024-05-19 22:43:53.549]

SOURCE: AIR
RX_ID: 287, Freq: 131.825MHz
Mode: 2 NACKLabel: B9 Block ID: 2, Msg No: L02A
Flight ID: QY0422 REG: D-ALES


Message content:-
/LEVT.TI2/024LEVTA869C
-------------------------------------------------------[2024-05-19 22:57:01.629]

