SOURCE: AIR
RX_ID: 12, Freq: 131.725MHz
Mode: E NACKLabel: Q0 Block ID: 4, Msg No: S84A
Flight ID: IB0422 REG: EC-FTR


Message content:-

-------------------------------------------------------[2024-03-22 01:44:40.825]

SOURCE: AIR
RX_ID: 13, Freq: 131.725MHz
Mode: X NACKLabel: Q0 Block ID: 5, Msg No: S85A
Flight ID: IB0422 REG: EC-FTR


Message content:-

-------------------------------------------------------[2024-03-22 01:48:52.731]

SOURCE: AIR
RX_ID: 14, Freq: 131.725MHz
Mode: E NACKLabel: Q0 Block ID: 7, Msg No: S87A
Flight ID: IB0422 REG: EC-FTR


Message content:-

-------------------------------------------------------[2024-03-22 01:53:52.981]

SOURCE: AIR
RX_ID: 15, Freq: 131.725MHz
Mode: X NACKLabel: 16 Block ID: 1, Msg No: M59A
Flight ID: SN03DY REG: OO-SFD


Message content:-
22MAR24,0227,N 42.842,E  6.676,40007,0350,24000
-------------------------------------------------------[2024-03-22 02:27:40.088]

SOURCE: AIR
RX_ID: 16, Freq: 131.725MHz
Mode: X NACKLabel: H1 Block ID: 2, Msg No: D11A
Flight ID: SN03DY REG: OO-SFD


Message content:-
#DFB001030200301010734082
R01/A33001,1,1
C1,.OO-SFD,24MAR22,02.30.57,FKYS,EBBR,BEL3DY    ,4000,459
C2,002,06.0,000000,D1333RR06C02BEL,000,052,052
C3,-38.0,39999,0.808,111,0.95,111,10,0,01,111,0.98,X
C4,-37
-------------------------------------------------------[2024-03-22 02:31:24.357]

SOURCE: AIR
RX_ID: 17, Freq: 131.725MHz
Mode: X NACKLabel: H1 Block ID: 3, Msg No: D11B
Flight ID: SN03DY REG: OO-SFD


Message content:-
#DFB.8,40000,0.809,111
C5,041029,73269,20413,26013,00443,10016,00000,00402,16066,---
C6,042040,01628,00764,00357,40443,10015,00000,00402,06066
N1,1.515,1.514,078.71,085.2,086.5,0617,06.368,02631,07.33
N2,1.
-------------------------------------------------------[2024-03-22 02:31:28.263]

SOURCE: AIR
RX_ID: 18, Freq: 131.725MHz
Mode: X NACKLabel: H1 Block ID: 4, Msg No: D11C
Flight ID: SN03DY REG: OO-SFD


Message content:-
#DFB515,1.514,079.15,085.9,085.3,0599,06.384,02595,07.32
S1,04.18,-37.6,030.6,164.9,130.6,429.2,07.7,054.7,025.3,21,104
S2,04.18,-37.8,031.8,166.2,134.3,422.6,06.9,052.9,017.3,30,120
T1,087,104,095.5,-17.3,0
-------------------------------------------------------[2024-03-22 02:31:32.137]

SOURCE: AIR
RX_ID: 19, Freq: 131.725MHz
Mode: 2 NACKLabel: Q0 Block ID: 4, Msg No: S43A
Flight ID: SN023B REG: OO-SFH


Message content:-

-------------------------------------------------------[2024-03-22 02:34:54.268]

SOURCE: AIR
RX_ID: 20, Freq: 131.725MHz
Mode: X NACKLabel: B9 Block ID: 6, Msg No: M60A
Flight ID: SN03DY REG: OO-SFD


Message content:-
/LFLL.TI2/040LFLLAB4BC
-------------------------------------------------------[2024-03-22 02:36:28.695]

SOURCE: AIR
RX_ID: 21, Freq: 131.725MHz
Mode: X ACK, A2GLabel: _d Block ID: 7, Msg No: S61A
Flight ID: SN03DY REG: OO-SFD


Message content:-

-------------------------------------------------------[2024-03-22 02:36:33.412]

SOURCE: AIR
RX_ID: 22, Freq: 131.725MHz
Mode: X ACK, A2GLabel: _d Block ID: 8, Msg No: S62A
Flight ID: SN03DY REG: OO-SFD


Message content:-

-------------------------------------------------------[2024-03-22 02:36:37.110]

SOURCE: AIR
RX_ID: 23, Freq: 131.725MHz
Mode: X NACKLabel: 16 Block ID: 8, Msg No: M07A
Flight ID: SN023B REG: OO-SFH


Message content:-
22MAR24,0240,N 43.456,E  6.619,38002,0356,27920
-------------------------------------------------------[2024-03-22 02:40:17.269]

SOURCE: AIR
RX_ID: 24, Freq: 131.725MHz
Mode: X NACKLabel: 16 Block ID: 9, Msg No: M61A
Flight ID: SN03DY REG: OO-SFD


Message content:-
22MAR24,0242,N 44.498,E  6.527,39999,0351,20480
-------------------------------------------------------[2024-03-22 02:42:40.811]

SOURCE: AIR
RX_ID: 25, Freq: 131.825MHz
Mode: 2 NACKLabel: 10 Block ID: 3, Msg No: M17A
Flight ID: BA2066 REG: G-VIIX


Message content:-
MET01LFPG
-------------------------------------------------------[2024-03-22 02:47:49.259]

SOURCE: AIR
RX_ID: 26, Freq: 131.825MHz
Mode: 2 ACK, A2GLabel: _d Block ID: 5, Msg No: S45A
Flight ID: BA2066 REG: G-VIIX


Message content:-

-------------------------------------------------------[2024-03-22 02:48:02.169]

SOURCE: AIR
RX_ID: 27, Freq: 131.825MHz
Mode: 2 ACK, A2GLabel: _d Block ID: 7, Msg No: S46A
Flight ID: BA2066 REG: G-VIIX


Message content:-

-------------------------------------------------------[2024-03-22 02:48:09.337]

SOURCE: AIR
RX_ID: 28, Freq: 131.825MHz
Mode: 2 ACK, A2GLabel: _d Block ID: 8, Msg No: S47A
Flight ID: BA2066 REG: G-VIIX


Message content:-

-------------------------------------------------------[2024-03-22 02:48:17.088]

SOURCE: AIR
RX_ID: 29, Freq: 131.825MHz
Mode: 2 ACK, A2GLabel: _d Block ID: 9, Msg No: S48A
Flight ID: BA2066 REG: G-VIIX


Message content:-

-------------------------------------------------------[2024-03-22 02:48:24.475]

SOURCE: AIR
RX_ID: 30, Freq: 131.825MHz
Mode: 2 NACKLabel: 15 Block ID: 0, Msg No: M18A
Flight ID: BA2066 REG: G-VIIX


Message content:-
FST01DGAAEGKKN438959E0042822380 130 355 M62C 4107235435047111600004020250
-------------------------------------------------------[2024-03-22 02:50:58.296]

SOURCE: AIR
RX_ID: 31, Freq: 131.725MHz
Mode: X NACKLabel: 28 Block ID: 9, Msg No: M08A
Flight ID: SN023B REG: OO-SFH


Message content:-
EBBR,EBLG,LFML,LSGG,
N 44.893,E  6.490,38003,SN231
-------------------------------------------------------[2024-03-22 02:52:41.902]

SOURCE: AIR
RX_ID: 32, Freq: 131.725MHz
Mode: X NACKLabel: B9 Block ID: 0, Msg No: M09A
Flight ID: SN023B REG: OO-SFH


Message content:-
/EBBR.TI2/040EBBRAED4C
-------------------------------------------------------[2024-03-22 02:52:52.361]

SOURCE: AIR
RX_ID: 33, Freq: 131.725MHz
Mode: X ACK, A2GLabel: _d Block ID: 3, Msg No: S49A
Flight ID: SN023B REG: OO-SFH


Message content:-

-------------------------------------------------------[2024-03-22 02:53:14.268]

SOURCE: AIR
RX_ID: 34, Freq: 131.725MHz
Mode: X ACK, A2GLabel: _d Block ID: 4, Msg No: S50A
Flight ID: SN023B REG: OO-SFH


Message content:-

-------------------------------------------------------[2024-03-22 02:53:17.967]

SOURCE: AIR
RX_ID: 35, Freq: 131.825MHz
Mode: 2 NACKLabel: Q0 Block ID: 2, Msg No: S49A
Flight ID: BA2066 REG: G-VIIX


Message content:-

-------------------------------------------------------[2024-03-22 03:01:05.529]

SOURCE: AIR
RX_ID: 36, Freq: 131.725MHz
Mode: G NACKLabel: 2F Block ID: 1, Msg No: M62A
Flight ID: AF0805 REG: F-GZCO


Message content:-
0407+4328+467/38105
DBBB/LFPG/38007//-63/0.82/169541/158965//URELO  //+61/045
-------------------------------------------------------[2024-03-22 04:07:40.367]

SOURCE: AIR
RX_ID: 37, Freq: 131.725MHz
Mode: G NACKLabel: 2F Block ID: 1, Msg No: M62A
Flight ID: AF0805 REG: F-GZCO


Message content:-
0407+4328+467/38105
DBBB/LFPG/38007//-63/0.82/169541/158965//URELO  //+61/045
-------------------------------------------------------[2024-03-22 04:07:49.182]

SOURCE: AIR
RX_ID: 38, Freq: 131.725MHz
Mode: G NACKLabel: B9 Block ID: 2, Msg No: J07A
Flight ID: AF0805 REG: F-GZCO


Message content:-
/LFPG.TI2/000LFPGA9F82
-------------------------------------------------------[2024-03-22 04:08:40.163]

SOURCE: AIR
RX_ID: 39, Freq: 131.725MHz
Mode: G NACKLabel: 2F Block ID: 3, Msg No: M63A
Flight ID: AF0805 REG: F-GZCO


Message content:-
0408+4341+465/38104
DBBB/LFPG/37998//-63/0.81/169451/158965//URELO  //+61/043
-------------------------------------------------------[2024-03-22 04:08:44.476]

SOURCE: AIR
RX_ID: 40, Freq: 131.725MHz
Mode: G ACK, A2GLabel: 2F Block ID: 3, Msg No: M63A
Flight ID: AF0805 REG: F-GZCO


Message content:-
0408+4341+465/38104
DBBB/LFPG/37998//-63/0.81/169451/158965//URELO  //+61/043
-------------------------------------------------------[2024-03-22 04:08:46.305]

SOURCE: AIR
RX_ID: 41, Freq: 131.725MHz
Mode: G ACK, A2GLabel: _d Block ID: 4, Msg No: S72A
Flight ID: AF0805 REG: F-GZCO


Message content:-

-------------------------------------------------------[2024-03-22 04:08:50.843]

SOURCE: AIR
RX_ID: 42, Freq: 131.725MHz
Mode: G ACK, A2GLabel: _d Block ID: 5, Msg No: S73A
Flight ID: AF0805 REG: F-GZCO


Message content:-

-------------------------------------------------------[2024-03-22 04:08:54.098]

SOURCE: AIR
RX_ID: 43, Freq: 131.725MHz
Mode: G NACKLabel: 2F Block ID: 6, Msg No: M64A
Flight ID: AF0805 REG: F-GZCO


Message content:-
0409+4354+463/38103
DBBB/LFPG/37998//-63/0.81/169287/158965//URELO  //+64/043
-------------------------------------------------------[2024-03-22 04:09:45.116]

SOURCE: AIR
RX_ID: 44, Freq: 131.725MHz
Mode: G NACKLabel: 2F Block ID: 7, Msg No: M65A
Flight ID: AF0805 REG: F-GZCO


Message content:-
0410+4367+460/38100
DBBB/LFPG/38000//-63/0.81/168997/158965//URELO  //+67/043
-------------------------------------------------------[2024-03-22 04:10:46.739]

SOURCE: AIR
RX_ID: 45, Freq: 131.725MHz
Mode: G NACKLabel: 2F Block ID: 0, Msg No: M68A
Flight ID: AF0805 REG: F-GZCO


Message content:-
0413+4405+454/3895
DBBB/LFPG/38001//-63/0.81/168562/158965//URELO  //+77/047
-------------------------------------------------------[2024-03-22 04:13:54.969]

SOURCE: AIR
RX_ID: 46, Freq: 131.725MHz
Mode: G NACKLabel: 2F Block ID: 1, Msg No: M69A
Flight ID: AF0805 REG: F-GZCO


Message content:-
0414+4418+452/3895
DBBB/LFPG/37999//-62/0.81/168544/158965//URELO  //+78/046
-------------------------------------------------------[2024-03-22 04:14:56.811]

SOURCE: AIR
RX_ID: 47, Freq: 131.725MHz
Mode: G NACKLabel: 2F Block ID: 2, Msg No: M70A
Flight ID: AF0805 REG: F-GZCO


Message content:-
0415+4431+450/3894
DBBB/LFPG/38001//-62/0.81/168453/158965//URELO  //+76/041
-------------------------------------------------------[2024-03-22 04:15:58.875]

SOURCE: AIR
RX_ID: 48, Freq: 131.725MHz
Mode: G NACKLabel: 2F Block ID: 4, Msg No: M72A
Flight ID: AF0805 REG: F-GZCO


Message content:-
0418+4457+445/3894
DBBB/LFPG/37999//-63/0.83/168380/158965//URELO  //+68/049
-------------------------------------------------------[2024-03-22 04:18:03.803]

SOURCE: AIR
RX_ID: 49, Freq: 131.725MHz
Mode: G NACKLabel: 2F Block ID: 5, Msg No: M73A
Flight ID: AF0805 REG: F-GZCO


Message content:-
0419+4470+443/3893
DBBB/LFPG/37995//-63/0.83/168272/158965//URELO  //+63/046
-------------------------------------------------------[2024-03-22 04:19:05.647]

SOURCE: AIR
RX_ID: 50, Freq: 131.825MHz
Mode: 2 NACKLabel: Q0 Block ID: 2, Msg No: S15A
Flight ID: AA8030 REG: N659AA


Message content:-

-------------------------------------------------------[2024-03-22 04:19:59.301]

SOURCE: AIR
RX_ID: 51, Freq: 131.725MHz
Mode: G NACKLabel: 2F Block ID: 6, Msg No: M74A
Flight ID: AF0805 REG: F-GZCO


Message content:-
0420+4483+441/3892
DBBB/LFPG/37998//-63/0.81/168199/158965//URELO  //+63/045
-------------------------------------------------------[2024-03-22 04:20:07.088]

SOURCE: AIR
RX_ID: 52, Freq: 131.725MHz
Mode: G NACKLabel: B9 Block ID: 7, Msg No: J08A
Flight ID: AF0805 REG: F-GZCO


Message content:-
/LFPG.TI2/000LFPGA9F82
-------------------------------------------------------[2024-03-22 04:20:12.830]

SOURCE: AIR
RX_ID: 53, Freq: 131.725MHz
Mode: G ACK, A2GLabel: _d Block ID: 8, Msg No: S74A
Flight ID: AF0805 REG: F-GZCO


Message content:-

-------------------------------------------------------[2024-03-22 04:20:17.732]

SOURCE: AIR
RX_ID: 54, Freq: 131.725MHz
Mode: G ACK, A2GLabel: _d Block ID: 9, Msg No: S75A
Flight ID: AF0805 REG: F-GZCO


Message content:-

-------------------------------------------------------[2024-03-22 04:20:21.607]

SOURCE: AIR
RX_ID: 55, Freq: 131.725MHz
Mode: G ACK, A2GLabel: _d Block ID: 0, Msg No: S76A
Flight ID: AF0805 REG: F-GZCO


Message content:-

-------------------------------------------------------[2024-03-22 04:20:25.521]

SOURCE: AIR
RX_ID: 56, Freq: 131.725MHz
Mode: G NACKLabel: 26 Block ID: 1, Msg No: M75A
Flight ID: AF0805 REG: F-GZCO


Message content:-
0421DBBBAF0805/220506LFPG26L
-------------------------------------------------------[2024-03-22 04:21:03.011]

SOURCE: AIR
RX_ID: 57, Freq: 131.725MHz
Mode: G NACKLabel: 2F Block ID: 2, Msg No: M76A
Flight ID: AF0805 REG: F-GZCO


Message content:-
0421+4495+439/3891
DBBB/LFPG/38000//-64/0.81/168163/158965//URELO  //+62/047
-------------------------------------------------------[2024-03-22 04:21:09.958]

SOURCE: AIR
RX_ID: 58, Freq: 131.725MHz
Mode: G NACKLabel: 2F Block ID: 3, Msg No: M77A
Flight ID: AF0805 REG: F-GZCO


Message content:-
0422+4508+436/3892
DBBB/LFPG/37998//-65/0.81/168217/158965//URELO  //+58/046
-------------------------------------------------------[2024-03-22 04:22:13.045]

SOURCE: AIR
RX_ID: 59, Freq: 131.725MHz
Mode: G NACKLabel: 2F Block ID: 4, Msg No: M78A
Flight ID: AF0805 REG: F-GZCO


Message content:-
0423+4520+434/3892
DBBB/LFPG/38002//-65/0.81/168199/158965//URELO  //+56/044
-------------------------------------------------------[2024-03-22 04:23:15.692]

SOURCE: AIR
RX_ID: 60, Freq: 131.725MHz
Mode: G NACKLabel: 2F Block ID: 5, Msg No: M79A
Flight ID: AF0805 REG: F-GZCO


Message content:-
0424+4534+432/3891
DBBB/LFPG/38002//-64/0.81/168108/158965//URELO  //+63/041
-------------------------------------------------------[2024-03-22 04:24:19.803]

SOURCE: AIR
RX_ID: 61, Freq: 131.725MHz
Mode: 2 NACKLabel: Q0 Block ID: 6, Msg No: S77A
Flight ID: AF0805 REG: F-GZCO


Message content:-

-------------------------------------------------------[2024-03-22 04:24:22.878]

SOURCE: AIR
RX_ID: 62, Freq: 131.725MHz
Mode: G NACKLabel: Q0 Block ID: 7, Msg No: S78A
Flight ID: AF0805 REG: F-GZCO


Message content:-

-------------------------------------------------------[2024-03-22 04:24:25.948]

SOURCE: AIR
RX_ID: 63, Freq: 131.725MHz
Mode: G NACKLabel: 2F Block ID: 8, Msg No: M80A
Flight ID: AF0805 REG: F-GZCO


Message content:-
0425+4546+430/3890
DBBB/LFPG/38000//-65/0.82/168018/158965//URELO  //+59/037
-------------------------------------------------------[2024-03-22 04:25:22.084]

SOURCE: AIR
RX_ID: 64, Freq: 131.825MHz
Mode: 2 NACKLabel: Q0 Block ID: 1, Msg No: S02A
Flight ID: QY1956 REG: OE-LNH


Message content:-

-------------------------------------------------------[2024-03-22 04:29:31.318]

SOURCE: AIR
RX_ID: 65, Freq: 131.825MHz
Mode: 2 ACK, A2GLabel: _d Block ID: 2, Msg No: S03A
Flight ID: QY1956 REG: OE-LNH


Message content:-

-------------------------------------------------------[2024-03-22 04:30:49.325]

SOURCE: AIR
RX_ID: 66, Freq: 131.825MHz
Mode: 2 NACKLabel: H1 Block ID: 3, Msg No: F21A
Flight ID: QY1956 REG: OE-LNH


Message content:-
#M1BPOSN44057E005011,,043049,119,ZEBRA,043650,ML125,M1,34827,249,42A3
-------------------------------------------------------[2024-03-22 04:30:51.592]

SOURCE: AIR
RX_ID: 67, Freq: 131.825MHz
Mode: 2 NACKLabel: H1 Block ID: 9, Msg No: D07A
Flight ID: QY1684 REG: D-ALER


Message content:-
#DFBSTABLE CRUISE REPORT

APM     D-ALER          QYXXXXXXDEPXDESX220324035438,757-200,
PW2037,.777,.777,,239.0,239.0,,-37.25,-37.25,,39006,39006,,
177920,177920,,3072,3072,,,1.229,1.232,,,0,466,466,,0,0,,0
-------------------------------------------------------[2024-03-22 04:32:35.641]

SOURCE: AIR
RX_ID: 68, Freq: 131.825MHz
Mode: 2 NACKLabel: H1 Block ID: 0, Msg No: D07B
Flight ID: QY1684 REG: D-ALER


Message content:-
#DFB,0,,
0,0,0,0,0,0,,,0,0,,,,,-147.3,-147.3,, -0.9, -0.9,,0,0,,0,0,
,,,0,0,    0, 7718, 7718,,,,,0,0,0,,,0,0,0,,,0,0,,0,0,,0,0,,
0,0,0,,,,,0,0,0,,,0,0,0,

CREATED BY AVIONIC ENGINEERING

-------------------------------------------------------[2024-03-22 04:32:42.992]

SOURCE: AIR
RX_ID: 69, Freq: 131.825MHz
Mode: 2 NACKLabel: Q0 Block ID: 1, Msg No: S03A
Flight ID: QY1684 REG: D-ALER


Message content:-

-------------------------------------------------------[2024-03-22 04:42:48.403]

SOURCE: AIR
RX_ID: 70, Freq: 131.725MHz
Mode: 2 NACKLabel: Q0 Block ID: 4, Msg No: S03A
Flight ID: SN04KE REG: OO-SFF


Message content:-

-------------------------------------------------------[2024-03-22 05:07:35.037]

SOURCE: AIR
RX_ID: 71, Freq: 131.725MHz
Mode: E NACKLabel: Q0 Block ID: 5, Msg No: S04A
Flight ID: SN04KE REG: OO-SFF


Message content:-

-------------------------------------------------------[2024-03-22 05:07:46.923]

SOURCE: AIR
RX_ID: 72, Freq: 131.725MHz
Mode: E NACKLabel: H1 Block ID: 5, Msg No: D32F
Flight ID: SN04KE REG: OO-SFF


Message content:-
#DFB,0.813
X7,-00.4,000.9,058,0053,0.813:

-------------------------------------------------------[2024-03-22 05:10:10.909]

SOURCE: AIR
RX_ID: 73, Freq: 131.825MHz
Mode: 2 NACKLabel: Q0 Block ID: 7, Msg No: S41A
Flight ID: WB0700 REG: 9XR-WN


Message content:-

-------------------------------------------------------[2024-03-22 05:36:57.974]

SOURCE: AIR
RX_ID: 74, Freq: 131.825MHz
Mode: 2 NACKLabel: Q0 Block ID: 9, Msg No: S42A
Flight ID: WB0700 REG: 9XR-WN


Message content:-

-------------------------------------------------------[2024-03-22 05:47:45.363]

SOURCE: AIR
RX_ID: 75, Freq: 131.825MHz
Mode: 2 ACK, A2GLabel: _d Block ID: 3, Msg No: S44A
Flight ID: WB0700 REG: 9XR-WN


Message content:-

-------------------------------------------------------[2024-03-22 05:55:44.195]

SOURCE: AIR
RX_ID: 76, Freq: 131.825MHz
Mode: 2 ACK, A2GLabel: _d Block ID: 5, Msg No: S46A
Flight ID: WB0700 REG: 9XR-WN


Message content:-

-------------------------------------------------------[2024-03-22 05:55:57.069]

SOURCE: AIR
RX_ID: 77, Freq: 131.725MHz
Mode: 2 NACKLabel: Q0 Block ID: 3, Msg No: S24A
Flight ID: 9L2146 REG: ZZ334


Message content:-

-------------------------------------------------------[2024-03-22 05:57:09.371]

SOURCE: AIR
RX_ID: 78, Freq: 131.725MHz
Mode: E NACKLabel: Q0 Block ID: 4, Msg No: S25A
Flight ID: 9L2146 REG: ZZ334


Message content:-

-------------------------------------------------------[2024-03-22 05:57:31.716]

SOURCE: AIR
RX_ID: 79, Freq: 131.725MHz
Mode: 2 NACKLabel: Q0 Block ID: 8, Msg No: S28A
Flight ID: 9L2146 REG: ZZ334


Message content:-

-------------------------------------------------------[2024-03-22 06:04:25.999]

SOURCE: AIR
RX_ID: 80, Freq: 131.725MHz
Mode: G NACKLabel: Q0 Block ID: 9, Msg No: S29A
Flight ID: 9L2146 REG: ZZ334


Message content:-

-------------------------------------------------------[2024-03-22 06:05:12.080]

SOURCE: AIR
RX_ID: 81, Freq: 131.725MHz
Mode: 2 NACKLabel: Q0 Block ID: 1, Msg No: S66A
Flight ID: FR04KT REG: SP-RNK


Message content:-

-------------------------------------------------------[2024-03-22 06:15:28.750]

SOURCE: AIR
RX_ID: 82, Freq: 131.725MHz
Mode: G NACKLabel: Q0 Block ID: 2, Msg No: S67A
Flight ID: FR04KT REG: SP-RNK


Message content:-

-------------------------------------------------------[2024-03-22 06:15:32.231]

SOURCE: AIR
RX_ID: 83, Freq: 131.725MHz
Mode: G NACKLabel: H1 Block ID: 8, Msg No: D41A
Flight ID: KL0592 REG: PH-BQG


Message content:-
#DFB(POS-KLM592  -4422N00453E/073446 F380
RMK/FUEL  12.1 M0.85)
-------------------------------------------------------[2024-03-22 07:34:48.980]

