SOURCE: AIR
RX_ID: 0, Freq: 131.825MHz
Mode: 2 NACKLabel: 44 Block ID: 4, Msg No: M24A
Flight ID: GS0000 REG: DAHOX


Message content:-
07*?X.0)Em04kk]..U4kM)0k.) Y(*) **().0;U);<0U);M0<)..D+4
-------------------------------------------------------[2024-03-16 15:36:43.724]

SOURCE: AIR
RX_ID: 1, Freq: 131.825MHz
Mode: 2 NACKLabel: 44 Block ID: 5, Msg No: M25A
Flight ID: GS0000 REG: DAHOX


Message content:-
07*?X.0)Em0;k<]..<mm;)0k.) Y(*) **().0;U);<m;);M0m)..D+.
-------------------------------------------------------[2024-03-16 15:41:43.760]

SOURCE: AIR
RX_ID: 2, Freq: 131.825MHz
Mode: 2 NACKLabel: B9 Block ID: 6, Msg No: M26A
Flight ID: GS0000 REG: DAHOX


Message content:-
/LPPR.TI2/024LPPRA3978
-------------------------------------------------------[2024-03-16 15:42:52.367]

SOURCE: AIR
RX_ID: 3, Freq: 131.825MHz
Mode: 2 ACK, A2GLabel: _d Block ID: 7, Msg No: M27A
Flight ID: GS0000 REG: DAHOX


Message content:-

-------------------------------------------------------[2024-03-16 15:42:59.534]

SOURCE: AIR
RX_ID: 4, Freq: 131.825MHz
Mode: 2 ACK, A2GLabel: _d Block ID: 8, Msg No: M28A
Flight ID: GS0000 REG: DAHOX


Message content:-

-------------------------------------------------------[2024-03-16 15:43:05.866]

SOURCE: AIR
RX_ID: 5, Freq: 131.825MHz
Mode: 2 NACKLabel: 44 Block ID: 9, Msg No: M29A
Flight ID: GS0000 REG: DAHOX


Message content:-
011*4lSb_'Sl~~6llElAEbS?lb\GF1b\11FblSALbAE'LbAqSLbllqO?
-------------------------------------------------------[2024-03-16 15:46:43.999]

