SOURCE: AIR
RX_ID: 0, Freq: 131.725MHz
Mode: G NACKLabel: H1 Block ID: 8, Msg No: D26A
Flight ID: XG4001 REG: D-AUSC


Message content:-
#DFB625014000701010220017
R25/A34025,1,1
GOBDEDFH
AMDAR3AFZA23
RLI1 JB UU-3MK288PZLAMT///9RK,LK UKMK18DPXL6MT///9
RK,LK UKMK285Q1L0MS///9RK:LL UKMK17IPRKTMR///9
RKZLM UKMK272PLL0MQ///9RL1LF UKMIJ72PHLHMR/
-------------------------------------------------------[2024-06-09 00:21:23.034]

SOURCE: AIR
RX_ID: 1, Freq: 131.725MHz
Mode: G NACKLabel: H1 Block ID: 9, Msg No: D26B
Flight ID: XG4001 REG: D-AUSC


Message content:-
#DFB//9
RLDK. UKMF26LP6LEMN///9RLDL0 UKMF15-PBLIMN///9

-------------------------------------------------------[2024-06-09 00:21:26.107]

SOURCE: AIR
RX_ID: 2, Freq: 131.725MHz
Mode: G NACKLabel: H1 Block ID: 9, Msg No: D26B
Flight ID: XG4001 REG: D-AUSC


Message content:-
#DFB//9
RLDK. UKMF26LP6LEMN///9RLDL0 UKMF15-PBLIMN///9

-------------------------------------------------------[2024-06-09 00:21:37.376]

SOURCE: AIR
RX_ID: 3, Freq: 131.725MHz
Mode: X NACKLabel: B9 Block ID: 0, Msg No: L46A
Flight ID: AF0703 REG: F-GSQJ


Message content:-
/LFPG.TI2/046LFPGAD3A5
-------------------------------------------------------[2024-06-09 02:23:53.324]

SOURCE: AIR
RX_ID: 4, Freq: 131.725MHz
Mode: X NACKLabel: 2F Block ID: 1, Msg No: M17A
Flight ID: AF0703 REG: F-GSQJ


Message content:-
0224+4387+479/36139
DIAP/LFPG/36000/ +05/ -51/0.82/232987/219705/32.0/ETR-11 /MTL-10 /-162/   37
-------------------------------------------------------[2024-06-09 02:24:18.302]

SOURCE: AIR
RX_ID: 5, Freq: 131.725MHz
Mode: X ACK, A2GLabel: 2F Block ID: 1, Msg No: M17A
Flight ID: AF0703 REG: F-GSQJ


Message content:-
0224+4387+479/36139
DIAP/LFPG/36000/ +05/ -51/0.82/232987/219705/32.0/ETR-11 /MTL-10 /-162/   37
-------------------------------------------------------[2024-06-09 02:24:19.948]

SOURCE: AIR
RX_ID: 6, Freq: 131.725MHz
Mode: X NACKLabel: 2F Block ID: 4, Msg No: M19A
Flight ID: AF0703 REG: F-GSQJ


Message content:-
0226+4415+483/36136
DIAP/LFPG/35998/ +05/ -52/0.83/232769/219705/32.0/ETR-11 /MTL-10 /-155/   26
-------------------------------------------------------[2024-06-09 02:26:17.928]

SOURCE: AIR
RX_ID: 7, Freq: 131.725MHz
Mode: E NACKLabel: 81 Block ID: 2, Msg No: M37A
Flight ID: KL0588 REG: PH-AOD


Message content:-
ATM36M09022924KLM588  DNMMEHAM
WATER
VERTROKKEN MET 80
GR KL588

-------------------------------------------------------[2024-06-09 02:29:29.205]

SOURCE: AIR
RX_ID: 8, Freq: 131.725MHz
Mode: G NACKLabel: H1 Block ID: 4, Msg No: D57A
Flight ID: KL0588 REG: PH-AOD


Message content:-
#DFB(POS-KLM588  -4357N00441E/023521 F400
RMK/FUEL   9.3 M0.81)
-------------------------------------------------------[2024-06-09 02:35:38.683]

SOURCE: AIR
RX_ID: 9, Freq: 131.825MHz
Mode: 2 NACKLabel: 15 Block ID: 0, Msg No: M68A
Flight ID: BA064M REG: G-YMMR


Message content:-
FST01HKJKEGLLN440870E0049457380 146 560 M51C 3720134635050611600004230313
-------------------------------------------------------[2024-06-09 03:13:05.509]

SOURCE: AIR
RX_ID: 10, Freq: 131.825MHz
Mode: 2 NACKLabel: B9 Block ID: 2, Msg No: M69A
Flight ID: BA064M REG: G-YMMR


Message content:-
046EGLLA
-------------------------------------------------------[2024-06-09 03:14:56.509]

SOURCE: AIR
RX_ID: 11, Freq: 131.825MHz
Mode: 2 NACKLabel: H1 Block ID: 6, Msg No: F22A
Flight ID: BA064M REG: G-YMMR


Message content:-
#M1BPRG/TS031542,090624/DTEGLL,27R,201,042336,/PR4573,292,380,318,,141,57,,,90,P20,P0,,,,,,,M371970
-------------------------------------------------------[2024-06-09 03:15:44.451]

SOURCE: AIR
RX_ID: 12, Freq: 131.825MHz
Mode: 2 NACKLabel: B6 Block ID: 7, Msg No: F23A
Flight ID: BA064M REG: G-YMMR


Message content:-
/QUKAXBA.ADS.G-YMMR071FABF81B8009470F4F1DA0FD
-------------------------------------------------------[2024-06-09 03:16:21.936]

SOURCE: AIR
RX_ID: 13, Freq: 131.725MHz
Mode: G NACKLabel: H1 Block ID: 9, Msg No: F70A
Flight ID: CC2606 REG: TF-AMM


Message content:-
#M1B/B6 NBOCAYA.ADS.TF-AMM0332071E09201E99C84CD7819D969C
-------------------------------------------------------[2024-06-09 03:25:07.071]

SOURCE: AIR
RX_ID: 14, Freq: 131.725MHz
Mode: G NACKLabel: H1 Block ID: 1, Msg No: F78A
Flight ID: CC2606 REG: TF-AMM


Message content:-
#M1B/B6 NBOCAYA.ADS.TF-AMM0336071E78E81DC6C84BDB7D9DD1CE
-------------------------------------------------------[2024-06-09 03:29:23.297]

SOURCE: AIR
RX_ID: 15, Freq: 131.725MHz
Mode: G NACKLabel: H1 Block ID: 2, Msg No: F79A
Flight ID: CC2606 REG: TF-AMM


Message content:-
#M1B/B6 NBOCAYA.ADS.TF-AMM071E7E201DBCC84CDBAD9D33E5
-------------------------------------------------------[2024-06-09 03:29:34.562]

SOURCE: AIR
RX_ID: 16, Freq: 131.725MHz
Mode: G NACKLabel: H1 Block ID: 4, Msg No: F80A
Flight ID: CC2606 REG: TF-AMM


Message content:-
#M1B/B6 NBOCAYA.ADS.TF-AMM0337071E94C81D91884D1C819D20BB
-------------------------------------------------------[2024-06-09 03:30:26.784]

SOURCE: AIR
RX_ID: 17, Freq: 131.725MHz
Mode: G NACKLabel: H1 Block ID: 5, Msg No: F81A
Flight ID: CC2606 REG: TF-AMM


Message content:-
#M1B/B6 NBOCAYA.ADS.TF-AMM071E99F81D87C84D5CB19D8FA8
-------------------------------------------------------[2024-06-09 03:30:38.452]

SOURCE: AIR
RX_ID: 18, Freq: 131.725MHz
Mode: G NACKLabel: H1 Block ID: 7, Msg No: F82A
Flight ID: CC2606 REG: TF-AMM


Message content:-
#M1B/B6 NBOCAYA.ADS.TF-AMM0338071EB0681D5C884CDD7D9D4F0E
-------------------------------------------------------[2024-06-09 03:31:33.347]

SOURCE: AIR
RX_ID: 19, Freq: 131.725MHz
Mode: G NACKLabel: H1 Block ID: 1, Msg No: F85A
Flight ID: CC2606 REG: TF-AMM


Message content:-
#M1B/B6 NBOCAYA.ADS.TF-AMM0339071ECBD01D27C84CDE819DDE36
-------------------------------------------------------[2024-06-09 03:32:35.992]

SOURCE: AIR
RX_ID: 20, Freq: 131.725MHz
Mode: G NACKLabel: H1 Block ID: 2, Msg No: F86A
Flight ID: CC2606 REG: TF-AMM


Message content:-
#M1B/B6 NBOCAYA.ADS.TF-AMM071ED0F01D1DC84D1EB19D371C
-------------------------------------------------------[2024-06-09 03:32:46.638]

SOURCE: AIR
RX_ID: 21, Freq: 131.725MHz
Mode: G NACKLabel: H1 Block ID: 3, Msg No: F87A
Flight ID: CC2606 REG: TF-AMM


Message content:-
#M1B/B6 NBOCAYA.ADS.TF-AMM141ED4C81D16484D1ED59D0D1FAFC81B65484D02002022881A7B084D008D64
-------------------------------------------------------[2024-06-09 03:32:55.670]

SOURCE: AIR
RX_ID: 22, Freq: 131.725MHz
Mode: G NACKLabel: H1 Block ID: 5, Msg No: F88A
Flight ID: CC2606 REG: TF-AMM


Message content:-
#M1B/B6 NBOCAYA.ADS.TF-AMM033A071EE7101CF3084E1F819D1777
-------------------------------------------------------[2024-06-09 03:33:38.858]

SOURCE: AIR
RX_ID: 23, Freq: 131.725MHz
Mode: G NACKLabel: H1 Block ID: 1, Msg No: F92A
Flight ID: CC2606 REG: TF-AMM


Message content:-
#M1B/B6 NBOCAYA.ADS.TF-AMM033C071F1D581C88C84DA1859D6797
-------------------------------------------------------[2024-06-09 03:35:48.103]

SOURCE: AIR
RX_ID: 24, Freq: 131.725MHz
Mode: G NACKLabel: H1 Block ID: 2, Msg No: F93A
Flight ID: CC2606 REG: TF-AMM


Message content:-
#M1B/B6 NBOCAYA.ADS.TF-AMM071F21F01C7FC84CE1B19D0D1FAFC81B65484D01502022881A7B084D000E7C68FD001835EB
-------------------------------------------------------[2024-06-09 03:35:58.964]

SOURCE: AIR
RX_ID: 25, Freq: 131.725MHz
Mode: G NACKLabel: H1 Block ID: 4, Msg No: F94A
Flight ID: CC2606 REG: TF-AMM


Message content:-
#M1B/B6 NBOCAYA.ADS.TF-AMM033D071F37C81C54C84D227D9DBB86
-------------------------------------------------------[2024-06-09 03:36:50.970]

SOURCE: AIR
RX_ID: 26, Freq: 131.725MHz
Mode: G NACKLabel: H1 Block ID: 5, Msg No: F95A
Flight ID: CC2606 REG: TF-AMM


Message content:-
#M1B/B6 NBOCAYA.ADS.TF-AMM071F3CD81C4AC84CA2AD9D74EC
-------------------------------------------------------[2024-06-09 03:37:02.856]

SOURCE: AIR
RX_ID: 27, Freq: 131.725MHz
Mode: G NACKLabel: H1 Block ID: 7, Msg No: F96A
Flight ID: CC2606 REG: TF-AMM


Message content:-
#M1B/B6 NBOCAYA.ADS.TF-AMM033E071F52C01C21884CA3819D14AD
-------------------------------------------------------[2024-06-09 03:37:55.482]

SOURCE: AIR
RX_ID: 28, Freq: 131.725MHz
Mode: G NACKLabel: H1 Block ID: 3, Msg No: F01A
Flight ID: CC2606 REG: TF-AMM


Message content:-
#M1B/B6 NBOCAYA.ADS.TF-AMM0340071F87E01BBC484D257D9D3C43
-------------------------------------------------------[2024-06-09 03:40:03.885]

SOURCE: AIR
RX_ID: 29, Freq: 131.725MHz
Mode: G NACKLabel: H1 Block ID: 4, Msg No: F02A
Flight ID: CC2606 REG: TF-AMM


Message content:-
#M1B/B6 NBOCAYA.ADS.TF-AMM071F8CD01BB3084DA5AD9D0D1FAFC81B65484D00582022881A7B084D000E7CA0F8000007F1
-------------------------------------------------------[2024-06-09 03:40:14.747]

SOURCE: AIR
RX_ID: 30, Freq: 131.725MHz
Mode: G NACKLabel: H1 Block ID: 6, Msg No: F03A
Flight ID: CC2606 REG: TF-AMM


Message content:-
#M1B/B6 NBOCAYA.ADS.TF-AMM0341071FA1C81B8B484CA67D9D5483
-------------------------------------------------------[2024-06-09 03:41:08.213]

SOURCE: AIR
RX_ID: 31, Freq: 131.725MHz
Mode: G NACKLabel: B9 Block ID: 7, Msg No: L09A
Flight ID: CC2606 REG: TF-AMM


Message content:-
/EBLG.TI2/024EBLGAAD4F
-------------------------------------------------------[2024-06-09 03:41:13.117]

SOURCE: AIR
RX_ID: 32, Freq: 131.725MHz
Mode: G NACKLabel: H1 Block ID: 9, Msg No: F04A
Flight ID: CC2606 REG: TF-AMM


Message content:-
#M1B/B6 NBOCAYA.ADS.TF-AMM071FA7201B81484CA6B19D1394
-------------------------------------------------------[2024-06-09 03:41:19.660]

SOURCE: AIR
RX_ID: 33, Freq: 131.725MHz
Mode: G NACKLabel: H1 Block ID: 0, Msg No: F05A
Flight ID: CC2606 REG: TF-AMM


Message content:-
#M1B/B6 NBOCAYA.ADS.TF-AMM141FB1601B6D884C67159D0D2022881A7B084D01102084E019AE084D008A7E
-------------------------------------------------------[2024-06-09 03:41:44.056]

SOURCE: AIR
RX_ID: 34, Freq: 131.725MHz
Mode: G NACKLabel: H1 Block ID: 2, Msg No: F06A
Flight ID: CC2606 REG: TF-AMM


Message content:-
#M1B/B6 NBOCAYA.ADS.TF-AMM0342071FC0F01B4FC84D67A99D3ECD
-------------------------------------------------------[2024-06-09 03:42:22.125]

SOURCE: AIR
RX_ID: 35, Freq: 131.725MHz
Mode: G NACKLabel: H1 Block ID: 3, Msg No: F07A
Flight ID: CC2606 REG: TF-AMM


Message content:-
#M1B/B6 NBOCAYA.ADS.TF-AMM071FC1581B4F084DA7AD9D378E
-------------------------------------------------------[2024-06-09 03:42:25.417]

SOURCE: AIR
RX_ID: 36, Freq: 131.725MHz
Mode: G NACKLabel: H1 Block ID: 5, Msg No: F08A
Flight ID: CC2606 REG: TF-AMM


Message content:-
#M1B/B6 NBOCAYA.ADS.TF-AMM0343071FD7F81B24884D688D9DAAF6
-------------------------------------------------------[2024-06-09 03:43:18.446]

SOURCE: AIR
RX_ID: 37, Freq: 131.725MHz
Mode: G NACKLabel: H1 Block ID: 6, Msg No: F09A
Flight ID: CC2606 REG: TF-AMM


Message content:-
#M1B/B6 NBOCAYA.ADS.TF-AMM071FDBB01B1D884D68B19D70D7
-------------------------------------------------------[2024-06-09 03:43:27.259]

SOURCE: AIR
RX_ID: 38, Freq: 131.725MHz
Mode: G NACKLabel: H1 Block ID: 7, Msg No: F10A
Flight ID: CC2606 REG: TF-AMM


Message content:-
#M1B/B6 NBOCAYA.ADS.TF-AMM141FE9C01B04084C69359D0D217838175CE0003FFF21D20815B1A000009640
-------------------------------------------------------[2024-06-09 03:44:11.293]

SOURCE: AIR
RX_ID: 39, Freq: 131.725MHz
Mode: G NACKLabel: H1 Block ID: 9, Msg No: F11A
Flight ID: CC2606 REG: TF-AMM


Message content:-
#M1B/B6 NBOCAYA.ADS.TF-AMM0344071FF1301AF6C84C69819DC856
-------------------------------------------------------[2024-06-09 03:44:19.704]

SOURCE: AIR
RX_ID: 40, Freq: 131.725MHz
Mode: G NACKLabel: H1 Block ID: 9, Msg No: F11A
Flight ID: CC2606 REG: TF-AMM


Message content:-
#M1B/B6 NBOCAYA.ADS.TF-AMM0344071FF1301AF6C84C69819DC856
-------------------------------------------------------[2024-06-09 03:44:32.176]

SOURCE: AIR
RX_ID: 41, Freq: 131.725MHz
Mode: G NACKLabel: H1 Block ID: 0, Msg No: F12A
Flight ID: CC2606 REG: TF-AMM


Message content:-
#M1B/B6 NBOCAYA.ADS.TF-AMM071FF6181AEDC84CE9B19D0D217838175CC84D03B021D20815B1884D000E7CB8F7BFFC0D1D
-------------------------------------------------------[2024-06-09 03:44:35.868]

SOURCE: AIR
RX_ID: 42, Freq: 131.725MHz
Mode: G NACKLabel: H1 Block ID: 3, Msg No: F14A
Flight ID: CC2606 REG: TF-AMM


Message content:-
#M1B/B6 NBOCAYA.ADS.TF-AMM034507200CF81ABCC84CEA919DE2B3
-------------------------------------------------------[2024-06-09 03:45:27.690]

SOURCE: AIR
RX_ID: 43, Freq: 131.725MHz
Mode: G NACKLabel: H1 Block ID: 4, Msg No: F15A
Flight ID: CC2606 REG: TF-AMM


Message content:-
#M1B/B6 NBOCAYA.ADS.TF-AMM072010381AB5484D2AB19D9808
-------------------------------------------------------[2024-06-09 03:45:35.262]

SOURCE: AIR
RX_ID: 44, Freq: 131.725MHz
Mode: G NACKLabel: H1 Block ID: 6, Msg No: F16A
Flight ID: CC2606 REG: TF-AMM


Message content:-
#M1B/B6 NBOCAYA.ADS.TF-AMM0346072025581A86884D6B819DC5AE
-------------------------------------------------------[2024-06-09 03:46:27.082]

SOURCE: AIR
RX_ID: 45, Freq: 131.725MHz
Mode: G NACKLabel: H1 Block ID: 7, Msg No: F17A
Flight ID: CC2606 REG: TF-AMM


Message content:-
#M1B/B6 NBOCAYA.ADS.TF-AMM07202A301A7B884DABB19D9C09
-------------------------------------------------------[2024-06-09 03:46:38.566]

SOURCE: AIR
RX_ID: 46, Freq: 131.725MHz
Mode: G NACKLabel: H1 Block ID: 9, Msg No: F18A
Flight ID: CC2606 REG: TF-AMM


Message content:-
#M1B/B6 NBOCAYA.ADS.TF-AMM034707203E681A4D484D6C759DC3FD
-------------------------------------------------------[2024-06-09 03:47:29.955]

SOURCE: AIR
RX_ID: 47, Freq: 131.725MHz
Mode: G NACKLabel: H1 Block ID: 0, Msg No: F19A
Flight ID: CC2606 REG: TF-AMM


Message content:-
#M1B/B6 NBOCAYA.ADS.TF-AMM072044081A40084CECAD9D2934
-------------------------------------------------------[2024-06-09 03:47:42.466]

SOURCE: AIR
RX_ID: 48, Freq: 131.725MHz
Mode: G NACKLabel: H1 Block ID: 2, Msg No: F20A
Flight ID: CC2606 REG: TF-AMM


Message content:-
#M1B/B6 NBOCAYA.ADS.TF-AMM0348072058101A11084D2D799DD98A
-------------------------------------------------------[2024-06-09 03:48:35.092]

SOURCE: AIR
RX_ID: 49, Freq: 131.725MHz
Mode: G NACKLabel: B9 Block ID: 5, Msg No: J59A
Flight ID: AF0929 REG: F-GZCI


Message content:-
/LFPG.TI2/000LFPGA9F82
-------------------------------------------------------[2024-06-09 03:53:34.328]

SOURCE: AIR
RX_ID: 50, Freq: 131.725MHz
Mode: G NACKLabel: H1 Block ID: 6, Msg No: C02A
Flight ID: AF7343 REG: F-GMZD


Message content:-
#CFBFLR/FR24060904140030310005SDAC2:NO DATA FROM      PHC2/IDECAM 2,ECAM 1
-------------------------------------------------------[2024-06-09 04:14:40.427]

SOURCE: AIR
RX_ID: 51, Freq: 131.725MHz
Mode: G NACKLabel: H1 Block ID: 7, Msg No: D11A
Flight ID: AF7343 REG: F-GMZD


Message content:-
#DFBA39/A32139,1,1/C1041649,4902,1096,39334,72347/
-------------------------------------------------------[2024-06-09 04:15:45.744]

SOURCE: AIR
RX_ID: 52, Freq: 131.725MHz
Mode: G NACKLabel: B9 Block ID: 8, Msg No: L02A
Flight ID: AF7343 REG: F-GMZD


Message content:-
/LFLL.TI2/064LFLLAD2FE
-------------------------------------------------------[2024-06-09 04:18:46.995]

SOURCE: AIR
RX_ID: 53, Freq: 131.825MHz
Mode: 2 NACKLabel: 15 Block ID: 3, Msg No: M81A
Flight ID: BA0054 REG: G-STBA


Message content:-
FST01FAOREGLLN429778E0052062360 169 804 M48C 5420334535052011600005540431
-------------------------------------------------------[2024-06-09 04:31:40.918]

SOURCE: AIR
RX_ID: 54, Freq: 131.825MHz
Mode: 2 NACKLabel: H1 Block ID: 4, Msg No: F05A
Flight ID: BA0054 REG: G-STBA


Message content:-
#M1BPRG/TS043400,090624/DTEGLL,27R,194,055523,/PR5360,284,360,354,,128,0,,,80,P35,P0,,,,,,,M37429F
-------------------------------------------------------[2024-06-09 04:34:03.439]

SOURCE: AIR
RX_ID: 55, Freq: 131.825MHz
Mode: 2 NACKLabel: H1 Block ID: 6, Msg No: F06B
Flight ID: BA0054 REG: G-STBA


Message content:-
#M1B475.130,112,DD101,N40263E005475/TS043415,090624C98A
-------------------------------------------------------[2024-06-09 04:34:24.942]

SOURCE: AIR
RX_ID: 56, Freq: 131.825MHz
Mode: 2 NACKLabel: H1 Block ID: 7, Msg No: F08A
Flight ID: BA0054 REG: G-STBA


Message content:-
#M1BRESPWI/AC,91/TS043425,090624E01C
-------------------------------------------------------[2024-06-09 04:34:32.113]

SOURCE: AIR
RX_ID: 57, Freq: 131.825MHz
Mode: 2 NACKLabel: H1 Block ID: 8, Msg No: F09A
Flight ID: BA0054 REG: G-STBA


Message content:-
#M1BPOSN43224E005066,MRM-16,043426,360,MTL-17,044257,ETR-18,M50,19937,352/TS043426,0906246E26
-------------------------------------------------------[2024-06-09 04:34:40.704]

SOURCE: AIR
RX_ID: 58, Freq: 131.825MHz
Mode: 2 NACKLabel: 15 Block ID: 3, Msg No: M83A
Flight ID: BA0054 REG: G-STBA


Message content:-
FST01FAOREGLLN443680E0048647360 159 816 M53C 2217734835049511600005550441
-------------------------------------------------------[2024-06-09 04:41:41.388]

SOURCE: AIR
RX_ID: 59, Freq: 131.825MHz
Mode: 2 NACKLabel: 16 Block ID: 5, Msg No: M06A
Flight ID: 4X005X REG: 9H-MLD


Message content:-
045121,35000,0544,   4,N 44.100 E  5.375
-------------------------------------------------------[2024-06-09 04:51:23.838]

SOURCE: AIR
RX_ID: 60, Freq: 131.825MHz
Mode: 2 NACKLabel: 16 Block ID: 5, Msg No: M06A
Flight ID: 4X005X REG: 9H-MLD


Message content:-
045121,35000,0544,   4,N 44.100 E  5.375
-------------------------------------------------------[2024-06-09 04:51:48.817]

SOURCE: AIR
RX_ID: 61, Freq: 131.850MHz
Mode: 2 NACKLabel: 5U Block ID: 6, Msg No: M07A
Flight ID: 4X005X REG: 9H-MLD


Message content:-
LEBL LEPA LEMH-SA
-------------------------------------------------------[2024-06-09 04:54:03.182]

SOURCE: AIR
RX_ID: 62, Freq: 131.825MHz
Mode: 2 NACKLabel: H1 Block ID: 4, Msg No: F14A
Flight ID: AA0720 REG: N797AN


Message content:-
#M2BPOSN45057E004257,OTROT,053939,370,BEPER,054512,RETNO,M54,1989,4033D3D
-------------------------------------------------------[2024-06-09 05:39:42.818]

SOURCE: AIR
RX_ID: 63, Freq: 131.825MHz
Mode: 2 NACKLabel: H1 Block ID: 6, Msg No: D32B
Flight ID: AA0720 REG: N797AN


Message content:-
#DFB304404680.0120.009 28.12 -94.22 43560-56 217OFF
 45.8722   2.4043369974298004760.0280.017 18.50-110.74 42920-56 217OFF
 45.6851   2.9169369984291604770.0200.011  9.38-105.12 42280-55 217OFF
-------------------------------------------------------[2024-06-09 05:42:42.857]

SOURCE: AIR
RX_ID: 64, Freq: 131.825MHz
Mode: 2 NACKLabel: H1 Block ID: 7, Msg No: F15A
Flight ID: AA0720 REG: N797AN


Message content:-
#M2BPOSN44451E005216,BEPER,054520,370,RETNO,054819,KOLON,M52,20228,391E794
-------------------------------------------------------[2024-06-09 05:45:23.189]

SOURCE: AIR
RX_ID: 65, Freq: 131.825MHz
Mode: 2 NACKLabel: 16 Block ID: 8, Msg No: M35A
Flight ID: AA0720 REG: N797AN


Message content:-
POSA1N44740E  5393,BEPER  ,054522,369,RETNO  ,054832,,-52, 29, 391,826
-------------------------------------------------------[2024-06-09 05:45:35.292]

SOURCE: AIR
RX_ID: 66, Freq: 131.825MHz
Mode: 2 NACKLabel: 5Z Block ID: 9, Msg No: M36A
Flight ID: AA0720 REG: N797AN


Message content:-
OS LIRF /ALT00000647
-------------------------------------------------------[2024-06-09 05:46:28.137]

SOURCE: AIR
RX_ID: 67, Freq: 131.825MHz
Mode: 2 NACKLabel: 5D Block ID: 1, Msg No: M37A
Flight ID: AA0720 REG: N797AN


Message content:-
LIRFA046
-------------------------------------------------------[2024-06-09 05:46:36.329]

SOURCE: AIR
RX_ID: 68, Freq: 131.825MHz
Mode: 2 NACKLabel: H1 Block ID: 5, Msg No: D33A
Flight ID: AA0720 REG: N797AN


Message content:-
#DFBTRP KCLT LIRF 07  8 383   0  0 054531
 45.4939   3.4155369994285204730.0210.018  4.00 -82.27 41640-55 217OFF
 45.3059   3.9068369964279204720.0220.017  6.13-153.28 41000-55 217OFF
 45.1214   4.3937369954
-------------------------------------------------------[2024-06-09 05:57:35.354]

SOURCE: AIR
RX_ID: 69, Freq: 131.825MHz
Mode: 2 NACKLabel: H1 Block ID: 6, Msg No: D33B
Flight ID: AA0720 REG: N797AN


Message content:-
#DFB272804720.0190.017  8.63-173.67 40360-54 217OFF
 44.9374   4.8808370024266004680.0420.018 16.87-135.35 39720-53 217OFF
 44.7590   5.3761369944259604770.0160.009 28.62-151.17 39040-52 217OFF
-------------------------------------------------------[2024-06-09 05:57:42.739]

SOURCE: AIR
RX_ID: 70, Freq: 131.725MHz
Mode: E NACKLabel: B9 Block ID: 0, Msg No: M67A
Flight ID: TO8153 REG: F-HTVU


Message content:-
/LFPO.TI2/040LFPOAD7ED
-------------------------------------------------------[2024-06-09 06:28:07.782]

SOURCE: AIR
RX_ID: 71, Freq: 131.725MHz
Mode: X NACKLabel: H1 Block ID: 3, Msg No: D23A
Flight ID: KL0592 REG: PH-BQK


Message content:-
#DFB(POS-KLM592  -4311N00508E/063830 F380
RMK/FUEL  11.4 M0.82)
-------------------------------------------------------[2024-06-09 06:38:32.830]

SOURCE: AIR
RX_ID: 72, Freq: 131.725MHz
Mode: X ACK, A2GLabel: H1 Block ID: 3, Msg No: D23A
Flight ID: KL0592 REG: PH-BQK


Message content:-
#DFB(POS-KLM592  -4311N00508E/063830 F380
RMK/FUEL  11.4 M0.82)
-------------------------------------------------------[2024-06-09 06:38:35.282]

SOURCE: AIR
RX_ID: 73, Freq: 131.725MHz
Mode: X NACKLabel: B9 Block ID: 4, Msg No: L30A
Flight ID: KL0592 REG: PH-BQK


Message content:-
/EHAM.TI2/046EHAMA421B
-------------------------------------------------------[2024-06-09 06:46:16.501]

SOURCE: AIR
RX_ID: 74, Freq: 131.725MHz
Mode: X NACKLabel: H1 Block ID: 1, Msg No: D25A
Flight ID: KL0592 REG: PH-BQK


Message content:-
#DFB(POS-KLM592  -4514N00439E/065330 F380
RMK/FUEL   9.9 M0.82)
-------------------------------------------------------[2024-06-09 06:53:32.953]

SOURCE: AIR
RX_ID: 75, Freq: 131.725MHz
Mode: G NACKLabel: H1 Block ID: 3, Msg No: D32A
Flight ID: KL0104 REG: PH-BVP


Message content:-
#DFB(POS-KLM104  -4414N00458E/071243 F360
RMK/FUEL  11.9 M0.83)
-------------------------------------------------------[2024-06-09 07:12:45.777]

SOURCE: AIR
RX_ID: 76, Freq: 131.825MHz
Mode: 2 NACKLabel: 84 Block ID: 7, Msg No: M21A
Flight ID: 4X05GA REG: 9H-MLD


Message content:-
DISREGARD PREVIOUS MSG
THE ISSUE SOLVED AND
NORMAL COCKPIT DOOR OPS

-------------------------------------------------------[2024-06-09 07:29:00.417]

SOURCE: AIR
RX_ID: 77, Freq: 131.825MHz
Mode: 2 NACKLabel: 16 Block ID: 9, Msg No: M22A
Flight ID: 4X05GA REG: 9H-MLD


Message content:-
073628,33977,0828,   5,N 43.554 E  7.415
-------------------------------------------------------[2024-06-09 07:36:29.338]

SOURCE: AIR
RX_ID: 78, Freq: 131.825MHz
Mode: 2 NACKLabel: 5U Block ID: 0, Msg No: M23A
Flight ID: 4X05GA REG: 9H-MLD


Message content:-
EDDS EDSB EDDM LSZH-SA
-------------------------------------------------------[2024-06-09 07:36:47.148]

SOURCE: AIR
RX_ID: 79, Freq: 131.525MHz
Mode: T NACKLabel: 26 Block ID: 8, Msg No: M17A
Flight ID: AF6002 REG: F-GRHF


Message content:-
0812LFPOAF6002/090827LFML13L
-------------------------------------------------------[2024-06-09 08:12:02.537]

SOURCE: AIR
RX_ID: 80, Freq: 131.525MHz
Mode: T NACKLabel: 26 Block ID: 8, Msg No: M17A
Flight ID: AF6002 REG: F-GRHF


Message content:-
0812LFPOAF6002/090827LFML13L
-------------------------------------------------------[2024-06-09 08:12:14.023]

SOURCE: AIR
RX_ID: 81, Freq: 131.725MHz
Mode: 2 NACKLabel: 26 Block ID: 0, Msg No: M17A
Flight ID: AF6002 REG: F-GRHF


Message content:-
0812LFPOAF6002/090827LFML13L
-------------------------------------------------------[2024-06-09 08:12:18.375]

SOURCE: AIR
RX_ID: 82, Freq: 131.725MHz
Mode: G NACKLabel: 26 Block ID: 0, Msg No: M17A
Flight ID: AF6002 REG: F-GRHF


Message content:-
0812LFPOAF6002/090827LFML13L
-------------------------------------------------------[2024-06-09 08:12:29.019]

SOURCE: AIR
RX_ID: 83, Freq: 131.725MHz
Mode: G NACKLabel: H1 Block ID: 8, Msg No: F95A
Flight ID: DL0028 REG: N840MH


Message content:-
#M1BPOSN44296E005044,NISAR,081452,340,XIRBI,081617,DOTIG,M49,07815,220,810888C
-------------------------------------------------------[2024-06-09 08:14:54.024]

SOURCE: AIR
RX_ID: 84, Freq: 131.725MHz
Mode: G NACKLabel: 2F Block ID: 1, Msg No: M18A
Flight ID: AF6002 REG: F-GRHF


Message content:-
0814+4410+468/1332
-------------------------------------------------------[2024-06-09 08:14:54.211]

SOURCE: AIR
RX_ID: 85, Freq: 131.725MHz
Mode: 2 NACKLabel: 16 Block ID: 9, Msg No: M38A
Flight ID: TK03YF REG: TC-LTJ


Message content:-
/N 43.26/E 006.10/32960/0906/0813/4426/0850/
-------------------------------------------------------[2024-06-09 08:15:39.263]

SOURCE: AIR
RX_ID: 86, Freq: 131.725MHz
Mode: E NACKLabel: SA Block ID: 1, Msg No: S62A
Flight ID: TK03YF REG: TC-LTJ


Message content:-
0EV081545V
-------------------------------------------------------[2024-06-09 08:15:46.249]

SOURCE: AIR
RX_ID: 87, Freq: 131.725MHz
Mode: G NACKLabel: H1 Block ID: 3, Msg No: D10A
Flight ID: AF6002 REG: F-GRHF


Message content:-
#DFBA01/A31901,1,1/CCF-GRHF,JUN09,075740,LFPO,LFML,0077/C106,98740,5000,42,0010,0,0100,42,X/CEN300,37007,256,790,5840,276,C43025/EC645937,00209,01162,00155,73,19/EE645936,00209,01352,00155,73/N10832,0832,0920,5
-------------------------------------------------------[2024-06-09 08:17:32.927]

SOURCE: AIR
RX_ID: 88, Freq: 131.725MHz
Mode: G NACKLabel: H1 Block ID: 4, Msg No: D10B
Flight ID: AF6002 REG: F-GRHF


Message content:-
#DFB913,1154,XXXXX/N20832,0832,0922,5930,1166,XXXXX/S1XXXXX,0566,1183,4112,XXXX,020,N00/S2XXXXX,0582,1200,4120,XXXX,020,001/T1099,100,023,37,091,04727,0248/T2099,100,015,40,068,04777,0241/V106,06,118,182,00,00,
-------------------------------------------------------[2024-06-09 08:17:37.023]

SOURCE: AIR
RX_ID: 89, Freq: 131.725MHz
Mode: G NACKLabel: H1 Block ID: 5, Msg No: D10C
Flight ID: AF6002 REG: F-GRHF


Message content:-
#DFB00000/V207,06,154,235,01,00,00000/V3XX,XX,XXX,XXX,XXXX/V4XX,XX,XXX,XXX,XXXX/V5XX,XX,XXX,XXX,XXXX/V6XX,XX,XXX,XXX,XXXX/V7038,087,00061,22222222222111/V8037,085,00081,22222222222111,/
-------------------------------------------------------[2024-06-09 08:17:40.936]

SOURCE: AIR
RX_ID: 90, Freq: 131.725MHz
Mode: G NACKLabel: H1 Block ID: 6, Msg No: D11A
Flight ID: AF6002 REG: F-GRHF


Message content:-
#DFBA02/A31902,1,1/CCF-GRHF,JUN09,075741,LFPO,LFML,0077/C106,98801,5000,42,0010,0,0100,42,X/CEN307,36992,255,789,5843,276,C43025/CNN304,36992,255,787,5837,276/EC645937,00209,01162,00155,73,34,19/EE645936,00209,
-------------------------------------------------------[2024-06-09 08:18:09.791]

SOURCE: AIR
RX_ID: 91, Freq: 131.725MHz
Mode: G NACKLabel: H1 Block ID: 7, Msg No: D11B
Flight ID: AF6002 REG: F-GRHF


Message content:-
#DFB01352,00155,73/N10832,0832,0920,5914,1155,XXXXX/N20832,0832,0922,5930,1167,XXXXX/S1XXXXX,0566,1183,4113,XXXX,020,N00/S2XXXXX,0582,1200,4120,XXXX,020,001/T1099,100,023,37,091,04727,0248/T2099,100,015,40,068,
-------------------------------------------------------[2024-06-09 08:18:13.491]

SOURCE: AIR
RX_ID: 92, Freq: 131.725MHz
Mode: G NACKLabel: H1 Block ID: 8, Msg No: D11C
Flight ID: AF6002 REG: F-GRHF


Message content:-
#DFB04777,0241/V106,06,118,182,00,00,00000/V207,06,154,235,01,00,00000/V3XX,XX,XXX,XXX,XXXX/V4XX,XX,XXX,XXX,XXXX/V5XX,XX,XXX,XXX,XXXX/V6XX,XX,XXX,XXX,XXXX/V7038,087,00061,22222222222111/V8037,085,00081,22222222
-------------------------------------------------------[2024-06-09 08:18:17.580]

SOURCE: AIR
RX_ID: 93, Freq: 131.725MHz
Mode: G NACKLabel: H1 Block ID: 9, Msg No: D11D
Flight ID: AF6002 REG: F-GRHF


Message content:-
#DFB222111/X101199,N004,0022,N000,00017,0005/X201177,0000,0022,N000,00018,0005/X3N001,0001,N009,N001,N010,N003,N000/X40000,N000,N000,0000,0000,0000/X50000,N000,0000,N002,0000,0000/X61611,E0034,N459,012,268,0138
-------------------------------------------------------[2024-06-09 08:18:21.058]

SOURCE: AIR
RX_ID: 94, Freq: 131.725MHz
Mode: G NACKLabel: H1 Block ID: 0, Msg No: D11E
Flight ID: AF6002 REG: F-GRHF


Message content:-
#DFB,XXXX/X71611,E0034,N459,013,269,0144,XXXX,/
-------------------------------------------------------[2024-06-09 08:18:24.750]

SOURCE: AIR
RX_ID: 95, Freq: 131.725MHz
Mode: G NACKLabel: 26 Block ID: 1, Msg No: M19A
Flight ID: AF6002 REG: F-GRHF


Message content:-
0823LFPOAF6002/090828LFML13L
-------------------------------------------------------[2024-06-09 08:23:02.879]

SOURCE: AIR
RX_ID: 96, Freq: 131.825MHz
Mode: 2 NACKLabel: 1L Block ID: 7, Msg No: M64A
Flight ID: LH031J REG: D-ACKF


Message content:-
00729209293KYS8C:T8S1IO-AS75550360UUJDEJ+YFYEQQPGMMUU
-------------------------------------------------------[2024-06-09 08:45:32.711]

SOURCE: AIR
RX_ID: 97, Freq: 131.825MHz
Mode: 2 NACKLabel: H2 Block ID: 8, Msg No: M63A
Flight ID: LH031J REG: D-ACKF


Message content:-
47Q-5Q2D7L2VK7E 11CPQ,,ICT88+-+GD2D,GLAA9,519:88QYL+Q8FXGD0G0MGL5M**,DWY7BW)--7GD0D5MM*:F1GV51SS-YTQ+6AQDDLA4M,9GR04::8W7X8QQ2P0069GR)6*,*WYX88QYL-8TD+8DLD0MG)5M**,D)I)D+KTKXUDXI5MM*:F,,8BW):CCKQ+8AQDDLA6I49G4*
-------------------------------------------------------[2024-06-09 08:45:39.292]

SOURCE: AIR
RX_ID: 98, Freq: 131.825MHz
Mode: 2 NACKLabel: H2 Block ID: 9, Msg No: M63B
Flight ID: LH031J REG: D-ACKF


Message content:-
*8)8+-AQQD2PL2R9GG9,3G*11X88QYL8KQFXXM6RLM1K6**8,DY:8D+Q-KT+DX7TDMM:F31,518SCY:8-KAQQD2PUU,9GMM,Q3*K*X88QYL)Q2FD2)6RR*K*X88QY/V8K872BDDG46GFGK:5*33CSSQ++TDDMLQR6)4M+**W)7)+QQ8FD0DGMG**CX88QYV8KT8XBDDG6G,11:CV88
-------------------------------------------------------[2024-06-09 08:45:46.460]

SOURCE: AIR
RX_ID: 99, Freq: 131.825MHz
Mode: 2 NACKLabel: H2 Block ID: 0, Msg No: M63C
Flight ID: LH031J REG: D-ACKF


Message content:-
FQ)+QDLTDMM:PQ,3V9+**WC7:WK8+ QK0D25DM05M**,KYCS,+JQQX505G)M,*MV**,:8WWAQQD2J55MGL M*1QG,17:SVW8:QY+QXDTDMM:PQQ8YST8Q+T88X75L1XR0GM,M1Q6**8,KYYQF+JQD0DMI4M*:(19318:8+QAQDDLQRR1**T88-Q)6-XGG*4M)MV3**IX88QYV88X0G
-------------------------------------------------------[2024-06-09 08:45:53.813]

SOURCE: AIR
RX_ID: 100, Freq: 131.825MHz
Mode: 2 NACKLabel: H2 Block ID: 1, Msg No: M63D
Flight ID: LH031J REG: D-ACKF


Message content:-
BDD4G6M4,K3(KCS87SQ+-AQDDLQRR133T88-+YT-55L*4I)MRR*11X88QYV88X7LBDD44V1K3,:(K,88KYQQ2TDDMLQRRK1,+**)C)Y-)-01LDUD4,MMG6**8,KYY-8KJQQ05DD40M)*64K*13*8,X8QQ2J55406 MMKQ9K):,8VCYS8++DXD5MM*:PQQC8ST8Q-T8F-7GL1LI)MG6
-------------------------------------------------------[2024-06-09 08:45:59.956]

SOURCE: AIR
RX_ID: 101, Freq: 131.825MHz
Mode: 2 NACKLabel: 1L Block ID: 1, Msg No: M48A
Flight ID: OS039H REG: OE-LBZ


Message content:-
00035266228TQ2PG6LII)I2C5IGQ2QG28I55668M83P685KKKI3C)P
-------------------------------------------------------[2024-06-09 08:46:13.270]

SOURCE: AIR
RX_ID: 102, Freq: 131.825MHz
Mode: 2 NACKLabel: 4T Block ID: 7, Msg No: M02A
Flight ID: AC0907 REG: C-FIVW


Message content:-
AGFSR AC0907/09/09/FCOYYZ/0916Z/743/4439.4N00603.1E/340/CRUISE/0697/0110/M50/216040/0288/---/474/0758/0829/----/----
-------------------------------------------------------[2024-06-09 09:16:15.927]

SOURCE: AIR
RX_ID: 103, Freq: 131.725MHz
Mode: X NACKLabel: 4H Block ID: 6, Msg No: M14A
Flight ID: DL0233 REG: N172DZ


Message content:-
09094H LIRN KJFK6
  
WPR RESET





-------------------------------------------------------[2024-06-09 09:18:49.563]

SOURCE: AIR
RX_ID: 104, Freq: 131.725MHz
Mode: G NACKLabel: B9 Block ID: 0, Msg No: L06A
Flight ID: DL0024 REG: N825MH


Message content:-
/LFMN.TI2/024LFMNA426A
-------------------------------------------------------[2024-06-09 09:28:39.614]

SOURCE: AIR
RX_ID: 105, Freq: 131.725MHz
Mode: 2 NACKLabel: SA Block ID: 9, Msg No: S07A
Flight ID: GR0000 REG: FGXAE


Message content:-
0EV092333V/
-------------------------------------------------------[2024-06-09 09:30:15.065]

SOURCE: AIR
RX_ID: 106, Freq: 131.725MHz
Mode: X NACKLabel: SA Block ID: 1, Msg No: S07A
Flight ID: GR0000 REG: FGXAE


Message content:-
0EV092333V/
-------------------------------------------------------[2024-06-09 09:30:29.183]

SOURCE: AIR
RX_ID: 107, Freq: 131.725MHz
Mode: X NACKLabel: SA Block ID: 1, Msg No: S07A
Flight ID: GR0000 REG: FGXAE


Message content:-
0EV092333V/
-------------------------------------------------------[2024-06-09 09:30:40.043]

SOURCE: AIR
RX_ID: 108, Freq: 131.725MHz
Mode: X NACKLabel: SA Block ID: 1, Msg No: S07A
Flight ID: GR0000 REG: FGXAE


Message content:-
0EV092333V/
-------------------------------------------------------[2024-06-09 09:30:49.038]

SOURCE: AIR
RX_ID: 109, Freq: 131.725MHz
Mode: 2 NACKLabel: SA Block ID: 2, Msg No: S07A
Flight ID: GR0000 REG: FGXAE


Message content:-
0EV092333V/
-------------------------------------------------------[2024-06-09 09:31:01.143]

SOURCE: AIR
RX_ID: 110, Freq: 131.725MHz
Mode: 2 NACKLabel: SA Block ID: 2, Msg No: S07A
Flight ID: GR0000 REG: FGXAE


Message content:-
0EV092333V/
-------------------------------------------------------[2024-06-09 09:31:23.232]

SOURCE: AIR
RX_ID: 111, Freq: 131.725MHz
Mode: X NACKLabel: SA Block ID: 5, Msg No: S07A
Flight ID: GR0000 REG: FGXAE


Message content:-
0EV092333V/
-------------------------------------------------------[2024-06-09 09:31:43.932]

SOURCE: AIR
RX_ID: 112, Freq: 131.725MHz
Mode: X NACKLabel: SA Block ID: 5, Msg No: S07A
Flight ID: GR0000 REG: FGXAE


Message content:-
0EV092333V/
-------------------------------------------------------[2024-06-09 09:31:50.883]

SOURCE: AIR
RX_ID: 113, Freq: 131.725MHz
Mode: 2 NACKLabel: SA Block ID: 6, Msg No: S07A
Flight ID: GR0000 REG: FGXAE


Message content:-
0EV092333V/
-------------------------------------------------------[2024-06-09 09:32:00.938]

SOURCE: AIR
RX_ID: 114, Freq: 131.725MHz
Mode: 2 NACKLabel: SA Block ID: 6, Msg No: S07A
Flight ID: GR0000 REG: FGXAE


Message content:-
0EV092333V/
-------------------------------------------------------[2024-06-09 09:32:27.964]

SOURCE: AIR
RX_ID: 115, Freq: 131.725MHz
Mode: 2 NACKLabel: SA Block ID: 6, Msg No: S07A
Flight ID: GR0000 REG: FGXAE


Message content:-
0EV092333V/
-------------------------------------------------------[2024-06-09 09:32:38.829]

SOURCE: AIR
RX_ID: 116, Freq: 131.725MHz
Mode: E NACKLabel: SA Block ID: 9, Msg No: S18A
Flight ID: GR0000 REG: FGXAE


Message content:-
0EV093323V/
-------------------------------------------------------[2024-06-09 09:33:24.284]

SOURCE: AIR
RX_ID: 117, Freq: 131.725MHz
Mode: G NACKLabel: 39 Block ID: 3, Msg No: M84A
Flight ID: DL0024 REG: N825MH


Message content:-
080939 KATL LFMN7
1008                                   
/TCI [  ]








-------------------------------------------------------[2024-06-09 09:35:09.136]

SOURCE: AIR
RX_ID: 118, Freq: 131.725MHz
Mode: G NACKLabel: 32 Block ID: 5, Msg No: M86A
Flight ID: DL0024 REG: N825MH


Message content:-
080932 KATL LFMN6
         04L                           








-------------------------------------------------------[2024-06-09 09:35:17.549]

SOURCE: AIR
RX_ID: 119, Freq: 131.725MHz
Mode: G ACK, A2GLabel: 32 Block ID: 5, Msg No: M86A
Flight ID: DL0024 REG: N825MH


Message content:-
080932 KATL LFMN6
         04L                           








-------------------------------------------------------[2024-06-09 09:35:19.594]

SOURCE: AIR
RX_ID: 120, Freq: 131.725MHz
Mode: G NACKLabel: H1 Block ID: 2, Msg No: D42A
Flight ID: DL0024 REG: N825MH


Message content:-
#DFBENGINE BLEED REPORT

AID:N1801  DA:09/06    GMT:09:36    FNO: 913      ISFC: 1575
TAT:  35  SAT:-178   ALT: 19436   MACH:0643    FCNT: 1792
GW:312640  FLT:0024-1  MODE:DESC    SID:AK-67-223
S/N L:70700
-------------------------------------------------------[2024-06-09 09:36:57.062]

SOURCE: AIR
RX_ID: 121, Freq: 131.725MHz
Mode: G NACKLabel: H1 Block ID: 4, Msg No: D42C
Flight ID: DL0024 REG: N825MH


Message content:-
#DFB
N1 SPD          5103     5116
HI STG PRESS    6300     6300
INTERM PRESS1    3745     3763
INTERM PRESS2    3972     4064
STRUT OVHT     NRML      NRML
DUCT PRESS       3375     3450
P-COOL TEMP    
-------------------------------------------------------[2024-06-09 09:37:04.229]

SOURCE: AIR
RX_ID: 122, Freq: 131.725MHz
Mode: G NACKLabel: H1 Block ID: 5, Msg No: D42D
Flight ID: DL0024 REG: N825MH


Message content:-
#DFB38019    38213
PACK HX TEMP    38631    38606
PACK FLOW       11803    12600
WING ANTI ICE  ON 
LT  ISO VLV    CLS
RT  ISO VLV    CLS
CTR ISO VLV    OPN

TRIGGER CODE   0000

STATUS WORDS  DW1  DW
-------------------------------------------------------[2024-06-09 09:37:08.768]

SOURCE: AIR
RX_ID: 123, Freq: 131.725MHz
Mode: G NACKLabel: H1 Block ID: 6, Msg No: D42E
Flight ID: DL0024 REG: N825MH


Message content:-
#DFB2  DW3  DW4  DW5  DW6  DW7  DW8  EICAS
LEFT          0000 0001 0000 0000 0000 0060 1040 0000 0000
RIGHT         0000 0001 0000 0000 0000 0060 1040 0000 0000

-------------------------------------------------------[2024-06-09 09:37:13.262]

SOURCE: AIR
RX_ID: 124, Freq: 131.825MHz
Mode: 2 NACKLabel: 24 Block ID: 3, Msg No: M21A
Flight ID: NW0207 REG: N810NW


Message content:-
090924 LIRF KDTW7
/FN 0207
-------------------------------------------------------[2024-06-09 09:41:14.682]

SOURCE: AIR
RX_ID: 125, Freq: 131.725MHz
Mode: G NACKLabel: H1 Block ID: 5, Msg No: D25B
Flight ID: AF9401 REG: F-GRHF


Message content:-
#DFB0,00,8000/N203,00,01,00,01,01,00,00,7990/S10881,0881,0978,8000,3605,3305,0885/S20880,0880,0980,7990,3662,3327,0885/T15270,1215,286,138,----,023,007/T25270,1231,278,138,----,023,005/V110,10,078,156,01,00,000
-------------------------------------------------------[2024-06-09 09:50:32.623]

SOURCE: AIR
RX_ID: 126, Freq: 131.725MHz
Mode: G NACKLabel: H1 Block ID: 6, Msg No: D25C
Flight ID: AF9401 REG: F-GRHF


Message content:-
#DFB00/V210,10,178,222,02,00,00000/V3050,079,1,1,00080,00010,2221/V4049,078,1,1,00060,00010,2221/X114781,0212,099,037,1332/X214718,0207,100,036,1327/
-------------------------------------------------------[2024-06-09 09:50:35.879]

SOURCE: AIR
RX_ID: 127, Freq: 131.825MHz
Mode: 2 NACKLabel: 44 Block ID: 1, Msg No: M86A
Flight ID: GS0000 REG: DAERO


Message content:-
08,suL}Zq```KK=LLv`cLZ}tLZ=uu:ZP=|0ZLaLtZLtvKZYYLtZLLc[`
-------------------------------------------------------[2024-06-09 09:57:57.210]

SOURCE: AIR
RX_ID: 128, Freq: 131.725MHz
Mode: G NACKLabel: B9 Block ID: 8, Msg No: L03A
Flight ID: AF9401 REG: F-GRHF


Message content:-
/LFPG.TI2/064LFPGA3806
-------------------------------------------------------[2024-06-09 10:00:47.635]

SOURCE: AIR
RX_ID: 129, Freq: 131.825MHz
Mode: 2 NACKLabel: 44 Block ID: 2, Msg No: M87A
Flight ID: GS0000 REG: DAERO


Message content:-
09|\L46c+NN8NNG44BhZZc6Z4cGLLjc-GrPc4,4Zc844hc884Zc44158
-------------------------------------------------------[2024-06-09 10:02:56.444]

SOURCE: AIR
RX_ID: 130, Freq: 131.725MHz
Mode: E NACKLabel: H1 Block ID: 3, Msg No: D62B
Flight ID: SN01AQ REG: OO-SFC


Message content:-
#DFB.5,34982,0.824,111
C5,041205,08715,05478,01799,00443,10016,00000,00402,06066,---
C6,041196,05925,33969,01237,00443,10016,00000,00402,16066
N1,1.471,1.472,079.32,086.9,088.5,0644,08.018,03380,09.22
N2,1.
-------------------------------------------------------[2024-06-09 10:03:22.886]

SOURCE: AIR
RX_ID: 131, Freq: 131.725MHz
Mode: G NACKLabel: H1 Block ID: 1, Msg No: D26A
Flight ID: AF9401 REG: F-GRHF


Message content:-
#DFBA31/A31931,1,1/C1F-GRHF,JUN09,094733,LFML,LFPG,0073/C202,00000,8100,03,0011,0,1100,03,X/C30235,00256,---,---,6007,286,C43025/C44344,XXXXX,00256,0235,---/4CN003,---,N0084,060055,---/C5XXXXX,0519,00254,0235,-
-------------------------------------------------------[2024-06-09 10:03:40.916]

SOURCE: AIR
RX_ID: 132, Freq: 131.725MHz
Mode: E NACKLabel: H1 Block ID: 5, Msg No: D62D
Flight ID: SN01AQ REG: OO-SFC


Message content:-
#DFB46.3,0.17,0.05,0.13,130,0.23,007.9
T2,083,102,107.2,003.4,045.8,0.15,0.15,0.06,300,0.25,007.2
V1,0429,0366
V2,0436,0366
NO STABLE FRAME CONDITION   :

-------------------------------------------------------[2024-06-09 10:03:51.961]

SOURCE: AIR
RX_ID: 133, Freq: 131.725MHz
Mode: G NACKLabel: H1 Block ID: 5, Msg No: D26E
Flight ID: AF9401 REG: F-GRHF


Message content:-
#DFB228,228,00129,060091,017/E74348,0530,05354,0112,127/7EN018,240,N0057,059656,022/E84351,0530,06381,0117,142/8E0029,241,00313,060237,017/E94353,0531,07530,0100,112/9E0002,246,00639,060400,018/E04356,0532,0868
-------------------------------------------------------[2024-06-09 10:04:08.164]

SOURCE: AIR
RX_ID: 134, Freq: 131.725MHz
Mode: G NACKLabel: H1 Block ID: 7, Msg No: D26G
Flight ID: AF9401 REG: F-GRHF


Message content:-
#DFB44367,XXXXX,12137,0002,173/4N0001,240,N0113,060599,031/N5XXXXX,0530,13067,N022,173/5NN004,237,N0280,060799,037/N64373,0528,13927,N045,178/6N0000,239,00007,060835,039/N74375,0527,14775,N070,180/7N0000,240,00
-------------------------------------------------------[2024-06-09 10:04:16.359]

SOURCE: AIR
RX_ID: 135, Freq: 131.725MHz
Mode: G NACKLabel: H1 Block ID: 7, Msg No: D26G
Flight ID: AF9401 REG: F-GRHF


Message content:-
#DFB44367,XXXXX,12137,0002,173/4N0001,240,N0113,060599,031/N5XXXXX,0530,13067,N022,173/5NN004,237,N0280,060799,037/N64373,0528,13927,N045,178/6N0000,239,00007,060835,039/N74375,0527,14775,N070,180/7N0000,240,00
-------------------------------------------------------[2024-06-09 10:04:27.400]

SOURCE: AIR
RX_ID: 136, Freq: 131.725MHz
Mode: G NACKLabel: H1 Block ID: 8, Msg No: D26H
Flight ID: AF9401 REG: F-GRHF


Message content:-
#DFB177,060690,038/N84379,0526,15610,N092,185/8NN012,238,N0184,060491,041/N94381,0525,16375,N112,183/9NN006,240,00118,060636,042/N04385,0524,17036,N132,183/0N0003,247,N0037,060599,041/S14388,0522,17389,N137,178
-------------------------------------------------------[2024-06-09 10:04:31.313]

SOURCE: AIR
RX_ID: 137, Freq: 131.725MHz
Mode: G NACKLabel: H1 Block ID: 9, Msg No: D26I
Flight ID: AF9401 REG: F-GRHF


Message content:-
#DFB/1SN006,260,00050,060418,041/S24391,d21,17781,N142,178/2SN043,272,00562,060563,039/S34395,0520,18606,N160,174/3SN005,270,N0382,060527,037/S44398,0518,19365,N185,174/4SN008,271,N0047,060509,041/S54402,0516,
-------------------------------------------------------[2024-06-09 10:04:35.191]

SOURCE: AIR
RX_ID: 138, Freq: 131.725MHz
Mode: G NACKLabel: 2F Block ID: 0, Msg No: M34A
Flight ID: AF9401 REG: F-GRHF


Message content:-
1004+4480+501/3144
-------------------------------------------------------[2024-06-09 10:04:38.042]

SOURCE: AIR
RX_ID: 139, Freq: 131.725MHz
Mode: G NACKLabel: 2F Block ID: 0, Msg No: M34A
Flight ID: AF9401 REG: F-GRHF


Message content:-
1004+4480+501/3144
-------------------------------------------------------[2024-06-09 10:04:50.148]

SOURCE: AIR
RX_ID: 140, Freq: 131.725MHz
Mode: G NACKLabel: H1 Block ID: 1, Msg No: D26J
Flight ID: AF9401 REG: F-GRHF


Message content:-
#DFB20091,N195,174/5SN010,273,00164,060309,036/S64406,0515,20948,N217,170/6SN011,271,N0112,060454,036/S74409,0513,21794,N235,177/7SN007,274,N0023,060436,026/S84413,0511,22634,N255,167/8S0033,269,N0023,060237,02
-------------------------------------------------------[2024-06-09 10:04:53.840]

SOURCE: AIR
RX_ID: 141, Freq: 131.725MHz
Mode: G NACKLabel: H1 Block ID: 2, Msg No: D26K
Flight ID: AF9401 REG: F-GRHF


Message content:-
#DFB8/S94417,0510,23259,N272,161/9S0096,276,00169,060382,021/S04420,XXXXX,24273,N292,172/0SN012,268,N0555,060364,016/T14424,0509,24912,N312,187/1TN015,268,N0356,060345,018/T24428,XXXXX,25331,N325,178/2TN004,271
-------------------------------------------------------[2024-06-09 10:04:58.121]

SOURCE: AIR
RX_ID: 142, Freq: 131.725MHz
Mode: G NACKLabel: H1 Block ID: 3, Msg No: D26L
Flight ID: AF9401 REG: F-GRHF


Message content:-
#DFB,00086,060164,020/T34431,XXXXX,25816,N337,168/3TN007,272,00039,060309,023/T44435,0508,26379,N352,164/4TN003,272,N0046,060291,024/T54440,0507,26918,N365,159/5TN004,272,N0139,060091,025/T64443,XXXXX,27457,N37
-------------------------------------------------------[2024-06-09 10:05:01.594]

SOURCE: AIR
RX_ID: 143, Freq: 131.725MHz
Mode: G NACKLabel: H1 Block ID: 4, Msg No: D26M
Flight ID: AF9401 REG: F-GRHF


Message content:-
#DFB7,153/6TN010,272,00290,060237,025/T74447,0506,28023,N387,150/7TN008,272,00009,060218,025/T84451,0505,28555,N402,148/8TN005,272,N0181,060200,026/T94456,0505,29034,N412,149/9TN007,271,00039,060019,026,/
-------------------------------------------------------[2024-06-09 10:05:05.690]

SOURCE: AIR
RX_ID: 144, Freq: 131.825MHz
Mode: 2 NACKLabel: 44 Block ID: 3, Msg No: M88A
Flight ID: GS0000 REG: DAERO


Message content:-
011*4lSb_'S'~~6llElq(bS?lb644yb\6GcblLl?bAllqbAAl?bllqO?
-------------------------------------------------------[2024-06-09 10:08:14.695]

SOURCE: AIR
RX_ID: 145, Freq: 131.725MHz
Mode: E NACKLabel: H1 Block ID: 6, Msg No: F16A
Flight ID: KL0591 REG: PH-BVN


Message content:-
#M1BPOSN44541E005284,BAL-16,101111,310,KOT-17,101301,RET-18,M43,18813,1874/TS101111,090624/RP:DA:EHAM:AA:FAOR:LO:R0:R:24O:F:KOTIT286-56..RETNO286-64..DOTIG286-50..GIROL286-44..TUPOX286-38..MTG.UN852..DIVKO.UM15
-------------------------------------------------------[2024-06-09 10:11:13.937]

SOURCE: AIR
RX_ID: 146, Freq: 131.725MHz
Mode: E NACKLabel: H1 Block ID: 7, Msg No: F16B
Flight ID: KL0591 REG: PH-BVN


Message content:-
#M1B4..JUSQO..FIRRA..SUXER..KAMER.UM998..CSO.UA605..DJA.UB730..DIR.UM731..RUDAS.UG853..UTRUK..JSV10:A:AVAG2A:AP:ILSZ 03L(03L)/PR6845,284,310,1874,,179,100,,,30,P26,P0,,,,,,,M37/DTFAOR,03L,234,193317,43EA
-------------------------------------------------------[2024-06-09 10:11:18.253]

SOURCE: AIR
RX_ID: 147, Freq: 131.825MHz
Mode: 2 NACKLabel: 44 Block ID: 4, Msg No: M89A
Flight ID: GS0000 REG: DAERO


Message content:-
07*?X.0)Em0.k<]..mm<M)0k.)]XX$) ]Yx).U.k);.;4);;.k)..M+M
-------------------------------------------------------[2024-06-09 10:12:56.518]

SOURCE: AIR
RX_ID: 148, Freq: 131.725MHz
Mode: E NACKLabel: H1 Block ID: 3, Msg No: F17A
Flight ID: KL0591 REG: PH-BVN


Message content:-
#M1BREJPWI,101426,130,112,WD101,KOTIT.130,112,WD101,KOTIT.130,112,WD101,KOTIT.130,112,WD101,KOTIT.130,112,WD101,KOTIT.130,112,WD101,KOTIT.130,112,WD101,KOTIT.130,112,WD101,KOTIT/TS101435,09062492BD
-------------------------------------------------------[2024-06-09 10:14:37.930]

SOURCE: AIR
RX_ID: 149, Freq: 131.825MHz
Mode: 2 NACKLabel: 17 Block ID: 8, Msg No: M21A
Flight ID: NW0113 REG: N802NW


Message content:-
091017 LIRF KBOS7
/FN 0113
PIGOS   10153401757- 5218  50125482
-------------------------------------------------------[2024-06-09 10:16:16.601]

SOURCE: AIR
RX_ID: 150, Freq: 131.725MHz
Mode: E NACKLabel: 20 Block ID: 4, Msg No: M47A
Flight ID: KL0591 REG: PH-BVN


Message content:-
RST07A09102000KLM591  EHAMFAOR
-------------------------------------------------------[2024-06-09 10:20:49.032]

SOURCE: AIR
RX_ID: 151, Freq: 131.725MHz
Mode: E NACKLabel: H1 Block ID: 5, Msg No: D94A
Flight ID: KL0591 REG: PH-BVN


Message content:-
#DFB(POS-KLM591  -4315N00510E/102417 F310
RMK/FUEL  83.4 M0.83)
-------------------------------------------------------[2024-06-09 10:24:19.751]

SOURCE: AIR
RX_ID: 152, Freq: 131.725MHz
Mode: E NACKLabel: 83 Block ID: 5, Msg No: M13A
Flight ID: GS0001 REG: DCSMC


Message content:-
001PR09103801N4505.0E00600.1400435    
-------------------------------------------------------[2024-06-09 10:38:03.678]

SOURCE: AIR
RX_ID: 153, Freq: 131.825MHz
Mode: 2 NACKLabel: H1 Block ID: 5, Msg No: D09E
Flight ID: U283FE REG: G-EZFV


Message content:-
#DFB0000000000000000000000000000/
N200000000000000000000000000000000000/
O190945280000000000000000000000000000/
O290959490000000000000000000000000000/
P190942359095949000000000000000000000/
P29094528910000
-------------------------------------------------------[2024-06-09 10:38:27.815]

SOURCE: AIR
RX_ID: 154, Freq: 131.825MHz
Mode: 2 NACKLabel: B1 Block ID: 9, Msg No: M01A
Flight ID: NW0241 REG: N827NW


Message content:-
/PIKCLXS.OC1/RCL 040
DAL241-ETIKI/1204 M082F360
-RMK/9FA2
-------------------------------------------------------[2024-06-09 10:39:47.069]

SOURCE: AIR
RX_ID: 155, Freq: 131.825MHz
Mode: 2 NACKLabel: B2 Block ID: 2, Msg No: M02A
Flight ID: NW0241 REG: N827NW


Message content:-
/PIKCLYA.OC1/CLA 1042 240609 EGGX CLRNCE 972
DAL241 CLRD TO KBOS VIA ETIKI
RANDOM ROUTE
48N015W 50N020W 52N030W 52N040W 52N050W
TUDEP
FM ETIKI/1204 MNTN F340 M082
ATC/LEVEL CHANGE
END OF MESSAGEB1BF
-------------------------------------------------------[2024-06-09 10:43:28.256]

SOURCE: AIR
RX_ID: 156, Freq: 131.825MHz
Mode: 2 NACKLabel: H1 Block ID: 5, Msg No: F83A
Flight ID: NW0241 REG: N827NW


Message content:-
#M1BRESPWI/AC3,085/TS104848,0906242AF1
-------------------------------------------------------[2024-06-09 10:48:51.223]

SOURCE: AIR
RX_ID: 157, Freq: 131.825MHz
Mode: 2 NACKLabel: SA Block ID: 5, Msg No: S14A
Flight ID: VY05YD REG: EC-LOB


Message content:-
0EV105438V
-------------------------------------------------------[2024-06-09 10:54:40.855]

SOURCE: AIR
RX_ID: 158, Freq: 131.825MHz
Mode: 2 NACKLabel: 16 Block ID: 4, Msg No: M14A
Flight ID: XA4518 REG: 10273


Message content:-
105758,40017,1234,  34,N 43.609 E  7.415
-------------------------------------------------------[2024-06-09 10:57:59.077]

SOURCE: AIR
RX_ID: 159, Freq: 131.825MHz
Mode: 2 NACKLabel: 5U Block ID: 5, Msg No: M15A
Flight ID: XA4518 REG: 10273


Message content:-
LIMC LOWW EPRZ EPWA-FS
-------------------------------------------------------[2024-06-09 10:58:45.158]

SOURCE: AIR
RX_ID: 160, Freq: 131.725MHz
Mode: G NACKLabel: QQ Block ID: 3, Msg No: M01A
Flight ID: UV0001 REG: DCEFE


Message content:-
LFMLLEB 1101
001FE09110135N4325.3E00513.3020150    
-------------------------------------------------------[2024-06-09 11:01:37.670]

SOURCE: AIR
RX_ID: 161, Freq: 131.725MHz
Mode: E NACKLabel: 4H Block ID: 8, Msg No: M36A
Flight ID: DL0025 REG: N840MH


Message content:-
09114H LFMN KATL6
  
WPR RESET 





-------------------------------------------------------[2024-06-09 11:09:00.844]

SOURCE: AIR
RX_ID: 162, Freq: 131.725MHz
Mode: E NACKLabel: H1 Block ID: 2, Msg No: F97A
Flight ID: DL0025 REG: N840MH


Message content:-
#M2BPOSN45010E004317,ETR02,111455,300,NOQ03,111653,LERGA,M40,05115,1244,81070DA
-------------------------------------------------------[2024-06-09 11:14:57.428]

SOURCE: AIR
RX_ID: 163, Freq: 131.725MHz
Mode: 2 NACKLabel: 16 Block ID: 2, Msg No: M42A
Flight ID: XA0001 REG: 9HXOB


Message content:-
(2AAACN43077E  5284LFOP-/O(Z
-------------------------------------------------------[2024-06-09 11:15:35.097]

SOURCE: AIR
RX_ID: 164, Freq: 131.725MHz
Mode: 2 ACK, A2GLabel: 18 Block ID: 6, Msg No: M46A
Flight ID: XA0001 REG: 9HXOB


Message content:-
(2/CLA
-------------------------------------------------------[2024-06-09 11:16:04.795]

SOURCE: AIR
RX_ID: 165, Freq: 131.725MHz
Mode: 2 NACKLabel: 14 Block ID: 8, Msg No: M58A
Flight ID: XA0001 REG: 9HXOB


Message content:-
(2/AOD
-------------------------------------------------------[2024-06-09 11:17:09.086]

SOURCE: AIR
RX_ID: 166, Freq: 131.825MHz
Mode: 2 NACKLabel: H1 Block ID: 1, Msg No: D53A
Flight ID: AA0721 REG: N797AN


Message content:-
#DFBTRP LIRF KCLT 06  8 388   0  0 110533
 42.6108  10.2959282695792004820.0090.005 46.88-144.84171800-35 325OFF
 42.8810   9.8812300005780404940.0220.016 55.88-139.57170640-40 301OFF
 43.0568   9.3983299965
-------------------------------------------------------[2024-06-09 11:17:36.698]

SOURCE: AIR
RX_ID: 167, Freq: 131.825MHz
Mode: 2 NACKLabel: H1 Block ID: 2, Msg No: D53B
Flight ID: AA0721 REG: N797AN


Message content:-
#DFB770804920.0190.014 57.38-144.14169680-41 301OFF
 43.1986   8.9061319995760404830.0280.008 63.13-141.68168640-45 274OFF
 43.3938   8.4418319965751204840.0040.002 65.00-144.49167720-45 275OFF
-------------------------------------------------------[2024-06-09 11:17:44.889]

SOURCE: AIR
RX_ID: 168, Freq: 131.825MHz
Mode: 2 NACKLabel: B6 Block ID: 2, Msg No: F80A
Flight ID: BA0082 REG: G-RAES


Message content:-
/QUKAXBA.ADS.G-RAES071EC5581D6409C427C69D6D35
-------------------------------------------------------[2024-06-09 11:42:27.556]

SOURCE: AIR
RX_ID: 169, Freq: 131.825MHz
Mode: 2 NACKLabel: H1 Block ID: 4, Msg No: F81A
Flight ID: BA0082 REG: G-RAES


Message content:-
#M1BPRG/TS114547,090624/DTEGLL,27R,162,130427,/PR4232,316,400,286,,106,0,,,50,P30,P0,,,,,,,M377310
-------------------------------------------------------[2024-06-09 11:45:50.962]

SOURCE: AIR
RX_ID: 170, Freq: 131.825MHz
Mode: 2 NACKLabel: H1 Block ID: 4, Msg No: F81A
Flight ID: BA0082 REG: G-RAES


Message content:-
#M1BPRG/TS114547,090624/DTEGLL,27R,162,130427,/PR4232,316,400,286,,106,0,,,50,P30,P0,,,,,,,M377310
-------------------------------------------------------[2024-06-09 11:46:14.074]

SOURCE: AIR
RX_ID: 171, Freq: 131.825MHz
Mode: 2 NACKLabel: H1 Block ID: 5, Msg No: O33A
Flight ID: BA0082 REG: G-RAES


Message content:-
#10BSB0122BA_G-RAES  DNAAEGLL651
 44012 0049731147 39998-48022102601020;012017
-------------------------------------------------------[2024-06-09 11:48:53.246]

SOURCE: AIR
RX_ID: 172, Freq: 131.825MHz
Mode: 2 NACKLabel: B9 Block ID: 7, Msg No: M12A
Flight ID: BA0082 REG: G-RAES


Message content:-
046EGLLA
-------------------------------------------------------[2024-06-09 11:54:53.732]

SOURCE: AIR
RX_ID: 173, Freq: 131.825MHz
Mode: 2 NACKLabel: B6 Block ID: 0, Msg No: F82A
Flight ID: BA0082 REG: G-RAES


Message content:-
/QUKAXBA.ADS.G-RAES072020581A9809C474C71DEF3D
-------------------------------------------------------[2024-06-09 11:56:20.164]

SOURCE: AIR
RX_ID: 174, Freq: 131.825MHz
Mode: 2 NACKLabel: H1 Block ID: 1, Msg No: D79A
Flight ID: AA0333 REG: N791AN


Message content:-
#DFBTRP LGAV KJFK 07  8 190   0  0 114447
 42.6319  10.7786320005701204960.0050.003 60.25-133.95152720-42 274OFF
 42.7662  10.2856319985692004930.0060.004 60.25-135.70151800-43 275OFF
 42.9277   9.8008319975
-------------------------------------------------------[2024-06-09 11:56:51.076]

SOURCE: AIR
RX_ID: 175, Freq: 131.825MHz
Mode: 2 NACKLabel: 16 Block ID: 3, Msg No: M90A
Flight ID: AA0333 REG: N791AN


Message content:-
POSA1N44053E  6356,BODRU  ,115536,339,BOD-07 ,120017,,-49, 35,1442,842
-------------------------------------------------------[2024-06-09 11:59:46.435]

SOURCE: AIR
RX_ID: 176, Freq: 131.825MHz
Mode: 2 NACKLabel: H1 Block ID: 5, Msg No: F40A
Flight ID: AA0333 REG: N791AN


Message content:-
#M1BPOSN44265E005324,KOT-08,120456,340,ETR-09,121152,NOQ-10,M49,20619,1430288A
-------------------------------------------------------[2024-06-09 12:04:58.573]

SOURCE: AIR
RX_ID: 177, Freq: 131.525MHz
Mode: T NACKLabel: B9 Block ID: 5, Msg No: L18A
Flight ID: AF7306 REG: F-GMZE


Message content:-
/LFMN.TI2/064LFMNA83AC
-------------------------------------------------------[2024-06-09 12:06:19.441]

SOURCE: AIR
RX_ID: 178, Freq: 131.725MHz
Mode: G NACKLabel: SA Block ID: 3, Msg No: S26A
Flight ID: UA0163 REG: N78001


Message content:-
0EV120733VS
-------------------------------------------------------[2024-06-09 12:07:35.295]

SOURCE: AIR
RX_ID: 179, Freq: 131.825MHz
Mode: 2 NACKLabel: H1 Block ID: 6, Msg No: F41A
Flight ID: AA0333 REG: N791AN


Message content:-
#M1BPOSN44523E004277,ETR-11,121128,340,NOQ-12,121332,LER-13,M49,35928,1411D578
-------------------------------------------------------[2024-06-09 12:11:30.804]

SOURCE: AIR
RX_ID: 180, Freq: 131.825MHz
Mode: 2 NACKLabel: H1 Block ID: 8, Msg No: D80B
Flight ID: AA0333 REG: N791AN


Message content:-
#DFB638404910.0090.003 62.25-153.98146440-45 274OFF
 43.8308   6.7944339775627204930.0230.005 56.75-149.77145320-48 250OFF
 44.0579   6.3281340005618804900.0100.004 32.25-144.49144480-49 250OFF
-------------------------------------------------------[2024-06-09 12:11:58.270]

SOURCE: AIR
RX_ID: 181, Freq: 131.525MHz
Mode: T NACKLabel: 2F Block ID: 1, Msg No: M83A
Flight ID: AF7306 REG: F-GMZE


Message content:-
1212+4456+497/3455
-------------------------------------------------------[2024-06-09 12:12:15.020]

SOURCE: AIR
RX_ID: 182, Freq: 131.825MHz
Mode: 2 NACKLabel: H1 Block ID: 9, Msg No: F42A
Flight ID: AA0333 REG: N791AN


Message content:-
#M1BPOSN44583E004061,NOQ-12,121332,340,LER-13,121604,FOU-14,M50,35126,1406145D
-------------------------------------------------------[2024-06-09 12:13:34.724]

SOURCE: AIR
RX_ID: 183, Freq: 131.525MHz
Mode: T NACKLabel: 2Z Block ID: 2, Msg No: M84A
Flight ID: AF7306 REG: F-GMZE


Message content:-
LFMN
-------------------------------------------------------[2024-06-09 12:14:02.553]

SOURCE: AIR
RX_ID: 184, Freq: 131.525MHz
Mode: T NACKLabel: 26 Block ID: 4, Msg No: M85A
Flight ID: AF7306 REG: F-GMZE


Message content:-
1221LFPGAF7306/091236LFMN04L
-------------------------------------------------------[2024-06-09 12:21:03.235]

SOURCE: AIR
RX_ID: 185, Freq: 131.725MHz
Mode: X NACKLabel: SA Block ID: 6, Msg No: S02A
Flight ID: DL0029 REG: N825MH


Message content:-
0EV122817VS
-------------------------------------------------------[2024-06-09 12:28:29.656]

SOURCE: AIR
RX_ID: 186, Freq: 131.825MHz
Mode: 2 NACKLabel: 16 Block ID: 3, Msg No: M57A
Flight ID: FR3631 REG: 9H-QCC


Message content:-
123302,,1253,  87,N   .    MMMM.MMM
-------------------------------------------------------[2024-06-09 12:33:03.677]

SOURCE: AIR
RX_ID: 187, Freq: 131.525MHz
Mode: T NACKLabel: 2Z Block ID: 7, Msg No: M63A
Flight ID: AF9400 REG: F-GRHF


Message content:-
LFML
-------------------------------------------------------[2024-06-09 12:58:02.937]

SOURCE: AIR
RX_ID: 188, Freq: 131.525MHz
Mode: T NACKLabel: 2F Block ID: 8, Msg No: M64A
Flight ID: AF9400 REG: F-GRHF


Message content:-
1302+4464+446/2347
-------------------------------------------------------[2024-06-09 13:02:15.269]

SOURCE: AIR
RX_ID: 189, Freq: 131.725MHz
Mode: E NACKLabel: H1 Block ID: 2, Msg No: D41A
Flight ID: AF9400 REG: F-GRHF


Message content:-
#DFBA01/A31901,1,1/CCF-GRHF,JUN09,123958,LFPG,LFML,0071/C106,01604,5000,53,0010,0,0100,53,X/CEN320,34994,241,717,5731,271,C43025/EC645937,00211,01165,00157,73,11/EE645936,00211,01354,00157,73/N10802,0802,0903,5
-------------------------------------------------------[2024-06-09 13:10:42.441]

SOURCE: AIR
RX_ID: 190, Freq: 131.725MHz
Mode: E NACKLabel: H1 Block ID: 3, Msg No: D41B
Flight ID: AF9400 REG: F-GRHF


Message content:-
#DFB590,1040,XXXXX/N20802,0802,0906,5578,1047,XXXXX/S1XXXXX,0504,1104,3883,XXXX,034,N00/S2XXXXX,0517,1121,3882,XXXX,032,000/T1099,100,022,36,091,04917,0141/T2099,100,014,39,075,04966,0141/V108,04,104,205,01,00,
-------------------------------------------------------[2024-06-09 13:10:46.353]

SOURCE: AIR
RX_ID: 191, Freq: 131.725MHz
Mode: E NACKLabel: H1 Block ID: 4, Msg No: D41C
Flight ID: AF9400 REG: F-GRHF


Message content:-
#DFB00000/V208,08,141,254,03,00,00000/V3XX,XX,XXX,XXX,XXXX/V4XX,XX,XXX,XXX,XXXX/V5XX,XX,XXX,XXX,XXXX/V6XX,XX,XXX,XXX,XXXX/V7037,090,00061,22222222222111/V8036,088,00081,22222222222111,/
-------------------------------------------------------[2024-06-09 13:10:49.609]

SOURCE: AIR
RX_ID: 192, Freq: 131.725MHz
Mode: E NACKLabel: H1 Block ID: 5, Msg No: D42A
Flight ID: AF9400 REG: F-GRHF


Message content:-
#DFBA02/A31902,1,1/CCF-GRHF,JUN09,123958,LFPG,LFML,0071/C106,01701,5000,53,0010,0,0100,53,X/CEN318,34997,242,719,5735,271,C43025/CNN316,34993,241,718,5724,271/EC645937,00211,01165,00157,73,17,11/EE645936,00211,
-------------------------------------------------------[2024-06-09 13:11:16.451]

SOURCE: AIR
RX_ID: 193, Freq: 131.725MHz
Mode: E NACKLabel: H1 Block ID: 6, Msg No: D42B
Flight ID: AF9400 REG: F-GRHF


Message content:-
#DFB01354,00157,73/N10802,0802,0903,5590,1040,XXXXX/N20802,0802,0906,5578,1047,XXXXX/S1XXXXX,0504,1104,3883,XXXX,034,N00/S2XXXXX,0517,1121,3882,XXXX,032,000/T1099,100,022,36,091,04917,0141/T2099,100,014,39,075,
-------------------------------------------------------[2024-06-09 13:11:19.927]

SOURCE: AIR
RX_ID: 194, Freq: 131.725MHz
Mode: E NACKLabel: H1 Block ID: 7, Msg No: D42C
Flight ID: AF9400 REG: F-GRHF


Message content:-
#DFB04966,0141/V108,04,104,205,01,00,00000/V208,08,141,254,03,00,00000/V3XX,XX,XXX,XXX,XXXX/V4XX,XX,XXX,XXX,XXXX/V5XX,XX,XXX,XXX,XXXX/V6XX,XX,XXX,XXX,XXXX/V7037,090,00061,22222222222111/V8036,088,00081,22222222
-------------------------------------------------------[2024-06-09 13:11:23.839]

SOURCE: AIR
RX_ID: 195, Freq: 131.725MHz
Mode: E NACKLabel: H1 Block ID: 8, Msg No: D42D
Flight ID: AF9400 REG: F-GRHF


Message content:-
#DFB222111/X101993,N004,0030,N000,00008,N003/X201981,0000,0030,N000,00008,N002/X3N002,N000,N008,N002,N011,N003,N000/X40000,N000,N000,0000,0000,0000/X50000,N000,0000,N002,0000,0000/X61688,E0029,N470,041,260,0184
-------------------------------------------------------[2024-06-09 13:11:39.785]

SOURCE: AIR
RX_ID: 196, Freq: 131.725MHz
Mode: E NACKLabel: H1 Block ID: 9, Msg No: D42E
Flight ID: AF9400 REG: F-GRHF


Message content:-
#DFB,XXXX/X71688,E0029,N470,042,259,0178,0975,/
-------------------------------------------------------[2024-06-09 13:11:42.675]

SOURCE: AIR
RX_ID: 197, Freq: 131.725MHz
Mode: E NACKLabel: 26 Block ID: 0, Msg No: M66A
Flight ID: AF9400 REG: F-GRHF


Message content:-
1315LFPGAF9400/091320LFML13L
-------------------------------------------------------[2024-06-09 13:15:24.481]

SOURCE: AIR
RX_ID: 198, Freq: 131.725MHz
Mode: E NACKLabel: 26 Block ID: 0, Msg No: M66A
Flight ID: AF9400 REG: F-GRHF


Message content:-
1315LFPGAF9400/091320LFML13L
-------------------------------------------------------[2024-06-09 13:15:43.317]

SOURCE: AIR
RX_ID: 199, Freq: 131.725MHz
Mode: E NACKLabel: 2F Block ID: 1, Msg No: M67A
Flight ID: AF9400 REG: F-GRHF


Message content:-
1317+4353+507/0243
-------------------------------------------------------[2024-06-09 13:17:16.503]

SOURCE: AIR
RX_ID: 200, Freq: 131.725MHz
Mode: E NACKLabel: 2F Block ID: 1, Msg No: M67A
Flight ID: AF9400 REG: F-GRHF


Message content:-
1317+4353+507/0243
-------------------------------------------------------[2024-06-09 13:17:26.122]

SOURCE: AIR
RX_ID: 201, Freq: 131.725MHz
Mode: E NACKLabel: 2F Block ID: 1, Msg No: M67A
Flight ID: AF9400 REG: F-GRHF


Message content:-
1317+4353+507/0243
-------------------------------------------------------[2024-06-09 13:17:38.192]

SOURCE: AIR
RX_ID: 202, Freq: 131.725MHz
Mode: G NACKLabel: 2F Block ID: 1, Msg No: M67A
Flight ID: AF9400 REG: F-GRHF


Message content:-
1317+4353+507/0243
-------------------------------------------------------[2024-06-09 13:17:47.006]

SOURCE: AIR
RX_ID: 203, Freq: 131.825MHz
Mode: 2 NACKLabel: 4T Block ID: 8, Msg No: M07A
Flight ID: AC0891 REG: C-FIUR


Message content:-
AGFSR AC0891/09/09/FCOYYZ/1359Z/735/4430.1N00523.8E/319/CRUISE/0739/0115/M46/046004/0304/---/491/1229/1313/----/----
-------------------------------------------------------[2024-06-09 13:59:41.346]

SOURCE: AIR
RX_ID: 204, Freq: 131.525MHz
Mode: T NACKLabel: 2F Block ID: 5, Msg No: M05A
Flight ID: AF7307 REG: F-GMZE


Message content:-
1409+4453+640/2958
-------------------------------------------------------[2024-06-09 14:09:52.649]

SOURCE: AIR
RX_ID: 205, Freq: 131.525MHz
Mode: 2 NACKLabel: B9 Block ID: 7, Msg No: L22A
Flight ID: AF7307 REG: F-GMZE


Message content:-
/LFLL.TI2/064LFLLAD2FE
-------------------------------------------------------[2024-06-09 14:16:33.873]

SOURCE: AIR
RX_ID: 206, Freq: 131.725MHz
Mode: X NACKLabel: H1 Block ID: 6, Msg No: D14A
Flight ID: DL0149 REG: N833MH


Message content:-
#DFB/WX02EN09LIRFKJFK
N43721E00717614212990M4321980340XXXX21::309B(
N43758E00700114222989M4271930280XXXX21::30YY(
N43791E00682514232989M4252140200XXXX21::30PSZ
N43824E00664814242989M4172120190XXXX21::30PSZ
-------------------------------------------------------[2024-06-09 14:26:21.326]

SOURCE: AIR
RX_ID: 207, Freq: 131.725MHz
Mode: X NACKLabel: H1 Block ID: 7, Msg No: D14B
Flight ID: DL0149 REG: N833MH


Message content:-
#DFB
N43855E00647214252988M4102320170XXXX21::B07GX
N43886E00629614262988M4072450170XXXX2100B0IH-

-------------------------------------------------------[2024-06-09 14:26:24.803]

SOURCE: AIR
RX_ID: 208, Freq: 131.725MHz
Mode: X NACKLabel: H1 Block ID: 7, Msg No: D14B
Flight ID: DL0149 REG: N833MH


Message content:-
#DFB
N43855E00647214252988M4102320170XXXX21::B07GX
N43886E00629614262988M4072450170XXXX2100B0IH-

-------------------------------------------------------[2024-06-09 14:26:34.422]

SOURCE: AIR
RX_ID: 209, Freq: 131.725MHz
Mode: X NACKLabel: 83 Block ID: 4, Msg No: M12A
Flight ID: GS0001 REG: DCSMC


Message content:-
001PR09144038N4414.3E00511.1379428    
-------------------------------------------------------[2024-06-09 14:40:40.884]

SOURCE: AIR
RX_ID: 210, Freq: 131.725MHz
Mode: 2 NACKLabel: H1 Block ID: 3, Msg No: F07A
Flight ID: XA0000 REG: IWLFZ


Message content:-
#M1B/.RESREQ/AK,115/TS150347,090624
-------------------------------------------------------[2024-06-09 15:03:45.528]

SOURCE: AIR
RX_ID: 211, Freq: 131.725MHz
Mode: 2 NACKLabel: H1 Block ID: 4, Msg No: F08A
Flight ID: XA0000 REG: IWLFZ


Message content:-
#M1B/.POS/TS150347,090624N44003E007224,,150347,410,VATIR,152647,PIVUS,M50,23132,189,8500A07
-------------------------------------------------------[2024-06-09 15:03:49.844]

SOURCE: AIR
RX_ID: 212, Freq: 131.725MHz
Mode: 2 NACKLabel: 5U Block ID: 5, Msg No: M09A
Flight ID: XA0000 REG: IWLFZ


Message content:-
001AF   LEIB      N4345.2E00641.8410
-------------------------------------------------------[2024-06-09 15:07:55.203]

SOURCE: AIR
RX_ID: 213, Freq: 131.825MHz
Mode: 2 NACKLabel: H1 Block ID: 0, Msg No: C04A
Flight ID: VY07LU REG: EC-KLB


Message content:-
#CFBWRN/WN24060915120046200006DATALINK ATC FAULT      
-------------------------------------------------------[2024-06-09 15:12:40.863]

SOURCE: AIR
RX_ID: 214, Freq: 131.825MHz
Mode: 2 NACKLabel: H1 Block ID: 1, Msg No: C05A
Flight ID: VY07LU REG: EC-KLB


Message content:-
#CFBWRN/WN24060915120046200006DATALINK COMPANY FAULT  
-------------------------------------------------------[2024-06-09 15:12:46.788]

SOURCE: AIR
RX_ID: 215, Freq: 131.725MHz
Mode: 2 NACKLabel: H1 Block ID: 9, Msg No: F23A
Flight ID: XA0000 REG: IWLFZ


Message content:-
#M1B/.POS/TS151417,090624N43155E005454,,151417,410,PIVUS,152817,SULID,M49,25822,183,85010CC
-------------------------------------------------------[2024-06-09 15:14:19.607]

SOURCE: AIR
RX_ID: 216, Freq: 131.825MHz
Mode: 2 NACKLabel: H1 Block ID: 8, Msg No: F11A
Flight ID: VY07LU REG: EC-KLB


Message content:-
#M1BRESPWI/RJ,302A18B
-------------------------------------------------------[2024-06-09 15:17:57.060]

SOURCE: AIR
RX_ID: 217, Freq: 131.825MHz
Mode: 2 NACKLabel: H1 Block ID: 8, Msg No: F11A
Flight ID: VY07LU REG: EC-KLB


Message content:-
#M1BRESPWI/RJ,302A18B
-------------------------------------------------------[2024-06-09 15:18:13.846]

SOURCE: AIR
RX_ID: 218, Freq: 131.825MHz
Mode: 2 NACKLabel: H1 Block ID: 9, Msg No: C06A
Flight ID: VY07LU REG: EC-KLB


Message content:-
#CFBWRN/WN24060915170046200006DATALINK ATC FAULT      
-------------------------------------------------------[2024-06-09 15:18:19.807]

SOURCE: AIR
RX_ID: 219, Freq: 131.825MHz
Mode: 2 NACKLabel: H1 Block ID: 9, Msg No: C06A
Flight ID: VY07LU REG: EC-KLB


Message content:-
#CFBWRN/WN24060915170046200006DATALINK ATC FAULT      
-------------------------------------------------------[2024-06-09 15:18:38.422]

SOURCE: AIR
RX_ID: 220, Freq: 131.825MHz
Mode: 2 NACKLabel: 16 Block ID: 0, Msg No: M39A
Flight ID: XA4518 REG: 10273


Message content:-
152807,40995,1640,  17,N 43.456 E  6.004
-------------------------------------------------------[2024-06-09 15:28:09.416]

SOURCE: AIR
RX_ID: 221, Freq: 131.725MHz
Mode: 2 NACKLabel: H1 Block ID: 9, Msg No: F62A
Flight ID: XA0000 REG: DAFAO


Message content:-
#M1B/ARINCXA.REQPWI/TS160639,090624/GAARINCXA/WQ430.410.450.470:KINNI.SOSAL.KORED.BERSU.DITON.LOKTA.TEDGO.TIKNI.GAPLA.TAMEB.WEMAR.RELKO.NAMUB.NOTGO.RUDAKC54D
-------------------------------------------------------[2024-06-09 16:07:08.539]

SOURCE: AIR
RX_ID: 222, Freq: 131.725MHz
Mode: 2 NACKLabel: H1 Block ID: 6, Msg No: F69A
Flight ID: XA0000 REG: DAFAO


Message content:-
#M1B/ARINCXA.RESPWI/AK,071/TS160709,090624/GAARINCXA
-------------------------------------------------------[2024-06-09 16:07:38.015]

SOURCE: AIR
RX_ID: 223, Freq: 131.725MHz
Mode: E NACKLabel: 83 Block ID: 4, Msg No: M02A
Flight ID: XA0001 REG: CEPL21


Message content:-
001PR09162432N4522.3E00559.3368422    
-------------------------------------------------------[2024-06-09 16:24:39.359]

SOURCE: AIR
RX_ID: 224, Freq: 131.825MHz
Mode: 2 NACKLabel: 44 Block ID: 9, Msg No: M35A
Flight ID: GS0000 REG: DAERO


Message content:-
02N;E,0Irm000mX,,]-QmI0A,IvkX;IXOv*I,9,)I39-]I3]QAI,33T0
-------------------------------------------------------[2024-06-09 16:27:42.437]

SOURCE: AIR
RX_ID: 225, Freq: 131.825MHz
Mode: 2 NACKLabel: 44 Block ID: 0, Msg No: M36A
Flight ID: GS0000 REG: DAERO


Message content:-
03m0>xJqL--x-9+xxeDeVqJ9xq!O+0q+o!1qxexVqteJ(qtPDtqxtt$t
-------------------------------------------------------[2024-06-09 16:32:41.631]

SOURCE: AIR
RX_ID: 226, Freq: 131.725MHz
Mode: G NACKLabel: H1 Block ID: 7, Msg No: C11A
Flight ID: AF6007 REG: F-GRHF


Message content:-
#CFBFLR/FR24060917210030310005SDAC1:NO DATA FROM      PHC2/IDECAM 1,ECAM 2
-------------------------------------------------------[2024-06-09 17:22:23.793]

SOURCE: AIR
RX_ID: 227, Freq: 131.825MHz
Mode: 2 NACKLabel: H1 Block ID: 7, Msg No: F19A
Flight ID: EK001L REG: A6-EGI


Message content:-
#M1BPRG/DTKEWR,22L,151,252447,046A937
-------------------------------------------------------[2024-06-09 17:28:15.393]

SOURCE: AIR
RX_ID: 228, Freq: 131.825MHz
Mode: 2 NACKLabel: H1 Block ID: 8, Msg No: O21A
Flight ID: EK001L REG: A6-EGI


Message content:-
#10BSB0121BA_A6-EGI  LGAVKEWR1
 43913 0064491724 33565-47031603309805Z027031
 43860 0062831725 34003-4903190310PGPSZ048071
 43823 0061101726 34005-4903150240O0HMY117170
 43786 0059361727 34010-5003340290GP/
-------------------------------------------------------[2024-06-09 17:29:57.795]

SOURCE: AIR
RX_ID: 229, Freq: 131.850MHz
Mode: 2 NACKLabel: H1 Block ID: 0, Msg No: F20A
Flight ID: EK001L REG: A6-EGI


Message content:-
#M1B     PRG/DTKEWR,22L,164,251946,B9B5
-------------------------------------------------------[2024-06-09 17:30:10.887]

SOURCE: AIR
RX_ID: 230, Freq: 131.825MHz
Mode: 2 NACKLabel: B6 Block ID: 1, Msg No: F21A
Flight ID: EK001L REG: A6-EGI


Message content:-
/DXBEGEK.ADS.A6-EGI071EFDD81CA3C84CDF1B9D2879
-------------------------------------------------------[2024-06-09 17:33:12.761]

SOURCE: AIR
RX_ID: 231, Freq: 131.725MHz
Mode: G NACKLabel: H1 Block ID: 9, Msg No: D54A
Flight ID: AF6007 REG: F-GRHF


Message content:-
#DFBA31/A31931,1,1/C1F-GRHF,JUN09,171833,LFML,LFPO,0023/C202,00000,8100,46,0011,0,1100,46,X/C30192,00247,034,---,6032,276,C43025/C44344,0520,00246,0190,---/4CN005,034,00012,060327,---/C54344,0520,00247,0187,---
-------------------------------------------------------[2024-06-09 17:34:42.725]

SOURCE: AIR
RX_ID: 232, Freq: 131.725MHz
Mode: G NACKLabel: H1 Block ID: 0, Msg No: D54B
Flight ID: AF6007 REG: F-GRHF


Message content:-
#DFB/5CN012,030,N0236,060309,---/C6XXXXX,XXXXX,00247,0192,---/6CN004,---,N0028,060218,---/C7XXXXX,XXXXX,00246,0190,---/7CN004,---,00032,060309,---/C8XXXXX,0519,00248,0190,---/8CN003,---,00014,060309,---/C94344,
-------------------------------------------------------[2024-06-09 17:34:46.604]

SOURCE: AIR
RX_ID: 233, Freq: 131.725MHz
Mode: G NACKLabel: H1 Block ID: 1, Msg No: D54C
Flight ID: AF6007 REG: F-GRHF


Message content:-
#DFBXXXXX,00246,0190,---/9C0001,---,00084,060200,---/C0XXXXX,0519,00256,0190,---/0C0000,038,00015,060291,---/E14343,0520,00264,0177,340/1E0001,123,N0046,060291,004/E24342,0521,00510,0177,332/2EN010,169,00447,06
-------------------------------------------------------[2024-06-09 17:34:50.917]

SOURCE: AIR
RX_ID: 234, Freq: 131.725MHz
Mode: G NACKLabel: H1 Block ID: 2, Msg No: D54D
Flight ID: AF6007 REG: F-GRHF


Message content:-
#DFB0237,003/E3XXXXX,0523,01364,0180,235/3EN159,170,N0093,060218,003/E4XXXXX,0525,02412,0162,182/4EN052,165,N0269,060472,005/E54342,0527,03311,0147,180/5EN175,163,N0817,060436,007/E64343,0528,03826,0137,186/6EN
-------------------------------------------------------[2024-06-09 17:34:54.610]

SOURCE: AIR
RX_ID: 235, Freq: 131.725MHz
Mode: G NACKLabel: H1 Block ID: 3, Msg No: D54E
Flight ID: AF6007 REG: F-GRHF


Message content:-
#DFB272,184,N0081,059983,006/E74345,0528,04276,0132,141/7EN026,207,00477,060382,012/E84347,0527,05083,0115,144/8E0010,221,00490,060345,009/E94349,0526,06095,0095,140/9E0149,225,N0047,060327,008/E04351,0526,0718
-------------------------------------------------------[2024-06-09 17:34:58.087]

SOURCE: AIR
RX_ID: 236, Freq: 131.725MHz
Mode: G NACKLabel: H1 Block ID: 4, Msg No: D54F
Flight ID: AF6007 REG: F-GRHF


Message content:-
#DFB1,0080,176/0E0035,215,N0114,060019,012/N14354,0526,07908,0062,175/1NN012,228,00494,060581,011/N24356,0526,08911,0042,223/2N0020,231,00096,060872,009/N34359,0527,09920,0017,164/3N0071,229,00336,060654,011/N4
-------------------------------------------------------[2024-06-09 17:35:01.781]

SOURCE: AIR
RX_ID: 237, Freq: 131.725MHz
Mode: G NACKLabel: H1 Block ID: 5, Msg No: D54G
Flight ID: AF6007 REG: F-GRHF


Message content:-
#DFB4361,XXXXX,10927,0002,145/4NN001,232,00186,061053,008/N54364,0528,11943,N022,164/5N0008,225,N0109,060962,010/N64367,0528,12793,N037,161/6NN011,228,00137,061216,012/N74369,0530,13599,N052,211/7N0043,240,N082
-------------------------------------------------------[2024-06-09 17:35:05.254]

SOURCE: AIR
RX_ID: 238, Freq: 131.725MHz
Mode: G NACKLabel: H1 Block ID: 6, Msg No: D54H
Flight ID: AF6007 REG: F-GRHF


Message content:-
#DFB6,061216,010/N84372,0530,13937,N055,255/8N0002,248,N0134,061380,004/N94375,0531,14016,N052,305/9N0004,247,00031,061361,004/N04378,0532,14063,N055,241/0NN013,245,00784,061144,003/S14380,0533,14613,N065,074/1
-------------------------------------------------------[2024-06-09 17:35:09.131]

SOURCE: AIR
RX_ID: 239, Freq: 131.725MHz
Mode: G NACKLabel: H1 Block ID: 7, Msg No: D54I
Flight ID: AF6007 REG: F-GRHF


Message content:-
#DFBSN013,250,00599,061325,002/S24383,0533,15531,N082,010/2S0003,251,N0007,061307,005/S34386,XXXXX,16511,N100,000/3SN251,251,00311,061289,013/S44389,0533,17357,N120,336/4SN267,253,00255,061053,013/S54391,0531,1
-------------------------------------------------------[2024-06-09 17:35:13.042]

SOURCE: AIR
RX_ID: 240, Freq: 131.725MHz
Mode: G NACKLabel: H1 Block ID: 8, Msg No: D54J
Flight ID: AF6007 REG: F-GRHF


Message content:-
#DFB8308,N137,326/5S0000,248,N0522,061234,020/S64393,0528,18899,N147,326/6SN000,247,N0345,061216,024/S74396,0526,19291,N157,324/7SN003,246,00125,060999,022/S84398,0523,20096,N165,320/8S0004,250,N0139,061180,031
-------------------------------------------------------[2024-06-09 17:35:16.702]

SOURCE: AIR
RX_ID: 241, Freq: 131.725MHz
Mode: G NACKLabel: H1 Block ID: 9, Msg No: D54K
Flight ID: AF6007 REG: F-GRHF


Message content:-
#DFB/S94400,0521,20856,N180,314/9SN001,247,N0203,061144,028/S04402,0518,21457,N192,331/0SN022,251,00303,061126,030/T14404,0515,22169,N205,343/1TN011,247,N0419,060908,028/T24407,0513,22735,N227,346/2TN006,251,00
-------------------------------------------------------[2024-06-09 17:35:20.394]

SOURCE: AIR
RX_ID: 242, Freq: 131.725MHz
Mode: G NACKLabel: H1 Block ID: 0, Msg No: D54L
Flight ID: AF6007 REG: F-GRHF


Message content:-
#DFB009,061089,030/T34409,0510,23365,N242,349/3TN009,252,00274,061071,033/T44411,0507,24222,N252,342/4T0009,244,N0416,060835,033/T54414,0504,25092,N280,338/5T0011,240,N0191,061017,034/T64416,0502,25658,N297,339
-------------------------------------------------------[2024-06-09 17:35:24.490]

SOURCE: AIR
RX_ID: 243, Freq: 131.725MHz
Mode: G NACKLabel: 2F Block ID: 2, Msg No: M83A
Flight ID: AF6007 REG: F-GRHF


Message content:-
1736+4447+479/3153
-------------------------------------------------------[2024-06-09 17:36:13.020]

SOURCE: AIR
RX_ID: 244, Freq: 131.825MHz
Mode: 2 NACKLabel: H1 Block ID: 2, Msg No: O22A
Flight ID: EK001L REG: A6-EGI


Message content:-
#10BSB0122BA_A6-EGI  LGAVKEWR625
 43769 0043011737 34001-5003040260907GX019025
-------------------------------------------------------[2024-06-09 17:38:56.277]

SOURCE: AIR
RX_ID: 245, Freq: 131.725MHz
Mode: G NACKLabel: B9 Block ID: 3, Msg No: L13A
Flight ID: AF6007 REG: F-GRHF


Message content:-
/LFPO.TI2/064LFPOAB1AF
-------------------------------------------------------[2024-06-09 17:43:08.220]

SOURCE: AIR
RX_ID: 246, Freq: 131.825MHz
Mode: 2 NACKLabel: H1 Block ID: 3, Msg No: D14A
Flight ID: BA0371 REG: G-EUUO


Message content:-
#DFBA320,010124,1,1,TB000000/REP993,00,00,1/ACID    ACTYPE  DATE    TIME
G-EUUO  A320    090624  19:21:29
BA ACMS SOFTWARE LOADED
D10SAIA05C0BA19           .02.19
REQUEST 74 ACTIONED
DARFLG1 NO 
QARFLG1 N
-------------------------------------------------------[2024-06-09 19:22:17.870]

SOURCE: AIR
RX_ID: 247, Freq: 131.850MHz
Mode: 2 NACKLabel: H1 Block ID: 4, Msg No: D14B
Flight ID: BA0371 REG: G-EUUO


Message content:-
#DFBO 
GWLP    66000
0ACTYPE 1
ACTYPE  A320

-------------------------------------------------------[2024-06-09 19:22:23.355]

SOURCE: AIR
RX_ID: 248, Freq: 131.725MHz
Mode: 2 NACKLabel: 15 Block ID: 7, Msg No: M06A
Flight ID: XA0001 REG: 9H777MF


Message content:-
(2N44085E  5308--- 24----48(Z
-------------------------------------------------------[2024-06-09 19:43:00.027]

SOURCE: AIR
RX_ID: 249, Freq: 131.725MHz
Mode: 2 NACKLabel: 20 Block ID: 7, Msg No: M15A
Flight ID: ZD0000 REG: OEGZK


Message content:-
POSN44368E004429,,200625,351,AMFOU    ,001149,,N52,3249,38,436
-------------------------------------------------------[2024-06-09 20:06:27.641]

SOURCE: AIR
RX_ID: 250, Freq: 131.725MHz
Mode: E NACKLabel: H1 Block ID: 2, Msg No: D12B
Flight ID: 7L0273 REG: 4KSW800


Message content:-
#DFB832290.52285
R-18.25033990.832290.62285
C-18.00034025.833290.8
11.4191.419083.2089.1083.00461.055.81685980205052.3
21.4191.419083.9089.6083.30468.556.07691600209451.7
31.4191.419083.9088.2083.00468.055
-------------------------------------------------------[2024-06-09 20:13:22.583]

SOURCE: AIR
RX_ID: 251, Freq: 131.725MHz
Mode: E NACKLabel: H1 Block ID: 3, Msg No: D12C
Flight ID: 7L0273 REG: 4KSW800


Message content:-
#DFB.72700460210552.8
41.4191.419083.8088.3082.80471.555.06697480210851.8
10.920.450.720.22274012106817.0
20.610.520.150.17273011906719.8
30.880.440.650.09189011407018.5
40.600.070.390.07018011407220.3
1 
-------------------------------------------------------[2024-06-09 20:13:26.865]

SOURCE: AIR
RX_ID: 252, Freq: 131.725MHz
Mode: E NACKLabel: H1 Block ID: 4, Msg No: D12D
Flight ID: 7L0273 REG: 4KSW800


Message content:-
#DFB13786014-17.903.6305.730127.108.066
2 13331014-17.903.6305.740129.508.125
3 13771014-17.903.6305.734128.908.109
4 13777015-17.903.6305.727129.108.105
1ERROPENA  NORM2525OFF005030010.90
2IP OPENA  NORM.
-------------------------------------------------------[2024-06-09 20:13:31.181]

SOURCE: AIR
RX_ID: 253, Freq: 131.725MHz
Mode: E NACKLabel: H1 Block ID: 6, Msg No: D12F
Flight ID: 7L0273 REG: 4KSW800


Message content:-
#DFB00.037OFFOFF
002.000.005-0.015-0.05407.0
LN43438E00137700580058.5001.80060.3-0.00200.000-0.005
RN43433E00137600580058.6001.80060.3-0.004-0.001-0.002
CN43439E00137600580058.5001.90060.4-0.003-0.001-0.004
-------------------------------------------------------[2024-06-09 20:13:39.151]

SOURCE: AIR
RX_ID: 254, Freq: 131.725MHz
Mode: E NACKLabel: H1 Block ID: 8, Msg No: D12H
Flight ID: 7L0273 REG: 4KSW800


Message content:-
#DFB.0
RO-00.3001.700.0

-------------------------------------------------------[2024-06-09 20:13:45.697]

SOURCE: AIR
RX_ID: 255, Freq: 131.825MHz
Mode: 2 NACKLabel: H1 Block ID: 5, Msg No: F05A
Flight ID: QY0422 REG: D-ALES


Message content:-
#M1BPOSN45109E003582,,230937,390,PPN,235157,PITUL,M54,26241,253,7826835
-------------------------------------------------------[2024-06-09 23:09:39.722]

SOURCE: AIR
RX_ID: 256, Freq: 131.825MHz
Mode: 2 NACKLabel: H1 Block ID: 6, Msg No: D00A
Flight ID: QY0422 REG: D-ALES


Message content:-
#DFBSTABLE CRUISE REPORT

APM     D-ALES          QYXXXXXXDEPXDESX090624231520,757-200,
PW2037,.779,.779,,240.0,240.0,,-28.50,-28.50,,39005,39005,,
179600,179600,,3168,3168,,,1.250,1.244,,,0,409,409,,0,0,,0
-------------------------------------------------------[2024-06-09 23:15:39.785]

SOURCE: AIR
RX_ID: 257, Freq: 131.825MHz
Mode: 2 NACKLabel: H1 Block ID: 7, Msg No: D00B
Flight ID: QY0422 REG: D-ALES


Message content:-
#DFB,0,,
0,0,0,0,0,0,,,0,0,,,,,-117.4,-117.4,, -1.9, -1.9,,0,0,,0,0,
,,,0,0,    0,12556,12356,,,,,0,0,0,,,0,0,0,,,0,0,,0,0,,0,0,,
0,0,0,,,,,0,0,0,,,0,0,0,

CREATED BY AVIONIC ENGINEERING

-------------------------------------------------------[2024-06-09 23:15:45.704]

