SOURCE: AIR
RX_ID: 395, Freq: 131.725MHz
Mode: G NACKLabel: 28 Block ID: 2, Msg No: M16A
Flight ID: SN039G REG: OO-SFG


Message content:-
EBBR,EBLG,EBCI,EBOS,
N 43.402,E  6.656,35983,SN369
-------------------------------------------------------[2024-08-22 02:02:49.551]

SOURCE: AIR
RX_ID: 396, Freq: 131.725MHz
Mode: G ACK, A2GLabel: 28 Block ID: 2, Msg No: M16A
Flight ID: SN039G REG: OO-SFG


Message content:-
EBBR,EBLG,EBCI,EBOS,
N 43.402,E  6.656,35983,SN369
-------------------------------------------------------[2024-08-22 02:02:51.788]

SOURCE: AIR
RX_ID: 397, Freq: 131.725MHz
Mode: G NACKLabel: B9 Block ID: 8, Msg No: J27A
Flight ID: SN039G REG: OO-SFG


Message content:-
/EBBR.TI2/000EBBRA2C8A
-------------------------------------------------------[2024-08-22 02:08:35.240]

SOURCE: AIR
RX_ID: 398, Freq: 131.725MHz
Mode: G NACKLabel: B9 Block ID: 1, Msg No: J27A
Flight ID: AF0820 REG: F-GZCO


Message content:-
/LFPG.TI2/000LFPGA9F82
-------------------------------------------------------[2024-08-22 02:44:44.972]

SOURCE: AIR
RX_ID: 399, Freq: 131.725MHz
Mode: G NACKLabel: B9 Block ID: 9, Msg No: J09A
Flight ID: AF0977 REG: F-GZCI


Message content:-
/LFPG.TI2/000LFPGA9F82
-------------------------------------------------------[2024-08-22 02:46:51.108]

SOURCE: AIR
RX_ID: 400, Freq: 131.725MHz
Mode: G NACKLabel: 2F Block ID: 8, Msg No: M81A
Flight ID: AF0863 REG: F-GZCK


Message content:-
0249+4337+465/41103
DXXX/LFPG/40995//-55/0.81/170793/160471//URELO  //-41/015
-------------------------------------------------------[2024-08-22 02:49:30.049]

SOURCE: AIR
RX_ID: 401, Freq: 131.725MHz
Mode: G NACKLabel: 26 Block ID: 9, Msg No: M82A
Flight ID: AF0863 REG: F-GZCK


Message content:-
0253DXXXAF0863/220353LFPG08R
-------------------------------------------------------[2024-08-22 02:53:47.487]

SOURCE: AIR
RX_ID: 402, Freq: 131.725MHz
Mode: G NACKLabel: 26 Block ID: 5, Msg No: M90A
Flight ID: AF0977 REG: F-GZCI


Message content:-
0255FOOLAF0977/220340LFPG26L
-------------------------------------------------------[2024-08-22 02:55:03.475]

SOURCE: AIR
RX_ID: 403, Freq: 131.825MHz
Mode: 2 NACKLabel: 5U Block ID: 2, Msg No: M24A
Flight ID: QY0198 REG: D-ALER


Message content:-
10,WX,220302,QY198,22,EDDP,LEVT,8473350,LEVT,LEMD,LEBL,1,1,
-------------------------------------------------------[2024-08-22 03:02:05.660]

SOURCE: AIR
RX_ID: 404, Freq: 131.725MHz
Mode: G NACKLabel: B9 Block ID: 9, Msg No: J28A
Flight ID: AF0820 REG: F-GZCO


Message content:-
/LFPG.TI2/000LFPGA9F82
-------------------------------------------------------[2024-08-22 03:02:30.967]

SOURCE: AIR
RX_ID: 405, Freq: 131.725MHz
Mode: G NACKLabel: 2F Block ID: 0, Msg No: M83A
Flight ID: AF0863 REG: F-GZCK


Message content:-
0304+4527+447/4190
DXXX/LFPG/41001//-59/0.81/169541/160471//URELO  //+58/012
-------------------------------------------------------[2024-08-22 03:04:32.607]

SOURCE: AIR
RX_ID: 406, Freq: 131.725MHz
Mode: X NACKLabel: 16 Block ID: 4, Msg No: M12A
Flight ID: SN028A REG: OO-SFC


Message content:-
22AUG24,0307,N 43.387,E  5.641,38005,0421,25040
-------------------------------------------------------[2024-08-22 03:07:53.311]

SOURCE: AIR
RX_ID: 407, Freq: 131.725MHz
Mode: X NACKLabel: B9 Block ID: 5, Msg No: M13A
Flight ID: SN028A REG: OO-SFC


Message content:-
/EBBR.TI2/040EBBRAED4C
-------------------------------------------------------[2024-08-22 03:11:23.235]

SOURCE: AIR
RX_ID: 408, Freq: 131.725MHz
Mode: X NACKLabel: B9 Block ID: 8, Msg No: M14A
Flight ID: SN028A REG: OO-SFC


Message content:-
/LFLL.TI2/040LFLLAB4BC
-------------------------------------------------------[2024-08-22 03:13:38.403]

SOURCE: AIR
RX_ID: 409, Freq: 131.725MHz
Mode: 2 NACKLabel: H1 Block ID: 0, Msg No: F39A
Flight ID: UA0964 REG: N667UA


Message content:-
#M2BPOSN43576E006109,RET17,032355,390,KOL18,032840,RAP19,M56,27316,218,776/DTLIRN,24 , 14,043640,/TS032355,220824E615
-------------------------------------------------------[2024-08-22 03:23:58.330]

SOURCE: AIR
RX_ID: 410, Freq: 131.725MHz
Mode: 2 NACKLabel: 5Z Block ID: 1, Msg No: M40A
Flight ID: UA0964 REG: N667UA


Message content:-
/B6 LDG DATA REQ   / KEWR LIRN 21 032647 LIRN R24  F30 G2687
-------------------------------------------------------[2024-08-22 03:26:50.179]

SOURCE: AIR
RX_ID: 411, Freq: 131.725MHz
Mode: X NACKLabel: H1 Block ID: 0, Msg No: O27A
Flight ID: AF0703 REG: F-GSQU


Message content:-
#10BSB0122BA_F-GSQU  DIAPLFPG484
 43447 0044230344 36000-520306018010W/X012014
-------------------------------------------------------[2024-08-22 03:44:47.444]

SOURCE: AIR
RX_ID: 412, Freq: 131.725MHz
Mode: X NACKLabel: B6 Block ID: 1, Msg No: F39A
Flight ID: AF0703 REG: F-GSQU


Message content:-
/ACCFAYA.ADS.F-GSQU071F334018BB88CA2CEE1D0C0464B7C338200E7E30EBFFF80F7DF99E3FF8D10F
-------------------------------------------------------[2024-08-22 03:47:57.691]

SOURCE: AIR
RX_ID: 413, Freq: 131.725MHz
Mode: X NACKLabel: B9 Block ID: 3, Msg No: L49A
Flight ID: AF0703 REG: F-GSQU


Message content:-
/LFPG.TI2/046LFPGCF3E7
-------------------------------------------------------[2024-08-22 03:49:19.612]

SOURCE: AIR
RX_ID: 414, Freq: 131.725MHz
Mode: X NACKLabel: H1 Block ID: 6, Msg No: D95A
Flight ID: AF0703 REG: F-GSQU


Message content:-
#DFBOP FUELPROBES
 88 66 72 52 53  0 37  0  0  0  0  0  0  0  0  0  0  0  0  0
  0  0  0  0  0  0  0  0  0  0  0  0  0  0  0  0  0  0  0  0
 89 66 74 53 55  9 39  0  0  0  0  0  0  0  0  0  0  0  0  0

21L
-------------------------------------------------------[2024-08-22 03:51:22.492]

SOURCE: AIR
RX_ID: 415, Freq: 131.725MHz
Mode: X NACKLabel: H1 Block ID: 7, Msg No: D95B
Flight ID: AF0703 REG: F-GSQU


Message content:-
#DFB22L23L24L25L26L27L28L21R22R23R24R25R26R27R28R
  0  0  0  0  0  0  0  0  0  0  0  0  0  0  0  0
-------------------------------------------------------[2024-08-22 03:51:26.405]

SOURCE: AIR
RX_ID: 416, Freq: 131.725MHz
Mode: X NACKLabel: H1 Block ID: 8, Msg No: D96A
Flight ID: AF0703 REG: F-GSQU


Message content:-
#DFBOP DATAFUEL
0351 36000  2.27  0.4
 6400       0  6500 12900
 0.831 0.814  0.830
 46120         45880
TRUE   TRUE   
  -2
 427 813
-------------------------------------------------------[2024-08-22 03:51:31.305]

SOURCE: AIR
RX_ID: 417, Freq: 131.725MHz
Mode: X NACKLabel: B6 Block ID: 9, Msg No: F40A
Flight ID: AF0703 REG: F-GSQU


Message content:-
/ACCFAYA.ADS.F-GSQU071FA8C0184848CA318E1D0C0464B7C338200E7E38EC7FFC0F7E519FFFFCF38F
-------------------------------------------------------[2024-08-22 03:52:53.851]

SOURCE: AIR
RX_ID: 418, Freq: 131.725MHz
Mode: X NACKLabel: B6 Block ID: 0, Msg No: F41A
Flight ID: AF0703 REG: F-GSQU


Message content:-
/ACCFAYA.ADS.F-GSQU141FA9F0184708CA319A0D0D201D2817D388CA0122207148177D88CA00A679
-------------------------------------------------------[2024-08-22 03:52:59.776]

SOURCE: AIR
RX_ID: 419, Freq: 131.725MHz
Mode: G NACKLabel: H1 Block ID: 5, Msg No: D81A
Flight ID: DL0232 REG: N1605


Message content:-
#DFB239N1605 0232082224035511797 4437   550390-29-57357  212-167 27520
 247 457 6001185100J805ZKJFKLIRN
-------------------------------------------------------[2024-08-22 03:55:33.997]

SOURCE: AIR
RX_ID: 420, Freq: 131.725MHz
Mode: X NACKLabel: B6 Block ID: 2, Msg No: F42A
Flight ID: AF0703 REG: F-GSQU


Message content:-
/ACCFAYA.ADS.F-GSQU07201DE817D2C8CA362E9D0C0464B7C338200E7E30EE00000F7E719E800014201DE817D2C8CA362E9D0D207148177D88CA00D020B3881738C8CA007933
-------------------------------------------------------[2024-08-22 03:57:49.975]

SOURCE: AIR
RX_ID: 421, Freq: 131.725MHz
Mode: G NACKLabel: H1 Block ID: 6, Msg No: D82A
Flight ID: DL0232 REG: N1605


Message content:-
#DFB360-5105082224040100000148CR  N100DL2902602320KJFKLIRN707  0707  0
GE-NEWLLSBLDLO''25 '''''2100000000LO LO 5100000000LO LO 2100000000LO 
LO 5100000000LO LO 2100000000LO LO 51 91 9011010C 541P 32111P 1510
-------------------------------------------------------[2024-08-22 04:03:08.256]

SOURCE: AIR
RX_ID: 422, Freq: 131.725MHz
Mode: G NACKLabel: H1 Block ID: 8, Msg No: D82C
Flight ID: DL0232 REG: N1605


Message content:-
#DFB9511011010C
 611P 32110P 3010P3361 -56 389870.80929.700000000006 9611311010C 621P
 38111P 1510C367 9611111010C 611P 33110P 3010P3341 -56 389850.80829.7
00000000011 9611311010C 621P 38111P 1510C370 96112
-------------------------------------------------------[2024-08-22 04:03:16.227]

SOURCE: AIR
RX_ID: 423, Freq: 131.725MHz
Mode: G NACKLabel: H1 Block ID: 9, Msg No: D82D
Flight ID: DL0232 REG: N1605


Message content:-
#DFB11010C 611P 33110P 
3010P3381 -56 389870.80829.700000000016 9611311010C 621P 38111P 1510C
371 9611211010C 621P 34110P 3010P3351 -56 389850.80529.700000000021 9
611311010C 621P 38111P 1510C370 9611211010
-------------------------------------------------------[2024-08-22 04:03:20.140]

SOURCE: AIR
RX_ID: 424, Freq: 131.725MHz
Mode: G NACKLabel: H1 Block ID: 0, Msg No: D82E
Flight ID: DL0232 REG: N1605


Message content:-
#DFBC 621P 34110P 3010P3311 -56
 389830.80529.700000000026 9611311010C 621P 38111P 1510C370 961121101
0C 621P 34110P 3010P3311 -56 389850.80729.700000000031 9611411010C 62
1P 38111P 1510C369 9611311010C 621
-------------------------------------------------------[2024-08-22 04:03:24.235]

SOURCE: AIR
RX_ID: 425, Freq: 131.725MHz
Mode: G NACKLabel: H1 Block ID: 1, Msg No: D82F
Flight ID: DL0232 REG: N1605


Message content:-
#DFBP 34110P 3010P3341 -56 389900.80629
.700000000036 9611411010C 621P 38111P 1510C369 9611411010C 621P 34110
P 3010P3311 -56 389920.80729.700000000041 9611411010C 621P 38111P 151
0C369 9611311010C 621P 341
-------------------------------------------------------[2024-08-22 04:03:38.355]

SOURCE: AIR
RX_ID: 426, Freq: 131.725MHz
Mode: G NACKLabel: H1 Block ID: 2, Msg No: D82G
Flight ID: DL0232 REG: N1605


Message content:-
#DFB10P 3010P3281 -56 389910.80629.700000000046
 9611311010C 621P 38111P 1510C369 9611311010C 621P 34110P 3010P3271 -
56 389890.80629.700000000051 9611411010C 621P 38111P 1510C370 9611311
010C 621P 34110P 3
-------------------------------------------------------[2024-08-22 04:03:43.071]

SOURCE: AIR
RX_ID: 427, Freq: 131.725MHz
Mode: G NACKLabel: H1 Block ID: 3, Msg No: D82H
Flight ID: DL0232 REG: N1605


Message content:-
#DFB010P3301 -56 389880.80429.700000000056 9611311010C 
621P 39111P 1510C370 9611311010C 621P 34110P 3010P3311 -56 389840.807
29.700000000001 9611411010C 621P 39111P 1510C370 9611411010C 621P 341
10P 3010P3
-------------------------------------------------------[2024-08-22 04:03:47.790]

SOURCE: AIR
RX_ID: 428, Freq: 131.725MHz
Mode: G NACKLabel: H1 Block ID: 4, Msg No: D82I
Flight ID: DL0232 REG: N1605


Message content:-
#DFB301 -57 389870.81029.700000000006 9611411010C 621P 39111P 1
510C371 9611411010C 621P 34110P 3010P3271 -57 389900.80729.7000000000
11 9611411010C 621P 39111P 1510C370 9611411010C 621P 34110P 3010P3271
 -
-------------------------------------------------------[2024-08-22 04:03:52.072]

SOURCE: AIR
RX_ID: 429, Freq: 131.725MHz
Mode: G NACKLabel: H1 Block ID: 5, Msg No: D82J
Flight ID: DL0232 REG: N1605


Message content:-
#DFB57 389940.81029.700000000016 9611411010C 621P 39111P 1510C370 96113
11010C 621P 34110P 3010P3301 -57 389960.80929.700000000021 9611511010
C 621P 39111P 1510C370 9611311010C 621P 34110P 3010P3311 -57 3899
-------------------------------------------------------[2024-08-22 04:03:55.981]

SOURCE: AIR
RX_ID: 430, Freq: 131.725MHz
Mode: G NACKLabel: H1 Block ID: 6, Msg No: D82K
Flight ID: DL0232 REG: N1605


Message content:-
#DFB20.8
0829.700000000021008002449F7000400000400007D49F30004000005100800254BF
7000400000400007D4BF30004000002100800244BF7000400000400007D4BF3000400
0005100800244BF7000400000400007D4BF30004000002100800244BF
-------------------------------------------------------[2024-08-22 04:04:00.259]

SOURCE: AIR
RX_ID: 431, Freq: 131.725MHz
Mode: G NACKLabel: H1 Block ID: 7, Msg No: D82L
Flight ID: DL0232 REG: N1605


Message content:-
#DFB700040000040
0007D4BF3000400000
-------------------------------------------------------[2024-08-22 04:04:03.550]

SOURCE: AIR
RX_ID: 432, Freq: 131.825MHz
Mode: 2 NACKLabel: B9 Block ID: 8, Msg No: M13A
Flight ID: NW0182 REG: N814NW


Message content:-
/LIRF.TI2/040LIRFAD7FB
-------------------------------------------------------[2024-08-22 04:04:17.376]

SOURCE: AIR
RX_ID: 433, Freq: 131.725MHz
Mode: G NACKLabel: 20 Block ID: 4, Msg No: M44A
Flight ID: KL0590 REG: PH-BVU


Message content:-
RST07A22040400KLM590  DGAAEHAM
-------------------------------------------------------[2024-08-22 04:04:18.508]

SOURCE: AIR
RX_ID: 434, Freq: 131.725MHz
Mode: E NACKLabel: H1 Block ID: 6, Msg No: D54A
Flight ID: KL0536 REG: PH-AOB


Message content:-
#DFB(POS-KLM536  -4308N00511E/040815 F380
RMK/FUEL  10.9 M0.84)
-------------------------------------------------------[2024-08-22 04:08:34.511]

SOURCE: AIR
RX_ID: 435, Freq: 131.725MHz
Mode: G NACKLabel: H1 Block ID: 5, Msg No: D59A
Flight ID: KL0590 REG: PH-BVU


Message content:-
#DFB(POS-KLM590  -4429N00439E/040903 F360
RMK/FUEL  13.9 M0.83)
-------------------------------------------------------[2024-08-22 04:09:06.036]

SOURCE: AIR
RX_ID: 436, Freq: 131.725MHz
Mode: G NACKLabel: 16 Block ID: 6, Msg No: M25A
Flight ID: SN04BE REG: OO-SFD


Message content:-
22AUG24,0413,N 44.524,E  4.839,38000,0522,25280
-------------------------------------------------------[2024-08-22 04:13:56.232]

SOURCE: AIR
RX_ID: 437, Freq: 131.725MHz
Mode: X NACKLabel: 16 Block ID: 6, Msg No: M98A
Flight ID: P47578 REG: 5N-BVE


Message content:-
POSA1N43435E  4545,MRM-13 ,041817,399,MTL-14 ,042727,,-55, 18, 200,834
-------------------------------------------------------[2024-08-22 04:18:54.219]

SOURCE: AIR
RX_ID: 438, Freq: 131.725MHz
Mode: X NACKLabel: 2F Block ID: 1, Msg No: M63A
Flight ID: AF0995 REG: F-GZNT


Message content:-
0422+4327+491/36149
FAOR/LFPG/36001/ -05/ -53/0.84/230211/215296/24.0/RUSIT  /ETREK  / -57/   21
-------------------------------------------------------[2024-08-22 04:22:07.575]

SOURCE: AIR
RX_ID: 439, Freq: 131.725MHz
Mode: X NACKLabel: B6 Block ID: 2, Msg No: F44A
Flight ID: AF0995 REG: F-GZNT


Message content:-
/ACCFAYA.ADS.F-GZNT141F01381BA788CA17171D0D20BE601CF7E0003FFF20E2501CF9200000D01C
-------------------------------------------------------[2024-08-22 04:24:39.938]

SOURCE: AIR
RX_ID: 440, Freq: 131.725MHz
Mode: X NACKLabel: B6 Block ID: 3, Msg No: F45A
Flight ID: AF0995 REG: F-GZNT


Message content:-
/ACCFAYA.ADS.F-GZNT071F38201BBA88CA19371D0C0464B9E758200E0170F2C0000F0121A7800084F4
-------------------------------------------------------[2024-08-22 04:26:55.914]

SOURCE: AIR
RX_ID: 441, Freq: 131.725MHz
Mode: X NACKLabel: B6 Block ID: 4, Msg No: F46A
Flight ID: AF0995 REG: F-GZNT


Message content:-
/ACCFAYA.ADS.F-GZNT071FB0301C19C8CA1DD71D0C0464B9E758200E0178F07FFC0F0159A93FFC252D
-------------------------------------------------------[2024-08-22 04:31:52.070]

SOURCE: AIR
RX_ID: 442, Freq: 131.825MHz
Mode: 2 NACKLabel: B9 Block ID: 1, Msg No: L42A
Flight ID: AF0931 REG: F-GSPF


Message content:-
/LFPG.TI2/046LFPGAD3A5
-------------------------------------------------------[2024-08-22 04:40:41.156]

SOURCE: AIR
RX_ID: 443, Freq: 131.825MHz
Mode: 2 NACKLabel: 15 Block ID: 7, Msg No: M72A
Flight ID: BA0054 REG: G-STBA


Message content:-
FST01FAOREGLLN435587E0050418360 163 795 M54C 1431134835046611600006090448
-------------------------------------------------------[2024-08-22 04:48:37.537]

SOURCE: AIR
RX_ID: 444, Freq: 131.825MHz
Mode: 2 NACKLabel: 2F Block ID: 5, Msg No: M91A
Flight ID: AF0931 REG: F-GSPF


Message content:-
0449+4479+469/3896
DGAA/LFPG/38000/ -01/ -55/0.84/199366/189804/27.0/ETR-19 / +68/   19
-------------------------------------------------------[2024-08-22 04:49:41.647]

SOURCE: AIR
RX_ID: 445, Freq: 131.825MHz
Mode: 2 NACKLabel: B6 Block ID: 8, Msg No: F98A
Flight ID: BA0054 REG: G-STBA


Message content:-
/QUKAXBA.ADS.G-STBA071F59D01BFAC8CA31629D59E2
-------------------------------------------------------[2024-08-22 04:52:42.901]

SOURCE: AIR
RX_ID: 446, Freq: 131.725MHz
Mode: G NACKLabel: H1 Block ID: 6, Msg No: F99H
Flight ID: AF0837 REG: F-GZCC


Message content:-
#M1BE.053,,CB007,CRUISE/TS045331,2208242468
-------------------------------------------------------[2024-08-22 04:54:14.140]

SOURCE: AIR
RX_ID: 447, Freq: 131.825MHz
Mode: 2 NACKLabel: H1 Block ID: 1, Msg No: F99A
Flight ID: BA0054 REG: G-STBA


Message content:-
#M2BPRG/TS050038,220824/DTEGLL,27R,202,060932,/PR5229,203,360,328,,132,0,,,80,P25,P0,,,,,,,M37B445
-------------------------------------------------------[2024-08-22 05:00:41.113]

SOURCE: AIR
RX_ID: 448, Freq: 131.725MHz
Mode: E NACKLabel: 2F Block ID: 2, Msg No: M91A
Flight ID: AF0975 REG: F-GZCB


Message content:-
0505+4376+466/4093
FKYS/LFPG/40001//-56/0.82/170086/160780//BULOL  //+1/008
-------------------------------------------------------[2024-08-22 05:05:35.110]

SOURCE: AIR
RX_ID: 449, Freq: 131.725MHz
Mode: E NACKLabel: 2F Block ID: 2, Msg No: M91A
Flight ID: AF0975 REG: F-GZCB


Message content:-
0505+4376+466/4093
FKYS/LFPG/40001//-56/0.82/170086/160780//BULOL  //+1/008
-------------------------------------------------------[2024-08-22 05:05:41.659]

SOURCE: AIR
RX_ID: 450, Freq: 131.725MHz
Mode: G NACKLabel: 26 Block ID: 6, Msg No: M02A
Flight ID: AF0837 REG: F-GZCC


Message content:-
0508FKKDAF0837/220553LFPG26L
-------------------------------------------------------[2024-08-22 05:08:03.373]

SOURCE: AIR
RX_ID: 451, Freq: 131.725MHz
Mode: G ACK, A2GLabel: 26 Block ID: 6, Msg No: M02A
Flight ID: AF0837 REG: F-GZCC


Message content:-
0508FKKDAF0837/220553LFPG26L
-------------------------------------------------------[2024-08-22 05:08:14.015]

SOURCE: AIR
RX_ID: 452, Freq: 131.725MHz
Mode: 2 NACKLabel: 26 Block ID: 6, Msg No: M02A
Flight ID: AF0837 REG: F-GZCC


Message content:-
0508FKKDAF0837/220553LFPG26L
-------------------------------------------------------[2024-08-22 05:08:35.738]

SOURCE: AIR
RX_ID: 453, Freq: 131.825MHz
Mode: 2 NACKLabel: SA Block ID: 8, Msg No: S31A
Flight ID: AF0837 REG: F-GZCC


Message content:-
0EV050849VS
-------------------------------------------------------[2024-08-22 05:08:50.771]

SOURCE: AIR
RX_ID: 454, Freq: 131.725MHz
Mode: 2 NACKLabel: 26 Block ID: 6, Msg No: M92A
Flight ID: AF0975 REG: F-GZCB


Message content:-
0517FKYSAF0975/220602LFPG26L
-------------------------------------------------------[2024-08-22 05:17:03.245]

SOURCE: AIR
RX_ID: 455, Freq: 131.725MHz
Mode: G NACKLabel: H1 Block ID: 9, Msg No: F89A
Flight ID: DL0028 REG: N839MH


Message content:-
#M2BPOSN44295E005044,NISAR,052417,340,XIRBI,052542,DOTIG,M48,3043,213,8007AA8
-------------------------------------------------------[2024-08-22 05:24:20.680]

SOURCE: AIR
RX_ID: 456, Freq: 131.725MHz
Mode: X NACKLabel: 44 Block ID: 9, Msg No: M09A
Flight ID: GS002E REG: LX-PCK


Message content:-
08msWL}Zq`}vYa=LL`vaeZL}KZP\xRZP=RjZLceeZLvv`ZLt}KZLL`[}
-------------------------------------------------------[2024-08-22 05:54:35.222]

SOURCE: AIR
RX_ID: 457, Freq: 131.725MHz
Mode: E NACKLabel: 80 Block ID: 2, Msg No: M00A
Flight ID: XA0001 REG: DCANG


Message content:-
001EM22060543N4514.3E00554.1380433    
024HURENSOHN,..DCANG,1JZI AT VISTAJET.COM,
DU GEILER TYP















-------------------------------------------------------[2024-08-22 06:05:46.974]

SOURCE: AIR
RX_ID: 458, Freq: 131.825MHz
Mode: 2 NACKLabel: 4s Block ID: 1, Msg No: M25A
Flight ID: AC0892 REG: C-FITW


Message content:-
DFR AC0892/21
-------------------------------------------------------[2024-08-22 06:13:14.579]

SOURCE: AIR
RX_ID: 459, Freq: 131.825MHz
Mode: 2 NACKLabel: 4s Block ID: 4, Msg No: M26A
Flight ID: AC0892 REG: C-FITW


Message content:-
DFR AC0893/22
-------------------------------------------------------[2024-08-22 06:14:07.024]

SOURCE: AIR
RX_ID: 460, Freq: 131.825MHz
Mode: 2 NACKLabel: 83 Block ID: 4, Msg No: M30A
Flight ID: GS0001 REG: N158QS


Message content:-
001PR22061918N4449.1E00431.83694750029
-------------------------------------------------------[2024-08-22 06:19:19.934]

SOURCE: AIR
RX_ID: 461, Freq: 131.825MHz
Mode: 2 NACKLabel: 83 Block ID: 5, Msg No: M31A
Flight ID: GS0001 REG: N158QS


Message content:-
001PR22062919N4353.2E00553.82344650018
-------------------------------------------------------[2024-08-22 06:29:21.249]

SOURCE: AIR
RX_ID: 462, Freq: 131.725MHz
Mode: 2 NACKLabel: 15 Block ID: 6, Msg No: M05A
Flight ID: GS0001 REG: N251TX


Message content:-
(2N44203E  5269098 31409-56(Z
-------------------------------------------------------[2024-08-22 06:59:55.985]

SOURCE: AIR
RX_ID: 463, Freq: 131.725MHz
Mode: E NACKLabel: 20 Block ID: 2, Msg No: M41A
Flight ID: KL0104 REG: PH-BVB


Message content:-
RST07A22070400KLM104  FACTEHAM
-------------------------------------------------------[2024-08-22 07:04:49.255]

SOURCE: AIR
RX_ID: 464, Freq: 131.725MHz
Mode: E NACKLabel: H1 Block ID: 3, Msg No: D99A
Flight ID: KL0104 REG: PH-BVB


Message content:-
#DFB(POS-KLM104  -4348N00501E/070619 F360
RMK/FUEL  13.7 M0.84)
-------------------------------------------------------[2024-08-22 07:06:21.817]

SOURCE: AIR
RX_ID: 465, Freq: 131.725MHz
Mode: X NACKLabel: 16 Block ID: 9, Msg No: M35A
Flight ID: TK05NC REG: TC-JIP


Message content:-
 /N 43.852/E  6.980/39010/2208/0715/122/0807/
-------------------------------------------------------[2024-08-22 07:15:41.768]

SOURCE: AIR
RX_ID: 466, Freq: 131.725MHz
Mode: X NACKLabel: 20 Block ID: 0, Msg No: M85A
Flight ID: KL0592 REG: PH-BVI


Message content:-
RST07A22072100KLM592  FAOREHAM
-------------------------------------------------------[2024-08-22 07:21:59.006]

SOURCE: AIR
RX_ID: 467, Freq: 131.725MHz
Mode: X NACKLabel: 24 Block ID: 1, Msg No: M37A
Flight ID: TK05NC REG: TC-JIP


Message content:-
 /242208/0727/05NC/35972/N 43.142/E  5.074/116/0807/
-------------------------------------------------------[2024-08-22 07:27:33.455]

SOURCE: AIR
RX_ID: 468, Freq: 131.725MHz
Mode: E NACKLabel: B9 Block ID: 2, Msg No: M70A
Flight ID: X309LA REG: D-ATUJ


Message content:-
/EDDS.TI2/040EDDSA4B44
-------------------------------------------------------[2024-08-22 07:52:25.221]

SOURCE: AIR
RX_ID: 469, Freq: 131.525MHz
Mode: T NACKLabel: 2F Block ID: 0, Msg No: M40A
Flight ID: AF7302 REG: F-GMZA


Message content:-
0759+4463+471/3745
-------------------------------------------------------[2024-08-22 07:59:14.754]

SOURCE: AIR
RX_ID: 470, Freq: 131.525MHz
Mode: T NACKLabel: 2Z Block ID: 2, Msg No: M41A
Flight ID: AF7302 REG: F-GMZA


Message content:-
LFMN
-------------------------------------------------------[2024-08-22 08:00:03.689]

SOURCE: AIR
RX_ID: 471, Freq: 131.525MHz
Mode: T NACKLabel: 26 Block ID: 3, Msg No: M42A
Flight ID: AF7302 REG: F-GMZA


Message content:-
0808LFPGAF7302/220823LFMN04L
-------------------------------------------------------[2024-08-22 08:08:03.325]

SOURCE: AIR
RX_ID: 472, Freq: 131.525MHz
Mode: T NACKLabel: 80 Block ID: 4, Msg No: M43A
Flight ID: AF7302 REG: F-GMZA


Message content:-
AF7302/DEST/LFMN
BONJOUR
PAS DE PRESTAS BUSINESS
MCI PREVOIR PRESTAS
BUSINESS AF7303 SI
POSSIBLE
MCI COOP
-------------------------------------------------------[2024-08-22 08:12:46.975]

SOURCE: AIR
RX_ID: 473, Freq: 131.525MHz
Mode: T NACKLabel: 2F Block ID: 5, Msg No: M44A
Flight ID: AF7302 REG: F-GMZA


Message content:-
0814+4347+649/1442
-------------------------------------------------------[2024-08-22 08:14:16.687]

SOURCE: AIR
RX_ID: 474, Freq: 131.725MHz
Mode: G NACKLabel: B9 Block ID: 5, Msg No: L04A
Flight ID: DL0024 REG: N827MH


Message content:-
/LFMN.TI2/024LFMNA426A
-------------------------------------------------------[2024-08-22 08:55:10.628]

SOURCE: AIR
RX_ID: 475, Freq: 131.725MHz
Mode: G ACK, A2GLabel: B9 Block ID: 5, Msg No: L04A
Flight ID: DL0024 REG: N827MH


Message content:-
/LFMN.TI2/024LFMNA426A
-------------------------------------------------------[2024-08-22 08:55:15.748]

SOURCE: AIR
RX_ID: 476, Freq: 131.725MHz
Mode: X NACKLabel: 30 Block ID: 0, Msg No: M77A
Flight ID: DL0233 REG: N1605


Message content:-
220830 LIRN KJFK6
A D    
CB RESET WORKED. EICAS 
MSSAGE EXTINGUISHED. ST
ILL OPERATE PACK IN STN
DBY?




-------------------------------------------------------[2024-08-22 08:55:57.736]

SOURCE: AIR
RX_ID: 477, Freq: 131.725MHz
Mode: G NACKLabel: 24 Block ID: 4, Msg No: M91A
Flight ID: DL0024 REG: N827MH


Message content:-
210824 KATL LFMN6
-------------------------------------------------------[2024-08-22 08:56:33.175]

SOURCE: AIR
RX_ID: 478, Freq: 131.725MHz
Mode: G NACKLabel: H1 Block ID: 6, Msg No: D39A
Flight ID: DL0024 REG: N827MH


Message content:-
#DFBENGINE BLEED REPORT

AID:N1803  DA:22/08    GMT:08:56    FNO:3887      ISFC: 3711
TAT: 157  SAT: -80   ALT: 18476   MACH:0669    FCNT:  164
GW:311680  FLT:0024-1  MODE:DESC    SID:AK-67-223
S/N L:70623
-------------------------------------------------------[2024-08-22 08:57:07.778]

SOURCE: AIR
RX_ID: 479, Freq: 131.725MHz
Mode: G NACKLabel: H1 Block ID: 7, Msg No: D39B
Flight ID: DL0024 REG: N827MH


Message content:-
#DFB9         DEPART:KATL    DESTIN:LFMN
S/N R:706150

               ENG L     ENG R
HPSOV          OPN       OPN
PRV            OPN       OPN
PRSOV          OPN       OPN
FAV %            -366     -355
-------------------------------------------------------[2024-08-22 08:57:12.715]

SOURCE: AIR
RX_ID: 480, Freq: 131.725MHz
Mode: G NACKLabel: H1 Block ID: 8, Msg No: D39C
Flight ID: DL0024 REG: N827MH


Message content:-
#DFB
N1 SPD          4138     4188
HI STG PRESS    4500     4400
INTERM PRESS1    3417     3473
INTERM PRESS2    3342     3505
STRUT OVHT     NRML      NRML
DUCT PRESS       3038     3350
P-COOL TEMP    
-------------------------------------------------------[2024-08-22 08:57:16.190]

SOURCE: AIR
RX_ID: 481, Freq: 131.725MHz
Mode: G NACKLabel: H1 Block ID: 9, Msg No: D39D
Flight ID: DL0024 REG: N827MH


Message content:-
#DFB37269    37578
PACK HX TEMP    35294    34516
PACK FLOW       10817    12684
WING ANTI ICE  OFF
LT  ISO VLV    CLS
RT  ISO VLV    CLS
CTR ISO VLV    OPN

TRIGGER CODE   0000

STATUS WORDS  DW1  DW
-------------------------------------------------------[2024-08-22 08:57:20.285]

SOURCE: AIR
RX_ID: 482, Freq: 131.725MHz
Mode: G NACKLabel: H1 Block ID: 0, Msg No: D39E
Flight ID: DL0024 REG: N827MH


Message content:-
#DFB2  DW3  DW4  DW5  DW6  DW7  DW8  EICAS
LEFT          0000 0001 0000 0000 0000 0000 1040 0000 0000
RIGHT         0000 0001 0000 0000 0000 0000 1040 0000 0000

-------------------------------------------------------[2024-08-22 08:57:23.759]

SOURCE: AIR
RX_ID: 483, Freq: 131.725MHz
Mode: G NACKLabel: H1 Block ID: 1, Msg No: D40A
Flight ID: DL0024 REG: N827MH


Message content:-
#DFB239N1803 0024082224085813636 4387   603155 19 -2296 19XX-223 22520
 319 4250027131810030PSZKATLLFMN
-------------------------------------------------------[2024-08-22 08:58:36.478]

SOURCE: AIR
RX_ID: 484, Freq: 131.725MHz
Mode: 2 NACKLabel: 15 Block ID: 3, Msg No: M02A
Flight ID: GS0001 REG: N700HA


Message content:-
(2N44592E  5596081 27372-53(Z
-------------------------------------------------------[2024-08-22 09:09:08.567]

SOURCE: AIR
RX_ID: 485, Freq: 131.725MHz
Mode: X NACKLabel: H1 Block ID: 4, Msg No: D10A
Flight ID: DL0233 REG: N1605


Message content:-
#DFB360-5105082224090900001316CR  N100DL2902602330LIRNKJFK707  0707  0
GE-NEWLLSBLDLO''25 '''''5900000000LO LO 2900000000LO LO 5900000000LO 
LO 2900000000LO LO 5900000000LO LO 2910420110010C 921P 65110P 2510
-------------------------------------------------------[2024-08-22 09:10:46.037]

SOURCE: AIR
RX_ID: 486, Freq: 131.725MHz
Mode: X NACKLabel: H1 Block ID: 5, Msg No: D10B
Flight ID: DL0233 REG: N1605


Message content:-
#DFBP36
810420110010C 921P 63110P 3110P3421 -45 331250.81029.7000000000341042
0010010C 911P 65110P 2410P36910419910010C 911P 63110P 3010P3421 -45 3
32320.81129.70000000003910420010010C 911P 65110P 2410P3681
-------------------------------------------------------[2024-08-22 09:10:49.737]

SOURCE: AIR
RX_ID: 487, Freq: 131.725MHz
Mode: X NACKLabel: H1 Block ID: 6, Msg No: D10C
Flight ID: DL0233 REG: N1605


Message content:-
#DFB0419910010C
 911P 62110P 3010P3401 -46 333450.81329.70000000004410419810010C 911P
 65110P 2410P36610419910010C 911P 62110P 3010P3401 -46 334500.81329.7
0000000004910419810010C 911P 65110P 2410P368104197
-------------------------------------------------------[2024-08-22 09:10:53.610]

SOURCE: AIR
RX_ID: 488, Freq: 131.725MHz
Mode: X NACKLabel: H1 Block ID: 7, Msg No: D10D
Flight ID: DL0233 REG: N1605


Message content:-
#DFB10010C 901P 62110P 
3110P3401 -46 335740.81429.70000000005410419710010C 901P 64110P 2310P
36810419610010C 901P 61110P 3110P3421 -46 336970.81329.70000000005910
419610010C 901P 64110P 2310P36810419610010
-------------------------------------------------------[2024-08-22 09:10:57.703]

SOURCE: AIR
RX_ID: 489, Freq: 131.725MHz
Mode: X NACKLabel: H1 Block ID: 9, Msg No: D10F
Flight ID: DL0233 REG: N1605


Message content:-
#DFBP 57110P 3110P3431 -47 339760.80829
.70000000001410016410010C 791P 57110P 1910P36610016510010C 801P 54110
P 3110P3431 -47 340210.80829.700000000019 9815510010C 761P 54110P 181
0P366 9915510010C 761P 501
-------------------------------------------------------[2024-08-22 09:11:05.896]

SOURCE: AIR
RX_ID: 490, Freq: 131.725MHz
Mode: X NACKLabel: H1 Block ID: 0, Msg No: D10G
Flight ID: DL0233 REG: N1605


Message content:-
#DFB10P 3210P3421 -47 340320.80829.700000000024
 9815110010C 751P 52110P 1810P363 9915110010C 751P 48110P 3110P3351 -
47 340350.81129.700000000029 9815210010C 751P 52110P 1810P363 9915110
010C 751P 48110P 3
-------------------------------------------------------[2024-08-22 09:11:10.214]

SOURCE: AIR
RX_ID: 491, Freq: 131.725MHz
Mode: X NACKLabel: H1 Block ID: 4, Msg No: D10K
Flight ID: DL0233 REG: N1605


Message content:-
#DFB40.8
1429.700000000059008002549F3000400000400207D49F300040000029008002549F
3000400000400207D49F300040000059008002549F3000400000400207D49F3000400
00029008002549F3000400000400207D49F300040000059008002549F
-------------------------------------------------------[2024-08-22 09:11:37.244]

SOURCE: AIR
RX_ID: 492, Freq: 131.725MHz
Mode: X NACKLabel: H1 Block ID: 5, Msg No: D10L
Flight ID: DL0233 REG: N1605


Message content:-
#DFB300040000040
0207D49F3000400000
-------------------------------------------------------[2024-08-22 09:11:41.561]

SOURCE: AIR
RX_ID: 493, Freq: 131.725MHz
Mode: X NACKLabel: H1 Block ID: 0, Msg No: F37A
Flight ID: DL0233 REG: N1605


Message content:-
#M2BREJPOS,091458,130,219,RF101,TOBGA4D5B
-------------------------------------------------------[2024-08-22 09:15:00.862]

SOURCE: AIR
RX_ID: 494, Freq: 131.825MHz
Mode: 2 NACKLabel: H1 Block ID: 6, Msg No: F13A
Flight ID: AA0720 REG: N796AN


Message content:-
#M1BPOSN45065E004266,OTROT,092001,370,BEPER,092540,RETNO,M53,08925,460EC80
-------------------------------------------------------[2024-08-22 09:20:05.301]

SOURCE: AIR
RX_ID: 495, Freq: 131.825MHz
Mode: 2 NACKLabel: 4T Block ID: 9, Msg No: M08A
Flight ID: AC0905 REG: C-FIVW


Message content:-
AGFSR AC0905/22/22/FCOYUL/0925Z/743/4444.4N00531.2E/339/CRUISE/0641/0104/M48/293003/0289/---/482/0810/0838/----/----
-------------------------------------------------------[2024-08-22 09:25:35.036]

SOURCE: AIR
RX_ID: 496, Freq: 131.825MHz
Mode: 2 NACKLabel: H1 Block ID: 7, Msg No: F14A
Flight ID: AA0720 REG: N796AN


Message content:-
#M1BPOSN44383E005129,BEPER,092544,370,RETNO,092848,KOLON,M54,08627,4486E4D
-------------------------------------------------------[2024-08-22 09:25:46.080]

SOURCE: AIR
RX_ID: 497, Freq: 131.825MHz
Mode: 2 NACKLabel: 4T Block ID: 9, Msg No: M08A
Flight ID: AC0905 REG: C-FIVW


Message content:-
AGFSR AC0905/22/22/FCOYUL/0925Z/743/4444.4N00531.2E/339/CRUISE/0641/0104/M48/293003/0289/---/482/0810/0838/----/----
-------------------------------------------------------[2024-08-22 09:25:59.211]

SOURCE: AIR
RX_ID: 498, Freq: 131.825MHz
Mode: 2 NACKLabel: H1 Block ID: 8, Msg No: D76A
Flight ID: AA0720 REG: N796AN


Message content:-
#DFBTRP KCLT LIRF 07  8 824   0  0 091458
 46.0162   1.5889369934328004790.0370.029 20.12  69.96 49800-52 217OFF
 45.8442   2.0831370014321204750.0180.014 15.25  73.12 49120-52 217OFF
 45.6697   2.5758370024
-------------------------------------------------------[2024-08-22 09:27:01.856]

SOURCE: AIR
RX_ID: 499, Freq: 131.825MHz
Mode: 2 NACKLabel: H1 Block ID: 9, Msg No: D76B
Flight ID: AA0720 REG: N796AN


Message content:-
#DFB314404770.0080.005 14.88  73.83 48440-52 217OFF
 45.4928   3.0650369984308004790.0090.004 17.50  82.62 47800-53 217OFF
 45.3152   3.5481370004301604790.0050.003 22.75  88.95 47160-53 217OFF
-------------------------------------------------------[2024-08-22 09:27:09.025]

SOURCE: AIR
RX_ID: 500, Freq: 131.825MHz
Mode: 2 NACKLabel: H1 Block ID: 0, Msg No: F15A
Flight ID: AA0720 REG: N796AN


Message content:-
#M1BPOSN44241E005389,RET-43,092849,370,KOLON,093754,RAPUR,M54,07824,441289C
-------------------------------------------------------[2024-08-22 09:28:51.426]

SOURCE: AIR
RX_ID: 501, Freq: 131.825MHz
Mode: 2 NACKLabel: 16 Block ID: 1, Msg No: M78A
Flight ID: AA0720 REG: N796AN


Message content:-
POSA1N44317E  5813,RET-43 ,092850,370,KOLON  ,093757,,-54, 21, 430,822
-------------------------------------------------------[2024-08-22 09:30:00.253]

SOURCE: AIR
RX_ID: 502, Freq: 131.825MHz
Mode: 2 NACKLabel: 5Z Block ID: 2, Msg No: M79A
Flight ID: AA0720 REG: N796AN


Message content:-
OS LIRF /ALT00001021
-------------------------------------------------------[2024-08-22 09:35:04.789]

SOURCE: AIR
RX_ID: 503, Freq: 131.825MHz
Mode: 2 NACKLabel: 5D Block ID: 4, Msg No: M80A
Flight ID: AA0720 REG: N796AN


Message content:-
LIRFA046
-------------------------------------------------------[2024-08-22 09:35:11.956]

SOURCE: AIR
RX_ID: 504, Freq: 131.825MHz
Mode: 2 NACKLabel: 5U Block ID: 7, Msg No: M81A
Flight ID: AA0720 REG: N796AN


Message content:-
OS LIRF /WXRLIRF
-------------------------------------------------------[2024-08-22 09:37:33.489]

SOURCE: AIR
RX_ID: 505, Freq: 131.825MHz
Mode: 2 ACK, A2GLabel: 5U Block ID: 7, Msg No: M81A
Flight ID: AA0720 REG: N796AN


Message content:-
OS LIRF /WXRLIRF
-------------------------------------------------------[2024-08-22 09:37:52.324]

SOURCE: AIR
RX_ID: 506, Freq: 131.825MHz
Mode: 2 NACKLabel: H1 Block ID: 9, Msg No: D77A
Flight ID: AA0720 REG: N796AN


Message content:-
#DFBTRP KCLT LIRF 07  8 825   0  0 092958
 45.1866   4.0505370004294804780.0050.003 25.00  94.92 46480-53 217OFF
 45.0347   4.5293370004288404780.0110.002 26.87  96.33 45840-54 217OFF
 44.7871   4.9308370004
-------------------------------------------------------[2024-08-22 09:42:02.180]

SOURCE: AIR
RX_ID: 507, Freq: 131.725MHz
Mode: X NACKLabel: SA Block ID: 1, Msg No: S52A
Flight ID: UA0885 REG: N79011


Message content:-
0EV095647VS
-------------------------------------------------------[2024-08-22 09:56:52.775]

SOURCE: AIR
RX_ID: 508, Freq: 131.725MHz
Mode: E NACKLabel: 16 Block ID: 7, Msg No: M42A
Flight ID: SN037K REG: OO-SFC


Message content:-
22AUG24,1000,N 44.303,E  5.393,35001,1637,114440
-------------------------------------------------------[2024-08-22 10:00:14.065]

SOURCE: AIR
RX_ID: 509, Freq: 131.725MHz
Mode: E NACKLabel: H1 Block ID: 9, Msg No: D59B
Flight ID: SN037K REG: OO-SFC


Message content:-
#DFB.5,35000,0.800,111
C5,041205,09651,06553,01972,00443,10016,00000,00402,06066,---
C6,041196,06861,35040,01410,00443,10015,00000,00402,1E066
N1,1.491,1.491,080.27,087.3,088.9,0653,07.932,03420,09.12
N2,1.
-------------------------------------------------------[2024-08-22 10:03:55.469]

SOURCE: AIR
RX_ID: 510, Freq: 131.725MHz
Mode: E NACKLabel: H1 Block ID: 0, Msg No: D59C
Flight ID: SN037K REG: OO-SFC


Message content:-
#DFB491,1.491,079.83,087.5,088.8,0650,07.877,03277,09.09
S1,05.26,-23.4,XXX.X,188.6,163.3,469.1,80.6,059.1,027.5,32,148
S2,05.26,-23.4,XXX.X,188.7,161.2,465.0,07.9,058.6,027.3,29,129
T1,076,095,113.9,008.8,X
-------------------------------------------------------[2024-08-22 10:03:58.948]

SOURCE: AIR
RX_ID: 511, Freq: 131.725MHz
Mode: E NACKLabel: H1 Block ID: 1, Msg No: D59D
Flight ID: SN037K REG: OO-SFC


Message content:-
#DFBXX.X,0.13,0.04,0.08,120,0.19,013.0
T2,082,101,111.3,009.7,045.8,0.20,0.16,0.15,295,0.30,012.5
V1,XXXX,XXXX
V2,XXXX,XXXX
NO STABLE FRAME CONDITION   :

-------------------------------------------------------[2024-08-22 10:04:02.637]

SOURCE: AIR
RX_ID: 512, Freq: 131.825MHz
Mode: 2 NACKLabel: SA Block ID: 3, Msg No: S50A
Flight ID: NW0207 REG: N811NW


Message content:-
0LS100444V
-------------------------------------------------------[2024-08-22 10:05:09.492]

SOURCE: AIR
RX_ID: 513, Freq: 131.825MHz
Mode: 2 NACKLabel: SA Block ID: 3, Msg No: S50A
Flight ID: NW0207 REG: N811NW


Message content:-
0LS100444V
-------------------------------------------------------[2024-08-22 10:05:33.666]

SOURCE: AIR
RX_ID: 514, Freq: 131.725MHz
Mode: E NACKLabel: 28 Block ID: 2, Msg No: M43A
Flight ID: SN037K REG: OO-SFC


Message content:-
FZAA,LEPA,DAUG,FKKD,
N 43.173,E  5.324,35002,SN357
-------------------------------------------------------[2024-08-22 10:08:55.503]

SOURCE: AIR
RX_ID: 515, Freq: 131.825MHz
Mode: 2 NACKLabel: H1 Block ID: 2, Msg No: F17A
Flight ID: NW0207 REG: N811NW


Message content:-
#M1BRESPWI/AC8,085/TS101233,220824BEED
-------------------------------------------------------[2024-08-22 10:12:36.982]

SOURCE: AIR
RX_ID: 516, Freq: 131.525MHz
Mode: T NACKLabel: 2F Block ID: 3, Msg No: M12A
Flight ID: AF4242 REG: F-GRHF


Message content:-
1105+4571+407/3944
-------------------------------------------------------[2024-08-22 11:05:12.248]

SOURCE: AIR
RX_ID: 517, Freq: 131.525MHz
Mode: T NACKLabel: 2F Block ID: 3, Msg No: M12A
Flight ID: AF4242 REG: F-GRHF


Message content:-
1105+4571+407/3944
-------------------------------------------------------[2024-08-22 11:05:21.288]

SOURCE: AIR
RX_ID: 518, Freq: 131.525MHz
Mode: T NACKLabel: 26 Block ID: 4, Msg No: M13A
Flight ID: AF4242 REG: F-GRHF


Message content:-
1114LFPOAF4242/221159LFKB34 
-------------------------------------------------------[2024-08-22 11:14:03.750]

SOURCE: AIR
RX_ID: 519, Freq: 131.525MHz
Mode: T NACKLabel: 26 Block ID: 4, Msg No: M13A
Flight ID: AF4242 REG: F-GRHF


Message content:-
1114LFPOAF4242/221159LFKB34 
-------------------------------------------------------[2024-08-22 11:14:14.617]

SOURCE: AIR
RX_ID: 520, Freq: 131.525MHz
Mode: T NACKLabel: 2F Block ID: 5, Msg No: M14A
Flight ID: AF4242 REG: F-GRHF


Message content:-
1120+4443+588/3938
-------------------------------------------------------[2024-08-22 11:20:14.448]

SOURCE: AIR
RX_ID: 521, Freq: 131.525MHz
Mode: T NACKLabel: 2Z Block ID: 7, Msg No: M15A
Flight ID: AF4242 REG: F-GRHF


Message content:-
LFKB
-------------------------------------------------------[2024-08-22 11:32:02.912]

SOURCE: AIR
RX_ID: 522, Freq: 131.725MHz
Mode: X NACKLabel: 16 Block ID: 4, Msg No: M27A
Flight ID: 4X02AN REG: 9H-MLD


Message content:-
115018,36950,1233,   4,N 43.370 E  4.900
-------------------------------------------------------[2024-08-22 11:50:19.046]

SOURCE: AIR
RX_ID: 523, Freq: 131.525MHz
Mode: T NACKLabel: 2Z Block ID: 5, Msg No: M76A
Flight ID: AF7464 REG: F-GMZD


Message content:-
LFMT
-------------------------------------------------------[2024-08-22 12:13:03.528]

SOURCE: AIR
RX_ID: 524, Freq: 131.725MHz
Mode: 2 NACKLabel: 15 Block ID: 7, Msg No: M16A
Flight ID: GS0001 REG: N700HA


Message content:-
(2N45189E  3539120 13370-52(Z
-------------------------------------------------------[2024-08-22 12:23:03.356]

SOURCE: AIR
RX_ID: 525, Freq: 131.825MHz
Mode: 2 NACKLabel: 4s Block ID: 2, Msg No: M61A
Flight ID: AC0893 REG: C-FITW


Message content:-
DFR AC0893/22
-------------------------------------------------------[2024-08-22 12:26:03.667]

SOURCE: AIR
RX_ID: 526, Freq: 131.825MHz
Mode: 2 NACKLabel: H1 Block ID: 5, Msg No: O65A
Flight ID: AC0893 REG: C-FITW


Message content:-
#10BSB0122BA_C-FITW  LIRFCYUL190
 44540 0060501225 34003-4701160090H8/9W036054
-------------------------------------------------------[2024-08-22 12:26:23.126]

SOURCE: AIR
RX_ID: 527, Freq: 131.825MHz
Mode: 2 NACKLabel: 4s Block ID: 8, Msg No: M63A
Flight ID: AC0893 REG: C-FITW


Message content:-
DFR AC0874/22
-------------------------------------------------------[2024-08-22 12:30:00.458]

SOURCE: AIR
RX_ID: 528, Freq: 131.825MHz
Mode: 2 NACKLabel: 4R Block ID: 1, Msg No: M64A
Flight ID: AC0893 REG: C-FITW


Message content:-
C314           3BROKEN SEAT BELT 4GSEAT IS UNUSEABLE UNTILFIXED
-------------------------------------------------------[2024-08-22 12:33:10.154]

SOURCE: AIR
RX_ID: 529, Freq: 131.725MHz
Mode: 2 NACKLabel: 15 Block ID: 8, Msg No: M17A
Flight ID: GS0001 REG: N700HA


Message content:-
(2N43569E  5434300 19198-11(Z
-------------------------------------------------------[2024-08-22 12:38:01.300]

SOURCE: AIR
RX_ID: 530, Freq: 131.825MHz
Mode: 2 NACKLabel: 16 Block ID: 5, Msg No: M20A
Flight ID: 6Y0652 REG: 9H-PTP


Message content:-
123953,37990,1333,  12,N 44.172 E  4.813
-------------------------------------------------------[2024-08-22 12:39:54.457]

SOURCE: AIR
RX_ID: 531, Freq: 131.825MHz
Mode: 2 NACKLabel: 16 Block ID: 5, Msg No: M20A
Flight ID: 6Y0652 REG: 9H-PTP


Message content:-
123953,37990,1333,  12,N 44.172 E  4.813
-------------------------------------------------------[2024-08-22 12:40:18.411]

SOURCE: AIR
RX_ID: 532, Freq: 131.825MHz
Mode: 2 NACKLabel: 44 Block ID: 3, Msg No: M46A
Flight ID: GS0000 REG: DAFBS


Message content:-
07*?X.0)Em04UM]..M;kD)m..) Y]?)]{ 6).D44);4m.);m;0)..M+k
-------------------------------------------------------[2024-08-22 12:41:02.442]

SOURCE: AIR
RX_ID: 533, Freq: 131.825MHz
Mode: 2 NACKLabel: 5U Block ID: 6, Msg No: M21A
Flight ID: 6Y0652 REG: 9H-PTP


Message content:-
LFPG LFPO-SA
-------------------------------------------------------[2024-08-22 12:41:03.466]

SOURCE: AIR
RX_ID: 534, Freq: 131.725MHz
Mode: E NACKLabel: H1 Block ID: 3, Msg No: F01A
Flight ID: DL0029 REG: N827MH


Message content:-
#M1BPOSN45046E005487,NED03,124116,320,LTP,124458,BULOL,M42,11610,1121,8108369
-------------------------------------------------------[2024-08-22 12:41:20.183]

SOURCE: AIR
RX_ID: 535, Freq: 131.725MHz
Mode: G NACKLabel: 5U Block ID: 2, Msg No: M00A
Flight ID: GS0001 REG: S5BBV


Message content:-
001WX22124216N4450.2E00434.4368407    
024AQ,LFMD,,,,,,
-------------------------------------------------------[2024-08-22 12:42:18.968]

SOURCE: AIR
RX_ID: 536, Freq: 131.825MHz
Mode: 2 NACKLabel: 44 Block ID: 4, Msg No: M47A
Flight ID: GS0000 REG: DAFBS


Message content:-
09|\L46c+N6BZ8G44,B6scN44c-rG\cGe-Wc41hhc8hNBc8N8Nc44s5s
-------------------------------------------------------[2024-08-22 12:46:02.728]

SOURCE: AIR
RX_ID: 537, Freq: 131.725MHz
Mode: 2 NACKLabel: 15 Block ID: 6, Msg No: M05A
Flight ID: GS0001 REG: N251TX


Message content:-
(2N43117E  6506340  9429-57(Z
-------------------------------------------------------[2024-08-22 12:52:45.095]

SOURCE: AIR
RX_ID: 538, Freq: 131.725MHz
Mode: 2 ACK, A2GLabel: 17 Block ID: 9, Msg No: M48A
Flight ID: XA0001 REG: N98RP


Message content:-
(2/YBD
-------------------------------------------------------[2024-08-22 13:17:07.632]

SOURCE: AIR
RX_ID: 539, Freq: 131.525MHz
Mode: T NACKLabel: 2F Block ID: 8, Msg No: M16A
Flight ID: AF7308 REG: F-GMZA


Message content:-
1319+4471+472/3449
-------------------------------------------------------[2024-08-22 13:19:06.749]

SOURCE: AIR
RX_ID: 540, Freq: 131.725MHz
Mode: 2 NACKLabel: 15 Block ID: 9, Msg No: M58A
Flight ID: XA0001 REG: N98RP


Message content:-
(2N44036E  5411273 19220-16(Z
-------------------------------------------------------[2024-08-22 13:26:09.955]

SOURCE: AIR
RX_ID: 541, Freq: 131.525MHz
Mode: T NACKLabel: 26 Block ID: 1, Msg No: M18A
Flight ID: AF7308 REG: F-GMZA


Message content:-
1329LFPGAF7308/221344LFMN04L
-------------------------------------------------------[2024-08-22 13:29:03.930]

SOURCE: AIR
RX_ID: 542, Freq: 131.525MHz
Mode: T NACKLabel: 2F Block ID: 2, Msg No: M19A
Flight ID: AF7308 REG: F-GMZA


Message content:-
1334+4351+640/1245
-------------------------------------------------------[2024-08-22 13:34:08.900]

SOURCE: AIR
RX_ID: 543, Freq: 131.725MHz
Mode: G NACKLabel: 2T Block ID: 4, Msg No: M12A
Flight ID: AF7465 REG: F-GMZD


Message content:-
4
-------------------------------------------------------[2024-08-22 13:40:41.973]

SOURCE: AIR
RX_ID: 544, Freq: 131.725MHz
Mode: G NACKLabel: H1 Block ID: 3, Msg No: D08A
Flight ID: AF7465 REG: F-GMZD


Message content:-
#DFBA31/A32131,1,1/C1F-GMZD,AUG22,133302,LFMT,LFPG,0044/C202,00000,8100,62,0011,0,1100,62,X/C30265,00029,---,---,7364,232,C51020/C4XXXXX,XXXXX,00028,0265,---/4CN006,---,N0036,073645,---/C5XXXXX,XXXXX,00032,0267
-------------------------------------------------------[2024-08-22 13:48:11.326]

SOURCE: AIR
RX_ID: 545, Freq: 131.725MHz
Mode: G NACKLabel: H1 Block ID: 5, Msg No: D08C
Flight ID: AF7465 REG: F-GMZD


Message content:-
#DFB0393,01171,0242,132/9C0203,157,N0343,073699,009/C04361,XXXXX,01991,0245,257/0CN084,154,N0744,073681,001/E14362,XXXXX,02541,0230,278/1EN016,155,00087,073391,003/E24363,0394,03035,0222,282/2EN000,157,N0496,07
-------------------------------------------------------[2024-08-22 13:48:18.897]

SOURCE: AIR
RX_ID: 546, Freq: 131.725MHz
Mode: G NACKLabel: 2F Block ID: 6, Msg No: M13A
Flight ID: AF7465 REG: F-GMZD


Message content:-
1348+4486+448/2257
-------------------------------------------------------[2024-08-22 13:48:21.751]

SOURCE: AIR
RX_ID: 547, Freq: 131.725MHz
Mode: G NACKLabel: H1 Block ID: 9, Msg No: D08F
Flight ID: AF7465 REG: F-GMZD


Message content:-
#DFB3,0147,274/0E0001,230,N0092,073064,010/N14382,0399,08359,0125,276/1N0001,230,N0010,XXXXXX,013/N24385,0400,09132,0107,281/2N0000,229,N0006,073010,017/N34387,0401,09827,0097,284/3NN000,229,00073,073010,018/N4
-------------------------------------------------------[2024-08-22 13:48:34.039]

SOURCE: AIR
RX_ID: 548, Freq: 131.725MHz
Mode: G NACKLabel: H1 Block ID: 2, Msg No: D08I
Flight ID: AF7465 REG: F-GMZD


Message content:-
#DFBN000,233,N0295,072937,022/S24411,0412,15668,N025,263/2S0000,234,00007,072846,024/S34413,0413,16328,N035,269/3SN003,235,00091,072919,022/S44416,0415,16952,N047,256/4SN003,232,N0516,072901,022/S54419,0416,172
-------------------------------------------------------[2024-08-22 13:48:55.983]

SOURCE: AIR
RX_ID: 549, Freq: 131.725MHz
Mode: G NACKLabel: H1 Block ID: 3, Msg No: D08J
Flight ID: AF7465 REG: F-GMZD


Message content:-
#DFB17,N050,259/5SN003,244,00164,072883,023/S64421,0418,17505,N062,256/6S0004,254,00029,072792,022/S74425,0419,17765,N062,256/7S0000,264,00048,072846,020/S84428,0420,18015,N067,255/8SN003,273,N0111,072828,022/S
-------------------------------------------------------[2024-08-22 13:48:59.858]

SOURCE: AIR
RX_ID: 550, Freq: 131.725MHz
Mode: G NACKLabel: H1 Block ID: 4, Msg No: D08K
Flight ID: AF7465 REG: F-GMZD


Message content:-
#DFB94431,0422,18218,N075,258/9SN004,284,00080,072738,019/S04435,0424,18440,N077,259/0SN004,293,00017,072792,020/T14439,0425,18670,N085,261/1TN003,302,N0155,072756,020/T24442,0427,18881,N090,262/2TN004,310,N012
-------------------------------------------------------[2024-08-22 13:49:03.148]

SOURCE: AIR
RX_ID: 551, Freq: 131.725MHz
Mode: G NACKLabel: 80 Block ID: 1, Msg No: M20A
Flight ID: ZD0719 REG: 9H-LEON


Message content:-
05,53,LFPO,DTTA,0719
-------------------------------------------------------[2024-08-22 14:15:34.980]

SOURCE: AIR
RX_ID: 552, Freq: 131.825MHz
Mode: 2 NACKLabel: SA Block ID: 7, Msg No: S91A
Flight ID: 6Y099V REG: ES-SAB


Message content:-
0EV144130V
-------------------------------------------------------[2024-08-22 14:41:32.165]

SOURCE: AIR
RX_ID: 553, Freq: 131.825MHz
Mode: 2 NACKLabel: 44 Block ID: 4, Msg No: M04A
Flight ID: GS0000 REG: DAHOX


Message content:-
09|\L46c+N64B,G44Bh6hch6hc-|P c-W.+c41hhc8B46c8B81c44,5h
-------------------------------------------------------[2024-08-22 15:03:53.802]

SOURCE: AIR
RX_ID: 554, Freq: 131.725MHz
Mode: X NACKLabel: 16 Block ID: 6, Msg No: M38A
Flight ID: 4X003G REG: 9H-MLD


Message content:-
150523,34019,1639,   6,N 44.298 E  6.517
-------------------------------------------------------[2024-08-22 15:05:25.672]

SOURCE: AIR
RX_ID: 555, Freq: 131.825MHz
Mode: 2 NACKLabel: 44 Block ID: 5, Msg No: M05A
Flight ID: GS0000 REG: DAHOX


Message content:-
06cE5gC7M9C CgLggfg()7.( 7acoI7aS6M7g:  7.)g:7.).`7gg),`
-------------------------------------------------------[2024-08-22 15:08:53.836]

SOURCE: AIR
RX_ID: 556, Freq: 131.525MHz
Mode: T NACKLabel: 2F Block ID: 8, Msg No: M13A
Flight ID: AF7309 REG: F-GMZA


Message content:-
1521+4443+647/2257
-------------------------------------------------------[2024-08-22 15:21:09.296]

SOURCE: AIR
RX_ID: 557, Freq: 131.725MHz
Mode: X NACKLabel: 83 Block ID: 5, Msg No: M03A
Flight ID: UV0001 REG: CJ3


Message content:-
001PR22154434N4358.4E00517.3410455    
-------------------------------------------------------[2024-08-22 15:44:39.868]

SOURCE: AIR
RX_ID: 558, Freq: 131.725MHz
Mode: 2 NACKLabel: 15 Block ID: 6, Msg No: M05A
Flight ID: GS0001 REG: N251TX


Message content:-
(2N43555E  5167075 45429-56(Z
-------------------------------------------------------[2024-08-22 15:54:44.835]

SOURCE: AIR
RX_ID: 559, Freq: 131.725MHz
Mode: 2 NACKLabel: H1 Block ID: 1, Msg No: F82A
Flight ID: ZD0000 REG: HBJGF


Message content:-
#M1B/.POS/TS160540,220824N44004E006310,,160540,200,NOQAS,162140,LERGA,M11,28519,398,8507C36
-------------------------------------------------------[2024-08-22 16:05:43.492]

SOURCE: AIR
RX_ID: 560, Freq: 131.825MHz
Mode: 2 NACKLabel: 8A Block ID: 2, Msg No: M66A
Flight ID: FR5909 REG: EI-HMX


Message content:-
155105,C,LFTW
-------------------------------------------------------[2024-08-22 16:13:37.720]

SOURCE: AIR
RX_ID: 561, Freq: 131.525MHz
Mode: T NACKLabel: 2Z Block ID: 5, Msg No: M59A
Flight ID: AF4146 REG: F-GRHF


Message content:-
LFMN
-------------------------------------------------------[2024-08-22 16:14:30.162]

SOURCE: AIR
RX_ID: 562, Freq: 131.725MHz
Mode: 2 NACKLabel: H1 Block ID: 5, Msg No: F86A
Flight ID: ZD0000 REG: HBJGF


Message content:-
#M1B/.POS/TS161606,220824N44520E005098,,161606,330,NOQAS,162106,LERGA,M45,14124,386,85071B2
-------------------------------------------------------[2024-08-22 16:16:10.184]

SOURCE: AIR
RX_ID: 563, Freq: 131.525MHz
Mode: T NACKLabel: 2F Block ID: 7, Msg No: M60A
Flight ID: AF4146 REG: F-GRHF


Message content:-
1619+4407+558/3033
-------------------------------------------------------[2024-08-22 16:19:57.001]

SOURCE: AIR
RX_ID: 564, Freq: 131.525MHz
Mode: T NACKLabel: 26 Block ID: 8, Msg No: M61A
Flight ID: AF4146 REG: F-GRHF


Message content:-
1622LFPOAF4146/221637LFMN04L
-------------------------------------------------------[2024-08-22 16:22:02.771]

SOURCE: AIR
RX_ID: 565, Freq: 131.725MHz
Mode: 2 NACKLabel: 15 Block ID: 2, Msg No: M11A
Flight ID: GS0001 REG: HBJRW


Message content:-
(2N44008E  5206084  3349-50(Z
-------------------------------------------------------[2024-08-22 16:49:42.983]

SOURCE: AIR
RX_ID: 566, Freq: 131.525MHz
Mode: T NACKLabel: H1 Block ID: 9, Msg No: D58A
Flight ID: AF4147 REG: F-GRHF


Message content:-
#DFBA31/A31931,1,1/C1F-GRHF,AUG22,173626,LFMN,LFPO,4147/C202,00000,8100,12,0011,0,1100,09,X/C30265,00066,---,---,5533,277,C43025/C44364,0720,00065,0265,---/4C0003,---,N0018,055338,---/C5XXXXX,XXXXX,00067,0265,-
-------------------------------------------------------[2024-08-22 17:52:33.332]

SOURCE: AIR
RX_ID: 567, Freq: 131.525MHz
Mode: T NACKLabel: H1 Block ID: 0, Msg No: D58B
Flight ID: AF4147 REG: F-GRHF


Message content:-
#DFB--/5C0000,---,N0004,055320,---/C6XXXXX,XXXXX,00071,0265,---/6C0000,---,N0040,055320,---/C7XXXXX,0720,00084,0252,045/7C0001,099,00129,055283,002/C84365,0721,00117,0250,280/8CN004,155,01464,055229,000/C94366,
-------------------------------------------------------[2024-08-22 17:52:37.647]

SOURCE: AIR
RX_ID: 568, Freq: 131.525MHz
Mode: T NACKLabel: H1 Block ID: 1, Msg No: D58C
Flight ID: AF4147 REG: F-GRHF


Message content:-
#DFB0722,00766,0240,193/9C0248,151,00047,055120,006/C04366,0725,01495,0240,240/0C0268,152,N0034,055338,007/E14365,0726,02169,0232,336/1E0008,153,00328,055229,005/E24364,0727,02932,0220,064/2EN000,155,N0080,0554
-------------------------------------------------------[2024-08-22 17:52:53.632]

SOURCE: AIR
RX_ID: 569, Freq: 131.525MHz
Mode: T NACKLabel: H1 Block ID: 3, Msg No: D58D
Flight ID: AF4147 REG: F-GRHF


Message content:-
#DFB47,005/E34363,0729,03569,0212,093/3E0003,163,00085,055193,004/E44362,0730,04116,0200,006/4E0199,170,N0296,055918,000/E54359,0730,04564,0187,339/5E0225,188,N0745,056209,002/E6XXXXX,0728,05032,0182,024/6E0252
-------------------------------------------------------[2024-08-22 17:53:13.085]

SOURCE: AIR
RX_ID: 570, Freq: 131.525MHz
Mode: T NACKLabel: H1 Block ID: 4, Msg No: D58E
Flight ID: AF4147 REG: F-GRHF


Message content:-
#DFB,213,00780,056064,004/E74358,0725,06180,0167,137/7E0002,209,N0833,056445,001/E84359,0722,07324,0140,312/8EN019,214,00236,056209,006/E9XXXXX,0719,08534,0120,301/9E0004,208,N0142,055918,006/E04359,0716,09588,
-------------------------------------------------------[2024-08-22 17:53:29.253]

SOURCE: AIR
RX_ID: 571, Freq: 131.525MHz
Mode: T NACKLabel: H1 Block ID: 4, Msg No: D58E
Flight ID: AF4147 REG: F-GRHF


Message content:-
#DFB,213,00780,056064,004/E74358,0725,06180,0167,137/7E0002,209,N0833,056445,001/E84359,0722,07324,0140,312/8EN019,214,00236,056209,006/E9XXXXX,0719,08534,0120,301/9E0004,208,N0142,055918,006/E04359,0716,09588,
-------------------------------------------------------[2024-08-22 17:53:42.161]

SOURCE: AIR
RX_ID: 572, Freq: 131.525MHz
Mode: T NACKLabel: H1 Block ID: 8, Msg No: D58I
Flight ID: AF4147 REG: F-GRHF


Message content:-
#DFB003,283,N0145,055918,017/S24386,0687,18849,N092,307/2SN003,282,N0150,055900,017/S34390,0685,19579,N110,310/3SN003,283,00067,055882,015/S44392,0683,20323,N127,301/4SN007,284,N0052,055719,016/S54396,0680,2110
-------------------------------------------------------[2024-08-22 17:54:07.982]

SOURCE: AIR
RX_ID: 573, Freq: 131.525MHz
Mode: T NACKLabel: H1 Block ID: 9, Msg No: D58J
Flight ID: AF4147 REG: F-GRHF


Message content:-
#DFB0,N150,301/5SN002,283,N0026,055828,018/S64398,0678,21854,N172,295/6SN005,282,N0103,055810,017/S74402,0676,22535,N195,301/7SN004,283,N0007,055646,015/S84404,0673,23206,N215,292/8SN003,283,N0013,055755,013/S9
-------------------------------------------------------[2024-08-22 17:54:12.078]

SOURCE: AIR
RX_ID: 574, Freq: 131.525MHz
Mode: T NACKLabel: H1 Block ID: 0, Msg No: D58K
Flight ID: AF4147 REG: F-GRHF


Message content:-
#DFB4408,0671,23783,N232,280/9SN006,283,N0351,055737,014/S04411,0668,23991,N235,287/0SN007,282,N0054,055719,011/T14414,0666,24297,N245,288/1TN003,284,00399,055574,010/T24418,0663,24960,N257,276/2TN002,283,N0101
-------------------------------------------------------[2024-08-22 17:54:16.577]

SOURCE: AIR
RX_ID: 575, Freq: 131.525MHz
Mode: T NACKLabel: 26 Block ID: 3, Msg No: M81A
Flight ID: AF4147 REG: F-GRHF


Message content:-
1800LFMNAF4147/221845LFPO25 
-------------------------------------------------------[2024-08-22 18:00:03.313]

SOURCE: AIR
RX_ID: 576, Freq: 131.525MHz
Mode: T NACKLabel: 2Z Block ID: 2, Msg No: M40A
Flight ID: AF7312 REG: F-GMZA


Message content:-
LFMN
-------------------------------------------------------[2024-08-22 18:17:03.628]

SOURCE: AIR
RX_ID: 577, Freq: 131.525MHz
Mode: T NACKLabel: 2F Block ID: 3, Msg No: M41A
Flight ID: AF7312 REG: F-GMZA


Message content:-
1820+4434+529/3146
-------------------------------------------------------[2024-08-22 18:20:44.413]

SOURCE: AIR
RX_ID: 578, Freq: 131.525MHz
Mode: T NACKLabel: 26 Block ID: 4, Msg No: M42A
Flight ID: AF7312 REG: F-GMZA


Message content:-
1825LFPGAF7312/221840LFMN04L
-------------------------------------------------------[2024-08-22 18:25:04.071]

SOURCE: AIR
RX_ID: 579, Freq: 131.825MHz
Mode: 2 NACKLabel: 16 Block ID: 0, Msg No: M83A
Flight ID: 6Y099V REG: ES-SAB


Message content:-
184731,34027,2002,   6,N 43.897 E  4.737
-------------------------------------------------------[2024-08-22 18:47:33.098]

SOURCE: AIR
RX_ID: 580, Freq: 131.850MHz
Mode: 2 NACKLabel: 16 Block ID: 0, Msg No: M83A
Flight ID: 6Y099V REG: ES-SAB


Message content:-
184731,34027,2002,   6,N 43.897 E  4.737
-------------------------------------------------------[2024-08-22 18:47:44.765]

SOURCE: AIR
RX_ID: 581, Freq: 131.825MHz
Mode: 2 NACKLabel: 5U Block ID: 5, Msg No: M84A
Flight ID: 6Y099V REG: ES-SAB


Message content:-
LFML LFLL LFPG EBBR-SA
-------------------------------------------------------[2024-08-22 18:49:16.309]

SOURCE: AIR
RX_ID: 582, Freq: 131.525MHz
Mode: T NACKLabel: 2F Block ID: 4, Msg No: M59A
Flight ID: AF7313 REG: F-GMZA


Message content:-
1959+4457+641/2754
-------------------------------------------------------[2024-08-22 19:59:34.721]

SOURCE: AIR
RX_ID: 583, Freq: 131.825MHz
Mode: 2 NACKLabel: 5U Block ID: 5, Msg No: M06A
Flight ID: QY1685 REG: OE-LNF


Message content:-
10,WX,222058,QY1685,22,LFML,EDDP,8474751,LSGG,LSZH,EDDS,1,0,
-------------------------------------------------------[2024-08-22 20:58:52.131]

SOURCE: AIR
RX_ID: 584, Freq: 131.525MHz
Mode: T NACKLabel: B9 Block ID: 0, Msg No: L15A
Flight ID: AF6232 REG: F-GRHF


Message content:-
/LFMN.TI2/064LFMNA83AC
-------------------------------------------------------[2024-08-22 21:14:03.152]

SOURCE: AIR
RX_ID: 585, Freq: 131.525MHz
Mode: T NACKLabel: 2Z Block ID: 4, Msg No: M07A
Flight ID: AF6232 REG: F-GRHF


Message content:-
LFMN
-------------------------------------------------------[2024-08-22 21:16:03.366]

SOURCE: AIR
RX_ID: 586, Freq: 131.525MHz
Mode: T NACKLabel: 2F Block ID: 5, Msg No: M08A
Flight ID: AF6232 REG: F-GRHF


Message content:-
2117+4435+524/3136
-------------------------------------------------------[2024-08-22 21:17:07.700]

SOURCE: AIR
RX_ID: 587, Freq: 131.525MHz
Mode: T NACKLabel: 26 Block ID: 7, Msg No: M09A
Flight ID: AF6232 REG: F-GRHF


Message content:-
2123LFPOAF6232/222138LFMN04L
-------------------------------------------------------[2024-08-22 21:23:03.211]

SOURCE: AIR
RX_ID: 588, Freq: 131.825MHz
Mode: 2 NACKLabel: 16 Block ID: 3, Msg No: M50A
Flight ID: 6Y0654 REG: 9H-PTP


Message content:-
221011,35998,2303,  13,N 44.266 E  4.783
-------------------------------------------------------[2024-08-22 22:10:13.751]

SOURCE: AIR
RX_ID: 589, Freq: 131.825MHz
Mode: 2 NACKLabel: H1 Block ID: 3, Msg No: D22F
Flight ID: 6Y0654 REG: 9H-PTP


Message content:-
#DFB,0.798
X7,-00.3,000.4,010,-017,0.798:

-------------------------------------------------------[2024-08-22 22:17:16.485]

SOURCE: AIR
RX_ID: 590, Freq: 131.725MHz
Mode: X NACKLabel: 16 Block ID: 5, Msg No: M72A
Flight ID: XA1246 REG: TC-MCN


Message content:-
235503,37997,0114,  17,N 43.982 E  7.285
-------------------------------------------------------[2024-08-22 23:55:06.426]

