SOURCE: AIR
RX_ID: 0, Freq: 131.825MHz
Mode: 2 NACKLabel: B9 Block ID: 9, Msg No: J05A
Flight ID: F6028P REG: LZ-FSF


Message content:-
/LEAL.TI2/000LEALAACF7
-------------------------------------------------------[2024-09-06 07:07:26.714]

SOURCE: AIR
RX_ID: 1, Freq: 131.825MHz
Mode: 2 NACKLabel: B9 Block ID: 1, Msg No: J06A
Flight ID: F6028P REG: LZ-FSF


Message content:-
/EVRA.TI2/000EVRADB83A
-------------------------------------------------------[2024-09-06 07:07:51.876]

SOURCE: AIR
RX_ID: 2, Freq: 131.825MHz
Mode: 2 NACKLabel: B9 Block ID: 4, Msg No: J07A
Flight ID: F6028P REG: LZ-FSF


Message content:-
/LEAL.TI2/000LEALAACF7
-------------------------------------------------------[2024-09-06 07:08:07.455]

SOURCE: AIR
RX_ID: 3, Freq: 131.850MHz
Mode: 2 NACKLabel: 5U Block ID: 6, Msg No: M19A
Flight ID: F6028P REG: LZ-FSF


Message content:-
LEAL-SA
-------------------------------------------------------[2024-09-06 07:08:55.181]

SOURCE: AIR
RX_ID: 4, Freq: 131.725MHz
Mode: G NACKLabel: H1 Block ID: 5, Msg No: F40A
Flight ID: UA0272 REG: N657UA


Message content:-
#M2BPOSN43255E005233,,072303,222,ABLAK,072343,ABILI,M18,25314,186,/DTLFMN,04L, 17,074029,/TS072303,060924B7A7
-------------------------------------------------------[2024-09-06 07:23:05.727]

SOURCE: AIR
RX_ID: 5, Freq: 131.525MHz
Mode: T NACKLabel: 2T Block ID: 9, Msg No: M41A
Flight ID: AF7302 REG: F-GMZD


Message content:-
4
-------------------------------------------------------[2024-09-06 07:54:42.200]

SOURCE: AIR
RX_ID: 6, Freq: 131.725MHz
Mode: 2 NACKLabel: 16 Block ID: 6, Msg No: M34A
Flight ID: TS0402 REG: C-GPTS


Message content:-
075448,41004,0852, 234,N 45.184,E  6.401
-------------------------------------------------------[2024-09-06 07:54:52.440]

SOURCE: AIR
RX_ID: 7, Freq: 131.525MHz
Mode: T NACKLabel: 2Z Block ID: 1, Msg No: M42A
Flight ID: AF7302 REG: F-GMZD


Message content:-
LFMN
-------------------------------------------------------[2024-09-06 07:58:07.002]

SOURCE: AIR
RX_ID: 8, Freq: 131.525MHz
Mode: T NACKLabel: B9 Block ID: 2, Msg No: L13A
Flight ID: AF7302 REG: F-GMZD


Message content:-
/LFMN.TI2/064LFMNA83AC
-------------------------------------------------------[2024-09-06 07:58:31.761]

SOURCE: AIR
RX_ID: 9, Freq: 131.525MHz
Mode: T NACKLabel: 2F Block ID: 7, Msg No: M43A
Flight ID: AF7302 REG: F-GMZD


Message content:-
0800+4444+517/3248
-------------------------------------------------------[2024-09-06 08:00:13.140]

SOURCE: AIR
RX_ID: 10, Freq: 131.825MHz
Mode: 2 NACKLabel: H1 Block ID: 1, Msg No: D35B
Flight ID: AA0720 REG: N799AN


Message content:-
#DFB213204680.0450.022 73.37-140.63 40720-54 197OFF
 45.5418   1.5904389994206004770.0090.006 71.12-128.32 40000-54 197OFF
 45.4652   2.1988389994199204810.0100.006 68.50-128.67 39320-55 197OFF
-------------------------------------------------------[2024-09-06 08:03:05.174]

SOURCE: AIR
RX_ID: 11, Freq: 131.525MHz
Mode: T NACKLabel: 26 Block ID: 8, Msg No: M44A
Flight ID: AF7302 REG: F-GMZD


Message content:-
0805LFPGAF7302/060820LFMN04L
-------------------------------------------------------[2024-09-06 08:05:03.777]

SOURCE: AIR
RX_ID: 12, Freq: 131.825MHz
Mode: 2 NACKLabel: H1 Block ID: 3, Msg No: F01A
Flight ID: AA0720 REG: N799AN


Message content:-
#M1BPOSN44378E005126,BEPER,080700,390,RETNO,080947,KOLON,M57,25646,358CA0A
-------------------------------------------------------[2024-09-06 08:07:02.563]

SOURCE: AIR
RX_ID: 13, Freq: 131.825MHz
Mode: 2 NACKLabel: H1 Block ID: 4, Msg No: F02A
Flight ID: AA0720 REG: N799AN


Message content:-
#M1BPOSN44262E005406,RET-04,080943,390,KOL-05,081754,RAP-06,M57,25943,35225DB
-------------------------------------------------------[2024-09-06 08:09:45.565]

SOURCE: AIR
RX_ID: 14, Freq: 131.725MHz
Mode: 2 NACKLabel: SA Block ID: 1, Msg No: S29A
Flight ID: GR0000 REG: FHRDG


Message content:-
0EV080647V/
-------------------------------------------------------[2024-09-06 08:10:25.099]

SOURCE: AIR
RX_ID: 15, Freq: 131.725MHz
Mode: 2 NACKLabel: SA Block ID: 1, Msg No: S29A
Flight ID: GR0000 REG: FHRDG


Message content:-
0EV080647V/
-------------------------------------------------------[2024-09-06 08:10:33.074]

SOURCE: AIR
RX_ID: 16, Freq: 131.725MHz
Mode: 2 NACKLabel: SA Block ID: 1, Msg No: S29A
Flight ID: GR0000 REG: FHRDG


Message content:-
0EV080647V/
-------------------------------------------------------[2024-09-06 08:10:41.081]

SOURCE: AIR
RX_ID: 17, Freq: 131.725MHz
Mode: 2 NACKLabel: SA Block ID: 1, Msg No: S29A
Flight ID: GR0000 REG: FHRDG


Message content:-
0EV080647V/
-------------------------------------------------------[2024-09-06 08:10:51.103]

SOURCE: AIR
RX_ID: 18, Freq: 131.725MHz
Mode: 2 NACKLabel: SA Block ID: 1, Msg No: S29A
Flight ID: GR0000 REG: FHRDG


Message content:-
0EV080647V/
-------------------------------------------------------[2024-09-06 08:11:01.158]

SOURCE: AIR
RX_ID: 19, Freq: 131.725MHz
Mode: X NACKLabel: SA Block ID: 4, Msg No: S29A
Flight ID: GR0000 REG: FHRDG


Message content:-
0EV080647V/
-------------------------------------------------------[2024-09-06 08:11:11.185]

SOURCE: AIR
RX_ID: 20, Freq: 131.725MHz
Mode: X NACKLabel: SA Block ID: 4, Msg No: S29A
Flight ID: GR0000 REG: FHRDG


Message content:-
0EV080647V/
-------------------------------------------------------[2024-09-06 08:11:19.157]

SOURCE: AIR
RX_ID: 21, Freq: 131.725MHz
Mode: X NACKLabel: SA Block ID: 4, Msg No: S29A
Flight ID: GR0000 REG: FHRDG


Message content:-
0EV080647V/
-------------------------------------------------------[2024-09-06 08:11:29.214]

SOURCE: AIR
RX_ID: 22, Freq: 131.725MHz
Mode: 2 NACKLabel: SA Block ID: 5, Msg No: S29A
Flight ID: GR0000 REG: FHRDG


Message content:-
0EV080647V/
-------------------------------------------------------[2024-09-06 08:11:38.216]

SOURCE: AIR
RX_ID: 23, Freq: 131.725MHz
Mode: 2 NACKLabel: SA Block ID: 5, Msg No: S29A
Flight ID: GR0000 REG: FHRDG


Message content:-
0EV080647V/
-------------------------------------------------------[2024-09-06 08:11:48.047]

SOURCE: AIR
RX_ID: 24, Freq: 131.725MHz
Mode: G NACKLabel: SA Block ID: 7, Msg No: S29A
Flight ID: GR0000 REG: FHRDG


Message content:-
0EV080647V/
-------------------------------------------------------[2024-09-06 08:11:57.265]

SOURCE: AIR
RX_ID: 25, Freq: 131.725MHz
Mode: G NACKLabel: SA Block ID: 7, Msg No: S29A
Flight ID: GR0000 REG: FHRDG


Message content:-
0EV080647V/
-------------------------------------------------------[2024-09-06 08:12:04.433]

SOURCE: AIR
RX_ID: 26, Freq: 131.725MHz
Mode: G NACKLabel: SA Block ID: 7, Msg No: S29A
Flight ID: GR0000 REG: FHRDG


Message content:-
0EV080647V/
-------------------------------------------------------[2024-09-06 08:12:14.673]

SOURCE: AIR
RX_ID: 27, Freq: 131.725MHz
Mode: 2 NACKLabel: SA Block ID: 8, Msg No: S29A
Flight ID: GR0000 REG: FHRDG


Message content:-
0EV080647V/
-------------------------------------------------------[2024-09-06 08:12:26.340]

SOURCE: AIR
RX_ID: 28, Freq: 131.725MHz
Mode: 2 NACKLabel: SA Block ID: 8, Msg No: S29A
Flight ID: GR0000 REG: FHRDG


Message content:-
0EV080647V/
-------------------------------------------------------[2024-09-06 08:12:35.556]

SOURCE: AIR
RX_ID: 29, Freq: 131.725MHz
Mode: G NACKLabel: SA Block ID: 0, Msg No: S29A
Flight ID: GR0000 REG: FHRDG


Message content:-
0EV080647V/
-------------------------------------------------------[2024-09-06 08:12:48.062]

SOURCE: AIR
RX_ID: 30, Freq: 131.725MHz
Mode: G NACKLabel: SA Block ID: 0, Msg No: S29A
Flight ID: GR0000 REG: FHRDG


Message content:-
0EV080647V/
-------------------------------------------------------[2024-09-06 08:12:55.414]

SOURCE: AIR
RX_ID: 31, Freq: 131.725MHz
Mode: G NACKLabel: SA Block ID: 0, Msg No: S29A
Flight ID: GR0000 REG: FHRDG


Message content:-
0EV080647V/
-------------------------------------------------------[2024-09-06 08:13:06.275]

SOURCE: AIR
RX_ID: 32, Freq: 131.725MHz
Mode: X NACKLabel: SA Block ID: 1, Msg No: S29A
Flight ID: GR0000 REG: FHRDG


Message content:-
0EV080647V/
-------------------------------------------------------[2024-09-06 08:13:18.380]

SOURCE: AIR
RX_ID: 33, Freq: 131.725MHz
Mode: X NACKLabel: SA Block ID: 1, Msg No: S29A
Flight ID: GR0000 REG: FHRDG


Message content:-
0EV080647V/
-------------------------------------------------------[2024-09-06 08:13:36.191]

SOURCE: AIR
RX_ID: 34, Freq: 131.725MHz
Mode: X NACKLabel: SA Block ID: 4, Msg No: S29A
Flight ID: GR0000 REG: FHRDG


Message content:-
0EV080647V/
-------------------------------------------------------[2024-09-06 08:14:03.436]

SOURCE: AIR
RX_ID: 35, Freq: 131.825MHz
Mode: 2 NACKLabel: 5Z Block ID: 5, Msg No: M38A
Flight ID: AA0720 REG: N799AN


Message content:-
OS LIRF /FTM
SO SORRY 2 ASK BUT DID
FCO OPS SAY THEYLL CALL
EL AL//QM//  IM NOT SURE
OUR CUST SVC CAN ASSIST
MUCH..NEED ELAL 2 KNOW.
THEY WONT WAIT IF THEY
DONT KNOW.SO SORRY.PAX
IS SUPER GRATEFUL 4 HEL
-------------------------------------------------------[2024-09-06 08:14:04.645]

SOURCE: AIR
RX_ID: 36, Freq: 131.825MHz
Mode: 2 NACKLabel: 5Z Block ID: 6, Msg No: M38B
Flight ID: AA0720 REG: N799AN


Message content:-
P
-------------------------------------------------------[2024-09-06 08:14:11.193]

SOURCE: AIR
RX_ID: 37, Freq: 131.725MHz
Mode: X NACKLabel: SA Block ID: 4, Msg No: S29A
Flight ID: GR0000 REG: FHRDG


Message content:-
0EV080647V/
-------------------------------------------------------[2024-09-06 08:14:13.241]

SOURCE: AIR
RX_ID: 38, Freq: 131.725MHz
Mode: X NACKLabel: SA Block ID: 4, Msg No: S29A
Flight ID: GR0000 REG: FHRDG


Message content:-
0EV080647V/
-------------------------------------------------------[2024-09-06 08:14:23.296]

SOURCE: AIR
RX_ID: 39, Freq: 131.725MHz
Mode: 2 NACKLabel: SA Block ID: 5, Msg No: S29A
Flight ID: GR0000 REG: FHRDG


Message content:-
0EV080647V/
-------------------------------------------------------[2024-09-06 08:14:35.370]

SOURCE: AIR
RX_ID: 40, Freq: 131.825MHz
Mode: 2 NACKLabel: 5Z Block ID: 7, Msg No: M39A
Flight ID: AA0720 REG: N799AN


Message content:-
OS LIRF /ALT00000905
-------------------------------------------------------[2024-09-06 08:17:39.500]

SOURCE: AIR
RX_ID: 41, Freq: 131.825MHz
Mode: 2 NACKLabel: H1 Block ID: 9, Msg No: F03A
Flight ID: AA0720 REG: N799AN


Message content:-
#M1BPOSN43480E007017,KOL-05,081751,390,RAP-06,082813,RAT-07,M57,27449,335CB97
-------------------------------------------------------[2024-09-06 08:17:53.617]

SOURCE: AIR
RX_ID: 42, Freq: 131.825MHz
Mode: 2 NACKLabel: H1 Block ID: 0, Msg No: D36A
Flight ID: AA0720 REG: N799AN


Message content:-
#DFBTRP KCLT LIRF 07  8 693   1  0 080555
 45.3825   2.8043390014192804820.0050.003 61.63-124.45 38680-56 197OFF
 45.2663   3.3910390054186404820.0050.003 60.50-123.75 38040-56 197OFF
 45.0852   3.9352390004
-------------------------------------------------------[2024-09-06 08:18:00.165]

SOURCE: AIR
RX_ID: 43, Freq: 131.825MHz
Mode: 2 ACK, A2GLabel: H1 Block ID: 1, Msg No: D36B
Flight ID: AA0720 REG: N799AN


Message content:-
#DFB179604780.0060.004 58.13-114.96 37360-56 197OFF
 44.9003   4.4785389994173204810.0050.002 51.25-108.98 36720-56 197OFF
 44.7087   5.0170389994166404800.0060.003 49.75-104.77 36040-57 197OFF
-------------------------------------------------------[2024-09-06 08:18:07.736]

SOURCE: AIR
RX_ID: 44, Freq: 131.825MHz
Mode: 2 NACKLabel: 16 Block ID: 4, Msg No: M40A
Flight ID: AA0720 REG: N799AN


Message content:-
POSA1N43553E  7538,KOL-05 ,081752,390,RAP-06 ,082813,,-57, 47, 332,841
-------------------------------------------------------[2024-09-06 08:20:59.188]

SOURCE: AIR
RX_ID: 45, Freq: 131.825MHz
Mode: 2 NACKLabel: 16 Block ID: 8, Msg No: M40A
Flight ID: FRRYR8 REG: EI-EFD


Message content:-
082439,,0924, 123,N   .    MMMM.MMM
-------------------------------------------------------[2024-09-06 08:24:42.638]

SOURCE: AIR
RX_ID: 46, Freq: 131.725MHz
Mode: 2 NACKLabel: H1 Block ID: 3, Msg No: C03A
Flight ID: TU0634 REG: TS-IMR


Message content:-
#CFBWRN/WN24090608240046200006DATALINK COMPANY FAULT  
-------------------------------------------------------[2024-09-06 08:24:51.234]

SOURCE: AIR
RX_ID: 47, Freq: 131.825MHz
Mode: 2 NACKLabel: H1 Block ID: 8, Msg No: C05A
Flight ID: VY731B REG: EC-LAB


Message content:-
#CFBWRN/WN24090608410046200006DATALINK COMPANY FAULT  
-------------------------------------------------------[2024-09-06 08:42:14.705]

SOURCE: AIR
RX_ID: 48, Freq: 131.825MHz
Mode: 2 NACKLabel: H1 Block ID: 8, Msg No: C05A
Flight ID: VY731B REG: EC-LAB


Message content:-
#CFBWRN/WN24090608410046200006DATALINK COMPANY FAULT  
-------------------------------------------------------[2024-09-06 08:42:39.719]

SOURCE: AIR
RX_ID: 49, Freq: 131.725MHz
Mode: X NACKLabel: H1 Block ID: 0, Msg No: D42A
Flight ID: DL0233 REG: N172DZ


Message content:-
#DFB239N172DZ0233090624084951799 4402   673340-18-47258 3512-167 89600
 277 444----3036516AH4F-LIRNKJFK
-------------------------------------------------------[2024-09-06 08:50:07.217]

SOURCE: AIR
RX_ID: 50, Freq: 131.725MHz
Mode: X NACKLabel: H1 Block ID: 1, Msg No: F67A
Flight ID: DL0192 REG: N194DN


Message content:-
#M2BPOSN45228E005535,BAL19,085054,390,ROBEX,085506,LAPRI,M58,25645,296,790D1F2
-------------------------------------------------------[2024-09-06 08:50:57.976]

SOURCE: AIR
RX_ID: 51, Freq: 131.725MHz
Mode: X NACKLabel: H1 Block ID: 1, Msg No: F67A
Flight ID: DL0192 REG: N194DN


Message content:-
#M2BPOSN45228E005535,BAL19,085054,390,ROBEX,085506,LAPRI,M58,25645,296,790D1F2
-------------------------------------------------------[2024-09-06 08:51:07.632]

SOURCE: AIR
RX_ID: 52, Freq: 131.725MHz
Mode: 2 NACKLabel: SA Block ID: 3, Msg No: S16A
Flight ID: GR0000 REG: OKPHE


Message content:-
0EV084117V/
-------------------------------------------------------[2024-09-06 08:53:27.697]

SOURCE: AIR
RX_ID: 53, Freq: 131.725MHz
Mode: 2 NACKLabel: SA Block ID: 3, Msg No: S16A
Flight ID: GR0000 REG: OKPHE


Message content:-
0EV084117V/
-------------------------------------------------------[2024-09-06 08:53:34.646]

SOURCE: AIR
RX_ID: 54, Freq: 131.725MHz
Mode: X NACKLabel: 4H Block ID: 1, Msg No: M08A
Flight ID: DL0233 REG: N172DZ


Message content:-
06084H LIRN KJFK6
  
WPR RESET





-------------------------------------------------------[2024-09-06 08:55:08.451]

SOURCE: AIR
RX_ID: 55, Freq: 131.725MHz
Mode: X NACKLabel: H1 Block ID: 3, Msg No: F84A
Flight ID: DL0233 REG: N172DZ


Message content:-
#M1BREJPOS,085514,130,219,RF101,RIFFI3000
-------------------------------------------------------[2024-09-06 08:55:17.668]

SOURCE: AIR
RX_ID: 56, Freq: 131.725MHz
Mode: 2 NACKLabel: SA Block ID: 2, Msg No: S16A
Flight ID: GR0000 REG: OKPHE


Message content:-
0EV084117V/
-------------------------------------------------------[2024-09-06 09:03:17.325]

SOURCE: AIR
RX_ID: 57, Freq: 131.725MHz
Mode: 2 NACKLabel: SA Block ID: 2, Msg No: S16A
Flight ID: GR0000 REG: OKPHE


Message content:-
0EV084117V/
-------------------------------------------------------[2024-09-06 09:03:25.325]

SOURCE: AIR
RX_ID: 58, Freq: 131.725MHz
Mode: 2 NACKLabel: SA Block ID: 2, Msg No: S16A
Flight ID: GR0000 REG: OKPHE


Message content:-
0EV084117V/
-------------------------------------------------------[2024-09-06 09:03:32.492]

SOURCE: AIR
RX_ID: 59, Freq: 131.725MHz
Mode: E NACKLabel: SA Block ID: 4, Msg No: S23A
Flight ID: GR0000 REG: OKPHE


Message content:-
0EV085119V/
-------------------------------------------------------[2024-09-06 09:03:59.117]

SOURCE: AIR
RX_ID: 60, Freq: 131.825MHz
Mode: 2 NACKLabel: B9 Block ID: 7, Msg No: M32A
Flight ID: NW0182 REG: N829NW


Message content:-
/LIRF.TI2/040LIRFAD7FB
-------------------------------------------------------[2024-09-06 09:13:13.732]

SOURCE: AIR
RX_ID: 61, Freq: 131.825MHz
Mode: 2 NACKLabel: H1 Block ID: 1, Msg No: F30A
Flight ID: AA0239 REG: N773AN


Message content:-
#M1BPOSN44086E006534,BAR-01,092826,320,OKT-02,093133,GIPNO,M41,25637,2032814F
-------------------------------------------------------[2024-09-06 09:28:29.196]

SOURCE: AIR
RX_ID: 62, Freq: 131.825MHz
Mode: 2 NACKLabel: H1 Block ID: 2, Msg No: D40A
Flight ID: AA0239 REG: N773AN


Message content:-
#DFBTRP LIRF KDFW 07  8 105   0  0 091637
 42.6055  10.3002270836262404830.0310.021 40.00 -81.56211640-29 343OFF
 42.8561   9.9172296266248404990.0100.005 44.63 -80.16210240-35 306OFF
 43.0389   9.4735320076
-------------------------------------------------------[2024-09-06 09:28:41.484]

SOURCE: AIR
RX_ID: 63, Freq: 131.725MHz
Mode: X NACKLabel: 16 Block ID: 8, Msg No: M44A
Flight ID: TS0308 REG: C-GUFR


Message content:-
094718,41001,1051, 256,N 45.483,E  5.296
-------------------------------------------------------[2024-09-06 09:47:26.429]

SOURCE: AIR
RX_ID: 64, Freq: 131.725MHz
Mode: E NACKLabel: H1 Block ID: 8, Msg No: F07A
Flight ID: DL0025 REG: N841MH


Message content:-
#M1BREQPWI/DQ3708CA4
-------------------------------------------------------[2024-09-06 09:48:53.692]

SOURCE: AIR
RX_ID: 65, Freq: 131.725MHz
Mode: E NACKLabel: H1 Block ID: 8, Msg No: F08C
Flight ID: DL0025 REG: N841MH


Message content:-
#M1BRW08L.TROYS/DQ370F445
-------------------------------------------------------[2024-09-06 09:50:12.540]

SOURCE: AIR
RX_ID: 66, Freq: 131.825MHz
Mode: 2 NACKLabel: SA Block ID: 4, Msg No: S13A
Flight ID: AA0235 REG: N726AN


Message content:-
0EV095011VS
-------------------------------------------------------[2024-09-06 09:50:12.942]

SOURCE: AIR
RX_ID: 67, Freq: 131.725MHz
Mode: E ACK, A2GLabel: H1 Block ID: 0, Msg No: F09A
Flight ID: DL0025 REG: N841MH


Message content:-
#M1BPOSN45061E005527,NED02,094956,300,LTP03,095340,BUL04,M36,24543,1242,80032E9
-------------------------------------------------------[2024-09-06 09:50:34.043]

SOURCE: AIR
RX_ID: 68, Freq: 131.525MHz
Mode: T NACKLabel: 2F Block ID: 9, Msg No: M64A
Flight ID: AF7303 REG: F-GMZD


Message content:-
0950+4452+621/2557
-------------------------------------------------------[2024-09-06 09:50:45.708]

SOURCE: AIR
RX_ID: 69, Freq: 131.825MHz
Mode: 2 NACKLabel: SA Block ID: 7, Msg No: S17A
Flight ID: AA0235 REG: N726AN


Message content:-
0EV095059VS
-------------------------------------------------------[2024-09-06 09:51:00.667]

SOURCE: AIR
RX_ID: 70, Freq: 131.525MHz
Mode: T NACKLabel: B9 Block ID: 0, Msg No: L17A
Flight ID: AF7303 REG: F-GMZD


Message content:-
/LFPG.TI2/064LFPGA3806
-------------------------------------------------------[2024-09-06 09:53:40.631]

SOURCE: AIR
RX_ID: 71, Freq: 131.525MHz
Mode: T NACKLabel: B9 Block ID: 0, Msg No: L17A
Flight ID: AF7303 REG: F-GMZD


Message content:-
/LFPG.TI2/064LFPGA3806
-------------------------------------------------------[2024-09-06 09:53:59.870]

SOURCE: AIR
RX_ID: 72, Freq: 131.525MHz
Mode: 2 NACKLabel: B9 Block ID: 0, Msg No: L17A
Flight ID: AF7303 REG: F-GMZD


Message content:-
/LFPG.TI2/064LFPGA3806
-------------------------------------------------------[2024-09-06 09:54:08.464]

SOURCE: AIR
RX_ID: 73, Freq: 131.525MHz
Mode: 2 NACKLabel: B9 Block ID: 0, Msg No: L17A
Flight ID: AF7303 REG: F-GMZD


Message content:-
/LFPG.TI2/064LFPGA3806
-------------------------------------------------------[2024-09-06 09:54:30.990]

SOURCE: AIR
RX_ID: 74, Freq: 131.725MHz
Mode: 2 NACKLabel: B9 Block ID: 0, Msg No: L17A
Flight ID: AF7303 REG: F-GMZD


Message content:-
/LFPG.TI2/064LFPGA3806
-------------------------------------------------------[2024-09-06 09:54:40.828]

SOURCE: AIR
RX_ID: 75, Freq: 131.725MHz
Mode: X ACK, A2GLabel: SA Block ID: 1, Msg No: S35A
Flight ID: AF7303 REG: F-GMZD


Message content:-
0EV095439V
-------------------------------------------------------[2024-09-06 09:54:53.928]

SOURCE: AIR
RX_ID: 76, Freq: 131.725MHz
Mode: X NACKLabel: B9 Block ID: 9, Msg No: J18A
Flight ID: TS0308 REG: C-GUFR


Message content:-
/LIRF.TI2/000LIRFA163D
-------------------------------------------------------[2024-09-06 09:55:31.006]

SOURCE: AIR
RX_ID: 77, Freq: 131.725MHz
Mode: X ACK, A2GLabel: B9 Block ID: 9, Msg No: J18A
Flight ID: TS0308 REG: C-GUFR


Message content:-
/LIRF.TI2/000LIRFA163D
-------------------------------------------------------[2024-09-06 09:55:36.748]

SOURCE: AIR
RX_ID: 78, Freq: 131.725MHz
Mode: X NACKLabel: B6 Block ID: 9, Msg No: J04A
Flight ID: SN04UR REG: OO-SFF


Message content:-
/ALGCAYA.ADS.OO-SFF030168AF
-------------------------------------------------------[2024-09-06 09:58:46.809]

SOURCE: AIR
RX_ID: 79, Freq: 131.725MHz
Mode: X NACKLabel: B6 Block ID: 9, Msg No: J04A
Flight ID: SN04UR REG: OO-SFF


Message content:-
/ALGCAYA.ADS.OO-SFF030168AF
-------------------------------------------------------[2024-09-06 09:58:49.260]

SOURCE: AIR
RX_ID: 80, Freq: 131.725MHz
Mode: E NACKLabel: 20 Block ID: 5, Msg No: M77A
Flight ID: KL0591 REG: PH-BVI


Message content:-
RST07A06100200KLM591  EHAMFAOR
-------------------------------------------------------[2024-09-06 10:02:38.636]

SOURCE: AIR
RX_ID: 81, Freq: 131.725MHz
Mode: E NACKLabel: 20 Block ID: 5, Msg No: M77A
Flight ID: KL0591 REG: PH-BVI


Message content:-
RST07A06100200KLM591  EHAMFAOR
-------------------------------------------------------[2024-09-06 10:02:51.728]

SOURCE: AIR
RX_ID: 82, Freq: 131.725MHz
Mode: G NACKLabel: 16 Block ID: 2, Msg No: M41A
Flight ID: TS0434 REG: C-GUBC


Message content:-
100406,7039,1014, 201,N 43.890,E  4.812
-------------------------------------------------------[2024-09-06 10:04:10.981]

SOURCE: AIR
RX_ID: 83, Freq: 131.725MHz
Mode: E NACKLabel: H1 Block ID: 6, Msg No: D40A
Flight ID: DL0024 REG: N826MH


Message content:-
#DFB221N1802 0024060924101935313265349781-21-49 -1             901 901
    636640    4928 4936     09640967    105 98    54 57   123129   40
0296   0303  0102  591603   1068  8 33     66  63    000100100XX-22
-------------------------------------------------------[2024-09-06 10:19:51.653]

SOURCE: AIR
RX_ID: 84, Freq: 131.725MHz
Mode: E NACKLabel: H1 Block ID: 7, Msg No: D40B
Flight ID: DL0024 REG: N826MH


Message content:-
#DFB3 
 0
-------------------------------------------------------[2024-09-06 10:19:54.719]

SOURCE: AIR
RX_ID: 85, Freq: 131.725MHz
Mode: E NACKLabel: H1 Block ID: 7, Msg No: D40B
Flight ID: DL0024 REG: N826MH


Message content:-
#DFB3 
 0
-------------------------------------------------------[2024-09-06 10:20:01.703]

SOURCE: AIR
RX_ID: 86, Freq: 131.825MHz
Mode: 2 NACKLabel: 83 Block ID: 6, Msg No: M12A
Flight ID: GS0001 REG: DCSMC


Message content:-
001PR06102144N4258.5E00536.4399429    
-------------------------------------------------------[2024-09-06 10:21:47.578]

SOURCE: AIR
RX_ID: 87, Freq: 131.725MHz
Mode: E NACKLabel: H1 Block ID: 8, Msg No: F19A
Flight ID: DL0024 REG: N826MH


Message content:-
#M1BPOSN44296E005044,NISAR,102144,338,XIRBI,102311,DOTIG,M46,23347,257,7809AEB
-------------------------------------------------------[2024-09-06 10:21:48.387]

SOURCE: AIR
RX_ID: 88, Freq: 131.725MHz
Mode: E NACKLabel: H1 Block ID: 9, Msg No: D41A
Flight ID: DL0024 REG: N826MH


Message content:-
#DFB239N1802 0024090624102636735 4413   569238  4-22213 31XX-223 23800
 316 44600291361300J8/9WKATLLFMN
-------------------------------------------------------[2024-09-06 10:26:50.058]

SOURCE: AIR
RX_ID: 89, Freq: 131.725MHz
Mode: E NACKLabel: H1 Block ID: 0, Msg No: D42A
Flight ID: DL0024 REG: N826MH


Message content:-
#DFBENGINE BLEED REPORT

AID:N1802  DA:06/09    GMT:10:28    FNO:1009      ISFC: 3625
TAT: 107  SAT:-103   ALT: 18988   MACH:0631    FCNT:   14
GW:313080  FLT:0024-1  MODE:DESC    SID:AK-67-223
S/N L:70700
-------------------------------------------------------[2024-09-06 10:29:07.057]

SOURCE: AIR
RX_ID: 90, Freq: 131.725MHz
Mode: E NACKLabel: H1 Block ID: 1, Msg No: D42B
Flight ID: DL0024 REG: N826MH


Message content:-
#DFB0         DEPART:KATL    DESTIN:LFMN
S/N R:707000

               ENG L     ENG R
HPSOV          OPN       OPN
PRV            OPN       OPN
PRSOV          OPN       OPN
FAV %            -221     -142
-------------------------------------------------------[2024-09-06 10:29:10.749]

SOURCE: AIR
RX_ID: 91, Freq: 131.725MHz
Mode: E NACKLabel: H1 Block ID: 2, Msg No: D42C
Flight ID: DL0024 REG: N826MH


Message content:-
#DFB
N1 SPD          3988     3988
HI STG PRESS    4150     4200
INTERM PRESS1    3345     3144
INTERM PRESS2    3227     3553
STRUT OVHT     NRML      NRML
DUCT PRESS       3075     3250
P-COOL TEMP    
-------------------------------------------------------[2024-09-06 10:29:14.845]

SOURCE: AIR
RX_ID: 92, Freq: 131.725MHz
Mode: E NACKLabel: H1 Block ID: 3, Msg No: D42D
Flight ID: DL0024 REG: N826MH


Message content:-
#DFB37381    36716
PACK HX TEMP    34297    33806
PACK FLOW       11534    10892
WING ANTI ICE  OFF
LT  ISO VLV    CLS
RT  ISO VLV    CLS
CTR ISO VLV    OPN

TRIGGER CODE   0000

STATUS WORDS  DW1  DW
-------------------------------------------------------[2024-09-06 10:29:18.540]

SOURCE: AIR
RX_ID: 93, Freq: 131.725MHz
Mode: E NACKLabel: H1 Block ID: 4, Msg No: D42E
Flight ID: DL0024 REG: N826MH


Message content:-
#DFB2  DW3  DW4  DW5  DW6  DW7  DW8  EICAS
LEFT          0000 0001 0000 0000 0000 0000 1040 0000 0000
RIGHT         0000 0001 0000 0000 0000 0000 1040 0000 0000

-------------------------------------------------------[2024-09-06 10:29:22.415]

SOURCE: AIR
RX_ID: 94, Freq: 131.825MHz
Mode: 2 NACKLabel: 24 Block ID: 2, Msg No: M56A
Flight ID: NW0113 REG: N821NW


Message content:-
061024 LIRF KBOS7
/FN 0113
-------------------------------------------------------[2024-09-06 10:37:59.139]

SOURCE: AIR
RX_ID: 95, Freq: 131.825MHz
Mode: 2 NACKLabel: 83 Block ID: 9, Msg No: M14A
Flight ID: GS0001 REG: DCSMC


Message content:-
001PR06104211N4517.0E00651.3399437    
-------------------------------------------------------[2024-09-06 10:42:15.144]

SOURCE: AIR
RX_ID: 96, Freq: 131.725MHz
Mode: X NACKLabel: H1 Block ID: 5, Msg No: D09A
Flight ID: KL0535 REG: PH-AOE


Message content:-
#DFB(POS-KLM535  -4343N00520E/104952 F360
RMK/FUEL  47.8 M0.83)
-------------------------------------------------------[2024-09-06 10:50:08.462]

SOURCE: AIR
RX_ID: 97, Freq: 131.725MHz
Mode: X NACKLabel: H1 Block ID: 6, Msg No: C12A
Flight ID: KL0535 REG: PH-AOE


Message content:-
#CFB.1/FLR/FR2409061052  38314106VSC    X2,,,,,,,LAV 61,HARD
-------------------------------------------------------[2024-09-06 10:53:49.829]

SOURCE: AIR
RX_ID: 98, Freq: 131.825MHz
Mode: 2 ACK, A2GLabel: B9 Block ID: 9, Msg No: M25A
Flight ID: LH077P REG: D-AIRY


Message content:-
/LPPT.TI2/024LPPTA93DE
-------------------------------------------------------[2024-09-06 10:58:11.977]

SOURCE: AIR
RX_ID: 99, Freq: 131.825MHz
Mode: 2 NACKLabel: B9 Block ID: 4, Msg No: M39A
Flight ID: NW0148 REG: N823NW


Message content:-
/LIRF.TI2/040LIRFAD7FB
-------------------------------------------------------[2024-09-06 11:04:28.827]

SOURCE: AIR
RX_ID: 100, Freq: 131.825MHz
Mode: 2 NACKLabel: H1 Block ID: 5, Msg No: A07A
Flight ID: GS0000 REG: JYCII


Message content:-
#M1B/.RESREQ/AK,115/TS113413,060924
-------------------------------------------------------[2024-09-06 11:34:15.886]

SOURCE: AIR
RX_ID: 101, Freq: 131.825MHz
Mode: 2 NACKLabel: H1 Block ID: 6, Msg No: A08A
Flight ID: GS0000 REG: JYCII


Message content:-
#M1B/.POS/TS113413,060924N45077E004187,,113413,330,LFML,122813,,M44,22853,64,780B51F
-------------------------------------------------------[2024-09-06 11:34:20.821]

SOURCE: AIR
RX_ID: 102, Freq: 131.825MHz
Mode: 2 NACKLabel: 44 Block ID: 7, Msg No: M32A
Flight ID: GS0000 REG: JYCII


Message content:-
02N;E,0Irmm0AmX,,mQ0AI00,Iv*N:Iv*srI,),9I330)I3-,QI,,9T-
-------------------------------------------------------[2024-09-06 11:39:19.652]

SOURCE: AIR
RX_ID: 103, Freq: 131.825MHz
Mode: 2 NACKLabel: B9 Block ID: 8, Msg No: M33A
Flight ID: GS0000 REG: JYCII


Message content:-
/LFMN.TI2/024LFMNA426A
-------------------------------------------------------[2024-09-06 11:42:22.561]

SOURCE: AIR
RX_ID: 104, Freq: 131.825MHz
Mode: 2 NACKLabel: 5U Block ID: 9, Msg No: M11A
Flight ID: VY15YZ REG: EC-MYB


Message content:-
EDDS EDDN EDDF EDDP-FS
-------------------------------------------------------[2024-09-06 11:45:07.433]

SOURCE: AIR
RX_ID: 105, Freq: 131.850MHz
Mode: 2 NACKLabel: 5U Block ID: 9, Msg No: M11A
Flight ID: VY15YZ REG: EC-MYB


Message content:-
EDDS EDDN EDDF EDDP-FS
-------------------------------------------------------[2024-09-06 11:45:29.156]

SOURCE: AIR
RX_ID: 106, Freq: 131.825MHz
Mode: 2 NACKLabel: H1 Block ID: 9, Msg No: F50A
Flight ID: BA0082 REG: G-VIIH


Message content:-
#M1BPRG/TS114539,060924/DTEGLL,27L,184,130350,/PR4358,294,400,315,,115,0,,,50,P30,P0,,,,,,,M379C72
-------------------------------------------------------[2024-09-06 11:45:41.447]

SOURCE: AIR
RX_ID: 107, Freq: 131.825MHz
Mode: 2 NACKLabel: H1 Block ID: 4, Msg No: A09A
Flight ID: GS0000 REG: JYCII


Message content:-
#M1B/.RESREQ/AK,115/TS114914,060924
-------------------------------------------------------[2024-09-06 11:49:16.916]

SOURCE: AIR
RX_ID: 108, Freq: 131.825MHz
Mode: 2 NACKLabel: 16 Block ID: 7, Msg No: M12A
Flight ID: VY15YZ REG: EC-MYB


Message content:-
115018,36067,1335, 163,N 43.826 E  6.142, 768
-------------------------------------------------------[2024-09-06 11:50:21.833]

SOURCE: AIR
RX_ID: 109, Freq: 131.825MHz
Mode: 2 NACKLabel: 15 Block ID: 0, Msg No: M52A
Flight ID: BA0082 REG: G-VIIH


Message content:-
FST01DNAAEGLLN438988E0050360400 137 318 M58C 2421234134449111600013031150
-------------------------------------------------------[2024-09-06 11:50:52.775]

SOURCE: AIR
RX_ID: 110, Freq: 131.825MHz
Mode: 2 NACKLabel: 10 Block ID: 1, Msg No: M53A
Flight ID: BA0082 REG: G-VIIH


Message content:-
FTX01.FIC.LOC IIH
-------------------------------------------------------[2024-09-06 11:50:59.503]

SOURCE: AIR
RX_ID: 111, Freq: 131.825MHz
Mode: 2 NACKLabel: B9 Block ID: 3, Msg No: M54A
Flight ID: BA0082 REG: G-VIIH


Message content:-
046EGLLA
-------------------------------------------------------[2024-09-06 11:53:14.909]

SOURCE: AIR
RX_ID: 112, Freq: 131.825MHz
Mode: 2 NACKLabel: 10 Block ID: 6, Msg No: M55A
Flight ID: BA0082 REG: G-VIIH


Message content:-
MET01EGLL
-------------------------------------------------------[2024-09-06 11:53:41.936]

SOURCE: AIR
RX_ID: 113, Freq: 131.825MHz
Mode: 2 NACKLabel: 10 Block ID: 6, Msg No: M55A
Flight ID: BA0082 REG: G-VIIH


Message content:-
MET01EGLL
-------------------------------------------------------[2024-09-06 11:53:48.301]

SOURCE: AIR
RX_ID: 114, Freq: 131.725MHz
Mode: X NACKLabel: 83 Block ID: 4, Msg No: M02A
Flight ID: XA0001 REG: DCEUS


Message content:-
001PR24093734               ------    
-------------------------------------------------------[2024-09-06 11:57:36.853]

SOURCE: AIR
RX_ID: 115, Freq: 131.725MHz
Mode: X NACKLabel: 16 Block ID: 8, Msg No: M20A
Flight ID: XSMBU6 REG: 2-BBMB


Message content:-
120007,,1559, 300,N 45.583 E  4.397
-------------------------------------------------------[2024-09-06 12:00:09.262]

SOURCE: AIR
RX_ID: 116, Freq: 131.825MHz
Mode: 2 NACKLabel: 15 Block ID: 3, Msg No: M56A
Flight ID: BA0082 REG: G-VIIH


Message content:-
FST01DNAAEGLLN452378E0046515400 128 328 M58C 3823734535049111600013031200
-------------------------------------------------------[2024-09-06 12:00:54.501]

SOURCE: AIR
RX_ID: 117, Freq: 131.725MHz
Mode: G NACKLabel: 16 Block ID: 6, Msg No: M50A
Flight ID: TS0435 REG: C-GUBC


Message content:-
120412,21276,1926, 958,N 44.292,E  4.718
-------------------------------------------------------[2024-09-06 12:04:19.947]

SOURCE: AIR
RX_ID: 118, Freq: 131.725MHz
Mode: X NACKLabel: 16 Block ID: 4, Msg No: M78A
Flight ID: QR078A REG: A7-BBB


Message content:-
ROBEX  ,N 45.423,E   5.208,36997,0479,1742,090\TS121456,060924
-------------------------------------------------------[2024-09-06 12:14:59.342]

SOURCE: AIR
RX_ID: 119, Freq: 131.825MHz
Mode: 2 NACKLabel: H1 Block ID: 6, Msg No: D56B
Flight ID: AA0721 REG: N799AN


Message content:-
#DFB724004970.0120.006 32.75 -87.54173320-41 275OFF
 42.9670   8.9218319985714804990.0070.004 31.50 -91.05172360-41 275OFF
 43.1797   8.4699320015705605000.0100.004 32.88 -99.49171440-41 274OFF
-------------------------------------------------------[2024-09-06 12:16:14.100]

SOURCE: AIR
RX_ID: 120, Freq: 131.725MHz
Mode: X NACKLabel: 16 Block ID: 6, Msg No: M79A
Flight ID: QR078A REG: A7-BBB


Message content:-
ROBEX  ,N 45.299,E   5.775,36997,0478,1742,090\TS121757,060924
-------------------------------------------------------[2024-09-06 12:18:00.195]

SOURCE: AIR
RX_ID: 121, Freq: 131.825MHz
Mode: 2 NACKLabel: H1 Block ID: 7, Msg No: F30A
Flight ID: AA0721 REG: N799AN


Message content:-
#M1BPOSN44292E006343,OKTET,121817,340,GIPNO,122750,BULOL,M45,23838,1669E544
-------------------------------------------------------[2024-09-06 12:18:19.467]

SOURCE: AIR
RX_ID: 122, Freq: 131.725MHz
Mode: X NACKLabel: 16 Block ID: 7, Msg No: M80A
Flight ID: QR078A REG: A7-BBB


Message content:-
ROBEX  ,N 45.236,E   6.059,37001,0480,1743,089\TS121928,060924
-------------------------------------------------------[2024-09-06 12:19:30.306]

SOURCE: AIR
RX_ID: 123, Freq: 131.725MHz
Mode: X NACKLabel: 16 Block ID: 9, Msg No: M81A
Flight ID: QR078A REG: A7-BBB


Message content:-
ROBEX  ,N 45.213,E   6.164,36999,0480,1743,089\TS122002,060924
-------------------------------------------------------[2024-09-06 12:20:05.530]

SOURCE: AIR
RX_ID: 124, Freq: 131.825MHz
Mode: 2 NACKLabel: 16 Block ID: 2, Msg No: M21A
Flight ID: 6Y0652 REG: 9H-PTP


Message content:-
123214,39995,1325,  12,N 44.672 E  4.902
-------------------------------------------------------[2024-09-06 12:32:51.723]

SOURCE: AIR
RX_ID: 125, Freq: 131.825MHz
Mode: 2 NACKLabel: 16 Block ID: 3, Msg No: M41A
Flight ID: FR6539 REG: EI-EBN


Message content:-
123735,,1253,  87,N   .    MMMM.MMM
-------------------------------------------------------[2024-09-06 12:37:37.645]

SOURCE: AIR
RX_ID: 126, Freq: 131.825MHz
Mode: 2 NACKLabel: SA Block ID: 3, Msg No: S87A
Flight ID: 5O0273 REG: F-GZTP


Message content:-
0EV123901VS/
-------------------------------------------------------[2024-09-06 12:39:03.047]

SOURCE: AIR
RX_ID: 127, Freq: 131.525MHz
Mode: T NACKLabel: 2Z Block ID: 0, Msg No: M89A
Flight ID: AF7308 REG: F-GMZA


Message content:-
LFMN
-------------------------------------------------------[2024-09-06 12:48:02.116]

SOURCE: AIR
RX_ID: 128, Freq: 131.525MHz
Mode: T NACKLabel: H1 Block ID: 1, Msg No: C15A
Flight ID: AF7308 REG: F-GMZA


Message content:-
#CFBWRN/WN93XX0612480022000006AUTO FLT TCAS MODE FAULT
-------------------------------------------------------[2024-09-06 12:48:47.394]

SOURCE: AIR
RX_ID: 129, Freq: 131.525MHz
Mode: T NACKLabel: H1 Block ID: 2, Msg No: C16A
Flight ID: AF7308 REG: F-GMZA


Message content:-
#CFBWRN/WN93110612480034000006NAV TCAS FAULTXX        
-------------------------------------------------------[2024-09-06 12:49:18.301]

SOURCE: AIR
RX_ID: 130, Freq: 131.525MHz
Mode: T ACK, A2GLabel: H1 Block ID: 2, Msg No: C16A
Flight ID: AF7308 REG: F-GMZA


Message content:-
#CFBWRN/WN93110612480034000006NAV TCAS FAULTXX        
-------------------------------------------------------[2024-09-06 12:49:20.165]

SOURCE: AIR
RX_ID: 131, Freq: 131.525MHz
Mode: T NACKLabel: H1 Block ID: 3, Msg No: C17A
Flight ID: AF7308 REG: F-GMZA


Message content:-
#CFBFLR/FR93110612490034433406TCAS (1SG)/IDTCAS,TCAS,ECAM 1,ECAM 2,EIS 2,EIS 1,EIS 3
-------------------------------------------------------[2024-09-06 12:49:45.775]

SOURCE: AIR
RX_ID: 132, Freq: 131.525MHz
Mode: T NACKLabel: H1 Block ID: 4, Msg No: C18A
Flight ID: AF7308 REG: F-GMZA


Message content:-
#CFBFLR/FR93110612480034000006AFS:TCAS XMTR/FMGC2 1CA2/IDAFS
-------------------------------------------------------[2024-09-06 12:50:07.062]

SOURCE: AIR
RX_ID: 133, Freq: 131.725MHz
Mode: 2 NACKLabel: 15 Block ID: 6, Msg No: M05A
Flight ID: GS0001 REG: CESSNA


Message content:-
(2N44236E  6585--- 34380-54(Z
-------------------------------------------------------[2024-09-06 12:51:35.352]

SOURCE: AIR
RX_ID: 134, Freq: 131.525MHz
Mode: T NACKLabel: B9 Block ID: 5, Msg No: L19A
Flight ID: AF7308 REG: F-GMZA


Message content:-
/LFMN.TI2/064LFMNA83AC
-------------------------------------------------------[2024-09-06 12:51:38.830]

SOURCE: AIR
RX_ID: 135, Freq: 131.525MHz
Mode: T NACKLabel: B9 Block ID: 8, Msg No: L20A
Flight ID: AF7308 REG: F-GMZA


Message content:-
/LFMN.TI2/064LFMNA83AC
-------------------------------------------------------[2024-09-06 12:51:56.651]

SOURCE: AIR
RX_ID: 136, Freq: 131.525MHz
Mode: T NACKLabel: 26 Block ID: 1, Msg No: M90A
Flight ID: AF7308 REG: F-GMZA


Message content:-
1252LFPGAF7308/061306LFMN04L
-------------------------------------------------------[2024-09-06 12:52:06.492]

SOURCE: AIR
RX_ID: 137, Freq: 131.525MHz
Mode: T NACKLabel: B9 Block ID: 2, Msg No: L21A
Flight ID: AF7308 REG: F-GMZA


Message content:-
/LFMN.TI2/064LFMNA83AC
-------------------------------------------------------[2024-09-06 12:52:26.569]

SOURCE: AIR
RX_ID: 138, Freq: 131.525MHz
Mode: T NACKLabel: B9 Block ID: 5, Msg No: L22A
Flight ID: AF7308 REG: F-GMZA


Message content:-
/LFMN.TI2/064LFMNA83AC
-------------------------------------------------------[2024-09-06 12:53:31.270]

SOURCE: AIR
RX_ID: 139, Freq: 131.525MHz
Mode: T NACKLabel: B9 Block ID: 8, Msg No: L23A
Flight ID: AF7308 REG: F-GMZA


Message content:-
/LFMN.TI2/064LFMNA83AC
-------------------------------------------------------[2024-09-06 12:54:17.761]

SOURCE: AIR
RX_ID: 140, Freq: 131.725MHz
Mode: G NACKLabel: H1 Block ID: 9, Msg No: D77B
Flight ID: AF7465 REG: F-GMZE


Message content:-
#DFB---/5C0002,---,00003,074788,---/C64358,XXXXX,00110,0257,---/6CN003,---,N0046,074806,---/C7XXXXX,XXXXX,00108,0250,---/7CN000,---,00009,074806,---/C84358,0395,00107,0245,---/8C0000,---,N0008,074806,---/C94358
-------------------------------------------------------[2024-09-06 13:14:16.785]

SOURCE: AIR
RX_ID: 141, Freq: 131.725MHz
Mode: G NACKLabel: H1 Block ID: 0, Msg No: D77C
Flight ID: AF7465 REG: F-GMZE


Message content:-
#DFB,0395,00130,0240,---/9CN000,083,N0164,074770,---/C04357,0396,00104,0237,138/0CN004,155,00307,074842,008/E14356,0398,00614,0220,142/1EN094,165,N0155,XXXXXX,015/E24356,0400,01371,0200,154/2EN126,162,00252,074
-------------------------------------------------------[2024-09-06 13:14:20.879]

SOURCE: AIR
RX_ID: 142, Freq: 131.725MHz
Mode: G NACKLabel: H1 Block ID: 2, Msg No: D77E
Flight ID: AF7465 REG: F-GMZE


Message content:-
#DFB11,181,N0130,074842,018/E74360,0410,03624,0145,180/7EN189,200,N0135,075006,018/E84362,0411,03954,0137,183/8EN033,221,00388,XXXXXX,019/E94364,0413,04387,0130,181/9EN004,242,00579,075078,017/E04367,0414,05088
-------------------------------------------------------[2024-09-06 13:14:28.851]

SOURCE: AIR
RX_ID: 143, Freq: 131.725MHz
Mode: G NACKLabel: H1 Block ID: 3, Msg No: D77F
Flight ID: AF7465 REG: F-GMZE


Message content:-
#DFB,0120,189/0EN000,249,00126,075096,017/N14369,0416,05880,0112,211/1N0001,247,00018,075078,022/N24372,0418,06571,0097,211/2NN000,250,00201,075260,026/N34374,0420,07380,0077,211/3N0000,250,N0097,075060,028/N44
-------------------------------------------------------[2024-09-06 13:14:33.166]

SOURCE: AIR
RX_ID: 144, Freq: 131.725MHz
Mode: G NACKLabel: H1 Block ID: 5, Msg No: D77H
Flight ID: AF7465 REG: F-GMZE


Message content:-
#DFB074951,029/N84387,0429,10798,0020,193/8NN155,273,00014,074933,028/N94390,0430,11117,0012,195/9NN024,288,N0007,XXXXXX,028/N04394,0431,11465,0007,209/0N0002,302,00068,074879,029/S14397,0432,11831,0015,222/1S0
-------------------------------------------------------[2024-09-06 13:14:40.740]

SOURCE: AIR
RX_ID: 145, Freq: 131.725MHz
Mode: G NACKLabel: H1 Block ID: 7, Msg No: D77J
Flight ID: AF7465 REG: F-GMZE


Message content:-
#DFB21,N017,225/5S0002,319,00338,074715,041/S64417,0436,14701,N037,228/6SN004,319,N0101,XXXXXX,040/S74420,0437,15356,N055,227/7SN001,317,N0356,074661,039/S84424,0438,15747,N062,222/8SN000,317,00013,074625,036/S
-------------------------------------------------------[2024-09-06 13:14:48.536]

SOURCE: AIR
RX_ID: 146, Freq: 131.725MHz
Mode: G NACKLabel: H1 Block ID: 8, Msg No: D77K
Flight ID: AF7465 REG: F-GMZE


Message content:-
#DFB94429,0438,16103,N070,219/9S0000,318,N0026,XXXXXX,034/S04432,0440,16428,N075,215/0S0001,317,00018,074570,033/T14436,0441,16762,N072,213/1TN006,318,N0086,074534,037/T24441,0441,17065,N075,212/2T0000,318,0010
-------------------------------------------------------[2024-09-06 13:14:52.224]

SOURCE: AIR
RX_ID: 147, Freq: 131.725MHz
Mode: G NACKLabel: H1 Block ID: 9, Msg No: D77L
Flight ID: AF7465 REG: F-GMZE


Message content:-
#DFB9,074516,037/T34445,0442,17418,N075,211/3TN002,317,N0019,XXXXXX,038/T44449,0443,17743,N080,210/4T0000,316,N0003,074461,040/T54453,0444,18054,N082,210/5T0000,317,00062,074425,039/T64457,XXXXX,18401,N092,209/
-------------------------------------------------------[2024-09-06 13:14:56.501]

SOURCE: AIR
RX_ID: 148, Freq: 131.725MHz
Mode: G NACKLabel: 2F Block ID: 1, Msg No: M99A
Flight ID: AF7465 REG: F-GMZE


Message content:-
1315+4498+454/2356
-------------------------------------------------------[2024-09-06 13:15:15.335]

SOURCE: AIR
RX_ID: 149, Freq: 131.725MHz
Mode: E NACKLabel: 81 Block ID: 5, Msg No: M58A
Flight ID: TS0309 REG: C-GUFR


Message content:-
ACK MERCI







-------------------------------------------------------[2024-09-06 13:28:03.173]

SOURCE: AIR
RX_ID: 150, Freq: 131.725MHz
Mode: X NACKLabel: 16 Block ID: 1, Msg No: M59A
Flight ID: TS0309 REG: C-GUFR


Message content:-
133230,36001,2211,1197,N 44.511,E  6.749
-------------------------------------------------------[2024-09-06 13:32:37.390]

SOURCE: AIR
RX_ID: 151, Freq: 131.825MHz
Mode: 2 NACKLabel: H1 Block ID: 5, Msg No: D55A
Flight ID: NW0183 REG: N829NW


Message content:-
#DFB239186900401010098106
R39/A33039,1,1
239N829NW183 090624133446812 4518   385360-23-52214 50AB0510 99960
 271 455 000281440030GMYLIRFKJFK
-------------------------------------------------------[2024-09-06 13:34:57.902]

SOURCE: AIR
RX_ID: 152, Freq: 131.725MHz
Mode: G NACKLabel: 16 Block ID: 4, Msg No: M40A
Flight ID: TK08SL REG: TC-JIO


Message content:-
 /N 43.321/E  5.826/39000/0609/1344/141/1504/
-------------------------------------------------------[2024-09-06 13:44:10.035]

SOURCE: AIR
RX_ID: 153, Freq: 131.525MHz
Mode: 2 NACKLabel: B9 Block ID: 8, Msg No: M51A
Flight ID: ZD0000 REG: T7JAT


Message content:-
/LFMN.TI2/024LFMNA426A
-------------------------------------------------------[2024-09-06 13:59:59.732]

SOURCE: AIR
RX_ID: 154, Freq: 131.525MHz
Mode: 2 NACKLabel: H1 Block ID: 3, Msg No: F56A
Flight ID: ZD0000 REG: T7JAT


Message content:-
#M1B/.RESREQ/AK,115/TS140637,060924
-------------------------------------------------------[2024-09-06 14:06:43.373]

SOURCE: AIR
RX_ID: 155, Freq: 131.525MHz
Mode: 2 NACKLabel: H1 Block ID: 4, Msg No: F57A
Flight ID: ZD0000 REG: T7JAT


Message content:-
#M1B/.POS/TS140637,060924N44369E004540,,140637,346,BASIP,143937,EGHIN,M50,21243,181,79091B9
-------------------------------------------------------[2024-09-06 14:06:47.695]

SOURCE: AIR
RX_ID: 156, Freq: 131.525MHz
Mode: 2 NACKLabel: H1 Block ID: 4, Msg No: F57A
Flight ID: ZD0000 REG: T7JAT


Message content:-
#M1B/.POS/TS140637,060924N44369E004540,,140637,346,BASIP,143937,EGHIN,M50,21243,181,79091B9
-------------------------------------------------------[2024-09-06 14:07:07.146]

SOURCE: AIR
RX_ID: 157, Freq: 131.525MHz
Mode: 2 NACKLabel: H1 Block ID: 4, Msg No: F57A
Flight ID: ZD0000 REG: T7JAT


Message content:-
#M1B/.POS/TS140637,060924N44369E004540,,140637,346,BASIP,143937,EGHIN,M50,21243,181,79091B9
-------------------------------------------------------[2024-09-06 14:07:19.624]

SOURCE: AIR
RX_ID: 158, Freq: 131.525MHz
Mode: 2 NACKLabel: H1 Block ID: 8, Msg No: F61A
Flight ID: ZD0000 REG: T7JAT


Message content:-
#M1B/.RESREQ/AK,115/TS141732,060924
-------------------------------------------------------[2024-09-06 14:17:33.841]

SOURCE: AIR
RX_ID: 159, Freq: 131.525MHz
Mode: 2 NACKLabel: H1 Block ID: 9, Msg No: F62A
Flight ID: ZD0000 REG: T7JAT


Message content:-
#M1B/.POS/TS141732,060924N43447E006048,,141732,165,BASIP,143532,EGHIN,M5,24034,178,790D1CB
-------------------------------------------------------[2024-09-06 14:17:38.120]

SOURCE: AIR
RX_ID: 160, Freq: 131.725MHz
Mode: 2 NACKLabel: H1 Block ID: 0, Msg No: C23A
Flight ID: TU0850 REG: TS-IMO


Message content:-
#CFBWRN/WN24090614190046200006DATALINK ATC FAULT      
-------------------------------------------------------[2024-09-06 14:19:48.169]

SOURCE: AIR
RX_ID: 161, Freq: 131.825MHz
Mode: 2 NACKLabel: 30 Block ID: 5, Msg No: M55A
Flight ID: NW0213 REG: N827NW


Message content:-
061430 LGAV KJFK7
/FN 0213
A      
4 SOME REASON YOUR TIMES
 FROM TUDEP TO JFK GREAT
ER THAN OUR FMS AND FLT
PLAN.
JUST WANTED TO GIVE JFK
ADVANCED NOTICE
-------------------------------------------------------[2024-09-06 14:57:10.209]

SOURCE: AIR
RX_ID: 162, Freq: 131.825MHz
Mode: 2 NACKLabel: H1 Block ID: 6, Msg No: D52A
Flight ID: NW0149 REG: N823NW


Message content:-
#DFB239136400301010098090
R39/A33039,1,1
239N823NW149 090624150003810 4385   711360-24-53217 31AB0510111840
 270 469 0003020000B0GMYLIRFKJFK
-------------------------------------------------------[2024-09-06 15:00:19.031]

SOURCE: AIR
RX_ID: 163, Freq: 131.825MHz
Mode: 2 NACKLabel: 17 Block ID: 8, Msg No: M72A
Flight ID: NW0149 REG: N823NW


Message content:-
061517 LIRF KJFK7
/FN 0149
PIGOS   14583602252-532120330112481
-------------------------------------------------------[2024-09-06 15:03:20.057]

SOURCE: AIR
RX_ID: 164, Freq: 131.825MHz
Mode: 2 NACKLabel: B1 Block ID: 2, Msg No: M73A
Flight ID: NW0149 REG: N823NW


Message content:-
/PIKCLXS.OC1/RCL 040
DAL149-OMOKO/1646 M081F360
-RMK/MAX F3704C26
-------------------------------------------------------[2024-09-06 15:17:44.332]

SOURCE: AIR
RX_ID: 165, Freq: 131.850MHz
Mode: 2 NACKLabel: B9 Block ID: 6, Msg No: L18A
Flight ID: XR08ZH REG: 9H-CXG


Message content:-
/LEPA.TI2/024LEPACE8F8
-------------------------------------------------------[2024-09-06 16:02:21.504]

SOURCE: AIR
RX_ID: 166, Freq: 131.825MHz
Mode: 2 ACK, A2GLabel: B9 Block ID: 7, Msg No: L19A
Flight ID: XR08ZH REG: 9H-CXG


Message content:-
/LEPA.TI2/024LEPACE8F8
-------------------------------------------------------[2024-09-06 16:02:28.672]

SOURCE: AIR
RX_ID: 167, Freq: 131.725MHz
Mode: E NACKLabel: 83 Block ID: 1, Msg No: M65A
Flight ID: XA0001 REG: N684AR


Message content:-
001PR06161014N4507.4E00429.43694580027
-------------------------------------------------------[2024-09-06 16:10:16.065]

SOURCE: AIR
RX_ID: 168, Freq: 131.725MHz
Mode: E NACKLabel: SA Block ID: 7, Msg No: S12A
Flight ID: GR0000 REG: CSPJA


Message content:-
0EV160918V/
-------------------------------------------------------[2024-09-06 16:13:31.040]

SOURCE: AIR
RX_ID: 169, Freq: 131.725MHz
Mode: E NACKLabel: SA Block ID: 7, Msg No: S12A
Flight ID: GR0000 REG: CSPJA


Message content:-
0EV160918V/
-------------------------------------------------------[2024-09-06 16:13:36.958]

SOURCE: AIR
RX_ID: 170, Freq: 131.725MHz
Mode: G NACKLabel: SA Block ID: 8, Msg No: S12A
Flight ID: GR0000 REG: CSPJA


Message content:-
0EV160918V/
-------------------------------------------------------[2024-09-06 16:13:47.015]

SOURCE: AIR
RX_ID: 171, Freq: 131.725MHz
Mode: G NACKLabel: SA Block ID: 8, Msg No: S12A
Flight ID: GR0000 REG: CSPJA


Message content:-
0EV160918V/
-------------------------------------------------------[2024-09-06 16:13:54.983]

SOURCE: AIR
RX_ID: 172, Freq: 131.725MHz
Mode: G NACKLabel: SA Block ID: 8, Msg No: S12A
Flight ID: GR0000 REG: CSPJA


Message content:-
0EV160918V/
-------------------------------------------------------[2024-09-06 16:14:02.957]

SOURCE: AIR
RX_ID: 173, Freq: 131.725MHz
Mode: X NACKLabel: SA Block ID: 9, Msg No: S12A
Flight ID: GR0000 REG: CSPJA


Message content:-
0EV160918V/
-------------------------------------------------------[2024-09-06 16:14:12.618]

SOURCE: AIR
RX_ID: 174, Freq: 131.725MHz
Mode: X NACKLabel: SA Block ID: 9, Msg No: S12A
Flight ID: GR0000 REG: CSPJA


Message content:-
0EV160918V/
-------------------------------------------------------[2024-09-06 16:14:24.057]

SOURCE: AIR
RX_ID: 175, Freq: 131.725MHz
Mode: X NACKLabel: SA Block ID: 9, Msg No: S12A
Flight ID: GR0000 REG: CSPJA


Message content:-
0EV160918V/
-------------------------------------------------------[2024-09-06 16:14:33.091]

SOURCE: AIR
RX_ID: 176, Freq: 131.725MHz
Mode: 2 NACKLabel: SA Block ID: 0, Msg No: S12A
Flight ID: GR0000 REG: CSPJA


Message content:-
0EV160918V/
-------------------------------------------------------[2024-09-06 16:14:39.017]

SOURCE: AIR
RX_ID: 177, Freq: 131.725MHz
Mode: 2 NACKLabel: SA Block ID: 2, Msg No: S12A
Flight ID: GR0000 REG: CSPJA


Message content:-
0EV160918V/
-------------------------------------------------------[2024-09-06 16:15:03.594]

SOURCE: AIR
RX_ID: 178, Freq: 131.725MHz
Mode: E NACKLabel: SA Block ID: 4, Msg No: S12A
Flight ID: GR0000 REG: CSPJA


Message content:-
0EV160918V/
-------------------------------------------------------[2024-09-06 16:15:14.454]

SOURCE: AIR
RX_ID: 179, Freq: 131.725MHz
Mode: E NACKLabel: SA Block ID: 4, Msg No: S12A
Flight ID: GR0000 REG: CSPJA


Message content:-
0EV160918V/
-------------------------------------------------------[2024-09-06 16:15:23.450]

SOURCE: AIR
RX_ID: 180, Freq: 131.725MHz
Mode: G NACKLabel: SA Block ID: 6, Msg No: S12A
Flight ID: GR0000 REG: CSPJA


Message content:-
0EV160918V/
-------------------------------------------------------[2024-09-06 16:15:33.510]

SOURCE: AIR
RX_ID: 181, Freq: 131.725MHz
Mode: G NACKLabel: SA Block ID: 6, Msg No: S12A
Flight ID: GR0000 REG: CSPJA


Message content:-
0EV160918V/
-------------------------------------------------------[2024-09-06 16:15:42.504]

SOURCE: AIR
RX_ID: 182, Freq: 131.725MHz
Mode: G NACKLabel: SA Block ID: 6, Msg No: S12A
Flight ID: GR0000 REG: CSPJA


Message content:-
0EV160918V/
-------------------------------------------------------[2024-09-06 16:15:54.575]

SOURCE: AIR
RX_ID: 183, Freq: 131.725MHz
Mode: X NACKLabel: SA Block ID: 7, Msg No: S12A
Flight ID: GR0000 REG: CSPJA


Message content:-
0EV160918V/
-------------------------------------------------------[2024-09-06 16:16:03.789]

SOURCE: AIR
RX_ID: 184, Freq: 131.725MHz
Mode: X NACKLabel: SA Block ID: 7, Msg No: S12A
Flight ID: GR0000 REG: CSPJA


Message content:-
0EV160918V/
-------------------------------------------------------[2024-09-06 16:16:09.531]

SOURCE: AIR
RX_ID: 185, Freq: 131.725MHz
Mode: X NACKLabel: SA Block ID: 7, Msg No: S12A
Flight ID: GR0000 REG: CSPJA


Message content:-
0EV160918V/
-------------------------------------------------------[2024-09-06 16:16:17.540]

SOURCE: AIR
RX_ID: 186, Freq: 131.725MHz
Mode: 2 NACKLabel: SA Block ID: 8, Msg No: S12A
Flight ID: GR0000 REG: CSPJA


Message content:-
0EV160918V/
-------------------------------------------------------[2024-09-06 16:16:27.566]

SOURCE: AIR
RX_ID: 187, Freq: 131.725MHz
Mode: 2 NACKLabel: SA Block ID: 8, Msg No: S12A
Flight ID: GR0000 REG: CSPJA


Message content:-
0EV160918V/
-------------------------------------------------------[2024-09-06 16:16:37.585]

SOURCE: AIR
RX_ID: 188, Freq: 131.725MHz
Mode: 2 NACKLabel: SA Block ID: 8, Msg No: S12A
Flight ID: GR0000 REG: CSPJA


Message content:-
0EV160918V/
-------------------------------------------------------[2024-09-06 16:16:47.645]

SOURCE: AIR
RX_ID: 189, Freq: 131.725MHz
Mode: E NACKLabel: 83 Block ID: 2, Msg No: M66A
Flight ID: XA0001 REG: N684AR


Message content:-
001PR06162014N4406.0E00533.72684320017
-------------------------------------------------------[2024-09-06 16:20:16.324]

SOURCE: AIR
RX_ID: 190, Freq: 131.725MHz
Mode: G NACKLabel: 5U Block ID: 8, Msg No: M63A
Flight ID: TO23TQ REG: F-GZHK


Message content:-
LPPT-SA
-------------------------------------------------------[2024-09-06 17:05:53.898]

SOURCE: AIR
RX_ID: 191, Freq: 131.825MHz
Mode: 2 NACKLabel: 44 Block ID: 0, Msg No: M76A
Flight ID: GS0000 REG: DAERO


Message content:-
04p=G'mVNHH\F:(''F!'FV\+'VqzqGVqzkrV'+'XV\a\'V\am+V''H#X
-------------------------------------------------------[2024-09-06 17:10:41.459]

SOURCE: AIR
RX_ID: 192, Freq: 131.725MHz
Mode: X NACKLabel: B9 Block ID: 1, Msg No: M64A
Flight ID: TO23TQ REG: F-GZHK


Message content:-
/LFPO.TI2/040LFPOAD7ED
-------------------------------------------------------[2024-09-06 17:14:49.453]

SOURCE: AIR
RX_ID: 193, Freq: 131.825MHz
Mode: 2 NACKLabel: 44 Block ID: 1, Msg No: M77A
Flight ID: GS0000 REG: DAERO


Message content:-
011*4lSb_'S'S(6llESELbA(qb\C\4b\C@Ibl?lLbAqAEbAqS(bll'OS
-------------------------------------------------------[2024-09-06 17:15:41.495]

SOURCE: AIR
RX_ID: 194, Freq: 131.525MHz
Mode: T NACKLabel: B9 Block ID: 5, Msg No: L29A
Flight ID: AF7312 REG: F-GMZD


Message content:-
/LFMN.TI2/064LFMNA83AC
-------------------------------------------------------[2024-09-06 17:18:11.005]

SOURCE: AIR
RX_ID: 195, Freq: 131.525MHz
Mode: T NACKLabel: 2F Block ID: 8, Msg No: M38A
Flight ID: AF7312 REG: F-GMZD


Message content:-
1723+4478+468/3755
-------------------------------------------------------[2024-09-06 17:24:00.996]

SOURCE: AIR
RX_ID: 196, Freq: 131.525MHz
Mode: T NACKLabel: 2Z Block ID: 9, Msg No: M39A
Flight ID: AF7312 REG: F-GMZD


Message content:-
LFMN
-------------------------------------------------------[2024-09-06 17:27:03.090]

SOURCE: AIR
RX_ID: 197, Freq: 131.525MHz
Mode: T NACKLabel: 26 Block ID: 1, Msg No: M40A
Flight ID: AF7312 REG: F-GMZD


Message content:-
1734LFPGAF7312/061749LFMN04L
-------------------------------------------------------[2024-09-06 17:34:03.115]

SOURCE: AIR
RX_ID: 198, Freq: 131.725MHz
Mode: E NACKLabel: 5U Block ID: 8, Msg No: M08A
Flight ID: 9L2322 REG: ZZ338


Message content:-
  01 WXRQ   2322/06 EGVN/LCRA ..ZZ338
/TYP 1/STA LIRF/STA LICJ/STA LGAV
-------------------------------------------------------[2024-09-06 17:44:35.960]

SOURCE: AIR
RX_ID: 199, Freq: 131.725MHz
Mode: G NACKLabel: B9 Block ID: 9, Msg No: L01A
Flight ID: XA0001 REG: CSRLI


Message content:-
/LFMN.TI2/024LFMNA426A
-------------------------------------------------------[2024-09-06 18:24:04.568]

SOURCE: AIR
RX_ID: 200, Freq: 131.725MHz
Mode: G NACKLabel: 83 Block ID: 2, Msg No: M09A
Flight ID: XA0001 REG: CSRLI


Message content:-
001PR06182922N4406.2E00529.4267432    
-------------------------------------------------------[2024-09-06 18:29:23.656]

SOURCE: AIR
RX_ID: 201, Freq: 131.825MHz
Mode: 2 NACKLabel: H1 Block ID: 0, Msg No: F02A
Flight ID: QY1683 REG: OE-LNE


Message content:-
#M1BPOSN43260E005132,,185135,12,ML364,185301,TRETS,P24,13016,225,C94D
-------------------------------------------------------[2024-09-06 18:51:37.543]

SOURCE: AIR
RX_ID: 202, Freq: 131.825MHz
Mode: 2 NACKLabel: H1 Block ID: 3, Msg No: F03A
Flight ID: QY1683 REG: OE-LNE


Message content:-
#M1BPOSN43244E006532,,190336,307,NOSTA,191016,NOPMU,M37,21829,195,6402620
-------------------------------------------------------[2024-09-06 19:03:38.445]

SOURCE: AIR
RX_ID: 203, Freq: 131.525MHz
Mode: T NACKLabel: B9 Block ID: 3, Msg No: L32A
Flight ID: AF7313 REG: F-GMZD


Message content:-
/LFPG.TI2/064LFPGA3806
-------------------------------------------------------[2024-09-06 19:15:48.158]

SOURCE: AIR
RX_ID: 204, Freq: 131.725MHz
Mode: G NACKLabel: 16 Block ID: 1, Msg No: M51A
Flight ID: XSMBU6 REG: 2-BBMB


Message content:-
200042,,2101, 137,N 45.051 E  4.110
-------------------------------------------------------[2024-09-06 20:00:44.458]

SOURCE: AIR
RX_ID: 205, Freq: 131.825MHz
Mode: 2 NACKLabel: B9 Block ID: 5, Msg No: M64A
Flight ID: ZD0000 REG: T7JAT


Message content:-
/LFMN.TI2/024LFMNA426A
-------------------------------------------------------[2024-09-06 20:08:48.818]

SOURCE: AIR
RX_ID: 206, Freq: 131.825MHz
Mode: 2 NACKLabel: B9 Block ID: 5, Msg No: M64A
Flight ID: ZD0000 REG: T7JAT


Message content:-
/LFMN.TI2/024LFMNA426A
-------------------------------------------------------[2024-09-06 20:09:07.027]

SOURCE: AIR
RX_ID: 207, Freq: 131.825MHz
Mode: 2 NACKLabel: B9 Block ID: 2, Msg No: L00A
Flight ID: XA0001 REG: YUSPC


Message content:-
/LEBL.TI2/024LEBLA93E5
-------------------------------------------------------[2024-09-06 20:14:55.186]

SOURCE: AIR
RX_ID: 208, Freq: 131.825MHz
Mode: 2 NACKLabel: 83 Block ID: 4, Msg No: M40A
Flight ID: XA0001 REG: YUSPC


Message content:-
001PR06201505N4408.4E00749.0429393    
-------------------------------------------------------[2024-09-06 20:15:07.254]

SOURCE: AIR
RX_ID: 209, Freq: 131.825MHz
Mode: 2 ACK, A2GLabel: 83 Block ID: 4, Msg No: M40A
Flight ID: XA0001 REG: YUSPC


Message content:-
001PR06201505N4408.4E00749.0429393    
-------------------------------------------------------[2024-09-06 20:15:08.497]

SOURCE: AIR
RX_ID: 210, Freq: 131.825MHz
Mode: 2 NACKLabel: H1 Block ID: 0, Msg No: F04A
Flight ID: QY1929 REG: D-ALER


Message content:-
#M1BPOSN45066E004169,MEZ09,202349,380,OTR11,202435,LUX13,M49,24325,164,755C15E
-------------------------------------------------------[2024-09-06 20:23:51.544]

SOURCE: AIR
RX_ID: 211, Freq: 131.825MHz
Mode: 2 NACKLabel: 83 Block ID: 6, Msg No: M41A
Flight ID: XA0001 REG: YUSPC


Message content:-
001PR06202528N4338.5E00626.2430389    
-------------------------------------------------------[2024-09-06 20:25:30.289]

SOURCE: AIR
RX_ID: 212, Freq: 131.525MHz
Mode: T NACKLabel: B9 Block ID: 0, Msg No: L35A
Flight ID: AF7314 REG: F-GMZE


Message content:-
/LFMN.TI2/064LFMNA83AC
-------------------------------------------------------[2024-09-06 20:35:35.255]

SOURCE: AIR
RX_ID: 213, Freq: 131.825MHz
Mode: 2 NACKLabel: 83 Block ID: 8, Msg No: M42A
Flight ID: XA0001 REG: YUSPC


Message content:-
001PR06203536N4302.0E00512.1430381    
-------------------------------------------------------[2024-09-06 20:35:42.827]

SOURCE: AIR
RX_ID: 214, Freq: 131.525MHz
Mode: T NACKLabel: 2F Block ID: 4, Msg No: M72A
Flight ID: AF7314 REG: F-GMZE


Message content:-
2041+4472+479/3445
-------------------------------------------------------[2024-09-06 20:41:10.335]

SOURCE: AIR
RX_ID: 215, Freq: 131.525MHz
Mode: T NACKLabel: 2Z Block ID: 5, Msg No: M73A
Flight ID: AF7314 REG: F-GMZE


Message content:-
LFMN
-------------------------------------------------------[2024-09-06 20:43:44.118]

SOURCE: AIR
RX_ID: 216, Freq: 131.525MHz
Mode: T NACKLabel: 26 Block ID: 7, Msg No: M74A
Flight ID: AF7314 REG: F-GMZE


Message content:-
2051LFPGAF7314/062106LFMN04L
-------------------------------------------------------[2024-09-06 20:51:03.748]

SOURCE: AIR
RX_ID: 217, Freq: 131.525MHz
Mode: T NACKLabel: 2F Block ID: 8, Msg No: M75A
Flight ID: AF7314 REG: F-GMZE


Message content:-
2056+4358+654/1142
-------------------------------------------------------[2024-09-06 20:56:11.354]

SOURCE: AIR
RX_ID: 218, Freq: 131.725MHz
Mode: E NACKLabel: 20 Block ID: 1, Msg No: M02A
Flight ID: HV022U REG: PH-HSK


Message content:-
RST13A06215201TRA22U  LIEOEHAM
-------------------------------------------------------[2024-09-06 21:52:03.550]

SOURCE: AIR
RX_ID: 219, Freq: 131.825MHz
Mode: 2 NACKLabel: H1 Block ID: 8, Msg No: F06A
Flight ID: QY0421 REG: D-ALEV


Message content:-
#M1BPOSN44449E004276,,225337,360,LAPRI,230819,MOGBO,M51,21634,128,795DF46
-------------------------------------------------------[2024-09-06 22:53:39.383]

SOURCE: AIR
RX_ID: 220, Freq: 131.825MHz
Mode: 2 NACKLabel: H1 Block ID: 9, Msg No: D00A
Flight ID: QY0421 REG: D-ALEV


Message content:-
#DFBSTABLE CRUISE REPORT

APM     ''''''          QYXXXXXXDEPXDESX060924225512,757-200,
RB211,.795,.795,,263.5,263.5,,-23.00,-23.00,,36000,36000,,
167520,167520,,3424,3328,,,1.480,1.506,,,0,484,484,,0,0,,0,
-------------------------------------------------------[2024-09-06 22:55:41.861]

SOURCE: AIR
RX_ID: 221, Freq: 131.825MHz
Mode: 2 NACKLabel: H1 Block ID: 0, Msg No: D00B
Flight ID: QY0421 REG: D-ALEV


Message content:-
#DFB0,,
0,0,0,0,0,0,,,0,0,,,,,  85.1,  85.1,, -2.6, -2.6,,0,0,,0,0,
,,,0,0,    0, 6598, 5958,,,,,0,0,0,,,0,0,0,,,0,0,,0,0,,0,0,,
0,0,0,,,,,0,0,0,,,0,0,0,

CREATED BY AVIONIC ENGINEERING

-------------------------------------------------------[2024-09-06 22:55:48.225]

SOURCE: AIR
RX_ID: 222, Freq: 131.825MHz
Mode: 2 NACKLabel: B9 Block ID: 1, Msg No: L02A
Flight ID: QY0421 REG: D-ALEV


Message content:-
/LIMC.TI2/024LIMCAE0D8
-------------------------------------------------------[2024-09-06 22:56:22.017]

