SOURCE: AIR
RX_ID: 0, Freq: 131.725MHz
Mode: E NACKLabel: B9 Block ID: 1, Msg No: M45A
Flight ID: WGTVS2 REG: C-FFPH


Message content:-
/LKPR.TI2/040LKPRCBB06
-------------------------------------------------------[2024-07-27 22:48:28.283]

SOURCE: AIR
RX_ID: 1, Freq: 131.725MHz
Mode: E NACKLabel: 5Z Block ID: 4, Msg No: M46A
Flight ID: WGTVS2 REG: C-FFPH


Message content:-
000452-17031OX2P945CM-TERX4M:/H4 -/2QX440LB0
E22XSQQ-NE9XO-TEXH,6E-T9XHV68
G,HHSJ
9OE(X,O2,8,TXUOXHS(ISSV
1S8XQ6THQX/OEPEUHEIH,










-------------------------------------------------------[2024-07-27 22:53:19.321]

SOURCE: AIR
RX_ID: 2, Freq: 131.725MHz
Mode: X NACKLabel: 16 Block ID: 2, Msg No: M73A
Flight ID: TK6115 REG: TC-JDO


Message content:-
 /N 43.163/E  5.411/40998/2707/2321/142/0034/
-------------------------------------------------------[2024-07-27 23:21:56.182]

SOURCE: AIR
RX_ID: 3, Freq: 131.725MHz
Mode: E NACKLabel: 16 Block ID: 3, Msg No: M47A
Flight ID: QE7HHK REG: A7-HHK


Message content:-
AMFOU  ,N 44.360,E  5.568,27711,0288,2356, 338\TS233418,270724
-------------------------------------------------------[2024-07-27 23:34:22.467]

