SOURCE: AIR
RX_ID: 354, Freq: 131.725MHz
Mode: G NACKLabel: H1 Block ID: 1, Msg No: F11A
Flight ID: CC5052 REG: TF-AKD


Message content:-
#M1BPOSN44384E003402,,011260,330,FJR,012036,OBLAD,M49,29651,1782,83,C375
-------------------------------------------------------[2024-05-28 01:13:04.569]

SOURCE: AIR
RX_ID: 355, Freq: 131.725MHz
Mode: G NACKLabel: H1 Block ID: 3, Msg No: F12A
Flight ID: CC5052 REG: TF-AKD


Message content:-
#M1BPOSN43400E004047,,011960,330,KAMER,015336,CSO,M49,29652,1754,83,AC78
-------------------------------------------------------[2024-05-28 01:20:05.460]

SOURCE: AIR
RX_ID: 356, Freq: 131.725MHz
Mode: G NACKLabel: 16 Block ID: 8, Msg No: M93A
Flight ID: SN029Q REG: OO-SFG


Message content:-
28MAY24,0134,N 43.549,E  5.896,37975,0244,25440
-------------------------------------------------------[2024-05-28 01:34:34.008]

SOURCE: AIR
RX_ID: 357, Freq: 131.825MHz
Mode: 2 NACKLabel: B6 Block ID: 4, Msg No: F62A
Flight ID: BA2066 REG: G-YMMG


Message content:-
/QUKAXBA.ADS.G-YMMG071F861819D609C40E6C9D3E85
-------------------------------------------------------[2024-05-28 02:15:25.175]

SOURCE: AIR
RX_ID: 358, Freq: 131.825MHz
Mode: 2 NACKLabel: B9 Block ID: 5, Msg No: M54A
Flight ID: NW0202 REG: N830NW


Message content:-
/LGAV.TI2/040LGAVA6CE1
-------------------------------------------------------[2024-05-28 02:24:16.450]

SOURCE: AIR
RX_ID: 359, Freq: 131.725MHz
Mode: E NACKLabel: B9 Block ID: 3, Msg No: L42A
Flight ID: AF0995 REG: F-GZNH


Message content:-
/LFPG.TI2/046LFPGCF3E7
-------------------------------------------------------[2024-05-28 02:46:17.383]

SOURCE: AIR
RX_ID: 360, Freq: 131.725MHz
Mode: G NACKLabel: B9 Block ID: 6, Msg No: J24A
Flight ID: AF0977 REG: F-GZCG


Message content:-
/LFPG.TI2/000LFPGCBFC0
-------------------------------------------------------[2024-05-28 03:08:17.727]

SOURCE: AIR
RX_ID: 361, Freq: 131.725MHz
Mode: G NACKLabel: 2F Block ID: 9, Msg No: M86A
Flight ID: AF0977 REG: F-GZCG


Message content:-
0310+4479+444/40109
FOOL/LFPG/40008//-57/0.82/155047/144072//URELO  //-63/033
-------------------------------------------------------[2024-05-28 03:10:24.890]

SOURCE: AIR
RX_ID: 362, Freq: 131.725MHz
Mode: G NACKLabel: 26 Block ID: 0, Msg No: M87A
Flight ID: AF0977 REG: F-GZCG


Message content:-
0311FOOLAF0977/280356LFPG26L
-------------------------------------------------------[2024-05-28 03:11:04.640]

SOURCE: AIR
RX_ID: 363, Freq: 131.825MHz
Mode: 2 NACKLabel: 5U Block ID: 6, Msg No: M08A
Flight ID: QY8030 REG: D-ALER


Message content:-
10,WX,280314,QY8030,28,EDDP,LEBL,8304710,LEBL,LEMD,LEVC,1,0,
-------------------------------------------------------[2024-05-28 03:14:07.132]

SOURCE: AIR
RX_ID: 364, Freq: 131.825MHz
Mode: 2 NACKLabel: H1 Block ID: 9, Msg No: F08A
Flight ID: QY8030 REG: D-ALER


Message content:-
#M1BPOSN44506E005356,,031601,370,MTG07,032739,DIV08,M53,29765,164,7951EDE
-------------------------------------------------------[2024-05-28 03:16:03.685]

SOURCE: AIR
RX_ID: 365, Freq: 131.725MHz
Mode: E ACK, A2GLabel: B9 Block ID: 3, Msg No: J68A
Flight ID: AF0863 REG: F-GZCC


Message content:-
/LFPG.TI2/000LFPGA9F82
-------------------------------------------------------[2024-05-28 03:18:37.873]

SOURCE: AIR
RX_ID: 366, Freq: 131.825MHz
Mode: 2 NACKLabel: B9 Block ID: 4, Msg No: L03A
Flight ID: QY8030 REG: D-ALER


Message content:-
/LEBL.TI2/024LEBLA93E5
-------------------------------------------------------[2024-05-28 03:21:03.100]

SOURCE: AIR
RX_ID: 367, Freq: 131.725MHz
Mode: X NACKLabel: 2F Block ID: 6, Msg No: M88A
Flight ID: AF0805 REG: F-GSPE


Message content:-
0325+4404+449/40110
DBBB/LFPG/39994/ -06/ -58/0.84/195846/184996/30.0/ETR-09 /MTL-08 / -60/   48
-------------------------------------------------------[2024-05-28 03:25:10.470]

SOURCE: AIR
RX_ID: 368, Freq: 131.825MHz
Mode: 2 NACKLabel: H1 Block ID: 8, Msg No: F09A
Flight ID: QY8030 REG: D-ALER


Message content:-
#M1BPOSN43317E004403,MTG07,032742,370,DIV08,033047,NILDU,M54,29964,152,79530F9
-------------------------------------------------------[2024-05-28 03:27:44.108]

SOURCE: AIR
RX_ID: 369, Freq: 131.825MHz
Mode: 2 NACKLabel: H1 Block ID: 0, Msg No: F15A
Flight ID: QY1956 REG: OE-LNH


Message content:-
#M1BPOSN44208E005077,,033012,247,ELRUN,033208,SAURG,M28,29738,128,DAFF
-------------------------------------------------------[2024-05-28 03:30:14.822]

SOURCE: AIR
RX_ID: 370, Freq: 131.725MHz
Mode: G NACKLabel: 2F Block ID: 4, Msg No: M25A
Flight ID: AF0736 REG: F-GSPD


Message content:-
0404+4385+520/40139
FZAA/LFPG/39993/ -01/ -58/0.84/192199/178301/33.0/ETR-21 /MTL-20 / -63/   47
-------------------------------------------------------[2024-05-28 04:04:55.570]

SOURCE: AIR
RX_ID: 371, Freq: 131.725MHz
Mode: 2 NACKLabel: H1 Block ID: 7, Msg No: F34A
Flight ID: UA0964 REG: N664UA


Message content:-
#M1BPOSN45228E004370,,040918,370,LAPRI,042212,MOGBO,M55,29866,325,790/DTLIRN,24 , 23,052714,/TS040918,280524085E
-------------------------------------------------------[2024-05-28 04:09:20.785]

SOURCE: AIR
RX_ID: 372, Freq: 131.725MHz
Mode: G NACKLabel: B9 Block ID: 6, Msg No: L02A
Flight ID: AF7343 REG: F-GMZC


Message content:-
/LFPG.TI2/064LFPGA3806
-------------------------------------------------------[2024-05-28 04:17:53.812]

SOURCE: AIR
RX_ID: 373, Freq: 131.725MHz
Mode: G NACKLabel: 2F Block ID: 9, Msg No: M11A
Flight ID: AF7343 REG: F-GMZC


Message content:-
0423+4454+465/2767
-------------------------------------------------------[2024-05-28 04:23:53.459]

SOURCE: AIR
RX_ID: 374, Freq: 131.725MHz
Mode: G NACKLabel: 2T Block ID: 0, Msg No: M12A
Flight ID: AF7343 REG: F-GMZC


Message content:-
4
-------------------------------------------------------[2024-05-28 04:24:16.790]

SOURCE: AIR
RX_ID: 375, Freq: 131.725MHz
Mode: G ACK, A2GLabel: H1 Block ID: 4, Msg No: D12C
Flight ID: AF7343 REG: F-GMZC


Message content:-
#DFB02830,0120,352/9CN004,173,N0435,075241,030/C04348,0513,03232,0115,356/0CN004,180,00015,075350,026/E14350,0511,03549,0110,352/1EN009,199,00056,075532,024/E24351,0509,03851,0112,332/2EN005,225,00364,075749,01
-------------------------------------------------------[2024-05-28 04:24:48.135]

SOURCE: AIR
RX_ID: 376, Freq: 131.725MHz
Mode: G ACK, A2GLabel: H1 Block ID: 5, Msg No: D12D
Flight ID: AF7343 REG: F-GMZC


Message content:-
#DFB9/E34352,0507,04247,0100,330/3E0008,246,00258,075749,020/E44354,0505,04984,0110,349/4EN003,248,00147,075622,018/E54356,0503,05888,0092,330/5EN001,250,N0008,075713,020/E64357,0500,06860,0067,329/6E0003,247,0
-------------------------------------------------------[2024-05-28 04:24:52.633]

SOURCE: AIR
RX_ID: 377, Freq: 131.725MHz
Mode: G NACKLabel: H1 Block ID: 6, Msg No: D12E
Flight ID: AF7343 REG: F-GMZC


Message content:-
#DFB0002,075695,022/E74359,0498,07697,0042,335/7E0237,247,00196,075677,020/E84362,0498,08514,0025,322/8E0005,247,00036,075550,021/E94364,0497,09326,0012,333/9E0000,245,N0249,075622,018/E04366,XXXXX,10000,N002,3
-------------------------------------------------------[2024-05-28 04:24:56.947]

SOURCE: AIR
RX_ID: 378, Freq: 131.725MHz
Mode: G NACKLabel: H1 Block ID: 7, Msg No: D12F
Flight ID: AF7343 REG: F-GMZC


Message content:-
#DFB27/0EN077,246,00032,075604,016/N14369,0496,10857,N005,324/1NN013,247,N0285,075459,023/N24371,0494,11644,N022,309/2NN000,246,00068,075532,021/N34373,0493,12406,N017,304/3N0000,245,N0339,075514,023/N44376,049
-------------------------------------------------------[2024-05-28 04:25:01.043]

SOURCE: AIR
RX_ID: 379, Freq: 131.725MHz
Mode: G NACKLabel: H1 Block ID: 9, Msg No: D12H
Flight ID: AF7343 REG: F-GMZC


Message content:-
#DFB036/N84386,0489,16081,N105,303/8NN012,246,N0046,075260,034/N94389,0488,16715,N122,305/9NN001,248,N0571,075332,035/N04391,0487,17081,N130,297/0N0011,258,N0162,075296,040/S14394,0486,17327,N137,298/1SN007,271
-------------------------------------------------------[2024-05-28 04:25:09.461]

SOURCE: AIR
RX_ID: 380, Freq: 131.725MHz
Mode: G NACKLabel: H1 Block ID: 1, Msg No: D12J
Flight ID: AF7343 REG: F-GMZC


Message content:-
#DFB304/5SN010,273,00732,075042,043/S64409,0481,20301,N182,305/6SN011,270,00070,075114,038/S74412,0480,20822,N197,307/7SN010,271,00307,075096,040/S84415,0478,21520,N205,307/8SN004,266,N0670,075060,040/S94418,04
-------------------------------------------------------[2024-05-28 04:25:18.853]

SOURCE: AIR
RX_ID: 381, Freq: 131.725MHz
Mode: G NACKLabel: H1 Block ID: 2, Msg No: D12K
Flight ID: AF7343 REG: F-GMZC


Message content:-
#DFB77,21959,N212,314/9SN014,270,00200,074933,039/S04421,0476,22449,N225,312/0SN004,270,00047,075006,040/T14424,0475,22964,N237,309/1T0000,269,N0159,074987,041/T24427,0473,23467,N250,312/2TN011,270,00064,074860
-------------------------------------------------------[2024-05-28 04:25:22.548]

SOURCE: AIR
RX_ID: 382, Freq: 131.725MHz
Mode: G NACKLabel: H1 Block ID: 3, Msg No: D12L
Flight ID: AF7343 REG: F-GMZC


Message content:-
#DFB,042/T34430,0472,23956,N265,309/3TN003,270,00001,074933,042/T44433,0471,24418,N277,307/4TN006,270,N0013,074915,042/T54436,0469,24890,N292,308/5TN006,270,N0043,074879,044/T64440,0468,25370,N305,307/6TN006,26
-------------------------------------------------------[2024-05-28 04:25:26.862]

SOURCE: AIR
RX_ID: 383, Freq: 131.725MHz
Mode: G NACKLabel: H1 Block ID: 4, Msg No: D12M
Flight ID: AF7343 REG: F-GMZC


Message content:-
#DFB9,N0097,074752,044/T74443,0467,25746,N320,305/7TN006,270,00119,074824,044/T84446,0466,26193,N330,307/8T0107,270,N0031,074806,046/T94450,XXXXX,26659,N345,304/9T0003,269,N0075,074679,047,/
-------------------------------------------------------[2024-05-28 04:25:30.958]

SOURCE: AIR
RX_ID: 384, Freq: 131.725MHz
Mode: G NACKLabel: 26 Block ID: 6, Msg No: M14A
Flight ID: AF7343 REG: F-GMZC


Message content:-
0431LFMLAF7343/280516LFPG26L
-------------------------------------------------------[2024-05-28 04:31:03.322]

SOURCE: AIR
RX_ID: 385, Freq: 131.825MHz
Mode: 2 NACKLabel: H1 Block ID: 6, Msg No: F75A
Flight ID: AA0334 REG: N795AN


Message content:-
#M1BPOSN44478E003293,LER-10,043313,370,TOZ-11,043455,OTR-12,M56,29559,5896A8A
-------------------------------------------------------[2024-05-28 04:33:15.899]

SOURCE: AIR
RX_ID: 386, Freq: 131.725MHz
Mode: E NACKLabel: 2F Block ID: 6, Msg No: M63A
Flight ID: AF0929 REG: F-GZCL


Message content:-
0435+4317+490/4099
FNLU/LFPG/40019//-60/0.83/157442/147482//MTL    //-61/052
-------------------------------------------------------[2024-05-28 04:35:44.340]

SOURCE: AIR
RX_ID: 387, Freq: 131.725MHz
Mode: G NACKLabel: H1 Block ID: 7, Msg No: D01C
Flight ID: XG0331 REG: D-AUSC


Message content:-
#DFB,                    
N1,2,0332,000,000,000,018,00000,32,01
S1,024.00,024.03,065.1,0414,00396,012.1,019.5,16,049.2,183.5
T1,24.2,38.8,---.-,025,070.5,00400,00000
S2,023.72,023.72,064.7,0412,00391,012.1,
-------------------------------------------------------[2024-05-28 04:36:47.614]

SOURCE: AIR
RX_ID: 388, Freq: 131.725MHz
Mode: G NACKLabel: H1 Block ID: 9, Msg No: D01E
Flight ID: XG0331 REG: D-AUSC


Message content:-
#DFB0,095.3,37,382.4,402.5
T4,-2.5,00.0,---.-,053,070.8,00400,00000
S5,090.97,090.25,098.5,0699,04913,087.9,108.1,38,388.2,483.0
T5,-1.3,00.1,---.-,056,071.0,00400,00000
S6,090.94,090.19,098.6,0724,04790,08
-------------------------------------------------------[2024-05-28 04:36:56.024]

SOURCE: AIR
RX_ID: 389, Freq: 131.725MHz
Mode: G NACKLabel: H1 Block ID: 0, Msg No: D01F
Flight ID: XG0331 REG: D-AUSC


Message content:-
#DFB6.9,107.6,36,388.8,504.5
T6,-1.4,00.1,---.-,056,071.0,00400,00000
S7,091.16,090.44,098.6,0738,04711,086.6,107.5,37,390.0,512.5
T7,-1.3,00.1,---.-,056,071.0,00400,00000
S8,091.31,090.56,098.6,0753,04711,
-------------------------------------------------------[2024-05-28 04:37:00.117]

SOURCE: AIR
RX_ID: 390, Freq: 131.725MHz
Mode: G NACKLabel: H1 Block ID: 1, Msg No: D01G
Flight ID: XG0331 REG: D-AUSC


Message content:-
#DFB086.6,107.7,37,391.9,518.0
T8,-1.4,00.1,---.-,056,071.0,00400,00000
S9,091.44,090.63,098.7,0763,04711,086.7,107.7,36,392.1,522.5
T9,-1.4,00.1,---.-,056,071.0,00400,00000
S0,091.47,090.63,098.7,0772,0471
-------------------------------------------------------[2024-05-28 04:37:04.213]

SOURCE: AIR
RX_ID: 391, Freq: 131.725MHz
Mode: G NACKLabel: H1 Block ID: 2, Msg No: D01H
Flight ID: XG0331 REG: D-AUSC


Message content:-
#DFB4,086.8,108.0,36,392.6,525.5
T0,-1.4,00.1,---.-,056,070.8,00400,00000:

-------------------------------------------------------[2024-05-28 04:37:07.688]

SOURCE: AIR
RX_ID: 392, Freq: 131.725MHz
Mode: G NACKLabel: H1 Block ID: 3, Msg No: D02A
Flight ID: XG0331 REG: D-AUSC


Message content:-
#DFB103012100101011476043
R10/A34010,1,1
C1,.D-AUSC,24MAY28,04.35.15,LFMI,VCBI,USY331    ,6030,069
C2,010,03.0,000000,D1043CF04C0SA13,000,000,000
C3,013.5,-0054,-.---,11-,1.27,1111,1010,0,0001,1111,0.73,-

-------------------------------------------------------[2024-05-28 04:37:11.785]

SOURCE: AIR
RX_ID: 393, Freq: 131.725MHz
Mode: G NACKLabel: H1 Block ID: 4, Msg No: D04D
Flight ID: XG0331 REG: D-AUSC


Message content:-
#DFB14.4,018.5,--.--
S3,091.02,091.0,094.9,090.59,098.8,0816,04738,14.4,018.7,--.--
S4,091.02,091.0,094.9,090.61,098.5,0805,04638,14.4,018.0,--.--
T1,115.5,375.7,538.5,---.-,00.6,00.0,100,022,000,012.0,38,12
-------------------------------------------------------[2024-05-28 04:38:35.935]

SOURCE: AIR
RX_ID: 394, Freq: 131.725MHz
Mode: G NACKLabel: H1 Block ID: 6, Msg No: D04F
Flight ID: XG0331 REG: D-AUSC


Message content:-
#DFB1.5,0.36,0.81,01.8,095,143,0.50,0.88,36064
V2,055,061.5,00.9,0.38,0.45,01.1,162,198,0.44,0.50,36064
V3,056,060.8,01.2,0.58,0.93,01.7,082,134,0.66,1.00,36064
V4,057,060.8,00.3,0.30,0.43,00.2,298,326,0.31,
-------------------------------------------------------[2024-05-28 04:38:44.128]

SOURCE: AIR
RX_ID: 395, Freq: 131.825MHz
Mode: 2 NACKLabel: H1 Block ID: 0, Msg No: D27B
Flight ID: AA0334 REG: N795AN


Message content:-
#DFB391604790.0060.004 59.75 -46.05 61360-59 217OFF
 45.2110   1.9526370044384804790.0090.004 58.63 -50.98 60680-59 217OFF
 45.0512   2.5399370014378004780.0100.006 59.13 -59.06 60000-58 217OFF
-------------------------------------------------------[2024-05-28 04:40:37.645]

SOURCE: AIR
RX_ID: 396, Freq: 131.825MHz
Mode: 2 NACKLabel: H1 Block ID: 1, Msg No: F78A
Flight ID: AA0334 REG: N795AN


Message content:-
#M1BPOSN44200E005019,BEP-13,044109,370,RET-14,044336,KOLON,M57,29965,57109BC
-------------------------------------------------------[2024-05-28 04:41:11.221]

SOURCE: AIR
RX_ID: 397, Freq: 131.725MHz
Mode: G NACKLabel: H1 Block ID: 0, Msg No: F89A
Flight ID: DL0232 REG: N172DZ


Message content:-
#M1BPOSN44212E005362,RET30,044142,390,KOLON,045003,RAPUR,M59,30841,273,8102A96
-------------------------------------------------------[2024-05-28 04:41:44.974]

SOURCE: AIR
RX_ID: 398, Freq: 131.825MHz
Mode: 2 NACKLabel: 16 Block ID: 2, Msg No: M29A
Flight ID: AA0334 REG: N795AN


Message content:-
POSA1N44194E  5478,BEP-13 ,044110,370,RET-14 ,044336,,-57, 63, 565,844
-------------------------------------------------------[2024-05-28 04:43:29.277]

SOURCE: AIR
RX_ID: 399, Freq: 131.825MHz
Mode: 2 NACKLabel: H1 Block ID: 3, Msg No: F79A
Flight ID: AA0334 REG: N795AN


Message content:-
#M1BPOSN44111E005304,RET-14,044336,370,KOLON,045111,RAPUR,M57,30264,5658A87
-------------------------------------------------------[2024-05-28 04:43:38.272]

SOURCE: AIR
RX_ID: 400, Freq: 131.825MHz
Mode: 2 NACKLabel: H1 Block ID: 4, Msg No: F80A
Flight ID: AA0334 REG: N795AN


Message content:-
#M1BPOSN43390E006542,KOL-16,045111,370,RAP-17,050120,RAT-18,M55,31651,548A65E
-------------------------------------------------------[2024-05-28 04:51:13.190]

SOURCE: AIR
RX_ID: 401, Freq: 131.825MHz
Mode: 2 NACKLabel: 16 Block ID: 6, Msg No: M66A
Flight ID: XSMBU6 REG: 2-UTMH


Message content:-
051544,36997,0611, 112,N 42.990 E  4.713
-------------------------------------------------------[2024-05-28 05:16:10.479]

SOURCE: AIR
RX_ID: 402, Freq: 131.725MHz
Mode: G NACKLabel: H1 Block ID: 9, Msg No: D39A
Flight ID: DL0028 REG: N827MH


Message content:-
#DFB239N1803 0028052824060303707 4419   558270-10-34307 48XX-223 18920
 283 47100411424000B0/9WKJFKLFMN
-------------------------------------------------------[2024-05-28 06:03:27.561]

SOURCE: AIR
RX_ID: 403, Freq: 131.725MHz
Mode: G NACKLabel: H1 Block ID: 0, Msg No: D40A
Flight ID: DL0028 REG: N827MH


Message content:-
#DFBENGINE BLEED REPORT

AID:N1803  DA:28/05    GMT:06:06    FNO:1816      ISFC: 2413
TAT:  33  SAT:-150   ALT: 18360   MACH:0598    FCNT:   13
GW:296560  FLT:0028-1  MODE:DESC    SID:AK-67-223
S/N L:70623
-------------------------------------------------------[2024-05-28 06:06:27.785]

SOURCE: AIR
RX_ID: 404, Freq: 131.725MHz
Mode: G NACKLabel: H1 Block ID: 1, Msg No: D40B
Flight ID: DL0028 REG: N827MH


Message content:-
#DFB9         DEPART:KJFK    DESTIN:LFMN
S/N R:707000

               ENG L     ENG R
HPSOV          OPN       OPN
PRV            OPN       OPN
PRSOV          OPN       OPN
FAV %            -412     -361
-------------------------------------------------------[2024-05-28 06:06:31.881]

SOURCE: AIR
RX_ID: 405, Freq: 131.725MHz
Mode: G NACKLabel: H1 Block ID: 2, Msg No: D40C
Flight ID: DL0028 REG: N827MH


Message content:-
#DFB
N1 SPD          3938     3963
HI STG PRESS    4300     4200
INTERM PRESS1    3089     3225
INTERM PRESS2    3133     3214
STRUT OVHT     NRML      NRML
DUCT PRESS       2763     3075
P-COOL TEMP    
-------------------------------------------------------[2024-05-28 06:06:36.380]

SOURCE: AIR
RX_ID: 406, Freq: 131.725MHz
Mode: G ACK, A2GLabel: H1 Block ID: 2, Msg No: D40C
Flight ID: DL0028 REG: N827MH


Message content:-
#DFB
N1 SPD          3938     3963
HI STG PRESS    4300     4200
INTERM PRESS1    3089     3225
INTERM PRESS2    3133     3214
STRUT OVHT     NRML      NRML
DUCT PRESS       2763     3075
P-COOL TEMP    
-------------------------------------------------------[2024-05-28 06:06:39.452]

SOURCE: AIR
RX_ID: 407, Freq: 131.725MHz
Mode: G ACK, A2GLabel: H1 Block ID: 3, Msg No: D40D
Flight ID: DL0028 REG: N827MH


Message content:-
#DFB34588    34691
PACK HX TEMP    32641    31769
PACK FLOW       10869    12297
WING ANTI ICE  OFF
LT  ISO VLV    CLS
RT  ISO VLV    CLS
CTR ISO VLV    OPN

TRIGGER CODE   0000

STATUS WORDS  DW1  DW
-------------------------------------------------------[2024-05-28 06:06:44.974]

SOURCE: AIR
RX_ID: 408, Freq: 131.725MHz
Mode: G NACKLabel: H1 Block ID: 4, Msg No: D40E
Flight ID: DL0028 REG: N827MH


Message content:-
#DFB2  DW3  DW4  DW5  DW6  DW7  DW8  EICAS
LEFT          0000 0001 0000 0000 0000 0000 1040 0000 0000
RIGHT         0000 0001 0000 0000 0000 0000 1040 0000 0000

-------------------------------------------------------[2024-05-28 06:06:48.887]

SOURCE: AIR
RX_ID: 409, Freq: 131.725MHz
Mode: 2 NACKLabel: 15 Block ID: 6, Msg No: M05A
Flight ID: ZD0001 REG: 9HGRS


Message content:-
(2N44392E  5196--- 46270-35(Z
-------------------------------------------------------[2024-05-28 06:19:57.774]

SOURCE: AIR
RX_ID: 410, Freq: 131.525MHz
Mode: 2 NACKLabel: H1 Block ID: 1, Msg No: F33A
Flight ID: ZD0000 REG: TCMLR


Message content:-
#M1B/B0 LECB.AFN/FMHTCMLR,..TCMLR,,062011/FPON42510E006094,1/FCOADS,01/FCOATC,011EBC
-------------------------------------------------------[2024-05-28 06:20:12.733]

SOURCE: AIR
RX_ID: 411, Freq: 131.525MHz
Mode: 2 NACKLabel: B9 Block ID: 2, Msg No: M34A
Flight ID: ZD0000 REG: TCMLR


Message content:-
/LPPT.TI2/024LPPTA93DE
-------------------------------------------------------[2024-05-28 06:20:32.809]

SOURCE: AIR
RX_ID: 412, Freq: 131.725MHz
Mode: 2 NACKLabel: 14 Block ID: 7, Msg No: M06A
Flight ID: ZD0001 REG: 9HGRS


Message content:-
(2AAAAN44321E  5248                                ATISLFMN         (Z
-------------------------------------------------------[2024-05-28 06:20:56.951]

SOURCE: AIR
RX_ID: 413, Freq: 131.725MHz
Mode: 2 NACKLabel: 14 Block ID: 5, Msg No: M14A
Flight ID: ZD0001 REG: 9HGRS


Message content:-
(2/AFA
-------------------------------------------------------[2024-05-28 06:22:03.325]

SOURCE: AIR
RX_ID: 414, Freq: 131.725MHz
Mode: 2 NACKLabel: 14 Block ID: 5, Msg No: M14A
Flight ID: ZD0001 REG: 9HGRS


Message content:-
(2/AFA
-------------------------------------------------------[2024-05-28 06:22:27.498]

SOURCE: AIR
RX_ID: 415, Freq: 131.825MHz
Mode: 2 NACKLabel: 16 Block ID: 1, Msg No: M10A
Flight ID: AA0720 REG: N791AN


Message content:-
POSA1N44657E  5066,BEPER  ,062112,390,BEP-06 ,062309,,-56, 42, 311,833
-------------------------------------------------------[2024-05-28 06:22:29.366]

SOURCE: AIR
RX_ID: 416, Freq: 131.825MHz
Mode: 2 NACKLabel: H1 Block ID: 2, Msg No: F08A
Flight ID: AA0720 REG: N791AN


Message content:-
#M1BPOSN44364E005113,BEP-06,062309,390,RET-07,062549,KOL-08,M56,30645,311F3FF
-------------------------------------------------------[2024-05-28 06:23:11.751]

SOURCE: AIR
RX_ID: 417, Freq: 131.825MHz
Mode: 2 NACKLabel: H1 Block ID: 3, Msg No: F09A
Flight ID: AA0720 REG: N791AN


Message content:-
#M1BPOSN44242E005388,RET-07,062549,390,KOL-08,063349,RAP-09,M57,30648,305D112
-------------------------------------------------------[2024-05-28 06:25:51.897]

SOURCE: AIR
RX_ID: 418, Freq: 131.825MHz
Mode: 2 NACKLabel: 5U Block ID: 4, Msg No: M11A
Flight ID: AA0720 REG: N791AN


Message content:-
OS LIRF /WXRLIRF
-------------------------------------------------------[2024-05-28 06:31:21.627]

SOURCE: AIR
RX_ID: 419, Freq: 131.825MHz
Mode: 2 NACKLabel: H1 Block ID: 6, Msg No: F10A
Flight ID: AA0720 REG: N791AN


Message content:-
#M1BPOSN43402E006547,KOL-08,063400,390,RAP-09,064429,RAT-10,M56,30141,288DB70
-------------------------------------------------------[2024-05-28 06:34:03.640]

SOURCE: AIR
RX_ID: 420, Freq: 131.825MHz
Mode: 2 NACKLabel: H1 Block ID: 7, Msg No: D29A
Flight ID: AA0720 REG: N791AN


Message content:-
#DFBTRP KCLT LIRF 07  8 922   0  0 062227
 45.3267   2.7720389984147204710.0110.008 66.37 -52.73 33720-57 197OFF
 45.1710   3.3604390024140804790.0060.004 57.63 -45.70 33080-56 197OFF
 45.0143   3.9403390054
-------------------------------------------------------[2024-05-28 06:34:31.074]

SOURCE: AIR
RX_ID: 421, Freq: 131.825MHz
Mode: 2 NACKLabel: H1 Block ID: 8, Msg No: D29B
Flight ID: AA0720 REG: N791AN


Message content:-
#DFB134404800.0080.007 51.38 -44.30 32440-56 197OFF
 44.8560   4.5125389984128404810.0090.007 45.50 -49.57 31840-55 197OFF
 44.6766   5.0618390044122004760.0120.007 42.00 -54.14 31200-56 197OFF
-------------------------------------------------------[2024-05-28 06:34:38.861]

SOURCE: AIR
RX_ID: 422, Freq: 131.825MHz
Mode: 2 NACKLabel: B9 Block ID: 0, Msg No: L54A
Flight ID: AC0892 REG: C-FIVR


Message content:-
/LIRF.TI2/046LIRFA5A1A
-------------------------------------------------------[2024-05-28 06:47:50.818]

SOURCE: AIR
RX_ID: 423, Freq: 131.725MHz
Mode: E NACKLabel: SA Block ID: 1, Msg No: S37A
Flight ID: AF7330 REG: F-GMZE


Message content:-
0EV070432V
-------------------------------------------------------[2024-05-28 07:04:36.610]

SOURCE: AIR
RX_ID: 424, Freq: 131.725MHz
Mode: E NACKLabel: 2F Block ID: 2, Msg No: M18A
Flight ID: AF7330 REG: F-GMZE


Message content:-
0705+4399+507/1141
-------------------------------------------------------[2024-05-28 07:05:38.051]

SOURCE: AIR
RX_ID: 425, Freq: 131.725MHz
Mode: E NACKLabel: 26 Block ID: 3, Msg No: M19A
Flight ID: AF7330 REG: F-GMZE


Message content:-
0706LFPGAF7330/280721LFML31L
-------------------------------------------------------[2024-05-28 07:06:02.007]

SOURCE: AIR
RX_ID: 426, Freq: 131.725MHz
Mode: E NACKLabel: H1 Block ID: 4, Msg No: D09A
Flight ID: AF7330 REG: F-GMZE


Message content:-
#DFBA01/A32101,1,1/CCF-GMZE,MAY28,064533,LFPG,LFML,0085/C106,95713,5000,54,0010,0,0100,65,X/CEN120,29000,304,786,6780,250,C53015/EC643526,00358,02408,00334,73,03/EE577159,00358,06560,00334,73/N10853,0853,0945,6
-------------------------------------------------------[2024-05-28 07:07:22.282]

SOURCE: AIR
RX_ID: 427, Freq: 131.725MHz
Mode: E NACKLabel: H1 Block ID: 5, Msg No: D09B
Flight ID: AF7330 REG: F-GMZE


Message content:-
#DFB236,1593,XXXXX/N20853,0853,0943,6222,1585,XXXXX/S1XXXXX,0780,1605,4412,XXXX,028,N00/S2XXXXX,0795,1602,4457,XXXX,033,N00/T1096,087,022,42,084,06905,0237/T2097,086,018,40,079,06892,0191/V1044,083,005,008,013,
-------------------------------------------------------[2024-05-28 07:07:25.792]

SOURCE: AIR
RX_ID: 428, Freq: 131.725MHz
Mode: E NACKLabel: H1 Block ID: 5, Msg No: D09B
Flight ID: AF7330 REG: F-GMZE


Message content:-
#DFB236,1593,XXXXX/N20853,0853,0943,6222,1585,XXXXX/S1XXXXX,0780,1605,4412,XXXX,028,N00/S2XXXXX,0795,1602,4457,XXXX,033,N00/T1096,087,022,42,084,06905,0237/T2097,086,018,40,079,06892,0191/V1044,083,005,008,013,
-------------------------------------------------------[2024-05-28 07:07:38.669]

SOURCE: AIR
RX_ID: 429, Freq: 131.725MHz
Mode: E NACKLabel: H1 Block ID: 5, Msg No: D09B
Flight ID: AF7330 REG: F-GMZE


Message content:-
#DFB236,1593,XXXXX/N20853,0853,0943,6222,1585,XXXXX/S1XXXXX,0780,1605,4412,XXXX,028,N00/S2XXXXX,0795,1602,4457,XXXX,033,N00/T1096,087,022,42,084,06905,0237/T2097,086,018,40,079,06892,0191/V1044,083,005,008,013,
-------------------------------------------------------[2024-05-28 07:07:58.743]

SOURCE: AIR
RX_ID: 430, Freq: 131.725MHz
Mode: E NACKLabel: H1 Block ID: 6, Msg No: D09C
Flight ID: AF7330 REG: F-GMZE


Message content:-
#DFB00008,00081/V2045,081,009,006,078,00008,00081,/
-------------------------------------------------------[2024-05-28 07:08:11.433]

SOURCE: AIR
RX_ID: 431, Freq: 131.725MHz
Mode: E NACKLabel: H1 Block ID: 6, Msg No: D09C
Flight ID: AF7330 REG: F-GMZE


Message content:-
#DFB00008,00081/V2045,081,009,006,078,00008,00081,/
-------------------------------------------------------[2024-05-28 07:08:21.892]

SOURCE: AIR
RX_ID: 432, Freq: 131.725MHz
Mode: E NACKLabel: H1 Block ID: 6, Msg No: D09C
Flight ID: AF7330 REG: F-GMZE


Message content:-
#DFB00008,00081/V2045,081,009,006,078,00008,00081,/
-------------------------------------------------------[2024-05-28 07:08:33.961]

SOURCE: AIR
RX_ID: 433, Freq: 131.725MHz
Mode: G NACKLabel: H1 Block ID: 7, Msg No: D09C
Flight ID: AF7330 REG: F-GMZE


Message content:-
#DFB00008,00081/V2045,081,009,006,078,00008,00081,/
-------------------------------------------------------[2024-05-28 07:08:42.592]

SOURCE: AIR
RX_ID: 434, Freq: 131.725MHz
Mode: G NACKLabel: H1 Block ID: 8, Msg No: D10A
Flight ID: AF7330 REG: F-GMZE


Message content:-
#DFBA02/A32102,1,1/CCF-GMZE,MAY28,064529,LFPG,LFML,0085/C106,95801,5000,54,0010,0,0100,65,X/CEN120,29002,304,786,6785,250,C53015/CNN122,29041,305,788,6785,250/EC643526,00358,02408,00334,73,09,02/EE577159,00358,
-------------------------------------------------------[2024-05-28 07:09:10.825]

SOURCE: AIR
RX_ID: 435, Freq: 131.725MHz
Mode: G NACKLabel: H1 Block ID: 9, Msg No: D10B
Flight ID: AF7330 REG: F-GMZE


Message content:-
#DFB06560,00334,73/N10853,0853,0945,6237,1594,XXXXX/N20853,0853,0944,6223,1585,XXXXX/S1XXXXX,0780,1605,4412,XXXX,028,N00/S2XXXXX,0795,1603,4457,XXXX,033,N00/T1096,087,022,42,084,06905,0237/T2097,086,018,40,079,
-------------------------------------------------------[2024-05-28 07:09:14.922]

SOURCE: AIR
RX_ID: 436, Freq: 131.725MHz
Mode: G NACKLabel: H1 Block ID: 0, Msg No: D10C
Flight ID: AF7330 REG: F-GMZE


Message content:-
#DFB06892,0191/V1044,083,005,008,013,00008,00081/V2045,081,009,006,077,00008,00081/X102452,0000,0009,N001,N0002,0001/X202467,0001,0010,N001,N0002,0000/X3N001,0006,N008,N008,N000,N002,N000/X4N002,N003,N002,N002,
-------------------------------------------------------[2024-05-28 07:09:19.642]

SOURCE: AIR
RX_ID: 437, Freq: 131.725MHz
Mode: G NACKLabel: H1 Block ID: 1, Msg No: D10D
Flight ID: AF7330 REG: F-GMZE


Message content:-
#DFB0000,0000/X5N000,N001,N002,0000,0000,0000/X61680,E0032,N462,064,309,0137,0788/X71680,E0032,N462,064,308,0126,0789,/
-------------------------------------------------------[2024-05-28 07:09:23.333]

SOURCE: AIR
RX_ID: 438, Freq: 131.725MHz
Mode: G NACKLabel: 26 Block ID: 2, Msg No: M20A
Flight ID: AF7330 REG: F-GMZE


Message content:-
0711LFPGAF7330/280716LFML31L
-------------------------------------------------------[2024-05-28 07:11:02.881]

SOURCE: AIR
RX_ID: 439, Freq: 131.525MHz
Mode: T NACKLabel: 2Z Block ID: 2, Msg No: M14A
Flight ID: AF6234 REG: F-GRHF


Message content:-
LFMN
-------------------------------------------------------[2024-05-28 07:26:02.763]

SOURCE: AIR
RX_ID: 440, Freq: 131.525MHz
Mode: T NACKLabel: 26 Block ID: 4, Msg No: M15A
Flight ID: AF6234 REG: F-GRHF


Message content:-
0732LFPOAF6234/280747LFMN04L
-------------------------------------------------------[2024-05-28 07:32:19.379]

SOURCE: AIR
RX_ID: 441, Freq: 131.525MHz
Mode: T NACKLabel: 2F Block ID: 5, Msg No: M16A
Flight ID: AF6234 REG: F-GRHF


Message content:-
0733+4372+595/1734
-------------------------------------------------------[2024-05-28 07:33:41.119]

SOURCE: AIR
RX_ID: 442, Freq: 131.825MHz
Mode: 2 NACKLabel: 1L Block ID: 2, Msg No: M86A
Flight ID: LH037X REG: D-AIQS


Message content:-
04268234212CNG2)1UTU1*I16ST5SL-JL0
-------------------------------------------------------[2024-05-28 07:36:38.928]

SOURCE: AIR
RX_ID: 443, Freq: 131.825MHz
Mode: 2 ACK, A2GLabel: 1L Block ID: 3, Msg No: M87A
Flight ID: LH037X REG: D-AIQS


Message content:-
042692342812(VKRBE,EOXZOYU-KUL-2LL
-------------------------------------------------------[2024-05-28 07:36:47.302]

SOURCE: AIR
RX_ID: 444, Freq: 131.825MHz
Mode: 2 NACKLabel: 1L Block ID: 6, Msg No: M88A
Flight ID: LH037X REG: D-AIQS


Message content:-
04270209249VG++VAYVUKU::)V6 SLEUYUY7KG-BAO(U11A8AIJ9+KUYOO*K4+K+
-------------------------------------------------------[2024-05-28 07:37:09.832]

SOURCE: AIR
RX_ID: 445, Freq: 131.825MHz
Mode: 2 NACKLabel: H1 Block ID: 8, Msg No: 395A
Flight ID: LH037X REG: D-AIQS


Message content:-
#T3BA(3EG)ESPT,CCPE1VC/1:CC
-------------------------------------------------------[2024-05-28 07:37:45.487]

SOURCE: AIR
RX_ID: 446, Freq: 131.725MHz
Mode: X NACKLabel: H1 Block ID: 4, Msg No: F89A
Flight ID: CC3762 REG: TF-WFF


Message content:-
#M1BPOSN42591E005201,,081412,360,MRM,081724,MTL,M58,31956,547,84,CC32
-------------------------------------------------------[2024-05-28 08:14:15.841]

SOURCE: AIR
RX_ID: 447, Freq: 131.725MHz
Mode: X NACKLabel: H1 Block ID: 5, Msg No: D42A
Flight ID: CC3762 REG: TF-WFF


Message content:-
#DFBPOSTF-WFFD376HUENEBLG280524081749
  589ER1952AARA2207
PN43248E  518508174936001-57319 63 52300
-------------------------------------------------------[2024-05-28 08:18:11.143]

SOURCE: AIR
RX_ID: 448, Freq: 131.725MHz
Mode: X NACKLabel: H1 Block ID: 7, Msg No: F90A
Flight ID: CC3762 REG: TF-WFF


Message content:-
#M1BPOSN43558E005085,,082212,360,MADOT,083732,MOPEM,M58,31860,519,85,52B4
-------------------------------------------------------[2024-05-28 08:22:14.461]

SOURCE: AIR
RX_ID: 449, Freq: 131.725MHz
Mode: X NACKLabel: H1 Block ID: 9, Msg No: F91A
Flight ID: CC3762 REG: TF-WFF


Message content:-
#M1BPOSN44502E004498,,082960,360,MADOT,083748,MOPEM,M57,31668,492,85,DE9B
-------------------------------------------------------[2024-05-28 08:30:05.508]

SOURCE: AIR
RX_ID: 450, Freq: 131.725MHz
Mode: X NACKLabel: H1 Block ID: 0, Msg No: D43A
Flight ID: CC3762 REG: TF-WFF


Message content:-
#DFBPOSTF-WFFD376HUENEBLG280524083250
 1490ER1952AARA2207
PN45 85E  442408325035994-57315 67 47100
-------------------------------------------------------[2024-05-28 08:33:10.676]

SOURCE: AIR
RX_ID: 451, Freq: 131.725MHz
Mode: X NACKLabel: H1 Block ID: 0, Msg No: D43A
Flight ID: CC3762 REG: TF-WFF


Message content:-
#DFBPOSTF-WFFD376HUENEBLG280524083250
 1490ER1952AARA2207
PN45 85E  442408325035994-57315 67 47100
-------------------------------------------------------[2024-05-28 08:33:23.181]

SOURCE: AIR
RX_ID: 452, Freq: 131.725MHz
Mode: G NACKLabel: H1 Block ID: 3, Msg No: D25C
Flight ID: AF7331 REG: F-GMZE


Message content:-
#DFB0/V215093,0207,1,1,051,077,009,007,082/X100008,00060,00010,100,036,0728/X200008,00060,00010,099,037,0726/
-------------------------------------------------------[2024-05-28 08:40:34.292]

SOURCE: AIR
RX_ID: 453, Freq: 131.725MHz
Mode: G NACKLabel: 2T Block ID: 4, Msg No: M35A
Flight ID: AF7331 REG: F-GMZE


Message content:-
4
-------------------------------------------------------[2024-05-28 08:50:29.243]

SOURCE: AIR
RX_ID: 454, Freq: 131.725MHz
Mode: G NACKLabel: 2T Block ID: 8, Msg No: M36A
Flight ID: AF7331 REG: F-GMZE


Message content:-
4
-------------------------------------------------------[2024-05-28 08:51:01.166]

SOURCE: AIR
RX_ID: 455, Freq: 131.725MHz
Mode: G ACK, A2GLabel: 2T Block ID: 8, Msg No: M36A
Flight ID: AF7331 REG: F-GMZE


Message content:-
4
-------------------------------------------------------[2024-05-28 08:51:04.675]

SOURCE: AIR
RX_ID: 456, Freq: 131.725MHz
Mode: G NACKLabel: 2F Block ID: 3, Msg No: M37A
Flight ID: AF7331 REG: F-GMZE


Message content:-
0854+4474+483/2452
-------------------------------------------------------[2024-05-28 08:54:28.856]

SOURCE: AIR
RX_ID: 457, Freq: 131.725MHz
Mode: G NACKLabel: 2F Block ID: 3, Msg No: M37A
Flight ID: AF7331 REG: F-GMZE


Message content:-
0854+4474+483/2452
-------------------------------------------------------[2024-05-28 08:54:38.877]

SOURCE: AIR
RX_ID: 458, Freq: 131.725MHz
Mode: X NACKLabel: H1 Block ID: 4, Msg No: D32A
Flight ID: DL0024 REG: N840MH


Message content:-
#DFB239N1816 0024052824090446784 4429   541262 -3-33311 53XX-223 21800
 321 52600381389400B0W/XKATLLFMN
-------------------------------------------------------[2024-05-28 09:04:55.148]

SOURCE: AIR
RX_ID: 459, Freq: 131.525MHz
Mode: T NACKLabel: B9 Block ID: 2, Msg No: L11A
Flight ID: AF6239 REG: F-GRHF


Message content:-
/LFPO.TI2/064LFPOAB1AF
-------------------------------------------------------[2024-05-28 09:06:59.456]

SOURCE: AIR
RX_ID: 460, Freq: 131.525MHz
Mode: T NACKLabel: B9 Block ID: 2, Msg No: L11A
Flight ID: AF6239 REG: F-GRHF


Message content:-
/LFPO.TI2/064LFPOAB1AF
-------------------------------------------------------[2024-05-28 09:07:10.319]

SOURCE: AIR
RX_ID: 461, Freq: 131.525MHz
Mode: T NACKLabel: B9 Block ID: 2, Msg No: L11A
Flight ID: AF6239 REG: F-GRHF


Message content:-
/LFPO.TI2/064LFPOAB1AF
-------------------------------------------------------[2024-05-28 09:07:21.770]

SOURCE: AIR
RX_ID: 462, Freq: 131.725MHz
Mode: X NACKLabel: 39 Block ID: 5, Msg No: M08A
Flight ID: DL0024 REG: N840MH


Message content:-
270939 KATL LFMN7
0939                                   
/TCI [  ]








-------------------------------------------------------[2024-05-28 09:07:23.191]

SOURCE: AIR
RX_ID: 463, Freq: 131.525MHz
Mode: 2 NACKLabel: B9 Block ID: 2, Msg No: L11A
Flight ID: AF6239 REG: F-GRHF


Message content:-
/LFPO.TI2/064LFPOAB1AF
-------------------------------------------------------[2024-05-28 09:07:42.061]

SOURCE: AIR
RX_ID: 464, Freq: 131.725MHz
Mode: X NACKLabel: H1 Block ID: 1, Msg No: D33A
Flight ID: DL0024 REG: N840MH


Message content:-
#DFBENGINE BLEED REPORT

AID:N1816  DA:28/05    GMT:09:08    FNO:1077      ISFC:  460
TAT:  17  SAT:-165   ALT: 18796   MACH:0595    FCNT: 2792
GW:305040  FLT:0024-1  MODE:DESC    SID:AK-67-223
S/N L:70624
-------------------------------------------------------[2024-05-28 09:08:42.482]

SOURCE: AIR
RX_ID: 465, Freq: 131.725MHz
Mode: X NACKLabel: H1 Block ID: 2, Msg No: D33B
Flight ID: DL0024 REG: N840MH


Message content:-
#DFB5         DEPART:KATL    DESTIN:LFMN
S/N R:707000

               ENG L     ENG R
HPSOV          OPN       OPN
PRV            OPN       OPN
PRSOV          OPN       OPN
FAV %            -282     -107
-------------------------------------------------------[2024-05-28 09:08:46.983]

SOURCE: AIR
RX_ID: 466, Freq: 131.725MHz
Mode: X NACKLabel: H1 Block ID: 3, Msg No: D33C
Flight ID: DL0024 REG: N840MH


Message content:-
#DFB
N1 SPD          3803     3825
HI STG PRESS    3900     4050
INTERM PRESS1    2900     3108
INTERM PRESS2    2823     3022
STRUT OVHT     NRML      NRML
DUCT PRESS       2675     2813
P-COOL TEMP    
-------------------------------------------------------[2024-05-28 09:08:51.256]

SOURCE: AIR
RX_ID: 467, Freq: 131.725MHz
Mode: X NACKLabel: H1 Block ID: 4, Msg No: D33D
Flight ID: DL0024 REG: N840MH


Message content:-
#DFB36103    36847
PACK HX TEMP    32469    33631
PACK FLOW        7188    10877
WING ANTI ICE  OFF
LT  ISO VLV    CLS
RT  ISO VLV    CLS
CTR ISO VLV    OPN

TRIGGER CODE   0000

STATUS WORDS  DW1  DW
-------------------------------------------------------[2024-05-28 09:08:55.353]

SOURCE: AIR
RX_ID: 468, Freq: 131.725MHz
Mode: X NACKLabel: H1 Block ID: 5, Msg No: D33E
Flight ID: DL0024 REG: N840MH


Message content:-
#DFB2  DW3  DW4  DW5  DW6  DW7  DW8  EICAS
LEFT          0000 0001 0000 0000 0000 0000 1040 0000 0000
RIGHT         0000 0001 0000 0000 0000 0000 1040 0000 0000

-------------------------------------------------------[2024-05-28 09:08:59.266]

SOURCE: AIR
RX_ID: 469, Freq: 131.725MHz
Mode: X NACKLabel: H1 Block ID: 6, Msg No: F04A
Flight ID: DL0024 REG: N840MH


Message content:-
#M1BPOSN43359E006064,AMFOU,091133,140,TIPIK,091342,MUS,M6,30321,209,78A1
-------------------------------------------------------[2024-05-28 09:11:35.537]

SOURCE: AIR
RX_ID: 470, Freq: 131.725MHz
Mode: E NACKLabel: B1 Block ID: 3, Msg No: L11A
Flight ID: DL0025 REG: N827MH


Message content:-
/PIKCLXS.OC1/RCL 024
DAL25-SIVIR/1056 M081F320
-RMK/MAX F330DC2D
-------------------------------------------------------[2024-05-28 09:26:30.084]

SOURCE: AIR
RX_ID: 471, Freq: 131.825MHz
Mode: 2 NACKLabel: 44 Block ID: 0, Msg No: M27A
Flight ID: GS003G REG: CSDLB


Message content:-
09|\L48c+NNhhNG44Bh1,c6Zsc-Leec-GP-c4Bh1c4Zh,c848,cs5Bgg
-------------------------------------------------------[2024-05-28 09:26:48.152]

SOURCE: AIR
RX_ID: 472, Freq: 131.725MHz
Mode: E NACKLabel: 4H Block ID: 5, Msg No: M43A
Flight ID: DL0025 REG: N827MH


Message content:-
28094H LFMN KATL6
  
WPR RESET





-------------------------------------------------------[2024-05-28 09:27:58.989]

SOURCE: AIR
RX_ID: 473, Freq: 131.825MHz
Mode: 2 NACKLabel: H1 Block ID: 4, Msg No: A14A
Flight ID: GS003G REG: CSDLB


Message content:-
#M1B/.RESMSG/AK,071/TS092740,2805247608
-------------------------------------------------------[2024-05-28 09:28:25.431]

SOURCE: AIR
RX_ID: 474, Freq: 131.825MHz
Mode: 2 NACKLabel: H1 Block ID: 4, Msg No: A14A
Flight ID: GS003G REG: CSDLB


Message content:-
#M1B/.RESMSG/AK,071/TS092740,2805247608
-------------------------------------------------------[2024-05-28 09:28:29.345]

SOURCE: AIR
RX_ID: 475, Freq: 131.825MHz
Mode: 2 NACKLabel: H1 Block ID: 5, Msg No: A15A
Flight ID: GS003G REG: CSDLB


Message content:-
#M1B/.REQFPN/FNL3376C4A4
-------------------------------------------------------[2024-05-28 09:28:33.001]

SOURCE: AIR
RX_ID: 476, Freq: 131.825MHz
Mode: 2 NACKLabel: SA Block ID: 7, Msg No: M30A
Flight ID: GS003G REG: CSDLB


Message content:-
0EV092816V/
-------------------------------------------------------[2024-05-28 09:28:43.862]

SOURCE: AIR
RX_ID: 477, Freq: 131.825MHz
Mode: 2 NACKLabel: H1 Block ID: 8, Msg No: A16A
Flight ID: GS003G REG: CSDLB


Message content:-
#M1B/.RESFPN/AK,071/TS092839,280524690F
-------------------------------------------------------[2024-05-28 09:28:52.057]

SOURCE: AIR
RX_ID: 478, Freq: 131.825MHz
Mode: 2 NACKLabel: H1 Block ID: 0, Msg No: A17A
Flight ID: GS003G REG: CSDLB


Message content:-
#M1B/.REJFPN,092839,136,063,RP006,:D:MERO3G.132,064,RP006,MEROS/TS092839,2805243FAB
-------------------------------------------------------[2024-05-28 09:29:03.538]

SOURCE: AIR
RX_ID: 479, Freq: 131.725MHz
Mode: E NACKLabel: H1 Block ID: 8, Msg No: D52A
Flight ID: DL0025 REG: N827MH


Message content:-
#DFB239N1803 0025052824092849803 4484   541320-17-46310 60XX-223127520
 292 4130086293940030YY(LFMNKATL
-------------------------------------------------------[2024-05-28 09:29:04.928]

SOURCE: AIR
RX_ID: 480, Freq: 131.825MHz
Mode: 2 NACKLabel: H1 Block ID: 2, Msg No: A18A
Flight ID: GS003G REG: CSDLB


Message content:-
#M1B/.RESPWI/AK,071/TS092907,280524915A
-------------------------------------------------------[2024-05-28 09:29:11.110]

SOURCE: AIR
RX_ID: 481, Freq: 131.725MHz
Mode: 2 NACKLabel: H1 Block ID: 6, Msg No: F10A
Flight ID: ZD0000 REG: N149LP


Message content:-
#M1B/.RESREQ/AK,115/TS092912,280524
-------------------------------------------------------[2024-05-28 09:29:12.723]

SOURCE: AIR
RX_ID: 482, Freq: 131.725MHz
Mode: 2 NACKLabel: H1 Block ID: 7, Msg No: F11A
Flight ID: ZD0000 REG: N149LP


Message content:-
#M1B/.POS/TS092912,280524N44164E004423,,092912,280,MADOT,094012,MOPEM,M37,30754,143,850E64B
-------------------------------------------------------[2024-05-28 09:29:17.216]

SOURCE: AIR
RX_ID: 483, Freq: 131.725MHz
Mode: 2 NACKLabel: H1 Block ID: 7, Msg No: F11A
Flight ID: ZD0000 REG: N149LP


Message content:-
#M1B/.POS/TS092912,280524N44164E004423,,092912,280,MADOT,094012,MOPEM,M37,30754,143,850E64B
-------------------------------------------------------[2024-05-28 09:29:28.481]

SOURCE: AIR
RX_ID: 484, Freq: 131.725MHz
Mode: E NACKLabel: B2 Block ID: 1, Msg No: M48A
Flight ID: DL0025 REG: N827MH


Message content:-
/PIKCLYA.OC1/CLA 0930 240528 EGGX
CLRNCE 846
DAL25 CLRD TO KATL VIA
SIVIR
RANDOM ROUTE
46N015W 46N020W 46N030W
46N040W 44N050W 41N060W
SLATN
FM SIVIR/1055 MNTN F330
M081
ATC/LEVEL CHANGE
END OF MESSA
-------------------------------------------------------[2024-05-28 09:30:46.530]

SOURCE: AIR
RX_ID: 485, Freq: 131.725MHz
Mode: E NACKLabel: B2 Block ID: 2, Msg No: M48B
Flight ID: DL0025 REG: N827MH


Message content:-
GEB2AD
-------------------------------------------------------[2024-05-28 09:30:50.804]

SOURCE: AIR
RX_ID: 486, Freq: 131.825MHz
Mode: 2 NACKLabel: 44 Block ID: 3, Msg No: M34A
Flight ID: GS003G REG: CSDLB


Message content:-
02Xe|,3rm0mAQX,,Q,0]Im3,IvEOOIvX:vI,Q-AI,)03I3,39I,,]Tm
-------------------------------------------------------[2024-05-28 09:32:00.074]

SOURCE: AIR
RX_ID: 487, Freq: 131.725MHz
Mode: 2 NACKLabel: H1 Block ID: 6, Msg No: F50A
Flight ID: XA0000 REG: N518DD


Message content:-
#M1B/.REQPWI/TS093309,280524/WQ400.380.420.440:NEDRU.LTP.BULOL.IDAVO.BAGBI.SIZZA.CHABY.LAULY.BRY.CLM.UTELA.KOPOR.SOMIL.NITAR.VESAN.RATUK.SOVAT.SANDY.HABCI.ICTAM.DIDZA.OKSAW.TEWXI.LIPGO.ETARI.5620N.5730N.574
-------------------------------------------------------[2024-05-28 09:33:08.861]

SOURCE: AIR
RX_ID: 488, Freq: 131.725MHz
Mode: 2 NACKLabel: H1 Block ID: 7, Msg No: F50B
Flight ID: XA0000 REG: N518DD


Message content:-
#M1B0N.5650N.JANJO.PEKRO.SILNI.VIPKA.ADSUR.BIPLI.SSM.BAE.EDENS.TWAIN.SGF1BFC
-------------------------------------------------------[2024-05-28 09:33:12.118]

SOURCE: AIR
RX_ID: 489, Freq: 131.725MHz
Mode: E NACKLabel: H1 Block ID: 4, Msg No: F06A
Flight ID: DL0025 REG: N827MH


Message content:-
#M1BPOSN45015E004321,ETR02,093442,320,NOQ03,093703,LERGA,M46,30760,1278,804AEF3
-------------------------------------------------------[2024-05-28 09:34:46.325]

SOURCE: AIR
RX_ID: 490, Freq: 131.725MHz
Mode: X NACKLabel: 20 Block ID: 6, Msg No: M54A
Flight ID: KL0119 REG: PH-BQN


Message content:-
RST07A28093600KLM119  EHAMFACT
-------------------------------------------------------[2024-05-28 09:36:10.917]

SOURCE: AIR
RX_ID: 491, Freq: 131.725MHz
Mode: E NACKLabel: H1 Block ID: 5, Msg No: D53A
Flight ID: DL0025 REG: N827MH


Message content:-
#DFB221N1803 0025280524093621419293320805-16-46 -1             948 949
    688700    6904 6776     09870991    115113    50 61   149151   //
////   0403  0201  629633   1068 20  7     09  09    000100100XX-22
-------------------------------------------------------[2024-05-28 09:36:35.097]

SOURCE: AIR
RX_ID: 492, Freq: 131.725MHz
Mode: E NACKLabel: H1 Block ID: 6, Msg No: D53B
Flight ID: DL0025 REG: N827MH


Message content:-
#DFB3 
 0
-------------------------------------------------------[2024-05-28 09:36:39.589]

SOURCE: AIR
RX_ID: 493, Freq: 131.725MHz
Mode: 2 NACKLabel: 15 Block ID: 2, Msg No: M01A
Flight ID: GS0001 REG: CSDXM


Message content:-
(2N43225E  6009--- 29147- 6(Z
-------------------------------------------------------[2024-05-28 09:40:44.106]

SOURCE: AIR
RX_ID: 494, Freq: 131.825MHz
Mode: 2 NACKLabel: 83 Block ID: 1, Msg No: M05A
Flight ID: ZD0001 REG: 9HEDT


Message content:-
001PR28095120N4351.7E00651.12263910089
-------------------------------------------------------[2024-05-28 09:51:24.374]

SOURCE: AIR
RX_ID: 495, Freq: 131.725MHz
Mode: E NACKLabel: H1 Block ID: 5, Msg No: D04B
Flight ID: SN03KR REG: OO-SFH


Message content:-
#DFB.3,36990,0.817,111
C5,041335,13603,25188,03028,00443,10015,00000,00402,1E066,---
C6,041004,13603,12793,03028,00443,10015,00000,00402,1E066
N1,1.465,1.465,078.06,085.7,087.1,0626,07.203,02940,08.28
N2,1.
-------------------------------------------------------[2024-05-28 10:00:39.348]

SOURCE: AIR
RX_ID: 496, Freq: 131.725MHz
Mode: 2 NACKLabel: H1 Block ID: 4, Msg No: F49A
Flight ID: XA0000 REG: N411XT


Message content:-
#M1B/.RESREQ/AK,115/TS102242,280524
-------------------------------------------------------[2024-05-28 10:22:44.193]

SOURCE: AIR
RX_ID: 497, Freq: 131.725MHz
Mode: 2 NACKLabel: H1 Block ID: 5, Msg No: F50A
Flight ID: XA0000 REG: N411XT


Message content:-
#M1B/.POS/TS102242,280524N43252E005496,,102242,110,,102242,,P2,32222,188,4D9C
-------------------------------------------------------[2024-05-28 10:22:48.728]

SOURCE: AIR
RX_ID: 498, Freq: 131.725MHz
Mode: X NACKLabel: H1 Block ID: 4, Msg No: F12A
Flight ID: TB0727 REG: OO-TMZ


Message content:-
#M1BREQPWI/WQ380:OSMAR.PIRIX.LABOM.RUGOX.MADKA.AJO.OMEDA.MERLU.PIGOS.BARSO.IRMAR.KINES.VANAS.MOBLO.UBIMA.GILIR.PENDU.IXILU.GIVOR.SORAL/DQ380/SP705F
-------------------------------------------------------[2024-05-28 10:44:25.526]

SOURCE: AIR
RX_ID: 499, Freq: 131.725MHz
Mode: X ACK, A2GLabel: SA Block ID: 5, Msg No: M27A
Flight ID: TB0727 REG: OO-TMZ


Message content:-
0EV104424V
-------------------------------------------------------[2024-05-28 10:44:29.806]

SOURCE: AIR
RX_ID: 500, Freq: 131.725MHz
Mode: X NACKLabel: H1 Block ID: 6, Msg No: F13A
Flight ID: TB0727 REG: OO-TMZ


Message content:-
#M1BPRG/DTEBLG,22L,56,115434,732924
-------------------------------------------------------[2024-05-28 10:44:33.718]

SOURCE: AIR
RX_ID: 501, Freq: 131.725MHz
Mode: X ACK, A2GLabel: H1 Block ID: 6, Msg No: F13A
Flight ID: TB0727 REG: OO-TMZ


Message content:-
#M1BPRG/DTEBLG,22L,56,115434,732924
-------------------------------------------------------[2024-05-28 10:44:43.959]

SOURCE: AIR
RX_ID: 502, Freq: 131.725MHz
Mode: X NACKLabel: 5U Block ID: 0, Msg No: M29A
Flight ID: TB0727 REG: OO-TMZ


Message content:-
SA/EBLG EBBR LFMN LSGG
-------------------------------------------------------[2024-05-28 10:45:04.219]

SOURCE: AIR
RX_ID: 503, Freq: 131.725MHz
Mode: X NACKLabel: H1 Block ID: 1, Msg No: D38A
Flight ID: TB0727 REG: OO-TMZ


Message content:-
#DFBB31AOO-TMZ  531727 DTNHEBLGCL280509321366137260A68860A370BCG3A-L200-0002  4613 -126245625560403  273  178 66496  4609  273  17804030220  847810 7988 7997 7986 799710577 799012463945   00 7375650 27586583 27
-------------------------------------------------------[2024-05-28 10:45:21.446]

SOURCE: AIR
RX_ID: 504, Freq: 131.725MHz
Mode: X ACK, A2GLabel: H1 Block ID: 2, Msg No: D38B
Flight ID: TB0727 REG: OO-TMZ


Message content:-
#DFB1 150 -019 3070 2805033022223008 10008 7926 7753 9595 291 2261 359 018 046 009 012 014 01072710 7998 7998 7992 799710569 819512463948   00 7465662 27506585 266 150 -019 2969 2901019006277002103006 7949 7780
-------------------------------------------------------[2024-05-28 10:45:29.198]

SOURCE: AIR
RX_ID: 505, Freq: 131.725MHz
Mode: X ACK, A2GLabel: H1 Block ID: 3, Msg No: D38C
Flight ID: TB0727 REG: OO-TMZ


Message content:-
#DFB 9575 290 2308 397 010 012 005 010 002 008733  9209  175   6804390220  8797PRI  90975420  179   7310246627910438  81 -11  09  09  13 463 459 8444 8448 8432 844810636 8135 915 77177 5108 794 79410513903   00
-------------------------------------------------------[2024-05-28 10:45:33.514]

SOURCE: AIR
RX_ID: 506, Freq: 131.725MHz
Mode: X NACKLabel: H1 Block ID: 4, Msg No: D38D
Flight ID: TB0727 REG: OO-TMZ


Message content:-
#DFB 7045735 18086765 280 149 -019-1300 1821 1819 2377 2365033026218012 12009 8359 9167 8321 9677 1963621 00 8251 7582 7833 8223 2279 5102 -15 8371 8308 8333 8282 389 0  0 1491000 019 049 010 013 026 011720PRI 
-------------------------------------------------------[2024-05-28 10:45:38.010]

SOURCE: AIR
RX_ID: 507, Freq: 131.725MHz
Mode: X ACK, A2GLabel: H1 Block ID: 4, Msg No: D38D
Flight ID: TB0727 REG: OO-TMZ


Message content:-
#DFB 7045735 18086765 280 149 -019-1300 1821 1819 2377 2365033026218012 12009 8359 9167 8321 9677 1963621 00 8251 7582 7833 8223 2279 5102 -15 8371 8308 8333 8282 389 0  0 1491000 019 049 010 013 026 011720PRI 
-------------------------------------------------------[2024-05-28 10:45:39.657]

SOURCE: AIR
RX_ID: 508, Freq: 131.725MHz
Mode: X ACK, A2GLabel: H1 Block ID: 5, Msg No: D38E
Flight ID: TB0727 REG: OO-TMZ


Message content:-
#DFB 9097 5420  179   7310246627910438  81 -11  09  09  13 463 459 8441 8448 8427 844810625 8320 925 76180 5183 798 79810503904   00 7125748 18006765 270 150 -017-1300 1791 1769 2473 2456019005276000102004 8383
-------------------------------------------------------[2024-05-28 10:45:48.471]

SOURCE: AIR
RX_ID: 509, Freq: 131.725MHz
Mode: X NACKLabel: H1 Block ID: 5, Msg No: D38E
Flight ID: TB0727 REG: OO-TMZ


Message content:-
#DFB 9097 5420  179   7310246627910438  81 -11  09  09  13 463 459 8441 8448 8427 844810625 8320 925 76180 5183 798 79810503904   00 7125748 18006765 270 150 -017-1300 1791 1769 2473 2456019005276000102004 8383
-------------------------------------------------------[2024-05-28 10:45:58.307]

SOURCE: AIR
RX_ID: 510, Freq: 131.725MHz
Mode: X ACK, A2GLabel: H1 Block ID: 5, Msg No: D38E
Flight ID: TB0727 REG: OO-TMZ


Message content:-
#DFB 9097 5420  179   7310246627910438  81 -11  09  09  13 463 459 8441 8448 8427 844810625 8320 925 76180 5183 798 79810503904   00 7125748 18006765 270 150 -017-1300 1791 1769 2473 2456019005276000102004 8383
-------------------------------------------------------[2024-05-28 10:46:03.430]

SOURCE: AIR
RX_ID: 511, Freq: 131.725MHz
Mode: X ACK, A2GLabel: H1 Block ID: 6, Msg No: D38F
Flight ID: TB0727 REG: OO-TMZ


Message content:-
#DFB 9169 8338 9659 1943615 00 8327 8153 8216 8253 2319 5176 -00 8461 8397 8408 8384 440 0  0 1491000 010 010 007 008 000 006726 14605   55  -7304860220  908810 8895 8903 8886 890310607 8373 8473718   00 642575
-------------------------------------------------------[2024-05-28 10:46:07.304]

SOURCE: AIR
RX_ID: 512, Freq: 131.725MHz
Mode: X NACKLabel: H1 Block ID: 9, Msg No: D38H
Flight ID: TB0727 REG: OO-TMZ


Message content:-
#DFB008 8844 8986 9716  72 2283 533 010 014 005 013 000 011690 19169   23 -15805890220  9216PRI 190805420   25 -15310274634150588  54  03 -10  09  13 454 458 9013 9012 9005 901210597 8340 915 76174 4643 773 773
-------------------------------------------------------[2024-05-28 10:46:18.788]

SOURCE: AIR
RX_ID: 513, Freq: 131.725MHz
Mode: X ACK, A2GLabel: H1 Block ID: 9, Msg No: D38H
Flight ID: TB0727 REG: OO-TMZ


Message content:-
#DFB008 8844 8986 9716  72 2283 533 010 014 005 013 000 011690 19169   23 -15805890220  9216PRI 190805420   25 -15310274634150588  54  03 -10  09  13 454 458 9013 9012 9005 901210597 8340 915 76174 4643 773 773
-------------------------------------------------------[2024-05-28 10:46:20.616]

SOURCE: AIR
RX_ID: 514, Freq: 131.725MHz
Mode: X NACKLabel: H1 Block ID: 1, Msg No: F16B
Flight ID: TB0727 REG: OO-TMZ


Message content:-
#M1BDU..IXILU..GIVOR..SORAL..IBERA.N853.DIK.N852.LNO..GIKLI:AP:ILS 22L.GIKLI:F:ALHUV906B
-------------------------------------------------------[2024-05-28 10:46:28.592]

SOURCE: AIR
RX_ID: 515, Freq: 131.725MHz
Mode: X NACKLabel: H1 Block ID: 2, Msg No: D38I
Flight ID: TB0727 REG: OO-TMZ


Message content:-
#DFB 7043447   00 6295748  2507198 334 673 -019-1300  011  000 2007 1996042041235017 38010 8939 9505 9139 9746  383197 00 8425 7835 8066 8453 2072 4644 -14 8598 8527 8528 8508 458 0  0 6721000 026 083 010 016 0
-------------------------------------------------------[2024-05-28 10:46:33.526]

SOURCE: AIR
RX_ID: 516, Freq: 131.725MHz
Mode: X NACKLabel: H1 Block ID: 3, Msg No: F17A
Flight ID: TB0727 REG: OO-TMZ


Message content:-
#M1BREJPWI,104632,A,70,OSMAR,9.A,70,PIRIX,9.A,70,LABOM,9.A,70,RUGOX,9.A,70,MADKA,9.A,70,AJO,9.A,70,OMEDA,9.A,70,MERLU,9.A,70,PIGOS,9.A,70,BARSO,9F48C
-------------------------------------------------------[2024-05-28 10:46:37.622]

SOURCE: AIR
RX_ID: 517, Freq: 131.725MHz
Mode: X ACK, A2GLabel: H1 Block ID: 3, Msg No: F17A
Flight ID: TB0727 REG: OO-TMZ


Message content:-
#M1BREJPWI,104632,A,70,OSMAR,9.A,70,PIRIX,9.A,70,LABOM,9.A,70,RUGOX,9.A,70,MADKA,9.A,70,AJO,9.A,70,OMEDA,9.A,70,MERLU,9.A,70,PIGOS,9.A,70,BARSO,9F48C
-------------------------------------------------------[2024-05-28 10:46:40.073]

SOURCE: AIR
RX_ID: 518, Freq: 131.725MHz
Mode: E NACKLabel: H1 Block ID: 5, Msg No: D38J
Flight ID: TB0727 REG: OO-TMZ


Message content:-
#DFB34 012646PRI 190805420   25 -15310274634150588  54  03 -10  09  13 454 458 9009 9012 9006 901210584 8520 925 76179 4701 776 776 7043434   00 6315785  2507198 325 663 -017-1300  013  000 2080 207501900621100
-------------------------------------------------------[2024-05-28 10:46:45.195]

SOURCE: AIR
RX_ID: 519, Freq: 131.725MHz
Mode: E NACKLabel: H1 Block ID: 6, Msg No: D38K
Flight ID: TB0727 REG: OO-TMZ


Message content:-
#DFB0101008 8958 9506 9164 9733  343183 00 8524 8358 8399 8451 2109 4708 -05 8697 8652 8574 8651 505 0  0 6641000 011 013 006 012 000 0116500658167576577  54  040022011 9009 9014 9009 901410597 8330  63 -020760
-------------------------------------------------------[2024-05-28 10:46:49.690]

SOURCE: AIR
RX_ID: 520, Freq: 131.725MHz
Mode: E NACKLabel: H1 Block ID: 7, Msg No: D38L
Flight ID: TB0727 REG: OO-TMZ


Message content:-
#DFB 9697 31640018CE00000000003498500000100007F001000000080E000000678010000000100000000000000000000000000000000000000000000000000000000000000000000000000000000000000000000000000000000000000000000000000000000000
-------------------------------------------------------[2024-05-28 10:46:54.408]

SOURCE: AIR
RX_ID: 521, Freq: 131.725MHz
Mode: E NACKLabel: H1 Block ID: 8, Msg No: D38M
Flight ID: TB0727 REG: OO-TMZ


Message content:-
#DFB0000000007F  54  040022011 9013 9014 9009 901410588 8515  96 -020760 9697 94220018CE00000000003490500100200007F001000000080D0000006780101400001000000000000000000000000000000000000000000000000000000000000000
-------------------------------------------------------[2024-05-28 10:46:58.102]

SOURCE: AIR
RX_ID: 522, Freq: 131.725MHz
Mode: E NACKLabel: H1 Block ID: 9, Msg No: D38N
Flight ID: TB0727 REG: OO-TMZ


Message content:-
#DFB000000000000000000000000000000000000000000000000000000000000000000000000000007F 22588  -28 -22806360220  944110 9147 9148 9143 914810580 8390 6073259   00 5865745 -2427196 352 626 -019  010 1774042040237014
-------------------------------------------------------[2024-05-28 10:47:01.980]

SOURCE: AIR
RX_ID: 523, Freq: 131.725MHz
Mode: E NACKLabel: H1 Block ID: 1, Msg No: D38P
Flight ID: TB0727 REG: OO-TMZ


Message content:-
#DFB14 003 012617
-------------------------------------------------------[2024-05-28 10:47:11.196]

SOURCE: AIR
RX_ID: 524, Freq: 131.725MHz
Mode: G NACKLabel: B9 Block ID: 3, Msg No: M24A
Flight ID: SN03DY REG: OO-SFC


Message content:-
/LFMN.TI2/040LFMNAE5EE
-------------------------------------------------------[2024-05-28 11:09:26.109]

SOURCE: AIR
RX_ID: 525, Freq: 131.725MHz
Mode: 2 NACKLabel: 15 Block ID: 2, Msg No: M01A
Flight ID: GS0001 REG: CSDXM


Message content:-
(2N44289E  6171--- 60387-58(Z
-------------------------------------------------------[2024-05-28 11:28:15.391]

SOURCE: AIR
RX_ID: 526, Freq: 131.725MHz
Mode: G NACKLabel: SA Block ID: 5, Msg No: M31A
Flight ID: AH1081 REG: 7T-VJL


Message content:-
0EV114120VS
-------------------------------------------------------[2024-05-28 11:41:21.496]

SOURCE: AIR
RX_ID: 527, Freq: 131.725MHz
Mode: G NACKLabel: 5U Block ID: 6, Msg No: M32A
Flight ID: AH1081 REG: 7T-VJL


Message content:-
  01 WXRQ   1081/28 LFLL/DAOO .7T-VJL
/TYP 1/STA LFLL/STA LFBO/STA LFML
-------------------------------------------------------[2024-05-28 11:45:00.252]

SOURCE: AIR
RX_ID: 528, Freq: 131.825MHz
Mode: 2 NACKLabel: B6 Block ID: 7, Msg No: F96A
Flight ID: BA0082 REG: G-VIIN


Message content:-
/QUKAXBA.ADS.G-VIIN071E9AA01DFC09C434409D9E8D
-------------------------------------------------------[2024-05-28 11:55:45.861]

SOURCE: AIR
RX_ID: 529, Freq: 131.825MHz
Mode: 2 NACKLabel: 15 Block ID: 8, Msg No: M04A
Flight ID: BA0082 REG: G-VIIN


Message content:-
FST01DNAAEGLLN433765E0051630400 141 327 M62C 5431334234743211600013231158
-------------------------------------------------------[2024-05-28 11:58:40.805]

SOURCE: AIR
RX_ID: 530, Freq: 131.525MHz
Mode: T NACKLabel: 2Z Block ID: 2, Msg No: M64A
Flight ID: AF7306 REG: F-GMZE


Message content:-
LFMN
-------------------------------------------------------[2024-05-28 12:01:03.302]

SOURCE: AIR
RX_ID: 531, Freq: 131.725MHz
Mode: G NACKLabel: SA Block ID: 5, Msg No: S39A
Flight ID: QR004P REG: A7-AED


Message content:-
0EV120556VS
-------------------------------------------------------[2024-05-28 12:06:07.695]

SOURCE: AIR
RX_ID: 532, Freq: 131.525MHz
Mode: T NACKLabel: 2F Block ID: 4, Msg No: M65A
Flight ID: AF7306 REG: F-GMZE


Message content:-
1206+4414+551/3244
-------------------------------------------------------[2024-05-28 12:06:29.383]

SOURCE: AIR
RX_ID: 533, Freq: 131.525MHz
Mode: T NACKLabel: 26 Block ID: 5, Msg No: M66A
Flight ID: AF7306 REG: F-GMZE


Message content:-
1209LFPGAF7306/281224LFMN04L
-------------------------------------------------------[2024-05-28 12:09:03.210]

SOURCE: AIR
RX_ID: 534, Freq: 131.725MHz
Mode: E NACKLabel: H1 Block ID: 0, Msg No: F93B
Flight ID: HV6511 REG: PH-HXN


Message content:-
#M1BR/PR1374,180,390,105,,46,10,288032,M53,30,P3,P0/FHBAL01,121938,245K,3900,104,M55,306054,456,N,190,7.KOT01,122625,245K,3900,99,M55,309056,456,N,190,54.RETNO,122807,245K,3900,97,M55,311055,456,N,190,14.DOTIG,
-------------------------------------------------------[2024-05-28 12:19:41.236]

SOURCE: AIR
RX_ID: 535, Freq: 131.725MHz
Mode: E NACKLabel: H1 Block ID: 2, Msg No: F93D
Flight ID: HV6511 REG: PH-HXN


Message content:-
#M1BK,3900,88,M55,318047,456,N,214,24.VATIR,124705,245K,3900,82,M55,319040,456,N,209,61.PIVUS,124915,245K,3900,80,M55,319038,456,N,209,17.BODEQ,125140,245K,3900,78,M55,319038,456,N,190,19.VERSO,125507,245K,3900
-------------------------------------------------------[2024-05-28 12:19:50.232]

SOURCE: AIR
RX_ID: 536, Freq: 131.725MHz
Mode: E NACKLabel: H1 Block ID: 5, Msg No: F93G
Flight ID: HV6511 REG: PH-HXN


Message content:-
#M1B3.PLM9,131729,182K,190,71,P15,304005,191,Y,059,4.PLM51,131842,157K,170,70,P18,304003,162,Y,059,4.RW06L,132036,157K,7,68,P21,000000,158,Y,059,5.JOA,,185K,,,,000000,,Y,058,2.JOA75,,210K,300,,,000000,,Y,027,7.
-------------------------------------------------------[2024-05-28 12:20:03.362]

SOURCE: AIR
RX_ID: 537, Freq: 131.725MHz
Mode: X NACKLabel: 20 Block ID: 9, Msg No: M71A
Flight ID: HV6511 REG: PH-HXN


Message content:-
RST13A28122720TRA6511 EHEHLEPA
-------------------------------------------------------[2024-05-28 12:27:22.098]

SOURCE: AIR
RX_ID: 538, Freq: 131.825MHz
Mode: 2 NACKLabel: 4T Block ID: 6, Msg No: M54A
Flight ID: AC0893 REG: C-FIVR


Message content:-
AGFSR AC0893/28/28/FCOYUL/1227Z/741/4433.2N00556.6E/319/CRUISE/0724/0108/M46/317054/0304/---/436/1103/1140/----/----
-------------------------------------------------------[2024-05-28 12:27:50.588]

SOURCE: AIR
RX_ID: 539, Freq: 131.725MHz
Mode: G NACKLabel: B9 Block ID: 1, Msg No: M72A
Flight ID: HV6511 REG: PH-HXN


Message content:-
/LEPA.TI2/064LEPAA097C
-------------------------------------------------------[2024-05-28 12:39:54.438]

SOURCE: AIR
RX_ID: 540, Freq: 131.725MHz
Mode: G NACKLabel: SA Block ID: 6, Msg No: S32A
Flight ID: UV0001 REG: CSEFF


Message content:-
0EV131326V
-------------------------------------------------------[2024-05-28 13:14:02.234]

SOURCE: AIR
RX_ID: 541, Freq: 131.725MHz
Mode: X NACKLabel: SA Block ID: 7, Msg No: S32A
Flight ID: UV0001 REG: CSEFF


Message content:-
0EV131326V
-------------------------------------------------------[2024-05-28 13:14:15.730]

SOURCE: AIR
RX_ID: 542, Freq: 131.725MHz
Mode: 2 NACKLabel: SA Block ID: 8, Msg No: S32A
Flight ID: UV0001 REG: CSEFF


Message content:-
0EV131326V
-------------------------------------------------------[2024-05-28 13:14:37.050]

SOURCE: AIR
RX_ID: 543, Freq: 131.725MHz
Mode: 2 NACKLabel: SA Block ID: 8, Msg No: S32A
Flight ID: UV0001 REG: CSEFF


Message content:-
0EV131326V
-------------------------------------------------------[2024-05-28 13:14:45.646]

SOURCE: AIR
RX_ID: 544, Freq: 131.725MHz
Mode: 2 NACKLabel: SA Block ID: 8, Msg No: S32A
Flight ID: UV0001 REG: CSEFF


Message content:-
0EV131326V
-------------------------------------------------------[2024-05-28 13:15:04.075]

SOURCE: AIR
RX_ID: 545, Freq: 131.725MHz
Mode: G NACKLabel: SA Block ID: 0, Msg No: S34A
Flight ID: UV0001 REG: CSEFF


Message content:-
0EV131747V
-------------------------------------------------------[2024-05-28 13:17:54.685]

SOURCE: AIR
RX_ID: 546, Freq: 131.725MHz
Mode: G NACKLabel: SA Block ID: 0, Msg No: S34A
Flight ID: UV0001 REG: CSEFF


Message content:-
0EV131747V
-------------------------------------------------------[2024-05-28 13:18:04.487]

SOURCE: AIR
RX_ID: 547, Freq: 131.725MHz
Mode: G NACKLabel: SA Block ID: 0, Msg No: S34A
Flight ID: UV0001 REG: CSEFF


Message content:-
0EV131747V
-------------------------------------------------------[2024-05-28 13:18:22.517]

SOURCE: AIR
RX_ID: 548, Freq: 131.725MHz
Mode: X NACKLabel: SA Block ID: 1, Msg No: S34A
Flight ID: UV0001 REG: CSEFF


Message content:-
0EV131747V
-------------------------------------------------------[2024-05-28 13:18:29.065]

SOURCE: AIR
RX_ID: 549, Freq: 131.525MHz
Mode: T NACKLabel: H1 Block ID: 6, Msg No: D58G
Flight ID: AF7307 REG: F-GMZE


Message content:-
#DFB015/N44354,0721,06440,0085,041/4N0292,252,00567,072865,016/N54357,0719,07509,0062,032/5N0056,247,N0213,072683,008/N64359,0717,08487,0045,005/6NN003,249,00238,072665,011/N74361,0716,09393,0025,005/7NN001,248
-------------------------------------------------------[2024-05-28 13:49:29.682]

SOURCE: AIR
RX_ID: 550, Freq: 131.525MHz
Mode: T NACKLabel: H1 Block ID: 7, Msg No: D58H
Flight ID: AF7307 REG: F-GMZE


Message content:-
#DFB,00026,072647,013/N84363,0715,10234,0012,345/8N0005,252,N0551,072792,015/N94366,0713,10657,N002,343/9NN003,266,N0008,072592,014/N04368,0711,11023,N005,345/0NN004,283,N0003,072574,015/S14371,0710,11382,N012,
-------------------------------------------------------[2024-05-28 13:49:33.376]

SOURCE: AIR
RX_ID: 551, Freq: 131.525MHz
Mode: T NACKLabel: H1 Block ID: 8, Msg No: D58I
Flight ID: AF7307 REG: F-GMZE


Message content:-
#DFB353/1SN005,298,N0118,072719,017/S24374,0708,11734,N025,354/2SN008,312,00316,072520,019/S34377,0706,12287,N025,339/3SN098,319,00391,072484,021/S44380,0703,13277,N022,330/4S0007,315,N0433,072465,028/S54382,07
-------------------------------------------------------[2024-05-28 13:49:37.289]

SOURCE: AIR
RX_ID: 552, Freq: 131.525MHz
Mode: 2 NACKLabel: H1 Block ID: 9, Msg No: F33A
Flight ID: ZD0000 REG: 9HKDR


Message content:-
#M1B/.RESREQ/AK,115/TS135514,280524
-------------------------------------------------------[2024-05-28 13:54:45.522]

SOURCE: AIR
RX_ID: 553, Freq: 131.825MHz
Mode: 2 NACKLabel: 44 Block ID: 3, Msg No: M35A
Flight ID: GS0000 REG: FHJMA


Message content:-
05JO4jd)]uujeBXjjCuxe)9uo)}"J_)}"/])jC9e)xujx)xu9B)jjo7e
-------------------------------------------------------[2024-05-28 14:02:03.031]

SOURCE: AIR
RX_ID: 554, Freq: 131.725MHz
Mode: G NACKLabel: H1 Block ID: 3, Msg No: F17A
Flight ID: CC2617 REG: TF-AMM


Message content:-
#M1BPOSN44509E005428,,143136,310,KOT01,143316,RET02,M44,31353,2325,84,/TS143137,2805246EBA
-------------------------------------------------------[2024-05-28 14:31:39.464]

SOURCE: AIR
RX_ID: 555, Freq: 131.725MHz
Mode: G NACKLabel: 80 Block ID: 4, Msg No: M10A
Flight ID: CC2617 REG: TF-AMM


Message content:-
3A01 OPSCTL 2617/28 EBLG/FOOL .TF-AMM
ACTUAL OFF-BLOCK 1225Z
T/O 1342Z
FIRST T/O REJECT AT1251Z
SPENT 30 MINUTES ON
REMOTE PARKING POS TO
WAIT FOR BRAKES TO COOL
DOWN BEFORE SECOND T/O.
-------------------------------------------------------[2024-05-28 14:34:30.476]

SOURCE: AIR
RX_ID: 556, Freq: 131.725MHz
Mode: G NACKLabel: H1 Block ID: 6, Msg No: F18A
Flight ID: CC2617 REG: TF-AMM


Message content:-
#M1BPOSN43504E005163,,143860,310,VATIR,145220,PIVUS,M44,31047,2292,84,/TS143903,280524FA19
-------------------------------------------------------[2024-05-28 14:39:05.313]

SOURCE: AIR
RX_ID: 557, Freq: 131.725MHz
Mode: G NACKLabel: B9 Block ID: 5, Msg No: J62A
Flight ID: GS55TI REG: P4-LTI


Message content:-
/LFPB.TI2/000LFPBA6077
-------------------------------------------------------[2024-05-28 15:01:18.764]

SOURCE: AIR
RX_ID: 558, Freq: 131.725MHz
Mode: 2 NACKLabel: SA Block ID: 3, Msg No: S01A
Flight ID: UV0001 REG: CSEFF


Message content:-
0EV145947V
-------------------------------------------------------[2024-05-28 15:01:27.980]

SOURCE: AIR
RX_ID: 559, Freq: 131.725MHz
Mode: 2 NACKLabel: SA Block ID: 3, Msg No: S01A
Flight ID: UV0001 REG: CSEFF


Message content:-
0EV145947V
-------------------------------------------------------[2024-05-28 15:01:40.268]

SOURCE: AIR
RX_ID: 560, Freq: 131.725MHz
Mode: E NACKLabel: SA Block ID: 4, Msg No: S01A
Flight ID: UV0001 REG: CSEFF


Message content:-
0EV145947V
-------------------------------------------------------[2024-05-28 15:01:47.033]

SOURCE: AIR
RX_ID: 561, Freq: 131.725MHz
Mode: 2 NACKLabel: SA Block ID: 5, Msg No: S01A
Flight ID: UV0001 REG: CSEFF


Message content:-
0EV145947V
-------------------------------------------------------[2024-05-28 15:02:38.636]

SOURCE: AIR
RX_ID: 562, Freq: 131.725MHz
Mode: G NACKLabel: SA Block ID: 7, Msg No: S03A
Flight ID: UV0001 REG: CSEFF


Message content:-
0EV150511V
-------------------------------------------------------[2024-05-28 15:05:27.015]

SOURCE: AIR
RX_ID: 563, Freq: 131.725MHz
Mode: G NACKLabel: SA Block ID: 7, Msg No: S03A
Flight ID: UV0001 REG: CSEFF


Message content:-
0EV150511V
-------------------------------------------------------[2024-05-28 15:05:39.299]

SOURCE: AIR
RX_ID: 564, Freq: 131.725MHz
Mode: G NACKLabel: SA Block ID: 7, Msg No: S03A
Flight ID: UV0001 REG: CSEFF


Message content:-
0EV150511V
-------------------------------------------------------[2024-05-28 15:05:50.747]

SOURCE: AIR
RX_ID: 565, Freq: 131.725MHz
Mode: E NACKLabel: SA Block ID: 8, Msg No: S03A
Flight ID: UV0001 REG: CSEFF


Message content:-
0EV150511V
-------------------------------------------------------[2024-05-28 15:05:57.293]

SOURCE: AIR
RX_ID: 566, Freq: 131.725MHz
Mode: E NACKLabel: SA Block ID: 8, Msg No: S03A
Flight ID: UV0001 REG: CSEFF


Message content:-
0EV150511V
-------------------------------------------------------[2024-05-28 15:06:09.397]

SOURCE: AIR
RX_ID: 567, Freq: 131.725MHz
Mode: E NACKLabel: SA Block ID: 8, Msg No: S03A
Flight ID: UV0001 REG: CSEFF


Message content:-
0EV150511V
-------------------------------------------------------[2024-05-28 15:06:16.569]

SOURCE: AIR
RX_ID: 568, Freq: 131.725MHz
Mode: E NACKLabel: SA Block ID: 8, Msg No: S03A
Flight ID: UV0001 REG: CSEFF


Message content:-
0EV150511V
-------------------------------------------------------[2024-05-28 15:06:25.970]

SOURCE: AIR
RX_ID: 569, Freq: 131.725MHz
Mode: X NACKLabel: SA Block ID: 9, Msg No: S03A
Flight ID: UV0001 REG: CSEFF


Message content:-
0EV150511V
-------------------------------------------------------[2024-05-28 15:06:32.333]

SOURCE: AIR
RX_ID: 570, Freq: 131.725MHz
Mode: X NACKLabel: SA Block ID: 9, Msg No: S03A
Flight ID: UV0001 REG: CSEFF


Message content:-
0EV150511V
-------------------------------------------------------[2024-05-28 15:06:44.621]

SOURCE: AIR
RX_ID: 571, Freq: 131.725MHz
Mode: X NACKLabel: SA Block ID: 9, Msg No: S03A
Flight ID: UV0001 REG: CSEFF


Message content:-
0EV150511V
-------------------------------------------------------[2024-05-28 15:06:56.909]

SOURCE: AIR
RX_ID: 572, Freq: 131.725MHz
Mode: X NACKLabel: SA Block ID: 9, Msg No: S03A
Flight ID: UV0001 REG: CSEFF


Message content:-
0EV150511V
-------------------------------------------------------[2024-05-28 15:07:07.368]

SOURCE: AIR
RX_ID: 573, Freq: 131.725MHz
Mode: 2 NACKLabel: SA Block ID: 0, Msg No: S03A
Flight ID: UV0001 REG: CSEFF


Message content:-
0EV150511V
-------------------------------------------------------[2024-05-28 15:07:14.317]

SOURCE: AIR
RX_ID: 574, Freq: 131.725MHz
Mode: 2 NACKLabel: SA Block ID: 0, Msg No: S03A
Flight ID: UV0001 REG: CSEFF


Message content:-
0EV150511V
-------------------------------------------------------[2024-05-28 15:07:23.314]

SOURCE: AIR
RX_ID: 575, Freq: 131.725MHz
Mode: 2 NACKLabel: SA Block ID: 0, Msg No: S03A
Flight ID: UV0001 REG: CSEFF


Message content:-
0EV150511V
-------------------------------------------------------[2024-05-28 15:07:31.322]

SOURCE: AIR
RX_ID: 576, Freq: 131.725MHz
Mode: 2 NACKLabel: SA Block ID: 0, Msg No: S03A
Flight ID: UV0001 REG: CSEFF


Message content:-
0EV150511V
-------------------------------------------------------[2024-05-28 15:07:41.562]

SOURCE: AIR
RX_ID: 577, Freq: 131.525MHz
Mode: T NACKLabel: 2Z Block ID: 3, Msg No: M15A
Flight ID: AF7310 REG: F-GTAD


Message content:-
LFMN
-------------------------------------------------------[2024-05-28 15:08:05.262]

SOURCE: AIR
RX_ID: 578, Freq: 131.525MHz
Mode: T NACKLabel: 2Z Block ID: 3, Msg No: M15A
Flight ID: AF7310 REG: F-GTAD


Message content:-
LFMN
-------------------------------------------------------[2024-05-28 15:08:16.122]

SOURCE: AIR
RX_ID: 579, Freq: 131.525MHz
Mode: T NACKLabel: 2Z Block ID: 3, Msg No: M15A
Flight ID: AF7310 REG: F-GTAD


Message content:-
LFMN
-------------------------------------------------------[2024-05-28 15:08:25.155]

SOURCE: AIR
RX_ID: 580, Freq: 131.725MHz
Mode: E NACKLabel: SA Block ID: 2, Msg No: S05A
Flight ID: UV0001 REG: CSEFF


Message content:-
0EV151002V
-------------------------------------------------------[2024-05-28 15:10:08.177]

SOURCE: AIR
RX_ID: 581, Freq: 131.725MHz
Mode: E NACKLabel: SA Block ID: 2, Msg No: S05A
Flight ID: UV0001 REG: CSEFF


Message content:-
0EV151002V
-------------------------------------------------------[2024-05-28 15:10:15.967]

SOURCE: AIR
RX_ID: 582, Freq: 131.725MHz
Mode: E NACKLabel: SA Block ID: 2, Msg No: S05A
Flight ID: UV0001 REG: CSEFF


Message content:-
0EV151002V
-------------------------------------------------------[2024-05-28 15:10:25.001]

SOURCE: AIR
RX_ID: 583, Freq: 131.725MHz
Mode: E NACKLabel: SA Block ID: 2, Msg No: S05A
Flight ID: UV0001 REG: CSEFF


Message content:-
0EV151002V
-------------------------------------------------------[2024-05-28 15:10:32.353]

SOURCE: AIR
RX_ID: 584, Freq: 131.725MHz
Mode: X NACKLabel: SA Block ID: 3, Msg No: S05A
Flight ID: UV0001 REG: CSEFF


Message content:-
0EV151002V
-------------------------------------------------------[2024-05-28 15:10:38.899]

SOURCE: AIR
RX_ID: 585, Freq: 131.725MHz
Mode: X NACKLabel: SA Block ID: 3, Msg No: S05A
Flight ID: UV0001 REG: CSEFF


Message content:-
0EV151002V
-------------------------------------------------------[2024-05-28 15:10:46.909]

SOURCE: AIR
RX_ID: 586, Freq: 131.725MHz
Mode: X NACKLabel: SA Block ID: 3, Msg No: S05A
Flight ID: UV0001 REG: CSEFF


Message content:-
0EV151002V
-------------------------------------------------------[2024-05-28 15:10:54.259]

SOURCE: AIR
RX_ID: 587, Freq: 131.725MHz
Mode: G NACKLabel: SA Block ID: 4, Msg No: S05A
Flight ID: UV0001 REG: CSEFF


Message content:-
0EV151002V
-------------------------------------------------------[2024-05-28 15:11:11.082]

SOURCE: AIR
RX_ID: 588, Freq: 131.525MHz
Mode: T NACKLabel: 2F Block ID: 4, Msg No: M16A
Flight ID: AF7310 REG: F-GTAD


Message content:-
1511+4420+541/2946
-------------------------------------------------------[2024-05-28 15:11:17.997]

SOURCE: AIR
RX_ID: 589, Freq: 131.725MHz
Mode: G NACKLabel: SA Block ID: 4, Msg No: S05A
Flight ID: UV0001 REG: CSEFF


Message content:-
0EV151002V
-------------------------------------------------------[2024-05-28 15:11:28.272]

SOURCE: AIR
RX_ID: 590, Freq: 131.725MHz
Mode: G NACKLabel: SA Block ID: 4, Msg No: S05A
Flight ID: UV0001 REG: CSEFF


Message content:-
0EV151002V
-------------------------------------------------------[2024-05-28 15:11:38.293]

SOURCE: AIR
RX_ID: 591, Freq: 131.725MHz
Mode: 2 NACKLabel: SA Block ID: 5, Msg No: S05A
Flight ID: UV0001 REG: CSEFF


Message content:-
0EV151002V
-------------------------------------------------------[2024-05-28 15:11:44.874]

SOURCE: AIR
RX_ID: 592, Freq: 131.525MHz
Mode: T NACKLabel: 26 Block ID: 5, Msg No: M17A
Flight ID: AF7310 REG: F-GTAD


Message content:-
1515LFPGAF7310/281530LFMN04L
-------------------------------------------------------[2024-05-28 15:15:03.055]

SOURCE: AIR
RX_ID: 593, Freq: 131.525MHz
Mode: T NACKLabel: B9 Block ID: 6, Msg No: L05A
Flight ID: AF7310 REG: F-GTAD


Message content:-
/LFMN.TI2/064LFMNA83AC
-------------------------------------------------------[2024-05-28 15:19:41.583]

SOURCE: AIR
RX_ID: 594, Freq: 131.725MHz
Mode: X NACKLabel: 26 Block ID: 4, Msg No: M16A
Flight ID: AF6008 REG: F-GRHF


Message content:-
1604LFPOAF6008/281619LFML31R
-------------------------------------------------------[2024-05-28 16:04:02.620]

SOURCE: AIR
RX_ID: 595, Freq: 131.725MHz
Mode: X NACKLabel: H1 Block ID: 5, Msg No: D10A
Flight ID: AF6008 REG: F-GRHF


Message content:-
#DFBA01/A31901,1,1/CCF-GRHF,MAY28,155000,LFPO,LFML,0082/C106,00339,5000,45,0010,0,0100,45,X/CEN235,33007,274,774,5248,244,C43025/EC645937,00156,01093,00107,73,06/EE645936,00156,01285,00107,73/N10805,0805,0911,5
-------------------------------------------------------[2024-05-28 16:09:14.759]

SOURCE: AIR
RX_ID: 596, Freq: 131.725MHz
Mode: X NACKLabel: 2F Block ID: 6, Msg No: M17A
Flight ID: AF6008 REG: F-GRHF


Message content:-
1609+4388+511/1033
-------------------------------------------------------[2024-05-28 16:09:18.233]

SOURCE: AIR
RX_ID: 597, Freq: 131.725MHz
Mode: X NACKLabel: H1 Block ID: 7, Msg No: D10B
Flight ID: AF6008 REG: F-GRHF


Message content:-
#DFB631,1141,XXXXX/N20805,0805,0913,5619,1151,XXXXX/S1XXXXX,0594,1229,4021,XXXX,041,000/S2XXXXX,0609,1245,4023,XXXX,040,001/T1099,100,022,37,088,05664,0144/T2099,100,014,41,066,05721,0165/V111,08,131,212,01,00,
-------------------------------------------------------[2024-05-28 16:09:22.110]

SOURCE: AIR
RX_ID: 598, Freq: 131.725MHz
Mode: X NACKLabel: H1 Block ID: 8, Msg No: D10C
Flight ID: AF6008 REG: F-GRHF


Message content:-
#DFB00000/V206,08,121,229,03,00,00000/V3XX,XX,XXX,XXX,XXXX/V4XX,XX,XXX,XXX,XXXX/V5XX,XX,XXX,XXX,XXXX/V6XX,XX,XXX,XXX,XXXX/V7039,086,00081,22222222222111/V8038,085,00061,22222222222111,/
-------------------------------------------------------[2024-05-28 16:09:26.023]

SOURCE: AIR
RX_ID: 599, Freq: 131.725MHz
Mode: X NACKLabel: H1 Block ID: 9, Msg No: D11A
Flight ID: AF6008 REG: F-GRHF


Message content:-
#DFBA02/A31902,1,1/CCF-GRHF,MAY28,155001,LFPO,LFML,0082/C106,00401,5000,45,0010,0,0100,45,X/CEN235,33011,274,774,5253,244,C43025/CNN232,33011,273,773,5253,244/EC645937,00156,01093,00107,73,12,06/EE645936,00156,
-------------------------------------------------------[2024-05-28 16:09:52.833]

SOURCE: AIR
RX_ID: 600, Freq: 131.725MHz
Mode: X NACKLabel: H1 Block ID: 1, Msg No: D11C
Flight ID: AF6008 REG: F-GRHF


Message content:-
#DFB05721,0165/V111,08,131,212,01,00,00000/V206,08,121,229,03,00,00000/V3XX,XX,XXX,XXX,XXXX/V4XX,XX,XXX,XXX,XXXX/V5XX,XX,XXX,XXX,XXXX/V6XX,XX,XXX,XXX,XXXX/V7039,086,00081,22222222222111/V8038,085,00061,22222222
-------------------------------------------------------[2024-05-28 16:10:02.672]

SOURCE: AIR
RX_ID: 601, Freq: 131.725MHz
Mode: X NACKLabel: H1 Block ID: 2, Msg No: D11D
Flight ID: AF6008 REG: F-GRHF


Message content:-
#DFB222111/X101217,N004,0015,N000,00001,N010/X201297,0000,0015,N000,00001,N010/X3N000,0002,N009,N002,N010,N002,N000/X40000,N000,N000,0000,0000,0000/X50000,N000,0000,N002,0000,0000/X61523,E0036,N461,061,310,0128
-------------------------------------------------------[2024-05-28 16:10:07.171]

SOURCE: AIR
RX_ID: 602, Freq: 131.725MHz
Mode: X NACKLabel: H1 Block ID: 3, Msg No: D11E
Flight ID: AF6008 REG: F-GRHF


Message content:-
#DFB,0717/X71523,E0036,N461,062,310,0137,XXXX,/
-------------------------------------------------------[2024-05-28 16:10:10.460]

SOURCE: AIR
RX_ID: 603, Freq: 131.725MHz
Mode: X NACKLabel: 26 Block ID: 4, Msg No: M18A
Flight ID: AF6008 REG: F-GRHF


Message content:-
1614LFPOAF6008/281619LFML31L
-------------------------------------------------------[2024-05-28 16:14:02.689]

SOURCE: AIR
RX_ID: 604, Freq: 131.725MHz
Mode: G NACKLabel: SA Block ID: 2, Msg No: S35A
Flight ID: GS0000 REG: CSLTQ


Message content:-
0EV175014VS/
-------------------------------------------------------[2024-05-28 17:50:15.428]

SOURCE: AIR
RX_ID: 605, Freq: 131.725MHz
Mode: G NACKLabel: H1 Block ID: 3, Msg No: C04A
Flight ID: AF6013 REG: F-GRHF


Message content:-
#CFBFLR/FR24052818030030310005SDAC1:NO DATA FROM      PHC2/IDECAM 2,ECAM 1
-------------------------------------------------------[2024-05-28 18:04:28.430]

SOURCE: AIR
RX_ID: 606, Freq: 131.725MHz
Mode: G NACKLabel: 2F Block ID: 5, Msg No: M33A
Flight ID: AF6013 REG: F-GRHF


Message content:-
1818+4465+471/3442
-------------------------------------------------------[2024-05-28 18:18:26.510]

SOURCE: AIR
RX_ID: 607, Freq: 131.725MHz
Mode: X NACKLabel: SA Block ID: 7, Msg No: M57A
Flight ID: AH1230 REG: 7T-VKQ


Message content:-
0EV184548VS
-------------------------------------------------------[2024-05-28 18:45:49.027]

SOURCE: AIR
RX_ID: 608, Freq: 131.825MHz
Mode: 2 NACKLabel: H1 Block ID: 4, Msg No: 704B
Flight ID: ZD0001 REG: N70EW


Message content:-
#T7B-064.00+00.08+00.09+00.07+00.08-458.00-458.00-532.00-450.0000000000000000000000000000000000+0220.000000000000000000000000003003004004+0.00+0.00+0.00+0.00+0.02+0.02+0.02+0.00+0.55+0.58+0.56+0.59-002.12-002.1
-------------------------------------------------------[2024-05-28 19:14:57.043]

SOURCE: AIR
RX_ID: 609, Freq: 131.825MHz
Mode: 2 NACKLabel: H1 Block ID: 5, Msg No: 704C
Flight ID: ZD0001 REG: N70EW


Message content:-
#T7B2+0.03+0.03+0.03+0.03+006.99-006.35-006.65-000.02-000.01+000.04+000.10+000.00+000.00-002.07-002.08-006.75-006.61+000.09-000.01+000.09+000.09+000.00+000.00+000.43+000.38+000.00+000.00+000.00+013.50+013.50+01
-------------------------------------------------------[2024-05-28 19:15:03.589]

SOURCE: AIR
RX_ID: 610, Freq: 131.825MHz
Mode: 2 NACKLabel: H1 Block ID: 6, Msg No: 704D
Flight ID: ZD0001 REG: N70EW


Message content:-
#T7B3.50+00.43+00.43+00.50+00.50+0.51+021.975478.005480.005366.005355.00103424103424+00026.13+00046.0000001035.001035.001035.001035.00+0894.13+0894.06+0847.31+0847.380000004-012.62-012.64090.29090.29090.05090.0
-------------------------------------------------------[2024-05-28 19:15:10.355]

SOURCE: AIR
RX_ID: 611, Freq: 131.825MHz
Mode: 2 NACKLabel: H1 Block ID: 7, Msg No: 704E
Flight ID: ZD0001 REG: N70EW


Message content:-
#T7B50000103.77103.77+090.25+090.25+090.03+090.03+090.42+090.39+090.06+090.060000000.07000.07000.06000.060000+106.91+106.91+106.78+106.78000000000000+108.38+108.38+103.56+103.53008.5008.5009.0009.000000000+072.
-------------------------------------------------------[2024-05-28 19:15:17.706]

SOURCE: AIR
RX_ID: 612, Freq: 131.825MHz
Mode: 2 NACKLabel: H1 Block ID: 2, Msg No: 706B
Flight ID: ZD0001 REG: N70EW


Message content:-
#T7B80198----+09040097409420-000+0888+08883+09004+09165+08886+08762+08648+08843+08876+0946605396070005359+0576046+08518+0122+0034120477+0046+07750883+10635099+258+0918+096+603314381516+0727-0002-0002+0901-0002-
-------------------------------------------------------[2024-05-28 19:15:53.547]

SOURCE: AIR
RX_ID: 613, Freq: 131.825MHz
Mode: 2 NACKLabel: H1 Block ID: 4, Msg No: 706D
Flight ID: ZD0001 REG: N70EW


Message content:-
#T7B000000000000000000000-00000000000000001200096240528191114LFMVLFPB4007889436101531155110101+0473+0474+079+080176+0207+007+04+12-00101780214+024+024+0047614090400850009720028100008123421234312344+6090269+248+
-------------------------------------------------------[2024-05-28 19:16:07.479]

SOURCE: AIR
RX_ID: 614, Freq: 131.825MHz
Mode: 2 NACKLabel: H1 Block ID: 7, Msg No: 706G
Flight ID: ZD0001 REG: N70EW


Message content:-
#T7B0000-00000000-000000000000000000000000000000-00000000000000
-------------------------------------------------------[2024-05-28 19:16:27.964]

SOURCE: AIR
RX_ID: 615, Freq: 131.725MHz
Mode: G NACKLabel: SA Block ID: 6, Msg No: M74A
Flight ID: JP0691 REG: OY-JZP


Message content:-
0EV161227V
-------------------------------------------------------[2024-05-28 19:22:55.220]

SOURCE: AIR
RX_ID: 616, Freq: 131.725MHz
Mode: G NACKLabel: SA Block ID: 6, Msg No: M74A
Flight ID: JP0691 REG: OY-JZP


Message content:-
0EV161227V
-------------------------------------------------------[2024-05-28 19:23:06.887]

SOURCE: AIR
RX_ID: 617, Freq: 131.725MHz
Mode: G NACKLabel: SA Block ID: 6, Msg No: M74A
Flight ID: JP0691 REG: OY-JZP


Message content:-
0EV161227V
-------------------------------------------------------[2024-05-28 19:23:16.726]

SOURCE: AIR
RX_ID: 618, Freq: 131.725MHz
Mode: G NACKLabel: SA Block ID: 6, Msg No: M74A
Flight ID: JP0691 REG: OY-JZP


Message content:-
0EV161227V
-------------------------------------------------------[2024-05-28 19:23:27.770]

SOURCE: AIR
RX_ID: 619, Freq: 131.725MHz
Mode: E NACKLabel: SA Block ID: 7, Msg No: M74A
Flight ID: JP0691 REG: OY-JZP


Message content:-
0EV161227V
-------------------------------------------------------[2024-05-28 19:23:36.190]

SOURCE: AIR
RX_ID: 620, Freq: 131.725MHz
Mode: E NACKLabel: SA Block ID: 7, Msg No: M74A
Flight ID: JP0691 REG: OY-JZP


Message content:-
0EV161227V
-------------------------------------------------------[2024-05-28 19:23:48.471]

SOURCE: AIR
RX_ID: 621, Freq: 131.725MHz
Mode: E NACKLabel: SA Block ID: 7, Msg No: M74A
Flight ID: JP0691 REG: OY-JZP


Message content:-
0EV161227V
-------------------------------------------------------[2024-05-28 19:23:59.112]

SOURCE: AIR
RX_ID: 622, Freq: 131.725MHz
Mode: E NACKLabel: SA Block ID: 7, Msg No: M74A
Flight ID: JP0691 REG: OY-JZP


Message content:-
0EV161227V
-------------------------------------------------------[2024-05-28 19:24:07.487]

SOURCE: AIR
RX_ID: 623, Freq: 131.725MHz
Mode: X NACKLabel: SA Block ID: 8, Msg No: M74A
Flight ID: JP0691 REG: OY-JZP


Message content:-
0EV161227V
-------------------------------------------------------[2024-05-28 19:24:16.300]

SOURCE: AIR
RX_ID: 624, Freq: 131.725MHz
Mode: X NACKLabel: SA Block ID: 8, Msg No: M74A
Flight ID: JP0691 REG: OY-JZP


Message content:-
0EV161227V
-------------------------------------------------------[2024-05-28 19:24:24.710]

SOURCE: AIR
RX_ID: 625, Freq: 131.725MHz
Mode: X NACKLabel: SA Block ID: 8, Msg No: M74A
Flight ID: JP0691 REG: OY-JZP


Message content:-
0EV161227V
-------------------------------------------------------[2024-05-28 19:24:33.306]

SOURCE: AIR
RX_ID: 626, Freq: 131.725MHz
Mode: X NACKLabel: SA Block ID: 8, Msg No: M74A
Flight ID: JP0691 REG: OY-JZP


Message content:-
0EV161227V
-------------------------------------------------------[2024-05-28 19:24:44.349]

SOURCE: AIR
RX_ID: 627, Freq: 131.725MHz
Mode: 2 NACKLabel: SA Block ID: 9, Msg No: M74A
Flight ID: JP0691 REG: OY-JZP


Message content:-
0EV161227V
-------------------------------------------------------[2024-05-28 19:24:52.982]

SOURCE: AIR
RX_ID: 628, Freq: 131.725MHz
Mode: 2 NACKLabel: SA Block ID: 9, Msg No: M74A
Flight ID: JP0691 REG: OY-JZP


Message content:-
0EV161227V
-------------------------------------------------------[2024-05-28 19:25:26.152]

SOURCE: AIR
RX_ID: 629, Freq: 131.725MHz
Mode: E NACKLabel: SA Block ID: 0, Msg No: M74A
Flight ID: JP0691 REG: OY-JZP


Message content:-
0EV161227V
-------------------------------------------------------[2024-05-28 19:25:34.746]

SOURCE: AIR
RX_ID: 630, Freq: 131.725MHz
Mode: E NACKLabel: SA Block ID: 0, Msg No: M74A
Flight ID: JP0691 REG: OY-JZP


Message content:-
0EV161227V
-------------------------------------------------------[2024-05-28 19:25:46.009]

SOURCE: AIR
RX_ID: 631, Freq: 131.725MHz
Mode: E NACKLabel: SA Block ID: 0, Msg No: M74A
Flight ID: JP0691 REG: OY-JZP


Message content:-
0EV161227V
-------------------------------------------------------[2024-05-28 19:25:57.281]

SOURCE: AIR
RX_ID: 632, Freq: 131.725MHz
Mode: E NACKLabel: SA Block ID: 0, Msg No: M74A
Flight ID: JP0691 REG: OY-JZP


Message content:-
0EV161227V
-------------------------------------------------------[2024-05-28 19:26:06.709]

SOURCE: AIR
RX_ID: 633, Freq: 131.725MHz
Mode: X NACKLabel: SA Block ID: 1, Msg No: M74A
Flight ID: JP0691 REG: OY-JZP


Message content:-
0EV161227V
-------------------------------------------------------[2024-05-28 19:26:35.785]

SOURCE: AIR
RX_ID: 634, Freq: 131.725MHz
Mode: 2 NACKLabel: SA Block ID: 2, Msg No: M74A
Flight ID: JP0691 REG: OY-JZP


Message content:-
0EV161227V
-------------------------------------------------------[2024-05-28 19:26:53.997]

SOURCE: AIR
RX_ID: 635, Freq: 131.725MHz
Mode: 2 NACKLabel: SA Block ID: 2, Msg No: M74A
Flight ID: JP0691 REG: OY-JZP


Message content:-
0EV161227V
-------------------------------------------------------[2024-05-28 19:27:05.261]

SOURCE: AIR
RX_ID: 636, Freq: 131.725MHz
Mode: 2 NACKLabel: SA Block ID: 2, Msg No: M74A
Flight ID: JP0691 REG: OY-JZP


Message content:-
0EV161227V
-------------------------------------------------------[2024-05-28 19:27:14.477]

SOURCE: AIR
RX_ID: 637, Freq: 131.725MHz
Mode: G NACKLabel: SA Block ID: 3, Msg No: M74A
Flight ID: JP0691 REG: OY-JZP


Message content:-
0EV161227V
-------------------------------------------------------[2024-05-28 19:28:04.873]

SOURCE: AIR
RX_ID: 638, Freq: 131.825MHz
Mode: 2 NACKLabel: H1 Block ID: 0, Msg No: F06A
Flight ID: QY8031 REG: D-ALER


Message content:-
#M1BPOSN43268E005511,,203133,380,KINES,204910,VANAS,M58,32564,176,7805752
-------------------------------------------------------[2024-05-28 20:31:35.646]

SOURCE: AIR
RX_ID: 639, Freq: 131.850MHz
Mode: 2 NACKLabel: H1 Block ID: 0, Msg No: F06A
Flight ID: QY8031 REG: D-ALER


Message content:-
#M1BPOSN43268E005511,,203133,380,KINES,204910,VANAS,M58,32564,176,7805752
-------------------------------------------------------[2024-05-28 20:32:00.807]

SOURCE: AIR
RX_ID: 640, Freq: 131.825MHz
Mode: 2 NACKLabel: H1 Block ID: 3, Msg No: F07A
Flight ID: QY8031 REG: D-ALER


Message content:-
#M1BPOSN44403E006267,,204313,380,GODRA,210159,LOKTA,M57,32769,164,780F498
-------------------------------------------------------[2024-05-28 20:43:15.046]

SOURCE: AIR
RX_ID: 641, Freq: 131.850MHz
Mode: 2 NACKLabel: B9 Block ID: 8, Msg No: L02A
Flight ID: QY1685 REG: OE-LNH


Message content:-
/EDDP.TI2/024EDDPAB993
-------------------------------------------------------[2024-05-28 21:01:04.697]

SOURCE: AIR
RX_ID: 642, Freq: 131.825MHz
Mode: 2 NACKLabel: H1 Block ID: 2, Msg No: F03A
Flight ID: QY1685 REG: OE-LNH


Message content:-
#M1BPOSN44218E005017,,210525,272,ETR01,211141,LUX02,M34,31343,203,FB04
-------------------------------------------------------[2024-05-28 21:05:26.879]

SOURCE: AIR
RX_ID: 643, Freq: 131.825MHz
Mode: 2 NACKLabel: B9 Block ID: 2, Msg No: M02A
Flight ID: AA0725 REG: 9H-LEON


Message content:-
/DTTA.TI2/024DTTAA7B44
-------------------------------------------------------[2024-05-28 21:15:34.520]

SOURCE: AIR
RX_ID: 644, Freq: 131.825MHz
Mode: 2 NACKLabel: H1 Block ID: 9, Msg No: F07A
Flight ID: QY0417 REG: D-ALEV


Message content:-
#M1BPOSN45048E004215,,220917,380,LTP,221618,GIPNO,M58,32786,187,780F8EE
-------------------------------------------------------[2024-05-28 22:09:20.541]

SOURCE: AIR
RX_ID: 645, Freq: 131.725MHz
Mode: G NACKLabel: H1 Block ID: 8, Msg No: D36A
Flight ID: KL8321 REG: PH-CKB


Message content:-
#DFB(POS-MPH8321 -4435N00604E/225725 F310
RMK/FUEL 114.8 M0.85)
-------------------------------------------------------[2024-05-28 22:57:57.089]

