SOURCE: AIR
RX_ID: 0, Freq: 131.825MHz
Mode: 2 NACKLabel: Q0 Block ID: 5, Msg No: S37A
Flight ID: FR71WK REG: EI-DPG


Message content:-

-------------------------------------------------------[2024-03-16 16:13:46.503]

SOURCE: AIR
RX_ID: 1, Freq: 131.725MHz
Mode: 2 NACKLabel: 15 Block ID: 3, Msg No: M12A
Flight ID: GS0001 REG: ECISQ


Message content:-
(2N43042E  6238337 78326-54(Z
-------------------------------------------------------[2024-03-16 17:23:57.299]

SOURCE: AIR
RX_ID: 2, Freq: 131.725MHz
Mode: E NACKLabel: Q0 Block ID: 5, Msg No: S24A
Flight ID: AF1655 REG: F-GMZE


Message content:-

-------------------------------------------------------[2024-03-16 18:10:13.611]

SOURCE: AIR
RX_ID: 3, Freq: 131.725MHz
Mode: E ACK, A2GLabel: _d Block ID: 8, Msg No: S25A
Flight ID: AF1655 REG: F-GMZE


Message content:-

-------------------------------------------------------[2024-03-16 18:22:59.349]

SOURCE: AIR
RX_ID: 4, Freq: 131.725MHz
Mode: E ACK, A2GLabel: _d Block ID: 9, Msg No: S26A
Flight ID: AF1655 REG: F-GMZE


Message content:-

-------------------------------------------------------[2024-03-16 18:23:03.663]

SOURCE: AIR
RX_ID: 5, Freq: 131.725MHz
Mode: E ACK, A2GLabel: _d Block ID: 0, Msg No: S27A
Flight ID: AF1655 REG: F-GMZE


Message content:-

-------------------------------------------------------[2024-03-16 18:23:07.321]

SOURCE: AIR
RX_ID: 6, Freq: 131.825MHz
Mode: 2 NACKLabel: 80 Block ID: 9, Msg No: M60A
Flight ID: 5C0934 REG: 4X-ICA


Message content:-
6666 POSITION 0934/16 KDOV/LLBG .4X-ICA 
POSITION N44244E005146
ALTITUDE +035000
FOB 0543

-------------------------------------------------------[2024-03-16 19:04:26.899]

SOURCE: AIR
RX_ID: 7, Freq: 131.525MHz
Mode: T ACK, A2GLabel: _d Block ID: 7, Msg No: S21A
Flight ID: AF6014 REG: F-GRHF


Message content:-

-------------------------------------------------------[2024-03-16 19:04:36.115]

SOURCE: AIR
RX_ID: 8, Freq: 131.525MHz
Mode: T NACKLabel: 26 Block ID: 8, Msg No: M15A
Flight ID: AF6014 REG: F-GRHF


Message content:-
1905LFPOAF6014/161920LFML31R
-------------------------------------------------------[2024-03-16 19:05:02.740]

SOURCE: AIR
RX_ID: 9, Freq: 131.525MHz
Mode: T NACKLabel: 2F Block ID: 9, Msg No: M16A
Flight ID: AF6014 REG: F-GRHF


Message content:-
1905+4390+493/1733
-------------------------------------------------------[2024-03-16 19:06:01.912]

SOURCE: AIR
RX_ID: 10, Freq: 131.525MHz
Mode: T NACKLabel: 2F Block ID: 9, Msg No: M16A
Flight ID: AF6014 REG: F-GRHF


Message content:-
1905+4390+493/1733
-------------------------------------------------------[2024-03-16 19:06:12.152]

SOURCE: AIR
RX_ID: 11, Freq: 131.525MHz
Mode: T NACKLabel: 5U Block ID: 0, Msg No: M17A
Flight ID: AF6014 REG: F-GRHF


Message content:-
3LFML
-------------------------------------------------------[2024-03-16 19:09:13.406]

SOURCE: AIR
RX_ID: 12, Freq: 131.525MHz
Mode: T NACKLabel: 5U Block ID: 0, Msg No: M17A
Flight ID: AF6014 REG: F-GRHF


Message content:-
3LFML
-------------------------------------------------------[2024-03-16 19:09:24.267]

SOURCE: AIR
RX_ID: 13, Freq: 131.525MHz
Mode: T NACKLabel: 5U Block ID: 0, Msg No: M17A
Flight ID: AF6014 REG: F-GRHF


Message content:-
3LFML
-------------------------------------------------------[2024-03-16 19:09:33.482]

SOURCE: AIR
RX_ID: 14, Freq: 131.550MHz
Mode: 2 NACKLabel: 5U Block ID: 0, Msg No: M17A
Flight ID: AF6014 REG: F-GRHF


Message content:-
3LFML
-------------------------------------------------------[2024-03-16 19:09:41.857]

SOURCE: AIR
RX_ID: 15, Freq: 131.525MHz
Mode: 2 NACKLabel: 5U Block ID: 0, Msg No: M17A
Flight ID: AF6014 REG: F-GRHF


Message content:-
3LFML
-------------------------------------------------------[2024-03-16 19:09:51.075]

SOURCE: AIR
RX_ID: 16, Freq: 131.550MHz
Mode: 2 ACK, A2GLabel: _d Block ID: 1, Msg No: S22A
Flight ID: AF6014 REG: F-GRHF


Message content:-

-------------------------------------------------------[2024-03-16 19:09:54.365]

SOURCE: AIR
RX_ID: 17, Freq: 131.725MHz
Mode: 2 NACKLabel: Q0 Block ID: 2, Msg No: S23A
Flight ID: AF6014 REG: F-GRHF


Message content:-

-------------------------------------------------------[2024-03-16 19:09:56.197]

SOURCE: AIR
RX_ID: 18, Freq: 131.725MHz
Mode: X ACK, A2GLabel: _d Block ID: 3, Msg No: S24A
Flight ID: AF6014 REG: F-GRHF


Message content:-

-------------------------------------------------------[2024-03-16 19:10:02.563]

SOURCE: AIR
RX_ID: 19, Freq: 131.725MHz
Mode: X NACKLabel: H1 Block ID: 4, Msg No: D10A
Flight ID: AF6014 REG: F-GRHF


Message content:-
#DFBA01/A31901,1,1/CCF-GRHF,MAR16,185252,LFPO,LFML,0077/C106,25839,5000,45,0010,0,0100,45,X/CEN307,30989,237,649,5374,314,C43025/EC645937,20611,00749,16696,73,09/EE645936,20588,00952,16735,73/N10751,0751,0883,5
-------------------------------------------------------[2024-03-16 19:10:30.608]

SOURCE: AIR
RX_ID: 20, Freq: 131.725MHz
Mode: X NACKLabel: H1 Block ID: 7, Msg No: D11A
Flight ID: AF6014 REG: F-GRHF


Message content:-
#DFBA02/A31902,1,1/CCF-GRHF,MAR16,185313,LFPO,LFML,0077/C106,25901,5000,45,0010,0,0100,45,X/CEN307,30986,237,650,5374,314,C43025/CNN306,30984,237,649,5374,314/EC645937,20611,00749,16696,71,14,08/EE645936,20588,
-------------------------------------------------------[2024-03-16 19:11:06.669]

SOURCE: AIR
RX_ID: 21, Freq: 131.725MHz
Mode: X NACKLabel: H1 Block ID: 8, Msg No: D11B
Flight ID: AF6014 REG: F-GRHF


Message content:-
#DFB00952,16735,71/N10752,0752,0883,5098,0969,XXXXX/N20752,0752,0885,5112,0977,XXXXX/S1XXXXX,0399,1080,3628,XXXX,042,041/S2XXXXX,0410,1095,3617,XXXX,042,041/T1097,096,023,36,083,05573,0060/T2099,096,014,38,068,
-------------------------------------------------------[2024-03-16 19:11:10.544]

SOURCE: AIR
RX_ID: 22, Freq: 131.725MHz
Mode: X NACKLabel: H1 Block ID: 0, Msg No: D11D
Flight ID: AF6014 REG: F-GRHF


Message content:-
#DFB222111/X101052,N005,0030,0000,00005,0002/X201184,N000,0030,0000,00005,0002/X30000,0005,N007,N002,N007,N000,N000/X40000,N000,N000,0000,0000,0000/X50000,N000,N000,N002,0000,0000/X61436,E0039,N452,077,319,0057
-------------------------------------------------------[2024-03-16 19:11:28.356]

SOURCE: AIR
RX_ID: 23, Freq: 131.725MHz
Mode: X NACKLabel: H1 Block ID: 1, Msg No: D11E
Flight ID: AF6014 REG: F-GRHF


Message content:-
#DFB,1080/X71438,E0039,N452,078,320,0065,XXXX,/
-------------------------------------------------------[2024-03-16 19:11:31.645]

SOURCE: AIR
RX_ID: 24, Freq: 131.825MHz
Mode: 2 NACKLabel: 15 Block ID: 5, Msg No: M19A
Flight ID: BA0043 REG: G-STBA


Message content:-
FST01EGLLFACTN439188E0041395310 975 134 M48C 8232616116056211600005451953
-------------------------------------------------------[2024-03-16 19:53:05.760]

SOURCE: AIR
RX_ID: 25, Freq: 131.825MHz
Mode: 2 NACKLabel: 10 Block ID: 6, Msg No: M20A
Flight ID: BA0043 REG: G-STBA


Message content:-
MET01FACT
-------------------------------------------------------[2024-03-16 19:55:22.359]

SOURCE: AIR
RX_ID: 26, Freq: 131.825MHz
Mode: 2 ACK, A2GLabel: _d Block ID: 7, Msg No: S69A
Flight ID: BA0043 REG: G-STBA


Message content:-

-------------------------------------------------------[2024-03-16 19:55:29.744]

SOURCE: AIR
RX_ID: 27, Freq: 131.825MHz
Mode: 2 ACK, A2GLabel: _d Block ID: 8, Msg No: S70A
Flight ID: BA0043 REG: G-STBA


Message content:-

-------------------------------------------------------[2024-03-16 19:55:36.475]

SOURCE: AIR
RX_ID: 28, Freq: 131.825MHz
Mode: 2 ACK, A2GLabel: _d Block ID: 0, Msg No: S72A
Flight ID: BA0043 REG: G-STBA


Message content:-

-------------------------------------------------------[2024-03-16 19:55:54.723]

SOURCE: AIR
RX_ID: 29, Freq: 131.825MHz
Mode: 2 NACKLabel: Q0 Block ID: 3, Msg No: S85A
Flight ID: FR36TL REG: EI-ENF


Message content:-

-------------------------------------------------------[2024-03-16 20:29:21.612]

SOURCE: AIR
RX_ID: 30, Freq: 131.525MHz
Mode: T NACKLabel: 2Z Block ID: 2, Msg No: M65A
Flight ID: AF7342 REG: F-GMZD


Message content:-
LFML
-------------------------------------------------------[2024-03-16 21:09:03.503]

SOURCE: AIR
RX_ID: 31, Freq: 131.525MHz
Mode: T NACKLabel: 2F Block ID: 3, Msg No: M66A
Flight ID: AF7342 REG: F-GMZD


Message content:-
2115+4419+491/2244
-------------------------------------------------------[2024-03-16 21:15:33.873]

SOURCE: AIR
RX_ID: 32, Freq: 131.525MHz
Mode: T NACKLabel: 2F Block ID: 3, Msg No: M66A
Flight ID: AF7342 REG: F-GMZD


Message content:-
2115+4419+491/2244
-------------------------------------------------------[2024-03-16 21:15:46.564]

SOURCE: AIR
RX_ID: 33, Freq: 131.525MHz
Mode: T NACKLabel: 26 Block ID: 4, Msg No: M67A
Flight ID: AF7342 REG: F-GMZD


Message content:-
2116LFPGAF7342/162131LFML31R
-------------------------------------------------------[2024-03-16 21:16:03.753]

SOURCE: AIR
RX_ID: 34, Freq: 131.525MHz
Mode: T NACKLabel: _d Block ID: 5, Msg No: S04A
Flight ID: AF7342 REG: F-GMZD


Message content:-

-------------------------------------------------------[2024-03-16 21:17:37.377]

SOURCE: AIR
RX_ID: 35, Freq: 131.525MHz
Mode: 2 NACKLabel: Q0 Block ID: 6, Msg No: S05A
Flight ID: AF7342 REG: F-GMZD


Message content:-

-------------------------------------------------------[2024-03-16 21:21:52.762]

SOURCE: AIR
RX_ID: 36, Freq: 131.550MHz
Mode: 2 NACKLabel: Q0 Block ID: 6, Msg No: S05A
Flight ID: AF7342 REG: F-GMZD


Message content:-

-------------------------------------------------------[2024-03-16 21:22:04.208]

SOURCE: AIR
RX_ID: 37, Freq: 131.525MHz
Mode: 2 NACKLabel: Q0 Block ID: 6, Msg No: S05A
Flight ID: AF7342 REG: F-GMZD


Message content:-

-------------------------------------------------------[2024-03-16 21:22:15.691]

SOURCE: AIR
RX_ID: 38, Freq: 131.725MHz
Mode: 2 NACKLabel: Q0 Block ID: 6, Msg No: S05A
Flight ID: AF7342 REG: F-GMZD


Message content:-

-------------------------------------------------------[2024-03-16 21:22:25.530]

SOURCE: AIR
RX_ID: 39, Freq: 131.725MHz
Mode: 2 NACKLabel: H1 Block ID: 7, Msg No: D27A
Flight ID: AF7342 REG: F-GMZD


Message content:-
#DFBA01/A32101,1,1/CCF-GMZD,MAR16,210111,LFPG,LFML,0094/C106,22504,4000,64,0010,0,0100,60,X/CEN262,30972,266,722,6998,240,C51020/EC577521,00279,01637,00299,73,--/EE697634,00279,06753,00299,73/N10839,0839,0926,5
-------------------------------------------------------[2024-03-16 21:22:29.626]

SOURCE: AIR
RX_ID: 40, Freq: 131.725MHz
Mode: 2 NACKLabel: H1 Block ID: 8, Msg No: D27B
Flight ID: AF7342 REG: F-GMZD


Message content:-
#DFB902,1397,XXXXX/N20839,0839,0922,5902,1405,XXXXX/S1XXXXX,0605,1443,4131,XXXX,019,N00/S2XXXXX,0597,1432,4087,XXXX,024,N00/T1099,060,028,42,080,05956,0229/T2099,061,021,40,074,05958,0228/V104,01,117,230,00,00,
-------------------------------------------------------[2024-03-16 21:22:34.745]

SOURCE: AIR
RX_ID: 41, Freq: 131.725MHz
Mode: 2 NACKLabel: H1 Block ID: 9, Msg No: D27C
Flight ID: AF7342 REG: F-GMZD


Message content:-
#DFB00000/V208,04,246,214,06,01,00000/V304,01,189,072,0625/V411,05,310,107,0625/V503,01,088,168,0916/V608,06,244,147,0915/V7042,084,00061,22222222222111/V8043,082,00081,22222222222111/
-------------------------------------------------------[2024-03-16 21:22:38.622]

SOURCE: AIR
RX_ID: 42, Freq: 131.725MHz
Mode: X NACKLabel: Q0 Block ID: 0, Msg No: S06A
Flight ID: AF7342 REG: F-GMZD


Message content:-

-------------------------------------------------------[2024-03-16 21:22:45.387]

SOURCE: AIR
RX_ID: 43, Freq: 131.725MHz
Mode: X NACKLabel: 26 Block ID: 1, Msg No: M68A
Flight ID: AF7342 REG: F-GMZD


Message content:-
2126LFPGAF7342/162131LFML31R
-------------------------------------------------------[2024-03-16 21:26:03.826]

SOURCE: AIR
RX_ID: 44, Freq: 131.725MHz
Mode: X NACKLabel: 2F Block ID: 2, Msg No: M69A
Flight ID: AF7342 REG: F-GMZD


Message content:-
2130+4339+526/0142
-------------------------------------------------------[2024-03-16 21:30:36.031]

SOURCE: AIR
RX_ID: 45, Freq: 131.725MHz
Mode: 2 NACKLabel: 15 Block ID: 6, Msg No: M05A
Flight ID: GS0001 REG: CSDXN


Message content:-
(2N44069E  5337--- 60244-31(Z
-------------------------------------------------------[2024-03-16 21:45:15.858]

SOURCE: AIR
RX_ID: 46, Freq: 131.725MHz
Mode: G NACKLabel: B9 Block ID: 9, Msg No: M87A
Flight ID: FR84FG REG: EI-EBW


Message content:-
/LEBL.TI2/024LEBLA93E5
-------------------------------------------------------[2024-03-16 22:01:03.075]

SOURCE: AIR
RX_ID: 47, Freq: 131.825MHz
Mode: 2 NACKLabel: H1 Block ID: 3, Msg No: D79G
Flight ID: E459BH REG: SP-EXE


Message content:-
#DFB0 160 160 00 1366++++++++  589  626  598  613  621  658  616  716 9725 9508 9194 293 390  98187  28  00000000020 000
 979 001  406 3119  126 1270  254  252 113 116 1796 177 670 188 175 00 1393-936-934 1218
-------------------------------------------------------[2024-03-16 22:43:44.988]

SOURCE: AIR
RX_ID: 48, Freq: 131.825MHz
Mode: 2 NACKLabel: H1 Block ID: 3, Msg No: D79H
Flight ID: E459BH REG: SP-EXE


Message content:-
#DFB 1146 1793  647  657  836 1137  906 9725 9505 9175 292 395 105186  30 -01000000028 000
1292 000 1644 6525  144 6240  804  799 398 398 2560 1561200 488 450 00 1635-200-200 6587 6214 6229 5828 6559 5973 6603
-------------------------------------------------------[2024-03-16 22:45:13.856]

SOURCE: AIR
RX_ID: 49, Freq: 131.825MHz
Mode: 2 NACKLabel: H1 Block ID: 4, Msg No: D79I
Flight ID: E459BH REG: SP-EXE


Message content:-
#DFB 6571 9148 9503 4994 223 455 438169  69 -01000000005 000
1448 000 2000 6975  006 5130  672  665 341 340 1504 1531685 568 538 00 1666 290 290 5206 5171 5076 5011 5400 5074 5339 5296 8846 9503 -019 -02 490 4
-------------------------------------------------------[2024-03-16 22:45:20.219]

SOURCE: AIR
RX_ID: 50, Freq: 131.825MHz
Mode: 2 NACKLabel: H1 Block ID: 5, Msg No: D79J
Flight ID: E459BH REG: SP-EXE


Message content:-
#DFB85164  68 -04000000000 006
XXXX 893XXXX1143150324211153
1220 6330  742 1516 6131 450 388
018DE00000000003498510080100007F0006000000ECF000000679000180000100000000000000000000000000
0000000000000000000000
-------------------------------------------------------[2024-03-16 22:45:26.986]

SOURCE: AIR
RX_ID: 51, Freq: 131.825MHz
Mode: 2 NACKLabel: H1 Block ID: 8, Msg No: 112B
Flight ID: E459BH REG: SP-EXE


Message content:-
#T1BEC0AI40AHQ0AGS0AGI0AEC0ADO0AD40AC6071007100778077806QO06QO06QO06QO81QE0000000000000000000000BI0000000000000000000000AI409OG09OG09OG09OG09OG09OG09OG06QO0000000000000000000000000000000074YYYYYYY10000Z00003RE3
-------------------------------------------------------[2024-03-16 22:45:47.466]

SOURCE: AIR
RX_ID: 52, Freq: 131.825MHz
Mode: 2 NACKLabel: H1 Block ID: 1, Msg No: D80C
Flight ID: E459BH REG: SP-EXE


Message content:-
#DFB 81 140141  220  900   95  2
51000 53716401109 81 140141  220  900   95  1
51000 53716401125 81 140141  220  900   95  2
51000 53716301117 81 140141  220  900   95  1
51000 53716201152 81 150140  220  9
-------------------------------------------------------[2024-03-16 22:46:08.130]

SOURCE: AIR
RX_ID: 53, Freq: 131.825MHz
Mode: 2 NACKLabel: H1 Block ID: 2, Msg No: D80D
Flight ID: E459BH REG: SP-EXE


Message content:-
#DFB00   95  1
51000 53716301145 81 140141  220  900   95  1
51000 53716301109 81 140141  220  900   95  2
51000 53716401133 81 140141  220  900   95  2
6 750 53722501066 81 140142  220  900   95  2
NSHUT 
-------------------------------------------------------[2024-03-16 22:46:15.916]

SOURCE: AIR
RX_ID: 54, Freq: 131.825MHz
Mode: 2 NACKLabel: H1 Block ID: 3, Msg No: D80E
Flight ID: E459BH REG: SP-EXE


Message content:-
#DFB1303570141266 56  215  900   95 204  49  2
00044198002881820000000000000000000 6717
0000000000000000000000000000000

-------------------------------------------------------[2024-03-16 22:46:22.061]

SOURCE: AIR
RX_ID: 55, Freq: 131.825MHz
Mode: 2 NACKLabel: H1 Block ID: 4, Msg No: 112C
Flight ID: E459BH REG: SP-EXE


Message content:-
#T1BO039F0000000000001V91MC00000R00I00N00000000000000M00PZ778Q61ZZZZ947700000400900000000000000001G00PZ3536ZZZZZ4D1N0O0J0F030OZZZZZZZZZZ11Z01ZZZZZZZZZZZZZZZZZZZZZZZZZZZZZZZZZZZZZZZ000000000000000000003G3G2P3G3L
-------------------------------------------------------[2024-03-16 22:46:29.230]

SOURCE: AIR
RX_ID: 56, Freq: 131.825MHz
Mode: 2 NACKLabel: H1 Block ID: 5, Msg No: 112D
Flight ID: E459BH REG: SP-EXE


Message content:-
#T1B3K2K2R0V33333303NPZ0DZ1OXXZZZZ05QZ5P132ZZFMEZ02Z031KLZ000000Z1J6Z1JCE54Z00001T1801A01200500C00G01000V00I0090002S01VN3T03T03T03T03T03T03T000002200J00400F00U02402101600R00013N0303T03T03T03T03T03T03T000001R003
-------------------------------------------------------[2024-03-16 22:46:35.775]

SOURCE: AIR
RX_ID: 57, Freq: 131.825MHz
Mode: 2 NACKLabel: H1 Block ID: 6, Msg No: D81A
Flight ID: E459BH REG: SP-EXE


Message content:-
#DFBB09A
SP-EXE  5387823EPKTHEMATA1603001546
 9193677603265603868BCG3A-L200-0002
   976  921 450  040150   98   95 169120
0000000100
 20 12801012323 23  23  23 20 12610  25  2  0  25 15   8  24  0  0  25 1
-------------------------------------------------------[2024-03-16 22:46:42.761]

SOURCE: AIR
RX_ID: 58, Freq: 131.825MHz
Mode: 2 ACK, A2GLabel: H1 Block ID: 6, Msg No: D81A
Flight ID: E459BH REG: SP-EXE


Message content:-
#DFBB09A
SP-EXE  5387823EPKTHEMATA1603001546
 9193677603265603868BCG3A-L200-0002
   976  921 450  040150   98   95 169120
0000000100
 20 12801012323 23  23  23 20 12610  25  2  0  25 15   8  24  0  0  25 1
-------------------------------------------------------[2024-03-16 22:46:43.784]

SOURCE: AIR
RX_ID: 59, Freq: 131.825MHz
Mode: 2 ACK, A2GLabel: H1 Block ID: 7, Msg No: D81B
Flight ID: E459BH REG: SP-EXE


Message content:-
#DFB5   9
 20 12801012323 23  23  23 20 12510  25  2  0  25 15   8  24  0  0  25 15   9
 20 12701012323 23  23  23 20 12510  25  2  2  25 19   8  24  0  0  25 21   9
 20 13200112323 23  22  23 20 12501  25  
-------------------------------------------------------[2024-03-16 22:46:50.330]

SOURCE: AIR
RX_ID: 60, Freq: 131.825MHz
Mode: 2 ACK, A2GLabel: H1 Block ID: 9, Msg No: D81D
Flight ID: E459BH REG: SP-EXE


Message content:-
#DFB12323 23  18  23 19 12001  23 13 22  25 25  11  23  4 24  25 27  10
 19 13100112323 23  16  23 19 11301  21 21 23  25 27  10  20 12 25  25 29   9
 19 12700112323 23  14  23 19 10601  19 27 24  25 27   8  
-------------------------------------------------------[2024-03-16 22:47:04.264]

SOURCE: AIR
RX_ID: 61, Freq: 131.825MHz
Mode: 2 ACK, A2GLabel: H1 Block ID: 0, Msg No: D81E
Flight ID: E459BH REG: SP-EXE


Message content:-
#DFB19 19 25  25 30   7
 19 12200112323 23  13  23 19 10001  18 30 24  25 28   7  18 24 25  25 30   6
 19 11700112323 23  12  23 19  9501  17 33 24  25 27   5  17 28 24  24 30   4
 19 11200112323 23  12  23 
-------------------------------------------------------[2024-03-16 22:47:11.432]

SOURCE: AIR
RX_ID: 62, Freq: 131.825MHz
Mode: 2 NACKLabel: H1 Block ID: 1, Msg No: D81F
Flight ID: E459BH REG: SP-EXE


Message content:-
#DFB19  9101  16 36 25  25 27   4  16 32 25  24 30   3
 19 10800112323 23  13  23 19  8801  15 39 25  25 27   2  16 36 25  24 31   2
 19 10300112323 23  14  23 19  8501  14 42 26  25 27   1  15 40 26  24 29  
-------------------------------------------------------[2024-03-16 22:47:18.382]

SOURCE: AIR
RX_ID: 63, Freq: 131.825MHz
Mode: 2 NACKLabel: H1 Block ID: 2, Msg No: D81G
Flight ID: E459BH REG: SP-EXE


Message content:-
#DFB 0
 19  9900112323 23  16  23 19  8201  13 45 26  25 27   0  13 44 26  24 29  -1
 19  9600112323 23  16  23 19  8001  12 48 27  25 27  -1  12 47 27  23 29  -2
 19  9300112323 23  17  23 19  7801  11 51 2
-------------------------------------------------------[2024-03-16 22:47:24.928]

SOURCE: AIR
RX_ID: 64, Freq: 131.825MHz
Mode: 2 NACKLabel: H1 Block ID: 3, Msg No: D81H
Flight ID: E459BH REG: SP-EXE


Message content:-
#DFB7  25 28  -2  11 51 27  23 29  -2
 19  9000112323 23  17  22 19  7701  10 53 28  25 28  -3  10 54 27  23 29  -3
 19  8800112323 23  18  22 19  7501   9 55 27  25 28  -3  10 57 27  23 30  -4
 19  86001123
-------------------------------------------------------[2024-03-16 22:47:31.694]

SOURCE: AIR
RX_ID: 65, Freq: 131.825MHz
Mode: 2 NACKLabel: H1 Block ID: 4, Msg No: D81I
Flight ID: E459BH REG: SP-EXE


Message content:-
#DFB23 23  18  22 19  7401   8 57 28  25 28  -4   9 59 28  22 30  -4
46 19  8500112323 23  18  22 19  7401   8 58 28  25 28  -4   9 60 27  22 30  -4
 19  8400112323 23  18  22 20  7301   7 60 28  25 28  -5   
-------------------------------------------------------[2024-03-16 22:47:37.837]

SOURCE: AIR
RX_ID: 66, Freq: 131.825MHz
Mode: 2 NACKLabel: H1 Block ID: 5, Msg No: D81J
Flight ID: E459BH REG: SP-EXE


Message content:-
#DFB8 62 27  22 30  -5
 19  8200112323 23  18  22 20  7301   7 61 27  25 28  -5   7 63 27  22 30  -5
 19  8100112323 23  18  22 20  7201   6 63 27  25 27  -5   7 65 27  22 29  -6
 19  8000112323 23  18  22 1
-------------------------------------------------------[2024-03-16 22:47:44.602]

SOURCE: AIR
RX_ID: 67, Freq: 131.825MHz
Mode: 2 NACKLabel: H1 Block ID: 9, Msg No: D81N
Flight ID: E459BH REG: SP-EXE


Message content:-
#DFB3 23  23  22 19  7301   8 88 20  25 28  -2  18 83 20  21 29  -5
 19  7900112323 23  23  22 19  7301   8 90 18  25 29  -2  20 83 18  22 30  -5
 19  8000112323 23  24  22 19  7301   9 90 17  25 29  -1  21 8
-------------------------------------------------------[2024-03-16 22:48:11.632]

SOURCE: AIR
RX_ID: 68, Freq: 131.825MHz
Mode: 2 NACKLabel: H1 Block ID: 2, Msg No: D83B
Flight ID: E459BH REG: SP-EXE


Message content:-
#DFB4 149 -019 1528 2553017012192005 10016 8470 8464 9643 162 6320 606 013 025 003 021 011 02082510 8545 8539 8538 853910604 831012474785   00 6785740 15587198 284 150 -019 1489 2317015013282007102004 8480 8473
-------------------------------------------------------[2024-03-16 22:49:40.099]

SOURCE: AIR
RX_ID: 69, Freq: 131.825MHz
Mode: 2 NACKLabel: H1 Block ID: 3, Msg No: D83C
Flight ID: E459BH REG: SP-EXE


Message content:-
#DFB 9686 159 6240 511 015 025 011 010 013 005842  9192   68  -4004480220  8794PRI  90965450   68  -3810250329710445  89 -01  18  02  07 464 464 8669 8664 8658 866310528 8350 795 78186 5884 828 82810504276   00
-------------------------------------------------------[2024-03-16 22:49:46.864]

SOURCE: AIR
RX_ID: 70, Freq: 131.825MHz
Mode: 2 NACKLabel: H1 Block ID: 4, Msg No: D83D
Flight ID: E459BH REG: SP-EXE


Message content:-
#DFB 6245635  6757196 268 149 -019-1300 1463 1456 2305 2304017014192007  9015 8595 8977 8722 9690  763977 00 8348 8289 8388 8337 5774 5886 -09 8501 8444 8332 8304 568 0  0 1491000 012 022 003 021 012 021768PRI 
-------------------------------------------------------[2024-03-16 22:49:53.227]

SOURCE: AIR
RX_ID: 71, Freq: 131.825MHz
Mode: 2 NACKLabel: H1 Block ID: 5, Msg No: D83E
Flight ID: E459BH REG: SP-EXE


Message content:-
#DFB 9096 5450   68  -3810250329710445  89 -01  18  02  07 464 464 8669 8664 8660 866310542 8205 800 75182 5794 824 82410504378   00 6015677  6757198 280 149 -019-1300 1442 1456 2073 2069015013292011102005 8608
-------------------------------------------------------[2024-03-16 22:49:59.955]

SOURCE: AIR
RX_ID: 72, Freq: 131.825MHz
Mode: 2 NACKLabel: H1 Block ID: 6, Msg No: D83F
Flight ID: E459BH REG: SP-EXE


Message content:-
#DFB 8978 8737 9733  744046 00 8196 8220 8143 8161 5732 5807 -10 8318 8197 8345 8237 486 0  0 1491000 013 025 009 009 025 005782 14578   03 -15305480220  900910 8772 8774 8771 877410435 8290 8463788   00 587553
-------------------------------------------------------[2024-03-16 22:50:06.539]

SOURCE: AIR
RX_ID: 73, Freq: 131.825MHz
Mode: 2 NACKLabel: H1 Block ID: 1, Msg No: D83K
Flight ID: E459BH REG: SP-EXE


Message content:-
#DFB1102007 8793 9343 9138 9744 -573241 00 8006 8047 7946 7976 4574 4675 -08 8168 8040 8192 8095 453 0  0 7201000 012 029 009 011 018 0096460671866816720  59  050022011 8856 8859 8853 885810381 8205  66 -030760
-------------------------------------------------------[2024-03-16 22:50:37.661]

SOURCE: AIR
RX_ID: 74, Freq: 131.825MHz
Mode: 2 NACKLabel: H1 Block ID: 2, Msg No: D83L
Flight ID: E459BH REG: SP-EXE


Message content:-
#DFB 9688 22700018CE00000000003498500000100007F001000000080F000000678010180000100000000000000000000000000000000000000000000000000000000000000000000000000000000000000000000000000000000000000000000000000000000000
-------------------------------------------------------[2024-03-16 22:50:44.208]

SOURCE: AIR
RX_ID: 75, Freq: 131.825MHz
Mode: 2 NACKLabel: H1 Block ID: 3, Msg No: D83M
Flight ID: E459BH REG: SP-EXE


Message content:-
#DFB0000000007F  59  050022011 8856 8859 8853 885810403 8015  65  010760 9684  5300018CE00000000003494500000200007F00100000008010000006780100000001000000000000000000000000000000000000000000000000000000000000000
-------------------------------------------------------[2024-03-16 22:50:50.753]

SOURCE: AIR
RX_ID: 76, Freq: 131.825MHz
Mode: 2 NACKLabel: H1 Block ID: 4, Msg No: D83N
Flight ID: E459BH REG: SP-EXE


Message content:-
#DFB000000000000000000000000000000000000000000000000000000000000000000000000000007F 22571 -115 -31506460220  942510 8991 8982 8983 898210372 8230 6073239   00 4815442-11257205 356 675 -019  020 2008019015217006
-------------------------------------------------------[2024-03-16 22:50:57.519]

SOURCE: AIR
RX_ID: 77, Freq: 131.825MHz
Mode: 2 NACKLabel: H1 Block ID: 5, Msg No: D83O
Flight ID: E459BH REG: SP-EXE


Message content:-
#DFB 12017 8917 9354 9746-112 4409 523 016 028 007 023 011 02260810 8988 8982 8981 898210388 8050 6073319   00 4625492-11257200 368 670 -019  001 1769018016297012101007 8929 9367 9789-110 4358 443 013 030 008 0
-------------------------------------------------------[2024-03-16 22:51:04.065]

SOURCE: AIR
RX_ID: 78, Freq: 131.825MHz
Mode: 2 NACKLabel: H1 Block ID: 6, Msg No: D83P
Flight ID: E459BH REG: SP-EXE


Message content:-
#DFB13 025 009620
-------------------------------------------------------[2024-03-16 22:51:11.051]

SOURCE: AIR
RX_ID: 79, Freq: 131.825MHz
Mode: 2 NACKLabel: H1 Block ID: 7, Msg No: 112G
Flight ID: E459BH REG: SP-EXE


Message content:-
#T1BH261T001J1J2622001G1K262B001D1M262H001A1O262P00171O2533002H182A1700251C261E001S1F261K00281C2619008272S362G282O342B282J3023282E2S23282A2S2228252O1R28202L1K281R2I1G52G242U1Q2G1U2P1L2G1O2L1K2F1I2H1A2F1C2C17ZZZ
-------------------------------------------------------[2024-03-16 22:51:18.805]

SOURCE: AIR
RX_ID: 80, Freq: 131.825MHz
Mode: 2 NACKLabel: H1 Block ID: 8, Msg No: D84A
Flight ID: E459BH REG: SP-EXE


Message content:-
#DFBOK XRD
-------------------------------------------------------[2024-03-16 22:51:24.545]

SOURCE: AIR
RX_ID: 81, Freq: 131.825MHz
Mode: 2 NACKLabel: H1 Block ID: 9, Msg No: 112H
Flight ID: E459BH REG: SP-EXE


Message content:-
#T1BZZZZZZZZZ63P3Q1Q00000000000000000000000000003N03E07A00000000Z0000Z00GU022J0I2RS1N645V2KI0B0FF02R093P026VZZZZZZZZZZ00000000000000000000000000000000000000000000000000000000000000000000000000000000000000000000
-------------------------------------------------------[2024-03-16 22:51:31.092]

SOURCE: AIR
RX_ID: 82, Freq: 131.825MHz
Mode: 2 NACKLabel: H1 Block ID: 0, Msg No: D85A
Flight ID: E459BH REG: SP-EXE


Message content:-
#DFBB43A
SP-EXE  5387823EPKTHEMAER16030052
14731797603265603868BCG3A-L200-0002
 35001 1594262346190774 -323 -583164960
PRI03484210078 273536  336496 -149    46169160
 36995251347190777 -210 -480
OFFOFFAUT
-------------------------------------------------------[2024-03-16 22:51:38.884]

SOURCE: AIR
RX_ID: 83, Freq: 131.825MHz
Mode: 2 NACKLabel: H1 Block ID: 2, Msg No: D85C
Flight ID: E459BH REG: SP-EXE


Message content:-
#DFB 809  00 -04 00023014
003000022 009 75 815  57185  0
018CE00000000003498500000100007F001000000080C000000678038180000100000000000000000000000000
00000000000000000000000000000000000000000000000000000000000
-------------------------------------------------------[2024-03-16 22:51:50.988]

SOURCE: AIR
RX_ID: 84, Freq: 131.825MHz
Mode: 2 NACKLabel: H1 Block ID: 3, Msg No: D85D
Flight ID: E459BH REG: SP-EXE


Message content:-
#DFB00000000000000000000000000000000000000000000000000000007F
 854110309 7425 2306 2335004000 69
01002210066 468256  217778   10    30169160
 35002265347450783 -320 -583
OFFOFFAUTOAUTOCLOSED110001ON 
 8541
-------------------------------------------------------[2024-03-16 22:51:56.694]

SOURCE: AIR
RX_ID: 85, Freq: 131.825MHz
Mode: 2 NACKLabel: H1 Block ID: 4, Msg No: D85E
Flight ID: E459BH REG: SP-EXE


Message content:-
#DFB 8438 8438 917310309 99846401 7425
 6967 7048 6959 6966 345 357019012068
 7197 7016 7125 7140-329 1844830
 2306 2551 2557 -08 253 647 646 0
 2335 2294  006  000 -019
 442 720 720  00  01 00021004
0000
-------------------------------------------------------[2024-03-16 22:52:03.459]

SOURCE: AIR
RX_ID: 86, Freq: 131.825MHz
Mode: 2 NACKLabel: H1 Block ID: 5, Msg No: D85F
Flight ID: E459BH REG: SP-EXE


Message content:-
#DFB04009 008 69 820  58185  0
018CE00000000003494500000200007F001000000080A000000678030000000100000000000000000000000000
00000000000000000000000000000000000000000000000000000000000000000000000000000000000000
-------------------------------------------------------[2024-03-16 22:52:09.822]

SOURCE: AIR
RX_ID: 87, Freq: 131.825MHz
Mode: 2 NACKLabel: H1 Block ID: 6, Msg No: D85G
Flight ID: E459BH REG: SP-EXE


Message content:-
#DFB00000000000000000000000000007F
 853110263 7595 2348 2475014003 75

-------------------------------------------------------[2024-03-16 22:52:16.149]

SOURCE: AIR
RX_ID: 88, Freq: 131.825MHz
Mode: 2 NACKLabel: H1 Block ID: 7, Msg No: D86A
Flight ID: E459BH REG: SP-EXE


Message content:-
#DFBB03A     
APM     SP-EXE          ENT7823 EPKTHEMA160324011347,737789     ,BCG3AL2000002,.779,,447.2,264.0,,,-30.61,,,35000,,,163317,,,2502,2460,,, 84.35, 84.34,,, 0.9,486.2,,,0,0,,0,0,,0,0,0,0,0,0,,, 45.2
-------------------------------------------------------[2024-03-16 22:52:22.732]

SOURCE: AIR
RX_ID: 89, Freq: 131.825MHz
Mode: 2 NACKLabel: H1 Block ID: 8, Msg No: D86B
Flight ID: E459BH REG: SP-EXE


Message content:-
#DFB298,,,  22.5771,,, 160.49,,,  0.5,,, 161.0,,,  0.009, 0.004,,,,6.801,,27592, 8440, 8406,10739,,    0,,, 3105, 3092,,, 0.0,,,,,169160,,,,,,135560,,,33600, 8390, 8380,16810,,    -,,,  603265,  603868,,,,,, 15
-------------------------------------------------------[2024-03-16 22:52:28.878]

SOURCE: AIR
RX_ID: 90, Freq: 131.825MHz
Mode: 2 NACKLabel: H1 Block ID: 9, Msg No: D86C
Flight ID: E459BH REG: SP-EXE


Message content:-
#DFB5.494, 155.982,,,100.8,101.3,,  18,  19,,,,717.2,701.3,,,,,,,-57.0,,, -0.6,,,  0.2,,,  3.1,,, -1.8, 0.5, 0.5,  0.5, -0.3,,, -0.5,,  3.5,  4.0,,,-0.0, 0.5,,,-0.00,,,-0.00,,, 0.99,,, -0.045,,,

-------------------------------------------------------[2024-03-16 22:52:34.803]

SOURCE: AIR
RX_ID: 91, Freq: 131.825MHz
Mode: 2 NACKLabel: H1 Block ID: 0, Msg No: 112I
Flight ID: E459BH REG: SP-EXE


Message content:-
#T1B00000000000004V001Q004600DA006402OH000ZZZ00009OF000000ZZZ00009OF000000ZZZ00009OF000000ZZZ00009OF000ZZZ00009OF000ZZZ00009OF000231D011DR80B07XX959H5JM96UHC9H5JM9419M9H5JM9H5JM9H5JM19GFG1V8EH09VM03MV0FOV05C10K
-------------------------------------------------------[2024-03-16 22:52:41.168]

SOURCE: AIR
RX_ID: 92, Freq: 131.825MHz
Mode: 2 NACKLabel: H1 Block ID: 1, Msg No: D87A
Flight ID: E459BH REG: SP-EXE


Message content:-
#DFBB03A     
APM     SP-EXE          ENT7823 EPKTHEMA160324012939,737789     ,BCG3AL2000002,.777,,443.9,251.5,,,-33.16,,,37001,,,162039,,,2444,2409,,, 85.88, 85.90,,, 2.1,479.2,,,0,0,,0,0,,0,0,0,0,0,0,,, 43.2
-------------------------------------------------------[2024-03-16 22:52:48.112]

SOURCE: AIR
RX_ID: 93, Freq: 131.825MHz
Mode: 2 NACKLabel: H1 Block ID: 3, Msg No: D87C
Flight ID: E459BH REG: SP-EXE


Message content:-
#DFB2.410, 159.238,,,101.4,101.6,,  19,  19,,,,734.7,722.2,,,,,,,-59.1,,,  0.0,,,  0.2,,,  3.5,,, -1.9, 0.5, 0.5,  0.5, -0.5,,, -0.5,,  3.1,  3.5,,,-0.0, 0.5,,,-0.00,,,-0.00,,, 0.99,,, -0.156,,,

-------------------------------------------------------[2024-03-16 22:53:02.450]

SOURCE: AIR
RX_ID: 94, Freq: 131.825MHz
Mode: 2 NACKLabel: H1 Block ID: 4, Msg No: 112J
Flight ID: E459BH REG: SP-EXE


Message content:-
#T1B0508VA1EEI02LU01KR0100QN0FSD2I9000034N09SD2I9000034L03ZZZ020505ZZZZ04ZZZZZZZZZZZZ04ZZZZZZZ04ZZZZZZZZZZZZZZZZZ04ZZZZZZZZZZZZ04ZZZZZZZ04ZZZZ02Z02Z02Z02Z02Z02Z02Z02ZZZZZZZZZ04ZZZZZZZ04ZZZV70LZ020000UC1J83ER00K
-------------------------------------------------------[2024-03-16 22:53:09.216]

SOURCE: AIR
RX_ID: 95, Freq: 131.825MHz
Mode: 2 NACKLabel: H1 Block ID: 5, Msg No: D88A
Flight ID: E459BH REG: SP-EXE


Message content:-
#DFBB03A     
APM     SP-EXE          ENT7823 EPKTHEMA160324021313,737789     ,BCG3AL2000002,.776,,444.4,251.1,,,-32.22,,,36999,,,158701,,,2431,2392,,, 85.77, 85.74,,, 5.5,473.2,,,0,0,,0,0,,0,0,0,0,0,0,,, 38.1
-------------------------------------------------------[2024-03-16 22:53:16.164]

SOURCE: AIR
RX_ID: 96, Freq: 131.825MHz
Mode: 2 NACKLabel: H1 Block ID: 6, Msg No: D88B
Flight ID: E459BH REG: SP-EXE


Message content:-
#DFB399,,,  27.1030,,, 161.59,,, -5.1,,, 151.4,,,  0.010, 0.004,,,,6.857,,22981, 8500, 8460, 6015,,    0,,, 5550, 5503,,, 0.0,,,,,169160,,,,,,135560,,,33600, 8390, 8380,16810,,    -,,,  603265,  603868,,,,,, 15
-------------------------------------------------------[2024-03-16 22:53:24.174]

SOURCE: AIR
RX_ID: 97, Freq: 131.825MHz
Mode: 2 NACKLabel: H1 Block ID: 7, Msg No: D88C
Flight ID: E459BH REG: SP-EXE


Message content:-
#DFB6.842, 146.542,,,101.4,101.6,,  19,  19,,,,734.3,720.2,,,,,,,-58.2,,, -0.1,,,  0.2,,,  3.4,,, -1.9, 0.5, 0.5,  0.0, -0.3,,, -0.4,,  3.3,  3.7,,, 0.0, 0.5,,,-0.00,,,-0.00,,, 1.00,,,  0.085,,,

-------------------------------------------------------[2024-03-16 22:53:31.123]

SOURCE: AIR
RX_ID: 98, Freq: 131.825MHz
Mode: 2 NACKLabel: H1 Block ID: 8, Msg No: 112K
Flight ID: E459BH REG: SP-EXE


Message content:-
#T1B01B0IM000000000000000000000000CH2HZ09ZZ000000000000000000ZZ11ZZ01ZZZZZZZZZZ0C10000WW0000003Z000000000000000000V702Z0201ZZZZZ06ZZZZZFJ0N0U0000003BVH863CGG6O4I13202931T00Z00000000000000000001UGZ9OG9OG0A1UG0V8
-------------------------------------------------------[2024-03-16 22:53:37.485]

SOURCE: AIR
RX_ID: 99, Freq: 131.825MHz
Mode: 2 NACKLabel: H1 Block ID: 9, Msg No: D89A
Flight ID: E459BH REG: SP-EXE


Message content:-
#DFBB03A     
APM     SP-EXE          ENT7823 EPKTHEMA160324022945,737789     ,BCG3AL2000002,.779,,444.4,251.9,,,-32.37,,,37002,,,157378,,,2381,2342,,, 85.01, 84.99,,,10.5,479.7,,,0,0,,0,0,,0,0,0,0,0,0,,, 36.1
-------------------------------------------------------[2024-03-16 22:53:44.215]

SOURCE: AIR
RX_ID: 100, Freq: 131.825MHz
Mode: 2 NACKLabel: H1 Block ID: 0, Msg No: D89B
Flight ID: E459BH REG: SP-EXE


Message content:-
#DFB968,,,  28.2410,,, 139.93,,, -5.1,,, 141.3,,,  0.021,-0.004,,,,6.865,,21660, 8500, 8467, 4687,,    0,,, 6202, 6145,,, 0.0,,,,,169160,,,,,,135560,,,33600, 8390, 8380,16810,,    -,,,  603265,  603868,,,,,, 13
-------------------------------------------------------[2024-03-16 22:53:51.602]

SOURCE: AIR
RX_ID: 101, Freq: 131.825MHz
Mode: 2 NACKLabel: H1 Block ID: 1, Msg No: D89C
Flight ID: E459BH REG: SP-EXE


Message content:-
#DFB5.258, 136.703,,,100.9,101.4,,  19,  19,,,,725.2,710.6,,,,,,,-58.4,,, -0.2,,,  0.1,,,  3.3,,, -1.7, 0.5, 0.5,  0.1, -0.4,,, -0.5,,  3.1,  3.5,,, 0.0, 0.5,,, 0.00,,, 0.00,,, 1.00,,,  0.008,,,

-------------------------------------------------------[2024-03-16 22:53:58.147]

SOURCE: AIR
RX_ID: 102, Freq: 131.825MHz
Mode: 2 NACKLabel: H1 Block ID: 3, Msg No: D90B
Flight ID: E459BH REG: SP-EXE


Message content:-
#DFB954,,,  32.7250,,, 158.50,,,-14.5,,, 144.0,,, -0.025,-0.003,,,,6.870,,15967, 7969, 7989,    0,,    0,,, 8916, 8813,,, 0.0,,,,,169160,,,,,,135560,,,33600, 8390, 8380,16810,,    -,,,  603265,  603868,,,,,, 15
-------------------------------------------------------[2024-03-16 22:54:12.484]

SOURCE: AIR
RX_ID: 103, Freq: 131.825MHz
Mode: 2 NACKLabel: H1 Block ID: 4, Msg No: D90C
Flight ID: E459BH REG: SP-EXE


Message content:-
#DFB4.292, 139.773,,,102.7,103.2,,  18,  18,,,,760.3,744.1,,,,,,,-48.2,,, -0.8,,,  0.1,,,  3.0,,, -1.8, 0.5, 0.5, -0.1, -0.2,,, -0.3,,  3.4,  3.8,,, 0.0, 0.5,,,-0.00,,,-0.00,,, 1.00,,, -0.052,,,

-------------------------------------------------------[2024-03-16 22:54:19.250]

SOURCE: AIR
RX_ID: 104, Freq: 131.825MHz
Mode: 2 NACKLabel: H1 Block ID: 5, Msg No: 112L
Flight ID: E459BH REG: SP-EXE


Message content:-
#T1B0A0000000000000000000000000000Z00000000000000000000000000000000Z00000000000000000001UGZ9OG9OG0341UG0V80A0000000000000000000000000000Z000000000000000000000000000000ZZZY0000ZZZZZZZZZZZZZZZZ0000000000000000000
-------------------------------------------------------[2024-03-16 22:54:26.199]

SOURCE: AIR
RX_ID: 105, Freq: 131.825MHz
Mode: 2 NACKLabel: H1 Block ID: 6, Msg No: D91A
Flight ID: E459BH REG: SP-EXE


Message content:-
#DFBB09A
SP-EXE  5387823EPKTHEMADC1603035131
  58 235603265603868BCG3A-L200-0002
 35676 1483258048910774 -195 -465 150520
0000000010
 62 16010112625 24  32  26 63 16101  17 74 30  25 36   8  22 62 27  24 2
-------------------------------------------------------[2024-03-16 22:54:33.987]

SOURCE: AIR
RX_ID: 106, Freq: 131.825MHz
Mode: 2 NACKLabel: H1 Block ID: 7, Msg No: D91B
Flight ID: E459BH REG: SP-EXE


Message content:-
#DFB7  13
 66 16210112625 24  32  26 66 16201  16 78 26  25 32   6  22 65 26  24 28  12
 69 16410112625 24  33  26 69 16201  16 81 25  25 29   5  23 70 26  24 28  11
 71 16710112625 24  35  26 71 16401  17 7
-------------------------------------------------------[2024-03-16 22:54:40.754]

SOURCE: AIR
RX_ID: 107, Freq: 131.725MHz
Mode: G NACKLabel: Q0 Block ID: 5, Msg No: S05A
Flight ID: MP8561 REG: PH-CKC


Message content:-

-------------------------------------------------------[2024-03-16 23:09:59.081]

SOURCE: AIR
RX_ID: 108, Freq: 131.725MHz
Mode: 2 NACKLabel: 15 Block ID: 4, Msg No: M13A
Flight ID: GS0001 REG: N26WJ


Message content:-
(2N44430E  5342312 35197-21(Z
-------------------------------------------------------[2024-03-16 23:51:28.153]

