SOURCE: AIR
RX_ID: 1843, Freq: 131.825MHz
Mode: 2 NACKLabel: 15 Block ID: 5, Msg No: M19A
Flight ID: BA2066 REG: G-VIIP


Message content:-
FST01DGAAEGKKN431230E0045153400 147 357 M54C10729634635842511600003420219
-------------------------------------------------------[2024-09-13 02:19:30.148]

SOURCE: AIR
RX_ID: 1844, Freq: 131.825MHz
Mode: 2 NACKLabel: 15 Block ID: 6, Msg No: M20A
Flight ID: BA2066 REG: G-VIIP


Message content:-
FST01DGAAEGKKN442884E0044685400 136 368 M49C 9230034835842711600003420229
-------------------------------------------------------[2024-09-13 02:29:30.222]

SOURCE: AIR
RX_ID: 1845, Freq: 131.825MHz
Mode: 2 NACKLabel: B6 Block ID: 8, Msg No: F35A
Flight ID: BA2066 REG: G-VIIP


Message content:-
/QUKAXBA.ADS.G-VIIP071F9A001962C9C45CCF9FF5B0
-------------------------------------------------------[2024-09-13 02:30:45.779]

SOURCE: AIR
RX_ID: 1846, Freq: 131.825MHz
Mode: 2 NACKLabel: 10 Block ID: 9, Msg No: M21A
Flight ID: BA2066 REG: G-VIIP


Message content:-
FTX01.FIC
LOC IIP
-------------------------------------------------------[2024-09-13 02:31:36.171]

SOURCE: AIR
RX_ID: 1847, Freq: 131.825MHz
Mode: 2 NACKLabel: 10 Block ID: 1, Msg No: M22A
Flight ID: BA2066 REG: G-VIIP


Message content:-
ARR01       EGKK0340                                   ------------00
-------------------------------------------------------[2024-09-13 02:32:56.226]

SOURCE: AIR
RX_ID: 1848, Freq: 131.825MHz
Mode: 2 NACKLabel: H1 Block ID: 2, Msg No: D29A
Flight ID: NW0202 REG: N829NW


Message content:-
#DFB239188202101010098105
R39/A33039,1,1
239N829NW202 091324023530806 4523   384380-16-46316 94AB0510 40160
 256 565-0001194310RG/9WKJFKLGAV
-------------------------------------------------------[2024-09-13 02:35:43.761]

SOURCE: AIR
RX_ID: 1849, Freq: 131.825MHz
Mode: 2 NACKLabel: 30 Block ID: 3, Msg No: M28A
Flight ID: NW0202 REG: N829NW


Message content:-
120230 KJFK LGAV7
/FN 0202
A      
SURE U CAN SND IT
-------------------------------------------------------[2024-09-13 02:36:44.177]

SOURCE: AIR
RX_ID: 1850, Freq: 131.825MHz
Mode: 2 NACKLabel: H1 Block ID: 6, Msg No: D30A
Flight ID: NW0240 REG: N830NW


Message content:-
#DFB239194102001010098063
R39/A33039,1,1
239N830NW240 091324023844817 4487   457389-18-48304 87AB0510 36560
 254 567-0011198400B020)KBOSLGAV
-------------------------------------------------------[2024-09-13 02:38:56.055]

SOURCE: AIR
RX_ID: 1851, Freq: 131.825MHz
Mode: 2 NACKLabel: 30 Block ID: 0, Msg No: M29A
Flight ID: NW0202 REG: N829NW


Message content:-
120230 KJFK LGAV7
/FN 0202
A      
THANKS
-------------------------------------------------------[2024-09-13 02:45:50.110]

SOURCE: AIR
RX_ID: 1852, Freq: 131.825MHz
Mode: 2 NACKLabel: H1 Block ID: 4, Msg No: D30A
Flight ID: NW0202 REG: N829NW


Message content:-
#DFB239188202201010098056
R39/A33039,1,1
239N829NW202 091324025530801 4349   746379-18-47292101AB0510 36360
 254 570 001123230030/9WKJFKLGAV
-------------------------------------------------------[2024-09-13 02:55:43.793]

SOURCE: AIR
RX_ID: 1853, Freq: 131.725MHz
Mode: E NACKLabel: H1 Block ID: 7, Msg No: D18A
Flight ID: KL0590 REG: PH-BVN


Message content:-
#DFB(POS-KLM590  -4350N00433E/025650 F360
RMK/FUEL  16.6 M0.82)
-------------------------------------------------------[2024-09-13 02:56:52.842]

SOURCE: AIR
RX_ID: 1854, Freq: 131.725MHz
Mode: G NACKLabel: B9 Block ID: 3, Msg No: J61A
Flight ID: AF0863 REG: F-GZCC


Message content:-
/LFPG.TI2/000LFPGA9F82
-------------------------------------------------------[2024-09-13 02:59:39.350]

SOURCE: AIR
RX_ID: 1855, Freq: 131.725MHz
Mode: G NACKLabel: 2F Block ID: 6, Msg No: M80A
Flight ID: AF0863 REG: F-GZCC


Message content:-
0300+4456+478/4094
DXXX/LFPG/39972//-48/0.81/169287/159873//URELO  //-61/091
-------------------------------------------------------[2024-09-13 03:00:38.928]

SOURCE: AIR
RX_ID: 1856, Freq: 131.725MHz
Mode: G NACKLabel: 16 Block ID: 5, Msg No: M08A
Flight ID: SN028A REG: OO-SFD


Message content:-
13SEP24,0303,N 43.160,E  6.617,37997,0420,30080
-------------------------------------------------------[2024-09-13 03:03:06.605]

SOURCE: AIR
RX_ID: 1857, Freq: 131.725MHz
Mode: G NACKLabel: 26 Block ID: 7, Msg No: M81A
Flight ID: AF0863 REG: F-GZCC


Message content:-
0306DXXXAF0863/130351LFPG26L
-------------------------------------------------------[2024-09-13 03:06:03.137]

SOURCE: AIR
RX_ID: 1858, Freq: 131.725MHz
Mode: G NACKLabel: 2F Block ID: 8, Msg No: M56A
Flight ID: AF0995 REG: F-GZNT


Message content:-
0306+4487+515/36134
FAOR/LFPG/36005/ -01/ -41/0.80/232243/219106/30.0/RUS-59 /ETR-58 / -48/  105
-------------------------------------------------------[2024-09-13 03:06:05.004]

SOURCE: AIR
RX_ID: 1859, Freq: 131.825MHz
Mode: 2 NACKLabel: H1 Block ID: 8, Msg No: F06A
Flight ID: QY1956 REG: OE-LNA


Message content:-
#M1BPOSN44509E004240,,031523,306,ELRUN,032111,SAURG,M33,310127,182,5461
-------------------------------------------------------[2024-09-13 03:15:25.095]

SOURCE: AIR
RX_ID: 1860, Freq: 131.825MHz
Mode: 2 NACKLabel: H1 Block ID: 8, Msg No: F06A
Flight ID: QY1956 REG: OE-LNA


Message content:-
#M1BPOSN44509E004240,,031523,306,ELRUN,032111,SAURG,M33,310127,182,5461
-------------------------------------------------------[2024-09-13 03:15:45.138]

SOURCE: AIR
RX_ID: 1861, Freq: 131.850MHz
Mode: 2 NACKLabel: H1 Block ID: 1, Msg No: F07A
Flight ID: QY1956 REG: OE-LNA


Message content:-
#M1BPOSN43265E005130,VENTA,032802,80,LACAZ,032805,IBILI,P2,33038,177,E00D
-------------------------------------------------------[2024-09-13 03:28:05.285]

SOURCE: AIR
RX_ID: 1862, Freq: 131.725MHz
Mode: G NACKLabel: 16 Block ID: 7, Msg No: M56A
Flight ID: SN04KE REG: OO-SFX


Message content:-
13SEP24,0340,N 44.169,E  4.903,39989,0455,30880
-------------------------------------------------------[2024-09-13 03:40:14.631]

SOURCE: AIR
RX_ID: 1863, Freq: 131.725MHz
Mode: G ACK, A2GLabel: 16 Block ID: 7, Msg No: M56A
Flight ID: SN04KE REG: OO-SFX


Message content:-
13SEP24,0340,N 44.169,E  4.903,39989,0455,30880
-------------------------------------------------------[2024-09-13 03:40:17.520]

SOURCE: AIR
RX_ID: 1864, Freq: 131.725MHz
Mode: G NACKLabel: H1 Block ID: 8, Msg No: F17A
Flight ID: SN04KE REG: OO-SFX


Message content:-
#M1BRESPWI/AK,71605F
-------------------------------------------------------[2024-09-13 03:40:20.593]

SOURCE: AIR
RX_ID: 1865, Freq: 131.725MHz
Mode: G NACKLabel: H1 Block ID: 0, Msg No: F18A
Flight ID: SN04KE REG: OO-SFX


Message content:-
#M1BRESPWI/AC,3018259
-------------------------------------------------------[2024-09-13 03:40:26.516]

SOURCE: AIR
RX_ID: 1866, Freq: 131.725MHz
Mode: E NACKLabel: H1 Block ID: 9, Msg No: F14A
Flight ID: SN038K REG: OO-SFE


Message content:-
#M1BRESPWI/AC,3018259
-------------------------------------------------------[2024-09-13 03:47:09.353]

SOURCE: AIR
RX_ID: 1867, Freq: 131.825MHz
Mode: 2 NACKLabel: B9 Block ID: 1, Msg No: M25A
Flight ID: NW0182 REG: N815NW


Message content:-
/LIRF.TI2/040LIRFAD7FB
-------------------------------------------------------[2024-09-13 04:02:13.331]

SOURCE: AIR
RX_ID: 1868, Freq: 131.725MHz
Mode: G NACKLabel: 4H Block ID: 8, Msg No: M62A
Flight ID: DL0232 REG: N172DZ


Message content:-
12044H KJFK LIRN6
  
WPR RESET





-------------------------------------------------------[2024-09-13 04:03:40.445]

SOURCE: AIR
RX_ID: 1869, Freq: 131.725MHz
Mode: G ACK, A2GLabel: H1 Block ID: 0, Msg No: F20A
Flight ID: DL0232 REG: N172DZ


Message content:-
#M2BREJPOS,040351,130,219,RF101,ADATU.130,219,RF101,BTA.130,219,RF101,DOKARB4B4
-------------------------------------------------------[2024-09-13 04:03:54.565]

SOURCE: AIR
RX_ID: 1870, Freq: 131.725MHz
Mode: G NACKLabel: B9 Block ID: 1, Msg No: M63A
Flight ID: DL0232 REG: N172DZ


Message content:-
/LIRN.TI2/024LIRNAF9D6
-------------------------------------------------------[2024-09-13 04:04:45.765]

SOURCE: AIR
RX_ID: 1871, Freq: 131.725MHz
Mode: X NACKLabel: B9 Block ID: 3, Msg No: L71A
Flight ID: P47578 REG: 5N-BVE


Message content:-
/EGKK.TI2/046EGKKAFB92
-------------------------------------------------------[2024-09-13 04:06:58.080]

SOURCE: AIR
RX_ID: 1872, Freq: 131.725MHz
Mode: X NACKLabel: 16 Block ID: 7, Msg No: M41A
Flight ID: P47578 REG: 5N-BVE


Message content:-
POSA1N43955E  4486,MRM-16 ,040551,380,MTL-17 ,041555,,-49,114, 211,849
-------------------------------------------------------[2024-09-13 04:10:53.198]

SOURCE: AIR
RX_ID: 1873, Freq: 131.525MHz
Mode: T NACKLabel: 2F Block ID: 0, Msg No: M11A
Flight ID: AF7315 REG: F-GMZE


Message content:-
0432+4448+644/2662
-------------------------------------------------------[2024-09-13 04:32:16.718]

SOURCE: AIR
RX_ID: 1874, Freq: 131.825MHz
Mode: 2 NACKLabel: 2F Block ID: 7, Msg No: M85A
Flight ID: AF0947 REG: F-GZCE


Message content:-
0432+4414+521/40106
FKKD/LFPG/39982//-51/0.81/166439/155773//DJL    //-58/090
-------------------------------------------------------[2024-09-13 04:33:14.030]

SOURCE: AIR
RX_ID: 1875, Freq: 131.525MHz
Mode: T NACKLabel: H1 Block ID: 2, Msg No: D12B
Flight ID: AF7315 REG: F-GMZE


Message content:-
#DFB/5C0262,166,N1013,075332,008/C64367,0726,01704,0147,298/6C0276,175,00115,XXXXXX,014/C74365,0727,02395,0132,333/7C0043,176,N0009,075241,013/C84364,0728,03137,0112,327/8CN030,173,N1389,075151,011/C94362,0730,
-------------------------------------------------------[2024-09-13 04:33:38.460]

SOURCE: AIR
RX_ID: 1876, Freq: 131.525MHz
Mode: T NACKLabel: H1 Block ID: 3, Msg No: D12C
Flight ID: AF7315 REG: F-GMZE


Message content:-
#DFB03398,0097,318/9C0165,195,00352,075296,012/C04360,0730,03657,0087,314/0C0274,221,00466,075459,014/E14358,0728,04199,0077,341/1E0284,234,00211,075350,010/E24358,0726,05118,0057,296/2E0170,238,00389,075332,00
-------------------------------------------------------[2024-09-13 04:33:42.336]

SOURCE: AIR
RX_ID: 1877, Freq: 131.525MHz
Mode: T NACKLabel: H1 Block ID: 6, Msg No: D12F
Flight ID: AF7315 REG: F-GMZE


Message content:-
#DFB306/0E0240,236,N0755,075368,013/N14367,XXXXX,12524,N102,272/1N0053,237,N0103,075441,018/N24369,0700,13236,N105,292/2NN147,244,N0164,075332,023/N34372,0699,13979,N120,290/3NN016,244,N0048,075332,020/N44374,0
-------------------------------------------------------[2024-09-13 04:33:53.603]

SOURCE: AIR
RX_ID: 1878, Freq: 131.525MHz
Mode: T NACKLabel: H1 Block ID: 7, Msg No: D12G
Flight ID: AF7315 REG: F-GMZE


Message content:-
#DFB698,14283,N127,295/4NN004,258,00108,075405,018/N54376,0695,14601,N137,294/5NN002,271,00113,075314,019/N64379,0694,14904,N147,297/6NN003,284,N0091,075296,018/N74382,0692,15223,N157,297/7NN000,294,00411,07527
-------------------------------------------------------[2024-09-13 04:33:57.514]

SOURCE: AIR
RX_ID: 1879, Freq: 131.525MHz
Mode: T NACKLabel: H1 Block ID: 9, Msg No: D12I
Flight ID: AF7315 REG: F-GMZE


Message content:-
#DFB95,00668,075260,029/S24396,0681,19228,N257,298/2SN004,277,N0650,075151,028/S34399,0679,20068,N282,291/3SN004,272,N0151,075133,029/S44402,0677,20722,N290,295/4SN000,274,00080,075096,034/S54404,0675,21417,N30
-------------------------------------------------------[2024-09-13 04:34:29.257]

SOURCE: AIR
RX_ID: 1880, Freq: 131.525MHz
Mode: T NACKLabel: H1 Block ID: 0, Msg No: D12J
Flight ID: AF7315 REG: F-GMZE


Message content:-
#DFB5,296/5SN004,272,00083,075169,035/S64408,0673,22114,N320,299/6S0001,271,00034,075042,039/S74411,0671,22829,N317,301/7SN003,272,N0880,075024,046/S84413,0669,23138,N327,302/8SN001,279,00009,075078,046/S94416,
-------------------------------------------------------[2024-09-13 04:34:32.916]

SOURCE: AIR
RX_ID: 1881, Freq: 131.850MHz
Mode: 2 NACKLabel: 2F Block ID: 7, Msg No: M88A
Flight ID: AF0975 REG: F-GZCF


Message content:-
0442+4328+522/38121
FKYS/LFPG/38009//-52/0.80/172317/160181//DJL    //-65/104
-------------------------------------------------------[2024-09-13 04:42:56.257]

SOURCE: AIR
RX_ID: 1882, Freq: 131.825MHz
Mode: 2 NACKLabel: B9 Block ID: 8, Msg No: J19A
Flight ID: AF0975 REG: F-GZCF


Message content:-
/LFPG.TI2/000LFPGA9F82
-------------------------------------------------------[2024-09-13 04:51:51.410]

SOURCE: AIR
RX_ID: 1883, Freq: 131.725MHz
Mode: G NACKLabel: H1 Block ID: 9, Msg No: F99A
Flight ID: DL0028 REG: N836MH


Message content:-
#M1BPOSN44298E005045,NISAR,051830,340,XIRBI,051937,DOTIG,M39,299111,235,8021812
-------------------------------------------------------[2024-09-13 05:18:32.634]

SOURCE: AIR
RX_ID: 1884, Freq: 131.725MHz
Mode: G NACKLabel: H1 Block ID: 5, Msg No: F65A
Flight ID: SS0985 REG: F-HSKY


Message content:-
#M1B/ORYCASS ORYCZSS.RESREQ/AK,115/GAORYCASS.ORYCZSS/TS052110,1309249766
-------------------------------------------------------[2024-09-13 05:21:11.755]

SOURCE: AIR
RX_ID: 1885, Freq: 131.725MHz
Mode: G NACKLabel: H1 Block ID: 0, Msg No: D19A
Flight ID: DL0028 REG: N836MH


Message content:-
#DFB142GE4 ENGINE EXCEEDANCE REPORT RIGHT
AID:N1812  DA:13/09  GMT:05:19  FNO:1655
TAT: -7.6  SAT:-37.3 ALT: 32228 MACH:0.794
GW:308160  MODE:DESC CITY:KJFK:LFMN
S/N L:707000 S/N R:707000
           ENG L 
-------------------------------------------------------[2024-09-13 05:21:59.079]

SOURCE: AIR
RX_ID: 1886, Freq: 131.725MHz
Mode: G NACKLabel: H1 Block ID: 1, Msg No: D19B
Flight ID: DL0028 REG: N836MH


Message content:-
#DFB ENG R
N1          44.4   44.3  LIMIT   4.0
N2          74.4   74.4  REASON N2VBR 
EGT          337    339  OVER LIM SEC  49
FF           680    656  PEAK   4.7
TLA         34.6   34.1
OIP           3
-------------------------------------------------------[2024-09-13 05:22:03.176]

SOURCE: AIR
RX_ID: 1887, Freq: 131.725MHz
Mode: G NACKLabel: H1 Block ID: 2, Msg No: D19C
Flight ID: DL0028 REG: N836MH


Message content:-
#DFB6     35
OIT          104    109
OIQ        14.88  15.09
VIB FAN      0.1    0.1
VIB LPT      0.1    0.1
VIB N2       1.4    4.0
EGT SENSOR   336    337

-------------------------------------------------------[2024-09-13 05:22:07.271]

SOURCE: AIR
RX_ID: 1888, Freq: 131.725MHz
Mode: G NACKLabel: H1 Block ID: 3, Msg No: D20A
Flight ID: DL0028 REG: N836MH


Message content:-
#DFBTRP 052310  44.0114    5.7620 222 308.0 481 0.133 0.01981
  83.5  310.43  1.430  0.904  0.004 -0.036 -24 00 00 347 0.134  1.02 
0

-------------------------------------------------------[2024-09-13 05:24:13.004]

SOURCE: AIR
RX_ID: 1889, Freq: 131.725MHz
Mode: G NACKLabel: H1 Block ID: 4, Msg No: D21A
Flight ID: DL0028 REG: N836MH


Message content:-
#DFBENGINE BLEED REPORT

AID:N1812  DA:13/09    GMT:05:24    FNO:1730      ISFC: 1178
TAT:  17  SAT:-233   ALT: 19096   MACH:0706    FCNT:   28
GW:308000  FLT:0028-1  MODE:DESC    SID:AK-67-223
S/N L:70700
-------------------------------------------------------[2024-09-13 05:25:00.109]

SOURCE: AIR
RX_ID: 1890, Freq: 131.725MHz
Mode: G NACKLabel: H1 Block ID: 6, Msg No: D21C
Flight ID: DL0028 REG: N836MH


Message content:-
#DFB
N1 SPD          4024     4025
HI STG PRESS    4350     4300
INTERM PRESS1    3405     3259
INTERM PRESS2    3350     3281
STRUT OVHT     NRML      NRML
DUCT PRESS       3138     3213
P-COOL TEMP    
-------------------------------------------------------[2024-09-13 05:25:08.922]

SOURCE: AIR
RX_ID: 1891, Freq: 131.725MHz
Mode: G NACKLabel: H1 Block ID: 7, Msg No: D21D
Flight ID: DL0028 REG: N836MH


Message content:-
#DFB35697    35906
PACK HX TEMP    33275    33663
PACK FLOW       11525    12995
WING ANTI ICE  OFF
LT  ISO VLV    CLS
RT  ISO VLV    CLS
CTR ISO VLV    OPN

TRIGGER CODE   0000

STATUS WORDS  DW1  DW
-------------------------------------------------------[2024-09-13 05:25:12.616]

SOURCE: AIR
RX_ID: 1892, Freq: 131.725MHz
Mode: G NACKLabel: H1 Block ID: 8, Msg No: D21E
Flight ID: DL0028 REG: N836MH


Message content:-
#DFB2  DW3  DW4  DW5  DW6  DW7  DW8  EICAS
LEFT          0000 0001 0000 0000 0000 0000 1040 0000 0000
RIGHT         0000 0001 0000 0000 0000 0000 1040 0000 0000

-------------------------------------------------------[2024-09-13 05:25:16.309]

SOURCE: AIR
RX_ID: 1893, Freq: 131.725MHz
Mode: G NACKLabel: B9 Block ID: 9, Msg No: L26A
Flight ID: DL0028 REG: N836MH


Message content:-
/LFMN.TI2/024LFMNC6228
-------------------------------------------------------[2024-09-13 05:25:37.996]

SOURCE: AIR
RX_ID: 1894, Freq: 131.725MHz
Mode: G NACKLabel: H1 Block ID: 2, Msg No: F67A
Flight ID: SS0985 REG: F-HSKY


Message content:-
#M1B/ORYCASS ORYCZSS.RESREQ/AK,115/GAORYCASS.ORYCZSS/TS053006,13092438F4
-------------------------------------------------------[2024-09-13 05:30:07.753]

SOURCE: AIR
RX_ID: 1895, Freq: 131.825MHz
Mode: 2 NACKLabel: 32 Block ID: 3, Msg No: M29A
Flight ID: NW0206 REG: N826NW


Message content:-
120532 KDTW LIRF8
/FN 0206
         16R                                
-------------------------------------------------------[2024-09-13 05:43:30.907]

SOURCE: AIR
RX_ID: 1896, Freq: 131.825MHz
Mode: 2 NACKLabel: 32 Block ID: 7, Msg No: M30A
Flight ID: NW0206 REG: N826NW


Message content:-
120532 KDTW LIRF8
/FN 0206
         16L                                
-------------------------------------------------------[2024-09-13 05:43:51.034]

SOURCE: AIR
RX_ID: 1897, Freq: 131.825MHz
Mode: 2 NACKLabel: 5U Block ID: 0, Msg No: M89A
Flight ID: AA0720 REG: N791AN


Message content:-
OS LIRF /WXRLIRF
-------------------------------------------------------[2024-09-13 06:06:57.822]

SOURCE: AIR
RX_ID: 1898, Freq: 131.825MHz
Mode: 2 NACKLabel: 5Z Block ID: 4, Msg No: M90A
Flight ID: AA0720 REG: N791AN


Message content:-
OS LIRF /FTM
CAN YOU SEE WHICH WAY
FCO IS LANDING
-------------------------------------------------------[2024-09-13 06:11:33.279]

SOURCE: AIR
RX_ID: 1899, Freq: 131.825MHz
Mode: 2 NACKLabel: 5Z Block ID: 5, Msg No: M91A
Flight ID: AA0720 REG: N791AN


Message content:-
OS LIRF /FTM
9005
-------------------------------------------------------[2024-09-13 06:11:58.258]

SOURCE: AIR
RX_ID: 1900, Freq: 131.825MHz
Mode: 2 NACKLabel: 5D Block ID: 6, Msg No: M92A
Flight ID: AA0720 REG: N791AN


Message content:-
LIRFA046
-------------------------------------------------------[2024-09-13 06:12:11.387]

SOURCE: AIR
RX_ID: 1901, Freq: 131.825MHz
Mode: 2 NACKLabel: 5Z Block ID: 9, Msg No: M93A
Flight ID: AA0720 REG: N791AN


Message content:-
OS LIRF /ALT00000710
-------------------------------------------------------[2024-09-13 06:12:32.051]

SOURCE: AIR
RX_ID: 1902, Freq: 131.825MHz
Mode: 2 NACKLabel: 5D Block ID: 0, Msg No: M94A
Flight ID: AA0720 REG: N791AN


Message content:-
LIRFA046
-------------------------------------------------------[2024-09-13 06:12:34.319]

SOURCE: AIR
RX_ID: 1903, Freq: 131.825MHz
Mode: 2 ACK, A2GLabel: 5D Block ID: 0, Msg No: M94A
Flight ID: AA0720 REG: N791AN


Message content:-
LIRFA046
-------------------------------------------------------[2024-09-13 06:12:37.170]

SOURCE: AIR
RX_ID: 1904, Freq: 131.825MHz
Mode: 2 NACKLabel: H1 Block ID: 3, Msg No: D25A
Flight ID: AA0720 REG: N791AN


Message content:-
#DFBTRP KCLT LIRF 07  8 583   5  0 060115
 45.6818   0.6530370024365604900.0240.016 93.50 -43.59 54040-49 217OFF
 45.6013   1.3111370004358404880.0200.016101.25 -40.78 53360-49 217OFF
 45.5172   1.9672370004
-------------------------------------------------------[2024-09-13 06:13:19.155]

SOURCE: AIR
RX_ID: 1905, Freq: 131.825MHz
Mode: 2 NACKLabel: H1 Block ID: 4, Msg No: D25B
Flight ID: AA0720 REG: N791AN


Message content:-
#DFB351604800.0120.008110.62 -45.70 52640-49 217OFF
 45.4269   2.6328370044344004860.0490.024106.00 -53.09 51920-45 217OFF
 45.2469   3.2772369944336804960.0210.015106.25 -47.11 51160-43 217OFF
-------------------------------------------------------[2024-09-13 06:13:26.761]

SOURCE: AIR
RX_ID: 1906, Freq: 131.825MHz
Mode: 2 NACKLabel: 16 Block ID: 5, Msg No: M95A
Flight ID: AA0720 REG: N791AN


Message content:-
POSA1N44013E  6293,KOLON  ,060844,370,BTA    ,063248,,-44,101, 473,842
-------------------------------------------------------[2024-09-13 06:16:19.379]

SOURCE: AIR
RX_ID: 1907, Freq: 131.825MHz
Mode: 2 NACKLabel: H1 Block ID: 7, Msg No: D03B
Flight ID: BA0341 REG: G-EUUO


Message content:-
#DFB))))))))))))))))))))
))))))))))))))))))))))

-------------------------------------------------------[2024-09-13 06:19:44.402]

SOURCE: AIR
RX_ID: 1908, Freq: 131.825MHz
Mode: 2 NACKLabel: H1 Block ID: 8, Msg No: D04A
Flight ID: BA0341 REG: G-EUUO


Message content:-
#DFB/QUKAXBA HFDPWCR.A320,014442,1,1,TB000000/REP004,00,00,1/CCG-EUUO,SEP13,061128,LFMN,EGLL,0341/C0TIA050BA190219/C105,70704,4000,48,0010,0,0100,48,X/CE0185,00668,158,241,6377,330,I21A19/EC011240,47978,30795,2
-------------------------------------------------------[2024-09-13 06:19:50.949]

SOURCE: AIR
RX_ID: 1909, Freq: 131.825MHz
Mode: 2 NACKLabel: H1 Block ID: 9, Msg No: D04B
Flight ID: BA0341 REG: G-EUUO


Message content:-
#DFB3/EE010794,45951,35307,23/N101,00,00,00,00,00,00,00,01,4925,4930/N201,00,00,00,00,00,00,00,01,4935,4940/S11305,4925,0821,0904,3506,1416,1304/S21304,4935,0818,0907,3488,1416,1304/T13371,4833,029,14934,0186,1
-------------------------------------------------------[2024-09-13 06:19:57.502]

SOURCE: AIR
RX_ID: 1910, Freq: 131.825MHz
Mode: 2 NACKLabel: SA Block ID: 5, Msg No: S54A
Flight ID: BA0341 REG: G-EUUO


Message content:-
0EV062855V
-------------------------------------------------------[2024-09-13 06:28:56.744]

SOURCE: AIR
RX_ID: 1911, Freq: 131.825MHz
Mode: 2 NACKLabel: SA Block ID: 5, Msg No: S54A
Flight ID: BA0341 REG: G-EUUO


Message content:-
0EV062855V
-------------------------------------------------------[2024-09-13 06:29:12.726]

SOURCE: AIR
RX_ID: 1912, Freq: 131.825MHz
Mode: 2 NACKLabel: B9 Block ID: 9, Msg No: M13A
Flight ID: BA0341 REG: G-EUUO


Message content:-
/EGLL.TI2/040EGLLA6A74
-------------------------------------------------------[2024-09-13 06:33:23.611]

SOURCE: AIR
RX_ID: 1913, Freq: 131.825MHz
Mode: 2 ACK, A2GLabel: H1 Block ID: 3, Msg No: D05B
Flight ID: BA0341 REG: G-EUUO


Message content:-
#DFB3,070,097/EE010794,45951,35307,B3,070,100/N12,0015,-003,14,00088,00000,345/S11127,4175,0731,0850,0913,198,1176/T11138,4305,0731,0861,0966,212,1176/S21180,4190,0757,0861,1016,198,1249/T21184,4365,0753,0871,1
-------------------------------------------------------[2024-09-13 06:33:54.334]

SOURCE: AIR
RX_ID: 1914, Freq: 131.825MHz
Mode: 2 ACK, A2GLabel: B9 Block ID: 4, Msg No: M15A
Flight ID: BA0341 REG: G-EUUO


Message content:-
/EGLL.TI2/040EGLLA6A74
-------------------------------------------------------[2024-09-13 06:34:00.694]

SOURCE: AIR
RX_ID: 1915, Freq: 131.825MHz
Mode: 2 ACK, A2GLabel: H1 Block ID: 5, Msg No: D05C
Flight ID: BA0341 REG: G-EUUO


Message content:-
#DFB053,212,1249/S31250,4220,0795,0869,1139,198,1328/T31264,4405,0793,0879,1172,211,1328/S41320,4235,0826,0885,1290,198,1437/T41330,4405,0821,0889,1302,211,1437/S51407,4315,0863,0903,1513,198,1442/T51403,4445,0
-------------------------------------------------------[2024-09-13 06:34:07.862]

SOURCE: AIR
RX_ID: 1916, Freq: 131.825MHz
Mode: 2 NACKLabel: H1 Block ID: 5, Msg No: D05C
Flight ID: BA0341 REG: G-EUUO


Message content:-
#DFB053,212,1249/S31250,4220,0795,0869,1139,198,1328/T31264,4405,0793,0879,1172,211,1328/S41320,4235,0826,0885,1290,198,1437/T41330,4405,0821,0889,1302,211,1437/S51407,4315,0863,0903,1513,198,1442/T51403,4445,0
-------------------------------------------------------[2024-09-13 06:34:22.198]

SOURCE: AIR
RX_ID: 1917, Freq: 131.825MHz
Mode: 2 ACK, A2GLabel: H1 Block ID: 6, Msg No: D05D
Flight ID: BA0341 REG: G-EUUO


Message content:-
#DFB853,0906,1484,210,1442/S61436,4420,0877,0908,1648,198,1443/T61433,4515,0867,0912,1610,210,1443/S71445,4490,0882,0910,1689,198,1443/T71444,4565,0872,0914,1649,210,1443/:
-------------------------------------------------------[2024-09-13 06:34:24.648]

SOURCE: AIR
RX_ID: 1918, Freq: 131.725MHz
Mode: G NACKLabel: H1 Block ID: 4, Msg No: D12A
Flight ID: KL0592 REG: PH-BVD


Message content:-
#DFB(POS-KLM592  -4359N00502E/065850 F380
RMK/FUEL  16.2 M0.84)
-------------------------------------------------------[2024-09-13 06:58:52.926]

