SOURCE: AIR
RX_ID: 0, Freq: 131.525MHz
Mode: T ACK, A2GLabel: _d Block ID: 0, Msg No: S87A
Flight ID: AF7302 REG: F-GMZC


Message content:-

-------------------------------------------------------[2024-02-03 08:38:15.211]

SOURCE: AIR
RX_ID: 1, Freq: 131.525MHz
Mode: T NACKLabel: 26 Block ID: 1, Msg No: M43A
Flight ID: AF7302 REG: F-GMZC


Message content:-
0845LFPGAF7302/030900LFMN04R
-------------------------------------------------------[2024-02-03 08:45:04.409]

SOURCE: AIR
RX_ID: 2, Freq: 131.725MHz
Mode: 2 NACKLabel: Q0 Block ID: 6, Msg No: S20A
Flight ID: AH1156 REG: 7T-VKE


Message content:-

-------------------------------------------------------[2024-02-03 09:09:16.992]

SOURCE: AIR
RX_ID: 3, Freq: 131.725MHz
Mode: E NACKLabel: Q0 Block ID: 7, Msg No: M11A
Flight ID: AH1156 REG: 7T-VKE


Message content:-

-------------------------------------------------------[2024-02-03 09:09:22.550]

SOURCE: AIR
RX_ID: 4, Freq: 131.725MHz
Mode: E NACKLabel: B9 Block ID: 8, Msg No: L02A
Flight ID: AH1156 REG: 7T-VKE


Message content:-
/LFLL.TI2/024LFLLA1338
-------------------------------------------------------[2024-02-03 09:09:27.231]

SOURCE: AIR
RX_ID: 5, Freq: 131.725MHz
Mode: E NACKLabel: B9 Block ID: 9, Msg No: L03A
Flight ID: AH1156 REG: 7T-VKE


Message content:-
/LFLL.TI2/024LFLLA1338
-------------------------------------------------------[2024-02-03 09:09:32.169]

SOURCE: AIR
RX_ID: 6, Freq: 131.725MHz
Mode: E ACK, A2GLabel: B9 Block ID: 0, Msg No: L04A
Flight ID: AH1156 REG: 7T-VKE


Message content:-
/LFLL.TI2/024LFLLA1338
-------------------------------------------------------[2024-02-03 09:09:43.030]

SOURCE: AIR
RX_ID: 7, Freq: 131.725MHz
Mode: E ACK, A2GLabel: SA Block ID: 1, Msg No: M12A
Flight ID: AH1156 REG: 7T-VKE


Message content:-
0EV090920V
-------------------------------------------------------[2024-02-03 09:09:47.529]

SOURCE: AIR
RX_ID: 8, Freq: 131.725MHz
Mode: E ACK, A2GLabel: _d Block ID: 2, Msg No: S21A
Flight ID: AH1156 REG: 7T-VKE


Message content:-

-------------------------------------------------------[2024-02-03 09:09:51.005]

SOURCE: AIR
RX_ID: 9, Freq: 131.725MHz
Mode: E ACK, A2GLabel: _d Block ID: 3, Msg No: S22A
Flight ID: AH1156 REG: 7T-VKE


Message content:-

-------------------------------------------------------[2024-02-03 09:09:54.880]

SOURCE: AIR
RX_ID: 10, Freq: 131.725MHz
Mode: E ACK, A2GLabel: _d Block ID: 4, Msg No: S23A
Flight ID: AH1156 REG: 7T-VKE


Message content:-

-------------------------------------------------------[2024-02-03 09:09:58.792]

SOURCE: AIR
RX_ID: 11, Freq: 131.725MHz
Mode: E ACK, A2GLabel: _d Block ID: 5, Msg No: S24A
Flight ID: AH1156 REG: 7T-VKE


Message content:-

-------------------------------------------------------[2024-02-03 09:10:01.864]

SOURCE: AIR
RX_ID: 12, Freq: 131.725MHz
Mode: E ACK, A2GLabel: _d Block ID: 6, Msg No: S25A
Flight ID: AH1156 REG: 7T-VKE


Message content:-

-------------------------------------------------------[2024-02-03 09:10:05.339]

SOURCE: AIR
RX_ID: 13, Freq: 131.725MHz
Mode: E ACK, A2GLabel: _d Block ID: 7, Msg No: S26A
Flight ID: AH1156 REG: 7T-VKE


Message content:-

-------------------------------------------------------[2024-02-03 09:10:09.655]

SOURCE: AIR
RX_ID: 14, Freq: 131.725MHz
Mode: E ACK, A2GLabel: _d Block ID: 8, Msg No: S27A
Flight ID: AH1156 REG: 7T-VKE


Message content:-

-------------------------------------------------------[2024-02-03 09:10:13.130]

SOURCE: AIR
RX_ID: 15, Freq: 131.725MHz
Mode: G NACKLabel: 5V Block ID: 0, Msg No: S29A
Flight ID: AH1156 REG: 7T-VKE


Message content:-

-------------------------------------------------------[2024-02-03 09:14:24.338]

SOURCE: AIR
RX_ID: 16, Freq: 131.725MHz
Mode: 2 NACKLabel: Q0 Block ID: 4, Msg No: S25A
Flight ID: AH1460 REG: 7T-VJK


Message content:-

-------------------------------------------------------[2024-02-03 09:35:58.681]

SOURCE: AIR
RX_ID: 17, Freq: 131.725MHz
Mode: E NACKLabel: SA Block ID: 5, Msg No: M14A
Flight ID: AH1460 REG: 7T-VJK


Message content:-
0EV093600VS
-------------------------------------------------------[2024-02-03 09:36:02.775]

SOURCE: AIR
RX_ID: 18, Freq: 131.725MHz
Mode: E NACKLabel: 5V Block ID: 6, Msg No: S26A
Flight ID: AH1460 REG: 7T-VJK


Message content:-

-------------------------------------------------------[2024-02-03 09:36:22.264]

SOURCE: AIR
RX_ID: 19, Freq: 131.725MHz
Mode: G NACKLabel: Q0 Block ID: 6, Msg No: S29A
Flight ID: CC2608 REG: TF-AMM


Message content:-

-------------------------------------------------------[2024-02-03 10:01:44.845]

SOURCE: AIR
RX_ID: 20, Freq: 131.725MHz
Mode: 2 NACKLabel: Q0 Block ID: 9, Msg No: S47A
Flight ID: AH1039 REG: 7T-VKE


Message content:-

-------------------------------------------------------[2024-02-03 11:07:29.665]

SOURCE: AIR
RX_ID: 21, Freq: 131.725MHz
Mode: 2 NACKLabel: Q0 Block ID: 5, Msg No: S51A
Flight ID: AH1039 REG: 7T-VKE


Message content:-

-------------------------------------------------------[2024-02-03 11:12:14.277]

SOURCE: AIR
RX_ID: 22, Freq: 131.725MHz
Mode: 2 NACKLabel: SA Block ID: 6, Msg No: M29A
Flight ID: AH1039 REG: 7T-VKE


Message content:-
0EV111216V
-------------------------------------------------------[2024-02-03 11:12:18.433]

SOURCE: AIR
RX_ID: 23, Freq: 131.725MHz
Mode: 2 NACKLabel: 5V Block ID: 7, Msg No: S52A
Flight ID: AH1039 REG: 7T-VKE


Message content:-

-------------------------------------------------------[2024-02-03 11:12:43.338]

SOURCE: AIR
RX_ID: 24, Freq: 131.725MHz
Mode: 2 NACKLabel: SA Block ID: 9, Msg No: M30A
Flight ID: AH1039 REG: 7T-VKE


Message content:-
0EV111659V
-------------------------------------------------------[2024-02-03 11:17:00.835]

SOURCE: AIR
RX_ID: 25, Freq: 131.725MHz
Mode: G NACKLabel: Q0 Block ID: 0, Msg No: S54A
Flight ID: AH1039 REG: 7T-VKE


Message content:-

-------------------------------------------------------[2024-02-03 11:17:05.371]

SOURCE: AIR
RX_ID: 26, Freq: 131.725MHz
Mode: G NACKLabel: 5V Block ID: 1, Msg No: S55A
Flight ID: AH1039 REG: 7T-VKE


Message content:-

-------------------------------------------------------[2024-02-03 11:17:29.470]

SOURCE: AIR
RX_ID: 27, Freq: 131.725MHz
Mode: X NACKLabel: SA Block ID: 4, Msg No: M31A
Flight ID: AH1039 REG: 7T-VKE


Message content:-
0EV112117V
-------------------------------------------------------[2024-02-03 11:21:23.855]

SOURCE: AIR
RX_ID: 28, Freq: 131.825MHz
Mode: 2 NACKLabel: Q0 Block ID: 6, Msg No: S34A
Flight ID: VY01QU REG: EC-LOB


Message content:-

-------------------------------------------------------[2024-02-03 11:54:12.754]

SOURCE: AIR
RX_ID: 29, Freq: 131.825MHz
Mode: 2 NACKLabel: H1 Block ID: 7, Msg No: C08A
Flight ID: VY01QU REG: EC-LOB


Message content:-
#CFBWRN/WN24020311540046200006DATALINK COMPANY FAULT  
-------------------------------------------------------[2024-02-03 11:54:18.901]

SOURCE: AIR
RX_ID: 30, Freq: 131.825MHz
Mode: 2 NACKLabel: 5V Block ID: 8, Msg No: S35A
Flight ID: VY01QU REG: EC-LOB


Message content:-

-------------------------------------------------------[2024-02-03 11:54:46.475]

SOURCE: AIR
RX_ID: 31, Freq: 131.725MHz
Mode: 2 NACKLabel: Q0 Block ID: 8, Msg No: M58A
Flight ID: XA0000 REG: N5883


Message content:-

-------------------------------------------------------[2024-02-03 12:12:15.158]

SOURCE: AIR
RX_ID: 32, Freq: 131.725MHz
Mode: G NACKLabel: 16 Block ID: 7, Msg No: M37A
Flight ID: FR65XT REG: EI-DYV


Message content:-
123618,,1335, 151,N   .    MMMM.MMM
-------------------------------------------------------[2024-02-03 12:36:20.057]

SOURCE: AIR
RX_ID: 33, Freq: 131.725MHz
Mode: X NACKLabel: Q0 Block ID: 9, Msg No: S58A
Flight ID: CC2612 REG: TF-AMM


Message content:-

-------------------------------------------------------[2024-02-03 14:31:22.213]

SOURCE: AIR
RX_ID: 34, Freq: 131.725MHz
Mode: X NACKLabel: H1 Block ID: 0, Msg No: D07A
Flight ID: CC2612 REG: TF-AMM


Message content:-
#DFB0101B7472612TF-AMM03FEB24141949EBLGHKJKN45421E006022D0001
LCMD009803010002004000002000
ROFF009802000002004000002000
COFF009802000002004000002000
-32.25-32.25-32.25039000038976038975.847.846.847264.3264.
-------------------------------------------------------[2024-02-03 14:38:53.070]

SOURCE: AIR
RX_ID: 35, Freq: 131.725MHz
Mode: G NACKLabel: Q0 Block ID: 1, Msg No: S87A
Flight ID: 7L9938 REG: 4K-BCI


Message content:-

-------------------------------------------------------[2024-02-03 14:39:13.695]

SOURCE: AIR
RX_ID: 36, Freq: 131.725MHz
Mode: X NACKLabel: H1 Block ID: 4, Msg No: D07E
Flight ID: CC2612 REG: TF-AMM


Message content:-
#DFB8402.9204.57.....103.705.71
13562265812658113562000000399203946.....164429.02526
13517218632163613698000000403703901.....1644....
0.809-013-0.001-0.00100.043OFFOFF
.....00.00900.013-0.03802.0
LN45421E0
-------------------------------------------------------[2024-02-03 14:39:17.424]

SOURCE: AIR
RX_ID: 37, Freq: 131.725MHz
Mode: X NACKLabel: H1 Block ID: 5, Msg No: D07F
Flight ID: CC2612 REG: TF-AMM


Message content:-
#DFB06022-165-163.8-03.3-167.2-0.00100.000-0.003
RN45421E006024-165-163.9-03.2-167.000.00100.000-0.003
CN45422E006022-165-163.9-03.3-167.200.00000.000-0.001
L00000002.4002.6-00.1031-059487.5479-62.51645
R00
-------------------------------------------------------[2024-02-03 14:39:21.190]

SOURCE: AIR
RX_ID: 38, Freq: 131.725MHz
Mode: X NACKLabel: H1 Block ID: 6, Msg No: D07G
Flight ID: CC2612 REG: TF-AMM


Message content:-
#DFB000002.6002.5-00.2029-058486.8479-62.31818
C00000002.2002.5-00.1030-060487.1479-62.51327
LO000.4001.400.0-00.3-00.100.1-00.9000.0
LI001.0-01.100.0
RI000.3-01.200.0
RO-00.2001.300.0

-------------------------------------------------------[2024-02-03 14:39:25.078]

SOURCE: AIR
RX_ID: 39, Freq: 131.725MHz
Mode: E NACKLabel: Q0 Block ID: 3, Msg No: S89A
Flight ID: 7L9938 REG: 4K-BCI


Message content:-

-------------------------------------------------------[2024-02-03 14:41:13.941]

SOURCE: AIR
RX_ID: 40, Freq: 131.725MHz
Mode: G NACKLabel: Q0 Block ID: 4, Msg No: S90A
Flight ID: 7L9938 REG: 4K-BCI


Message content:-

-------------------------------------------------------[2024-02-03 14:41:43.859]

SOURCE: AIR
RX_ID: 41, Freq: 131.725MHz
Mode: E NACKLabel: Q0 Block ID: 5, Msg No: S91A
Flight ID: 7L9938 REG: 4K-BCI


Message content:-

-------------------------------------------------------[2024-02-03 14:43:14.076]

SOURCE: AIR
RX_ID: 42, Freq: 131.725MHz
Mode: 2 NACKLabel: Q0 Block ID: 7, Msg No: S95A
Flight ID: AH1154 REG: 7T-VJK


Message content:-

-------------------------------------------------------[2024-02-03 15:00:14.249]

SOURCE: AIR
RX_ID: 43, Freq: 131.725MHz
Mode: X NACKLabel: SA Block ID: 8, Msg No: M62A
Flight ID: AH1154 REG: 7T-VJK


Message content:-
0EV150016VS
-------------------------------------------------------[2024-02-03 15:00:18.339]

SOURCE: AIR
RX_ID: 44, Freq: 131.725MHz
Mode: 2 NACKLabel: Q0 Block ID: 0, Msg No: S97A
Flight ID: AH1154 REG: 7T-VJK


Message content:-

-------------------------------------------------------[2024-02-03 15:05:05.503]

SOURCE: AIR
RX_ID: 45, Freq: 131.725MHz
Mode: 2 NACKLabel: SA Block ID: 1, Msg No: M64A
Flight ID: AH1154 REG: 7T-VJK


Message content:-
0EV150507VS
-------------------------------------------------------[2024-02-03 15:05:09.637]

SOURCE: AIR
RX_ID: 46, Freq: 131.725MHz
Mode: 2 NACKLabel: 5V Block ID: 5, Msg No: S01A
Flight ID: AH1154 REG: 7T-VJK


Message content:-

-------------------------------------------------------[2024-02-03 15:10:49.235]

SOURCE: AIR
RX_ID: 47, Freq: 131.825MHz
Mode: 2 NACKLabel: Q0 Block ID: 5, Msg No: S07A
Flight ID: VY02WG REG: EC-LOB


Message content:-

-------------------------------------------------------[2024-02-03 15:38:10.259]

SOURCE: AIR
RX_ID: 48, Freq: 131.825MHz
Mode: 2 NACKLabel: H1 Block ID: 6, Msg No: C17A
Flight ID: VY02WG REG: EC-LOB


Message content:-
#CFBWRN/WN24020315370046200006DATALINK COMPANY FAULT  
-------------------------------------------------------[2024-02-03 15:38:16.688]

SOURCE: AIR
RX_ID: 49, Freq: 131.825MHz
Mode: 2 NACKLabel: H1 Block ID: 7, Msg No: C18A
Flight ID: VY02WG REG: EC-LOB


Message content:-
#CFBWRN/WN24020315370046200006DATALINK ATC FAULT      
-------------------------------------------------------[2024-02-03 15:38:22.029]

SOURCE: AIR
RX_ID: 50, Freq: 131.825MHz
Mode: 2 NACKLabel: 5V Block ID: 8, Msg No: S08A
Flight ID: VY02WG REG: EC-LOB


Message content:-

-------------------------------------------------------[2024-02-03 15:38:27.986]

SOURCE: AIR
RX_ID: 51, Freq: 131.825MHz
Mode: 2 NACKLabel: B9 Block ID: 6, Msg No: L11A
Flight ID: 5C0544 REG: 4X-ICA


Message content:-
/LLBG.TI2/024LLBGABC68
-------------------------------------------------------[2024-02-03 16:56:10.107]

SOURCE: AIR
RX_ID: 52, Freq: 131.725MHz
Mode: E NACKLabel: H1 Block ID: 0, Msg No: D12A
Flight ID: AF7342 REG: F-GMZC


Message content:-
#DFBA01/A32101,1,1/CCF-GMZC,FEB03,210858,LFPG,LFML,0094/C106,74739,5000,51,0010,0,0100,51,X/CEN262,32995,262,743,7014,251,C53025/EC699257,23768,05743,22975,73,07/EE575645,39691,08227,33143,73/N10848,0848,0929,6
-------------------------------------------------------[2024-02-03 21:27:26.659]

SOURCE: AIR
RX_ID: 53, Freq: 131.725MHz
Mode: E NACKLabel: H1 Block ID: 1, Msg No: D12B
Flight ID: AF7342 REG: F-GMZC


Message content:-
#DFB185,1357,XXXXX/N20847,0848,0926,6074,1324,XXXXX/S1XXXXX,0656,1353,4193,XXXX,027,001/S2XXXXX,0620,1345,4209,XXXX,022,001/T1099,099,024,42,075,05603,0121/T2099,100,017,43,072,05536,0122/V105,09,319,092,02,00,
-------------------------------------------------------[2024-02-03 21:27:30.531]

SOURCE: AIR
RX_ID: 54, Freq: 131.825MHz
Mode: 2 ACK, A2GLabel: _d Block ID: 4, Msg No: S18A
Flight ID: WB0711 REG: 9XR-WP


Message content:-

-------------------------------------------------------[2024-02-03 22:16:02.499]

