SOURCE: AIR
RX_ID: 163, Freq: 131.725MHz
Mode: G NACKLabel: SA Block ID: 4, Msg No: S84A
Flight ID: G22252 REG: LZ-ONE


Message content:-
0LS013402V
-------------------------------------------------------[2024-10-19 01:34:02.862]

SOURCE: AIR
RX_ID: 164, Freq: 131.725MHz
Mode: G NACKLabel: SA Block ID: 5, Msg No: S87A
Flight ID: G22252 REG: LZ-ONE


Message content:-
0LS013722V
-------------------------------------------------------[2024-10-19 01:37:22.981]

SOURCE: AIR
RX_ID: 165, Freq: 131.725MHz
Mode: G NACKLabel: SA Block ID: 6, Msg No: S90A
Flight ID: G22252 REG: LZ-ONE


Message content:-
0LS014038V
-------------------------------------------------------[2024-10-19 01:40:39.409]

SOURCE: AIR
RX_ID: 166, Freq: 131.725MHz
Mode: G NACKLabel: SA Block ID: 7, Msg No: S93A
Flight ID: G22252 REG: LZ-ONE


Message content:-
0LS014354V
-------------------------------------------------------[2024-10-19 01:43:55.178]

SOURCE: AIR
RX_ID: 167, Freq: 131.725MHz
Mode: G NACKLabel: SA Block ID: 8, Msg No: S96A
Flight ID: G22252 REG: LZ-ONE


Message content:-
0LS014709V
-------------------------------------------------------[2024-10-19 01:47:11.164]

SOURCE: AIR
RX_ID: 168, Freq: 131.825MHz
Mode: 2 NACKLabel: B6 Block ID: 8, Msg No: F70A
Flight ID: BA2066 REG: G-YMMD


Message content:-
/QUKAXBA.ADS.G-YMMD071F05681AD309C430BD1DEB59
-------------------------------------------------------[2024-10-19 01:52:00.926]

SOURCE: AIR
RX_ID: 169, Freq: 131.825MHz
Mode: 2 NACKLabel: H1 Block ID: 1, Msg No: F71A
Flight ID: BA2066 REG: G-YMMD


Message content:-
#M1BPRG/TS020104,191024/DTEGKK,26L,174,030725,/PR4237,256,400,277,,128,57,,,30,P40,P0,,,,,,,M375B56
-------------------------------------------------------[2024-10-19 02:01:06.725]

SOURCE: AIR
RX_ID: 170, Freq: 131.725MHz
Mode: G NACKLabel: 26 Block ID: 0, Msg No: M85A
Flight ID: AF0977 REG: F-GZCO


Message content:-
0254FOOLAF0977/190339LFPG26L
-------------------------------------------------------[2024-10-19 02:54:03.242]

SOURCE: AIR
RX_ID: 171, Freq: 131.725MHz
Mode: G NACKLabel: 2F Block ID: 1, Msg No: M86A
Flight ID: AF0977 REG: F-GZCO


Message content:-
0254+4473+440/4192
FOOL/LFPG/41030//-55/0.82/154358/145070//URELO  //+21/017
-------------------------------------------------------[2024-10-19 02:54:11.435]

SOURCE: AIR
RX_ID: 172, Freq: 131.725MHz
Mode: G NACKLabel: 26 Block ID: 9, Msg No: M61A
Flight ID: AF0995 REG: F-GZNP


Message content:-
0310FAORAF0995/18
0355LFPG26L 
-------------------------------------------------------[2024-10-19 03:10:59.065]

SOURCE: AIR
RX_ID: 173, Freq: 131.725MHz
Mode: E NACKLabel: B6 Block ID: 0, Msg No: F16A
Flight ID: KL0590 REG: PH-BVD


Message content:-
/ACCFAYA.ADS.PH-BVD141EE30024ED48CA18EF1D0D1F6FF0244848CA014B21AB982251C8CA00EA65
-------------------------------------------------------[2024-10-19 03:26:38.299]

SOURCE: AIR
RX_ID: 174, Freq: 131.725MHz
Mode: E NACKLabel: B6 Block ID: 1, Msg No: F17A
Flight ID: KL0590 REG: PH-BVD


Message content:-
/ACCFAYA.ADS.PH-BVD071EE97824DEC8CA192F1D0C2CC375E708200E7C48F580000F7C09968000722E
-------------------------------------------------------[2024-10-19 03:26:54.281]

SOURCE: AIR
RX_ID: 175, Freq: 131.725MHz
Mode: E NACKLabel: H1 Block ID: 2, Msg No: D62A
Flight ID: KL0590 REG: PH-BVD


Message content:-
#DFB(POS-KLM590  -4343N00627E/032843 F360
RMK/FUEL  15.1 M0.83)
-------------------------------------------------------[2024-10-19 03:28:45.897]

SOURCE: AIR
RX_ID: 176, Freq: 131.725MHz
Mode: E NACKLabel: B6 Block ID: 3, Msg No: F18A
Flight ID: KL0590 REG: PH-BVD


Message content:-
/ACCFAYA.ADS.PH-BVD071F6540245348CA1DD01D0C2CC375E708200E7E10FC00000F7DE9A70000B400
-------------------------------------------------------[2024-10-19 03:31:50.218]

SOURCE: AIR
RX_ID: 177, Freq: 131.725MHz
Mode: E NACKLabel: B6 Block ID: 4, Msg No: F19A
Flight ID: KL0590 REG: PH-BVD


Message content:-
/ACCFAYA.ADS.PH-BVD141F70A0244788CA1E3C1D0D21AB982251C8CA053D21F2D8225E88CA00FD92
-------------------------------------------------------[2024-10-19 03:32:17.246]

SOURCE: AIR
RX_ID: 178, Freq: 131.725MHz
Mode: G NACKLabel: 16 Block ID: 5, Msg No: M06A
Flight ID: SN04UR REG: OO-SFX


Message content:-
19OCT24,0332,N 43.954,E  6.489,39993,0438,28800
-------------------------------------------------------[2024-10-19 03:32:44.272]

SOURCE: AIR
RX_ID: 179, Freq: 131.725MHz
Mode: E NACKLabel: 20 Block ID: 5, Msg No: M28A
Flight ID: KL0590 REG: PH-BVD


Message content:-
RST07A19033300KLM590  DGAAEHAM
-------------------------------------------------------[2024-10-19 03:33:48.603]

SOURCE: AIR
RX_ID: 180, Freq: 131.725MHz
Mode: E NACKLabel: B6 Block ID: 6, Msg No: F20A
Flight ID: KL0590 REG: PH-BVD


Message content:-
/ACCFAYA.ADS.PH-BVD071FE16823E908C9E2701D0C2CC375E708200E7E70F9400C0F7E91A8000C5603
-------------------------------------------------------[2024-10-19 03:36:46.160]

SOURCE: AIR
RX_ID: 181, Freq: 131.725MHz
Mode: E NACKLabel: B6 Block ID: 6, Msg No: F20A
Flight ID: KL0590 REG: PH-BVD


Message content:-
/ACCFAYA.ADS.PH-BVD071FE16823E908C9E2701D0C2CC375E708200E7E70F9400C0F7E91A8000C5603
-------------------------------------------------------[2024-10-19 03:37:08.284]

SOURCE: AIR
RX_ID: 182, Freq: 131.725MHz
Mode: G NACKLabel: B9 Block ID: 0, Msg No: J59A
Flight ID: KL0536 REG: PH-AOF


Message content:-
/EHAM.TI2/000EHAMA0E3C
-------------------------------------------------------[2024-10-19 03:56:37.260]

SOURCE: AIR
RX_ID: 183, Freq: 131.725MHz
Mode: G NACKLabel: H1 Block ID: 3, Msg No: D49A
Flight ID: KL0536 REG: PH-AOF


Message content:-
#DFB(POS-KLM536  -4318N00511E/035703 F400
RMK/FUEL  11.3 M0.83)
-------------------------------------------------------[2024-10-19 03:57:20.488]

SOURCE: AIR
RX_ID: 184, Freq: 131.725MHz
Mode: X NACKLabel: H1 Block ID: 0, Msg No: D36A
Flight ID: SN038K REG: OO-SFC


Message content:-
#DFB002017900201011031103
R02/A33002,1,1
C1,.OO-SFC,24OCT19,04.00.10,FZAA,EBBR,BEL38K    ,5000,619
C2,001,06.0,000000,D1333RR06C0BEL4,000,052,052
C3,-23.5,40001,0.818,111,1.00,111,10,0,01,111,0.98,X
C4,-23
-------------------------------------------------------[2024-10-19 04:00:59.407]

SOURCE: AIR
RX_ID: 185, Freq: 131.725MHz
Mode: X NACKLabel: 16 Block ID: 6, Msg No: M04A
Flight ID: SN038K REG: OO-SFC


Message content:-
19OCT24,0410,N 43.987,E  6.647,39996,0516,26280
-------------------------------------------------------[2024-10-19 04:10:06.846]

SOURCE: AIR
RX_ID: 186, Freq: 131.725MHz
Mode: G NACKLabel: H1 Block ID: 6, Msg No: 103A
Flight ID: KL0536 REG: PH-AOF


Message content:-
#T1BGC(
GC)

-------------------------------------------------------[2024-10-19 04:12:14.848]

SOURCE: AIR
RX_ID: 187, Freq: 131.725MHz
Mode: G NACKLabel: 4H Block ID: 8, Msg No: M02A
Flight ID: DL0232 REG: N16065


Message content:-
18044H KJFK LIRN6
  
WPR RESET





-------------------------------------------------------[2024-10-19 04:17:50.320]

SOURCE: AIR
RX_ID: 188, Freq: 131.725MHz
Mode: G ACK, A2GLabel: 4H Block ID: 8, Msg No: M02A
Flight ID: DL0232 REG: N16065


Message content:-
18044H KJFK LIRN6
  
WPR RESET





-------------------------------------------------------[2024-10-19 04:17:55.843]

SOURCE: AIR
RX_ID: 189, Freq: 131.725MHz
Mode: G NACKLabel: 2F Block ID: 5, Msg No: M66A
Flight ID: AF0931 REG: F-GSPZ


Message content:-
0424+4324+519/40118
DGAA/LFPG/39996/ -01/ -56/0.83/191836/179807/36.0/MTL-14 /MRM-13 / -41/   17
-------------------------------------------------------[2024-10-19 04:24:12.059]

SOURCE: AIR
RX_ID: 190, Freq: 131.725MHz
Mode: G NACKLabel: B9 Block ID: 6, Msg No: L52A
Flight ID: AF0931 REG: F-GSPZ


Message content:-
/LFPG.TI2/046LFPGCF3E7
-------------------------------------------------------[2024-10-19 04:25:01.029]

SOURCE: AIR
RX_ID: 191, Freq: 131.725MHz
Mode: G NACKLabel: H1 Block ID: 9, Msg No: D91A
Flight ID: AF0931 REG: F-GSPZ


Message content:-
#DFBOP FUELPROBES
 84 63 69 47 48  0 34  0  0  0  0  0  0  0  0  0  0  0  0  0
  0  0  0  0  0  0  0  0  0  0  0  0  0  0  0  0  0  0  0  0
 86 65 70 49 50  6 35  0  0  0  0  0  0  0  0  0  0  0  0  0

21L
-------------------------------------------------------[2024-10-19 04:27:03.506]

SOURCE: AIR
RX_ID: 192, Freq: 131.725MHz
Mode: G NACKLabel: H1 Block ID: 0, Msg No: D91B
Flight ID: AF0931 REG: F-GSPZ


Message content:-
#DFB22L23L24L25L26L27L28L21R22R23R24R25R26R27R28R
  )  )  )  )  )  )  )  )  )  )  )  )  )  )  )  )
-------------------------------------------------------[2024-10-19 04:27:07.602]

SOURCE: AIR
RX_ID: 193, Freq: 131.725MHz
Mode: G NACKLabel: H1 Block ID: 1, Msg No: D92A
Flight ID: AF0931 REG: F-GSPZ


Message content:-
#DFBOP DATAFUEL
0427 40000  2.29 -0.1
 5700       0  5900 11600
 0.807 0.814  0.804
 37640         37840
TRUE   TRUE   
  -7
 382 779
-------------------------------------------------------[2024-10-19 04:27:12.283]

SOURCE: AIR
RX_ID: 194, Freq: 131.725MHz
Mode: G NACKLabel: 26 Block ID: 5, Msg No: M67A
Flight ID: AF0931 REG: F-GSPZ


Message content:-
0437DGAAAF0931/18
0524LFPG26L 
-------------------------------------------------------[2024-10-19 04:37:51.483]

SOURCE: AIR
RX_ID: 195, Freq: 131.725MHz
Mode: X NACKLabel: H1 Block ID: 6, Msg No: D38A
Flight ID: DL0028 REG: N845MH


Message content:-
#DFB221N1821 0028191024051615301253370784-28-55 -1             911 911
    640633    4944 4936     09630962     93 96    55 56   140151   //
////   0303  0101  615613   1054 24 32    152 151    000100100XX-22
-------------------------------------------------------[2024-10-19 05:16:29.432]

SOURCE: AIR
RX_ID: 196, Freq: 131.725MHz
Mode: X NACKLabel: H1 Block ID: 7, Msg No: D38B
Flight ID: DL0028 REG: N845MH


Message content:-
#DFB3 
 0
-------------------------------------------------------[2024-10-19 05:16:31.881]

SOURCE: AIR
RX_ID: 197, Freq: 131.725MHz
Mode: X NACKLabel: B9 Block ID: 8, Msg No: L19A
Flight ID: DL0028 REG: N845MH


Message content:-
/LFMN.TI2/024LFMNA426A
-------------------------------------------------------[2024-10-19 05:16:57.884]

SOURCE: AIR
RX_ID: 198, Freq: 131.725MHz
Mode: X NACKLabel: H1 Block ID: 2, Msg No: D39A
Flight ID: DL0028 REG: N845MH


Message content:-
#DFB239N1821 0028101924052604605 4396   578198 -4-23173 11XX-223 20600
 278 36300491389000B8IH-KJFKLFMN
-------------------------------------------------------[2024-10-19 05:26:27.230]

SOURCE: AIR
RX_ID: 199, Freq: 131.725MHz
Mode: X NACKLabel: H1 Block ID: 3, Msg No: D40A
Flight ID: DL0028 REG: N845MH


Message content:-
#DFBENGINE BLEED REPORT

AID:N1821  DA:19/10    GMT:05:26    FNO:3964      ISFC: 1253
TAT: -38  SAT:-218   ALT: 19140   MACH:0598    FCNT:  627
GW:301280  FLT:0028-1  MODE:DESC    SID:AK-67-223
S/N L:70700
-------------------------------------------------------[2024-10-19 05:26:45.480]

SOURCE: AIR
RX_ID: 200, Freq: 131.725MHz
Mode: X NACKLabel: H1 Block ID: 4, Msg No: D40B
Flight ID: DL0028 REG: N845MH


Message content:-
#DFB0         DEPART:KJFK    DESTIN:LFMN
S/N R:707000

               ENG L     ENG R
HPSOV          OPN       OPN
PRV            OPN       OPN
PRSOV          OPN       OPN
FAV %            -253     -379
-------------------------------------------------------[2024-10-19 05:26:49.356]

SOURCE: AIR
RX_ID: 201, Freq: 131.725MHz
Mode: X NACKLabel: H1 Block ID: 4, Msg No: D40B
Flight ID: DL0028 REG: N845MH


Message content:-
#DFB0         DEPART:KJFK    DESTIN:LFMN
S/N R:707000

               ENG L     ENG R
HPSOV          OPN       OPN
PRV            OPN       OPN
PRSOV          OPN       OPN
FAV %            -253     -379
-------------------------------------------------------[2024-10-19 05:27:01.425]

SOURCE: AIR
RX_ID: 202, Freq: 131.725MHz
Mode: X NACKLabel: H1 Block ID: 5, Msg No: D40C
Flight ID: DL0028 REG: N845MH


Message content:-
#DFB
N1 SPD          3798     3836
HI STG PRESS    4000     4100
INTERM PRESS1    2509     3195
INTERM PRESS2    2833     3314
STRUT OVHT     NRML      NRML
DUCT PRESS       2625     3088
P-COOL TEMP    
-------------------------------------------------------[2024-10-19 05:27:05.119]

SOURCE: AIR
RX_ID: 203, Freq: 131.725MHz
Mode: X NACKLabel: H1 Block ID: 6, Msg No: D40D
Flight ID: DL0028 REG: N845MH


Message content:-
#DFB32769    33528
PACK HX TEMP    29625    30538
PACK FLOW       10095    11131
WING ANTI ICE  OFF
LT  ISO VLV    CLS
RT  ISO VLV    CLS
CTR ISO VLV    OPN

TRIGGER CODE   0000

STATUS WORDS  DW1  DW
-------------------------------------------------------[2024-10-19 05:27:08.594]

SOURCE: AIR
RX_ID: 204, Freq: 131.725MHz
Mode: X NACKLabel: H1 Block ID: 7, Msg No: D40E
Flight ID: DL0028 REG: N845MH


Message content:-
#DFB2  DW3  DW4  DW5  DW6  DW7  DW8  EICAS
LEFT          0000 0001 0000 0000 0000 0000 1040 0000 0000
RIGHT         0000 0001 0000 0000 0000 0000 1040 0000 0000

-------------------------------------------------------[2024-10-19 05:27:13.128]

SOURCE: AIR
RX_ID: 205, Freq: 131.725MHz
Mode: E NACKLabel: 16 Block ID: 4, Msg No: M30A
Flight ID: XSMBU6 REG: 2-BBMB


Message content:-
052750,,0630, 123,N 43.643 E  6.258
-------------------------------------------------------[2024-10-19 05:27:51.601]

SOURCE: AIR
RX_ID: 206, Freq: 131.725MHz
Mode: G NACKLabel: H1 Block ID: 9, Msg No: D04B
Flight ID: CV314H REG: LX-WCV


Message content:-
#DFB 3
4709 1630 1630 1630 -07 -06  00 1628 1629 1629  0000 0000    1    0  
  10800  13 113413608357883637813472 3946 3946-----   11  19251006   
 0 391 19 19 19 19360824360824 2410 2410))))))))))))12701135
-------------------------------------------------------[2024-10-19 05:31:14.793]

SOURCE: AIR
RX_ID: 207, Freq: 131.725MHz
Mode: G NACKLabel: H1 Block ID: 1, Msg No: D04D
Flight ID: CV314H REG: LX-WCV


Message content:-
#DFB03 -12 -14  12  
09 00 00 00 00 0001 0003 0003-00004 00018 00016 0007-0004 00031531153
115311532
-------------------------------------------------------[2024-10-19 05:31:21.961]

SOURCE: AIR
RX_ID: 208, Freq: 131.725MHz
Mode: G NACKLabel: 2F Block ID: 3, Msg No: M21A
Flight ID: AF0705 REG: F-GSPG


Message content:-
0541+4459+505/38113
DIAP/LFPG/37997/ +01/ -55/0.84/205299/194195/25.0/ETR-16 / -22/   13
-------------------------------------------------------[2024-10-19 05:41:42.078]

SOURCE: AIR
RX_ID: 209, Freq: 131.825MHz
Mode: 2 NACKLabel: H1 Block ID: 8, Msg No: D56A
Flight ID: AA0720 REG: N753AN


Message content:-
#DFBTRP KCLT LIRF 07  8 679   0  0 061419
 46.1146   0.8041389984312804840.0200.014 18.12 -68.91 49880-57 197OFF
 45.9570   1.3525390054306004840.0230.018  5.63 -52.73 49200-59 197OFF
 45.8006   1.8860389994
-------------------------------------------------------[2024-10-19 06:26:23.123]

SOURCE: AIR
RX_ID: 210, Freq: 131.825MHz
Mode: 2 NACKLabel: H1 Block ID: 9, Msg No: D56B
Flight ID: AA0720 REG: N753AN


Message content:-
#DFB299604760.0140.011 10.25 -15.12 48560-60 197OFF
 45.6264   2.4003389984293204690.0180.008 22.12  -8.79 47920-62 197OFF
 45.4486   2.9143390034286404700.0200.017 21.37 -33.75 47240-59 197OFF
-------------------------------------------------------[2024-10-19 06:26:29.049]

SOURCE: AIR
RX_ID: 211, Freq: 131.825MHz
Mode: 2 NACKLabel: H1 Block ID: 0, Msg No: F05A
Flight ID: AA0720 REG: N753AN


Message content:-
#M1BPOSN44373E005123,BEP-14,062726,390,RET-15,063012,KOL-16,M54,31218,4439F77
-------------------------------------------------------[2024-10-19 06:27:28.258]

SOURCE: AIR
RX_ID: 212, Freq: 131.825MHz
Mode: 2 NACKLabel: H1 Block ID: 1, Msg No: F06A
Flight ID: AA0720 REG: N753AN


Message content:-
#M1BPOSN44251E005395,RET-15,063012,390,KOL-16,063833,RAP-17,M55,27522,4372570
-------------------------------------------------------[2024-10-19 06:30:14.330]

SOURCE: AIR
RX_ID: 213, Freq: 131.825MHz
Mode: 2 NACKLabel: B6 Block ID: 0, Msg No: F33A
Flight ID: EK9747 REG: A6-EFM


Message content:-
/DXBEGEK.ADS.A6-EFM071EE02023CE084D23A81DF582
-------------------------------------------------------[2024-10-19 06:38:04.184]

SOURCE: AIR
RX_ID: 214, Freq: 131.825MHz
Mode: 2 NACKLabel: H1 Block ID: 2, Msg No: F07A
Flight ID: AA0720 REG: N753AN


Message content:-
#M1BPOSN43474E007010,KOL-16,063835,390,RAP-17,064947,RAT-18,M55,2299,4181106
-------------------------------------------------------[2024-10-19 06:38:37.559]

SOURCE: AIR
RX_ID: 215, Freq: 131.825MHz
Mode: 2 NACKLabel: H1 Block ID: 1, Msg No: O43A
Flight ID: EK9747 REG: A6-EFM


Message content:-
#10BSB0122BA_A6-EFM  HKJKEHBK691
 43474 0063460638 34001-490194015090NXW016023
-------------------------------------------------------[2024-10-19 06:38:49.417]

SOURCE: AIR
RX_ID: 216, Freq: 131.725MHz
Mode: X NACKLabel: 20 Block ID: 7, Msg No: M50A
Flight ID: KL0592 REG: PH-BVF


Message content:-
RST07A19063900KLM592  FAOREHAM
-------------------------------------------------------[2024-10-19 06:39:37.574]

SOURCE: AIR
RX_ID: 217, Freq: 131.825MHz
Mode: 2 NACKLabel: SA Block ID: 3, Msg No: S46A
Flight ID: EK9747 REG: A6-EFM


Message content:-
0EV064107VS
-------------------------------------------------------[2024-10-19 06:41:16.466]

SOURCE: AIR
RX_ID: 218, Freq: 131.825MHz
Mode: 2 NACKLabel: H1 Block ID: 3, Msg No: D57A
Flight ID: AA0720 REG: N753AN


Message content:-
#DFBTRP KCLT LIRF 07  8 680   0  0 062919
 45.2649   3.4348390004279604820.0300.013 18.37 -23.91 46560-55 197OFF
 45.0791   3.9525390004272804740.0340.026 23.00 -32.34 45880-58 197OFF
 44.8910   4.4677390004
-------------------------------------------------------[2024-10-19 06:41:23.231]

SOURCE: AIR
RX_ID: 219, Freq: 131.825MHz
Mode: 2 NACKLabel: H1 Block ID: 4, Msg No: D57B
Flight ID: AA0720 REG: N753AN


Message content:-
#DFB266004840.0150.012 13.00 -26.72 45200-55 197OFF
 44.6924   4.9723390034259204780.0190.006 17.87 -52.73 44520-55 197OFF
 44.4759   5.4667390034252404820.0170.005 19.87 -81.56 43840-55 197OFF
-------------------------------------------------------[2024-10-19 06:41:30.618]

SOURCE: AIR
RX_ID: 220, Freq: 131.825MHz
Mode: 2 NACKLabel: H1 Block ID: 4, Msg No: F34A
Flight ID: EK9747 REG: A6-EFM


Message content:-
#M1BPOSN44481E006470,IRMAR,064747,340,UBIMA,065627,GILIR,M51,18667,3774DDA
-------------------------------------------------------[2024-10-19 06:47:49.285]

SOURCE: AIR
RX_ID: 221, Freq: 131.825MHz
Mode: 2 NACKLabel: 44 Block ID: 8, Msg No: M38A
Flight ID: GS0657 REG: DAEOT


Message content:-
00POS03,N45150E005409,350,LSZH,LEPA,1019,0702,0804,006.7
-------------------------------------------------------[2024-10-19 07:02:52.681]

SOURCE: AIR
RX_ID: 222, Freq: 131.725MHz
Mode: 2 NACKLabel: 16 Block ID: 7, Msg No: M34A
Flight ID: TS0402 REG: C-GPTS


Message content:-
071036,41007,0814, 242,N 45.324,E  5.874
-------------------------------------------------------[2024-10-19 07:10:43.143]

SOURCE: AIR
RX_ID: 223, Freq: 131.825MHz
Mode: 2 NACKLabel: 44 Block ID: 0, Msg No: M40A
Flight ID: GS0657 REG: DAEOT


Message content:-
00POS03,N43250E005083,370,LSZH,LEPA,1019,0717,0804,006.1
-------------------------------------------------------[2024-10-19 07:17:52.786]

SOURCE: AIR
RX_ID: 224, Freq: 131.725MHz
Mode: E NACKLabel: 20 Block ID: 7, Msg No: M56A
Flight ID: KL0104 REG: PH-BVA


Message content:-
RST07A19071900KLM104  FACTEHAM
-------------------------------------------------------[2024-10-19 07:19:07.977]

SOURCE: AIR
RX_ID: 225, Freq: 131.825MHz
Mode: 2 NACKLabel: 44 Block ID: 1, Msg No: M41A
Flight ID: GS0657 REG: DAEOT


Message content:-
00ETA03,N43138E004588,370,LSZH,LEPA,1019,0719,0804,006.1
-------------------------------------------------------[2024-10-19 07:19:32.700]

SOURCE: AIR
RX_ID: 226, Freq: 131.725MHz
Mode: E NACKLabel: H1 Block ID: 8, Msg No: D64A
Flight ID: KL0104 REG: PH-BVA


Message content:-
#DFB(POS-KLM104  -4439N00445E/071945 F360
RMK/FUEL  14.5 M0.85)
-------------------------------------------------------[2024-10-19 07:19:47.918]

SOURCE: AIR
RX_ID: 227, Freq: 131.825MHz
Mode: 2 NACKLabel: 5D Block ID: 8, Msg No: M30A
Flight ID: AA0240 REG: N771AN


Message content:-
LIRFA046
-------------------------------------------------------[2024-10-19 07:49:49.744]

SOURCE: AIR
RX_ID: 228, Freq: 131.825MHz
Mode: 2 NACKLabel: H1 Block ID: 2, Msg No: F10A
Flight ID: AA0240 REG: N771AN


Message content:-
#M1BPOSN45182E005523,BAL-40,075046,390,OBI-41,075336,ROBEX,M53,32814,460A924
-------------------------------------------------------[2024-10-19 07:50:48.112]

SOURCE: AIR
RX_ID: 229, Freq: 131.825MHz
Mode: 2 NACKLabel: H1 Block ID: 3, Msg No: F11A
Flight ID: AA0240 REG: N771AN


Message content:-
#M1BPOSN45102E006232,OBI-41,075337,390,ROBEX,075447,LAPRI,M54,3099,453C1B4
-------------------------------------------------------[2024-10-19 07:53:39.524]

SOURCE: AIR
RX_ID: 230, Freq: 131.825MHz
Mode: 2 NACKLabel: H1 Block ID: 4, Msg No: F12A
Flight ID: AA0240 REG: N771AN


Message content:-
#M1BPOSN45069E006357,ROBEX,075446,390,LAPRI,075751,MOGBO,M55,29715,451A534
-------------------------------------------------------[2024-10-19 07:54:49.561]

SOURCE: AIR
RX_ID: 231, Freq: 131.825MHz
Mode: 2 NACKLabel: B9 Block ID: 9, Msg No: L19A
Flight ID: AC0890 REG: C-FNNU


Message content:-
/LIRF.TI2/046LIRFA5A1A
-------------------------------------------------------[2024-10-19 08:04:57.013]

SOURCE: AIR
RX_ID: 232, Freq: 131.825MHz
Mode: 2 NACKLabel: 16 Block ID: 2, Msg No: M06A
Flight ID: FR05VP REG: EI-GSH


Message content:-
082006,M118184,0919, 123,N 42.933 E  5.293
-------------------------------------------------------[2024-10-19 08:20:08.382]

SOURCE: AIR
RX_ID: 233, Freq: 131.725MHz
Mode: X NACKLabel: B9 Block ID: 6, Msg No: J95A
Flight ID: TS0308 REG: C-GTSD


Message content:-
/LIRF.TI2/000LIRFA163D
-------------------------------------------------------[2024-10-19 09:03:32.257]

SOURCE: AIR
RX_ID: 234, Freq: 131.725MHz
Mode: X NACKLabel: B9 Block ID: 6, Msg No: J95A
Flight ID: TS0308 REG: C-GTSD


Message content:-
/LIRF.TI2/000LIRFA163D
-------------------------------------------------------[2024-10-19 09:03:40.851]

SOURCE: AIR
RX_ID: 235, Freq: 131.725MHz
Mode: X NACKLabel: 4H Block ID: 2, Msg No: M78A
Flight ID: DL0183 REG: N1605


Message content:-
19094H LIRF KJFK6
  
WPR RESET





-------------------------------------------------------[2024-10-19 09:04:18.959]

SOURCE: AIR
RX_ID: 236, Freq: 131.725MHz
Mode: X NACKLabel: H1 Block ID: 4, Msg No: F53A
Flight ID: DL0183 REG: N1605


Message content:-
#M2BREJPOS,090427,130,219,RF101,TOBGA54F9
-------------------------------------------------------[2024-10-19 09:04:32.054]

SOURCE: AIR
RX_ID: 237, Freq: 131.725MHz
Mode: X NACKLabel: H1 Block ID: 6, Msg No: D63A
Flight ID: DL0183 REG: N1605


Message content:-
#DFB239N1605 0183101924090604799 4453   662340-23-52192 4612-167 96320
 277 493 6003207010B8Z:-LIRFKJFK
-------------------------------------------------------[2024-10-19 09:06:11.789]

SOURCE: AIR
RX_ID: 238, Freq: 131.725MHz
Mode: X NACKLabel: H1 Block ID: 7, Msg No: D64A
Flight ID: DL0183 REG: N1605


Message content:-
#DFB/WX02EN19LIRFKJFK
N44526E00662609063402M5201930450XXXX20::B8Z:-
N44640E00652009073403M5171970410XXXX20::J8IH-
N44754E00641309083404M5102060260XXXX20::2P20)
N44866E00630809093403M5022200180XXXX20::A0QSZ
-------------------------------------------------------[2024-10-19 09:11:16.349]

SOURCE: AIR
RX_ID: 239, Freq: 131.725MHz
Mode: X NACKLabel: H1 Block ID: 8, Msg No: D64B
Flight ID: DL0183 REG: N1605


Message content:-
#DFB
N44975E00620409103402M5052410130XXXX20::2XIH-
N45079E00610509113399M5022880130XXXX20002P7GX

-------------------------------------------------------[2024-10-19 09:11:20.629]

SOURCE: AIR
RX_ID: 240, Freq: 131.725MHz
Mode: 2 NACKLabel: B9 Block ID: 0, Msg No: M50A
Flight ID: XA0708 REG: 9HLXX


Message content:-
/LFMN.TI2/024LFMNA426A
-------------------------------------------------------[2024-10-19 09:19:11.270]

SOURCE: AIR
RX_ID: 241, Freq: 131.725MHz
Mode: 2 NACKLabel: H1 Block ID: 4, Msg No: F54A
Flight ID: XA0708 REG: 9HLXX


Message content:-
#M1B/ARINCXA.RESREQ/AK,115/TS092233,191024/GAARINCXA
-------------------------------------------------------[2024-10-19 09:22:34.242]

SOURCE: AIR
RX_ID: 242, Freq: 131.725MHz
Mode: 2 NACKLabel: H1 Block ID: 5, Msg No: F55A
Flight ID: XA0708 REG: 9HLXX


Message content:-
#M1B/ARINCXA.POS/TS092233,191024/GAARINCXAN44244E005095,,092233,340,,092233,,M53,34345,65,830C277
-------------------------------------------------------[2024-10-19 09:22:38.923]

SOURCE: AIR
RX_ID: 243, Freq: 131.725MHz
Mode: 2 NACKLabel: H1 Block ID: 9, Msg No: F59A
Flight ID: XA0708 REG: 9HLXX


Message content:-
#M1B/ARINCXA.POS/TS093300,191024/GAARINCXAN43317E006209,,093300,121,,093300,,M5,06910,62,8308CFE
-------------------------------------------------------[2024-10-19 09:33:05.216]

SOURCE: AIR
RX_ID: 244, Freq: 131.725MHz
Mode: X NACKLabel: H1 Block ID: 9, Msg No: D24A
Flight ID: KL0119 REG: PH-BQC


Message content:-
#DFB(POS-KLM119  -4305N00525E/100130 F310
RMK/FUEL  82.4 M0.84)
-------------------------------------------------------[2024-10-19 10:01:32.863]

SOURCE: AIR
RX_ID: 245, Freq: 131.825MHz
Mode: 2 NACKLabel: H1 Block ID: 9, Msg No: D50A
Flight ID: NW0113 REG: N831NW


Message content:-
#DFB239229700301010098103
R39/A33039,1,1
239N831NW113 101924100254783 4426   679300-15-44174 59AB0510117160
 297 514-0003228500B8/9WLIRFKBOS
-------------------------------------------------------[2024-10-19 10:03:10.728]

SOURCE: AIR
RX_ID: 246, Freq: 131.825MHz
Mode: 2 NACKLabel: 83 Block ID: 7, Msg No: M10A
Flight ID: GS0001 REG: DCSMC


Message content:-
001PR19100851N4327.4E00555.0380417    
-------------------------------------------------------[2024-10-19 10:08:54.799]

SOURCE: AIR
RX_ID: 247, Freq: 131.825MHz
Mode: 2 NACKLabel: 44 Block ID: 2, Msg No: M79A
Flight ID: GS0657 REG: DAEOT


Message content:-
00POS03,N43053E005482,360,LEPA,EDGS,1019,1026,1145,007.9
-------------------------------------------------------[2024-10-19 10:26:50.414]

SOURCE: AIR
RX_ID: 248, Freq: 131.825MHz
Mode: 2 NACKLabel: 42 Block ID: 3, Msg No: M80A
Flight ID: GS0657 REG: DAEOT


Message content:-
00TWX03,N43282E006011,360,LEPA,EDGS,0,EDGS,EDGS
-------------------------------------------------------[2024-10-19 10:30:21.362]

SOURCE: AIR
RX_ID: 249, Freq: 131.725MHz
Mode: X NACKLabel: H1 Block ID: 9, Msg No: D67A
Flight ID: KL0537 REG: PH-AOF


Message content:-
#DFB(POS-KLM537  -4339N00527E/103745 F370
RMK/FUEL  44.5 M0.81)
-------------------------------------------------------[2024-10-19 10:38:01.987]

SOURCE: AIR
RX_ID: 250, Freq: 131.825MHz
Mode: 2 NACKLabel: 42 Block ID: 6, Msg No: M83A
Flight ID: GS0657 REG: DAEOT


Message content:-
00TWX03,N44424E006420,360,LEPA,EDGS,0,EDGS,EDGS
-------------------------------------------------------[2024-10-19 10:41:03.015]

SOURCE: AIR
RX_ID: 251, Freq: 131.725MHz
Mode: 2 NACKLabel: 15 Block ID: 8, Msg No: M27A
Flight ID: GS0001 REG: ECISQ


Message content:-
(2N43301E  6250142 13120- 4(Z
-------------------------------------------------------[2024-10-19 10:54:53.712]

SOURCE: AIR
RX_ID: 252, Freq: 131.825MHz
Mode: 2 NACKLabel: 44 Block ID: 3, Msg No: M23A
Flight ID: GS691R REG: CSDLF


Message content:-
09|\L48c+NNh,,G44,61scN64c-r!jcGeeoc848Zc84BBc8hhZcB5Bgg
-------------------------------------------------------[2024-10-19 10:55:21.762]

SOURCE: AIR
RX_ID: 253, Freq: 131.525MHz
Mode: T NACKLabel: H1 Block ID: 2, Msg No: F33A
Flight ID: AF7306 REG: F-GMZD


Message content:-
#M1BREJPWI,091833,053,,CB007,CLIMB.053,,CB007,CLIMB.053,,CB007,CLIMB.053,,CB007,CLIMB.053,,CB007,CLIMB.053,,CB007,CLIMB.053,,CB007,CLIMB.053,,CB007,CLIMB.053,,CB007,CRUISE.053,,CB007,CRUISE.053,,CB007,CRUISE.05
-------------------------------------------------------[2024-10-19 11:16:13.509]

SOURCE: AIR
RX_ID: 254, Freq: 131.525MHz
Mode: T NACKLabel: H1 Block ID: 3, Msg No: F33B
Flight ID: AF7306 REG: F-GMZD


Message content:-
#M1B3,,CB007,CRUISE.053,,CB007,CRUISE.053,,CB007,CRUISE.053,,CB007,CRUISE.053,,CB007,CRUISE.053,,CB007,CRUISE/TS111609,05030593AF
-------------------------------------------------------[2024-10-19 11:16:17.202]

SOURCE: AIR
RX_ID: 255, Freq: 131.525MHz
Mode: T NACKLabel: H1 Block ID: 4, Msg No: F34A
Flight ID: AF7306 REG: F-GMZD


Message content:-
#M1BREJPWI,091833,053,,CB007,CLIMB.053,,CB007,CLIMB.053,,CB007,CLIMB.053,,CB007,CLIMB.053,,CB007,CLIMB.053,,CB007,CLIMB.053,,CB007,CLIMB.053,,CB007,CLIMB.053,,CB007,CRUISE.053,,CB007,CRUISE.053,,CB007,CRUISE.05
-------------------------------------------------------[2024-10-19 11:22:06.790]

SOURCE: AIR
RX_ID: 256, Freq: 131.525MHz
Mode: T NACKLabel: H1 Block ID: 5, Msg No: F34B
Flight ID: AF7306 REG: F-GMZD


Message content:-
#M1B3,,CB007,CRUISE.053,,CB007,CRUISE.053,,CB007,CRUISE.053,,CB007,CRUISE.053,,CB007,CRUISE.053,,CB007,CRUISE.053,,CB007,CRUISE/TS112202,050305DFBB
-------------------------------------------------------[2024-10-19 11:22:10.266]

SOURCE: AIR
RX_ID: 257, Freq: 131.525MHz
Mode: T NACKLabel: H1 Block ID: 6, Msg No: F35A
Flight ID: AF7306 REG: F-GMZD


Message content:-
#M1BREJPWI,091833,053,,CB007,CLIMB.053,,CB007,CLIMB.053,,CB007,CLIMB.053,,CB007,CLIMB.053,,CB007,CLIMB.053,,CB007,CLIMB.053,,CB007,CLIMB.053,,CB007,CLIMB.053,,CB007,CRUISE.053,,CB007,CRUISE.053,,CB007,CRUISE.05
-------------------------------------------------------[2024-10-19 11:24:50.818]

SOURCE: AIR
RX_ID: 258, Freq: 131.525MHz
Mode: T NACKLabel: H1 Block ID: 7, Msg No: F35B
Flight ID: AF7306 REG: F-GMZD


Message content:-
#M1B3,,CB007,CRUISE.053,,CB007,CRUISE.053,,CB007,CRUISE.053,,CB007,CRUISE.053,,CB007,CRUISE.053,,CB007,CRUISE.053,,CB007,CRUISE.027,,001,/TS112446,050305EA3F
-------------------------------------------------------[2024-10-19 11:24:54.328]

SOURCE: AIR
RX_ID: 259, Freq: 131.525MHz
Mode: T NACKLabel: H1 Block ID: 8, Msg No: F36A
Flight ID: AF7306 REG: F-GMZD


Message content:-
#M1BRESPWI/RJ,089/TS112447,050305DA46
-------------------------------------------------------[2024-10-19 11:24:58.205]

SOURCE: AIR
RX_ID: 260, Freq: 131.525MHz
Mode: T NACKLabel: 2F Block ID: 9, Msg No: M60A
Flight ID: AF7306 REG: F-GMZD


Message content:-
1125+4437+524/3252
-------------------------------------------------------[2024-10-19 11:25:52.077]

SOURCE: AIR
RX_ID: 261, Freq: 131.525MHz
Mode: T NACKLabel: 2F Block ID: 9, Msg No: M60A
Flight ID: AF7306 REG: F-GMZD


Message content:-
1125+4437+524/3252
-------------------------------------------------------[2024-10-19 11:26:02.717]

SOURCE: AIR
RX_ID: 262, Freq: 131.525MHz
Mode: T NACKLabel: 2Z Block ID: 0, Msg No: M61A
Flight ID: AF7306 REG: F-GMZD


Message content:-
LFMN
-------------------------------------------------------[2024-10-19 11:29:03.755]

SOURCE: AIR
RX_ID: 263, Freq: 131.525MHz
Mode: T NACKLabel: 26 Block ID: 2, Msg No: M62A
Flight ID: AF7306 REG: F-GMZD


Message content:-
1136LFPGAF7306/191151LFMN22R
-------------------------------------------------------[2024-10-19 11:36:04.441]

SOURCE: AIR
RX_ID: 264, Freq: 131.725MHz
Mode: E NACKLabel: B6 Block ID: 6, Msg No: J13A
Flight ID: 4Y01DM REG: F-WWDM


Message content:-
/XYTGL7X.ADS.F-WWDM071F477815F48791AE781D0D1F231806CF00EA443E1F1BD0070C40AE40A292
-------------------------------------------------------[2024-10-19 11:49:38.580]

SOURCE: AIR
RX_ID: 265, Freq: 131.725MHz
Mode: E NACKLabel: 5U Block ID: 7, Msg No: M02A
Flight ID: 4Y01DM REG: F-WWDM


Message content:-
  01 WXRQ   01DM/18 LFBO/LFBO .F-WWDM
/TYP 1/STA LFBO/STA LFBT/STA     
-------------------------------------------------------[2024-10-19 11:49:41.651]

SOURCE: AIR
RX_ID: 266, Freq: 131.725MHz
Mode: E ACK, A2GLabel: 5U Block ID: 7, Msg No: M02A
Flight ID: 4Y01DM REG: F-WWDM


Message content:-
  01 WXRQ   01DM/18 LFBO/LFBO .F-WWDM
/TYP 1/STA LFBO/STA LFBT/STA     
-------------------------------------------------------[2024-10-19 11:49:45.748]

SOURCE: AIR
RX_ID: 267, Freq: 131.725MHz
Mode: E NACKLabel: B6 Block ID: 9, Msg No: J14A
Flight ID: 4Y01DM REG: F-WWDM


Message content:-
/XYTGQ7X.ADS.F-WWDM071F413016674791EEEC1D6A64
-------------------------------------------------------[2024-10-19 11:50:06.411]

SOURCE: AIR
RX_ID: 268, Freq: 131.725MHz
Mode: G NACKLabel: 83 Block ID: 4, Msg No: M02A
Flight ID: UV0001 REG: FHGUI


Message content:-
001PR19115105N4327.2E00510.5023131    
-------------------------------------------------------[2024-10-19 11:51:10.121]

SOURCE: AIR
RX_ID: 269, Freq: 131.725MHz
Mode: G NACKLabel: B6 Block ID: 4, Msg No: J18A
Flight ID: 4Y01DM REG: F-WWDM


Message content:-
/XYTGL7X.ADS.F-WWDM071EEFD019338791F3381D0D1F231806CF00EA45161F1BD0070C40AE404D52
-------------------------------------------------------[2024-10-19 11:54:42.091]

SOURCE: AIR
RX_ID: 270, Freq: 131.725MHz
Mode: E NACKLabel: H1 Block ID: 4, Msg No: F23A
Flight ID: DL0029 REG: N845MH


Message content:-
#M2BPOSN45046E005491,NEDRU,115801,300,LTP,120151,BULOL,M42,35732,1083,8067447
-------------------------------------------------------[2024-10-19 11:58:04.056]

SOURCE: AIR
RX_ID: 271, Freq: 131.725MHz
Mode: 2 NACKLabel: 15 Block ID: 4, Msg No: M44A
Flight ID: XA0001 REG: 9HXOA


Message content:-
(2N44107E  6333--- 51272-34(Z
-------------------------------------------------------[2024-10-19 12:01:13.500]

SOURCE: AIR
RX_ID: 272, Freq: 131.725MHz
Mode: G NACKLabel: 83 Block ID: 5, Msg No: M03A
Flight ID: UV0001 REG: FHGUI


Message content:-
001PR19120119N4325.3E00546.3195193    
-------------------------------------------------------[2024-10-19 12:01:23.739]

SOURCE: AIR
RX_ID: 273, Freq: 131.725MHz
Mode: 2 NACKLabel: 15 Block ID: 5, Msg No: M45A
Flight ID: XA0001 REG: 9HXOA


Message content:-
(2N45114E  5547--- 26422-55(Z
-------------------------------------------------------[2024-10-19 12:11:12.331]

SOURCE: AIR
RX_ID: 274, Freq: 131.725MHz
Mode: G NACKLabel: 83 Block ID: 6, Msg No: M04A
Flight ID: UV0001 REG: FHGUI


Message content:-
001PR19121132N4320.2E00637.5270265    
-------------------------------------------------------[2024-10-19 12:11:37.534]

SOURCE: AIR
RX_ID: 275, Freq: 131.525MHz
Mode: T NACKLabel: 2Z Block ID: 0, Msg No: M66A
Flight ID: AF7344 REG: F-GRHF


Message content:-
LFML
-------------------------------------------------------[2024-10-19 12:12:11.905]

SOURCE: AIR
RX_ID: 276, Freq: 131.525MHz
Mode: T NACKLabel: 2F Block ID: 1, Msg No: M67A
Flight ID: AF7344 REG: F-GRHF


Message content:-
1217+4434+482/1738
-------------------------------------------------------[2024-10-19 12:17:33.016]

SOURCE: AIR
RX_ID: 277, Freq: 131.525MHz
Mode: T NACKLabel: 2F Block ID: 1, Msg No: M67A
Flight ID: AF7344 REG: F-GRHF


Message content:-
1217+4434+482/1738
-------------------------------------------------------[2024-10-19 12:17:44.897]

SOURCE: AIR
RX_ID: 278, Freq: 131.525MHz
Mode: 2 NACKLabel: 2F Block ID: 1, Msg No: M67A
Flight ID: AF7344 REG: F-GRHF


Message content:-
1217+4434+482/1738
-------------------------------------------------------[2024-10-19 12:17:53.309]

SOURCE: AIR
RX_ID: 279, Freq: 131.525MHz
Mode: 2 NACKLabel: 2F Block ID: 1, Msg No: M67A
Flight ID: AF7344 REG: F-GRHF


Message content:-
1217+4434+482/1738
-------------------------------------------------------[2024-10-19 12:18:04.977]

SOURCE: AIR
RX_ID: 280, Freq: 131.525MHz
Mode: 2 NACKLabel: 2F Block ID: 1, Msg No: M67A
Flight ID: AF7344 REG: F-GRHF


Message content:-
1217+4434+482/1738
-------------------------------------------------------[2024-10-19 12:18:15.616]

SOURCE: AIR
RX_ID: 281, Freq: 131.725MHz
Mode: 2 NACKLabel: 2F Block ID: 1, Msg No: M67A
Flight ID: AF7344 REG: F-GRHF


Message content:-
1217+4434+482/1738
-------------------------------------------------------[2024-10-19 12:18:26.115]

SOURCE: AIR
RX_ID: 282, Freq: 131.725MHz
Mode: X NACKLabel: 26 Block ID: 4, Msg No: M68A
Flight ID: AF7344 REG: F-GRHF


Message content:-
1220LFPGAF7344/191232LFML31R
-------------------------------------------------------[2024-10-19 12:20:46.585]

SOURCE: AIR
RX_ID: 283, Freq: 131.725MHz
Mode: X NACKLabel: H1 Block ID: 5, Msg No: D38A
Flight ID: AF7344 REG: F-GRHF


Message content:-
#DFBA01/A31901,1,1/CCF-GRHF,OCT19,115724,LFPG,LFML,7344/C106,12839,5000,43,0010,0,0100,43,X/CEN300,35004,267,789,5807,285,C43025/EC645937,01147,02306,00830,73,17/EE645936,01147,02468,00830,73/N10818,0818,0913,5
-------------------------------------------------------[2024-10-19 12:22:06.901]

SOURCE: AIR
RX_ID: 284, Freq: 131.725MHz
Mode: X NACKLabel: H1 Block ID: 6, Msg No: D38B
Flight ID: AF7344 REG: F-GRHF


Message content:-
#DFB725,1166,XXXXX/N20818,0818,0916,5770,1177,XXXXX/S1XXXXX,0548,1234,4020,XXXX,028,000/S2XXXXX,0567,1249,4020,XXXX,028,001/T1099,100,022,42,087,05230,0156/T2099,100,014,41,059,05288,0090/V106,04,082,126,01,00,
-------------------------------------------------------[2024-10-19 12:22:10.557]

SOURCE: AIR
RX_ID: 285, Freq: 131.725MHz
Mode: X NACKLabel: H1 Block ID: 7, Msg No: D38C
Flight ID: AF7344 REG: F-GRHF


Message content:-
#DFB00000/V207,11,141,253,03,00,00000/V3XX,XX,XXX,XXX,XXXX/V4XX,XX,XXX,XXX,XXXX/V5XX,XX,XXX,XXX,XXXX/V6XX,XX,XXX,XXX,XXXX/V7039,085,00081,22222222222111/V8038,083,00061,22222222222111,/
-------------------------------------------------------[2024-10-19 12:22:14.251]

SOURCE: AIR
RX_ID: 286, Freq: 131.725MHz
Mode: X NACKLabel: 26 Block ID: 8, Msg No: M69A
Flight ID: AF7344 REG: F-GRHF


Message content:-
1228LFPGAF7344/191233LFML31R
-------------------------------------------------------[2024-10-19 12:28:03.038]

SOURCE: AIR
RX_ID: 287, Freq: 131.825MHz
Mode: 2 NACKLabel: 16 Block ID: 5, Msg No: M92A
Flight ID: XSMBU6 REG: 2-UTMH


Message content:-
124548,35001,1620, 270,N 43.789 E  6.547
-------------------------------------------------------[2024-10-19 12:46:02.330]

SOURCE: AIR
RX_ID: 288, Freq: 131.725MHz
Mode: 2 NACKLabel: 80 Block ID: 5, Msg No: M15A
Flight ID: ZD0000 REG: OEGBD


Message content:-
002N43160E005328390OCC                  OCC                  OK
BITTE HOTEL BUCHUNG UNS
PER MAIL SCHICKEN
LG

-------------------------------------------------------[2024-10-19 12:57:28.467]

SOURCE: AIR
RX_ID: 289, Freq: 131.725MHz
Mode: X NACKLabel: 16 Block ID: 7, Msg No: M55A
Flight ID: TS0309 REG: C-GTSD


Message content:-
130724,33986,2137,1217,N 43.643,E  7.418
-------------------------------------------------------[2024-10-19 13:07:30.013]

SOURCE: AIR
RX_ID: 290, Freq: 131.825MHz
Mode: 2 NACKLabel: H1 Block ID: 8, Msg No: F42A
Flight ID: VY04XU REG: EC-OFH


Message content:-
#M1BRESPWI/AK,071/TS131001,1910240DC2
-------------------------------------------------------[2024-10-19 13:10:02.967]

SOURCE: AIR
RX_ID: 291, Freq: 131.525MHz
Mode: T NACKLabel: H1 Block ID: 6, Msg No: F46A
Flight ID: AF7307 REG: F-GMZD


Message content:-
#M1BREJPWI,121134,053,,CB007,CLIMB.053,,CB007,CLIMB.053,,CB007,CLIMB/TS131028,050305437E
-------------------------------------------------------[2024-10-19 13:10:31.235]

SOURCE: AIR
RX_ID: 292, Freq: 131.525MHz
Mode: T NACKLabel: 2F Block ID: 7, Msg No: M82A
Flight ID: AF7307 REG: F-GMZD


Message content:-
1310+4454+652/2659
-------------------------------------------------------[2024-10-19 13:10:52.338]

SOURCE: AIR
RX_ID: 293, Freq: 131.850MHz
Mode: 2 NACKLabel: 16 Block ID: 9, Msg No: M60A
Flight ID: VY04XU REG: EC-OFH


Message content:-
131106,33004,1356,  90,N 43.648 E  6.129,----
-------------------------------------------------------[2024-10-19 13:11:11.173]

SOURCE: AIR
RX_ID: 294, Freq: 131.825MHz
Mode: 2 NACKLabel: B9 Block ID: 0, Msg No: M61A
Flight ID: VY04XU REG: EC-OFH


Message content:-
/LEBL.TI2/040LEBLA3461
-------------------------------------------------------[2024-10-19 13:14:06.278]

SOURCE: AIR
RX_ID: 295, Freq: 131.825MHz
Mode: 2 NACKLabel: 5U Block ID: 9, Msg No: M90A
Flight ID: VS412W REG: G-VRAY


Message content:-
LFLL LFPG LFPO-SA
-------------------------------------------------------[2024-10-19 13:18:24.333]

SOURCE: AIR
RX_ID: 296, Freq: 131.825MHz
Mode: 2 NACKLabel: H1 Block ID: 3, Msg No: F43A
Flight ID: VY04XU REG: EC-OFH


Message content:-
#M1BREJPWI,131001,027,,001,/TS132206,19102488D2
-------------------------------------------------------[2024-10-19 13:22:11.043]

SOURCE: AIR
RX_ID: 297, Freq: 131.825MHz
Mode: 2 NACKLabel: B9 Block ID: 3, Msg No: J86A
Flight ID: VS412W REG: G-VRAY


Message content:-
/EGLL.TI2/000EGLLAABB2
-------------------------------------------------------[2024-10-19 13:25:06.150]

SOURCE: AIR
RX_ID: 298, Freq: 131.725MHz
Mode: X NACKLabel: H1 Block ID: 0, Msg No: F53A
Flight ID: UA0509 REG: N59053


Message content:-
#M2BPOSN44262E006388,,132844,300,OKTET,132916,GIPNO,M42,17044,1213,820/DTKEWR,22L, 23,213001,/TS132844,191024B833
-------------------------------------------------------[2024-10-19 13:28:48.837]

SOURCE: AIR
RX_ID: 299, Freq: 131.725MHz
Mode: G NACKLabel: SA Block ID: 5, Msg No: S39A
Flight ID: XA0001 REG: CEPL021


Message content:-
0EV133141V
-------------------------------------------------------[2024-10-19 13:32:45.787]

SOURCE: AIR
RX_ID: 300, Freq: 131.725MHz
Mode: E NACKLabel: SA Block ID: 6, Msg No: S39A
Flight ID: XA0001 REG: CEPL021


Message content:-
0EV133141V
-------------------------------------------------------[2024-10-19 13:33:01.148]

SOURCE: AIR
RX_ID: 301, Freq: 131.725MHz
Mode: X NACKLabel: SA Block ID: 8, Msg No: S41A
Flight ID: XA0001 REG: CEPL021


Message content:-
0EV133538V
-------------------------------------------------------[2024-10-19 13:35:40.894]

SOURCE: AIR
RX_ID: 302, Freq: 131.725MHz
Mode: X NACKLabel: SA Block ID: 8, Msg No: S41A
Flight ID: XA0001 REG: CEPL021


Message content:-
0EV133538V
-------------------------------------------------------[2024-10-19 13:35:47.445]

SOURCE: AIR
RX_ID: 303, Freq: 131.725MHz
Mode: X NACKLabel: SA Block ID: 8, Msg No: S41A
Flight ID: XA0001 REG: CEPL021


Message content:-
0EV133538V
-------------------------------------------------------[2024-10-19 13:35:57.679]

SOURCE: AIR
RX_ID: 304, Freq: 131.725MHz
Mode: X NACKLabel: SA Block ID: 8, Msg No: S41A
Flight ID: XA0001 REG: CEPL021


Message content:-
0EV133538V
-------------------------------------------------------[2024-10-19 13:36:09.565]

SOURCE: AIR
RX_ID: 305, Freq: 131.725MHz
Mode: G NACKLabel: SA Block ID: 9, Msg No: S41A
Flight ID: XA0001 REG: CEPL021


Message content:-
0EV133538V
-------------------------------------------------------[2024-10-19 13:36:16.111]

SOURCE: AIR
RX_ID: 306, Freq: 131.725MHz
Mode: G NACKLabel: SA Block ID: 9, Msg No: S41A
Flight ID: XA0001 REG: CEPL021


Message content:-
0EV133538V
-------------------------------------------------------[2024-10-19 13:36:23.500]

SOURCE: AIR
RX_ID: 307, Freq: 131.725MHz
Mode: G NACKLabel: SA Block ID: 9, Msg No: S41A
Flight ID: XA0001 REG: CEPL021


Message content:-
0EV133538V
-------------------------------------------------------[2024-10-19 13:36:34.324]

SOURCE: AIR
RX_ID: 308, Freq: 131.725MHz
Mode: G NACKLabel: SA Block ID: 9, Msg No: S41A
Flight ID: XA0001 REG: CEPL021


Message content:-
0EV133538V
-------------------------------------------------------[2024-10-19 13:36:44.381]

SOURCE: AIR
RX_ID: 309, Freq: 131.725MHz
Mode: 2 NACKLabel: SA Block ID: 0, Msg No: S41A
Flight ID: XA0001 REG: CEPL021


Message content:-
0EV133538V
-------------------------------------------------------[2024-10-19 13:36:50.928]

SOURCE: AIR
RX_ID: 310, Freq: 131.725MHz
Mode: 2 NACKLabel: SA Block ID: 0, Msg No: S41A
Flight ID: XA0001 REG: CEPL021


Message content:-
0EV133538V
-------------------------------------------------------[2024-10-19 13:37:02.597]

SOURCE: AIR
RX_ID: 311, Freq: 131.725MHz
Mode: 2 NACKLabel: SA Block ID: 0, Msg No: S41A
Flight ID: XA0001 REG: CEPL021


Message content:-
0EV133538V
-------------------------------------------------------[2024-10-19 13:37:10.165]

SOURCE: AIR
RX_ID: 312, Freq: 131.725MHz
Mode: 2 NACKLabel: SA Block ID: 0, Msg No: S41A
Flight ID: XA0001 REG: CEPL021


Message content:-
0EV133538V
-------------------------------------------------------[2024-10-19 13:37:23.917]

SOURCE: AIR
RX_ID: 313, Freq: 131.725MHz
Mode: X NACKLabel: SA Block ID: 2, Msg No: S43A
Flight ID: XA0001 REG: CEPL021


Message content:-
0EV133955V
-------------------------------------------------------[2024-10-19 13:39:58.321]

SOURCE: AIR
RX_ID: 314, Freq: 131.725MHz
Mode: X NACKLabel: SA Block ID: 2, Msg No: S43A
Flight ID: XA0001 REG: CEPL021


Message content:-
0EV133955V
-------------------------------------------------------[2024-10-19 13:40:10.389]

SOURCE: AIR
RX_ID: 315, Freq: 131.725MHz
Mode: X NACKLabel: SA Block ID: 2, Msg No: S43A
Flight ID: XA0001 REG: CEPL021


Message content:-
0EV133955V
-------------------------------------------------------[2024-10-19 13:40:17.375]

SOURCE: AIR
RX_ID: 316, Freq: 131.725MHz
Mode: X NACKLabel: SA Block ID: 2, Msg No: S43A
Flight ID: XA0001 REG: CEPL021


Message content:-
0EV133955V
-------------------------------------------------------[2024-10-19 13:40:24.323]

SOURCE: AIR
RX_ID: 317, Freq: 131.725MHz
Mode: G NACKLabel: SA Block ID: 4, Msg No: S45A
Flight ID: XA0001 REG: CEPL021


Message content:-
0EV134253V
-------------------------------------------------------[2024-10-19 13:43:04.292]

SOURCE: AIR
RX_ID: 318, Freq: 131.725MHz
Mode: G NACKLabel: SA Block ID: 4, Msg No: S45A
Flight ID: XA0001 REG: CEPL021


Message content:-
0EV134253V
-------------------------------------------------------[2024-10-19 13:43:12.081]

SOURCE: AIR
RX_ID: 319, Freq: 131.725MHz
Mode: G NACKLabel: SA Block ID: 4, Msg No: S45A
Flight ID: XA0001 REG: CEPL021


Message content:-
0EV134253V
-------------------------------------------------------[2024-10-19 13:43:23.345]

SOURCE: AIR
RX_ID: 320, Freq: 131.725MHz
Mode: X NACKLabel: SA Block ID: 5, Msg No: S45A
Flight ID: XA0001 REG: CEPL021


Message content:-
0EV134253V
-------------------------------------------------------[2024-10-19 13:43:29.892]

SOURCE: AIR
RX_ID: 321, Freq: 131.725MHz
Mode: X NACKLabel: SA Block ID: 5, Msg No: S45A
Flight ID: XA0001 REG: CEPL021


Message content:-
0EV134253V
-------------------------------------------------------[2024-10-19 13:43:40.936]

SOURCE: AIR
RX_ID: 322, Freq: 131.725MHz
Mode: X NACKLabel: SA Block ID: 5, Msg No: S45A
Flight ID: XA0001 REG: CEPL021


Message content:-
0EV134253V
-------------------------------------------------------[2024-10-19 13:43:52.419]

SOURCE: AIR
RX_ID: 323, Freq: 131.725MHz
Mode: X NACKLabel: SA Block ID: 5, Msg No: S45A
Flight ID: XA0001 REG: CEPL021


Message content:-
0EV134253V
-------------------------------------------------------[2024-10-19 13:44:01.818]

SOURCE: AIR
RX_ID: 324, Freq: 131.725MHz
Mode: E NACKLabel: SA Block ID: 6, Msg No: S45A
Flight ID: XA0001 REG: CEPL021


Message content:-
0EV134253V
-------------------------------------------------------[2024-10-19 13:44:08.401]

SOURCE: AIR
RX_ID: 325, Freq: 131.725MHz
Mode: G NACKLabel: H1 Block ID: 0, Msg No: C11A
Flight ID: AF7345 REG: F-GRHF


Message content:-
#CFBFLR/FR24101913430030310005SDAC2:NO DATA FROM      PHC2/IDECAM 2,ECAM 1
-------------------------------------------------------[2024-10-19 13:44:11.473]

SOURCE: AIR
RX_ID: 326, Freq: 131.725MHz
Mode: E NACKLabel: SA Block ID: 6, Msg No: S45A
Flight ID: XA0001 REG: CEPL021


Message content:-
0EV134253V
-------------------------------------------------------[2024-10-19 13:44:18.021]

SOURCE: AIR
RX_ID: 327, Freq: 131.725MHz
Mode: G NACKLabel: SA Block ID: 8, Msg No: S47A
Flight ID: XA0001 REG: CEPL021


Message content:-
0EV134657V
-------------------------------------------------------[2024-10-19 13:47:00.218]

SOURCE: AIR
RX_ID: 328, Freq: 131.725MHz
Mode: G NACKLabel: SA Block ID: 8, Msg No: S47A
Flight ID: XA0001 REG: CEPL021


Message content:-
0EV134657V
-------------------------------------------------------[2024-10-19 13:47:08.809]

SOURCE: AIR
RX_ID: 329, Freq: 131.725MHz
Mode: G NACKLabel: 2T Block ID: 1, Msg No: M87A
Flight ID: AF7345 REG: F-GRHF


Message content:-
1
-------------------------------------------------------[2024-10-19 13:48:59.403]

SOURCE: AIR
RX_ID: 330, Freq: 131.725MHz
Mode: G NACKLabel: 2F Block ID: 5, Msg No: M88A
Flight ID: AF7345 REG: F-GRHF


Message content:-
1358+4462+486/3244
-------------------------------------------------------[2024-10-19 13:58:03.379]

SOURCE: AIR
RX_ID: 331, Freq: 131.725MHz
Mode: G NACKLabel: 80 Block ID: 6, Msg No: M89A
Flight ID: AF7345 REG: F-GRHF


Message content:-
AF7345/DEST/LFPG
BONJOUR
AVONS BESOIN ASSISTANCE
WCHC POUR PAX BOURGOIN
MERCI
-------------------------------------------------------[2024-10-19 13:59:12.609]

SOURCE: AIR
RX_ID: 332, Freq: 131.725MHz
Mode: X NACKLabel: H1 Block ID: 4, Msg No: D66A
Flight ID: DL0149 REG: N840MH


Message content:-
#DFB239N1816 0149101924141946797 4473   662320-18-47175 43XX-223111520
 290 50300273206400B8/9WLIRFKJFK
-------------------------------------------------------[2024-10-19 14:20:05.159]

SOURCE: AIR
RX_ID: 333, Freq: 131.725MHz
Mode: G NACKLabel: H1 Block ID: 3, Msg No: F25A
Flight ID: DK1115 REG: OY-VKI


Message content:-
#M1BRESREQ/AK,1158AF6
-------------------------------------------------------[2024-10-19 14:24:25.477]

SOURCE: AIR
RX_ID: 334, Freq: 131.725MHz
Mode: G NACKLabel: H1 Block ID: 4, Msg No: F26A
Flight ID: DK1115 REG: OY-VKI


Message content:-
#M1BPOSN43312E006006,,142423,400,N43450E006088,142625,N44118E006250,M57,35510,317/TS142423,10192491CD
-------------------------------------------------------[2024-10-19 14:24:28.951]

SOURCE: AIR
RX_ID: 335, Freq: 131.725MHz
Mode: G NACKLabel: H1 Block ID: 6, Msg No: F27A
Flight ID: DK1115 REG: OY-VKI


Message content:-
#M1BRESREQ/AK,1158AF6
-------------------------------------------------------[2024-10-19 14:29:25.915]

SOURCE: AIR
RX_ID: 336, Freq: 131.725MHz
Mode: G NACKLabel: H1 Block ID: 7, Msg No: F28A
Flight ID: DK1115 REG: OY-VKI


Message content:-
#M1BPOSN44064E006218,,142923,400,N44118E006250,143011,N44287E006354,M57,0112,306/TS142923,1019240253
-------------------------------------------------------[2024-10-19 14:29:29.792]

SOURCE: AIR
RX_ID: 337, Freq: 131.725MHz
Mode: G NACKLabel: H1 Block ID: 9, Msg No: F29A
Flight ID: DK1115 REG: OY-VKI


Message content:-
#M1BRESREQ/AK,1158AF6
-------------------------------------------------------[2024-10-19 14:35:05.265]

SOURCE: AIR
RX_ID: 338, Freq: 131.725MHz
Mode: G NACKLabel: H1 Block ID: 0, Msg No: F30A
Flight ID: DK1115 REG: OY-VKI


Message content:-
#M1BPOSN44473E006459,,143503,400,IRMAR,143516,KINES,M56,21914,294/TS143503,101924CB0E
-------------------------------------------------------[2024-10-19 14:35:08.556]

SOURCE: AIR
RX_ID: 339, Freq: 131.825MHz
Mode: 2 NACKLabel: QP Block ID: 3, Msg No: M54A
Flight ID: FR85JF REG: 9H-QAE


Message content:-
LIRPLEZL1456 206     
-------------------------------------------------------[2024-10-19 15:46:09.601]

SOURCE: AIR
RX_ID: 340, Freq: 131.825MHz
Mode: 2 NACKLabel: 16 Block ID: 8, Msg No: M58A
Flight ID: FR85JF REG: 9H-QAE


Message content:-
154648,,1713, 143,N   .    MMMM.MMM
-------------------------------------------------------[2024-10-19 15:46:49.984]

SOURCE: AIR
RX_ID: 341, Freq: 131.525MHz
Mode: T NACKLabel: 2F Block ID: 4, Msg No: M13A
Flight ID: AF7320 REG: F-GMZD


Message content:-
1619+4443+511/3351
-------------------------------------------------------[2024-10-19 16:19:30.114]

SOURCE: AIR
RX_ID: 342, Freq: 131.525MHz
Mode: T NACKLabel: 2Z Block ID: 5, Msg No: M14A
Flight ID: AF7320 REG: F-GMZD


Message content:-
LFMN
-------------------------------------------------------[2024-10-19 16:22:49.396]

SOURCE: AIR
RX_ID: 343, Freq: 131.525MHz
Mode: T NACKLabel: 26 Block ID: 7, Msg No: M15A
Flight ID: AF7320 REG: F-GMZD


Message content:-
1630LFPGAF7320/191645LFMN22R
-------------------------------------------------------[2024-10-19 16:30:03.579]

SOURCE: AIR
RX_ID: 344, Freq: 131.525MHz
Mode: T NACKLabel: 2L Block ID: 1, Msg No: M33A
Flight ID: AF7321 REG: F-GMZD


Message content:-
M/     /290-     /350
+45.31+005.72/+--/2/5
-------------------------------------------------------[2024-10-19 18:04:23.298]

SOURCE: AIR
RX_ID: 345, Freq: 131.525MHz
Mode: T NACKLabel: B9 Block ID: 2, Msg No: L27A
Flight ID: AF7321 REG: F-GMZD


Message content:-
/LFPG.TI2/064LFPGA3806
-------------------------------------------------------[2024-10-19 18:05:25.141]

SOURCE: AIR
RX_ID: 346, Freq: 131.825MHz
Mode: 2 NACKLabel: H1 Block ID: 5, Msg No: C09A
Flight ID: VY023W REG: EC-JTQ


Message content:-
#CFBWRN/WN24101919140046200006DATALINK COMPANY FAULT  
-------------------------------------------------------[2024-10-19 19:14:44.261]

SOURCE: AIR
RX_ID: 347, Freq: 131.725MHz
Mode: 2 NACKLabel: 15 Block ID: 3, Msg No: M52A
Flight ID: GS0001 REG: DANGB


Message content:-
(2N43562E  6498322 20399-58(Z
-------------------------------------------------------[2024-10-19 20:13:27.896]

SOURCE: AIR
RX_ID: 348, Freq: 131.725MHz
Mode: 2 NACKLabel: 16 Block ID: 4, Msg No: M53A
Flight ID: GS0001 REG: DANGB


Message content:-
(2AAACN43523E  6412LEIB-/O(Z
-------------------------------------------------------[2024-10-19 20:14:47.774]

SOURCE: AIR
RX_ID: 349, Freq: 131.725MHz
Mode: 2 NACKLabel: 18 Block ID: 7, Msg No: M56A
Flight ID: GS0001 REG: DANGB


Message content:-
(2/NNA
-------------------------------------------------------[2024-10-19 20:15:11.105]

SOURCE: AIR
RX_ID: 350, Freq: 131.725MHz
Mode: 2 NACKLabel: 16 Block ID: 8, Msg No: M57A
Flight ID: GS0001 REG: DANGB


Message content:-
(2AAADN43437E  6245LEIB-/O(Z
-------------------------------------------------------[2024-10-19 20:16:26.482]

SOURCE: AIR
RX_ID: 351, Freq: 131.725MHz
Mode: 2 NACKLabel: 18 Block ID: 1, Msg No: M60A
Flight ID: GS0001 REG: DANGB


Message content:-
(2/NOA
-------------------------------------------------------[2024-10-19 20:17:00.274]

SOURCE: AIR
RX_ID: 352, Freq: 131.725MHz
Mode: X NACKLabel: 16 Block ID: 0, Msg No: M82A
Flight ID: XSMBU6 REG: 2-BBMB


Message content:-
202855,,2129, 146,N 45.368 E  4.978
-------------------------------------------------------[2024-10-19 20:28:57.479]

SOURCE: AIR
RX_ID: 353, Freq: 131.525MHz
Mode: T NACKLabel: 2Z Block ID: 4, Msg No: M73A
Flight ID: AF7342 REG: F-GMZA


Message content:-
LFML
-------------------------------------------------------[2024-10-19 20:50:02.552]

SOURCE: AIR
RX_ID: 354, Freq: 131.525MHz
Mode: T NACKLabel: 26 Block ID: 5, Msg No: M74A
Flight ID: AF7342 REG: F-GMZA


Message content:-
2057LFPGAF7342/192112LFML31R
-------------------------------------------------------[2024-10-19 20:57:03.198]

SOURCE: AIR
RX_ID: 355, Freq: 131.525MHz
Mode: T NACKLabel: 26 Block ID: 5, Msg No: M74A
Flight ID: AF7342 REG: F-GMZA


Message content:-
2057LFPGAF7342/192112LFML31R
-------------------------------------------------------[2024-10-19 20:57:13.657]

SOURCE: AIR
RX_ID: 356, Freq: 131.525MHz
Mode: T NACKLabel: 26 Block ID: 5, Msg No: M74A
Flight ID: AF7342 REG: F-GMZA


Message content:-
2057LFPGAF7342/192112LFML31R
-------------------------------------------------------[2024-10-19 20:57:25.728]

SOURCE: AIR
RX_ID: 357, Freq: 131.525MHz
Mode: 2 NACKLabel: 26 Block ID: 5, Msg No: M74A
Flight ID: AF7342 REG: F-GMZA


Message content:-
2057LFPGAF7342/192112LFML31R
-------------------------------------------------------[2024-10-19 20:57:34.539]

SOURCE: AIR
RX_ID: 358, Freq: 131.525MHz
Mode: 2 NACKLabel: 26 Block ID: 5, Msg No: M74A
Flight ID: AF7342 REG: F-GMZA


Message content:-
2057LFPGAF7342/192112LFML31R
-------------------------------------------------------[2024-10-19 20:57:45.991]

SOURCE: AIR
RX_ID: 359, Freq: 131.525MHz
Mode: 2 NACKLabel: 26 Block ID: 5, Msg No: M74A
Flight ID: AF7342 REG: F-GMZA


Message content:-
2057LFPGAF7342/192112LFML31R
-------------------------------------------------------[2024-10-19 20:57:55.205]

SOURCE: AIR
RX_ID: 360, Freq: 131.725MHz
Mode: 2 NACKLabel: 26 Block ID: 5, Msg No: M74A
Flight ID: AF7342 REG: F-GMZA


Message content:-
2057LFPGAF7342/192112LFML31R
-------------------------------------------------------[2024-10-19 20:58:05.297]

SOURCE: AIR
RX_ID: 361, Freq: 131.725MHz
Mode: 2 NACKLabel: 26 Block ID: 5, Msg No: M74A
Flight ID: AF7342 REG: F-GMZA


Message content:-
2057LFPGAF7342/192112LFML31R
-------------------------------------------------------[2024-10-19 20:58:16.963]

SOURCE: AIR
RX_ID: 362, Freq: 131.725MHz
Mode: 2 NACKLabel: SA Block ID: 6, Msg No: S39A
Flight ID: AF7342 REG: F-GMZA


Message content:-
0EV205804V
-------------------------------------------------------[2024-10-19 20:58:19.816]

SOURCE: AIR
RX_ID: 363, Freq: 131.725MHz
Mode: 2 NACKLabel: 2F Block ID: 7, Msg No: M75A
Flight ID: AF7342 REG: F-GMZA


Message content:-
2058+4391+508/1450
-------------------------------------------------------[2024-10-19 20:58:22.887]

SOURCE: AIR
RX_ID: 364, Freq: 131.725MHz
Mode: X NACKLabel: H1 Block ID: 9, Msg No: D99A
Flight ID: AF7342 REG: F-GMZA


Message content:-
#DFBA01/A32101,1,1/CCF-GMZA,OCT19,204634,LFPG,LFML,0082/C106,88513,5000,53,0010,0,0100,35,X/CEN200,32975,272,769,7235,260,C51010/EC577504,40942,01486,23058,73,19/EE575662,44854,01081,32326,73/N10865,0866,0942,6
-------------------------------------------------------[2024-10-19 21:01:59.391]

SOURCE: AIR
RX_ID: 365, Freq: 131.725MHz
Mode: X NACKLabel: H1 Block ID: 0, Msg No: D99B
Flight ID: AF7342 REG: F-GMZA


Message content:-
#DFB225,1429,XXXXX/N20865,0866,0945,6391,1483,XXXXX/S1XXXXX,0713,1407,4399,XXXX,017,N00/S2XXXXX,0721,1442,4456,XXXX,012,004/T1098,096,024,40,070,05700,0116/T2096,090,017,42,086,05623,0117/V1042,082,004,002,048,
-------------------------------------------------------[2024-10-19 21:02:03.269]

SOURCE: AIR
RX_ID: 366, Freq: 131.725MHz
Mode: X NACKLabel: H1 Block ID: 1, Msg No: D99C
Flight ID: AF7342 REG: F-GMZA


Message content:-
#DFB00000,00081/V2044,079,005,008,096,00000,00081,/
-------------------------------------------------------[2024-10-19 21:02:06.340]

SOURCE: AIR
RX_ID: 367, Freq: 131.725MHz
Mode: X NACKLabel: 26 Block ID: 2, Msg No: M76A
Flight ID: AF7342 REG: F-GMZA


Message content:-
2107LFPGAF7342/192112LFML31R
-------------------------------------------------------[2024-10-19 21:07:02.509]

