SOURCE: AIR
RX_ID: 161, Freq: 131.725MHz
Mode: X NACKLabel: 16 Block ID: 4, Msg No: M99A
Flight ID: SN03DY REG: OO-SFD


Message content:-
07AUG24,0129,N 43.809,E  6.596,38003,0236,22800
-------------------------------------------------------[2024-08-07 01:29:09.483]

SOURCE: AIR
RX_ID: 162, Freq: 131.825MHz
Mode: 2 NACKLabel: B9 Block ID: 5, Msg No: L13A
Flight ID: QY0198 REG: D-ALET


Message content:-
/LEVT.TI2/024LEVTA869C
-------------------------------------------------------[2024-08-07 03:17:14.544]

SOURCE: AIR
RX_ID: 163, Freq: 131.725MHz
Mode: G NACKLabel: 26 Block ID: 3, Msg No: M13A
Flight ID: AF0878 REG: F-GZCK


Message content:-
0318DNAAAF0878/070403LFPG26L
-------------------------------------------------------[2024-08-07 03:18:04.317]

SOURCE: AIR
RX_ID: 164, Freq: 131.725MHz
Mode: G NACKLabel: 2F Block ID: 4, Msg No: M14A
Flight ID: AF0878 REG: F-GZCK


Message content:-
0323+4528+426/4097
DNAA/LFPG/39998//-53/0.81/159836/150077//URELO  //-106/044
-------------------------------------------------------[2024-08-07 03:23:03.511]

SOURCE: AIR
RX_ID: 165, Freq: 131.725MHz
Mode: E ACK, A2GLabel: B9 Block ID: 6, Msg No: L34A
Flight ID: AF0995 REG: F-GSQD


Message content:-
/LFPG.TI2/046LFPGAD3A5
-------------------------------------------------------[2024-08-07 03:31:48.239]

SOURCE: AIR
RX_ID: 166, Freq: 131.725MHz
Mode: E NACKLabel: 26 Block ID: 8, Msg No: M58A
Flight ID: AF0995 REG: F-GSQD


Message content:-
0333FAORAF0995/06
0418LFPG26L 
-------------------------------------------------------[2024-08-07 03:33:34.522]

SOURCE: AIR
RX_ID: 167, Freq: 131.725MHz
Mode: E NACKLabel: 16 Block ID: 1, Msg No: M40A
Flight ID: TS0690 REG: C-GUBC


Message content:-
034554,41007,0551, 366,N 44.204,E  4.862
-------------------------------------------------------[2024-08-07 03:45:59.380]

SOURCE: AIR
RX_ID: 168, Freq: 131.725MHz
Mode: G NACKLabel: H1 Block ID: 5, Msg No: C55A
Flight ID: P47578 REG: 5N-BWI


Message content:-
#CFBRTE 1 07AUG24 0348 P45N-BWI APK7578 DNMM/EGKK 311B-BCG-00W-19 L 2254 06AUG24
FDE 31606100 I 0346 07AUG24
MSG 3181052 I 0346 07AUG24 ER I 1
DB DISPLAYS-1 IN RIGHT AIMS
MSG 3151044 L 2254 06AUG24 ES H PL
-------------------------------------------------------[2024-08-07 03:48:44.863]

SOURCE: AIR
RX_ID: 169, Freq: 131.725MHz
Mode: G NACKLabel: H1 Block ID: 6, Msg No: C55B
Flight ID: P47578 REG: 5N-BWI


Message content:-
#CFB
DB CPM/COMM(M001) IN RIGHT AIMS
DB DCGF-1 IN RIGHT AIMS
NCMM
MSG 2223018 I 0346 07AUG24 ER I 1
DB TMCF IN RIGHT AIMS
MSG 2223015 I 0346 07AUG24 ER I 1
DB TMCF IN LEFT AIMS
MSG 2223013 I 0346 07AUG24
-------------------------------------------------------[2024-08-07 03:48:49.585]

SOURCE: AIR
RX_ID: 170, Freq: 131.725MHz
Mode: G NACKLabel: H1 Block ID: 7, Msg No: C55C
Flight ID: P47578 REG: 5N-BWI


Message content:-
#CFB ER I 1
DB TMCF IN LEFT AIMS
MSG 2223011 I 0346 07AUG24 ER I 1
DB TMCF IN LEFT AIMS
EOR

-------------------------------------------------------[2024-08-07 03:48:53.277]

SOURCE: AIR
RX_ID: 171, Freq: 131.725MHz
Mode: G NACKLabel: B9 Block ID: 8, Msg No: L34A
Flight ID: P47578 REG: 5N-BWI


Message content:-
/EGKK.TI2/046EGKKAFB92
-------------------------------------------------------[2024-08-07 03:50:14.978]

SOURCE: AIR
RX_ID: 172, Freq: 131.725MHz
Mode: G NACKLabel: 16 Block ID: 1, Msg No: M09A
Flight ID: P47578 REG: 5N-BWI


Message content:-
POSA1N44038E  4583,MRM-30 ,034610,380,MTL-31 ,035513,,-53, 40, 192,829
-------------------------------------------------------[2024-08-07 03:51:25.414]

SOURCE: AIR
RX_ID: 173, Freq: 131.725MHz
Mode: E NACKLabel: B9 Block ID: 2, Msg No: L03A
Flight ID: ZF3162 REG: TF-AKD


Message content:-
/EBLG.TI2/024EBLGAAD4F
-------------------------------------------------------[2024-08-07 03:52:30.149]

SOURCE: AIR
RX_ID: 174, Freq: 131.725MHz
Mode: G NACKLabel: B9 Block ID: 2, Msg No: L35A
Flight ID: P47578 REG: 5N-BWI


Message content:-
/EGKK.TI2/046EGKKAFB92
-------------------------------------------------------[2024-08-07 03:57:26.710]

SOURCE: AIR
RX_ID: 175, Freq: 131.725MHz
Mode: E NACKLabel: H1 Block ID: 6, Msg No: F15A
Flight ID: ZF3162 REG: TF-AKD


Message content:-
#M1BPOSN43580E004583,,035904,360,MOPEM,041652,CACHI,M52,26538,477,84,E787
-------------------------------------------------------[2024-08-07 03:59:08.269]

SOURCE: AIR
RX_ID: 176, Freq: 131.725MHz
Mode: E NACKLabel: H1 Block ID: 8, Msg No: F16A
Flight ID: ZF3162 REG: TF-AKD


Message content:-
#M1BPOSN45024E004423,,040712,360,MOPEM,041640,CACHI,M51,26132,448,84,97F1
-------------------------------------------------------[2024-08-07 04:07:17.559]

SOURCE: AIR
RX_ID: 177, Freq: 131.725MHz
Mode: E NACKLabel: H1 Block ID: 8, Msg No: F16A
Flight ID: ZF3162 REG: TF-AKD


Message content:-
#M1BPOSN45024E004423,,040712,360,MOPEM,041640,CACHI,M51,26132,448,84,97F1
-------------------------------------------------------[2024-08-07 04:07:29.630]

SOURCE: AIR
RX_ID: 178, Freq: 131.825MHz
Mode: 2 NACKLabel: H1 Block ID: 9, Msg No: F55A
Flight ID: AC0906 REG: C-FNNU


Message content:-
#M1BPRG/DTLIRF,16R,271,051213,1168E08
-------------------------------------------------------[2024-08-07 04:10:39.291]

SOURCE: AIR
RX_ID: 179, Freq: 131.825MHz
Mode: 2 NACKLabel: H1 Block ID: 2, Msg No: F57A
Flight ID: AC0906 REG: C-FNNU


Message content:-
#M1BRESPWI/AC,91ECA8
-------------------------------------------------------[2024-08-07 04:11:00.173]

SOURCE: AIR
RX_ID: 180, Freq: 131.825MHz
Mode: 2 NACKLabel: 2F Block ID: 2, Msg No: M88A
Flight ID: AF0947 REG: F-GZCF


Message content:-
0418+4404+460/4091
FKKD/LFPG/40000//-51/0.79/158566/149369//DJL    //-100/047
-------------------------------------------------------[2024-08-07 04:18:31.370]

SOURCE: AIR
RX_ID: 181, Freq: 131.825MHz
Mode: 2 NACKLabel: 4T Block ID: 4, Msg No: M42A
Flight ID: AC0906 REG: C-FNNU


Message content:-
AGFSR AC0906/06/07/YYZFCO/0419Z/746/4343.6N00620.6E/370/CRUISE/0157/0482/M53/259031/0267/116/499/2127/2144/----/----
-------------------------------------------------------[2024-08-07 04:20:00.233]

SOURCE: AIR
RX_ID: 182, Freq: 131.725MHz
Mode: G NACKLabel: H1 Block ID: 1, Msg No: C03A
Flight ID: AF7343 REG: F-GMZC


Message content:-
#CFBFLR/FR24080704180030310005SDAC2:NO DATA FROM      PHC1/IDECAM 1,ECAM 2
-------------------------------------------------------[2024-08-07 04:20:22.140]

SOURCE: AIR
RX_ID: 183, Freq: 131.825MHz
Mode: 2 NACKLabel: B9 Block ID: 3, Msg No: J09A
Flight ID: AF0947 REG: F-GZCF


Message content:-
/LFPG.TI2/000LFPGA9F82
-------------------------------------------------------[2024-08-07 04:21:25.224]

SOURCE: AIR
RX_ID: 184, Freq: 131.725MHz
Mode: G NACKLabel: B9 Block ID: 7, Msg No: J29A
Flight ID: AF0971 REG: F-GZCO


Message content:-
/LFPG.TI2/000LFPGA9F82
-------------------------------------------------------[2024-08-07 04:23:51.881]

SOURCE: AIR
RX_ID: 185, Freq: 131.825MHz
Mode: 2 NACKLabel: H1 Block ID: 4, Msg No: F15A
Flight ID: AA0240 REG: N759AN


Message content:-
#M1BPOSN45256E005276,GIP-22,042356,390,BAL-23,042612,OBI-24,M56,25529,371CAF6
-------------------------------------------------------[2024-08-07 04:23:59.234]

SOURCE: AIR
RX_ID: 186, Freq: 131.725MHz
Mode: G NACKLabel: B9 Block ID: 7, Msg No: J29A
Flight ID: AF0971 REG: F-GZCO


Message content:-
/LFPG.TI2/000LFPGA9F82
-------------------------------------------------------[2024-08-07 04:23:59.451]

SOURCE: AIR
RX_ID: 187, Freq: 131.825MHz
Mode: 2 NACKLabel: H1 Block ID: 6, Msg No: D43A
Flight ID: AA0240 REG: N759AN


Message content:-
#DFBTRP KDFW LIRF 07  8 902   5  0 041450
 46.4032   1.5312380004028004860.0180.006 45.13-128.32 41480-49 206OFF
 46.2712   2.1097380014021604770.0120.006 55.25-126.21 40880-53 206OFF
 46.1366   2.6832380004
-------------------------------------------------------[2024-08-07 04:26:53.937]

SOURCE: AIR
RX_ID: 188, Freq: 131.825MHz
Mode: 2 NACKLabel: 26 Block ID: 6, Msg No: M89A
Flight ID: AF0947 REG: F-GZCF


Message content:-
0427FKKDAF0947/070512LFPG26L
-------------------------------------------------------[2024-08-07 04:27:02.530]

SOURCE: AIR
RX_ID: 189, Freq: 131.725MHz
Mode: G NACKLabel: H1 Block ID: 3, Msg No: D13A
Flight ID: AF7343 REG: F-GMZC


Message content:-
#DFBA31/A32131,1,1/C1F-GMZC,AUG07,041748,LFML,LFPG,0078/C202,00000,8100,00,0001,0,0000,00,X/C30235,00086,---,---,7286,277,C53025/C44344,XXXXX,00085,0235,---/4CN001,---,N0020,072865,---/C5XXXXX,XXXXX,00084,0237,
-------------------------------------------------------[2024-08-07 04:34:14.074]

SOURCE: AIR
RX_ID: 190, Freq: 131.725MHz
Mode: G NACKLabel: 2F Block ID: 4, Msg No: M12A
Flight ID: AF7343 REG: F-GMZC


Message content:-
0434+4468+485/2656
-------------------------------------------------------[2024-08-07 04:34:19.201]

SOURCE: AIR
RX_ID: 191, Freq: 131.725MHz
Mode: G NACKLabel: H1 Block ID: 5, Msg No: D13B
Flight ID: AF7343 REG: F-GMZC


Message content:-
#DFB---/5C0000,---,00000,072865,---/C64344,0519,00109,0232,---/6C0001,093,N0102,072865,---/C74343,0521,00112,0225,103/7CN001,172,01149,072973,000/C84342,0522,00841,0245,241/8CN113,176,N0035,073064,005/C94341,05
-------------------------------------------------------[2024-08-07 04:34:23.474]

SOURCE: AIR
RX_ID: 192, Freq: 131.725MHz
Mode: G NACKLabel: H1 Block ID: 6, Msg No: D13C
Flight ID: AF7343 REG: F-GMZC


Message content:-
#DFB24,01865,0252,328/9CN204,169,N1125,073100,004/C04341,0526,02410,0245,272/0CN163,174,N0020,073137,005/E14342,0528,02947,0245,239/1EN238,170,N0444,073191,010/E24344,0529,03303,0237,209/2EN061,183,N0057,073191
-------------------------------------------------------[2024-08-07 04:34:27.570]

SOURCE: AIR
RX_ID: 193, Freq: 131.725MHz
Mode: G NACKLabel: H1 Block ID: 6, Msg No: D13C
Flight ID: AF7343 REG: F-GMZC


Message content:-
#DFB24,01865,0252,328/9CN204,169,N1125,073100,004/C04341,0526,02410,0245,272/0CN163,174,N0020,073137,005/E14342,0528,02947,0245,239/1EN238,170,N0444,073191,010/E24344,0529,03303,0237,209/2EN061,183,N0057,073191
-------------------------------------------------------[2024-08-07 04:34:39.858]

SOURCE: AIR
RX_ID: 194, Freq: 131.725MHz
Mode: G NACKLabel: H1 Block ID: 7, Msg No: D13D
Flight ID: AF7343 REG: F-GMZC


Message content:-
#DFB,008/E3XXXXX,0528,03600,0232,203/3EN009,202,00039,073227,006/E44348,0527,03797,0227,200/4E0006,230,N0546,073373,007/E54350,0526,04230,0225,213/5E0006,245,00335,073354,010/E64353,0525,05107,0207,213/6EN008,2
-------------------------------------------------------[2024-08-07 04:34:43.333]

SOURCE: AIR
RX_ID: 195, Freq: 131.725MHz
Mode: G NACKLabel: H1 Block ID: 8, Msg No: D13E
Flight ID: AF7343 REG: F-GMZC


Message content:-
#DFB40,N0457,073354,015/E74355,0524,05889,0185,209/7E0005,242,00012,073264,014/E84358,0522,06726,0167,205/8E0003,239,N0345,073318,013/E94360,0521,07528,0145,231/9EN000,244,00120,073300,011/E04363,0520,08368,012
-------------------------------------------------------[2024-08-07 04:34:47.026]

SOURCE: AIR
RX_ID: 196, Freq: 131.725MHz
Mode: G NACKLabel: H1 Block ID: 9, Msg No: D13F
Flight ID: AF7343 REG: F-GMZC


Message content:-
#DFB5,250/0E0002,245,00289,073264,013/N14365,0519,09179,0107,250/1N0047,243,00001,073282,012/N24368,0519,09939,0087,252/2NN001,242,N0147,073264,014/N34370,0518,10679,0067,255/3NN000,243,N0045,073246,015/N44373,
-------------------------------------------------------[2024-08-07 04:34:50.939]

SOURCE: AIR
RX_ID: 197, Freq: 131.725MHz
Mode: G NACKLabel: H1 Block ID: 0, Msg No: D13G
Flight ID: AF7343 REG: F-GMZC


Message content:-
#DFB0517,11420,0045,250/4NN003,242,N0093,073191,014/N54375,0516,12153,0025,254/5NN002,243,00031,073209,014/N64378,0515,12925,0005,261/6NN004,243,00056,073191,013/N74380,0514,13672,N017,259/7NN005,243,00141,0731
-------------------------------------------------------[2024-08-07 04:34:56.460]

SOURCE: AIR
RX_ID: 198, Freq: 131.725MHz
Mode: G NACKLabel: H1 Block ID: 1, Msg No: D13H
Flight ID: AF7343 REG: F-GMZC


Message content:-
#DFB19,012/N84383,0513,14454,N030,278/8NN005,244,00026,073137,014/N94386,0512,15298,N045,280/9NN004,241,N0218,073100,016/N04389,0511,15868,N065,277/0NN001,246,N0151,073082,017/S14391,0510,16163,N070,273/1SN006,
-------------------------------------------------------[2024-08-07 04:35:00.154]

SOURCE: AIR
RX_ID: 199, Freq: 131.725MHz
Mode: G NACKLabel: H1 Block ID: 2, Msg No: D13I
Flight ID: AF7343 REG: F-GMZC


Message content:-
#DFB258,N0042,073010,019/S24395,0509,16425,N080,275/2SN005,272,00015,073028,020/S34397,0508,16680,N085,274/3SN003,284,00144,072992,021/S44401,0507,17078,N092,273/4SN005,291,00072,072937,023/S54404,0505,17626,N1
-------------------------------------------------------[2024-08-07 04:35:04.653]

SOURCE: AIR
RX_ID: 200, Freq: 131.725MHz
Mode: G NACKLabel: H1 Block ID: 3, Msg No: D13J
Flight ID: AF7343 REG: F-GMZC


Message content:-
#DFB02,265/5SN005,290,N0081,072937,022/S64408,0504,18162,N112,266/6SN004,292,00206,072901,021/S74411,0503,18837,N125,267/7SN008,290,N0152,072883,021/S84414,0502,19472,N142,269/8SN005,290,N0222,072810,023/S94418
-------------------------------------------------------[2024-08-07 04:35:08.346]

SOURCE: AIR
RX_ID: 201, Freq: 131.725MHz
Mode: G NACKLabel: H1 Block ID: 4, Msg No: D13K
Flight ID: AF7343 REG: F-GMZC


Message content:-
#DFB,0500,19999,N155,259/9SN006,289,N0059,072828,022/S04421,0499,20463,N162,257/0SN005,291,N0146,072792,023/T14425,0498,21020,N172,258/1TN006,291,N0135,072738,024/T24429,0497,21572,N185,254/2TN006,290,N0111,072
-------------------------------------------------------[2024-08-07 04:35:12.224]

SOURCE: AIR
RX_ID: 202, Freq: 131.725MHz
Mode: G NACKLabel: H1 Block ID: 6, Msg No: D13M
Flight ID: AF7343 REG: F-GMZC


Message content:-
#DFB5,291,00062,072629,029/T74447,0489,23962,N240,247/7TN008,290,N0440,072611,027/T84451,0488,24357,N252,243/8TN002,290,00020,072538,029/T94454,0487,24729,N260,245/9TN005,292,00021,072556,029,/
-------------------------------------------------------[2024-08-07 04:35:19.172]

SOURCE: AIR
RX_ID: 203, Freq: 131.725MHz
Mode: G NACKLabel: 26 Block ID: 3, Msg No: M44A
Flight ID: AF0971 REG: F-GZCO


Message content:-
0439FNLUAF0971/070524LFPG26L
-------------------------------------------------------[2024-08-07 04:39:13.485]

SOURCE: AIR
RX_ID: 204, Freq: 131.725MHz
Mode: G NACKLabel: B9 Block ID: 0, Msg No: J16A
Flight ID: SS0872 REG: F-HSKY


Message content:-
/LFPO.TI2/000LFPOA162B
-------------------------------------------------------[2024-08-07 04:46:17.610]

SOURCE: AIR
RX_ID: 205, Freq: 131.725MHz
Mode: G NACKLabel: H1 Block ID: 5, Msg No: F88A
Flight ID: SS0872 REG: F-HSKY


Message content:-
#M1B/ORYCASS ORYCZSS.RESREQ/AK,115/GAORYCASS.ORYCZSS/TS044802,0708240266
-------------------------------------------------------[2024-08-07 04:48:15.193]

SOURCE: AIR
RX_ID: 206, Freq: 131.725MHz
Mode: G NACKLabel: H1 Block ID: 3, Msg No: D91F
Flight ID: SN04KE REG: OO-SFG


Message content:-
#DFB,0.805
X7,000.1,000.4,045,-085,0.805:

-------------------------------------------------------[2024-08-07 04:51:49.831]

SOURCE: AIR
RX_ID: 207, Freq: 131.725MHz
Mode: G NACKLabel: 16 Block ID: 4, Msg No: M20A
Flight ID: SN04KE REG: OO-SFG


Message content:-
07AUG24,0458,N 44.126,E  4.932,38003,0609,25120
-------------------------------------------------------[2024-08-07 04:58:59.476]

SOURCE: AIR
RX_ID: 208, Freq: 131.725MHz
Mode: G NACKLabel: 16 Block ID: 4, Msg No: M20A
Flight ID: SN04KE REG: OO-SFG


Message content:-
07AUG24,0458,N 44.126,E  4.932,38003,0609,25120
-------------------------------------------------------[2024-08-07 04:59:05.620]

SOURCE: AIR
RX_ID: 209, Freq: 131.725MHz
Mode: G NACKLabel: H1 Block ID: 8, Msg No: F31A
Flight ID: DL0028 REG: N826MH


Message content:-
#M2BPOSN44298E005046,NISAR,051440,290,XIRBI,051602,DOTIG,M35,25229,291,7940616
-------------------------------------------------------[2024-08-07 05:14:42.411]

SOURCE: AIR
RX_ID: 210, Freq: 131.725MHz
Mode: G NACKLabel: B9 Block ID: 9, Msg No: L10A
Flight ID: DL0028 REG: N826MH


Message content:-
/LFMN.TI2/024LFMNC6228
-------------------------------------------------------[2024-08-07 05:19:53.890]

SOURCE: AIR
RX_ID: 211, Freq: 131.825MHz
Mode: 2 NACKLabel: B6 Block ID: 9, Msg No: F82A
Flight ID: EK9745 REG: A6-EFL


Message content:-
/NBOCAYA.ADS.A6-EFL035D071EF9E028C648CA63A41D937C
-------------------------------------------------------[2024-08-07 05:38:03.034]

SOURCE: AIR
RX_ID: 212, Freq: 131.825MHz
Mode: 2 NACKLabel: B6 Block ID: 0, Msg No: F83A
Flight ID: EK9745 REG: A6-EFL


Message content:-
/NBOCAYA.ADS.A6-EFL071EFBD028C1C8CA23B81DDECD
-------------------------------------------------------[2024-08-07 05:38:09.177]

SOURCE: AIR
RX_ID: 213, Freq: 131.825MHz
Mode: 2 NACKLabel: H1 Block ID: 1, Msg No: O72A
Flight ID: EK9745 REG: A6-EFL


Message content:-
#10BSB0122BA_A6-EFL  HKJKEHBK461
 43601 0071680538 36002-510270026010NXW011015
-------------------------------------------------------[2024-08-07 05:38:16.562]

SOURCE: AIR
RX_ID: 214, Freq: 131.825MHz
Mode: 2 NACKLabel: B6 Block ID: 6, Msg No: F86A
Flight ID: EK9745 REG: A6-EFL


Message content:-
/NBOCAYA.ADS.A6-EFL035F071F29702854C8CA258C1DCE05
-------------------------------------------------------[2024-08-07 05:40:04.891]

SOURCE: AIR
RX_ID: 215, Freq: 131.825MHz
Mode: 2 NACKLabel: B6 Block ID: 7, Msg No: F87A
Flight ID: EK9745 REG: A6-EFL


Message content:-
/NBOCAYA.ADS.A6-EFL071F2DB8284A88CA25B81D7FBD
-------------------------------------------------------[2024-08-07 05:40:16.153]

SOURCE: AIR
RX_ID: 216, Freq: 131.825MHz
Mode: 2 NACKLabel: B6 Block ID: 8, Msg No: F88A
Flight ID: EK9745 REG: A6-EFL


Message content:-
/DXBEGEK.ADS.A6-EFL071F3708283408CA26181DDB47
-------------------------------------------------------[2024-08-07 05:40:40.108]

SOURCE: AIR
RX_ID: 217, Freq: 131.825MHz
Mode: 2 NACKLabel: B6 Block ID: 1, Msg No: F90A
Flight ID: EK9745 REG: A6-EFL


Message content:-
/NBOCAYA.ADS.A6-EFL071F4688280E88CA66B81DEDB3
-------------------------------------------------------[2024-08-07 05:41:20.486]

SOURCE: AIR
RX_ID: 218, Freq: 131.825MHz
Mode: 2 NACKLabel: B6 Block ID: 4, Msg No: F92A
Flight ID: EK9745 REG: A6-EFL


Message content:-
/NBOCAYA.ADS.A6-EFL071F5F6827D288CA27B81D038B
-------------------------------------------------------[2024-08-07 05:42:45.038]

SOURCE: AIR
RX_ID: 219, Freq: 131.825MHz
Mode: 2 NACKLabel: SA Block ID: 1, Msg No: S98A
Flight ID: ZH9065 REG: B-8865


Message content:-
0EV054710VS
-------------------------------------------------------[2024-08-07 05:47:11.904]

SOURCE: AIR
RX_ID: 220, Freq: 131.825MHz
Mode: 2 NACKLabel: B6 Block ID: 6, Msg No: F01A
Flight ID: EK9745 REG: A6-EFL


Message content:-
/NBOCAYA.ADS.A6-EFL0365071FD7D026B448CA6C889D2E50
-------------------------------------------------------[2024-08-07 05:47:32.198]

SOURCE: AIR
RX_ID: 221, Freq: 131.825MHz
Mode: 2 NACKLabel: B6 Block ID: 7, Msg No: F02A
Flight ID: EK9745 REG: A6-EFL


Message content:-
/NBOCAYA.ADS.A6-EFL071FDC8026A988CA6CB89D0D21AB982251C8CA049721F2D8225E88CA000E7BF0EDBFF44D26
-------------------------------------------------------[2024-08-07 05:47:44.267]

SOURCE: AIR
RX_ID: 222, Freq: 131.825MHz
Mode: 2 NACKLabel: H1 Block ID: 2, Msg No: D84A
Flight ID: AA0720 REG: N768AA


Message content:-
#DFBTRP KCLT LIRF 07  8 644   0  0 053913
 45.8262  -0.0084389984161204800.0100.005 52.50-106.17 48920-50 197OFF
 45.7653   0.6139389924154404850.0060.004 49.13-103.71 48240-47 197OFF
 45.6800   1.2296390024
-------------------------------------------------------[2024-08-07 05:51:17.664]

SOURCE: AIR
RX_ID: 223, Freq: 131.825MHz
Mode: 2 NACKLabel: 1L Block ID: 1, Msg No: M81A
Flight ID: LH0501 REG: D-AIFC


Message content:-
00061209259VG-Y+K4YSMJ5:6S--*SS+HHPVDZHDE114IIP+M,006:SJSM-GK
-------------------------------------------------------[2024-08-07 05:53:07.460]

SOURCE: AIR
RX_ID: 224, Freq: 131.825MHz
Mode: 2 NACKLabel: H1 Block ID: 4, Msg No: F19A
Flight ID: AA0720 REG: N768AA


Message content:-
#M1BPOSN44379E005127,BEPER,055410,390,RETNO,055700,KOLON,M52,24530,432A51F
-------------------------------------------------------[2024-08-07 05:54:12.154]

SOURCE: AIR
RX_ID: 225, Freq: 131.825MHz
Mode: 2 NACKLabel: 16 Block ID: 5, Msg No: M72A
Flight ID: AA0720 REG: N768AA


Message content:-
POSA1N44627E  5223,BEPER  ,055411,390,RETNO  ,055659,,-52, 30, 430,832
-------------------------------------------------------[2024-08-07 05:54:19.137]

SOURCE: AIR
RX_ID: 226, Freq: 131.825MHz
Mode: 2 NACKLabel: H1 Block ID: 6, Msg No: F20A
Flight ID: AA0720 REG: N768AA


Message content:-
#M1BPOSN44242E005391,RETNO,055701,390,KOLON,060524,RAPUR,M51,24533,4261666
-------------------------------------------------------[2024-08-07 05:57:03.163]

SOURCE: AIR
RX_ID: 227, Freq: 131.825MHz
Mode: 2 NACKLabel: H1 Block ID: 3, Msg No: F79A
Flight ID: AC0892 REG: C-FRAM


Message content:-
#M1BRESPWI/AK,71605F
-------------------------------------------------------[2024-08-07 05:57:52.312]

SOURCE: AIR
RX_ID: 228, Freq: 131.825MHz
Mode: 2 NACKLabel: 5U Block ID: 7, Msg No: M73A
Flight ID: AA0720 REG: N768AA


Message content:-
OS LIRF /WXRLIRF
-------------------------------------------------------[2024-08-07 06:04:06.914]

SOURCE: AIR
RX_ID: 229, Freq: 131.825MHz
Mode: 2 ACK, A2GLabel: 5U Block ID: 7, Msg No: M73A
Flight ID: AA0720 REG: N768AA


Message content:-
OS LIRF /WXRLIRF
-------------------------------------------------------[2024-08-07 06:04:17.339]

SOURCE: AIR
RX_ID: 230, Freq: 131.825MHz
Mode: 2 NACKLabel: H1 Block ID: 8, Msg No: D85A
Flight ID: AA0720 REG: N768AA


Message content:-
#DFBTRP KCLT LIRF 07  8 645   0  0 055413
 45.3869   3.0774389974128404880.0070.005 45.88 -96.68 45640-48 197OFF
 45.2834   3.6823389964122404860.0160.011 43.38-104.77 45040-50 197OFF
 45.0994   4.2242390004
-------------------------------------------------------[2024-08-07 06:06:17.153]

SOURCE: AIR
RX_ID: 231, Freq: 131.825MHz
Mode: 2 NACKLabel: H1 Block ID: 9, Msg No: D85B
Flight ID: AA0720 REG: N768AA


Message content:-
#DFB116004820.0100.006 41.25-103.01 44400-50 197OFF
 44.8704   4.7217390064109604850.0190.011 32.13-114.61 43760-52 197OFF
 44.6428   5.2073390014103604800.0080.006 29.62-113.91 43160-52 197OFF
-------------------------------------------------------[2024-08-07 06:06:24.752]

SOURCE: AIR
RX_ID: 232, Freq: 131.725MHz
Mode: X NACKLabel: 16 Block ID: 9, Msg No: M47A
Flight ID: 4X005X REG: 9H-MLD


Message content:-
064122,35010,0733,   4,N 43.950 E  5.366
-------------------------------------------------------[2024-08-07 06:41:24.557]

SOURCE: AIR
RX_ID: 233, Freq: 131.525MHz
Mode: T NACKLabel: 2F Block ID: 9, Msg No: M16A
Flight ID: AF7330 REG: F-GTAD


Message content:-
0642+4461+437/2444
-------------------------------------------------------[2024-08-07 06:42:19.268]

SOURCE: AIR
RX_ID: 234, Freq: 131.725MHz
Mode: X NACKLabel: H1 Block ID: 8, Msg No: D13A
Flight ID: AF7330 REG: F-GTAD


Message content:-
#DFBA01/A32101,1,1/CCF-GTAD,AUG07,062237,LFPG,LFML,0085/C106,01213,6001,43,0010,0,0100,43,X/CEN200,30982,265,720,6644,276,C51020/EC577566,00000,01773,00001,73,18/EE699818,00000,01700,00001,73/N10827,0828,0929,5
-------------------------------------------------------[2024-08-07 06:49:39.593]

SOURCE: AIR
RX_ID: 235, Freq: 131.725MHz
Mode: X NACKLabel: H1 Block ID: 8, Msg No: D13A
Flight ID: AF7330 REG: F-GTAD


Message content:-
#DFBA01/A32101,1,1/CCF-GTAD,AUG07,062237,LFPG,LFML,0085/C106,01213,6001,43,0010,0,0100,43,X/CEN200,30982,265,720,6644,276,C51020/EC577566,00000,01773,00001,73,18/EE699818,00000,01700,00001,73/N10827,0828,0929,5
-------------------------------------------------------[2024-08-07 06:49:50.638]

SOURCE: AIR
RX_ID: 236, Freq: 131.725MHz
Mode: X NACKLabel: H1 Block ID: 8, Msg No: D13A
Flight ID: AF7330 REG: F-GTAD


Message content:-
#DFBA01/A32101,1,1/CCF-GTAD,AUG07,062237,LFPG,LFML,0085/C106,01213,6001,43,0010,0,0100,43,X/CEN200,30982,265,720,6644,276,C51020/EC577566,00000,01773,00001,73,18/EE699818,00000,01700,00001,73/N10827,0828,0929,5
-------------------------------------------------------[2024-08-07 06:50:00.879]

SOURCE: AIR
RX_ID: 237, Freq: 131.725MHz
Mode: X NACKLabel: H1 Block ID: 9, Msg No: D13B
Flight ID: AF7330 REG: F-GTAD


Message content:-
#DFB964,1283,XXXXX/N20827,0827,0925,5830,1283,XXXXX/S1XXXXX,0668,1353,4241,XXXX,029,001/S2XXXXX,0664,1331,4169,XXXX,034,003/T1099,096,023,40,048,06053,XXXX/T2099,096,016,40,084,05992,XXXX/V112,25,333,073,03,00,
-------------------------------------------------------[2024-08-07 06:50:04.355]

SOURCE: AIR
RX_ID: 238, Freq: 131.725MHz
Mode: X NACKLabel: H1 Block ID: 0, Msg No: D13C
Flight ID: AF7330 REG: F-GTAD


Message content:-
#DFB00000/V213,08,305,103,02,01,00000/V3XX,XX,XXX,XXX,XXXX/V4XX,XX,XXX,XXX,XXXX/V515,18,018,076,0916/V611,06,325,128,0916/V7042,096,00081,22222222222111/V8042,087,00061,22222222222111,/
-------------------------------------------------------[2024-08-07 06:50:08.266]

SOURCE: AIR
RX_ID: 239, Freq: 131.725MHz
Mode: X NACKLabel: H1 Block ID: 0, Msg No: D13C
Flight ID: AF7330 REG: F-GTAD


Message content:-
#DFB00000/V213,08,305,103,02,01,00000/V3XX,XX,XXX,XXX,XXXX/V4XX,XX,XXX,XXX,XXXX/V515,18,018,076,0916/V611,06,325,128,0916/V7042,096,00081,22222222222111/V8042,087,00061,22222222222111,/
-------------------------------------------------------[2024-08-07 06:50:18.909]

SOURCE: AIR
RX_ID: 240, Freq: 131.725MHz
Mode: X NACKLabel: H1 Block ID: 1, Msg No: D14A
Flight ID: AF7330 REG: F-GTAD


Message content:-
#DFBA02/A32102,1,1/CCF-GTAD,AUG07,061933,LFPG,LFML,0085/C106,01301,5000,43,0010,0,0100,43,X/CEN200,31009,267,725,6661,276,C51020/CNN200,31038,267,726,6661,276/EC577566,00000,01773,00001,73,25,16/EE699818,00000,
-------------------------------------------------------[2024-08-07 06:50:44.911]

SOURCE: AIR
RX_ID: 241, Freq: 131.725MHz
Mode: X NACKLabel: H1 Block ID: 1, Msg No: D14A
Flight ID: AF7330 REG: F-GTAD


Message content:-
#DFBA02/A32102,1,1/CCF-GTAD,AUG07,061933,LFPG,LFML,0085/C106,01301,5000,43,0010,0,0100,43,X/CEN200,31009,267,725,6661,276,C51020/CNN200,31038,267,726,6661,276/EC577566,00000,01773,00001,73,25,16/EE699818,00000,
-------------------------------------------------------[2024-08-07 06:50:55.554]

SOURCE: AIR
RX_ID: 242, Freq: 131.725MHz
Mode: X NACKLabel: H1 Block ID: 2, Msg No: D14B
Flight ID: AF7330 REG: F-GTAD


Message content:-
#DFB01700,00001,73/N10829,0829,0930,6005,1293,XXXXX/N20829,0829,0926,5864,1291,XXXXX/S1XXXXX,0673,1360,4253,XXXX,029,001/S2XXXXX,0669,1338,4181,XXXX,034,003/T1099,096,023,40,051,06059,XXXX/T2099,096,016,40,087,
-------------------------------------------------------[2024-08-07 06:50:59.651]

SOURCE: AIR
RX_ID: 243, Freq: 131.725MHz
Mode: X NACKLabel: H1 Block ID: 3, Msg No: D14C
Flight ID: AF7330 REG: F-GTAD


Message content:-
#DFB05995,XXXX/V112,25,335,071,03,00,00000/V214,07,308,110,02,01,00000/V3XX,XX,XXX,XXX,XXXX/V4XX,XX,XXX,XXX,XXXX/V515,18,018,076,0916/V611,06,325,128,0916/V7042,096,00081,22222222222111/V8042,088,00061,22222222
-------------------------------------------------------[2024-08-07 06:51:02.942]

SOURCE: AIR
RX_ID: 244, Freq: 131.725MHz
Mode: X NACKLabel: H1 Block ID: 3, Msg No: D14C
Flight ID: AF7330 REG: F-GTAD


Message content:-
#DFB05995,XXXX/V112,25,335,071,03,00,00000/V214,07,308,110,02,01,00000/V3XX,XX,XXX,XXX,XXXX/V4XX,XX,XXX,XXX,XXXX/V515,18,018,076,0916/V611,06,325,128,0916/V7042,096,00081,22222222222111/V8042,088,00061,22222222
-------------------------------------------------------[2024-08-07 06:51:14.393]

SOURCE: AIR
RX_ID: 245, Freq: 131.725MHz
Mode: X NACKLabel: H1 Block ID: 4, Msg No: D14D
Flight ID: AF7330 REG: F-GTAD


Message content:-
#DFB222111/X102674,N002,0019,0002,N0008,0002/X202708,N003,0021,0002,N0007,0002/X30005,0011,0003,N006,N003,0005,N000/X40000,N000,N000,N000,0000,0000/X50000,0000,N001,N000,0000,0000/X61638,E0027,N470,038,254,0180
-------------------------------------------------------[2024-08-07 06:51:17.898]

SOURCE: AIR
RX_ID: 246, Freq: 131.725MHz
Mode: X NACKLabel: H1 Block ID: 5, Msg No: D14E
Flight ID: AF7330 REG: F-GTAD


Message content:-
#DFB,0792/X71636,E0027,N470,037,251,0180,0791,/
-------------------------------------------------------[2024-08-07 06:51:21.158]

SOURCE: AIR
RX_ID: 247, Freq: 131.725MHz
Mode: X NACKLabel: 26 Block ID: 6, Msg No: M18A
Flight ID: AF7330 REG: F-GTAD


Message content:-
0654LFPGAF7330/070659LFML13L
-------------------------------------------------------[2024-08-07 06:54:02.142]

SOURCE: AIR
RX_ID: 248, Freq: 131.725MHz
Mode: G NACKLabel: H1 Block ID: 6, Msg No: F45A
Flight ID: TB0646 REG: OO-JAQ


Message content:-
#M1BPRG/DTEHEH,21O,68,084706,73BF1D
-------------------------------------------------------[2024-08-07 07:31:39.066]

SOURCE: AIR
RX_ID: 249, Freq: 131.725MHz
Mode: E NACKLabel: 10 Block ID: 5, Msg No: M05A
Flight ID: KL0104 REG: PH-BVB


Message content:-
ETA07A07073700KLM104  FACTEHAM070900EHAM0157
-------------------------------------------------------[2024-08-07 07:37:30.489]

SOURCE: AIR
RX_ID: 250, Freq: 131.725MHz
Mode: E NACKLabel: H1 Block ID: 6, Msg No: D72A
Flight ID: KL0104 REG: PH-BVB


Message content:-
#DFB(POS-KLM104  -4430N00522E/074634 F360
RMK/FUEL  14.7 M0.84)
-------------------------------------------------------[2024-08-07 07:46:36.909]

SOURCE: AIR
RX_ID: 251, Freq: 131.725MHz
Mode: G NACKLabel: H1 Block ID: 4, Msg No: D34B
Flight ID: AF7331 REG: F-GTAD


Message content:-
#DFB1,00,7860/N202,00,00,00,00,01,01,00,7670/S10900,0901,0988,7860,3777,3430,0970/S20901,0900,0986,7670,3852,3400,0970/T15425,1276,290,139,----,017,004/T25350,1266,288,139,----,019,006/V118,25,024,076,04,00,000
-------------------------------------------------------[2024-08-07 08:06:51.384]

SOURCE: AIR
RX_ID: 252, Freq: 131.725MHz
Mode: G NACKLabel: H1 Block ID: 6, Msg No: C12A
Flight ID: AF7331 REG: F-GTAD


Message content:-
#CFBFLR/FR24080708060030310005SDAC1:NO DATA FROM      PHC2/IDECAM 1,ECAM 2
-------------------------------------------------------[2024-08-07 08:07:02.868]

SOURCE: AIR
RX_ID: 253, Freq: 131.725MHz
Mode: G NACKLabel: H1 Block ID: 8, Msg No: F96A
Flight ID: ZF2602 REG: TF-AKE


Message content:-
#M1BPOSN43199E005011,,081656,340,MTL,082604,ETREK,M48,24722,566,83,986A
-------------------------------------------------------[2024-08-07 08:17:01.511]

SOURCE: AIR
RX_ID: 254, Freq: 131.525MHz
Mode: T NACKLabel: 2Z Block ID: 9, Msg No: M40A
Flight ID: AF7302 REG: F-GMZD


Message content:-
LFMN
-------------------------------------------------------[2024-08-07 08:24:10.350]

SOURCE: AIR
RX_ID: 255, Freq: 131.525MHz
Mode: 2 NACKLabel: 2Z Block ID: 9, Msg No: M40A
Flight ID: AF7302 REG: F-GMZD


Message content:-
LFMN
-------------------------------------------------------[2024-08-07 08:24:19.566]

SOURCE: AIR
RX_ID: 256, Freq: 131.525MHz
Mode: 2 NACKLabel: 2Z Block ID: 9, Msg No: M40A
Flight ID: AF7302 REG: F-GMZD


Message content:-
LFMN
-------------------------------------------------------[2024-08-07 08:24:30.207]

SOURCE: AIR
RX_ID: 257, Freq: 131.525MHz
Mode: 2 NACKLabel: 2Z Block ID: 9, Msg No: M40A
Flight ID: AF7302 REG: F-GMZD


Message content:-
LFMN
-------------------------------------------------------[2024-08-07 08:24:39.644]

SOURCE: AIR
RX_ID: 258, Freq: 131.725MHz
Mode: 2 NACKLabel: 2Z Block ID: 9, Msg No: M40A
Flight ID: AF7302 REG: F-GMZD


Message content:-
LFMN
-------------------------------------------------------[2024-08-07 08:24:49.484]

SOURCE: AIR
RX_ID: 259, Freq: 131.725MHz
Mode: E NACKLabel: 2Z Block ID: 9, Msg No: M40A
Flight ID: AF7302 REG: F-GMZD


Message content:-
LFMN
-------------------------------------------------------[2024-08-07 08:24:58.079]

SOURCE: AIR
RX_ID: 260, Freq: 131.725MHz
Mode: E NACKLabel: SA Block ID: 0, Msg No: S85A
Flight ID: AF7302 REG: F-GMZD


Message content:-
0EV082447V
-------------------------------------------------------[2024-08-07 08:25:01.340]

SOURCE: AIR
RX_ID: 261, Freq: 131.725MHz
Mode: E NACKLabel: 2F Block ID: 1, Msg No: M41A
Flight ID: AF7302 REG: F-GMZD


Message content:-
0825+4448+522/2955
-------------------------------------------------------[2024-08-07 08:25:14.244]

SOURCE: AIR
RX_ID: 262, Freq: 131.725MHz
Mode: E NACKLabel: 2F Block ID: 1, Msg No: M41A
Flight ID: AF7302 REG: F-GMZD


Message content:-
0825+4448+522/2955
-------------------------------------------------------[2024-08-07 08:25:23.063]

SOURCE: AIR
RX_ID: 263, Freq: 131.725MHz
Mode: G NACKLabel: H1 Block ID: 0, Msg No: F97A
Flight ID: ZF2602 REG: TF-AKE


Message content:-
#M1BPOSN44253E004336,,082528,340,MTL,082616,ETREK,M49,3036,535,83,73BE
-------------------------------------------------------[2024-08-07 08:25:31.872]

SOURCE: AIR
RX_ID: 264, Freq: 131.725MHz
Mode: E NACKLabel: 2F Block ID: 1, Msg No: M41A
Flight ID: AF7302 REG: F-GMZD


Message content:-
0825+4448+522/2955
-------------------------------------------------------[2024-08-07 08:25:33.299]

SOURCE: AIR
RX_ID: 265, Freq: 131.725MHz
Mode: G NACKLabel: H1 Block ID: 0, Msg No: F97A
Flight ID: ZF2602 REG: TF-AKE


Message content:-
#M1BPOSN44253E004336,,082528,340,MTL,082616,ETREK,M49,3036,535,83,73BE
-------------------------------------------------------[2024-08-07 08:25:43.940]

SOURCE: AIR
RX_ID: 266, Freq: 131.725MHz
Mode: G NACKLabel: H1 Block ID: 1, Msg No: D45A
Flight ID: ZF2602 REG: TF-AKE


Message content:-
#DFB1501B747.F-AKE260207AUG2408251103776205291.834033998-16.5-019
HKJKEBLGER706146706744706747707000CIG04335635537
3706747000040000006000004000000607AUG24002124000373
3002.50001002.57000VIBL.3--
3548088.200
-------------------------------------------------------[2024-08-07 08:27:16.320]

SOURCE: AIR
RX_ID: 267, Freq: 131.725MHz
Mode: G NACKLabel: H1 Block ID: 1, Msg No: D45A
Flight ID: ZF2602 REG: TF-AKE


Message content:-
#DFB1501B747.F-AKE260207AUG2408251103776205291.834033998-16.5-019
HKJKEBLGER706146706744706747707000CIG04335635537
3706747000040000006000004000000607AUG24002124000373
3002.50001002.57000VIBL.3--
3548088.200
-------------------------------------------------------[2024-08-07 08:27:50.916]

SOURCE: AIR
RX_ID: 268, Freq: 131.725MHz
Mode: E NACKLabel: H1 Block ID: 2, Msg No: D45A
Flight ID: ZF2602 REG: TF-AKE


Message content:-
#DFB1501B747.F-AKE260207AUG2408251103776205291.834033998-16.5-019
HKJKEBLGER706146706744706747707000CIG04335635537
3706747000040000006000004000000607AUG24002124000373
3002.50001002.57000VIBL.3--
3548088.200
-------------------------------------------------------[2024-08-07 08:27:59.951]

SOURCE: AIR
RX_ID: 269, Freq: 131.725MHz
Mode: E NACKLabel: H1 Block ID: 3, Msg No: D45B
Flight ID: ZF2602 REG: TF-AKE


Message content:-
#DFB610095.80486460.60.830.080.1975.3000-16.0
3549088.100609095.80488860.60.830.130.1975.3000-16.0
3550088.100609095.80491260.60.870.130.1975.3000-16.3
3551088.100610095.80492860.60.870.130.1975.4000-16.3
3
-------------------------------------------------------[2024-08-07 08:28:03.207]

SOURCE: AIR
RX_ID: 270, Freq: 131.725MHz
Mode: E NACKLabel: H1 Block ID: 4, Msg No: D45C
Flight ID: ZF2602 REG: TF-AKE


Message content:-
#DFB552088.100610095.70491260.60.870.360.1775.4N00-16.3
3553088.100610095.80490460.60.830.360.1775.4N00-16.3
3554088.200611095.80492860.60.830.010.1975.5N00-16.3
3555088.200611095.80493660.60.930.010.1975.50
-------------------------------------------------------[2024-08-07 08:28:07.122]

SOURCE: AIR
RX_ID: 271, Freq: 131.725MHz
Mode: E NACKLabel: H1 Block ID: 5, Msg No: D45D
Flight ID: ZF2602 REG: TF-AKE


Message content:-
#DFB00-16.3
3556088.200612095.80493660.60.930.010.1975.4000-16.3
3557088.200612095.80493660.60.930.140.1975.5000-16.3
3558088.200612095.80492860.60.890.140.1975.4000-16.5
3559088.300612095.80491260.60.890.0
-------------------------------------------------------[2024-08-07 08:28:10.376]

SOURCE: AIR
RX_ID: 272, Freq: 131.725MHz
Mode: E NACKLabel: H1 Block ID: 6, Msg No: D45E
Flight ID: ZF2602 REG: TF-AKE


Message content:-
#DFB90.1875.6N00-16.5
3560088.300613095.90491260.60.930.090.1875.6000-16.5
3561088.600615096.10493660.70.932.570.1876.1000-16.5
3562088.600616096.10496860.80.932.570.1876.1000-16.5
3563088.800617096.2050006
-------------------------------------------------------[2024-08-07 08:28:25.332]

SOURCE: AIR
RX_ID: 273, Freq: 131.725MHz
Mode: E NACKLabel: H1 Block ID: 7, Msg No: D45F
Flight ID: ZF2602 REG: TF-AKE


Message content:-
#DFB0.91.062.570.1876.3000-16.5
3564088.800618096.20501660.91.060.760.1976.1000-16.5
3565088.900619096.20501661.01.070.760.1976.3N00-16.5
3566089.000620096.30504861.01.070.760.1976.3000-16.5
3567088.9006190
-------------------------------------------------------[2024-08-07 08:28:29.430]

SOURCE: AIR
RX_ID: 274, Freq: 131.725MHz
Mode: E NACKLabel: H1 Block ID: 8, Msg No: D45G
Flight ID: ZF2602 REG: TF-AKE


Message content:-
#DFB96.10505661.01.070.140.1676.1000-16.8
3568089.200621096.30506461.11.160.140.1676.5000-16.8
3569089.200621096.30508861.11.160.250.1876.4N00-16.8
3570089.100620096.20508061.11.330.250.1876.4N00-17.0
35710
-------------------------------------------------------[2024-08-07 08:28:33.122]

SOURCE: AIR
RX_ID: 275, Freq: 131.725MHz
Mode: E NACKLabel: H1 Block ID: 8, Msg No: D45G
Flight ID: ZF2602 REG: TF-AKE


Message content:-
#DFB96.10505661.01.070.140.1676.1000-16.8
3568089.200621096.30506461.11.160.140.1676.5000-16.8
3569089.200621096.30508861.11.160.250.1876.4N00-16.8
3570089.100620096.20508061.11.330.250.1876.4N00-17.0
35710
-------------------------------------------------------[2024-08-07 08:28:45.190]

SOURCE: AIR
RX_ID: 276, Freq: 131.725MHz
Mode: E NACKLabel: H1 Block ID: 8, Msg No: D45G
Flight ID: ZF2602 REG: TF-AKE


Message content:-
#DFB96.10505661.01.070.140.1676.1000-16.8
3568089.200621096.30506461.11.160.140.1676.5000-16.8
3569089.200621096.30508861.11.160.250.1876.4N00-16.8
3570089.100620096.20508061.11.330.250.1876.4N00-17.0
35710
-------------------------------------------------------[2024-08-07 08:28:57.076]

SOURCE: AIR
RX_ID: 277, Freq: 131.725MHz
Mode: E NACKLabel: H1 Block ID: 8, Msg No: D45G
Flight ID: ZF2602 REG: TF-AKE


Message content:-
#DFB96.10505661.01.070.140.1676.1000-16.8
3568089.200621096.30506461.11.160.140.1676.5000-16.8
3569089.200621096.30508861.11.160.250.1876.4N00-16.8
3570089.100620096.20508061.11.330.250.1876.4N00-17.0
35710
-------------------------------------------------------[2024-08-07 08:29:08.965]

SOURCE: AIR
RX_ID: 278, Freq: 131.725MHz
Mode: 2 NACKLabel: H1 Block ID: 9, Msg No: D45G
Flight ID: ZF2602 REG: TF-AKE


Message content:-
#DFB96.10505661.01.070.140.1676.1000-16.8
3568089.200621096.30506461.11.160.140.1676.5000-16.8
3569089.200621096.30508861.11.160.250.1876.4N00-16.8
3570089.100620096.20508061.11.330.250.1876.4N00-17.0
35710
-------------------------------------------------------[2024-08-07 08:29:18.582]

SOURCE: AIR
RX_ID: 279, Freq: 131.725MHz
Mode: 2 NACKLabel: H1 Block ID: 0, Msg No: D45H
Flight ID: ZF2602 REG: TF-AKE


Message content:-
#DFB89.300621096.30508861.11.330.170.1976.7000-17.0
3572089.300622096.30510461.11.310.170.1976.8000-17.0
3573089.200621096.20510461.21.310.170.1976.6N00-17.0
3574089.300622096.40508861.21.310.170.1876.8000-1
-------------------------------------------------------[2024-08-07 08:29:22.060]

SOURCE: AIR
RX_ID: 280, Freq: 131.725MHz
Mode: X NACKLabel: H1 Block ID: 1, Msg No: D45I
Flight ID: ZF2602 REG: TF-AKE


Message content:-
#DFB7.3
3575089.400623096.40511261.31.320.170.1876.9N00-17.3
3576089.500624096.40512861.31.320.170.1876.9000-17.3
3577089.600625096.40513661.31.400.260.1976.9N00-17.3
3578089.700625096.40515261.31.400.260.1
-------------------------------------------------------[2024-08-07 08:29:25.533]

SOURCE: AIR
RX_ID: 281, Freq: 131.725MHz
Mode: X NACKLabel: H1 Block ID: 5, Msg No: D45M
Flight ID: ZF2602 REG: TF-AKE


Message content:-
#DFB00640097.10533661.91.410.320.2278.1000-18.0
3591090.800641097.10534462.01.410.370.2278.0000-18.0
3592091.100642097.30536862.11.470.370.2278.5000-18.0
3593091.200646097.40541662.11.470.310.2278.4N00-18.0
-------------------------------------------------------[2024-08-07 08:29:40.093]

SOURCE: AIR
RX_ID: 282, Freq: 131.725MHz
Mode: X NACKLabel: H1 Block ID: 6, Msg No: D45N
Flight ID: ZF2602 REG: TF-AKE


Message content:-
#DFB
3594091.100645097.20544062.11.460.310.2278.2000-18.0
3595091.100645097.30544062.11.460.370.2578.1N00-18.0
3596091.300648097.40545662.31.460.370.2578.3N00-18.0
3597091.500650097.60548062.31.430.370.2578.
-------------------------------------------------------[2024-08-07 08:29:43.782]

SOURCE: AIR
RX_ID: 283, Freq: 131.725MHz
Mode: E NACKLabel: 5U Block ID: 2, Msg No: M42A
Flight ID: AF7302 REG: F-GMZD


Message content:-
3LFML/LFLL/LFMT
-------------------------------------------------------[2024-08-07 08:29:51.134]

SOURCE: AIR
RX_ID: 284, Freq: 131.725MHz
Mode: X NACKLabel: H1 Block ID: 6, Msg No: D45N
Flight ID: ZF2602 REG: TF-AKE


Message content:-
#DFB
3594091.100645097.20544062.11.460.310.2278.2000-18.0
3595091.100645097.30544062.11.460.370.2578.1N00-18.0
3596091.300648097.40545662.31.460.370.2578.3N00-18.0
3597091.500650097.60548062.31.430.370.2578.
-------------------------------------------------------[2024-08-07 08:29:56.070]

SOURCE: AIR
RX_ID: 285, Freq: 131.725MHz
Mode: X NACKLabel: H1 Block ID: 7, Msg No: D45O
Flight ID: ZF2602 REG: TF-AKE


Message content:-
#DFB5N00-18.0
3598091.600651097.60550462.41.430.380.2678.6000-18.0
3599091.800652097.80552062.51.440.380.2678.8000-18.0
3600092.100655097.80556862.61.440.390.2579.0000-18.0
3601091.900654097.60560062.61.370
-------------------------------------------------------[2024-08-07 08:29:59.947]

SOURCE: AIR
RX_ID: 286, Freq: 131.725MHz
Mode: X NACKLabel: H1 Block ID: 8, Msg No: D45P
Flight ID: ZF2602 REG: TF-AKE


Message content:-
#DFB.390.2578.8N00-18.0
3602091.800654097.50562462.61.370.350.2778.5N00-18.0
3603091.800654097.60561662.61.370.350.2778.6000-18.0

-------------------------------------------------------[2024-08-07 08:30:03.239]

SOURCE: AIR
RX_ID: 287, Freq: 131.725MHz
Mode: E NACKLabel: 26 Block ID: 5, Msg No: M43A
Flight ID: AF7302 REG: F-GMZD


Message content:-
0830LFPGAF7302/070845LFMN04L
-------------------------------------------------------[2024-08-07 08:30:04.263]

SOURCE: AIR
RX_ID: 288, Freq: 131.725MHz
Mode: X NACKLabel: H1 Block ID: 9, Msg No: D46A
Flight ID: ZF2602 REG: TF-AKE


Message content:-
#DFB1501B747.F-AKE260207AUG2408251103776205291.834033998-16.5-019
HKJKEBLGER706146706744706747707000CIG04335635637
3706747000040000006000004000000607AUG24002124000373
3002.50001002.57000VIBL.3--
3548XX.XXXX
-------------------------------------------------------[2024-08-07 08:30:21.857]

SOURCE: AIR
RX_ID: 289, Freq: 131.725MHz
Mode: X NACKLabel: H1 Block ID: 0, Msg No: D46B
Flight ID: ZF2602 REG: TF-AKE


Message content:-
#DFB.XX0048.1126.5386XX.XX03935935.035.8.842
3549XX.XXXX.XX0047.9126.5385XX.XX03935935.035.8.842
3550XX.XXXX.XX0047.6126.5386XX.XX03935935.035.8.841
3551XX.XXXX.XX0047.6126.0387XX.XX03935935.035.6.841
3551X
-------------------------------------------------------[2024-08-07 08:30:26.973]

SOURCE: AIR
RX_ID: 290, Freq: 131.725MHz
Mode: X NACKLabel: H1 Block ID: 2, Msg No: D46D
Flight ID: ZF2602 REG: TF-AKE


Message content:-
#DFB
3556XX.XXXX.XX0048.0126.0388XX.XX03935935.035.8.838
3557XX.XXXX.XX0048.0125.5388XX.XX03935935.035.6.836
3558XX.XXXX.XX0048.1126.0389XX.XX03935935.035.6.836
3559XX.XXXX.XX0048.1126.0389XX.XX03935935.035.
-------------------------------------------------------[2024-08-07 08:30:34.141]

SOURCE: AIR
RX_ID: 291, Freq: 131.725MHz
Mode: X NACKLabel: H1 Block ID: 3, Msg No: D46E
Flight ID: ZF2602 REG: TF-AKE


Message content:-
#DFB6.834
3560XX.XXXX.XX0048.3126.5389XX.XX03935934.935.5.834
3561XX.XXXX.XX0048.4127.0389XX.XX03935935.035.6.834
3562XX.XXXX.XX0048.6127.5390XX.XX03935935.135.8.832
3563XX.XXXX.XX0048.9128.0391XX.XX0393593
-------------------------------------------------------[2024-08-07 08:30:38.859]

SOURCE: AIR
RX_ID: 292, Freq: 131.725MHz
Mode: X NACKLabel: H1 Block ID: 4, Msg No: D46F
Flight ID: ZF2602 REG: TF-AKE


Message content:-
#DFB5.135.8.834
3564XX.XXXX.XX0049.1128.0392XX.XX03935935.335.9.834
3565XX.XXXX.XX0049.3128.0392XX.XX03935935.135.9.831
3566XX.XXXX.XX0049.3128.5393XX.XX03935935.335.9.834
3567XX.XXXX.XX0049.1128.5392XX.XX0
-------------------------------------------------------[2024-08-07 08:30:43.979]

SOURCE: AIR
RX_ID: 293, Freq: 131.725MHz
Mode: X NACKLabel: H1 Block ID: 4, Msg No: D46F
Flight ID: ZF2602 REG: TF-AKE


Message content:-
#DFB5.135.8.834
3564XX.XXXX.XX0049.1128.0392XX.XX03935935.335.9.834
3565XX.XXXX.XX0049.3128.0392XX.XX03935935.135.9.831
3566XX.XXXX.XX0049.3128.5393XX.XX03935935.335.9.834
3567XX.XXXX.XX0049.1128.5392XX.XX0
-------------------------------------------------------[2024-08-07 08:30:57.108]

SOURCE: AIR
RX_ID: 294, Freq: 131.725MHz
Mode: X NACKLabel: H1 Block ID: 5, Msg No: D46G
Flight ID: ZF2602 REG: TF-AKE


Message content:-
#DFB3935935.335.9.833
3568XX.XXXX.XX0049.1129.0392XX.XX03935935.335.9.832
3569XX.XXXX.XX0049.3128.5393XX.XX03935935.335.9.830
3570XX.XXXX.XX0048.8128.5392XX.XX03935935.335.9.828
3571XX.XXXX.XX0048.6129.5392
-------------------------------------------------------[2024-08-07 08:31:00.765]

SOURCE: AIR
RX_ID: 295, Freq: 131.725MHz
Mode: X NACKLabel: H1 Block ID: 6, Msg No: D46H
Flight ID: ZF2602 REG: TF-AKE


Message content:-
#DFBXX.XX03935935.135.8.828
3572XX.XXXX.XX0048.6129.0392XX.XX03935935.335.9.829
3573XX.XXXX.XX0048.5129.0392XX.XX03935935.135.9.829
3574XX.XXXX.XX0048.5129.5392XX.XX03935935.335.8.827
3575XX.XXXX.XX0048.812
-------------------------------------------------------[2024-08-07 08:31:05.080]

SOURCE: AIR
RX_ID: 296, Freq: 131.725MHz
Mode: X NACKLabel: H1 Block ID: 7, Msg No: D46I
Flight ID: ZF2602 REG: TF-AKE


Message content:-
#DFB9.5393XX.XX03935935.335.9.828
3576XX.XXXX.XX0048.9129.5393XX.XX04035935.435.9.825
3577XX.XXXX.XX0048.9130.0393XX.XX04035935.336.0.824
3578XX.XXXX.XX0048.8131.0393XX.XX04035935.336.0.828
3579XX.XXXX.XX00
-------------------------------------------------------[2024-08-07 08:31:09.396]

SOURCE: AIR
RX_ID: 297, Freq: 131.725MHz
Mode: X NACKLabel: H1 Block ID: 8, Msg No: D46J
Flight ID: ZF2602 REG: TF-AKE


Message content:-
#DFB48.8130.0393XX.XX04035935.436.0.823
3580XX.XXXX.XX0048.9131.0394XX.XX04035935.436.0.825
3581XX.XXXX.XX0049.1131.0395XX.XX04035935.436.0.821
3582XX.XXXX.XX0049.4131.5396XX.XX04035935.436.0.822
3583XX.XXX
-------------------------------------------------------[2024-08-07 08:31:13.272]

SOURCE: AIR
RX_ID: 298, Freq: 131.725MHz
Mode: X NACKLabel: H1 Block ID: 9, Msg No: D46K
Flight ID: ZF2602 REG: TF-AKE


Message content:-
#DFBX.XX0050.0131.5398XX.XX04035935.436.1.822
3584XX.XXXX.XX0049.9131.5399XX.XX04035935.536.0.822
3585XX.XXXX.XX0049.9132.0399XX.XX04035935.436.0.819
3586XX.XXXX.XX0050.5133.0399XX.XX04035935.536.0.821
3587
-------------------------------------------------------[2024-08-07 08:31:18.612]

SOURCE: AIR
RX_ID: 299, Freq: 131.725MHz
Mode: X NACKLabel: H1 Block ID: 9, Msg No: D46K
Flight ID: ZF2602 REG: TF-AKE


Message content:-
#DFBX.XX0050.0131.5398XX.XX04035935.436.1.822
3584XX.XXXX.XX0049.9131.5399XX.XX04035935.536.0.822
3585XX.XXXX.XX0049.9132.0399XX.XX04035935.436.0.819
3586XX.XXXX.XX0050.5133.0399XX.XX04035935.536.0.821
3587
-------------------------------------------------------[2024-08-07 08:31:29.438]

SOURCE: AIR
RX_ID: 300, Freq: 131.725MHz
Mode: X NACKLabel: H1 Block ID: 0, Msg No: D46L
Flight ID: ZF2602 REG: TF-AKE


Message content:-
#DFBXX.XXXX.XX0050.4132.5400XX.XX04035935.536.1.819
3588XX.XXXX.XX0050.3132.5401XX.XX04035935.536.0.818
3589XX.XXXX.XX0050.3133.0401XX.XX04035935.436.0.818
3590XX.XXXX.XX0050.6133.5402XX.XX04035935.536.0.818
-------------------------------------------------------[2024-08-07 08:31:33.533]

SOURCE: AIR
RX_ID: 301, Freq: 131.725MHz
Mode: X NACKLabel: H1 Block ID: 4, Msg No: D46P
Flight ID: ZF2602 REG: TF-AKE


Message content:-
#DFB04236235.536.3.819
3603XX.XXXX.XX0052.8137.5411XX.XX04236235.536.3.821
3604XX.XXXX.XX0053.0138.0411XX.XX04236235.536.1.815

-------------------------------------------------------[2024-08-07 08:32:27.406]

SOURCE: AIR
RX_ID: 302, Freq: 131.725MHz
Mode: X NACKLabel: 30 Block ID: 1, Msg No: M63A
Flight ID: DL0233 REG: N1602


Message content:-
070830 LIRN KJFK6
Z      








-------------------------------------------------------[2024-08-07 08:51:56.819]

SOURCE: AIR
RX_ID: 303, Freq: 131.725MHz
Mode: X NACKLabel: H1 Block ID: 5, Msg No: D28A
Flight ID: DL0233 REG: N1602


Message content:-
#DFB902N1602 0233160186085406279339802-18-470000 941 994CR000000000000
00000000000000000000000000000000004008018063001320084070204302008C860
000000000000000000000000000000000000000000000420801806300132008407
-------------------------------------------------------[2024-08-07 08:54:44.140]

SOURCE: AIR
RX_ID: 304, Freq: 131.725MHz
Mode: G NACKLabel: SA Block ID: 0, Msg No: M24A
Flight ID: ZD0000 REG: 6VJMJ


Message content:-
0EV090130VS/
-------------------------------------------------------[2024-08-07 09:01:39.488]

SOURCE: AIR
RX_ID: 305, Freq: 131.725MHz
Mode: G NACKLabel: H1 Block ID: 1, Msg No: A02A
Flight ID: ZD0000 REG: 6VJMJ


Message content:-
#M1B/.RESTWX/AK,071/TS090159,0708240F25
-------------------------------------------------------[2024-08-07 09:02:02.857]

SOURCE: AIR
RX_ID: 306, Freq: 131.725MHz
Mode: 2 NACKLabel: 44 Block ID: 3, Msg No: M81A
Flight ID: GS0111 REG: OK-OSK


Message content:-
00POS03,N42555E006146,430,LPCS,LRSV,0807,0913,1114,005.4
-------------------------------------------------------[2024-08-07 09:13:45.515]

SOURCE: AIR
RX_ID: 307, Freq: 131.725MHz
Mode: E NACKLabel: B1 Block ID: 4, Msg No: L13A
Flight ID: DL0025 REG: N826MH


Message content:-
/PIKCLXS.OC1/RCL 024
DAL25-RIVAK/1040 M080F3401841
-------------------------------------------------------[2024-08-07 09:17:44.741]

SOURCE: AIR
RX_ID: 308, Freq: 131.725MHz
Mode: E NACKLabel: H1 Block ID: 6, Msg No: D42A
Flight ID: DL0025 REG: N826MH


Message content:-
#DFB239N1802 0025080724092049781 4497   518320  0-30191 18XX-223122320
 283 469005630594002P05ZLFMNKATL
-------------------------------------------------------[2024-08-07 09:20:58.064]

SOURCE: AIR
RX_ID: 309, Freq: 131.725MHz
Mode: E NACKLabel: H1 Block ID: 6, Msg No: D42A
Flight ID: DL0025 REG: N826MH


Message content:-
#DFB239N1802 0025080724092049781 4497   518320  0-30191 18XX-223122320
 283 469005630594002P05ZLFMNKATL
-------------------------------------------------------[2024-08-07 09:21:08.523]

SOURCE: AIR
RX_ID: 310, Freq: 131.725MHz
Mode: E NACKLabel: B1 Block ID: 7, Msg No: L14A
Flight ID: DL0025 REG: N826MH


Message content:-
/PIKCLXS.OC1/RCL 024
DAL25-SIVIR/1043 M080F340A127
-------------------------------------------------------[2024-08-07 09:21:18.764]

SOURCE: AIR
RX_ID: 311, Freq: 131.825MHz
Mode: 2 NACKLabel: B0 Block ID: 9, Msg No: L65A
Flight ID: AC0907 REG: C-FNNU


Message content:-
/LFFF.AFN/FMHACA907,.C-FNNU,C023BB,092343/FPON44276E005565,1/FCOADS,01/FCOATC,018B03
-------------------------------------------------------[2024-08-07 09:23:46.629]

SOURCE: AIR
RX_ID: 312, Freq: 131.825MHz
Mode: 2 NACKLabel: H1 Block ID: 9, Msg No: F26A
Flight ID: AC0907 REG: C-FNNU


Message content:-
#M1BRESPWI/AK,71605F
-------------------------------------------------------[2024-08-07 09:24:57.910]

SOURCE: AIR
RX_ID: 313, Freq: 131.825MHz
Mode: 2 NACKLabel: H1 Block ID: 0, Msg No: F27A
Flight ID: AC0907 REG: C-FNNU


Message content:-
#M1BRESPWI/AC,0858A2F
-------------------------------------------------------[2024-08-07 09:25:07.343]

SOURCE: AIR
RX_ID: 314, Freq: 131.825MHz
Mode: 2 NACKLabel: 4T Block ID: 2, Msg No: M72A
Flight ID: AC0907 REG: C-FNNU


Message content:-
AGFSR AC0907/07/07/FCOYYZ/0925Z/746/4438.9N00536.6E/319/CRUISE/0763/0120/M42/235017/0303/---/487/0758/0839/----/----
-------------------------------------------------------[2024-08-07 09:26:02.823]

SOURCE: AIR
RX_ID: 315, Freq: 131.725MHz
Mode: 2 ACK, A2GLabel: 12 Block ID: 0, Msg No: M79A
Flight ID: XA0001 REG: 9HXOC


Message content:-
(2AAYCN44054E  6494 R1601            L(Z
-------------------------------------------------------[2024-08-07 09:36:36.906]

SOURCE: AIR
RX_ID: 316, Freq: 131.725MHz
Mode: 2 ACK, A2GLabel: 14 Block ID: 5, Msg No: M15A
Flight ID: XA0001 REG: 9HXOC


Message content:-
(2/EOD
-------------------------------------------------------[2024-08-07 09:39:58.011]

SOURCE: AIR
RX_ID: 317, Freq: 131.725MHz
Mode: 2 NACKLabel: 14 Block ID: 7, Msg No: M27A
Flight ID: XA0001 REG: 9HXOC


Message content:-
(2/EPD
-------------------------------------------------------[2024-08-07 09:40:54.957]

SOURCE: AIR
RX_ID: 318, Freq: 131.725MHz
Mode: 2 ACK, A2GLabel: 17 Block ID: 5, Msg No: M45A
Flight ID: XA0001 REG: 9HXOC


Message content:-
(2/YCE
-------------------------------------------------------[2024-08-07 09:42:03.964]

SOURCE: AIR
RX_ID: 319, Freq: 131.725MHz
Mode: 2 ACK, A2GLabel: 18 Block ID: 7, Msg No: M47A
Flight ID: XA0001 REG: 9HXOC


Message content:-
(2/HSA
-------------------------------------------------------[2024-08-07 09:42:10.327]

SOURCE: AIR
RX_ID: 320, Freq: 131.725MHz
Mode: 2 ACK, A2GLabel: 14 Block ID: 2, Msg No: M62A
Flight ID: XA0001 REG: 9HXOC


Message content:-
(2/EQD
-------------------------------------------------------[2024-08-07 09:43:02.551]

SOURCE: AIR
RX_ID: 321, Freq: 131.725MHz
Mode: 2 ACK, A2GLabel: 14 Block ID: 5, Msg No: M75A
Flight ID: XA0001 REG: 9HXOC


Message content:-
(2/ERD
-------------------------------------------------------[2024-08-07 09:44:07.868]

SOURCE: AIR
RX_ID: 322, Freq: 131.725MHz
Mode: 2 NACKLabel: 18 Block ID: 6, Msg No: M76A
Flight ID: XA0001 REG: 9HXOC


Message content:-
(2/HUA
-------------------------------------------------------[2024-08-07 09:44:10.722]

