SOURCE: AIR
RX_ID: 0, Freq: 131.825MHz
Mode: 2 NACKLabel: Q0 Block ID: 5, Msg No: S12A
Flight ID: FR009W REG: EI-EMI


Message content:-

-------------------------------------------------------[2024-01-25 12:20:06.660]

SOURCE: AIR
RX_ID: 1, Freq: 131.825MHz
Mode: 2 ACK, A2GLabel: _d Block ID: 0, Msg No: S14A
Flight ID: FR009W REG: EI-EMI


Message content:-

-------------------------------------------------------[2024-01-25 12:29:24.342]

SOURCE: AIR
RX_ID: 2, Freq: 131.825MHz
Mode: 2 ACK, A2GLabel: _d Block ID: 1, Msg No: S15A
Flight ID: FR009W REG: EI-EMI


Message content:-

-------------------------------------------------------[2024-01-25 12:29:31.074]

SOURCE: AIR
RX_ID: 3, Freq: 131.525MHz
Mode: T NACKLabel: 26 Block ID: 8, Msg No: M85A
Flight ID: AF7336 REG: F-GMZE


Message content:-
1239LFPGAF7336/251254LFML31L
-------------------------------------------------------[2024-01-25 12:39:04.065]

SOURCE: AIR
RX_ID: 4, Freq: 131.525MHz
Mode: T NACKLabel: 26 Block ID: 8, Msg No: M85A
Flight ID: AF7336 REG: F-GMZE


Message content:-
1239LFPGAF7336/251254LFML31L
-------------------------------------------------------[2024-01-25 12:39:14.890]

SOURCE: AIR
RX_ID: 5, Freq: 131.525MHz
Mode: T NACKLabel: 26 Block ID: 8, Msg No: M85A
Flight ID: AF7336 REG: F-GMZE


Message content:-
1239LFPGAF7336/251254LFML31L
-------------------------------------------------------[2024-01-25 12:39:26.760]

SOURCE: AIR
RX_ID: 6, Freq: 131.525MHz
Mode: 2 NACKLabel: 26 Block ID: 8, Msg No: M85A
Flight ID: AF7336 REG: F-GMZE


Message content:-
1239LFPGAF7336/251254LFML31L
-------------------------------------------------------[2024-01-25 12:39:35.569]

SOURCE: AIR
RX_ID: 7, Freq: 131.525MHz
Mode: 2 NACKLabel: 26 Block ID: 8, Msg No: M85A
Flight ID: AF7336 REG: F-GMZE


Message content:-
1239LFPGAF7336/251254LFML31L
-------------------------------------------------------[2024-01-25 12:39:47.022]

SOURCE: AIR
RX_ID: 8, Freq: 131.525MHz
Mode: 2 NACKLabel: 26 Block ID: 8, Msg No: M85A
Flight ID: AF7336 REG: F-GMZE


Message content:-
1239LFPGAF7336/251254LFML31L
-------------------------------------------------------[2024-01-25 12:39:59.308]

SOURCE: AIR
RX_ID: 9, Freq: 131.525MHz
Mode: 2 NACKLabel: 2F Block ID: 9, Msg No: M86A
Flight ID: AF7336 REG: F-GMZE


Message content:-
1239+4399+506/1639
-------------------------------------------------------[2024-01-25 12:40:03.219]

SOURCE: AIR
RX_ID: 10, Freq: 131.525MHz
Mode: 2 NACKLabel: H1 Block ID: 0, Msg No: D61A
Flight ID: AF7336 REG: F-GMZE


Message content:-
#DFBA01/A32101,1,1/CCF-GMZE,JAN25,122341,LFPG,LFML,0062/C106,09204,5000,53,0010,0,0100,62,X/CEN257,32953,272,768,6782,283,C53015/EC643526,23603,01707,20979,73,11/EE577159,37018,05896,29701,73/N10845,0845,0928,6
-------------------------------------------------------[2024-01-25 12:43:30.396]

SOURCE: AIR
RX_ID: 11, Freq: 131.525MHz
Mode: 2 NACKLabel: H1 Block ID: 0, Msg No: D61A
Flight ID: AF7336 REG: F-GMZE


Message content:-
#DFBA01/A32101,1,1/CCF-GMZE,JAN25,122341,LFPG,LFML,0062/C106,09204,5000,53,0010,0,0100,62,X/CEN257,32953,272,768,6782,283,C53015/EC643526,23603,01707,20979,73,11/EE577159,37018,05896,29701,73/N10845,0845,0928,6
-------------------------------------------------------[2024-01-25 12:43:41.655]

SOURCE: AIR
RX_ID: 12, Freq: 131.525MHz
Mode: 2 NACKLabel: H1 Block ID: 0, Msg No: D61A
Flight ID: AF7336 REG: F-GMZE


Message content:-
#DFBA01/A32101,1,1/CCF-GMZE,JAN25,122341,LFPG,LFML,0062/C106,09204,5000,53,0010,0,0100,62,X/CEN257,32953,272,768,6782,283,C53015/EC643526,23603,01707,20979,73,11/EE577159,37018,05896,29701,73/N10845,0845,0928,6
-------------------------------------------------------[2024-01-25 12:43:53.102]

SOURCE: AIR
RX_ID: 13, Freq: 131.725MHz
Mode: 2 NACKLabel: H1 Block ID: 0, Msg No: D61A
Flight ID: AF7336 REG: F-GMZE


Message content:-
#DFBA01/A32101,1,1/CCF-GMZE,JAN25,122341,LFPG,LFML,0062/C106,09204,5000,53,0010,0,0100,62,X/CEN257,32953,272,768,6782,283,C53015/EC643526,23603,01707,20979,73,11/EE577159,37018,05896,29701,73/N10845,0845,0928,6
-------------------------------------------------------[2024-01-25 12:44:03.778]

SOURCE: AIR
RX_ID: 14, Freq: 131.725MHz
Mode: 2 NACKLabel: H1 Block ID: 1, Msg No: D61B
Flight ID: AF7336 REG: F-GMZE


Message content:-
#DFB020,1382,XXXXX/N20845,0845,0927,6006,1370,XXXXX/S1XXXXX,0624,1389,4171,XXXX,020,N00/S2XXXXX,0643,1386,4226,XXXX,027,N00/T1099,100,022,42,068,05664,0161/T2099,098,017,39,065,05666,0129/V1041,081,001,008,358,
-------------------------------------------------------[2024-01-25 12:44:07.252]

SOURCE: AIR
RX_ID: 15, Freq: 131.725MHz
Mode: 2 NACKLabel: H1 Block ID: 2, Msg No: D61C
Flight ID: AF7336 REG: F-GMZE


Message content:-
#DFB00008,00081/V2043,079,012,008,110,00008,00081,/
-------------------------------------------------------[2024-01-25 12:44:10.102]

SOURCE: AIR
RX_ID: 16, Freq: 131.725MHz
Mode: G NACKLabel: Q0 Block ID: 3, Msg No: S56A
Flight ID: AF7336 REG: F-GMZE


Message content:-

-------------------------------------------------------[2024-01-25 12:44:31.202]

SOURCE: AIR
RX_ID: 17, Freq: 131.725MHz
Mode: G NACKLabel: Q0 Block ID: 6, Msg No: S35A
Flight ID: AF0871 REG: F-HRBB


Message content:-

-------------------------------------------------------[2024-01-25 12:44:32.222]

SOURCE: AIR
RX_ID: 18, Freq: 131.725MHz
Mode: G NACKLabel: SA Block ID: 4, Msg No: S57A
Flight ID: AF7336 REG: F-GMZE


Message content:-
0EV124432V
-------------------------------------------------------[2024-01-25 12:44:34.270]

SOURCE: AIR
RX_ID: 19, Freq: 131.725MHz
Mode: G NACKLabel: H1 Block ID: 5, Msg No: D62A
Flight ID: AF7336 REG: F-GMZE


Message content:-
#DFBA02/A32102,1,1/CCF-GMZE,JAN25,123102,LFPG,LFML,0062/C106,09301,5000,53,0010,0,0100,62,X/CEN246,32966,273,771,6754,284,C53015/CNN247,33002,274,773,6754,284/EC643526,23604,01707,20979,73,22,11/EE577159,37019,
-------------------------------------------------------[2024-01-25 12:44:37.963]

SOURCE: AIR
RX_ID: 20, Freq: 131.725MHz
Mode: G NACKLabel: H1 Block ID: 6, Msg No: D62B
Flight ID: AF7336 REG: F-GMZE


Message content:-
#DFB05896,29701,73/N10848,0848,0930,6088,1400,XXXXX/N20848,0848,0929,6081,1386,XXXXX/S1XXXXX,0641,1396,4208,XXXX,021,N00/S2XXXXX,0661,1392,4265,XXXX,028,N00/T1099,098,022,42,066,05675,0161/T2099,098,018,39,062,
-------------------------------------------------------[2024-01-25 12:44:41.839]

SOURCE: AIR
RX_ID: 21, Freq: 131.725MHz
Mode: G NACKLabel: 5V Block ID: 8, Msg No: S37A
Flight ID: AF0871 REG: F-HRBB


Message content:-

-------------------------------------------------------[2024-01-25 12:44:46.554]

SOURCE: AIR
RX_ID: 22, Freq: 131.725MHz
Mode: G NACKLabel: H1 Block ID: 8, Msg No: D62D
Flight ID: AF7336 REG: F-GMZE


Message content:-
#DFB0000,0000/X5N000,N001,N002,0000,0000,0000/X61591,E0044,N450,055,296,0080,0794/X71593,E0044,N450,054,295,0071,0796,/
-------------------------------------------------------[2024-01-25 12:44:50.028]

SOURCE: AIR
RX_ID: 23, Freq: 131.725MHz
Mode: X NACKLabel: Q0 Block ID: 0, Msg No: S40A
Flight ID: AF0871 REG: F-HRBB


Message content:-

-------------------------------------------------------[2024-01-25 12:45:44.502]

SOURCE: AIR
RX_ID: 24, Freq: 131.725MHz
Mode: X NACKLabel: SA Block ID: 1, Msg No: S41A
Flight ID: AF0871 REG: F-HRBB


Message content:-
0EV124544VS/
-------------------------------------------------------[2024-01-25 12:45:52.876]

SOURCE: AIR
RX_ID: 25, Freq: 131.725MHz
Mode: X NACKLabel: B6 Block ID: 2, Msg No: L98A
Flight ID: AF0871 REG: F-HRBB


Message content:-
/ACCFAYA.ADS.F-HRBB141ED7781CF0C9472B599F0D1EDA381CF0494700081FAEF81B310947007458
-------------------------------------------------------[2024-01-25 12:46:15.396]

SOURCE: AIR
RX_ID: 26, Freq: 131.725MHz
Mode: X NACKLabel: B6 Block ID: 3, Msg No: L99A
Flight ID: AF0871 REG: F-HRBB


Message content:-
/ACCFAYA.ADS.F-HRBB141EDB401CEBC9472B821F0D1FAEF81B310947023C2022281A634947003704
-------------------------------------------------------[2024-01-25 12:46:25.448]

SOURCE: AIR
RX_ID: 27, Freq: 131.725MHz
Mode: X NACKLabel: 5V Block ID: 4, Msg No: S42A
Flight ID: AF0871 REG: F-HRBB


Message content:-

-------------------------------------------------------[2024-01-25 12:46:53.891]

SOURCE: AIR
RX_ID: 28, Freq: 131.725MHz
Mode: 2 NACKLabel: Q0 Block ID: 5, Msg No: S44A
Flight ID: AF0871 REG: F-HRBB


Message content:-

-------------------------------------------------------[2024-01-25 12:47:48.857]

SOURCE: AIR
RX_ID: 29, Freq: 131.725MHz
Mode: G NACKLabel: Q0 Block ID: 6, Msg No: S45A
Flight ID: AF0871 REG: F-HRBB


Message content:-

-------------------------------------------------------[2024-01-25 12:47:51.530]

SOURCE: AIR
RX_ID: 30, Freq: 131.725MHz
Mode: G NACKLabel: SA Block ID: 7, Msg No: S46A
Flight ID: AF0871 REG: F-HRBB


Message content:-
0EV124751VS/
-------------------------------------------------------[2024-01-25 12:47:51.935]

SOURCE: AIR
RX_ID: 31, Freq: 131.725MHz
Mode: E NACKLabel: Q0 Block ID: 8, Msg No: S47A
Flight ID: AF0871 REG: F-HRBB


Message content:-

-------------------------------------------------------[2024-01-25 12:47:54.786]

SOURCE: AIR
RX_ID: 32, Freq: 131.725MHz
Mode: E NACKLabel: 5V Block ID: 9, Msg No: S48A
Flight ID: AF0871 REG: F-HRBB


Message content:-

-------------------------------------------------------[2024-01-25 12:48:16.746]

SOURCE: AIR
RX_ID: 33, Freq: 131.725MHz
Mode: 2 NACKLabel: Q0 Block ID: 0, Msg No: S22A
Flight ID: AH2046 REG: 7T-VJR


Message content:-

-------------------------------------------------------[2024-01-25 12:49:06.944]

SOURCE: AIR
RX_ID: 34, Freq: 131.725MHz
Mode: G NACKLabel: SA Block ID: 1, Msg No: M14A
Flight ID: AH2046 REG: 7T-VJR


Message content:-
0EV124908VS
-------------------------------------------------------[2024-01-25 12:49:10.824]

SOURCE: AIR
RX_ID: 35, Freq: 131.725MHz
Mode: 2 NACKLabel: Q0 Block ID: 0, Msg No: S50A
Flight ID: AF0871 REG: F-HRBB


Message content:-

-------------------------------------------------------[2024-01-25 12:49:12.249]

SOURCE: AIR
RX_ID: 36, Freq: 131.725MHz
Mode: G NACKLabel: Q0 Block ID: 1, Msg No: S51A
Flight ID: AF0871 REG: F-HRBB


Message content:-

-------------------------------------------------------[2024-01-25 12:49:14.921]

SOURCE: AIR
RX_ID: 37, Freq: 131.725MHz
Mode: G NACKLabel: SA Block ID: 2, Msg No: S52A
Flight ID: AF0871 REG: F-HRBB


Message content:-
0EV124914VS/
-------------------------------------------------------[2024-01-25 12:49:15.322]

SOURCE: AIR
RX_ID: 38, Freq: 131.725MHz
Mode: G NACKLabel: 5V Block ID: 3, Msg No: S53A
Flight ID: AF0871 REG: F-HRBB


Message content:-

-------------------------------------------------------[2024-01-25 12:49:25.566]

SOURCE: AIR
RX_ID: 39, Freq: 131.725MHz
Mode: 2 NACKLabel: Q0 Block ID: 4, Msg No: S55A
Flight ID: AF0871 REG: F-HRBB


Message content:-

-------------------------------------------------------[2024-01-25 12:50:20.465]

SOURCE: AIR
RX_ID: 40, Freq: 131.725MHz
Mode: 2 NACKLabel: SA Block ID: 5, Msg No: S56A
Flight ID: AF0871 REG: F-HRBB


Message content:-
0EV125023VS/
-------------------------------------------------------[2024-01-25 12:50:23.316]

SOURCE: AIR
RX_ID: 41, Freq: 131.725MHz
Mode: G NACKLabel: Q0 Block ID: 6, Msg No: S57A
Flight ID: AF0871 REG: F-HRBB


Message content:-

-------------------------------------------------------[2024-01-25 12:50:25.990]

SOURCE: AIR
RX_ID: 42, Freq: 131.725MHz
Mode: G NACKLabel: 5V Block ID: 7, Msg No: S58A
Flight ID: AF0871 REG: F-HRBB


Message content:-

-------------------------------------------------------[2024-01-25 12:50:55.065]

SOURCE: AIR
RX_ID: 43, Freq: 131.725MHz
Mode: 2 NACKLabel: Q0 Block ID: 8, Msg No: S60A
Flight ID: AF0871 REG: F-HRBB


Message content:-

-------------------------------------------------------[2024-01-25 12:51:50.977]

SOURCE: AIR
RX_ID: 44, Freq: 131.725MHz
Mode: E NACKLabel: Q0 Block ID: 9, Msg No: S61A
Flight ID: AF0871 REG: F-HRBB


Message content:-

-------------------------------------------------------[2024-01-25 12:51:53.647]

SOURCE: AIR
RX_ID: 45, Freq: 131.725MHz
Mode: E NACKLabel: SA Block ID: 0, Msg No: S62A
Flight ID: AF0871 REG: F-HRBB


Message content:-
0EV125153VS/
-------------------------------------------------------[2024-01-25 12:51:54.451]

SOURCE: AIR
RX_ID: 46, Freq: 131.725MHz
Mode: X NACKLabel: Q0 Block ID: 1, Msg No: S63A
Flight ID: AF0871 REG: F-HRBB


Message content:-

-------------------------------------------------------[2024-01-25 12:51:57.121]

SOURCE: AIR
RX_ID: 47, Freq: 131.725MHz
Mode: X NACKLabel: 5V Block ID: 2, Msg No: S64A
Flight ID: AF0871 REG: F-HRBB


Message content:-

-------------------------------------------------------[2024-01-25 12:52:19.467]

SOURCE: AIR
RX_ID: 48, Freq: 131.725MHz
Mode: 2 NACKLabel: Q0 Block ID: 3, Msg No: S66A
Flight ID: AF0871 REG: F-HRBB


Message content:-

-------------------------------------------------------[2024-01-25 12:53:15.166]

SOURCE: AIR
RX_ID: 49, Freq: 131.725MHz
Mode: X NACKLabel: Q0 Block ID: 4, Msg No: S67A
Flight ID: AF0871 REG: F-HRBB


Message content:-

-------------------------------------------------------[2024-01-25 12:53:18.012]

SOURCE: AIR
RX_ID: 50, Freq: 131.725MHz
Mode: X NACKLabel: SA Block ID: 5, Msg No: S68A
Flight ID: AF0871 REG: F-HRBB


Message content:-
0EV125317VS/
-------------------------------------------------------[2024-01-25 12:53:18.422]

SOURCE: AIR
RX_ID: 51, Freq: 131.725MHz
Mode: G NACKLabel: Q0 Block ID: 6, Msg No: S69A
Flight ID: AF0871 REG: F-HRBB


Message content:-

-------------------------------------------------------[2024-01-25 12:53:22.952]

SOURCE: AIR
RX_ID: 52, Freq: 131.725MHz
Mode: G NACKLabel: 5V Block ID: 7, Msg No: S70A
Flight ID: AF0871 REG: F-HRBB


Message content:-

-------------------------------------------------------[2024-01-25 12:53:25.802]

SOURCE: AIR
RX_ID: 53, Freq: 131.725MHz
Mode: E NACKLabel: Q0 Block ID: 0, Msg No: S74A
Flight ID: AF0871 REG: F-HRBB


Message content:-

-------------------------------------------------------[2024-01-25 12:54:27.021]

SOURCE: AIR
RX_ID: 54, Freq: 131.725MHz
Mode: X NACKLabel: Q0 Block ID: 1, Msg No: S75A
Flight ID: AF0871 REG: F-HRBB


Message content:-

-------------------------------------------------------[2024-01-25 12:54:30.092]

SOURCE: AIR
RX_ID: 55, Freq: 131.725MHz
Mode: E NACKLabel: Q0 Block ID: 2, Msg No: S76A
Flight ID: AF0871 REG: F-HRBB


Message content:-

-------------------------------------------------------[2024-01-25 12:55:03.076]

SOURCE: AIR
RX_ID: 56, Freq: 131.725MHz
Mode: E NACKLabel: SA Block ID: 6, Msg No: S81A
Flight ID: AF0871 REG: F-HRBB


Message content:-
0EV125605VS/
-------------------------------------------------------[2024-01-25 12:56:05.536]

SOURCE: AIR
RX_ID: 57, Freq: 131.725MHz
Mode: E NACKLabel: B9 Block ID: 7, Msg No: L05A
Flight ID: AF0871 REG: F-HRBB


Message content:-
/LFPG.TI2/030LFPGA4700
-------------------------------------------------------[2024-01-25 12:56:08.207]

SOURCE: AIR
RX_ID: 58, Freq: 131.725MHz
Mode: E ACK, A2GLabel: _d Block ID: 0, Msg No: S84A
Flight ID: AF0871 REG: F-HRBB


Message content:-

-------------------------------------------------------[2024-01-25 12:56:19.469]

SOURCE: AIR
RX_ID: 59, Freq: 131.525MHz
Mode: T NACKLabel: Q0 Block ID: 9, Msg No: S38A
Flight ID: AF7306 REG: F-GMZC


Message content:-

-------------------------------------------------------[2024-01-25 13:33:16.802]

SOURCE: AIR
RX_ID: 60, Freq: 131.525MHz
Mode: T NACKLabel: 2F Block ID: 2, Msg No: M15A
Flight ID: AF7306 REG: F-GMZC


Message content:-
1337+4439+522/3247
-------------------------------------------------------[2024-01-25 13:37:22.996]

SOURCE: AIR
RX_ID: 61, Freq: 131.725MHz
Mode: 2 NACKLabel: Q0 Block ID: 0, Msg No: S74A
Flight ID: AH1214 REG: 7T-VJN


Message content:-

-------------------------------------------------------[2024-01-25 13:38:44.917]

SOURCE: AIR
RX_ID: 62, Freq: 131.725MHz
Mode: G NACKLabel: SA Block ID: 1, Msg No: M67A
Flight ID: AH1214 REG: 7T-VJN


Message content:-
0EV133846VS
-------------------------------------------------------[2024-01-25 13:38:48.392]

SOURCE: AIR
RX_ID: 63, Freq: 131.525MHz
Mode: T NACKLabel: 26 Block ID: 3, Msg No: M16A
Flight ID: AF7306 REG: F-GMZC


Message content:-
1343LFPGAF7306/251358LFMN04R
-------------------------------------------------------[2024-01-25 13:43:03.363]

SOURCE: AIR
RX_ID: 64, Freq: 131.725MHz
Mode: E NACKLabel: 5V Block ID: 5, Msg No: S79A
Flight ID: AH1214 REG: 7T-VJN


Message content:-

-------------------------------------------------------[2024-01-25 13:44:11.752]

SOURCE: AIR
RX_ID: 65, Freq: 131.725MHz
Mode: X ACK, A2GLabel: _d Block ID: 6, Msg No: S16A
Flight ID: 4Y01IV REG: F-WWIV


Message content:-

-------------------------------------------------------[2024-01-25 13:45:57.042]

SOURCE: AIR
RX_ID: 66, Freq: 131.725MHz
Mode: X ACK, A2GLabel: _d Block ID: 7, Msg No: S17A
Flight ID: 4Y01IV REG: F-WWIV


Message content:-

-------------------------------------------------------[2024-01-25 13:46:00.515]

SOURCE: AIR
RX_ID: 67, Freq: 131.725MHz
Mode: X ACK, A2GLabel: _d Block ID: 9, Msg No: S19A
Flight ID: 4Y01IV REG: F-WWIV


Message content:-

-------------------------------------------------------[2024-01-25 13:46:07.061]

SOURCE: AIR
RX_ID: 68, Freq: 131.725MHz
Mode: 2 NACKLabel: SA Block ID: 7, Msg No: M71A
Flight ID: AH1214 REG: 7T-VJN


Message content:-
0EV134823VS
-------------------------------------------------------[2024-01-25 13:48:25.303]

SOURCE: AIR
RX_ID: 69, Freq: 131.725MHz
Mode: 2 NACKLabel: 5V Block ID: 8, Msg No: S81A
Flight ID: AH1214 REG: 7T-VJN


Message content:-

-------------------------------------------------------[2024-01-25 13:48:52.729]

SOURCE: AIR
RX_ID: 70, Freq: 131.725MHz
Mode: G NACKLabel: H1 Block ID: 8, Msg No: C32A
Flight ID: AF7337 REG: F-GMZE


Message content:-
#CFBWRN/WN24012514050034410005NAV PRED W/S DET FAULT  
-------------------------------------------------------[2024-01-25 14:05:14.154]

SOURCE: AIR
RX_ID: 71, Freq: 131.725MHz
Mode: G NACKLabel: H1 Block ID: 0, Msg No: D76B
Flight ID: AF7337 REG: F-GMZE


Message content:-
#DFB0,00/N201,00,00,00,00,01,00,00/S10895,0895,0977,7560,3855,3435,0960/S20894,0895,0976,7620,3870,3435,0960/T15210,1192,225,140,----,019,N00/T25310,1206,223,140,----,024,002/V114921,0162,1,1,051,074,004,009,30
-------------------------------------------------------[2024-01-25 14:05:38.914]

SOURCE: AIR
RX_ID: 72, Freq: 131.725MHz
Mode: G NACKLabel: H1 Block ID: 1, Msg No: D76C
Flight ID: AF7337 REG: F-GMZE


Message content:-
#DFB8/V214828,0165,1,1,053,071,011,009,096/X100008,00060,00010,099,037,1512/X200008,00060,00010,100,037,1511/
-------------------------------------------------------[2024-01-25 14:05:42.386]

SOURCE: AIR
RX_ID: 73, Freq: 131.725MHz
Mode: G NACKLabel: H1 Block ID: 4, Msg No: D77A
Flight ID: AF7337 REG: F-GMZE


Message content:-
#DFBA31/A32131,1,1/C1F-GMZE,JAN25,135801,LFML,LFPG,0017/C202,00000,8100,31,0011,0,1100,00,0/C30207,N0304,---,---,7328,255,C53015/C4XXXXX,XXXXX,N0304,0207,---/4C0000,---,N0028,073282,---/C5XXXXX,0522,N0300,0210,
-------------------------------------------------------[2024-01-25 14:14:14.202]

SOURCE: AIR
RX_ID: 74, Freq: 131.725MHz
Mode: G NACKLabel: H1 Block ID: 5, Msg No: D77B
Flight ID: AF7337 REG: F-GMZE


Message content:-
#DFB---/5C0005,---,00048,073300,---/C6XXXXX,XXXXX,N0297,0207,---/6C0006,---,N0048,073264,---/C7XXXXX,XXXXX,N0294,0207,---/7C0006,---,00010,073246,---/C8XXXXX,0522,N0290,0207,---/8C0007,---,00087,073246,---/C943
-------------------------------------------------------[2024-01-25 14:14:17.680]

SOURCE: AIR
RX_ID: 75, Freq: 131.725MHz
Mode: G NACKLabel: H1 Block ID: 6, Msg No: D77C
Flight ID: AF7337 REG: F-GMZE


Message content:-
#DFB42,XXXXX,N0286,0207,---/9C0006,---,N0017,XXXXXX,---/C0XXXXX,XXXXX,N0280,0207,---/0C0004,---,N0008,073246,---/E14342,XXXXX,N0283,0190,---/1E0004,---,N0091,073264,---/E2XXXXX,XXXXX,N0287,0195,---/2E0005,---,0
-------------------------------------------------------[2024-01-25 14:14:21.151]

SOURCE: AIR
RX_ID: 76, Freq: 131.725MHz
Mode: G NACKLabel: H1 Block ID: 7, Msg No: D77D
Flight ID: AF7337 REG: F-GMZE


Message content:-
#DFB0014,073227,---/E3XXXXX,XXXXX,N0287,0215,---/3E0005,---,N0001,073191,---/E4XXXXX,XXXXX,N0285,0222,---/4E0005,---,N0004,073173,---/E5XXXXX,XXXXX,N0284,0227,---/5E0005,---,N0009,073209,---/E6XXXXX,XXXXX,N0286
-------------------------------------------------------[2024-01-25 14:14:24.844]

SOURCE: AIR
RX_ID: 77, Freq: 131.725MHz
Mode: G NACKLabel: H1 Block ID: 8, Msg No: D77E
Flight ID: AF7337 REG: F-GMZE


Message content:-
#DFB,0217,---/6E0006,---,N0018,XXXXXX,---/E74342,XXXXX,N0287,0205,---/7E0005,---,N0059,073191,---/E84342,XXXXX,N0288,0192,---/8E0006,---,N0031,073191,---/E94342,0522,N0284,0200,---/9E0007,---,N0037,073191,---/E
-------------------------------------------------------[2024-01-25 14:14:28.721]

SOURCE: AIR
RX_ID: 78, Freq: 131.725MHz
Mode: G NACKLabel: H1 Block ID: 9, Msg No: D77F
Flight ID: AF7337 REG: F-GMZE


Message content:-
#DFB04342,XXXXX,N0292,0195,---/0E0001,---,N0002,073173,---/N14342,XXXXX,N0292,0195,---/1N0001,---,N0003,073173,---/N2XXXXX,XXXXX,N0282,0190,---/2N0000,040,N0111,073155,---/N3XXXXX,0521,N0280,0170,291/3N0001,128
-------------------------------------------------------[2024-01-25 14:14:32.232]

SOURCE: AIR
RX_ID: 79, Freq: 131.725MHz
Mode: G NACKLabel: H1 Block ID: 0, Msg No: D77G
Flight ID: AF7337 REG: F-GMZE


Message content:-
#DFB,00014,XXXXXX,005/N44343,0520,N0060,0180,309/4NN005,164,00198,073336,008/N54344,XXXXX,00821,0170,333/5N0006,163,N0302,073137,018/N64345,0517,01686,0162,338/6N0022,160,00323,072973,026/N7XXXXX,0516,02396,017
-------------------------------------------------------[2024-01-25 14:14:35.887]

SOURCE: AIR
RX_ID: 80, Freq: 131.725MHz
Mode: G NACKLabel: H1 Block ID: 1, Msg No: D77H
Flight ID: AF7337 REG: F-GMZE


Message content:-
#DFB5,343/7N0001,160,N0216,072992,038/N84347,0515,02938,0165,346/8N0008,166,N0187,072846,041/N94348,0513,03231,0160,342/9NN006,192,N0023,072992,042/N04349,0511,03413,0167,331/0NN014,226,00407,XXXXXX,040/S14351,
-------------------------------------------------------[2024-01-25 14:14:39.399]

SOURCE: AIR
RX_ID: 81, Freq: 131.725MHz
Mode: G NACKLabel: H1 Block ID: 4, Msg No: D77K
Flight ID: AF7337 REG: F-GMZE


Message content:-
#DFB250,00308,072937,032/S94365,0495,10527,0025,307/9S0000,258,N0252,072901,038/S04367,0493,10879,0012,304/0S0003,273,N0012,072883,037/T14370,0492,11208,0010,300/1T0003,289,N0108,XXXXXX,040/T24373,0491,11653,00
-------------------------------------------------------[2024-01-25 14:15:07.449]

SOURCE: AIR
RX_ID: 82, Freq: 131.725MHz
Mode: G NACKLabel: H1 Block ID: 5, Msg No: D77L
Flight ID: AF7337 REG: F-GMZE


Message content:-
#DFB02,303/2T0067,300,00426,072810,039/T34375,0489,12532,N012,308/3T0001,300,N0350,072792,043/T44378,0488,13315,N037,306/4T0001,298,00502,XXXXXX,043/T54381,0487,14079,N057,300/5T0001,296,N0504,072719,043/T64384
-------------------------------------------------------[2024-01-25 14:15:10.712]

SOURCE: AIR
RX_ID: 83, Freq: 131.725MHz
Mode: E NACKLabel: H1 Block ID: 4, Msg No: C06A
Flight ID: 4Y01BQ REG: F-WWBQ


Message content:-
#CFBWRN/PNRC12860AA08/WN24012514210021610006AIR PACK 1+2 FAULT 
-------------------------------------------------------[2024-01-25 14:21:22.235]

SOURCE: AIR
RX_ID: 84, Freq: 131.725MHz
Mode: E NACKLabel: H1 Block ID: 5, Msg No: C07A
Flight ID: 4Y01BQ REG: F-WWBQ


Message content:-
#CFBWRN/PNRC12860AA08/WN24012514230021260006VENT BLOWER FAULT  
-------------------------------------------------------[2024-01-25 14:23:13.626]

SOURCE: AIR
RX_ID: 85, Freq: 131.725MHz
Mode: E NACKLabel: H1 Block ID: 7, Msg No: D03A
Flight ID: 4Y01BQ REG: F-WWBQ


Message content:-
#DFBA320,000031,1,1,TB000000/REP019,65,01,1/CCF-WWBQ,JAN25,142420,LFBO,LFBO,0001/C0SF055059420002/C106,04835,4310,00,0000,0,0000,00,X/CEN177,30999,302,812,5833,021,F22042/EC602101,00000,00001,72,15,030/EE602109
-------------------------------------------------------[2024-01-25 14:24:34.525]

SOURCE: AIR
RX_ID: 86, Freq: 131.725MHz
Mode: E NACKLabel: H1 Block ID: 8, Msg No: D03B
Flight ID: 4Y01BQ REG: F-WWBQ


Message content:-
#DFB,00000,00001,72/E10810,1005,01,142,007,000,001,1/N10811,1006,01,139,006,000,001,1/S11044,4868,019,029,154,01,31001,2/T11048,4913,022,032,182,01,31016,2/V1N175,N472,05616,00512,237,236,238,1/X10501,00400,077
-------------------------------------------------------[2024-01-25 14:24:37.996]

SOURCE: AIR
RX_ID: 87, Freq: 131.725MHz
Mode: E NACKLabel: H1 Block ID: 9, Msg No: D03C
Flight ID: 4Y01BQ REG: F-WWBQ


Message content:-
#DFB,001,001,001,000,1/V2N177,N475,05728,00512,237,236,238,1/V3N180,N475,05840,00512,237,236,238,1/X30501,00400,076,001,001,001,000,1/V4N180,N475,05968,00512,237,236,238,1/V5N180,N475,06080,00512,237,236,238,1/
-------------------------------------------------------[2024-01-25 14:24:41.507]

SOURCE: AIR
RX_ID: 88, Freq: 131.725MHz
Mode: E NACKLabel: H1 Block ID: 0, Msg No: D03D
Flight ID: 4Y01BQ REG: F-WWBQ


Message content:-
#DFBX50501,00400,075,001,001,001,000,1/V6N180,N475,06640,00512,237,236,238,1/X60501,01650,073,001,001,001,000,1/V7N175,N475,07168,00512,237,236,238,1/X70501,01700,071,001,001,001,000,1/V8N175,N475,07664,00512,2
-------------------------------------------------------[2024-01-25 14:24:44.981]

SOURCE: AIR
RX_ID: 89, Freq: 131.725MHz
Mode: E NACKLabel: H1 Block ID: 1, Msg No: D03E
Flight ID: 4Y01BQ REG: F-WWBQ


Message content:-
#DFB37,236,238,1/X80501,01650,068,001,001,001,000,1/V9N177,N475,08160,00512,237,236,238,1/X90501,01550,066,001,001,001,000,1/V0N177,N475,08640,00512,237,236,238,1/X00501,01500,064,001,001,001,000,1/1VN177,N475,
-------------------------------------------------------[2024-01-25 14:24:48.458]

SOURCE: AIR
RX_ID: 90, Freq: 131.725MHz
Mode: E NACKLabel: H1 Block ID: 2, Msg No: D03F
Flight ID: 4Y01BQ REG: F-WWBQ


Message content:-
#DFB09120,00512,237,236,238,1/1X0501,01450,062,001,001,001,000,1/2E0810,1004,00,128,007,000,001,1/2N0810,1005,00,124,006,000,001,1/2S1043,4865,018,027,134,00,30999,2/2T1048,4913,024,032,153,00,31010,2/2VN177,N4
-------------------------------------------------------[2024-01-25 14:24:51.930]

SOURCE: AIR
RX_ID: 91, Freq: 131.725MHz
Mode: E NACKLabel: H1 Block ID: 3, Msg No: D03G
Flight ID: 4Y01BQ REG: F-WWBQ


Message content:-
#DFB75,09584,00512,237,236,238,1/2X0509,01400,061,001,001,001,000,1/:
-------------------------------------------------------[2024-01-25 14:24:55.003]

SOURCE: AIR
RX_ID: 92, Freq: 131.725MHz
Mode: E NACKLabel: H1 Block ID: 4, Msg No: D04A
Flight ID: 4Y01BQ REG: F-WWBQ


Message content:-
#DFBA320,000032,1,1,TB000000/REP019,65,01,1/CCF-WWBQ,JAN25,142423,LFBO,LFBO,0001/C0SF055059420002/C106,04919,4320,00,0000,0,0000,00,X/CEN175,31004,302,813,5833,021,F22042/EC602101,00000,00001,72,15,030/EE602109
-------------------------------------------------------[2024-01-25 14:25:12.417]

SOURCE: AIR
RX_ID: 93, Freq: 131.725MHz
Mode: E NACKLabel: H1 Block ID: 5, Msg No: D04B
Flight ID: 4Y01BQ REG: F-WWBQ


Message content:-
#DFB,00000,00001,72/E10810,1005,00,142,007,000,001,1/N10811,1006,01,139,006,000,001,1/S11041,4870,019,029,154,01,30999,2/T11048,4915,022,032,181,01,31010,2/V1N175,N472,05632,00512,237,236,238,1/X10501,00400,077
-------------------------------------------------------[2024-01-25 14:25:15.884]

SOURCE: AIR
RX_ID: 94, Freq: 131.725MHz
Mode: E NACKLabel: H1 Block ID: 6, Msg No: D04C
Flight ID: 4Y01BQ REG: F-WWBQ


Message content:-
#DFB,001,001,001,000,1/V2N180,N475,05760,00512,237,236,238,1/V3N180,N475,05872,00512,237,236,238,1/X30501,00400,076,001,001,001,000,1/V4N180,N475,05984,00512,237,236,238,1/V5N180,N475,06176,00512,237,236,238,1/
-------------------------------------------------------[2024-01-25 14:25:19.394]

SOURCE: AIR
RX_ID: 95, Freq: 131.725MHz
Mode: E NACKLabel: H1 Block ID: 7, Msg No: D04D
Flight ID: 4Y01BQ REG: F-WWBQ


Message content:-
#DFBX50501,00450,075,001,001,001,000,1/V6N180,N475,06736,00512,237,236,238,1/X60501,01700,072,001,001,001,000,1/V7N175,N475,07264,00512,237,236,238,1/X70501,01700,070,001,001,001,000,1/V8N177,N475,07776,00512,2
-------------------------------------------------------[2024-01-25 14:25:23.055]

SOURCE: AIR
RX_ID: 96, Freq: 131.725MHz
Mode: E NACKLabel: H1 Block ID: 8, Msg No: D04E
Flight ID: 4Y01BQ REG: F-WWBQ


Message content:-
#DFB37,236,238,1/X80501,01600,068,001,001,001,000,1/V9N177,N475,08256,00512,237,236,238,1/X90501,01550,066,001,001,001,000,1/V0N177,N475,08736,00512,237,236,238,1/X00501,01500,064,001,001,001,000,1/1VN177,N475,
-------------------------------------------------------[2024-01-25 14:25:26.346]

SOURCE: AIR
RX_ID: 97, Freq: 131.725MHz
Mode: E NACKLabel: H1 Block ID: 9, Msg No: D04F
Flight ID: 4Y01BQ REG: F-WWBQ


Message content:-
#DFB09216,00512,237,236,238,1/1X0501,01450,062,001,001,001,000,1/2E0810,1005,00,127,007,000,001,1/2N0810,1006,00,124,006,000,001,1/2S1043,4866,018,027,134,00,31004,2/2T1047,4912,024,032,153,00,31014,2/2VN175,N4
-------------------------------------------------------[2024-01-25 14:25:29.821]

SOURCE: AIR
RX_ID: 98, Freq: 131.725MHz
Mode: E NACKLabel: H1 Block ID: 0, Msg No: D04G
Flight ID: 4Y01BQ REG: F-WWBQ


Message content:-
#DFB75,09680,00512,237,236,238,1/2X0509,01400,060,001,001,001,000,1/:
-------------------------------------------------------[2024-01-25 14:25:32.708]

SOURCE: AIR
RX_ID: 99, Freq: 131.725MHz
Mode: E NACKLabel: H1 Block ID: 2, Msg No: D05B
Flight ID: 4Y01BQ REG: F-WWBQ


Message content:-
#DFB,00000,00001,72/E10810,1005,00,121,007,000,001,1/N10810,1006,00,117,006,000,001,1/S11046,4871,018,026,130,00,31008,2/T11046,4918,024,031,143,00,31015,2/V1N172,N475,11408,00512,237,236,238,1/X10509,01300,053
-------------------------------------------------------[2024-01-25 14:28:22.251]

SOURCE: AIR
RX_ID: 100, Freq: 131.725MHz
Mode: G NACKLabel: Q0 Block ID: 4, Msg No: S35A
Flight ID: MP8562 REG: PH-CKC


Message content:-

-------------------------------------------------------[2024-01-25 15:30:07.537]

SOURCE: AIR
RX_ID: 101, Freq: 131.725MHz
Mode: E NACKLabel: Q0 Block ID: 5, Msg No: S36A
Flight ID: MP8562 REG: PH-CKC


Message content:-

-------------------------------------------------------[2024-01-25 15:30:37.635]

SOURCE: AIR
RX_ID: 102, Freq: 131.725MHz
Mode: G NACKLabel: H1 Block ID: 8, Msg No: D34F
Flight ID: AF7463 REG: F-GTAD


Message content:-
#DFB4,03508,0142,323/0EN001,181,00009,067893,020/N14367,0394,03985,0130,322/1N0004,199,00079,068238,023/N24368,0394,04475,0115,325/2N0114,227,N0279,068020,026/N34370,0396,05083,0105,319/3N0009,247,00206,068002,
-------------------------------------------------------[2024-01-25 15:31:56.081]

SOURCE: AIR
RX_ID: 103, Freq: 131.725MHz
Mode: G NACKLabel: H1 Block ID: 9, Msg No: D34G
Flight ID: AF7463 REG: F-GTAD


Message content:-
#DFB033/N44373,0396,05916,0120,302/4NN000,246,N0006,XXXXXX,031/N54375,0397,06811,0110,306/5NN002,252,00334,067984,030/N64377,0398,07871,0085,307/6N0004,251,00042,067966,029/N74380,0399,08920,0057,303/7N0004,249
-------------------------------------------------------[2024-01-25 15:31:59.737]

SOURCE: AIR
RX_ID: 104, Freq: 131.725MHz
Mode: G NACKLabel: Q0 Block ID: 6, Msg No: S37A
Flight ID: MP8562 REG: PH-CKC


Message content:-

-------------------------------------------------------[2024-01-25 15:32:07.747]

SOURCE: AIR
RX_ID: 105, Freq: 131.725MHz
Mode: G NACKLabel: 10 Block ID: 7, Msg No: M78A
Flight ID: MP8562 REG: PH-CKC


Message content:-
ETA55A25153258MPH8562 HKJKEHAM251702EHAM 224
-------------------------------------------------------[2024-01-25 15:33:07.540]

SOURCE: AIR
RX_ID: 106, Freq: 131.725MHz
Mode: G NACKLabel: B9 Block ID: 6, Msg No: L03A
Flight ID: AF7463 REG: F-GTAD


Message content:-
/LFPG.TI2/064LFPGA3806
-------------------------------------------------------[2024-01-25 15:33:29.849]

SOURCE: AIR
RX_ID: 107, Freq: 131.725MHz
Mode: G ACK, A2GLabel: _d Block ID: 7, Msg No: S73A
Flight ID: AF7463 REG: F-GTAD


Message content:-

-------------------------------------------------------[2024-01-25 15:33:34.567]

SOURCE: AIR
RX_ID: 108, Freq: 131.725MHz
Mode: G ACK, A2GLabel: _d Block ID: 8, Msg No: S74A
Flight ID: AF7463 REG: F-GTAD


Message content:-

-------------------------------------------------------[2024-01-25 15:33:38.041]

SOURCE: AIR
RX_ID: 109, Freq: 131.725MHz
Mode: X NACKLabel: Q0 Block ID: 8, Msg No: S38A
Flight ID: MP8562 REG: PH-CKC


Message content:-

-------------------------------------------------------[2024-01-25 15:33:38.480]

SOURCE: AIR
RX_ID: 110, Freq: 131.725MHz
Mode: G NACKLabel: B9 Block ID: 0, Msg No: L04A
Flight ID: AF7463 REG: F-GTAD


Message content:-
/LFPO.TI2/064LFPOAB1AF
-------------------------------------------------------[2024-01-25 15:33:53.841]

SOURCE: AIR
RX_ID: 111, Freq: 131.725MHz
Mode: G ACK, A2GLabel: _d Block ID: 2, Msg No: S77A
Flight ID: AF7463 REG: F-GTAD


Message content:-

-------------------------------------------------------[2024-01-25 15:34:03.241]

SOURCE: AIR
RX_ID: 112, Freq: 131.725MHz
Mode: E NACKLabel: 5U Block ID: 6, Msg No: M03A
Flight ID: 6E9001 REG: VT-IQQ


Message content:-
  01 WXRQ   9001/22 LFBO/VIDP .VT-IQQ
/TYP 4/STA VIDP/STA VAAH/STA     
-------------------------------------------------------[2024-01-25 15:34:09.199]

SOURCE: AIR
RX_ID: 113, Freq: 131.725MHz
Mode: E NACKLabel: Q0 Block ID: 9, Msg No: S39A
Flight ID: MP8562 REG: PH-CKC


Message content:-

-------------------------------------------------------[2024-01-25 15:34:37.874]

SOURCE: AIR
RX_ID: 114, Freq: 131.725MHz
Mode: X NACKLabel: Q0 Block ID: 0, Msg No: S40A
Flight ID: MP8562 REG: PH-CKC


Message content:-

-------------------------------------------------------[2024-01-25 15:35:38.286]

SOURCE: AIR
RX_ID: 115, Freq: 131.725MHz
Mode: E NACKLabel: Q0 Block ID: 1, Msg No: S41A
Flight ID: MP8562 REG: PH-CKC


Message content:-

-------------------------------------------------------[2024-01-25 15:37:08.180]

SOURCE: AIR
RX_ID: 116, Freq: 131.725MHz
Mode: X NACKLabel: Q0 Block ID: 2, Msg No: S42A
Flight ID: MP8562 REG: PH-CKC


Message content:-

-------------------------------------------------------[2024-01-25 15:37:38.277]

SOURCE: AIR
RX_ID: 117, Freq: 131.725MHz
Mode: X NACKLabel: H1 Block ID: 3, Msg No: D70A
Flight ID: KL8562 REG: PH-CKC


Message content:-
#DFB(POS-MPH8562 -4408N00455E/153737 F360
RMK/FUEL  21.7 M0.84)
-------------------------------------------------------[2024-01-25 15:38:03.695]

SOURCE: AIR
RX_ID: 118, Freq: 131.725MHz
Mode: E NACKLabel: Q0 Block ID: 4, Msg No: S43A
Flight ID: MP8562 REG: PH-CKC


Message content:-

-------------------------------------------------------[2024-01-25 15:38:38.072]

SOURCE: AIR
RX_ID: 119, Freq: 131.725MHz
Mode: G NACKLabel: Q0 Block ID: 5, Msg No: S44A
Flight ID: MP8562 REG: PH-CKC


Message content:-

-------------------------------------------------------[2024-01-25 15:42:38.309]

SOURCE: AIR
RX_ID: 120, Freq: 131.725MHz
Mode: X NACKLabel: Q0 Block ID: 6, Msg No: S45A
Flight ID: MP8562 REG: PH-CKC


Message content:-

-------------------------------------------------------[2024-01-25 15:46:08.856]

SOURCE: AIR
RX_ID: 121, Freq: 131.725MHz
Mode: E NACKLabel: Q0 Block ID: 7, Msg No: S46A
Flight ID: MP8562 REG: PH-CKC


Message content:-

-------------------------------------------------------[2024-01-25 15:46:39.588]

SOURCE: AIR
RX_ID: 122, Freq: 131.525MHz
Mode: T NACKLabel: Q0 Block ID: 9, Msg No: S78A
Flight ID: AF6228 REG: F-GRHF


Message content:-

-------------------------------------------------------[2024-01-25 15:48:30.614]

SOURCE: AIR
RX_ID: 123, Freq: 131.525MHz
Mode: T NACKLabel: 2Z Block ID: 0, Msg No: M58A
Flight ID: AF6228 REG: F-GRHF


Message content:-
LFMN
-------------------------------------------------------[2024-01-25 15:48:40.670]

SOURCE: AIR
RX_ID: 124, Freq: 131.525MHz
Mode: T ACK, A2GLabel: _d Block ID: 1, Msg No: S79A
Flight ID: AF6228 REG: F-GRHF


Message content:-

-------------------------------------------------------[2024-01-25 15:50:12.218]

SOURCE: AIR
RX_ID: 125, Freq: 131.525MHz
Mode: T NACKLabel: 2F Block ID: 2, Msg No: M59A
Flight ID: AF6228 REG: F-GRHF


Message content:-
1553+4418+542/2940
-------------------------------------------------------[2024-01-25 15:53:30.269]

SOURCE: AIR
RX_ID: 126, Freq: 131.825MHz
Mode: 2 NACKLabel: SA Block ID: 6, Msg No: S09A
Flight ID: FR844T REG: 9H-QAM


Message content:-
0EV163016V/
-------------------------------------------------------[2024-01-25 16:30:31.068]

SOURCE: AIR
RX_ID: 127, Freq: 131.825MHz
Mode: 2 NACKLabel: H1 Block ID: 8, Msg No: F69A
Flight ID: 5C0291 REG: 4X-ICA


Message content:-
#M1B/B6 TLVXAX7.ADS.4X-ICA071EE0501F53C88B95181D0D1ED4682167088B80731ECE482273888B800E24D9024000FCB9
-------------------------------------------------------[2024-01-25 17:22:31.504]

SOURCE: AIR
RX_ID: 128, Freq: 131.825MHz
Mode: 2 NACKLabel: H1 Block ID: 9, Msg No: F70A
Flight ID: 5C0291 REG: 4X-ICA


Message content:-
#M1BREQPWI/TS172450,250124/WQ350.390.430.470:N43192E006034.STP.LERMA.OMARD.MERLU.SODRI.RAPUR.OKROK.RATAP.BTA.DOKAR.SUNEV.PNZ.CDC.BELIX.RERSA.EBOKA.GAVDO.LINGI.GUDIS.VANZA.PIKOG.ZUKKO/DQ370F489
-------------------------------------------------------[2024-01-25 17:24:52.443]

SOURCE: AIR
RX_ID: 129, Freq: 131.525MHz
Mode: T NACKLabel: H1 Block ID: 4, Msg No: D59B
Flight ID: AF6235 REG: F-GRHF


Message content:-
#DFB,---/5C0002,---,N0074,059964,---/C64364,0720,N0292,0110,---/6C0002,085,00042,059946,---/C74365,0721,N0324,0110,235/7C0014,147,02016,059856,009/C84366,0722,00143,0112,221/8C0081,158,00145,059801,007/C9XXXXX,
-------------------------------------------------------[2024-01-25 17:42:30.801]

SOURCE: AIR
RX_ID: 130, Freq: 131.525MHz
Mode: T ACK, A2GLabel: _d Block ID: 8, Msg No: S09A
Flight ID: AF6235 REG: F-GRHF


Message content:-

-------------------------------------------------------[2024-01-25 17:45:09.021]

SOURCE: AIR
RX_ID: 131, Freq: 131.525MHz
Mode: T NACKLabel: B9 Block ID: 0, Msg No: L16A
Flight ID: AF6235 REG: F-GRHF


Message content:-
/LFPO.TI2/064LFPOAB1AF
-------------------------------------------------------[2024-01-25 17:47:04.752]

SOURCE: AIR
RX_ID: 132, Freq: 131.525MHz
Mode: T ACK, A2GLabel: _d Block ID: 1, Msg No: S11A
Flight ID: AF6235 REG: F-GRHF


Message content:-

-------------------------------------------------------[2024-01-25 17:47:09.069]

SOURCE: AIR
RX_ID: 133, Freq: 131.525MHz
Mode: T ACK, A2GLabel: _d Block ID: 2, Msg No: S12A
Flight ID: AF6235 REG: F-GRHF


Message content:-

-------------------------------------------------------[2024-01-25 17:47:13.163]

SOURCE: AIR
RX_ID: 134, Freq: 131.725MHz
Mode: 2 NACKLabel: 5V Block ID: 7, Msg No: S79A
Flight ID: AH1092 REG: 7T-VKH


Message content:-

-------------------------------------------------------[2024-01-25 17:52:12.584]

SOURCE: AIR
RX_ID: 135, Freq: 131.825MHz
Mode: 2 NACKLabel: Q0 Block ID: 5, Msg No: 3012
Flight ID: QY 082 REG: D-AEAM


Message content:-

-------------------------------------------------------[2024-01-25 19:30:08.459]

SOURCE: AIR
RX_ID: 136, Freq: 131.825MHz
Mode: 2 NACKLabel: 5U Block ID: 6, Msg No: 3709
Flight ID: QY 082 REG: D-AEAM


Message content:-
01,WX,241937,082,25,DNMM,EBBR,8065399,EBBR,EBLG,EBOS,1,1,
-------------------------------------------------------[2024-01-25 19:37:05.843]

SOURCE: AIR
RX_ID: 137, Freq: 131.725MHz
Mode: E NACKLabel: 16 Block ID: 7, Msg No: M97A
Flight ID: FR07AK REG: EI-EFN


Message content:-
194209,,2033, 102,N   .    MMMM.MMM
-------------------------------------------------------[2024-01-25 19:42:11.390]

SOURCE: AIR
RX_ID: 138, Freq: 131.825MHz
Mode: 2 NACKLabel: Q0 Block ID: 5, Msg No: S08A
Flight ID: QY1683 REG: OE-LNO


Message content:-

-------------------------------------------------------[2024-01-25 19:46:36.786]

SOURCE: AIR
RX_ID: 139, Freq: 131.825MHz
Mode: 2 ACK, A2GLabel: _d Block ID: 6, Msg No: S09A
Flight ID: QY1683 REG: OE-LNO


Message content:-

-------------------------------------------------------[2024-01-25 19:48:21.049]

SOURCE: AIR
RX_ID: 140, Freq: 131.825MHz
Mode: 2 NACKLabel: B6 Block ID: 6, Msg No: F88A
Flight ID: BA2064 REG: G-YMMG


Message content:-
/QUKAXBA.ADS.G-YMMG071EBC001D1A4946EF5F1D6A56
-------------------------------------------------------[2024-01-25 20:50:33.686]

SOURCE: AIR
RX_ID: 141, Freq: 131.825MHz
Mode: 2 NACKLabel: 15 Block ID: 7, Msg No: M55A
Flight ID: BA2064 REG: G-YMMG


Message content:-
FST01FIMPEGKKN438808E0049539380 159 824 M58C 3531834735144711600022122055
-------------------------------------------------------[2024-01-25 20:55:59.131]

SOURCE: AIR
RX_ID: 142, Freq: 131.825MHz
Mode: 2 NACKLabel: B9 Block ID: 8, Msg No: M56A
Flight ID: BA2064 REG: G-YMMG


Message content:-
046EGKKA
-------------------------------------------------------[2024-01-25 21:01:26.808]

SOURCE: AIR
RX_ID: 143, Freq: 131.825MHz
Mode: 2 ACK, A2GLabel: _d Block ID: 1, Msg No: S22A
Flight ID: BA2064 REG: G-YMMG


Message content:-

-------------------------------------------------------[2024-01-25 21:02:01.002]

SOURCE: AIR
RX_ID: 144, Freq: 131.825MHz
Mode: 2 NACKLabel: H1 Block ID: 1, Msg No: D01B
Flight ID: QY1685 REG: D-ALEV


Message content:-
#DFB4326N00510W214600F022PS15336031  

-------------------------------------------------------[2024-01-25 21:48:04.534]

SOURCE: AIR
RX_ID: 145, Freq: 131.825MHz
Mode: 2 NACKLabel: H1 Block ID: 2, Msg No: D02A
Flight ID: QY1685 REG: D-ALEV


Message content:-
#DFBAMDAR REPORT         TIME: 214823UTC
123456789X01BCSXXXX0D-ALEV
4333N00504W214832F086PS07311041  
4331N00505W214700F065PS10324037  
4330N00506W214700F056PS12332034RA
4329N00507W214700F047PS10328042RA

-------------------------------------------------------[2024-01-25 21:48:43.045]

SOURCE: AIR
RX_ID: 146, Freq: 131.825MHz
Mode: 2 NACKLabel: H1 Block ID: 3, Msg No: D02B
Flight ID: QY1685 REG: D-ALEV


Message content:-
#DFB4328N00508W214600F038PS11319040  

-------------------------------------------------------[2024-01-25 21:48:48.969]

SOURCE: AIR
RX_ID: 147, Freq: 131.825MHz
Mode: 2 ACK, A2GLabel: _d Block ID: 4, Msg No: S17A
Flight ID: QY1685 REG: D-ALEV


Message content:-

-------------------------------------------------------[2024-01-25 21:58:38.005]

SOURCE: AIR
RX_ID: 148, Freq: 131.725MHz
Mode: G NACKLabel: Q0 Block ID: 3, Msg No: S32A
Flight ID: CC2603 REG: TF-AKE


Message content:-

-------------------------------------------------------[2024-01-25 22:35:14.535]

SOURCE: AIR
RX_ID: 149, Freq: 131.725MHz
Mode: X NACKLabel: Q0 Block ID: 3, Msg No: S77A
Flight ID: IB0421 REG: EC-FTR


Message content:-

-------------------------------------------------------[2024-01-25 23:08:42.381]

SOURCE: AIR
RX_ID: 150, Freq: 131.725MHz
Mode: G NACKLabel: Q0 Block ID: 4, Msg No: S78A
Flight ID: IB0421 REG: EC-FTR


Message content:-

-------------------------------------------------------[2024-01-25 23:13:42.347]

SOURCE: AIR
RX_ID: 151, Freq: 131.725MHz
Mode: G NACKLabel: Q0 Block ID: 4, Msg No: S78A
Flight ID: IB0421 REG: EC-FTR


Message content:-

-------------------------------------------------------[2024-01-25 23:14:07.718]

SOURCE: AIR
RX_ID: 152, Freq: 131.725MHz
Mode: X NACKLabel: B9 Block ID: 7, Msg No: L01A
Flight ID: CC0320 REG: TF-WFF


Message content:-
/FNBJ.TI2/024FNBJA61F2
-------------------------------------------------------[2024-01-25 23:30:08.082]

SOURCE: AIR
RX_ID: 153, Freq: 131.725MHz
Mode: X NACKLabel: H1 Block ID: 9, Msg No: D04A
Flight ID: CC0320 REG: TF-WFF


Message content:-
#DFBPOSTF-WFFD320EBLGFNBJ250124234120
 1536ER1742AARA2207
PN43 79E  549123412033116-49320 39186700
-------------------------------------------------------[2024-01-25 23:41:29.372]

