SOURCE: AIR
RX_ID: 0, Freq: 131.825MHz
Mode: 2 NACKLabel: H1 Block ID: 0, Msg No: C06A
Flight ID: VY35QQ REG: EC-LAB


Message content:-
#CFBWRN/WN24012221580046200006DATALINK ATC FAULT      
-------------------------------------------------------[2024-01-22 21:58:41.254]

SOURCE: AIR
RX_ID: 1, Freq: 131.825MHz
Mode: 2 NACKLabel: B9 Block ID: 1, Msg No: M40A
Flight ID: VY35QQ REG: EC-LAB


Message content:-
/LEBL.TI2/040LEBLA3461
-------------------------------------------------------[2024-01-22 21:58:46.993]

SOURCE: AIR
RX_ID: 2, Freq: 131.825MHz
Mode: 2 NACKLabel: 5P Block ID: 2, Msg No: S20A
Flight ID: VY35QQ REG: EC-LAB


Message content:-

-------------------------------------------------------[2024-01-22 21:59:09.916]

SOURCE: AIR
RX_ID: 3, Freq: 131.825MHz
Mode: 2 ACK, A2GLabel: _d Block ID: 4, Msg No: S22A
Flight ID: VY35QQ REG: EC-LAB


Message content:-

-------------------------------------------------------[2024-01-22 21:59:59.675]

SOURCE: AIR
RX_ID: 4, Freq: 131.825MHz
Mode: 2 NACKLabel: SA Block ID: 5, Msg No: S23A
Flight ID: VY35QQ REG: EC-LAB


Message content:-
0EV215959V
-------------------------------------------------------[2024-01-22 22:00:00.079]

SOURCE: AIR
RX_ID: 5, Freq: 131.825MHz
Mode: 2 NACKLabel: 5V Block ID: 6, Msg No: S24A
Flight ID: VY35QQ REG: EC-LAB


Message content:-

-------------------------------------------------------[2024-01-22 22:00:05.379]

SOURCE: AIR
RX_ID: 6, Freq: 131.825MHz
Mode: 2 NACKLabel: Q0 Block ID: 7, Msg No: S95A
Flight ID: FR875H REG: 9H-QAW


Message content:-

-------------------------------------------------------[2024-01-22 22:17:51.256]

SOURCE: AIR
RX_ID: 7, Freq: 131.725MHz
Mode: G NACKLabel: Q0 Block ID: 5, Msg No: S27A
Flight ID: IB0421 REG: EC-FTR


Message content:-

-------------------------------------------------------[2024-01-22 23:01:48.783]

SOURCE: AIR
RX_ID: 8, Freq: 131.725MHz
Mode: E NACKLabel: Q0 Block ID: 6, Msg No: S28A
Flight ID: IB0421 REG: EC-FTR


Message content:-

-------------------------------------------------------[2024-01-22 23:06:48.811]

