SOURCE: AIR
RX_ID: 0, Freq: 131.725MHz
Mode: 2 NACKLabel: SA Block ID: 4, Msg No: S93A
Flight ID: GR0000 REG: CSPJC


Message content:-
0EV065713V/
-------------------------------------------------------[2024-07-12 07:04:44.243]

SOURCE: AIR
RX_ID: 1, Freq: 131.725MHz
Mode: 2 NACKLabel: SA Block ID: 4, Msg No: S93A
Flight ID: GR0000 REG: CSPJC


Message content:-
0EV065713V/
-------------------------------------------------------[2024-07-12 07:04:53.240]

SOURCE: AIR
RX_ID: 2, Freq: 131.725MHz
Mode: 2 NACKLabel: SA Block ID: 4, Msg No: S93A
Flight ID: GR0000 REG: CSPJC


Message content:-
0EV065713V/
-------------------------------------------------------[2024-07-12 07:05:05.309]

SOURCE: AIR
RX_ID: 3, Freq: 131.725MHz
Mode: G NACKLabel: SA Block ID: 6, Msg No: S98A
Flight ID: GR0000 REG: CSPJC


Message content:-
0EV070255V/
-------------------------------------------------------[2024-07-12 07:05:21.108]

SOURCE: AIR
RX_ID: 4, Freq: 131.725MHz
Mode: G NACKLabel: SA Block ID: 6, Msg No: S98A
Flight ID: GR0000 REG: CSPJC


Message content:-
0EV070255V/
-------------------------------------------------------[2024-07-12 07:05:38.076]

SOURCE: AIR
RX_ID: 5, Freq: 131.725MHz
Mode: E NACKLabel: SA Block ID: 7, Msg No: S98A
Flight ID: GR0000 REG: CSPJC


Message content:-
0EV070255V/
-------------------------------------------------------[2024-07-12 07:05:48.939]

SOURCE: AIR
RX_ID: 6, Freq: 131.725MHz
Mode: E NACKLabel: SA Block ID: 7, Msg No: S98A
Flight ID: GR0000 REG: CSPJC


Message content:-
0EV070255V/
-------------------------------------------------------[2024-07-12 07:06:01.044]

SOURCE: AIR
RX_ID: 7, Freq: 131.825MHz
Mode: 2 NACKLabel: 83 Block ID: 1, Msg No: M19A
Flight ID: GS0001 REG: A7CEI


Message content:-
001PR12071038N4502.6E00615.24095510223
-------------------------------------------------------[2024-07-12 07:10:40.379]

SOURCE: AIR
RX_ID: 8, Freq: 131.725MHz
Mode: G NACKLabel: H1 Block ID: 1, Msg No: A06A
Flight ID: GS404B REG: CSDLG


Message content:-
#M1B/.RESTWX/AK,071/TS071038,120724F7B6
-------------------------------------------------------[2024-07-12 07:10:42.430]

SOURCE: AIR
RX_ID: 9, Freq: 131.725MHz
Mode: G NACKLabel: 83 Block ID: 7, Msg No: M05A
Flight ID: GS0001 REG: DCSMC


Message content:-
001PR12071153N4408.1E00522.1159346    
-------------------------------------------------------[2024-07-12 07:11:54.916]

SOURCE: AIR
RX_ID: 10, Freq: 131.725MHz
Mode: G NACKLabel: H1 Block ID: 7, Msg No: F40B
Flight ID: KL0104 REG: PH-BQL


Message content:-
#M1B3..FERDI/PR4264,266,380,247,,106,200,,,75,P15,P0,,,,,,,M37/DTEHAM,,141,083223,B251
-------------------------------------------------------[2024-07-12 07:27:46.222]

SOURCE: AIR
RX_ID: 11, Freq: 131.725MHz
Mode: E NACKLabel: 16 Block ID: 9, Msg No: M08A
Flight ID: 3L1002 REG: 9H-HFJ


Message content:-
073341,40009,0826,  13,N 44.583 E  4.773
-------------------------------------------------------[2024-07-12 07:33:42.585]

SOURCE: AIR
RX_ID: 12, Freq: 131.525MHz
Mode: T NACKLabel: 2F Block ID: 4, Msg No: M38A
Flight ID: AF7302 REG: F-GMZC


Message content:-
0831+4459+489/3447
-------------------------------------------------------[2024-07-12 08:31:40.761]

SOURCE: AIR
RX_ID: 13, Freq: 131.525MHz
Mode: T NACKLabel: 2Z Block ID: 5, Msg No: M39A
Flight ID: AF7302 REG: F-GMZC


Message content:-
LFMN
-------------------------------------------------------[2024-07-12 08:32:04.533]

SOURCE: AIR
RX_ID: 14, Freq: 131.525MHz
Mode: T ACK, A2GLabel: 2Z Block ID: 5, Msg No: M39A
Flight ID: AF7302 REG: F-GMZC


Message content:-
LFMN
-------------------------------------------------------[2024-07-12 08:32:06.581]

SOURCE: AIR
RX_ID: 15, Freq: 131.525MHz
Mode: T NACKLabel: H1 Block ID: 8, Msg No: D27A
Flight ID: AF7302 REG: F-GMZC


Message content:-
#DFBA01/A32101,1,1/CCF-GMZC,JUL12,082631,LFPG,LFMN,0056/C106,55113,5000,51,0010,0,0100,51,X/CEN195,35001,270,796,7161,277,C53025/EC699257,00794,06855,00794,73,14/EE575645,00794,09277,00794,73/N10890,0890,0957,6
-------------------------------------------------------[2024-07-12 08:46:30.442]

SOURCE: AIR
RX_ID: 16, Freq: 131.525MHz
Mode: T NACKLabel: H1 Block ID: 9, Msg No: D27B
Flight ID: AF7302 REG: F-GMZC


Message content:-
#DFB716,1532,XXXXX/N20890,0890,0953,6678,1489,XXXXX/S1XXXXX,0802,1440,4577,XXXX,011,001/S2XXXXX,0756,1421,4588,XXXX,006,001/T1088,074,025,42,085,05319,0147/T2091,081,016,43,079,05252,0123/V101,05,348,100,03,01,
-------------------------------------------------------[2024-07-12 08:46:34.940]

SOURCE: AIR
RX_ID: 17, Freq: 131.725MHz
Mode: G NACKLabel: H1 Block ID: 0, Msg No: F07A
Flight ID: ZD737E REG: N737ER


Message content:-
#M1BPOSN45481E003523,UTU01,084700,406,LER02,085012,LIQ01,M43,236078,183694C
-------------------------------------------------------[2024-07-12 08:47:01.969]

SOURCE: AIR
RX_ID: 18, Freq: 131.725MHz
Mode: 2 NACKLabel: 16 Block ID: 1, Msg No: M85A
Flight ID: TS0308 REG: C-GPTS


Message content:-
085154,41007,0954, 211,N 45.371,E  5.687
-------------------------------------------------------[2024-07-12 08:51:59.335]

SOURCE: AIR
RX_ID: 19, Freq: 131.725MHz
Mode: E NACKLabel: 83 Block ID: 5, Msg No: M26A
Flight ID: UX0845 REG: EC-MMX


Message content:-
LEMD,EPRZ,120852, 43.28,   7.05,40001,258,  38.4, 13500
-------------------------------------------------------[2024-07-12 08:52:12.247]

SOURCE: AIR
RX_ID: 20, Freq: 131.725MHz
Mode: G NACKLabel: H1 Block ID: 2, Msg No: F08A
Flight ID: ZD737E REG: N737ER


Message content:-
#M1BPOSN44394E004552,TUN01,085750,351,NISAR,085921,XIRBI,M48,243079,173A961
-------------------------------------------------------[2024-07-12 08:57:52.437]

SOURCE: AIR
RX_ID: 21, Freq: 131.725MHz
Mode: G NACKLabel: H1 Block ID: 4, Msg No: F09A
Flight ID: ZD737E REG: N737ER


Message content:-
#M1BPOSN43405E006066,VED01,090828,162,TIPIK,091129,MUS,M6,242045,165EA7D
-------------------------------------------------------[2024-07-12 09:08:29.384]

SOURCE: AIR
RX_ID: 22, Freq: 131.725MHz
Mode: 2 NACKLabel: H1 Block ID: 9, Msg No: F90A
Flight ID: XA0000 REG: T7HOLTZ


Message content:-
#M1B/.RESREQ/AK,115/TS092906,120724
-------------------------------------------------------[2024-07-12 09:29:03.906]

SOURCE: AIR
RX_ID: 23, Freq: 131.725MHz
Mode: 2 NACKLabel: H1 Block ID: 0, Msg No: F91A
Flight ID: XA0000 REG: T7HOLTZ


Message content:-
#M1B/.POS/TS092906,120724N44586E004479,,092906,390,KOLON,094306,LOKDU,M47,23771,208,8302264
-------------------------------------------------------[2024-07-12 09:29:08.439]

SOURCE: AIR
RX_ID: 24, Freq: 131.725MHz
Mode: X NACKLabel: 2Z Block ID: 8, Msg No: M41A
Flight ID: AF7551 REG: F-GRHF


Message content:-
LFMN
-------------------------------------------------------[2024-07-12 09:33:02.722]

SOURCE: AIR
RX_ID: 25, Freq: 131.725MHz
Mode: X ACK, A2GLabel: 2Z Block ID: 8, Msg No: M41A
Flight ID: AF7551 REG: F-GRHF


Message content:-
LFMN
-------------------------------------------------------[2024-07-12 09:33:05.393]

SOURCE: AIR
RX_ID: 26, Freq: 131.725MHz
Mode: X NACKLabel: 2F Block ID: 9, Msg No: M42A
Flight ID: AF7551 REG: F-GRHF


Message content:-
0938+4392+551/2843
-------------------------------------------------------[2024-07-12 09:38:25.503]

SOURCE: AIR
RX_ID: 27, Freq: 131.725MHz
Mode: 2 NACKLabel: H1 Block ID: 4, Msg No: F95A
Flight ID: XA0000 REG: T7HOLTZ


Message content:-
#M1B/.RESREQ/AK,115/TS093951,120724
-------------------------------------------------------[2024-07-12 09:39:49.872]

SOURCE: AIR
RX_ID: 28, Freq: 131.725MHz
Mode: 2 NACKLabel: H1 Block ID: 5, Msg No: F96A
Flight ID: XA0000 REG: T7HOLTZ


Message content:-
#M1B/.POS/TS093951,120724N44013E006261,,093951,390,LOKDU,095651,ZEFIR,M49,24387,202,830663C
-------------------------------------------------------[2024-07-12 09:39:53.752]

SOURCE: AIR
RX_ID: 29, Freq: 131.725MHz
Mode: X NACKLabel: H1 Block ID: 7, Msg No: F21B
Flight ID: DL0183 REG: N192DN


Message content:-
#M1B52W050.TUDEP.ALLEX.ENE.ASPEN.PVD.TRAIT.PARCH.CCC.ROBER.CRAIL.CAPIT.ROSLY.ZALPO.RW22L.CHANT/DQ380C050
-------------------------------------------------------[2024-07-12 09:41:09.346]

SOURCE: AIR
RX_ID: 30, Freq: 131.725MHz
Mode: X NACKLabel: H1 Block ID: 8, Msg No: F22A
Flight ID: DL0183 REG: N192DN


Message content:-
#M1BREJPWI,094205,130,112,WD101.130,112,WD101.130,112,WD101.130,112,WD101.130,112,WD101.130,112,WD101.130,112,WD101.130,112,WD101B5A0
-------------------------------------------------------[2024-07-12 09:42:51.931]

SOURCE: AIR
RX_ID: 31, Freq: 131.525MHz
Mode: T NACKLabel: 26 Block ID: 3, Msg No: M43A
Flight ID: AF7551 REG: F-GRHF


Message content:-
0945EGLLAF7551/121000LFMN04L
-------------------------------------------------------[2024-07-12 09:45:03.407]

SOURCE: AIR
RX_ID: 32, Freq: 131.525MHz
Mode: T NACKLabel: B9 Block ID: 4, Msg No: L18A
Flight ID: AF7551 REG: F-GRHF


Message content:-
/LFMN.TI2/064LFMNA83AC
-------------------------------------------------------[2024-07-12 09:45:32.298]

SOURCE: AIR
RX_ID: 33, Freq: 131.725MHz
Mode: 2 NACKLabel: 15 Block ID: 6, Msg No: M05A
Flight ID: GS0001 REG: N251TX


Message content:-
(2N45045E  5359219 68409-46(Z
-------------------------------------------------------[2024-07-12 09:53:39.508]

SOURCE: AIR
RX_ID: 34, Freq: 131.725MHz
Mode: E NACKLabel: 20 Block ID: 7, Msg No: M10A
Flight ID: KL0119 REG: PH-BVF


Message content:-
RST07A12095700KLM119  EHAMFACT
-------------------------------------------------------[2024-07-12 09:57:26.030]

SOURCE: AIR
RX_ID: 35, Freq: 131.725MHz
Mode: 2 NACKLabel: 15 Block ID: 7, Msg No: M06A
Flight ID: GS0001 REG: N251TX


Message content:-
(2N43327E  4479224 79409-48(Z
-------------------------------------------------------[2024-07-12 10:08:37.378]

SOURCE: AIR
RX_ID: 36, Freq: 131.725MHz
Mode: 2 NACKLabel: 15 Block ID: 5, Msg No: M04A
Flight ID: XA0001 REG: 9HXOA


Message content:-
(2N43067E  6185--- 53259-24(Z
-------------------------------------------------------[2024-07-12 10:12:06.463]

SOURCE: AIR
RX_ID: 37, Freq: 131.725MHz
Mode: X NACKLabel: H1 Block ID: 1, Msg No: F75A
Flight ID: DL0024 REG: N833MH


Message content:-
#M2BPOSN43304E005263,ABLAK,102014,201,ABILI,102158,AMFOU,M14,23444,245,2813
-------------------------------------------------------[2024-07-12 10:20:16.774]

SOURCE: AIR
RX_ID: 38, Freq: 131.725MHz
Mode: X NACKLabel: H1 Block ID: 2, Msg No: D79A
Flight ID: DL0024 REG: N833MH


Message content:-
#DFBENGINE BLEED REPORT

AID:N1809  DA:12/07    GMT:10:20    FNO:3024      ISFC:  456
TAT:  50  SAT:-125   ALT: 19568   MACH:0582    FCNT:   35
GW:309240  FLT:0024-1  MODE:DESC    SID:AK-67-223
S/N L:70700
-------------------------------------------------------[2024-07-12 10:20:46.472]

SOURCE: AIR
RX_ID: 39, Freq: 131.725MHz
Mode: X NACKLabel: H1 Block ID: 3, Msg No: D79B
Flight ID: DL0024 REG: N833MH


Message content:-
#DFB0         DEPART:KATL    DESTIN:LFMN
S/N R:707000

               ENG L     ENG R
HPSOV          OPN       OPN
PRV            OPN       OPN
PRSOV          OPN       OPN
FAV %            -389     -168
-------------------------------------------------------[2024-07-12 10:20:50.347]

SOURCE: AIR
RX_ID: 40, Freq: 131.725MHz
Mode: X NACKLabel: H1 Block ID: 4, Msg No: D79C
Flight ID: DL0024 REG: N833MH


Message content:-
#DFB
N1 SPD          3888     3900
HI STG PRESS    3900     4000
INTERM PRESS1    3044     3706
INTERM PRESS2    3163     3372
STRUT OVHT     NRML      NRML
DUCT PRESS       2363     2500
P-COOL TEMP    
-------------------------------------------------------[2024-07-12 10:20:53.821]

SOURCE: AIR
RX_ID: 41, Freq: 131.725MHz
Mode: X NACKLabel: H1 Block ID: 5, Msg No: D79D
Flight ID: DL0024 REG: N833MH


Message content:-
#DFB35991    36122
PACK HX TEMP    32928    33319
PACK FLOW       10930    11038
WING ANTI ICE  OFF
LT  ISO VLV    CLS
RT  ISO VLV    CLS
CTR ISO VLV    OPN

TRIGGER CODE   0000

STATUS WORDS  DW1  DW
-------------------------------------------------------[2024-07-12 10:20:58.137]

SOURCE: AIR
RX_ID: 42, Freq: 131.825MHz
Mode: 2 NACKLabel: SA Block ID: 1, Msg No: S32A
Flight ID: VY8348 REG: EC-LOC


Message content:-
0EV102509V
-------------------------------------------------------[2024-07-12 10:25:10.262]

SOURCE: AIR
RX_ID: 43, Freq: 131.725MHz
Mode: X NACKLabel: H1 Block ID: 7, Msg No: D80A
Flight ID: DL0024 REG: N833MH


Message content:-
#DFB/WX02EN12KATLLFMN
N43599E00549110201971M1302360440XXXX22::B07GX
N43638E00563410211828M1002390420XXXX23::30IH-
N43659E00577210221706M0702390390XXXX23::3005Z
N43668E00590710231590M0522360370XXXX22::B0YY(
-------------------------------------------------------[2024-07-12 10:25:45.262]

SOURCE: AIR
RX_ID: 44, Freq: 131.725MHz
Mode: X NACKLabel: H1 Block ID: 8, Msg No: D80B
Flight ID: DL0024 REG: N833MH


Message content:-
#DFB
N43670E00603910241463M0252320370XXXX23::IX20)
N43634E00615610251330P0072300360XXXX220011ZY(

-------------------------------------------------------[2024-07-12 10:25:48.334]

SOURCE: AIR
RX_ID: 45, Freq: 131.725MHz
Mode: X NACKLabel: H1 Block ID: 9, Msg No: D81A
Flight ID: DL0024 REG: N833MH


Message content:-
#DFB/WX02EN12KATLLFMN
N43593E00627110261196P0402300350XXXX2310HH49(

-------------------------------------------------------[2024-07-12 10:26:44.252]

SOURCE: AIR
RX_ID: 46, Freq: 131.525MHz
Mode: 2 NACKLabel: SA Block ID: 0, Msg No: S22A
Flight ID: AF7303 REG: F-GMZC


Message content:-
0EV102845V
-------------------------------------------------------[2024-07-12 10:29:08.638]

SOURCE: AIR
RX_ID: 47, Freq: 131.725MHz
Mode: 2 NACKLabel: 15 Block ID: 9, Msg No: M08A
Flight ID: XA0001 REG: 9H777MF


Message content:-
(2N44311E  5026--- 70----46(Z
-------------------------------------------------------[2024-07-12 10:44:27.585]

SOURCE: AIR
RX_ID: 48, Freq: 131.725MHz
Mode: E NACKLabel: H1 Block ID: 0, Msg No: F92A
Flight ID: ZD9002 REG: MM62209


Message content:-
#M1BPOSN45248E005470,UMLER,105255,390,LAPRI,110116,MOGBO,M46,23670,139/TS105255,0712246A8F
-------------------------------------------------------[2024-07-12 10:53:01.450]

SOURCE: AIR
RX_ID: 49, Freq: 131.725MHz
Mode: G NACKLabel: H1 Block ID: 6, Msg No: D27A
Flight ID: KL0535 REG: PH-AOC


Message content:-
#DFB(POS-KLM535  -4405N00402E/110004 F350
RMK/FUEL  50.1 M0.83)
-------------------------------------------------------[2024-07-12 11:00:22.798]

SOURCE: AIR
RX_ID: 50, Freq: 131.825MHz
Mode: 2 NACKLabel: H1 Block ID: 3, Msg No: D48A
Flight ID: NW0207 REG: N831NW


Message content:-
#DFB239211400401010098101
R39/A33039,1,1
239N831NW207 071224110433810 4504   598340-18-48238 84AB0510132560
 282 459 000311030030W/XLIRFKDTW
-------------------------------------------------------[2024-07-12 11:04:46.156]

SOURCE: AIR
RX_ID: 51, Freq: 131.725MHz
Mode: E NACKLabel: 44 Block ID: 9, Msg No: M39A
Flight ID: ZD0000 REG: VPCBC


Message content:-
00POS02,N44276E005299,330,LSGG,LEAL,0712,1150,1315,007.0
-------------------------------------------------------[2024-07-12 11:51:00.585]

SOURCE: AIR
RX_ID: 52, Freq: 131.725MHz
Mode: G NACKLabel: 16 Block ID: 4, Msg No: M57A
Flight ID: TS0403 REG: C-GUBL


Message content:-
115248,37999,1936,1040,N 45.135,E  6.109
-------------------------------------------------------[2024-07-12 11:53:04.495]

SOURCE: AIR
RX_ID: 53, Freq: 131.525MHz
Mode: T NACKLabel: H1 Block ID: 9, Msg No: D39A
Flight ID: AF9393 REG: F-GRHF


Message content:-
#DFBA31/A31931,1,1/C1F-GRHF,JUL12,113812,LFMN,LFPG,0094/C202,00000,8100,04,0001,0,0000,09,0/C30250,00035,---,---,6270,286,C43025/C44364,XXXXX,00034,0250,---/4C0000,---,N0024,062686,---/C5XXXXX,XXXXX,00036,0250,
-------------------------------------------------------[2024-07-12 11:54:19.655]

SOURCE: AIR
RX_ID: 54, Freq: 131.525MHz
Mode: T NACKLabel: H1 Block ID: 0, Msg No: D39B
Flight ID: AF9393 REG: F-GRHF


Message content:-
#DFB---/5CN000,---,N0001,062668,---/C6XXXXX,0720,00037,0252,---/6CN000,---,N0001,XXXXXX,---/C74364,0720,00054,0240,---/7CN001,075,N0035,062632,---/C84365,0721,00059,0235,071/8C0000,146,00324,062577,001/C94366,0
-------------------------------------------------------[2024-07-12 11:54:23.129]

SOURCE: AIR
RX_ID: 55, Freq: 131.525MHz
Mode: T NACKLabel: H1 Block ID: 1, Msg No: D39C
Flight ID: AF9393 REG: F-GRHF


Message content:-
#DFB722,00426,0225,164/9CN005,159,N0024,062559,006/C04367,0724,01152,0212,165/0C0250,157,00025,XXXXXX,006/E14366,0726,01780,0205,315/1E0055,157,00292,062323,003/E24365,0727,02440,0195,273/2E0004,154,00025,06217
-------------------------------------------------------[2024-07-12 11:54:26.822]

SOURCE: AIR
RX_ID: 56, Freq: 131.525MHz
Mode: T NACKLabel: H1 Block ID: 3, Msg No: D39E
Flight ID: AF9393 REG: F-GRHF


Message content:-
#DFB15,00343,063158,014/E7XXXXX,0728,05206,0172,241/7E0284,215,N0438,XXXXXX,006/E84358,XXXXX,06008,0162,205/8E0012,220,00194,063756,007/E9XXXXX,0722,07002,0137,218/9E0002,221,00119,063557,013/E04359,0720,08004,
-------------------------------------------------------[2024-07-12 11:54:36.259]

SOURCE: AIR
RX_ID: 57, Freq: 131.525MHz
Mode: T NACKLabel: H1 Block ID: 8, Msg No: D39I
Flight ID: AF9393 REG: F-GRHF


Message content:-
#DFB10,240,N0510,XXXXXX,042/S24389,0699,17500,N092,240/2S0001,253,00117,063212,046/S34391,0697,17772,N102,241/3S0018,266,00080,063194,049/S44395,0695,18060,N107,238/4SN008,276,00340,062994,045/S54398,0694,18666
-------------------------------------------------------[2024-07-12 11:55:15.170]

SOURCE: AIR
RX_ID: 58, Freq: 131.525MHz
Mode: T NACKLabel: H1 Block ID: 0, Msg No: D39K
Flight ID: AF9393 REG: F-GRHF


Message content:-
#DFB412,0689,21125,N175,233/9SN196,275,00233,063049,059/S04414,0686,21639,N187,234/0SN004,278,N0516,063031,055/T14418,0683,21979,N200,234/1TN003,285,N0047,062831,054/T24421,0681,22235,N207,231/2TN000,292,N0294,
-------------------------------------------------------[2024-07-12 11:55:22.927]

SOURCE: AIR
RX_ID: 59, Freq: 131.725MHz
Mode: X NACKLabel: H1 Block ID: 5, Msg No: F52A
Flight ID: 7L8116 REG: 4K-BBH


Message content:-
#M1BREQPWI/WQ370.410.450.490:N44511E007038.N44467E007153.N44090E008521.N42097E013261.LATAN.TRL.VANZA.PIKOG.ZUKKO/DQ3901EBE
-------------------------------------------------------[2024-07-12 12:26:13.880]

SOURCE: AIR
RX_ID: 60, Freq: 131.825MHz
Mode: 2 NACKLabel: B9 Block ID: 5, Msg No: L01A
Flight ID: XR65EC REG: 9H-CXG


Message content:-
/LEPA.TI2/024LEPAAC8BA
-------------------------------------------------------[2024-07-12 12:29:05.921]

SOURCE: AIR
RX_ID: 61, Freq: 131.725MHz
Mode: 2 NACKLabel: H1 Block ID: 6, Msg No: F40A
Flight ID: ZD0000 REG: 9HNSV


Message content:-
#M1B/.RESREQ/AK,115/TS122914,120724
-------------------------------------------------------[2024-07-12 12:29:17.182]

SOURCE: AIR
RX_ID: 62, Freq: 131.725MHz
Mode: 2 NACKLabel: H1 Block ID: 7, Msg No: F41A
Flight ID: ZD0000 REG: 9HNSV


Message content:-
#M1B/.POS/TS122914,120724N42539E005472,,122914,350,,122914,,M48,25381,199,85056C1
-------------------------------------------------------[2024-07-12 12:29:20.660]

SOURCE: AIR
RX_ID: 63, Freq: 131.725MHz
Mode: E NACKLabel: H1 Block ID: 7, Msg No: D03A
Flight ID: SN06LW REG: OO-SFD


Message content:-
#DFB001052200101010734220
R01/A33001,1,1
C1,.OO-SFD,24JUL12,12.29.36,EBBR,HKJK,BEL6LW    ,5000,580
C2,001,06.0,000000,D1333RR06C02BEL,000,052,052
C3,-19.8,35005,0.826,111,1.08,111,10,0,01,111,1.08,X
C4,-20
-------------------------------------------------------[2024-07-12 12:30:02.246]

SOURCE: AIR
RX_ID: 64, Freq: 131.725MHz
Mode: E NACKLabel: H1 Block ID: 8, Msg No: D03B
Flight ID: SN06LW REG: OO-SFD


Message content:-
#DFB.0,35003,0.826,111
C5,041029,74337,21645,26233,00443,10015,00000,00402,1E066,354
C6,042040,02696,01060,00577,00443,10016,00000,00402,16066
N1,1.447,1.447,078.73,086.6,088.2,0644,07.872,03175,09.07
N2,1.
-------------------------------------------------------[2024-07-12 12:30:05.903]

SOURCE: AIR
RX_ID: 65, Freq: 131.725MHz
Mode: E NACKLabel: H1 Block ID: 9, Msg No: D03C
Flight ID: SN06LW REG: OO-SFD


Message content:-
#DFB447,1.447,078.79,087.1,086.8,0620,07.881,03104,09.02
S1,05.40,-19.9,037.3,189.0,156.2,461.4,09.4,058.6,032.4,27,122
S2,05.40,-19.9,038.6,190.1,159.9,455.2,08.8,056.7,026.6,34,137
T1,076,094,111.2,002.5,0
-------------------------------------------------------[2024-07-12 12:30:09.597]

SOURCE: AIR
RX_ID: 66, Freq: 131.725MHz
Mode: E NACKLabel: H1 Block ID: 1, Msg No: D04A
Flight ID: SN06LW REG: OO-SFD


Message content:-
#DFB002052200101011031216
R02/A33002,1,1
C1,.OO-SFD,24JUL12,12.29.36,EBBR,HKJK,BEL6LW    ,5000,871
C2,001,06.0,000000,D1333RR06C02BEL,000,052,052
C3,-19.8,35005,0.826,111,1.08,111,10,0,01,111,1.08,X
C4,-20
-------------------------------------------------------[2024-07-12 12:30:25.578]

SOURCE: AIR
RX_ID: 67, Freq: 131.725MHz
Mode: E NACKLabel: H1 Block ID: 2, Msg No: D04B
Flight ID: SN06LW REG: OO-SFD


Message content:-
#DFB.0,35003,0.826,111
C5,041029,74337,21645,26233,00443,10015,00000,00402,1E066,358
C6,042040,02696,01060,00577,00443,10016,00000,00402,16066,354
N1,1.447,1.447,078.73,086.6,088.2,0644,07.872,03175,09.07
N
-------------------------------------------------------[2024-07-12 12:30:29.272]

SOURCE: AIR
RX_ID: 68, Freq: 131.725MHz
Mode: E NACKLabel: H1 Block ID: 4, Msg No: D04D
Flight ID: SN06LW REG: OO-SFD


Message content:-
#DFB.5,047.6,0.02,0.06,0.12,152,0.18,011.9
T2,076,093,105.3,000.4,047.2,0.11,0.04,0.05,039,0.18,011.5
V1,0428,0372
V2,0429,0355
X1,000.0,002.0,-09.6,0000,00.0003,N43.84
X2,000.1,002.3,-09.9,0000,00.0002,N4
-------------------------------------------------------[2024-07-12 12:30:36.441]

SOURCE: AIR
RX_ID: 69, Freq: 131.725MHz
Mode: E NACKLabel: H1 Block ID: 5, Msg No: D04E
Flight ID: SN06LW REG: OO-SFD


Message content:-
#DFB3.82
X3,-00.1,000.7,-02.5,-00.2,-00.0,002.3,001243,208153,32.6
X4,-00.1,-00.1,-00.1,-00.1,-00.1,-00.1,000.0,000.0,0161.1
X5,-00.1,-00.1,-00.1,-00.0,-00.1,-00.1,000.0,000.0,0161.3
X6,-00.8,000.9,085,-099
-------------------------------------------------------[2024-07-12 12:30:39.917]

SOURCE: AIR
RX_ID: 70, Freq: 131.725MHz
Mode: E NACKLabel: H1 Block ID: 6, Msg No: D04F
Flight ID: SN06LW REG: OO-SFD


Message content:-
#DFB,0.805
X7,-00.8,000.9,087,-101,0.805:

-------------------------------------------------------[2024-07-12 12:30:42.770]

SOURCE: AIR
RX_ID: 71, Freq: 131.725MHz
Mode: 2 NACKLabel: 15 Block ID: 5, Msg No: M04A
Flight ID: XA0001 REG: 9HVFL


Message content:-
(2N43400E  7197243 83399-47(Z
-------------------------------------------------------[2024-07-12 12:33:44.670]

SOURCE: AIR
RX_ID: 72, Freq: 131.725MHz
Mode: 2 NACKLabel: 15 Block ID: 5, Msg No: M04A
Flight ID: XA0001 REG: 9HVFL


Message content:-
(2N43400E  7197243 83399-47(Z
-------------------------------------------------------[2024-07-12 12:35:08.251]

SOURCE: AIR
RX_ID: 73, Freq: 131.725MHz
Mode: E NACKLabel: H1 Block ID: 7, Msg No: F17A
Flight ID: ZD737E REG: N737ER


Message content:-
#M1BPRG/FNN737ER/DTLFPB,27O,95,133804,302922
-------------------------------------------------------[2024-07-12 12:40:28.567]

SOURCE: AIR
RX_ID: 74, Freq: 131.725MHz
Mode: G NACKLabel: 12 Block ID: 7, Msg No: M16A
Flight ID: SN039G REG: OO-SFH


Message content:-
EBBR,FKKD,12JUL24,1242,175300
N 43.412,E  6.165,35004
FKKD30,SN369
-------------------------------------------------------[2024-07-12 12:42:57.492]

SOURCE: AIR
RX_ID: 75, Freq: 131.725MHz
Mode: 2 NACKLabel: 15 Block ID: 6, Msg No: M05A
Flight ID: XA0001 REG: 9HVFL


Message content:-
(2N44319E  6114236 83399-46(Z
-------------------------------------------------------[2024-07-12 12:43:43.364]

SOURCE: AIR
RX_ID: 76, Freq: 131.725MHz
Mode: 2 NACKLabel: 15 Block ID: 6, Msg No: M05A
Flight ID: XA0001 REG: 9HVFL


Message content:-
(2N44319E  6114236 83399-46(Z
-------------------------------------------------------[2024-07-12 12:45:07.115]

SOURCE: AIR
RX_ID: 77, Freq: 131.725MHz
Mode: G NACKLabel: 16 Block ID: 8, Msg No: M17A
Flight ID: SN039G REG: OO-SFH


Message content:-
12JUL24,1245,N 43.142,E  6.328,35003,1752,95000
-------------------------------------------------------[2024-07-12 12:45:13.696]

SOURCE: AIR
RX_ID: 78, Freq: 131.725MHz
Mode: 2 NACKLabel: 15 Block ID: 7, Msg No: M06A
Flight ID: XA0001 REG: 9HVFL


Message content:-
(2N45344E  5208233 71399-45(Z
-------------------------------------------------------[2024-07-12 12:54:00.475]

SOURCE: AIR
RX_ID: 79, Freq: 131.525MHz
Mode: T NACKLabel: 2F Block ID: 7, Msg No: M83A
Flight ID: AF7308 REG: F-GMZD


Message content:-
1305+4470+487/3550
-------------------------------------------------------[2024-07-12 13:05:25.783]

SOURCE: AIR
RX_ID: 80, Freq: 131.525MHz
Mode: T NACKLabel: 2Z Block ID: 8, Msg No: M84A
Flight ID: AF7308 REG: F-GMZD


Message content:-
LFMN
-------------------------------------------------------[2024-07-12 13:06:02.868]

SOURCE: AIR
RX_ID: 81, Freq: 131.525MHz
Mode: T NACKLabel: 26 Block ID: 2, Msg No: M85A
Flight ID: AF7308 REG: F-GMZD


Message content:-
1312LFPGAF7308/121327LFMN04L
-------------------------------------------------------[2024-07-12 13:12:06.813]

SOURCE: AIR
RX_ID: 82, Freq: 131.725MHz
Mode: E NACKLabel: 83 Block ID: 7, Msg No: M07A
Flight ID: GS0001 REG: OEGPP


Message content:-
001PR12131514N4422.4E00625.43793970075
-------------------------------------------------------[2024-07-12 13:15:17.290]

SOURCE: AIR
RX_ID: 83, Freq: 131.725MHz
Mode: X NACKLabel: H1 Block ID: 5, Msg No: F37A
Flight ID: UA0967 REG: N686UA


Message content:-
#M2BPOSN44075E006599,,132127,320,BOD06,132503,KOT07,M41,25483,1066,810/DTKEWR,22L, 22,213039,/TS132127,1207240739
-------------------------------------------------------[2024-07-12 13:21:29.858]

SOURCE: AIR
RX_ID: 84, Freq: 131.725MHz
Mode: X NACKLabel: 16 Block ID: 4, Msg No: M68A
Flight ID: TS0343 REG: C-GUBT


Message content:-
134748,38002,2209,1070,N 44.654,E  5.628
-------------------------------------------------------[2024-07-12 13:47:52.548]

SOURCE: AIR
RX_ID: 85, Freq: 131.725MHz
Mode: X NACKLabel: 16 Block ID: 4, Msg No: M68A
Flight ID: TS0343 REG: C-GUBT


Message content:-
134748,38002,2209,1070,N 44.654,E  5.628
-------------------------------------------------------[2024-07-12 13:48:02.609]

SOURCE: AIR
RX_ID: 86, Freq: 131.725MHz
Mode: 2 NACKLabel: 15 Block ID: 3, Msg No: M93A
Flight ID: XA0001 REG: OEHGS


Message content:-
(2N42541E  5563--- 70----32(Z
-------------------------------------------------------[2024-07-12 14:21:50.166]

SOURCE: AIR
RX_ID: 87, Freq: 131.725MHz
Mode: X NACKLabel: 83 Block ID: 3, Msg No: M66A
Flight ID: UX0845 REG: EC-MMX


Message content:-
EPRZ,LEBL,121448, 43.40,   5.52,35001,289,-127.6,  8200
-------------------------------------------------------[2024-07-12 14:48:31.310]

SOURCE: AIR
RX_ID: 88, Freq: 131.725MHz
Mode: G NACKLabel: 81 Block ID: 5, Msg No: M67A
Flight ID: UX0845 REG: EC-MMX


Message content:-
/PMIANUX.BUENAS TARDES.
FUEL AME0845 BCN-MAD
11.0/3.9/0.4
GRCS

-------------------------------------------------------[2024-07-12 14:50:30.278]

SOURCE: AIR
RX_ID: 89, Freq: 131.825MHz
Mode: 2 NACKLabel: B6 Block ID: 9, Msg No: F06A
Flight ID: EK041M REG: A6-EWJ


Message content:-
/DXBEGEK.ADS.A6-EWJ07200848241D8791A08F1DE908
-------------------------------------------------------[2024-07-12 15:34:45.562]

SOURCE: AIR
RX_ID: 90, Freq: 131.525MHz
Mode: T NACKLabel: 80 Block ID: 9, Msg No: M85A
Flight ID: AF9392 REG: F-GRHF


Message content:-
AF9392/DEST/LFMN
BJR
ETA 1615Z/BLOC 1620Z.
-------------------------------------------------------[2024-07-12 15:43:57.148]

SOURCE: AIR
RX_ID: 91, Freq: 131.525MHz
Mode: T NACKLabel: 2Z Block ID: 0, Msg No: M86A
Flight ID: AF9392 REG: F-GRHF


Message content:-
LFMN
-------------------------------------------------------[2024-07-12 15:51:03.756]

SOURCE: AIR
RX_ID: 92, Freq: 131.725MHz
Mode: 2 NACKLabel: 15 Block ID: 6, Msg No: M15A
Flight ID: XA0001 REG: HBJRQ


Message content:-
(2N44011E  5061242 22109  3(Z
-------------------------------------------------------[2024-07-12 15:52:38.554]

SOURCE: AIR
RX_ID: 93, Freq: 131.525MHz
Mode: T NACKLabel: 2F Block ID: 2, Msg No: M87A
Flight ID: AF9392 REG: F-GRHF


Message content:-
1552+4437+524/3451
-------------------------------------------------------[2024-07-12 15:53:00.499]

SOURCE: AIR
RX_ID: 94, Freq: 131.525MHz
Mode: T NACKLabel: 26 Block ID: 4, Msg No: M88A
Flight ID: AF9392 REG: F-GRHF


Message content:-
1557LFPGAF9392/121612LFMN04L
-------------------------------------------------------[2024-07-12 15:57:28.162]

SOURCE: AIR
RX_ID: 95, Freq: 131.525MHz
Mode: T NACKLabel: 80 Block ID: 5, Msg No: M89A
Flight ID: AF9392 REG: F-GRHF


Message content:-
AF9392/DEST/LFMN
BJR
UN TAPIS A BAGAGE...
MCI.
-------------------------------------------------------[2024-07-12 15:57:35.111]

SOURCE: AIR
RX_ID: 96, Freq: 131.725MHz
Mode: X NACKLabel: 16 Block ID: 6, Msg No: M82A
Flight ID: XSMBU6 REG: 2-UTMH


Message content:-
155808,471,1800, 200,MMMM.MMM MMMM.MMM
-------------------------------------------------------[2024-07-12 15:58:10.515]

SOURCE: AIR
RX_ID: 97, Freq: 131.525MHz
Mode: T NACKLabel: B9 Block ID: 6, Msg No: L32A
Flight ID: AF9392 REG: F-GRHF


Message content:-
/LFMN.TI2/064LFMNA83AC
-------------------------------------------------------[2024-07-12 16:01:17.322]

SOURCE: AIR
RX_ID: 98, Freq: 131.725MHz
Mode: 2 NACKLabel: 15 Block ID: 5, Msg No: M04A
Flight ID: GS0001 REG: CSDXN


Message content:-
(2N45189E  5521--- 74410-42(Z
-------------------------------------------------------[2024-07-12 16:34:30.641]

SOURCE: AIR
RX_ID: 99, Freq: 131.725MHz
Mode: 2 NACKLabel: 15 Block ID: 3, Msg No: M22A
Flight ID: XA0001 REG: HBJRQ


Message content:-
(2N43310E  5062OFF1207241650E19192.00 010(Z
-------------------------------------------------------[2024-07-12 16:53:01.113]

SOURCE: AIR
RX_ID: 100, Freq: 131.725MHz
Mode: 2 NACKLabel: 15 Block ID: 4, Msg No: M23A
Flight ID: XA0001 REG: HBJRQ


Message content:-
(2N44266E  4464250 46180-12(Z
-------------------------------------------------------[2024-07-12 17:02:59.755]

SOURCE: AIR
RX_ID: 101, Freq: 131.525MHz
Mode: T NACKLabel: 2T Block ID: 8, Msg No: M06A
Flight ID: AF7309 REG: F-GMZD


Message content:-
2
-------------------------------------------------------[2024-07-12 17:26:55.849]

SOURCE: AIR
RX_ID: 102, Freq: 131.725MHz
Mode: G NACKLabel: H1 Block ID: 5, Msg No: D28A
Flight ID: TO60GT REG: F-HTVS


Message content:-
#DFB43101???????????B737-80012JUL24TO0060LFMLLFRB0530TO5809
172635CL46100164316726002490289N43276E005109063540
090960908609780978076708110017600130
033770348500700070058057093087
048116018103035023024019
1
-------------------------------------------------------[2024-07-12 17:27:21.010]

SOURCE: AIR
RX_ID: 103, Freq: 131.725MHz
Mode: G NACKLabel: H1 Block ID: 6, Msg No: D28B
Flight ID: TO60GT REG: F-HTVS


Message content:-
#DFB9418524620800001082010820053100531
110000001116490909090409650965
018CE018CE0000000000062010620939A4539905
020000000010000200007F0927F0924000940009BB
4084E4084300010005091009098546758924197E6D7E6D
0695
-------------------------------------------------------[2024-07-12 17:27:25.326]

SOURCE: AIR
RX_ID: 104, Freq: 131.525MHz
Mode: T NACKLabel: H1 Block ID: 5, Msg No: D72E
Flight ID: AF7309 REG: F-GMZD


Message content:-
#DFB180,210,00389,074298,008/E74357,0730,04676,0185,284/7E0001,214,N0268,074280,007/E84356,0728,05463,0177,270/8E0200,222,00070,074280,016/E94354,0725,06342,0162,251/9E0238,218,N0253,074262,012/E04354,0722,0682
-------------------------------------------------------[2024-07-12 17:31:38.695]

SOURCE: AIR
RX_ID: 105, Freq: 131.525MHz
Mode: 2 NACKLabel: H1 Block ID: 5, Msg No: D72E
Flight ID: AF7309 REG: F-GMZD


Message content:-
#DFB180,210,00389,074298,008/E74357,0730,04676,0185,284/7E0001,214,N0268,074280,007/E84356,0728,05463,0177,270/8E0200,222,00070,074280,016/E94354,0725,06342,0162,251/9E0238,218,N0253,074262,012/E04354,0722,0682
-------------------------------------------------------[2024-07-12 17:31:59.981]

SOURCE: AIR
RX_ID: 106, Freq: 131.525MHz
Mode: 2 NACKLabel: H1 Block ID: 7, Msg No: D72G
Flight ID: AF7309 REG: F-GMZD


Message content:-
#DFB4362,0713,09419,0090,229/4N0003,249,00159,074116,028/N54364,0710,10111,0072,227/5N0002,251,00087,074098,028/N64366,0708,10921,0047,233/6NN007,251,00737,074062,030/N74368,0705,11896,0035,230/7N0012,242,N0411
-------------------------------------------------------[2024-07-12 17:32:07.587]

SOURCE: AIR
RX_ID: 107, Freq: 131.525MHz
Mode: 2 NACKLabel: H1 Block ID: 0, Msg No: D72J
Flight ID: AF7309 REG: F-GMZD


Message content:-
#DFB14,N077,238/5SN003,249,N0030,073790,049/S64387,0682,17946,N092,235/6S0001,249,00238,073772,048/S74389,0679,18535,N105,234/7S0001,250,N0024,073754,051/S84391,0676,19161,N117,235/8S0001,250,00010,073717,054/S
-------------------------------------------------------[2024-07-12 17:32:19.254]

SOURCE: AIR
RX_ID: 108, Freq: 131.525MHz
Mode: 2 NACKLabel: H1 Block ID: 1, Msg No: D72K
Flight ID: AF7309 REG: F-GMZD


Message content:-
#DFB94394,0674,19670,N135,237/9S0249,255,N0257,073681,048/S04397,XXXXX,19954,N147,237/0S0010,264,N0004,073663,055/T14401,0672,20207,N150,237/1TN003,272,00251,073645,056/T24404,0671,20722,N150,243/2TN019,274,N01
-------------------------------------------------------[2024-07-12 17:32:33.187]

SOURCE: AIR
RX_ID: 109, Freq: 131.525MHz
Mode: 2 NACKLabel: H1 Block ID: 2, Msg No: D72L
Flight ID: AF7309 REG: F-GMZD


Message content:-
#DFB80,073590,062/T34408,0669,21244,N165,238/3TN118,274,N0122,073572,063/T44411,0667,21735,N157,240/4TN007,274,N0408,073554,069/T54414,0665,22331,N160,239/5T0000,272,N0872,073518,062/T64418,0663,22768,N180,241/
-------------------------------------------------------[2024-07-12 17:32:37.466]

SOURCE: AIR
RX_ID: 110, Freq: 131.525MHz
Mode: 2 NACKLabel: H1 Block ID: 3, Msg No: D72M
Flight ID: AF7309 REG: F-GMZD


Message content:-
#DFB6TN004,275,N0266,073481,069/T74420,0661,23290,N197,240/7TN010,272,N0736,073463,071/T84424,0658,23660,N207,243/8TN135,277,00457,073463,074/T94426,0655,24255,N217,245/9TN011,274,N0185,073409,073,/
-------------------------------------------------------[2024-07-12 17:32:41.964]

SOURCE: AIR
RX_ID: 111, Freq: 131.525MHz
Mode: T ACK, A2GLabel: B9 Block ID: 5, Msg No: L18A
Flight ID: AF7309 REG: F-GMZD


Message content:-
/LFLL.TI2/064LFLLAD2FE
-------------------------------------------------------[2024-07-12 17:33:48.122]

SOURCE: AIR
RX_ID: 112, Freq: 131.525MHz
Mode: T ACK, A2GLabel: B9 Block ID: 5, Msg No: L18A
Flight ID: AF7309 REG: F-GMZD


Message content:-
/LFLL.TI2/064LFLLAD2FE
-------------------------------------------------------[2024-07-12 17:33:58.180]

SOURCE: AIR
RX_ID: 113, Freq: 131.525MHz
Mode: T NACKLabel: 80 Block ID: 7, Msg No: M08A
Flight ID: AF7309 REG: F-GMZD


Message content:-
AF7309/DSP CCO
BSR. DEMANDONS BUTEE
PNT
MERCI
-------------------------------------------------------[2024-07-12 17:40:37.725]

SOURCE: AIR
RX_ID: 114, Freq: 131.825MHz
Mode: 2 NACKLabel: 44 Block ID: 2, Msg No: M10A
Flight ID: GS0713 REG: DANCE


Message content:-
011*4lSb_'~'((6llLA(lbSlLb\C@_b\6@IblqA~bA(l(bA?~~bllqOL
-------------------------------------------------------[2024-07-12 18:08:38.930]

SOURCE: AIR
RX_ID: 115, Freq: 131.825MHz
Mode: 2 NACKLabel: 5U Block ID: 7, Msg No: M06A
Flight ID: QY1683 REG: OE-LNE


Message content:-
10,WX,121917,QY1683,12,LFML,LIPE,8395472,LIPE,,LIRP,1,0,
-------------------------------------------------------[2024-07-12 19:17:44.306]

SOURCE: AIR
RX_ID: 116, Freq: 131.725MHz
Mode: X NACKLabel: 83 Block ID: 3, Msg No: M19A
Flight ID: XA0001 REG: CSRLI


Message content:-
001PR12203818N4456.1E00434.3409448    
-------------------------------------------------------[2024-07-12 20:38:23.603]

SOURCE: AIR
RX_ID: 117, Freq: 131.725MHz
Mode: X NACKLabel: 83 Block ID: 4, Msg No: M20A
Flight ID: XA0001 REG: CSRLI


Message content:-
001PR12205344N4332.3E00621.5125359    
-------------------------------------------------------[2024-07-12 20:53:50.328]

SOURCE: AIR
RX_ID: 118, Freq: 131.725MHz
Mode: G NACKLabel: 5U Block ID: 5, Msg No: M05A
Flight ID: CC2614 REG: TF-AMM


Message content:-
  01 WXRQ   2614/12 EBLG/DNPO .TF-AMM
/TYP 1/STA DNPO/STA DABB/STA DAUH
-------------------------------------------------------[2024-07-12 21:57:32.114]

SOURCE: AIR
RX_ID: 119, Freq: 131.825MHz
Mode: 2 NACKLabel: H1 Block ID: 8, Msg No: F13A
Flight ID: QY0421 REG: D-ALEV


Message content:-
#M1BPOSN44595E004458,,220023,340,ROMAM,220224,NEDRU,M47,26194,187,7806F2E
-------------------------------------------------------[2024-07-12 22:00:27.218]

SOURCE: AIR
RX_ID: 120, Freq: 131.725MHz
Mode: G NACKLabel: H1 Block ID: 8, Msg No: F15A
Flight ID: CC2614 REG: TF-AMM


Message content:-
#M1BPOSN43265E005542,,220228,310,MTG21,220260,DIV22,M38,25468,1699,84,/TS220230,120724EB27
-------------------------------------------------------[2024-07-12 22:02:32.771]

SOURCE: AIR
RX_ID: 121, Freq: 131.725MHz
Mode: G NACKLabel: H1 Block ID: 9, Msg No: C01A
Flight ID: CC2614 REG: TF-AMM


Message content:-
#CFB



 A RPT1  PG1  L-PLF SUMMARY REAL TIME            LT 12JUL24 2044
 B TF-AMM 12JUL24 2204 ABD2614 EBLG/DNPO 685-2270-012 PW-508 ER


 C 22100600A
 D 2294212JUL2422022211       ERHA



-------------------------------------------------------[2024-07-12 22:04:22.962]

SOURCE: AIR
RX_ID: 122, Freq: 131.725MHz
Mode: G NACKLabel: H1 Block ID: 0, Msg No: C02A
Flight ID: CC2614 REG: TF-AMM


Message content:-
#CFB



 A RPT1  PG1  L-PLF SUMMARY REAL TIME            LT 12JUL24 2044
 B TF-AMM 12JUL24 2204 ABD2614 EBLG/DNPO 685-2270-012 PW-508 ER


 C 22108200A
 D 2294212JUL2422022211       ERHA



-------------------------------------------------------[2024-07-12 22:04:33.606]

SOURCE: AIR
RX_ID: 123, Freq: 131.725MHz
Mode: G NACKLabel: 83 Block ID: 2, Msg No: M50A
Flight ID: UU0978 REG: F-OLRB


Message content:-
LFPG,FMCZ,122226, 44.63,   5.65,34999,287, 129.6, 56600
-------------------------------------------------------[2024-07-12 22:26:39.298]

SOURCE: AIR
RX_ID: 124, Freq: 131.725MHz
Mode: G NACKLabel: 5U Block ID: 3, Msg No: M51A
Flight ID: UU0978 REG: F-OLRB


Message content:-
SA LFML,LIRF,LIBR,
-------------------------------------------------------[2024-07-12 22:28:42.983]

