SOURCE: AIR
RX_ID: 0, Freq: 131.825MHz
Mode: 2 ACK, A2GLabel: _d Block ID: 0, Msg No: S53A
Flight ID: BA0082 REG: G-VIIL


Message content:-

-------------------------------------------------------[2024-01-24 12:52:57.167]

SOURCE: AIR
RX_ID: 1, Freq: 131.825MHz
Mode: 2 NACKLabel: 15 Block ID: 3, Msg No: M23A
Flight ID: BA0082 REG: G-VIIL


Message content:-
FST01DNAAEGLLN442687E0048602380 134 319 M60C 5828734335145711600014151254
-------------------------------------------------------[2024-01-24 12:54:59.642]

SOURCE: AIR
RX_ID: 2, Freq: 131.725MHz
Mode: E ACK, A2GLabel: _d Block ID: 5, Msg No: S06A
Flight ID: 4Y01IP REG: F-WWIP


Message content:-

-------------------------------------------------------[2024-01-24 14:17:53.985]

SOURCE: AIR
RX_ID: 3, Freq: 131.725MHz
Mode: E ACK, A2GLabel: _d Block ID: 6, Msg No: S07A
Flight ID: 4Y01IP REG: F-WWIP


Message content:-

-------------------------------------------------------[2024-01-24 14:17:57.495]

SOURCE: AIR
RX_ID: 4, Freq: 131.725MHz
Mode: E NACKLabel: H1 Block ID: 7, Msg No: C07A
Flight ID: 4Y01IP REG: F-WWIP


Message content:-
#CFBWRN/PNRC12860AA08/WN24012414190036000006AIR ENG 1+2 BLEED FAULT  
-------------------------------------------------------[2024-01-24 14:19:18.977]

SOURCE: AIR
RX_ID: 5, Freq: 131.725MHz
Mode: E NACKLabel: H1 Block ID: 8, Msg No: C08A
Flight ID: 4Y01IP REG: F-WWIP


Message content:-
#CFBWRN/PNRC12860AA08/WN24012414190021610006AIR PACK 1+2 FAULT 
-------------------------------------------------------[2024-01-24 14:19:36.201]

SOURCE: AIR
RX_ID: 6, Freq: 131.725MHz
Mode: E NACKLabel: H1 Block ID: 8, Msg No: C08A
Flight ID: 4Y01IP REG: F-WWIP


Message content:-
#CFBWRN/PNRC12860AA08/WN24012414190021610006AIR PACK 1+2 FAULT 
-------------------------------------------------------[2024-01-24 14:19:44.393]

SOURCE: AIR
RX_ID: 7, Freq: 131.725MHz
Mode: E NACKLabel: 5P Block ID: 9, Msg No: S08A
Flight ID: 4Y01IP REG: F-WWIP


Message content:-

-------------------------------------------------------[2024-01-24 14:20:25.136]

SOURCE: AIR
RX_ID: 8, Freq: 131.725MHz
Mode: 2 NACKLabel: Q6 Block ID: 0, Msg No: S09A
Flight ID: 4Y01IP REG: F-WWIP


Message content:-

-------------------------------------------------------[2024-01-24 14:20:56.074]

SOURCE: AIR
RX_ID: 9, Freq: 131.725MHz
Mode: G NACKLabel: Q0 Block ID: 1, Msg No: S10A
Flight ID: 4Y01IP REG: F-WWIP


Message content:-

-------------------------------------------------------[2024-01-24 14:20:58.743]

SOURCE: AIR
RX_ID: 10, Freq: 131.725MHz
Mode: G NACKLabel: SA Block ID: 2, Msg No: S11A
Flight ID: 4Y01IP REG: F-WWIP


Message content:-
0EV142057V
-------------------------------------------------------[2024-01-24 14:21:01.817]

SOURCE: AIR
RX_ID: 11, Freq: 131.725MHz
Mode: G NACKLabel: H1 Block ID: 3, Msg No: C09A
Flight ID: 4Y01IP REG: F-WWIP


Message content:-
#CFBWRN/PNRC12860AA08/WN24012414200021260006VENT BLOWER FAULT  
-------------------------------------------------------[2024-01-24 14:21:04.888]

SOURCE: AIR
RX_ID: 12, Freq: 131.725MHz
Mode: G NACKLabel: H1 Block ID: 5, Msg No: D35A
Flight ID: 4Y01IP REG: F-WWIP


Message content:-
#DFBA320,000137,1,1,TB000000/REP019,84,01,1/CCF-WWIP,JAN24,142204,LFBO,LFBO,0001/C0TWP020FF010011/C106,00103,4310,00,0000,0,0000,00,X/CE-175,31009,293,790,5833,220,W22F01/EC800893,00000,00001,72,15,061/EE800902
-------------------------------------------------------[2024-01-24 14:22:35.403]

SOURCE: AIR
RX_ID: 13, Freq: 131.725MHz
Mode: G NACKLabel: H1 Block ID: 6, Msg No: D35B
Flight ID: 4Y01IP REG: F-WWIP


Message content:-
#DFB,00000,00001,72/E10766,0846,28,121,007,000,058,0/N10766,0845,31,135,007,000,051,0/S10897,4822,014,025,168,07,30985,2/T10888,4866,017,027,192,07,31028,2/V1-158,-455,05536,00512,240,239,239,1/X10481,00500,078
-------------------------------------------------------[2024-01-24 14:22:39.094]

SOURCE: AIR
RX_ID: 14, Freq: 131.725MHz
Mode: G NACKLabel: H1 Block ID: 7, Msg No: D35C
Flight ID: 4Y01IP REG: F-WWIP


Message content:-
#DFB,002,070,018,000,2/E20786,0855,09,118,008,000,002,1/N20786,0855,11,131,008,000,002,1/V2-158,-455,05680,00512,240,239,239,1/E30832,0874,03,118,008,000,002,1/N30832,0874,03,131,008,000,002,1/S31112,5020,013,0
-------------------------------------------------------[2024-01-24 14:22:42.971]

SOURCE: AIR
RX_ID: 15, Freq: 131.725MHz
Mode: G NACKLabel: H1 Block ID: 8, Msg No: D35D
Flight ID: 4Y01IP REG: F-WWIP


Message content:-
#DFB24,162,03,31006,2/T31103,5057,016,026,193,03,31047,2/V3-163,-455,05808,00512,240,239,239,1/E40849,0875,00,117,008,000,002,1/N40848,0875,02,130,008,000,002,1/V4-160,-458,05936,00512,240,239,239,1/X40481,0045
-------------------------------------------------------[2024-01-24 14:22:46.849]

SOURCE: AIR
RX_ID: 16, Freq: 131.725MHz
Mode: G NACKLabel: H1 Block ID: 9, Msg No: D35E
Flight ID: 4Y01IP REG: F-WWIP


Message content:-
#DFB0,076,002,002,002,000,2/E50789,0852,00,116,008,000,002,1/N50788,0852,00,129,008,000,002,1/V5-158,-458,06080,00512,240,239,239,1/E60757,0844,00,115,008,000,002,1/N60757,0844,00,128,008,000,002,1/S60877,4734,
-------------------------------------------------------[2024-01-24 14:22:50.360]

SOURCE: AIR
RX_ID: 17, Freq: 131.725MHz
Mode: G NACKLabel: H1 Block ID: 0, Msg No: D35F
Flight ID: 4Y01IP REG: F-WWIP


Message content:-
#DFB014,024,152,01,30996,2/T60868,4767,019,027,184,02,31041,2/V6-160,-458,06656,00512,240,239,239,1/X60481,01700,073,002,002,002,000,2/E70714,0830,00,115,008,000,002,1/N70715,0830,00,127,008,000,002,1/S70756,44
-------------------------------------------------------[2024-01-24 14:22:54.019]

SOURCE: AIR
RX_ID: 18, Freq: 131.725MHz
Mode: G NACKLabel: H1 Block ID: 1, Msg No: D35G
Flight ID: 4Y01IP REG: F-WWIP


Message content:-
#DFB37,015,024,149,01,31002,2/T70750,4463,019,027,181,01,31035,2/V7-168,-455,07184,00512,240,239,239,1/X70481,01700,071,002,002,002,000,2/E80818,0868,00,114,008,000,002,1/N80819,0869,00,126,008,000,002,1/S81067
-------------------------------------------------------[2024-01-24 14:22:57.709]

SOURCE: AIR
RX_ID: 19, Freq: 131.725MHz
Mode: G NACKLabel: H1 Block ID: 2, Msg No: D35H
Flight ID: 4Y01IP REG: F-WWIP


Message content:-
#DFB,4827,015,024,146,01,31009,2/T81053,4861,019,027,179,01,31031,2/V8-175,-455,07680,00512,240,239,239,1/X80481,01600,069,002,002,002,000,2/E90848,0872,00,113,008,000,002,1/N90848,0872,00,125,008,000,002,1/S91
-------------------------------------------------------[2024-01-24 14:23:01.404]

SOURCE: AIR
RX_ID: 20, Freq: 131.725MHz
Mode: G NACKLabel: H1 Block ID: 3, Msg No: D35I
Flight ID: 4Y01IP REG: F-WWIP


Message content:-
#DFB141,5167,015,024,144,01,30991,2/T91130,5216,019,027,177,02,31033,2/V9-173,-455,08160,00512,240,239,239,1/X90481,01550,067,002,002,002,000,2/E00749,0841,00,112,008,000,002,1/N00749,0841,00,123,008,000,002,1/
-------------------------------------------------------[2024-01-24 14:23:05.097]

SOURCE: AIR
RX_ID: 21, Freq: 131.725MHz
Mode: G NACKLabel: H1 Block ID: 4, Msg No: D35J
Flight ID: 4Y01IP REG: F-WWIP


Message content:-
#DFBS00842,4750,015,024,141,01,30996,2/T00835,4823,020,027,174,02,31036,2/V0-168,-458,08624,00512,240,239,239,1/X00481,01450,065,002,002,002,000,2/1E0777,0849,00,110,008,000,002,1/1N0777,0849,00,122,008,000,002
-------------------------------------------------------[2024-01-24 14:23:08.792]

SOURCE: AIR
RX_ID: 22, Freq: 131.725MHz
Mode: G NACKLabel: H1 Block ID: 5, Msg No: D35K
Flight ID: 4Y01IP REG: F-WWIP


Message content:-
#DFB,1/1V-173,-458,09104,00512,240,239,239,1/1X0481,01450,063,002,002,002,000,2/2E0804,0860,00,109,008,000,002,1/2N0804,0860,00,121,008,000,002,1/2S1009,4852,015,024,136,01,31009,2/2T1002,4896,020,027,169,01,31
-------------------------------------------------------[2024-01-24 14:23:12.447]

SOURCE: AIR
RX_ID: 23, Freq: 131.725MHz
Mode: G NACKLabel: H1 Block ID: 6, Msg No: D35L
Flight ID: 4Y01IP REG: F-WWIP


Message content:-
#DFB037,2/2V-175,-458,09568,00512,240,239,239,1/2X0489,01400,061,002,002,002,000,2/:
-------------------------------------------------------[2024-01-24 14:23:15.520]

SOURCE: AIR
RX_ID: 24, Freq: 131.725MHz
Mode: G NACKLabel: H1 Block ID: 7, Msg No: D36A
Flight ID: 4Y01IP REG: F-WWIP


Message content:-
#DFBA320,000138,1,1,TB000000/REP019,84,01,1/CCF-WWIP,JAN24,142204,LFBO,LFBO,0001/C0TWP020FF010011/C106,00219,4320,00,0000,0,0000,00,X/CE-175,31009,293,790,5833,220,W22F01/EC800893,00000,00001,72,15,061/EE800902
-------------------------------------------------------[2024-01-24 14:23:19.214]

SOURCE: AIR
RX_ID: 25, Freq: 131.725MHz
Mode: G NACKLabel: H1 Block ID: 8, Msg No: D36B
Flight ID: 4Y01IP REG: F-WWIP


Message content:-
#DFB,00000,00001,72/E10766,0846,28,121,007,000,058,0/N10766,0845,31,135,007,000,051,0/S10897,4822,014,025,168,07,30985,2/T10888,4866,017,027,192,07,31028,2/V1-158,-455,05536,00512,240,239,239,1/X10481,00500,078
-------------------------------------------------------[2024-01-24 14:23:23.311]

SOURCE: AIR
RX_ID: 26, Freq: 131.725MHz
Mode: G NACKLabel: H1 Block ID: 9, Msg No: D36C
Flight ID: 4Y01IP REG: F-WWIP


Message content:-
#DFB,002,070,018,000,2/E20786,0855,09,118,008,000,002,1/N20786,0855,11,131,008,000,002,1/V2-158,-455,05680,00512,240,239,239,1/E30832,0874,03,118,008,000,002,1/N30832,0874,03,131,008,000,002,1/S31112,5020,013,0
-------------------------------------------------------[2024-01-24 14:23:26.784]

SOURCE: AIR
RX_ID: 27, Freq: 131.725MHz
Mode: G NACKLabel: H1 Block ID: 0, Msg No: D36D
Flight ID: 4Y01IP REG: F-WWIP


Message content:-
#DFB24,162,03,31006,2/T31103,5057,016,026,193,03,31047,2/V3-163,-455,05808,00512,240,239,239,1/E40849,0875,00,117,008,000,002,1/N40848,0875,02,130,008,000,002,1/V4-160,-458,05936,00512,240,239,239,1/X40481,0045
-------------------------------------------------------[2024-01-24 14:23:30.479]

SOURCE: AIR
RX_ID: 28, Freq: 131.725MHz
Mode: G NACKLabel: H1 Block ID: 1, Msg No: D36E
Flight ID: 4Y01IP REG: F-WWIP


Message content:-
#DFB0,076,002,002,002,000,2/E50789,0852,00,116,008,000,002,1/N50788,0852,00,129,008,000,002,1/V5-158,-458,06080,00512,240,239,239,1/E60757,0844,00,115,008,000,002,1/N60757,0844,00,128,008,000,002,1/S60877,4734,
-------------------------------------------------------[2024-01-24 14:23:35.816]

SOURCE: AIR
RX_ID: 29, Freq: 131.725MHz
Mode: G NACKLabel: H1 Block ID: 2, Msg No: D36F
Flight ID: 4Y01IP REG: F-WWIP


Message content:-
#DFB014,024,152,01,30996,2/T60868,4767,019,027,184,02,31041,2/V6-160,-458,06656,00512,240,239,239,1/X60481,01700,073,002,002,002,000,2/E70714,0830,00,115,008,000,002,1/N70715,0830,00,127,008,000,002,1/S70756,44
-------------------------------------------------------[2024-01-24 14:23:39.510]

SOURCE: AIR
RX_ID: 30, Freq: 131.725MHz
Mode: G NACKLabel: H1 Block ID: 3, Msg No: D36G
Flight ID: 4Y01IP REG: F-WWIP


Message content:-
#DFB37,015,024,149,01,31002,2/T70750,4463,019,027,181,01,31035,2/V7-168,-455,07184,00512,240,239,239,1/X70481,01700,071,002,002,002,000,2/E80818,0868,00,114,008,000,002,1/N80819,0869,00,126,008,000,002,1/S81067
-------------------------------------------------------[2024-01-24 14:23:43.169]

SOURCE: AIR
RX_ID: 31, Freq: 131.725MHz
Mode: G NACKLabel: H1 Block ID: 4, Msg No: D36H
Flight ID: 4Y01IP REG: F-WWIP


Message content:-
#DFB,4827,015,024,146,01,31009,2/T81053,4861,019,027,179,01,31031,2/V8-175,-455,07680,00512,240,239,239,1/X80481,01600,069,002,002,002,000,2/E90848,0872,00,113,008,000,002,1/N90848,0872,00,125,008,000,002,1/S91
-------------------------------------------------------[2024-01-24 14:23:46.681]

SOURCE: AIR
RX_ID: 32, Freq: 131.725MHz
Mode: G NACKLabel: H1 Block ID: 5, Msg No: D36I
Flight ID: 4Y01IP REG: F-WWIP


Message content:-
#DFB141,5167,015,024,144,01,30991,2/T91130,5216,019,027,177,02,31033,2/V9-173,-455,08160,00512,240,239,239,1/X90481,01550,067,002,002,002,000,2/E00749,0841,00,112,008,000,002,1/N00749,0841,00,123,008,000,002,1/
-------------------------------------------------------[2024-01-24 14:23:50.339]

SOURCE: AIR
RX_ID: 33, Freq: 131.725MHz
Mode: G NACKLabel: H1 Block ID: 6, Msg No: D36J
Flight ID: 4Y01IP REG: F-WWIP


Message content:-
#DFBS00842,4750,015,024,141,01,30996,2/T00835,4823,020,027,174,02,31036,2/V0-168,-458,08624,00512,240,239,239,1/X00481,01450,065,002,002,002,000,2/1E0777,0849,00,110,008,000,002,1/1N0777,0849,00,122,008,000,002
-------------------------------------------------------[2024-01-24 14:23:54.248]

SOURCE: AIR
RX_ID: 34, Freq: 131.725MHz
Mode: G NACKLabel: H1 Block ID: 7, Msg No: D36K
Flight ID: 4Y01IP REG: F-WWIP


Message content:-
#DFB,1/1V-173,-458,09104,00512,240,239,239,1/1X0481,01450,063,002,002,002,000,2/2E0804,0860,00,109,008,000,002,1/2N0804,0860,00,121,008,000,002,1/2S1009,4852,015,024,136,01,31009,2/2T1002,4896,020,027,169,01,31
-------------------------------------------------------[2024-01-24 14:23:57.943]

SOURCE: AIR
RX_ID: 35, Freq: 131.725MHz
Mode: G NACKLabel: H1 Block ID: 8, Msg No: D36L
Flight ID: 4Y01IP REG: F-WWIP


Message content:-
#DFB037,2/2V-175,-458,09568,00512,240,239,239,1/2X0489,01400,061,002,002,002,000,2/:
-------------------------------------------------------[2024-01-24 14:24:01.418]

SOURCE: AIR
RX_ID: 36, Freq: 131.725MHz
Mode: G NACKLabel: H1 Block ID: 9, Msg No: D37A
Flight ID: 4Y01IP REG: F-WWIP


Message content:-
#DFBA320,000139,1,1,TB000000/REP019,84,01,1/CCF-WWIP,JAN24,142511,LFBO,LFBO,0001/C0TWP020FF010011/C106,00319,5100,00,0000,0,0000,00,X/CE-170,31000,294,793,5822,221,W22F01/EC800893,00000,00001,72,15,044/EE800902
-------------------------------------------------------[2024-01-24 14:25:39.720]

SOURCE: AIR
RX_ID: 37, Freq: 131.725MHz
Mode: G NACKLabel: H1 Block ID: 0, Msg No: D37B
Flight ID: 4Y01IP REG: F-WWIP


Message content:-
#DFB,00000,00001,72/E10791,0853,00,107,008,000,002,1/N10791,0853,00,118,008,000,002,1/S10962,4879,014,024,135,01,31004,2/T10953,4930,020,027,165,02,31036,2/V1-173,-458,10240,00512,240,239,239,1/X10489,01350,059
-------------------------------------------------------[2024-01-24 14:25:43.197]

SOURCE: AIR
RX_ID: 38, Freq: 131.725MHz
Mode: G NACKLabel: H1 Block ID: 1, Msg No: D37C
Flight ID: 4Y01IP REG: F-WWIP


Message content:-
#DFB,002,002,002,000,2/E20773,0846,00,106,008,000,002,1/N20773,0846,00,117,008,000,002,1/V2-173,-460,10688,00512,240,239,239,1/X20489,01300,057,002,002,002,000,2/E30789,0855,00,105,008,000,002,1/N30789,0855,00,
-------------------------------------------------------[2024-01-24 14:25:46.896]

SOURCE: AIR
RX_ID: 39, Freq: 131.725MHz
Mode: G NACKLabel: H1 Block ID: 2, Msg No: D37D
Flight ID: 4Y01IP REG: F-WWIP


Message content:-
#DFB115,008,000,002,1/V3-175,-460,11136,00512,240,239,239,1/X30489,01300,055,002,002,002,000,2/E40805,0860,00,103,008,000,002,1/N40805,0860,00,114,008,000,002,1/V4-175,-460,11568,00512,240,239,239,1/X40489,0125
-------------------------------------------------------[2024-01-24 14:25:51.172]

SOURCE: AIR
RX_ID: 40, Freq: 131.725MHz
Mode: G NACKLabel: H1 Block ID: 3, Msg No: D37E
Flight ID: 4Y01IP REG: F-WWIP


Message content:-
#DFB0,053,002,002,002,000,2/V5-175,-460,12016,00512,240,239,239,1/E60785,0852,00,101,008,000,002,1/N60785,0852,00,111,008,000,002,1/V6-173,-460,12448,00512,240,239,239,1/X60489,01200,050,002,002,002,000,2/E7074
-------------------------------------------------------[2024-01-24 14:25:55.079]

SOURCE: AIR
RX_ID: 41, Freq: 131.725MHz
Mode: G NACKLabel: H1 Block ID: 4, Msg No: D37F
Flight ID: 4Y01IP REG: F-WWIP


Message content:-
#DFB9,0839,00,099,008,000,002,1/N70749,0838,00,110,008,000,002,1/V7-170,-458,12880,00512,240,239,239,1/E80789,0854,00,098,008,000,002,1/N80789,0854,00,108,008,000,002,1/V8-175,-460,13312,00512,240,239,239,1/X80
-------------------------------------------------------[2024-01-24 14:25:59.361]

SOURCE: AIR
RX_ID: 42, Freq: 131.725MHz
Mode: G NACKLabel: H1 Block ID: 5, Msg No: D37G
Flight ID: 4Y01IP REG: F-WWIP


Message content:-
#DFB489,01150,047,002,002,002,000,2/V9-178,-460,13744,00512,240,239,239,1/E00800,0856,00,095,008,000,002,1/N00800,0855,00,106,008,000,002,1/V0-178,-460,14160,00512,240,239,239,1/X00489,01100,044,002,002,002,000
-------------------------------------------------------[2024-01-24 14:26:03.055]

SOURCE: AIR
RX_ID: 43, Freq: 131.725MHz
Mode: G NACKLabel: 16 Block ID: 6, Msg No: M08A
Flight ID: 4Y01IP REG: F-WWIP


Message content:-
142600,31000,1501, 328,N 43.014 E  5.709
-------------------------------------------------------[2024-01-24 14:26:06.128]

SOURCE: AIR
RX_ID: 44, Freq: 131.725MHz
Mode: G NACKLabel: H1 Block ID: 7, Msg No: D37H
Flight ID: 4Y01IP REG: F-WWIP


Message content:-
#DFB,2/1E0819,0865,00,094,008,000,002,1/1N0819,0865,00,104,008,000,002,1/1V-173,-458,14592,00512,240,239,239,1/2E0812,0861,00,093,008,000,002,1/2N0811,0861,00,103,008,000,002,1/2S1028,5008,013,022,119,01,31000,
-------------------------------------------------------[2024-01-24 14:26:09.822]

SOURCE: AIR
RX_ID: 45, Freq: 131.725MHz
Mode: G NACKLabel: H1 Block ID: 8, Msg No: D37I
Flight ID: 4Y01IP REG: F-WWIP


Message content:-
#DFB2/2T1019,5061,021,027,126,02,31033,2/2V-170,-458,15008,00512,240,239,239,1/2X0489,01050,041,002,002,002,000,2/:
-------------------------------------------------------[2024-01-24 14:26:13.111]

SOURCE: AIR
RX_ID: 46, Freq: 131.725MHz
Mode: G NACKLabel: H1 Block ID: 9, Msg No: D38A
Flight ID: 4Y01IP REG: F-WWIP


Message content:-
#DFBA320,000140,1,1,TB000000/REP019,84,01,1/CCF-WWIP,JAN24,142511,LFBO,LFBO,0001/C0TWP020FF010011/C106,00419,5120,00,0000,0,0000,00,X/CE-170,31000,294,793,5822,221,W22F01/EC800893,00000,00001,72,15,044/EE800902
-------------------------------------------------------[2024-01-24 14:26:16.986]

SOURCE: AIR
RX_ID: 47, Freq: 131.725MHz
Mode: G NACKLabel: H1 Block ID: 0, Msg No: D38B
Flight ID: 4Y01IP REG: F-WWIP


Message content:-
#DFB,00000,00001,72/E10791,0853,00,107,008,000,002,1/N10791,0853,00,118,008,000,002,1/S10962,4879,014,024,135,01,31004,2/T10953,4930,020,027,165,02,31036,2/V1-173,-458,10240,00512,240,239,239,1/X10489,01350,059
-------------------------------------------------------[2024-01-24 14:26:20.679]

SOURCE: AIR
RX_ID: 48, Freq: 131.725MHz
Mode: G NACKLabel: H1 Block ID: 1, Msg No: D38C
Flight ID: 4Y01IP REG: F-WWIP


Message content:-
#DFB,002,002,002,000,2/E20773,0846,00,106,008,000,002,1/N20773,0846,00,117,008,000,002,1/V2-173,-460,10688,00512,240,239,239,1/X20489,01300,057,002,002,002,000,2/E30789,0855,00,105,008,000,002,1/N30789,0855,00,
-------------------------------------------------------[2024-01-24 14:26:24.960]

SOURCE: AIR
RX_ID: 49, Freq: 131.725MHz
Mode: G NACKLabel: H1 Block ID: 2, Msg No: D38D
Flight ID: 4Y01IP REG: F-WWIP


Message content:-
#DFB115,008,000,002,1/V3-175,-460,11136,00512,240,239,239,1/X30489,01300,055,002,002,002,000,2/E40805,0860,00,103,008,000,002,1/N40805,0860,00,114,008,000,002,1/V4-175,-460,11568,00512,240,239,239,1/X40489,0125
-------------------------------------------------------[2024-01-24 14:26:28.655]

SOURCE: AIR
RX_ID: 50, Freq: 131.725MHz
Mode: G NACKLabel: H1 Block ID: 3, Msg No: D38E
Flight ID: 4Y01IP REG: F-WWIP


Message content:-
#DFB0,053,002,002,002,000,2/V5-175,-460,12016,00512,240,239,239,1/E60785,0852,00,101,008,000,002,1/N60785,0852,00,111,008,000,002,1/V6-173,-460,12448,00512,240,239,239,1/X60489,01200,050,002,002,002,000,2/E7074
-------------------------------------------------------[2024-01-24 14:26:32.347]

SOURCE: AIR
RX_ID: 51, Freq: 131.725MHz
Mode: G NACKLabel: H1 Block ID: 4, Msg No: D38F
Flight ID: 4Y01IP REG: F-WWIP


Message content:-
#DFB9,0839,00,099,008,000,002,1/N70749,0838,00,110,008,000,002,1/V7-170,-458,12880,00512,240,239,239,1/E80789,0854,00,098,008,000,002,1/N80789,0854,00,108,008,000,002,1/V8-175,-460,13312,00512,240,239,239,1/X80
-------------------------------------------------------[2024-01-24 14:26:36.223]

SOURCE: AIR
RX_ID: 52, Freq: 131.725MHz
Mode: G NACKLabel: H1 Block ID: 5, Msg No: D38G
Flight ID: 4Y01IP REG: F-WWIP


Message content:-
#DFB489,01150,047,002,002,002,000,2/V9-178,-460,13744,00512,240,239,239,1/E00800,0856,00,095,008,000,002,1/N00800,0855,00,106,008,000,002,1/V0-178,-460,14160,00512,240,239,239,1/X00489,01100,044,002,002,002,000
-------------------------------------------------------[2024-01-24 14:26:40.135]

SOURCE: AIR
RX_ID: 53, Freq: 131.725MHz
Mode: G NACKLabel: H1 Block ID: 6, Msg No: D38H
Flight ID: 4Y01IP REG: F-WWIP


Message content:-
#DFB,2/1E0819,0865,00,094,008,000,002,1/1N0819,0865,00,104,008,000,002,1/1V-173,-458,14592,00512,240,239,239,1/2E0812,0861,00,093,008,000,002,1/2N0811,0861,00,103,008,000,002,1/2S1028,5008,013,022,119,01,31000,
-------------------------------------------------------[2024-01-24 14:26:43.609]

SOURCE: AIR
RX_ID: 54, Freq: 131.725MHz
Mode: G NACKLabel: H1 Block ID: 7, Msg No: D38I
Flight ID: 4Y01IP REG: F-WWIP


Message content:-
#DFB2/2T1019,5061,021,027,126,02,31033,2/2V-170,-458,15008,00512,240,239,239,1/2X0489,01050,041,002,002,002,000,2/:
-------------------------------------------------------[2024-01-24 14:26:46.904]

SOURCE: AIR
RX_ID: 55, Freq: 131.725MHz
Mode: G NACKLabel: H1 Block ID: 8, Msg No: D39A
Flight ID: 4Y01IP REG: F-WWIP


Message content:-
#DFBA320,000141,1,1,TB000000/REP019,84,01,1/CCF-WWIP,JAN24,142655,LFBO,LFBO,0001/C0TWP020FF010011/C106,00519,4400,25,0010,0,0100,44,X/CE-178,31003,294,791,5815,221,W22F01/EC800893,00000,00001,72,15,048/EE800902
-------------------------------------------------------[2024-01-24 14:27:24.789]

SOURCE: AIR
RX_ID: 56, Freq: 131.725MHz
Mode: G NACKLabel: H1 Block ID: 9, Msg No: D39B
Flight ID: 4Y01IP REG: F-WWIP


Message content:-
#DFB,00000,00001,72/E10787,0854,00,098,008,000,002,1/N10787,0854,00,108,008,000,002,1/S10962,4772,014,023,127,01,31010,2/T10953,4809,021,027,144,01,31047,2/V1-175,-460,13280,00512,240,239,239,1/X10489,01150,047
-------------------------------------------------------[2024-01-24 14:27:28.265]

SOURCE: AIR
RX_ID: 57, Freq: 131.725MHz
Mode: G NACKLabel: H1 Block ID: 0, Msg No: D39C
Flight ID: 4Y01IP REG: F-WWIP


Message content:-
#DFB,002,002,002,000,2/V2-175,-463,13712,00512,240,239,239,1/E30803,0857,00,096,008,000,002,1/N30803,0857,00,106,008,000,002,1/V3-178,-463,14144,00512,240,239,239,1/X30489,01100,044,002,002,002,000,2/E40820,086
-------------------------------------------------------[2024-01-24 14:27:31.960]

SOURCE: AIR
RX_ID: 58, Freq: 131.725MHz
Mode: G NACKLabel: H1 Block ID: 1, Msg No: D39D
Flight ID: 4Y01IP REG: F-WWIP


Message content:-
#DFB6,00,094,008,000,002,1/N40819,0865,00,104,008,000,002,1/T41048,5023,021,027,130,02,31025,2/V4-173,-458,14560,00512,240,239,239,1/S51034,5027,013,022,119,01,30995,2/V5-170,-458,14976,00512,240,239,239,1/X504
-------------------------------------------------------[2024-01-24 14:27:35.433]

SOURCE: AIR
RX_ID: 59, Freq: 131.725MHz
Mode: G NACKLabel: H1 Block ID: 2, Msg No: D39E
Flight ID: 4Y01IP REG: F-WWIP


Message content:-
#DFB89,01050,041,002,002,002,000,2/E60791,0854,00,092,008,000,002,1/N60791,0854,00,101,008,000,002,1/V6-170,-458,15392,00512,240,239,239,1/E70743,0835,00,090,008,000,002,1/N70743,0835,00,100,008,000,002,1/S7082
-------------------------------------------------------[2024-01-24 14:27:38.908]

SOURCE: AIR
RX_ID: 60, Freq: 131.725MHz
Mode: G NACKLabel: H1 Block ID: 3, Msg No: D39F
Flight ID: 4Y01IP REG: F-WWIP


Message content:-
#DFB4,4715,013,022,116,01,31003,2/T70818,4760,021,027,122,02,31037,2/V7-170,-458,15808,00512,240,239,239,1/X70489,01000,039,002,002,002,000,2/E80770,0849,00,089,008,000,002,1/N80770,0850,00,099,008,000,002,1/V8
-------------------------------------------------------[2024-01-24 14:27:42.197]

SOURCE: AIR
RX_ID: 61, Freq: 131.725MHz
Mode: G NACKLabel: H1 Block ID: 4, Msg No: D39G
Flight ID: 4Y01IP REG: F-WWIP


Message content:-
#DFB-175,-460,16144,00512,240,239,239,1/E90818,0866,00,088,008,000,002,1/N90818,0869,30,103,007,000,012,0/S91060,4914,013,022,114,02,31000,2/T91053,4937,002,-02,106,38,31033,2/V9-178,-463,15168,00512,240,239,23
-------------------------------------------------------[2024-01-24 14:27:45.672]

SOURCE: AIR
RX_ID: 62, Freq: 131.725MHz
Mode: G NACKLabel: H1 Block ID: 5, Msg No: D39H
Flight ID: 4Y01IP REG: F-WWIP


Message content:-
#DFB9,1/X90489,-2300,041,002,002,002,000,2/E00806,0864,00,086,008,000,002,1/N00807,0867,44,130,010,000,045,0/V0-173,-458,14624,00512,240,239,239,1/X00489,-1150,043,002,002,002,009,2/1E0780,0851,00,083,008,000,0
-------------------------------------------------------[2024-01-24 14:27:49.547]

SOURCE: AIR
RX_ID: 63, Freq: 131.725MHz
Mode: G NACKLabel: H1 Block ID: 6, Msg No: D39I
Flight ID: 4Y01IP REG: F-WWIP


Message content:-
#DFB02,0/1N0780,0853,47,128,009,000,065,0/2E0798,0860,25,072,014,000,015,0/2N0798,0860,44,120,007,000,081,0/2S0995,4855,-02,-05,089,37,31003,2/2T0986,4888,005,013,203,37,31044,2/2V-178,-460,14448,-----,240,239,
-------------------------------------------------------[2024-01-24 14:27:53.024]

SOURCE: AIR
RX_ID: 64, Freq: 131.725MHz
Mode: G NACKLabel: H1 Block ID: 7, Msg No: D39J
Flight ID: 4Y01IP REG: F-WWIP


Message content:-
#DFB239,1/2X----,-0400,043,002,002,002,011,0/:
-------------------------------------------------------[2024-01-24 14:27:56.094]

SOURCE: AIR
RX_ID: 65, Freq: 131.825MHz
Mode: 2 NACKLabel: 8H Block ID: 2, Msg No: M26A
Flight ID: JE5001 REG: ZS-SJC


Message content:-
N 43.701,E  5.315,1706,LFBT,LTBA,21320,0477700,35000,28779,  52
-------------------------------------------------------[2024-01-24 14:28:07.578]

SOURCE: AIR
RX_ID: 66, Freq: 131.825MHz
Mode: 2 NACKLabel: 85 Block ID: 3, Msg No: M27A
Flight ID: JE5001 REG: ZS-SJC


Message content:-
LTBA,1705,B
-------------------------------------------------------[2024-01-24 14:34:58.420]

SOURCE: AIR
RX_ID: 67, Freq: 131.725MHz
Mode: G NACKLabel: 2F Block ID: 9, Msg No: M09A
Flight ID: AF7463 REG: F-GMZD


Message content:-
1437+4473+452/2757
-------------------------------------------------------[2024-01-24 14:37:41.800]

SOURCE: AIR
RX_ID: 68, Freq: 131.725MHz
Mode: G NACKLabel: 2F Block ID: 9, Msg No: M09A
Flight ID: AF7463 REG: F-GMZD


Message content:-
1437+4473+452/2757
-------------------------------------------------------[2024-01-24 14:37:53.500]

SOURCE: AIR
RX_ID: 69, Freq: 131.525MHz
Mode: 2 NACKLabel: Q0 Block ID: 4, Msg No: S43A
Flight ID: AF0890 REG: F-HRBB


Message content:-

-------------------------------------------------------[2024-01-24 14:38:15.809]

SOURCE: AIR
RX_ID: 70, Freq: 131.525MHz
Mode: T NACKLabel: Q0 Block ID: 5, Msg No: S44A
Flight ID: AF0890 REG: F-HRBB


Message content:-

-------------------------------------------------------[2024-01-24 14:38:18.659]

SOURCE: AIR
RX_ID: 71, Freq: 131.525MHz
Mode: T NACKLabel: SA Block ID: 6, Msg No: S45A
Flight ID: AF0890 REG: F-HRBB


Message content:-
0EV143818VSH/
-------------------------------------------------------[2024-01-24 14:38:26.047]

SOURCE: AIR
RX_ID: 72, Freq: 131.525MHz
Mode: T NACKLabel: 5V Block ID: 8, Msg No: S47A
Flight ID: AF0890 REG: F-HRBB


Message content:-

-------------------------------------------------------[2024-01-24 14:39:57.392]

SOURCE: AIR
RX_ID: 73, Freq: 131.825MHz
Mode: 2 NACKLabel: 8H Block ID: 5, Msg No: M30A
Flight ID: JE7001 REG: ZS-SJD


Message content:-
N 43.876,E  4.664,1718,LFBT,LTBA,21360,0478500,37000,28568,  55
-------------------------------------------------------[2024-01-24 14:40:27.891]

SOURCE: AIR
RX_ID: 74, Freq: 131.525MHz
Mode: 2 NACKLabel: Q0 Block ID: 9, Msg No: S49A
Flight ID: AF0890 REG: F-HRBB


Message content:-

-------------------------------------------------------[2024-01-24 14:40:53.270]

SOURCE: AIR
RX_ID: 75, Freq: 131.825MHz
Mode: 2 NACKLabel: 8H Block ID: 6, Msg No: M31A
Flight ID: JE7001 REG: ZS-SJD


Message content:-
N 43.360,E  6.351,1718,LFBT,LTBA,20560,0483300,37000,29977,  61
-------------------------------------------------------[2024-01-24 14:50:28.075]

SOURCE: AIR
RX_ID: 76, Freq: 131.825MHz
Mode: 2 NACKLabel: Q0 Block ID: 5, Msg No: S16A
Flight ID: FR68RH REG: EI-EKM


Message content:-

-------------------------------------------------------[2024-01-24 16:39:08.394]

SOURCE: AIR
RX_ID: 77, Freq: 131.525MHz
Mode: T NACKLabel: 2F Block ID: 0, Msg No: M17A
Flight ID: AF6010 REG: F-GRHB


Message content:-
1706+4405+508/1832
-------------------------------------------------------[2024-01-24 17:06:01.565]

SOURCE: AIR
RX_ID: 78, Freq: 131.525MHz
Mode: T NACKLabel: 2F Block ID: 0, Msg No: M17A
Flight ID: AF6010 REG: F-GRHB


Message content:-
1706+4405+508/1832
-------------------------------------------------------[2024-01-24 17:06:10.560]

SOURCE: AIR
RX_ID: 79, Freq: 131.525MHz
Mode: T NACKLabel: 2F Block ID: 0, Msg No: M17A
Flight ID: AF6010 REG: F-GRHB


Message content:-
1706+4405+508/1832
-------------------------------------------------------[2024-01-24 17:06:20.616]

SOURCE: AIR
RX_ID: 80, Freq: 131.525MHz
Mode: 2 NACKLabel: 2F Block ID: 0, Msg No: M17A
Flight ID: AF6010 REG: F-GRHB


Message content:-
1706+4405+508/1832
-------------------------------------------------------[2024-01-24 17:06:28.993]

SOURCE: AIR
RX_ID: 81, Freq: 131.525MHz
Mode: 2 NACKLabel: 2F Block ID: 0, Msg No: M17A
Flight ID: AF6010 REG: F-GRHB


Message content:-
1706+4405+508/1832
-------------------------------------------------------[2024-01-24 17:06:38.021]

SOURCE: AIR
RX_ID: 82, Freq: 131.525MHz
Mode: 2 NACKLabel: 26 Block ID: 1, Msg No: M18A
Flight ID: AF6010 REG: F-GRHB


Message content:-
1707LFPOAF6010/241722LFML31R
-------------------------------------------------------[2024-01-24 17:07:03.217]

SOURCE: AIR
RX_ID: 83, Freq: 131.525MHz
Mode: 2 NACKLabel: 26 Block ID: 1, Msg No: M18A
Flight ID: AF6010 REG: F-GRHB


Message content:-
1707LFPOAF6010/241722LFML31R
-------------------------------------------------------[2024-01-24 17:07:12.213]

SOURCE: AIR
RX_ID: 84, Freq: 131.525MHz
Mode: 2 ACK, A2GLabel: _d Block ID: 2, Msg No: S29A
Flight ID: AF6010 REG: F-GRHB


Message content:-

-------------------------------------------------------[2024-01-24 17:07:19.161]

SOURCE: AIR
RX_ID: 85, Freq: 131.725MHz
Mode: 2 NACKLabel: 26 Block ID: 3, Msg No: M18A
Flight ID: AF6010 REG: F-GRHB


Message content:-
1707LFPOAF6010/241722LFML31R
-------------------------------------------------------[2024-01-24 17:07:21.024]

SOURCE: AIR
RX_ID: 86, Freq: 131.725MHz
Mode: E NACKLabel: H1 Block ID: 4, Msg No: D10A
Flight ID: AF6010 REG: F-GRHB


Message content:-
#DFBA01/A31901,1,1/CCF-GRHB,JAN24,165246,LFPO,LFML,0017/C106,07940,6001,43,0010,0,0100,43,X/CEN297,33009,241,689,5423,246,C43025/EC575335,44691,07622,33610,73,14/EE779531,46650,00190,44760,73/N10773,0773,0899,5
-------------------------------------------------------[2024-01-24 17:10:51.866]

SOURCE: AIR
RX_ID: 87, Freq: 131.725MHz
Mode: E NACKLabel: H1 Block ID: 5, Msg No: D10B
Flight ID: AF6010 REG: F-GRHB


Message content:-
#DFB630,1023,XXXXX/N20773,0773,0894,5418,1000,XXXXX/S1XXXXX,0479,1094,3871,XXXX,034,038/S2XXXXX,0457,1079,3741,XXXX,038,037/T1099,099,022,38,073,05310,0319/T2099,099,015,33,065,05259,0322/V104,07,191,002,02,01,
-------------------------------------------------------[2024-01-24 17:10:55.558]

SOURCE: AIR
RX_ID: 88, Freq: 131.725MHz
Mode: E NACKLabel: H1 Block ID: 6, Msg No: D10C
Flight ID: AF6010 REG: F-GRHB


Message content:-
#DFB00000/V204,06,302,083,00,00,00000/V3XX,XX,XXX,XXX,XXXX/V4XX,XX,XXX,XXX,XXXX/V5XX,XX,XXX,XXX,XXXX/V6XX,XX,XXX,XXX,XXXX/V7042,085,00061,22222222222111/V8039,082,00061,22222222222111,/
-------------------------------------------------------[2024-01-24 17:10:59.035]

SOURCE: AIR
RX_ID: 89, Freq: 131.725MHz
Mode: E NACKLabel: H1 Block ID: 7, Msg No: D11A
Flight ID: AF6010 REG: F-GRHB


Message content:-
#DFBA02/A31902,1,1/CCF-GRHB,JAN24,165247,LFPO,LFML,0017/C106,08001,5000,43,0010,0,0100,43,X/CEN297,32993,241,688,5422,245,C43025/CNN300,32989,241,688,5424,245/EC575335,44691,07622,33610,73,25,15/EE779531,46650,
-------------------------------------------------------[2024-01-24 17:11:27.556]

SOURCE: AIR
RX_ID: 90, Freq: 131.725MHz
Mode: E NACKLabel: H1 Block ID: 8, Msg No: D11B
Flight ID: AF6010 REG: F-GRHB


Message content:-
#DFB00190,44760,73/N10773,0773,0899,5629,1023,XXXXX/N20773,0773,0894,5417,1000,XXXXX/S1XXXXX,0479,1094,3871,XXXX,034,038/S2XXXXX,0457,1079,3740,XXXX,038,037/T1099,099,022,38,073,05310,0319/T2099,099,015,33,065,
-------------------------------------------------------[2024-01-24 17:11:31.033]

SOURCE: AIR
RX_ID: 91, Freq: 131.725MHz
Mode: E NACKLabel: H1 Block ID: 9, Msg No: D11C
Flight ID: AF6010 REG: F-GRHB


Message content:-
#DFB05259,0322/V104,07,191,002,02,01,00000/V204,06,302,083,00,00,00000/V3XX,XX,XXX,XXX,XXXX/V4XX,XX,XXX,XXX,XXXX/V5XX,XX,XXX,XXX,XXXX/V6XX,XX,XXX,XXX,XXXX/V7042,085,00061,22222222222111/V8039,082,00061,22222222
-------------------------------------------------------[2024-01-24 17:11:35.131]

SOURCE: AIR
RX_ID: 92, Freq: 131.725MHz
Mode: E NACKLabel: H1 Block ID: 0, Msg No: D11D
Flight ID: AF6010 REG: F-GRHB


Message content:-
#DFB222111/X101023,N002,0029,0000,00005,0020/X201103,N002,0031,0000,00003,0020/X3N002,0004,N005,N006,N009,N003,N000/X4N002,N001,N002,N000,0000,0000/X5N002,0000,N000,0000,0000,0000/X61498,E0038,N453,059,291,0093
-------------------------------------------------------[2024-01-24 17:11:38.391]

SOURCE: AIR
RX_ID: 93, Freq: 131.725MHz
Mode: E NACKLabel: H1 Block ID: 1, Msg No: D11E
Flight ID: AF6010 REG: F-GRHB


Message content:-
#DFB,0514/X71498,E0038,N453,059,293,0105,XXXX,/
-------------------------------------------------------[2024-01-24 17:11:41.061]

SOURCE: AIR
RX_ID: 94, Freq: 131.525MHz
Mode: T ACK, A2GLabel: _d Block ID: 0, Msg No: S27A
Flight ID: AF7310 REG: F-GMZD


Message content:-

-------------------------------------------------------[2024-01-24 18:09:17.464]

SOURCE: AIR
RX_ID: 95, Freq: 131.525MHz
Mode: T NACKLabel: 2Z Block ID: 1, Msg No: M37A
Flight ID: AF7310 REG: F-GMZD


Message content:-
LFMN
-------------------------------------------------------[2024-01-24 18:10:03.359]

SOURCE: AIR
RX_ID: 96, Freq: 131.525MHz
Mode: T NACKLabel: 2F Block ID: 2, Msg No: M38A
Flight ID: AF7310 REG: F-GMZD


Message content:-
1811+4426+519/3243
-------------------------------------------------------[2024-01-24 18:11:18.514]

SOURCE: AIR
RX_ID: 97, Freq: 131.825MHz
Mode: 2 NACKLabel: Q0 Block ID: 6, Msg No: S63A
Flight ID: XSASL2 REG: 2-UTMH


Message content:-

-------------------------------------------------------[2024-01-24 18:12:07.664]

SOURCE: AIR
RX_ID: 98, Freq: 131.525MHz
Mode: T ACK, A2GLabel: _d Block ID: 3, Msg No: S28A
Flight ID: AF7310 REG: F-GMZD


Message content:-

-------------------------------------------------------[2024-01-24 18:14:23.233]

SOURCE: AIR
RX_ID: 99, Freq: 131.525MHz
Mode: T NACKLabel: 26 Block ID: 4, Msg No: M39A
Flight ID: AF7310 REG: F-GMZD


Message content:-
1817LFPGAF7310/241832LFMN04R
-------------------------------------------------------[2024-01-24 18:17:29.600]

SOURCE: AIR
RX_ID: 100, Freq: 131.525MHz
Mode: T ACK, A2GLabel: _d Block ID: 2, Msg No: S32A
Flight ID: AF6236 REG: F-GRHF


Message content:-

-------------------------------------------------------[2024-01-24 18:26:16.987]

SOURCE: AIR
RX_ID: 101, Freq: 131.525MHz
Mode: T NACKLabel: 2Z Block ID: 3, Msg No: M15A
Flight ID: AF6236 REG: F-GRHF


Message content:-
LFMN
-------------------------------------------------------[2024-01-24 18:28:02.206]

SOURCE: AIR
RX_ID: 102, Freq: 131.525MHz
Mode: T ACK, A2GLabel: _d Block ID: 4, Msg No: S33A
Flight ID: AF6236 REG: F-GRHF


Message content:-

-------------------------------------------------------[2024-01-24 18:29:31.438]

SOURCE: AIR
RX_ID: 103, Freq: 131.525MHz
Mode: T ACK, A2GLabel: _d Block ID: 5, Msg No: S34A
Flight ID: AF6236 REG: F-GRHF


Message content:-

-------------------------------------------------------[2024-01-24 18:29:34.327]

SOURCE: AIR
RX_ID: 104, Freq: 131.725MHz
Mode: G NACKLabel: H1 Block ID: 1, Msg No: D26A
Flight ID: AF6015 REG: F-GRHB


Message content:-
#DFBA04/A31904,1,1/CCF-GRHB,JAN24,183023,LFML,LFPO,0025/C105,09539,5001,03,0000,0,0000,03,X/CE0190,01384,161,249,5613,227,C43025/EC575335,44692,07623,33611,23/EE779531,46651,00191,44761,23/N103,00,00,00,00,03,0
-------------------------------------------------------[2024-01-24 18:30:43.317]

SOURCE: AIR
RX_ID: 105, Freq: 131.725MHz
Mode: G NACKLabel: H1 Block ID: 2, Msg No: D26B
Flight ID: AF6015 REG: F-GRHB


Message content:-
#DFB0,00,7630/N203,00,00,00,00,03,00,00,7300/S10803,0802,0953,7630,3060,2837,0877/S20802,0801,0948,7300,2957,2825,0876/T14940,1025,241,139,----,025,031/T24750,0996,231,139,----,030,031/V113,13,200,348,02,00,000
-------------------------------------------------------[2024-01-24 18:30:47.191]

SOURCE: AIR
RX_ID: 106, Freq: 131.725MHz
Mode: G NACKLabel: H1 Block ID: 3, Msg No: D26C
Flight ID: AF6015 REG: F-GRHB


Message content:-
#DFB00/V211,07,308,100,00,00,00000/V3050,076,1,1,00080,00000,2221/V4049,075,1,1,00080,00000,2221/X114750,0147,099,036,1881/X214781,0152,100,036,1877/
-------------------------------------------------------[2024-01-24 18:30:50.483]

SOURCE: AIR
RX_ID: 107, Freq: 131.525MHz
Mode: T NACKLabel: 2F Block ID: 6, Msg No: M16A
Flight ID: AF6236 REG: F-GRHF


Message content:-
1833+4378+575/1935
-------------------------------------------------------[2024-01-24 18:33:43.051]

SOURCE: AIR
RX_ID: 108, Freq: 131.525MHz
Mode: T NACKLabel: 26 Block ID: 7, Msg No: M17A
Flight ID: AF6236 REG: F-GRHF


Message content:-
1835LFPOAF6236/241850LFMN04R
-------------------------------------------------------[2024-01-24 18:35:02.695]

SOURCE: AIR
RX_ID: 109, Freq: 131.725MHz
Mode: G NACKLabel: Q0 Block ID: 4, Msg No: S49A
Flight ID: AF6015 REG: F-GRHB


Message content:-

-------------------------------------------------------[2024-01-24 18:40:53.518]

SOURCE: AIR
RX_ID: 110, Freq: 131.725MHz
Mode: G NACKLabel: H1 Block ID: 0, Msg No: D27F
Flight ID: AF6015 REG: F-GRHB


Message content:-
#DFB0518,00913,0157,334/0E0007,167,N0240,056318,036/N1XXXXX,0517,01906,0142,333/1NN001,150,N0583,056136,033/N24346,0516,02467,0135,343/2NN006,152,00065,055991,023/N34347,0515,02937,0140,352/3NN007,169,N0208,056
-------------------------------------------------------[2024-01-24 18:41:25.882]

SOURCE: AIR
RX_ID: 111, Freq: 131.725MHz
Mode: G NACKLabel: H1 Block ID: 1, Msg No: D27G
Flight ID: AF6015 REG: F-GRHB


Message content:-
#DFB281,027/N44348,0513,03377,0132,350/4N0001,192,N0916,056463,028/N54350,0511,03851,0132,348/5NN000,231,N0026,056880,033/N64351,0509,04714,0130,332/6NN009,253,00253,057170,035/N74352,0507,06001,0110,322/7N0004
-------------------------------------------------------[2024-01-24 18:41:29.575]

SOURCE: AIR
RX_ID: 112, Freq: 131.725MHz
Mode: G NACKLabel: H1 Block ID: 2, Msg No: D27H
Flight ID: AF6015 REG: F-GRHB


Message content:-
#DFB,251,N0028,057370,034/N84354,0505,07232,0085,323/8NN009,251,00209,057787,034/N94356,0503,08566,0075,319/9N0003,248,N0382,057914,036/N04357,0500,09789,0052,312/0NN001,248,N0224,057878,037/S14359,0498,10681,0
-------------------------------------------------------[2024-01-24 18:41:33.452]

SOURCE: AIR
RX_ID: 113, Freq: 131.725MHz
Mode: G NACKLabel: H1 Block ID: 3, Msg No: D27I
Flight ID: AF6015 REG: F-GRHB


Message content:-
#DFB027,313/1SN001,254,N0314,057696,031/S24361,0496,11144,0015,321/2SN007,279,00552,057823,032/S34363,0493,12016,0010,318/3SN005,284,N0006,057787,034/S44365,0490,13126,N012,306/4SN003,285,00036,057606,035/S5436
-------------------------------------------------------[2024-01-24 18:41:37.548]

SOURCE: AIR
RX_ID: 114, Freq: 131.725MHz
Mode: G NACKLabel: H1 Block ID: 4, Msg No: D27J
Flight ID: AF6015 REG: F-GRHB


Message content:-
#DFB7,0487,14198,N037,308/5S0215,285,00045,057733,037/S64369,0486,15230,N065,300/6S0003,282,N0275,057696,038/S74373,0485,16150,N087,294/7S0002,282,N0081,057678,038/S84375,0483,16984,N107,293/8S0000,287,00471,05
-------------------------------------------------------[2024-01-24 18:41:41.463]

SOURCE: AIR
RX_ID: 115, Freq: 131.725MHz
Mode: G NACKLabel: H1 Block ID: 5, Msg No: D27K
Flight ID: AF6015 REG: F-GRHB


Message content:-
#DFB7497,042/S94379,0482,18038,N137,296/9SN002,283,N0251,057624,040/S04381,0481,18879,N162,293/0SN001,284,00142,057606,042/T14385,0480,19745,N190,291/1TN001,284,N0015,057424,044/T24388,0479,20648,N215,287/2T000
-------------------------------------------------------[2024-01-24 18:41:45.336]

SOURCE: AIR
RX_ID: 116, Freq: 131.725MHz
Mode: G NACKLabel: H1 Block ID: 6, Msg No: D27L
Flight ID: AF6015 REG: F-GRHB


Message content:-
#DFB0,282,N0228,057551,048/T34391,0477,21440,N235,290/3TN004,285,00186,057533,047/T44394,0476,22224,N255,280/4TN003,281,N0324,057497,047/T54397,0475,22738,N267,280/5T0074,285,00216,057315,042/T64401,0474,23488,
-------------------------------------------------------[2024-01-24 18:41:49.035]

SOURCE: AIR
RX_ID: 117, Freq: 131.725MHz
Mode: G NACKLabel: H1 Block ID: 7, Msg No: D27M
Flight ID: AF6015 REG: F-GRHB


Message content:-
#DFBN287,279/6T0011,286,00013,057461,044/T74404,0473,24320,N305,289/7TN007,288,00511,057442,046/T84408,0472,25444,N317,298/8TN005,283,N0466,057261,053/T94412,0472,26317,N335,297/9TN006,280,N0332,057388,059,/
-------------------------------------------------------[2024-01-24 18:41:52.723]

SOURCE: AIR
RX_ID: 118, Freq: 131.725MHz
Mode: G NACKLabel: 2F Block ID: 8, Msg No: M35A
Flight ID: AF6015 REG: F-GRHB


Message content:-
1844+4465+464/3441
-------------------------------------------------------[2024-01-24 18:44:52.324]

SOURCE: AIR
RX_ID: 119, Freq: 131.725MHz
Mode: 2 NACKLabel: Q0 Block ID: 2, Msg No: M07A
Flight ID: GS0000 REG: LXLFX


Message content:-

-------------------------------------------------------[2024-01-24 19:05:16.411]

SOURCE: AIR
RX_ID: 120, Freq: 131.725MHz
Mode: 2 NACKLabel: B9 Block ID: 3, Msg No: M09A
Flight ID: GS0000 REG: LXLFX


Message content:-
/LFMN.TI2/024LFMNA426A
-------------------------------------------------------[2024-01-24 19:06:15.796]

SOURCE: AIR
RX_ID: 121, Freq: 131.725MHz
Mode: 2 ACK, A2GLabel: _d Block ID: 4, Msg No: M10A
Flight ID: GS0000 REG: LXLFX


Message content:-

-------------------------------------------------------[2024-01-24 19:06:20.112]

SOURCE: AIR
RX_ID: 122, Freq: 131.725MHz
Mode: 2 ACK, A2GLabel: _d Block ID: 5, Msg No: M11A
Flight ID: GS0000 REG: LXLFX


Message content:-

-------------------------------------------------------[2024-01-24 19:06:23.771]

SOURCE: AIR
RX_ID: 123, Freq: 131.725MHz
Mode: 2 NACKLabel: SA Block ID: 6, Msg No: M13A
Flight ID: GS0000 REG: LXLFX


Message content:-
0LS241909V/
-------------------------------------------------------[2024-01-24 19:10:00.671]

SOURCE: AIR
RX_ID: 124, Freq: 131.725MHz
Mode: 2 NACKLabel: H1 Block ID: 7, Msg No: D14A
Flight ID: GS0346 REG: LXLFX


Message content:-
#DFBCRZ01.LXL 293  18LFP BLF 240118431590 -27.8-54.3 349790.7771151600
3461SCR2A75 02  0  0  0  0 83.5 83.3 90.0 89.9590583 2340 2309  59.7 
 59.64442 96 970.150.040.190.071131860.030.040.010.02159 72110L
-------------------------------------------------------[2024-01-24 19:12:43.670]

SOURCE: AIR
RX_ID: 125, Freq: 131.725MHz
Mode: 2 NACKLabel: H1 Block ID: 8, Msg No: D14B
Flight ID: GS0346 REG: LXLFX


Message content:-
#DFBO LO 0
001100263.3483.1N46.6682N46.6682E  3.1309E  3.1309169   27118600 -6.2
-------------------------------------------------------[2024-01-24 19:12:46.742]

SOURCE: AIR
RX_ID: 126, Freq: 131.725MHz
Mode: 2 NACKLabel: H1 Block ID: 9, Msg No: D15A
Flight ID: GS0346 REG: LXLFX


Message content:-
#DFB1.LXL0124241843031151263-54-2777763497590583      0031600333
23402309        0834608325          08990899        0000    0100    0
0
597595      096097      4442     11  11 100000000000        000000
-------------------------------------------------------[2024-01-24 19:13:13.987]

SOURCE: AIR
RX_ID: 127, Freq: 131.725MHz
Mode: 2 NACKLabel: H1 Block ID: 0, Msg No: D15B
Flight ID: GS0346 REG: LXLFX


Message content:-
#DFB00
00000000        00000000        00000000        000000
0000000000          0000000000          0033500337
000000      001000      113186      159072
00000000        00000000

-------------------------------------------------------[2024-01-24 19:13:17.280]

SOURCE: AIR
RX_ID: 128, Freq: 131.825MHz
Mode: 2 NACKLabel: Q0 Block ID: 3, Msg No: S14A
Flight ID: QY1683 REG: OE-LNW


Message content:-

-------------------------------------------------------[2024-01-24 19:46:16.447]

SOURCE: AIR
RX_ID: 129, Freq: 131.825MHz
Mode: 2 ACK, A2GLabel: _d Block ID: 5, Msg No: S15A
Flight ID: QY1683 REG: OE-LNW


Message content:-

-------------------------------------------------------[2024-01-24 19:48:10.728]

SOURCE: AIR
RX_ID: 130, Freq: 131.825MHz
Mode: 2 ACK, A2GLabel: _d Block ID: 6, Msg No: S16A
Flight ID: QY1683 REG: OE-LNW


Message content:-

-------------------------------------------------------[2024-01-24 19:48:26.095]

SOURCE: AIR
RX_ID: 131, Freq: 131.825MHz
Mode: 2 ACK, A2GLabel: _d Block ID: 8, Msg No: S17A
Flight ID: QY1683 REG: OE-LNW


Message content:-

-------------------------------------------------------[2024-01-24 19:49:01.708]

SOURCE: AIR
RX_ID: 132, Freq: 131.825MHz
Mode: 2 ACK, A2GLabel: _d Block ID: 0, Msg No: S19A
Flight ID: QY1683 REG: OE-LNW


Message content:-

-------------------------------------------------------[2024-01-24 19:49:24.858]

SOURCE: AIR
RX_ID: 133, Freq: 131.525MHz
Mode: T NACKLabel: H1 Block ID: 0, Msg No: D06H
Flight ID: AF7311 REG: F-GMZD


Message content:-
#DFB,042/N84387,0693,16564,N092,302/8NN003,289,00106,068474,041/N94390,0691,17246,N115,302/9NN002,289,N0013,068401,040/N04392,0688,17994,N135,300/0NN004,289,00134,068419,043/S14395,0686,18749,N152,300/1SN004,28
-------------------------------------------------------[2024-01-24 19:50:02.562]

SOURCE: AIR
RX_ID: 134, Freq: 131.825MHz
Mode: 2 NACKLabel: Q0 Block ID: 1, Msg No: 5657
Flight ID: QY 082 REG: D-AEAE


Message content:-

-------------------------------------------------------[2024-01-24 19:57:13.035]

SOURCE: AIR
RX_ID: 135, Freq: 131.525MHz
Mode: T NACKLabel: Q0 Block ID: 3, Msg No: S55A
Flight ID: AF6243 REG: F-GRHF


Message content:-

-------------------------------------------------------[2024-01-24 20:03:59.335]

SOURCE: AIR
RX_ID: 136, Freq: 131.825MHz
Mode: 2 ACK, A2GLabel: _d Block ID: 8, Msg No: S42A
Flight ID: XA4536 REG: 10273


Message content:-

-------------------------------------------------------[2024-01-24 20:29:28.868]

SOURCE: AIR
RX_ID: 137, Freq: 131.825MHz
Mode: 2 NACKLabel: 16 Block ID: 9, Msg No: M42A
Flight ID: XA4536 REG: 10273


Message content:-
203142,38992,2151,  15,N 43.759 E  6.535
-------------------------------------------------------[2024-01-24 20:31:43.638]

SOURCE: AIR
RX_ID: 138, Freq: 131.725MHz
Mode: X NACKLabel: Q0 Block ID: 5, Msg No: S21A
Flight ID: CC2612 REG: TF-AMM


Message content:-

-------------------------------------------------------[2024-01-24 20:32:46.283]

SOURCE: AIR
RX_ID: 139, Freq: 131.825MHz
Mode: 2 NACKLabel: Q0 Block ID: 0, Msg No: S43A
Flight ID: XA4536 REG: 10273


Message content:-

-------------------------------------------------------[2024-01-24 20:41:50.033]

