SOURCE: AIR
RX_ID: 0, Freq: 131.725MHz
Mode: X NACKLabel: 16 Block ID: 9, Msg No: M93A
Flight ID: SN03DY REG: OO-SFC


Message content:-
13OCT24,0137,N 43.045,E  6.658,40001,0256,28640
-------------------------------------------------------[2024-10-13 01:37:40.659]

SOURCE: AIR
RX_ID: 1, Freq: 131.725MHz
Mode: X NACKLabel: 16 Block ID: 0, Msg No: M94A
Flight ID: SN03DY REG: OO-SFC


Message content:-
13OCT24,0152,N 44.890,E  6.491,39996,0257,25360
-------------------------------------------------------[2024-10-13 01:52:42.004]

SOURCE: AIR
RX_ID: 2, Freq: 131.825MHz
Mode: 2 NACKLabel: B6 Block ID: 5, Msg No: J04A
Flight ID: BA064M REG: G-XWBH


Message content:-
/NBOCAYA.ADS.G-XWBH03C1071E8DC01DA7894706C81FE60D
-------------------------------------------------------[2024-10-13 03:07:16.710]

SOURCE: AIR
RX_ID: 3, Freq: 131.825MHz
Mode: 2 NACKLabel: B6 Block ID: 0, Msg No: J07A
Flight ID: BA064M REG: G-XWBH


Message content:-
/NBOCAYA.ADS.G-XWBH03C3071EB9101D55894708801F3B77
-------------------------------------------------------[2024-10-13 03:09:07.531]

SOURCE: AIR
RX_ID: 4, Freq: 131.825MHz
Mode: 2 NACKLabel: B6 Block ID: 0, Msg No: J07A
Flight ID: BA064M REG: G-XWBH


Message content:-
/NBOCAYA.ADS.G-XWBH03C3071EB9101D55894708801F3B77
-------------------------------------------------------[2024-10-13 03:09:25.119]

SOURCE: AIR
RX_ID: 5, Freq: 131.725MHz
Mode: G NACKLabel: 16 Block ID: 9, Msg No: M57A
Flight ID: SN04KE REG: OO-SFX


Message content:-
13OCT24,0309,N 43.314,E  6.046,37997,0429,31360
-------------------------------------------------------[2024-10-13 03:09:57.705]

SOURCE: AIR
RX_ID: 6, Freq: 131.825MHz
Mode: 2 NACKLabel: B6 Block ID: 0, Msg No: J07A
Flight ID: BA064M REG: G-XWBH


Message content:-
/NBOCAYA.ADS.G-XWBH03C3071EB9101D55894708801F3B77
-------------------------------------------------------[2024-10-13 03:10:03.628]

SOURCE: AIR
RX_ID: 7, Freq: 131.725MHz
Mode: G NACKLabel: 2F Block ID: 0, Msg No: M03A
Flight ID: AF0977 REG: F-GZCA


Message content:-
0314+4329+519/4093
FOOL/LFPG/40002//-64/0.80/152507/143183//DJL    //-54/010
-------------------------------------------------------[2024-10-13 03:14:03.247]

SOURCE: AIR
RX_ID: 8, Freq: 131.725MHz
Mode: G NACKLabel: 2F Block ID: 0, Msg No: M03A
Flight ID: AF0977 REG: F-GZCA


Message content:-
0314+4329+519/4093
FOOL/LFPG/40002//-64/0.80/152507/143183//DJL    //-54/010
-------------------------------------------------------[2024-10-13 03:14:10.196]

SOURCE: AIR
RX_ID: 9, Freq: 131.725MHz
Mode: G NACKLabel: H1 Block ID: 1, Msg No: D40A
Flight ID: DL0232 REG: N1605


Message content:-
#DFB239N1605 0232101324031911814 4444   556390-31-59298 1312-167 25720
 252 476 600120411030GMYKJFKLIRN
-------------------------------------------------------[2024-10-13 03:19:22.333]

SOURCE: AIR
RX_ID: 10, Freq: 131.725MHz
Mode: 2 NACKLabel: B6 Block ID: 2, Msg No: J40A
Flight ID: AF0863 REG: F-GZCO


Message content:-
/ACCFAYA.ADS.F-GZCO141EBA781D0F89C453301D0D1ED2F81CE149C400401FAF181B3989C4000054
-------------------------------------------------------[2024-10-13 03:20:32.773]

SOURCE: AIR
RX_ID: 11, Freq: 131.725MHz
Mode: 2 NACKLabel: B6 Block ID: 2, Msg No: J40A
Flight ID: AF0863 REG: F-GZCO


Message content:-
/ACCFAYA.ADS.F-GZCO141EBA781D0F89C453301D0D1ED2F81CE149C400401FAF181B3989C4000054
-------------------------------------------------------[2024-10-13 03:20:39.756]

SOURCE: AIR
RX_ID: 12, Freq: 131.725MHz
Mode: 2 NACKLabel: B6 Block ID: 2, Msg No: J40A
Flight ID: AF0863 REG: F-GZCO


Message content:-
/ACCFAYA.ADS.F-GZCO141EBA781D0F89C453301D0D1ED2F81CE149C400401FAF181B3989C4000054
-------------------------------------------------------[2024-10-13 03:20:49.559]

SOURCE: AIR
RX_ID: 13, Freq: 131.725MHz
Mode: G NACKLabel: B6 Block ID: 4, Msg No: J41A
Flight ID: AF0863 REG: F-GZCO


Message content:-
/ACCFAYA.ADS.F-GZCO071ED1F01CE349C3D4281D0C0464B8DB38200E7C88E440100F7C59994010C02E
-------------------------------------------------------[2024-10-13 03:21:34.429]

SOURCE: AIR
RX_ID: 14, Freq: 131.725MHz
Mode: G NACKLabel: B6 Block ID: 5, Msg No: J42A
Flight ID: AF0863 REG: F-GZCO


Message content:-
/ACCFAYA.ADS.F-GZCO141ED4481CDF09C414441D0D1FAF181B3989C402392021F81A5549C400EF57
-------------------------------------------------------[2024-10-13 03:21:40.574]

SOURCE: AIR
RX_ID: 15, Freq: 131.725MHz
Mode: G NACKLabel: H1 Block ID: 2, Msg No: D41A
Flight ID: DL0232 REG: N1605


Message content:-
#DFB902N1605 0232131024032134251389810-31-590000 901 953CR000000000038
010000000000000010000000000000000042080180630013200A407020428200CCA60
00000000038000000000000000010000000000000000040080180630013200A407
-------------------------------------------------------[2024-10-13 03:21:53.483]

SOURCE: AIR
RX_ID: 16, Freq: 131.725MHz
Mode: G NACKLabel: H1 Block ID: 3, Msg No: D41B
Flight ID: DL0232 REG: N1605


Message content:-
#DFB020
028200CCA612-167
-------------------------------------------------------[2024-10-13 03:21:58.384]

SOURCE: AIR
RX_ID: 17, Freq: 131.725MHz
Mode: G NACKLabel: H1 Block ID: 4, Msg No: D42A
Flight ID: DL0232 REG: N1605


Message content:-
#DFB902N1605 0232131024032136251389810-32-590000 901 953CR000000000038
010000000000000010000000000000000042080180630013200A407020428200CCA60
00000000038000000000000000010000000000000000040080180630013200A407
-------------------------------------------------------[2024-10-13 03:23:08.638]

SOURCE: AIR
RX_ID: 18, Freq: 131.725MHz
Mode: G NACKLabel: H1 Block ID: 5, Msg No: D42B
Flight ID: DL0232 REG: N1605


Message content:-
#DFB020
028200CCA612-167
-------------------------------------------------------[2024-10-13 03:23:14.162]

SOURCE: AIR
RX_ID: 19, Freq: 131.725MHz
Mode: G NACKLabel: H1 Block ID: 5, Msg No: D42B
Flight ID: DL0232 REG: N1605


Message content:-
#DFB020
028200CCA612-167
-------------------------------------------------------[2024-10-13 03:23:24.402]

SOURCE: AIR
RX_ID: 20, Freq: 131.725MHz
Mode: G NACKLabel: H1 Block ID: 5, Msg No: D42B
Flight ID: DL0232 REG: N1605


Message content:-
#DFB020
028200CCA612-167
-------------------------------------------------------[2024-10-13 03:23:35.445]

SOURCE: AIR
RX_ID: 21, Freq: 131.725MHz
Mode: G NACKLabel: B9 Block ID: 6, Msg No: J43A
Flight ID: AF0863 REG: F-GZCO


Message content:-
/LFPG.TI2/000LFPGA9F82
-------------------------------------------------------[2024-10-13 03:25:44.287]

SOURCE: AIR
RX_ID: 22, Freq: 131.725MHz
Mode: G NACKLabel: B6 Block ID: 9, Msg No: J44A
Flight ID: AF0863 REG: F-GZCO


Message content:-
/ACCFAYA.ADS.F-GZCO071F42C01C0CC9C418C81D0C0464B8DB38200E7C80E5C0040F7C299C40042B13
-------------------------------------------------------[2024-10-13 03:26:29.754]

SOURCE: AIR
RX_ID: 23, Freq: 131.725MHz
Mode: G NACKLabel: 16 Block ID: 6, Msg No: M21A
Flight ID: SN0278 REG: OO-SFG


Message content:-
13OCT24,0326,N 43.622,E  6.738,37980,0443,28280
-------------------------------------------------------[2024-10-13 03:26:46.360]

SOURCE: AIR
RX_ID: 24, Freq: 131.725MHz
Mode: G NACKLabel: H1 Block ID: 0, Msg No: F43A
Flight ID: AF0863 REG: F-GZCO


Message content:-
#M1BREJPWI,220130,053,,CB007,CLIMB.053,,CB007,CLIMB.053,,CB007,CLIMB.053,,CB007,CLIMB.053,,CB007,CLIMB.053,,CB007,CLIMB.053,,CB007,CLIMB.053,,CB007,CLIMB.053,,CB007,CLIMB.053,,CB007,CLIMB.053,,CB007,CLIMB.053,,
-------------------------------------------------------[2024-10-13 03:27:41.653]

SOURCE: AIR
RX_ID: 25, Freq: 131.725MHz
Mode: G NACKLabel: H1 Block ID: 1, Msg No: F43B
Flight ID: AF0863 REG: F-GZCO


Message content:-
#M1BCB007,CLIMB.053,,CB007,CRUISE.053,,CB007,CRUISE.053,,CB007,CRUISE.053,,CB007,CRUISE.053,,CB007,CRUISE.053,,CB007,CRUISE.053,,CB007,CRUISE.053,,CB007,CRUISE.053,,CB007,CRUISE.053,,CB007,CRUISE.053,,CB007,CRU
-------------------------------------------------------[2024-10-13 03:27:45.311]

SOURCE: AIR
RX_ID: 26, Freq: 131.725MHz
Mode: G NACKLabel: H1 Block ID: 2, Msg No: F43C
Flight ID: AF0863 REG: F-GZCO


Message content:-
#M1BISE.053,,CB007,CRUISE.053,,CB007,CRUISE.053,,CB007,CRUISE.053,,CB007,CRUISE.053,,CB007,CRUISE.053,,CB007,CRUISE.053,,CB007,CRUISE/TS032734,1310242BBE
-------------------------------------------------------[2024-10-13 03:27:48.602]

SOURCE: AIR
RX_ID: 27, Freq: 131.725MHz
Mode: G NACKLabel: H1 Block ID: 3, Msg No: F44A
Flight ID: AF0863 REG: F-GZCO


Message content:-
#M1BREJPWI,220130,053,,CB007,CLIMB.053,,CB007,CLIMB.053,,CB007,CLIMB.053,,CB007,CLIMB.053,,CB007,CLIMB.053,,CB007,CLIMB.053,,CB007,CLIMB.053,,CB007,CLIMB.053,,CB007,CLIMB.053,,CB007,CLIMB.053,,CB007,CLIMB.053,,
-------------------------------------------------------[2024-10-13 03:29:20.544]

SOURCE: AIR
RX_ID: 28, Freq: 131.725MHz
Mode: G NACKLabel: H1 Block ID: 4, Msg No: F44B
Flight ID: AF0863 REG: F-GZCO


Message content:-
#M1BCB007,CLIMB.053,,CB007,CRUISE.053,,CB007,CRUISE.053,,CB007,CRUISE.053,,CB007,CRUISE.053,,CB007,CRUISE.053,,CB007,CRUISE.053,,CB007,CRUISE.053,,CB007,CRUISE.053,,CB007,CRUISE.053,,CB007,CRUISE.053,,CB007,CRU
-------------------------------------------------------[2024-10-13 03:29:24.639]

SOURCE: AIR
RX_ID: 29, Freq: 131.725MHz
Mode: G NACKLabel: H1 Block ID: 5, Msg No: F44C
Flight ID: AF0863 REG: F-GZCO


Message content:-
#M1BISE.053,,CB007,CRUISE.053,,CB007,CRUISE.053,,CB007,CRUISE.053,,CB007,CRUISE.053,,CB007,CRUISE.053,,CB007,CRUISE.053,,CB007,CRUISE.053,,CB007,CRUISE/TS032914,131024B62D
-------------------------------------------------------[2024-10-13 03:29:28.150]

SOURCE: AIR
RX_ID: 30, Freq: 131.725MHz
Mode: G NACKLabel: H1 Block ID: 6, Msg No: F45A
Flight ID: AF0863 REG: F-GZCO


Message content:-
#M1BREJPWI,220130,053,,CB007,CLIMB.053,,CB007,CLIMB.053,,CB007,CLIMB.053,,CB007,CLIMB.053,,CB007,CLIMB.053,,CB007,CLIMB.053,,CB007,CLIMB.053,,CB007,CLIMB.053,,CB007,CLIMB.053,,CB007,CLIMB.053,,CB007,CLIMB.053,,
-------------------------------------------------------[2024-10-13 03:29:31.806]

SOURCE: AIR
RX_ID: 31, Freq: 131.725MHz
Mode: G NACKLabel: H1 Block ID: 7, Msg No: F45B
Flight ID: AF0863 REG: F-GZCO


Message content:-
#M1BCB007,CLIMB.053,,CB007,CRUISE.053,,CB007,CRUISE.053,,CB007,CRUISE.053,,CB007,CRUISE.053,,CB007,CRUISE.053,,CB007,CRUISE.053,,CB007,CRUISE.053,,CB007,CRUISE.053,,CB007,CRUISE.053,,CB007,CRUISE.053,,CB007,CRU
-------------------------------------------------------[2024-10-13 03:29:35.501]

SOURCE: AIR
RX_ID: 32, Freq: 131.725MHz
Mode: G NACKLabel: H1 Block ID: 8, Msg No: F45C
Flight ID: AF0863 REG: F-GZCO


Message content:-
#M1BISE.053,,CB007,CRUISE.053,,CB007,CRUISE.053,,CB007,CRUISE.053,,CB007,CRUISE.053,,CB007,CRUISE.053,,CB007,CRUISE.053,,CB007,CRUISE.053,,CB007,CRUISE.053,,CB007,CRUISE/TS032920,1310241A47
-------------------------------------------------------[2024-10-13 03:29:39.596]

SOURCE: AIR
RX_ID: 33, Freq: 131.725MHz
Mode: G NACKLabel: 2F Block ID: 9, Msg No: M80A
Flight ID: AF0863 REG: F-GZCO


Message content:-
0329+4432+483/40102
DXXX/LFPG/40001//-63/0.83/171646/161378//URELO  //-54/017
-------------------------------------------------------[2024-10-13 03:29:42.668]

SOURCE: AIR
RX_ID: 34, Freq: 131.725MHz
Mode: G NACKLabel: H1 Block ID: 0, Msg No: F46A
Flight ID: AF0863 REG: F-GZCO


Message content:-
#M1BREJPWI,220130,053,,CB007,CLIMB.053,,CB007,CLIMB.053,,CB007,CLIMB.053,,CB007,CLIMB.053,,CB007,CLIMB.053,,CB007,CLIMB.053,,CB007,CLIMB.053,,CB007,CLIMB.053,,CB007,CLIMB.053,,CB007,CLIMB.053,,CB007,CLIMB.053,,
-------------------------------------------------------[2024-10-13 03:29:55.361]

SOURCE: AIR
RX_ID: 35, Freq: 131.725MHz
Mode: G NACKLabel: H1 Block ID: 1, Msg No: F46B
Flight ID: AF0863 REG: F-GZCO


Message content:-
#M1BCB007,CLIMB.053,,CB007,CRUISE.053,,CB007,CRUISE.053,,CB007,CRUISE.053,,CB007,CRUISE.053,,CB007,CRUISE.053,,CB007,CRUISE.053,,CB007,CRUISE.053,,CB007,CRUISE.053,,CB007,CRUISE.053,,CB007,CRUISE.053,,CB007,CRU
-------------------------------------------------------[2024-10-13 03:29:59.052]

SOURCE: AIR
RX_ID: 36, Freq: 131.725MHz
Mode: G NACKLabel: H1 Block ID: 2, Msg No: F46C
Flight ID: AF0863 REG: F-GZCO


Message content:-
#M1BISE.053,,CB007,CRUISE.053,,CB007,CRUISE.053,,CB007,CRUISE.053,,CB007,CRUISE.053,,CB007,CRUISE.053,,CB007,CRUISE.053,,CB007,CRUISE.053,,CB007,CRUISE.053,,CB007,CRUISE.053,,CB007,CRUISE/TS032949,131024E69D
-------------------------------------------------------[2024-10-13 03:30:02.747]

SOURCE: AIR
RX_ID: 37, Freq: 131.725MHz
Mode: G NACKLabel: 26 Block ID: 2, Msg No: M05A
Flight ID: AF0977 REG: F-GZCA


Message content:-
0330FOOLAF0977/130415LFPG26L
-------------------------------------------------------[2024-10-13 03:30:03.553]

SOURCE: AIR
RX_ID: 38, Freq: 131.725MHz
Mode: G NACKLabel: H1 Block ID: 3, Msg No: F47A
Flight ID: AF0863 REG: F-GZCO


Message content:-
#M1BREJPWI,220130,053,,CB007,CLIMB.053,,CB007,CLIMB.053,,CB007,CLIMB.053,,CB007,CLIMB.053,,CB007,CLIMB.053,,CB007,CLIMB.053,,CB007,CLIMB.053,,CB007,CLIMB.053,,CB007,CLIMB.053,,CB007,CLIMB.053,,CB007,CLIMB.053,,
-------------------------------------------------------[2024-10-13 03:30:06.622]

SOURCE: AIR
RX_ID: 39, Freq: 131.725MHz
Mode: G NACKLabel: H1 Block ID: 4, Msg No: F47B
Flight ID: AF0863 REG: F-GZCO


Message content:-
#M1BCB007,CLIMB.053,,CB007,CRUISE.053,,CB007,CRUISE.053,,CB007,CRUISE.053,,CB007,CRUISE.053,,CB007,CRUISE.053,,CB007,CRUISE.053,,CB007,CRUISE.053,,CB007,CRUISE.053,,CB007,CRUISE.053,,CB007,CRUISE.053,,CB007,CRU
-------------------------------------------------------[2024-10-13 03:30:10.134]

SOURCE: AIR
RX_ID: 40, Freq: 131.725MHz
Mode: G NACKLabel: H1 Block ID: 5, Msg No: F47C
Flight ID: AF0863 REG: F-GZCO


Message content:-
#M1BISE.053,,CB007,CRUISE.053,,CB007,CRUISE.053,,CB007,CRUISE.053,,CB007,CRUISE.053,,CB007,CRUISE.053,,CB007,CRUISE.053,,CB007,CRUISE.053,,CB007,CRUISE.053,,CB007,CRUISE.053,,CB007,CRUISE.053,,CB007,CRUISE/TS03
-------------------------------------------------------[2024-10-13 03:30:13.791]

SOURCE: AIR
RX_ID: 41, Freq: 131.725MHz
Mode: G NACKLabel: H1 Block ID: 6, Msg No: F47D
Flight ID: AF0863 REG: F-GZCO


Message content:-
#M1B2954,1310240019
-------------------------------------------------------[2024-10-13 03:30:17.888]

SOURCE: AIR
RX_ID: 42, Freq: 131.725MHz
Mode: G ACK, A2GLabel: B9 Block ID: 3, Msg No: J96A
Flight ID: AF0977 REG: F-GZCA


Message content:-
/LFPG.TI2/000LFPGA9F82
-------------------------------------------------------[2024-10-13 03:30:32.225]

SOURCE: AIR
RX_ID: 43, Freq: 131.725MHz
Mode: G NACKLabel: B6 Block ID: 7, Msg No: J45A
Flight ID: AF0863 REG: F-GZCO


Message content:-
/ACCFAYA.ADS.F-GZCO141FB0701B3749C49D501D0D2021F81A5549C4012E20714819B489C400E279
-------------------------------------------------------[2024-10-13 03:31:20.169]

SOURCE: AIR
RX_ID: 44, Freq: 131.725MHz
Mode: G NACKLabel: B6 Block ID: 7, Msg No: J45A
Flight ID: AF0863 REG: F-GZCO


Message content:-
/ACCFAYA.ADS.F-GZCO141FB0701B3749C49D501D0D2021F81A5549C4012E20714819B489C400E279
-------------------------------------------------------[2024-10-13 03:31:28.764]

SOURCE: AIR
RX_ID: 45, Freq: 131.725MHz
Mode: G NACKLabel: 26 Block ID: 8, Msg No: M81A
Flight ID: AF0863 REG: F-GZCO


Message content:-
0333DXXXAF0863/130418LFPG26L
-------------------------------------------------------[2024-10-13 03:33:03.592]

SOURCE: AIR
RX_ID: 46, Freq: 131.725MHz
Mode: X NACKLabel: 16 Block ID: 9, Msg No: M91A
Flight ID: SN038K REG: OO-SFH


Message content:-
13OCT24,0336,N 44.413,E  6.520,37993,0445,25520
-------------------------------------------------------[2024-10-13 03:36:13.655]

SOURCE: AIR
RX_ID: 47, Freq: 131.725MHz
Mode: G NACKLabel: 4H Block ID: 9, Msg No: M72A
Flight ID: DL0182 REG: N1603


Message content:-
12034H KJFK LIRF6
  
WPR RESET





-------------------------------------------------------[2024-10-13 03:36:15.084]

SOURCE: AIR
RX_ID: 48, Freq: 131.725MHz
Mode: G NACKLabel: B6 Block ID: 9, Msg No: J47A
Flight ID: AF0863 REG: F-GZCO


Message content:-
/ACCFAYA.ADS.F-GZCO072021881A5649C3E20C1D0C0464B8DB38200E7C70DEC0040F7BF99E4004A81C
-------------------------------------------------------[2024-10-13 03:36:22.652]

SOURCE: AIR
RX_ID: 49, Freq: 131.725MHz
Mode: G NACKLabel: B6 Block ID: 0, Msg No: J48A
Flight ID: AF0863 REG: F-GZCO


Message content:-
/ACCFAYA.ADS.F-GZCO142023901A5249C3A2201D0D20714819B489C400D220AFB8193449C4005982
-------------------------------------------------------[2024-10-13 03:36:28.576]

SOURCE: AIR
RX_ID: 50, Freq: 131.725MHz
Mode: G NACKLabel: H1 Block ID: 5, Msg No: F80A
Flight ID: DL0182 REG: N1603


Message content:-
#M2BPOSN44417E007057,MOG36,034310,390,ELB,040629,ELKAP,M59,33334,215,800A4AD
-------------------------------------------------------[2024-10-13 03:43:15.331]

SOURCE: AIR
RX_ID: 51, Freq: 131.725MHz
Mode: G NACKLabel: 10 Block ID: 5, Msg No: M05A
Flight ID: KL0538 REG: PH-AOA


Message content:-
ETA36A13040600KLM538  HUENEHAM  0535EHAM 113
-------------------------------------------------------[2024-10-13 04:06:05.674]

SOURCE: AIR
RX_ID: 52, Freq: 131.725MHz
Mode: G NACKLabel: 2F Block ID: 5, Msg No: M71A
Flight ID: AF0929 REG: F-GZCB


Message content:-
0408+4384+520/40110
FCPP/LFPG/39999//-64/0.80/159219/148172//TINIL  //-83/017
-------------------------------------------------------[2024-10-13 04:08:49.301]

SOURCE: AIR
RX_ID: 53, Freq: 131.725MHz
Mode: G NACKLabel: 80 Block ID: 6, Msg No: M72A
Flight ID: AF0929 REG: F-GZCB


Message content:-
AF0929/MCC
BJR ARRIVONS AVEC LE CB
POUR INFO LUMIERE FCP
HS MERCI
-------------------------------------------------------[2024-10-13 04:08:52.588]

SOURCE: AIR
RX_ID: 54, Freq: 131.725MHz
Mode: G NACKLabel: H1 Block ID: 8, Msg No: C01A
Flight ID: AF7343 REG: F-GMZA


Message content:-
#CFBFLR/FR24101304100030310005SDAC1:NO DATA FROM      PHC1/IDECAM 2,ECAM 1
-------------------------------------------------------[2024-10-13 04:11:34.785]

SOURCE: AIR
RX_ID: 55, Freq: 131.725MHz
Mode: G NACKLabel: B9 Block ID: 9, Msg No: J75A
Flight ID: AF0929 REG: F-GZCB


Message content:-
/LFPG.TI2/000LFPGA9F82
-------------------------------------------------------[2024-10-13 04:14:23.926]

SOURCE: AIR
RX_ID: 56, Freq: 131.725MHz
Mode: G NACKLabel: B9 Block ID: 9, Msg No: L02A
Flight ID: AF7343 REG: F-GMZA


Message content:-
/LFLL.TI2/064LFLLAD2FE
-------------------------------------------------------[2024-10-13 04:15:27.011]

SOURCE: AIR
RX_ID: 57, Freq: 131.725MHz
Mode: 2 NACKLabel: H1 Block ID: 5, Msg No: F63D
Flight ID: AF0929 REG: F-GZCB


Message content:-
#M1BISE.053,,CB007,CRUISE.053,,CB007,CRUISE/TS041541,131024BDC1
-------------------------------------------------------[2024-10-13 04:16:34.597]

SOURCE: AIR
RX_ID: 58, Freq: 131.825MHz
Mode: 2 NACKLabel: H1 Block ID: 4, Msg No: F27A
Flight ID: AA0240 REG: N770AN


Message content:-
#M1BPOSN44273E005049,BEP-35,041922,390,RET-36,042210,KOLON,M60,32614,397C646
-------------------------------------------------------[2024-10-13 04:19:24.802]

SOURCE: AIR
RX_ID: 59, Freq: 131.825MHz
Mode: 2 NACKLabel: H1 Block ID: 5, Msg No: D71A
Flight ID: AA0240 REG: N770AN


Message content:-
#DFBTRP KDFW LIRF 07  8 362  16  0 040724
 45.9081   0.9462390014347204750.0080.005 58.63  -6.68 44840-59 197OFF
 45.7308   1.4874390004340804750.0260.017 57.50  -6.33 44160-59 197OFF
 45.5516   2.0230390024
-------------------------------------------------------[2024-10-13 04:19:31.974]

SOURCE: AIR
RX_ID: 60, Freq: 131.825MHz
Mode: 2 NACKLabel: H1 Block ID: 6, Msg No: D71B
Flight ID: AA0240 REG: N770AN


Message content:-
#DFB334004770.0650.025 49.75  -1.05 43520-59 197OFF
 45.3717   2.5495389924327604780.0280.019 41.88   4.22 42880-59 197OFF
 45.1918   3.0657389974321204750.0440.033 37.00   5.98 42200-59 197OFF
-------------------------------------------------------[2024-10-13 04:19:38.301]

SOURCE: AIR
RX_ID: 61, Freq: 131.825MHz
Mode: 2 NACKLabel: H1 Block ID: 7, Msg No: F28A
Flight ID: AA0240 REG: N770AN


Message content:-
#M1BPOSN44167E005327,RET-37,042210,390,KOL-38,043039,RAP-39,M60,30516,391FAA5
-------------------------------------------------------[2024-10-13 04:22:12.738]

SOURCE: AIR
RX_ID: 62, Freq: 131.825MHz
Mode: 2 NACKLabel: 16 Block ID: 8, Msg No: M63A
Flight ID: AA0240 REG: N770AN


Message content:-
POSA1N44259E  5591,RET-37 ,042211,390,KOL-38 ,043044,,-60, 16, 385,832
-------------------------------------------------------[2024-10-13 04:22:29.744]

SOURCE: AIR
RX_ID: 63, Freq: 131.725MHz
Mode: G NACKLabel: 2F Block ID: 2, Msg No: M12A
Flight ID: AF7343 REG: F-GMZA


Message content:-
0425+4469+504/2660
-------------------------------------------------------[2024-10-13 04:25:21.963]

SOURCE: AIR
RX_ID: 64, Freq: 131.725MHz
Mode: G NACKLabel: H1 Block ID: 3, Msg No: D12A
Flight ID: AF7469 REG: F-GTAD


Message content:-
#DFBA31/A32131,1,1/C1F-GTAD,OCT13,041459,LFMT,LFPG,0049/C202,00000,8100,65,0011,0,1100,56,X/C30157,N0112,---,---,7333,276,C51020/C4XXXXX,XXXXX,N0111,0157,---/4CN001,---,N0008,073354,---/C54357,0396,N0112,0157,-
-------------------------------------------------------[2024-10-13 04:31:11.152]

SOURCE: AIR
RX_ID: 65, Freq: 131.725MHz
Mode: G NACKLabel: H1 Block ID: 4, Msg No: D12B
Flight ID: AF7469 REG: F-GTAD


Message content:-
#DFB--/5CN001,---,00008,073354,---/C6XXXXX,XXXXX,N0111,0157,---/6C0002,---,00003,073354,---/C7XXXXX,0397,N0109,0157,---/7CN000,---,00050,073336,---/C84357,0397,N0110,0157,---/8CN002,---,00006,073336,---/C9XXXXX
-------------------------------------------------------[2024-10-13 04:31:15.465]

SOURCE: AIR
RX_ID: 66, Freq: 131.725MHz
Mode: G NACKLabel: H1 Block ID: 5, Msg No: D12C
Flight ID: AF7469 REG: F-GTAD


Message content:-
#DFB,0397,N0110,0157,---/9CN004,---,N0020,073354,---/C0XXXXX,0397,N0112,0160,---/0CN008,---,N0003,073354,---/E14357,XXXXX,N0111,0160,---/1EN009,---,00091,073373,---/E24357,XXXXX,N0115,0160,---/2EN004,---,N0014,
-------------------------------------------------------[2024-10-13 04:31:18.939]

SOURCE: AIR
RX_ID: 67, Freq: 131.725MHz
Mode: G NACKLabel: H1 Block ID: 7, Msg No: D12E
Flight ID: AF7469 REG: F-GTAD


Message content:-
#DFB/6EN017,160,N0064,073354,010/E74359,0393,00807,0145,086/7E0172,158,00284,073264,017/E84360,XXXXX,01466,0147,130/8E0218,158,N0565,073246,018/E94361,0394,01972,0145,163/9E0187,159,N0048,073264,010/E04362,0396
-------------------------------------------------------[2024-10-13 04:31:26.108]

SOURCE: AIR
RX_ID: 68, Freq: 131.725MHz
Mode: G NACKLabel: H1 Block ID: 8, Msg No: D12F
Flight ID: AF7469 REG: F-GTAD


Message content:-
#DFB,02516,0137,189/0EN070,161,00390,073246,004/N14363,0398,03067,0130,172/1N0014,163,N0440,073227,006/N24364,0400,03388,0125,153/2NN008,184,N0013,073500,002/N34365,0402,03683,0120,169/3N0005,205,N0386,073463,0
-------------------------------------------------------[2024-10-13 04:31:29.400]

SOURCE: AIR
RX_ID: 69, Freq: 131.725MHz
Mode: G NACKLabel: B9 Block ID: 9, Msg No: L00A
Flight ID: AF7469 REG: F-GTAD


Message content:-
/LFLL.TI2/064LFLLAD2FE
-------------------------------------------------------[2024-10-13 04:31:32.474]

SOURCE: AIR
RX_ID: 70, Freq: 131.725MHz
Mode: G NACKLabel: H1 Block ID: 0, Msg No: D12G
Flight ID: AF7469 REG: F-GTAD


Message content:-
#DFB03/N44366,0404,04026,0107,151/4N0013,233,00021,073481,001/N54368,0407,04559,0105,243/5N0015,248,00253,073463,001/N64369,0410,05380,0095,299/6N0009,250,00235,073681,005/N74370,0413,06250,0090,299/7N0006,247,
-------------------------------------------------------[2024-10-13 04:31:37.372]

SOURCE: AIR
RX_ID: 71, Freq: 131.725MHz
Mode: G ACK, A2GLabel: H1 Block ID: 0, Msg No: D12G
Flight ID: AF7469 REG: F-GTAD


Message content:-
#DFB03/N44366,0404,04026,0107,151/4N0013,233,00021,073481,001/N54368,0407,04559,0105,243/5N0015,248,00253,073463,001/N64369,0410,05380,0095,299/6N0009,250,00235,073681,005/N74370,0413,06250,0090,299/7N0006,247,
-------------------------------------------------------[2024-10-13 04:31:39.201]

SOURCE: AIR
RX_ID: 72, Freq: 131.725MHz
Mode: G ACK, A2GLabel: H1 Block ID: 1, Msg No: D12H
Flight ID: AF7469 REG: F-GTAD


Message content:-
#DFBN0311,073445,016/N84372,0415,06978,0080,279/8N0010,249,00134,073445,016/N94374,0419,07754,0067,278/9N0008,250,N0012,073627,018/N04375,0422,08529,0057,264/0N0005,250,00129,073391,018/S14378,0425,09300,0042,2
-------------------------------------------------------[2024-10-13 04:31:43.517]

SOURCE: AIR
RX_ID: 73, Freq: 131.725MHz
Mode: G NACKLabel: H1 Block ID: 2, Msg No: D12I
Flight ID: AF7469 REG: F-GTAD


Message content:-
#DFB71/1SN238,252,00079,073373,019/S24380,0426,10139,0022,260/2SN011,248,N0081,073354,018/S34382,0426,10852,0002,251/3S0009,249,00076,073536,020/S44385,0427,11616,N015,261/4S0007,251,00059,073282,023/S5XXXXX,XX
-------------------------------------------------------[2024-10-13 04:31:46.990]

SOURCE: AIR
RX_ID: 74, Freq: 131.725MHz
Mode: G NACKLabel: H1 Block ID: 3, Msg No: D12J
Flight ID: AF7469 REG: F-GTAD


Message content:-
#DFBXXX,12505,N025,275/5S0003,251,00368,073264,027/S64391,0429,13360,N025,278/6SN001,248,N0035,073445,028/S74393,0429,14028,N027,275/7S0004,248,N0042,073209,033/S84397,0430,14662,N035,276/8S0006,249,00074,07317
-------------------------------------------------------[2024-10-13 04:31:55.006]

SOURCE: AIR
RX_ID: 75, Freq: 131.725MHz
Mode: G NACKLabel: H1 Block ID: 4, Msg No: D12K
Flight ID: AF7469 REG: F-GTAD


Message content:-
#DFB3,041/S94400,0431,15266,N040,271/9S0008,248,N0515,073155,048/S04402,XXXXX,15516,N045,269/0S0010,260,N0024,073336,047/T14406,0432,15742,N050,267/1T0009,271,N0009,073082,047/T24409,0433,15947,N055,270/2T0011,
-------------------------------------------------------[2024-10-13 04:31:58.657]

SOURCE: AIR
RX_ID: 76, Freq: 131.725MHz
Mode: G NACKLabel: H1 Block ID: 5, Msg No: D12L
Flight ID: AF7469 REG: F-GTAD


Message content:-
#DFB284,00043,073064,047/T34412,0434,16202,N060,271/3T0010,294,00068,073246,048/T44415,XXXXX,16637,N075,271/4T0009,298,00300,073010,049/T54419,0436,17264,N075,277/5T0006,297,N0085,072973,050/T64423,0437,17940,N
-------------------------------------------------------[2024-10-13 04:32:02.754]

SOURCE: AIR
RX_ID: 77, Freq: 131.725MHz
Mode: G NACKLabel: H1 Block ID: 6, Msg No: D12M
Flight ID: AF7469 REG: F-GTAD


Message content:-
#DFB092,279/6T0005,295,N0186,072955,050/T74426,0438,18436,N105,279/7T0006,297,00350,073137,049/T84430,0439,19072,N120,280/8T0009,295,N0428,072901,050/T94434,0440,19587,N137,279/9T0008,297,00140,072865,051,/
-------------------------------------------------------[2024-10-13 04:32:07.288]

SOURCE: AIR
RX_ID: 78, Freq: 131.725MHz
Mode: G NACKLabel: 2F Block ID: 7, Msg No: M10A
Flight ID: AF7469 REG: F-GTAD


Message content:-
0433+4479+452/2560
-------------------------------------------------------[2024-10-13 04:33:59.087]

SOURCE: AIR
RX_ID: 79, Freq: 131.825MHz
Mode: 2 NACKLabel: 16 Block ID: 6, Msg No: M33A
Flight ID: FR05YR REG: 9H-QFE


Message content:-
044628,,0656, 210,N   .    MMMM.MMM
-------------------------------------------------------[2024-10-13 04:46:31.328]

SOURCE: AIR
RX_ID: 80, Freq: 131.725MHz
Mode: G NACKLabel: 2M Block ID: 2, Msg No: M90A
Flight ID: AF0947 REG: F-GZCI


Message content:-
DEFAULT RPT/.F-GZCI 120448
AIRCRAFT/
CABIN/ INOP
2 FOUR GALLET G6        

-------------------------------------------------------[2024-10-13 04:48:17.824]

SOURCE: AIR
RX_ID: 81, Freq: 131.725MHz
Mode: E NACKLabel: H1 Block ID: 5, Msg No: F25A
Flight ID: DL0028 REG: N837MH


Message content:-
#M2BPOSN44384E004505,TUNUR,045324,310,NISAR,045504,XIRBI,M38,2899,228,800B7DD
-------------------------------------------------------[2024-10-13 04:53:27.293]

SOURCE: AIR
RX_ID: 82, Freq: 131.725MHz
Mode: E NACKLabel: H1 Block ID: 6, Msg No: D28A
Flight ID: DL0028 REG: N837MH


Message content:-
#DFB/WX02EN13KJFKLFMN
N45154E00417804483392M4623400130XXXX23::IP/9W
N45071E00432604493273M4303030120XXXX23::J8GMY
N44980E00446504503154M4052670170XXXX23::B8W/X
N44888E00460504513088M3772830120XXXX23::B8YY(
-------------------------------------------------------[2024-10-13 04:54:03.539]

SOURCE: AIR
RX_ID: 83, Freq: 131.725MHz
Mode: E NACKLabel: H1 Block ID: 7, Msg No: D28B
Flight ID: DL0028 REG: N837MH


Message content:-
#DFB
N44797E00474404523088M3772900120XXXX23::J8PSZ
N44705E00488304533088M3802830120XXXX2300R820)

-------------------------------------------------------[2024-10-13 04:54:06.610]

SOURCE: AIR
RX_ID: 84, Freq: 131.725MHz
Mode: E NACKLabel: H1 Block ID: 8, Msg No: F26A
Flight ID: DL0028 REG: N837MH


Message content:-
#M2BPOSN44297E005044,NISAR,045502,301,XIRBI,045625,DOTIG,M37,26819,225,800DF81
-------------------------------------------------------[2024-10-13 04:55:06.184]

SOURCE: AIR
RX_ID: 85, Freq: 131.725MHz
Mode: E NACKLabel: B9 Block ID: 9, Msg No: L36A
Flight ID: DL0028 REG: N837MH


Message content:-
/LFMN.TI2/024LFMNA426A
-------------------------------------------------------[2024-10-13 04:55:58.008]

SOURCE: AIR
RX_ID: 86, Freq: 131.725MHz
Mode: E ACK, A2GLabel: B9 Block ID: 9, Msg No: L36A
Flight ID: DL0028 REG: N837MH


Message content:-
/LFMN.TI2/024LFMNA426A
-------------------------------------------------------[2024-10-13 04:56:02.505]

SOURCE: AIR
RX_ID: 87, Freq: 131.725MHz
Mode: E NACKLabel: H1 Block ID: 1, Msg No: D29A
Flight ID: DL0028 REG: N837MH


Message content:-
#DFB239N1813 0028101324045840748 4421   555242  4-23299 52XX-223 21600
 319 51100921427400J8IH-KJFKLFMN
-------------------------------------------------------[2024-10-13 04:59:00.902]

SOURCE: AIR
RX_ID: 88, Freq: 131.725MHz
Mode: E NACKLabel: H1 Block ID: 1, Msg No: D29A
Flight ID: DL0028 REG: N837MH


Message content:-
#DFB239N1813 0028101324045840748 4421   555242  4-23299 52XX-223 21600
 319 51100921427400J8IH-KJFKLFMN
-------------------------------------------------------[2024-10-13 04:59:13.593]

SOURCE: AIR
RX_ID: 89, Freq: 131.725MHz
Mode: E NACKLabel: H1 Block ID: 2, Msg No: D30A
Flight ID: DL0028 REG: N837MH


Message content:-
#DFBENGINE BLEED REPORT

AID:N1813  DA:13/10    GMT:05:01    FNO:2302      ISFC: 3850
TAT: 128  SAT:-115   ALT: 19088   MACH:0681    FCNT:  493
GW:299600  FLT:0028-1  MODE:DESC    SID:AK-67-223
S/N L:70700
-------------------------------------------------------[2024-10-13 05:01:46.796]

SOURCE: AIR
RX_ID: 90, Freq: 131.725MHz
Mode: E NACKLabel: H1 Block ID: 3, Msg No: D30B
Flight ID: DL0028 REG: N837MH


Message content:-
#DFB0         DEPART:KJFK    DESTIN:LFMN
S/N R:706205

               ENG L     ENG R
HPSOV          OPN       OPN
PRV            OPN       OPN
PRSOV          OPN       OPN
FAV %             294     2243
-------------------------------------------------------[2024-10-13 05:01:50.085]

SOURCE: AIR
RX_ID: 91, Freq: 131.725MHz
Mode: E NACKLabel: H1 Block ID: 4, Msg No: D30C
Flight ID: DL0028 REG: N837MH


Message content:-
#DFB
N1 SPD          4156     4415
HI STG PRESS    4350     4700
INTERM PRESS1    2753     3972
INTERM PRESS2    3550     3627
STRUT OVHT     NRML      NRML
DUCT PRESS       3213     3675
P-COOL TEMP    
-------------------------------------------------------[2024-10-13 05:01:53.559]

SOURCE: AIR
RX_ID: 92, Freq: 131.725MHz
Mode: E NACKLabel: H1 Block ID: 5, Msg No: D30D
Flight ID: DL0028 REG: N837MH


Message content:-
#DFB35584    40206
PACK HX TEMP    35131    34669
PACK FLOW       12195    12731
WING ANTI ICE  OFF
LT  ISO VLV    CLS
RT  ISO VLV    CLS
CTR ISO VLV    OPN

TRIGGER CODE   0000

STATUS WORDS  DW1  DW
-------------------------------------------------------[2024-10-13 05:01:57.035]

SOURCE: AIR
RX_ID: 93, Freq: 131.725MHz
Mode: E NACKLabel: H1 Block ID: 6, Msg No: D30E
Flight ID: DL0028 REG: N837MH


Message content:-
#DFB2  DW3  DW4  DW5  DW6  DW7  DW8  EICAS
LEFT          0000 0001 0000 0000 0000 0000 1040 0000 0000
RIGHT         0000 0001 0000 0000 0000 0000 1040 0000 0000

-------------------------------------------------------[2024-10-13 05:02:00.509]

SOURCE: AIR
RX_ID: 94, Freq: 131.525MHz
Mode: T NACKLabel: 80 Block ID: 0, Msg No: M16A
Flight ID: AF7460 REG: F-GMZE


Message content:-
AF7460/DEST/LFMT
BJR
SUITE CDL VERIF MECANO
NECESSAIRE AVANT NOTRE
DEPART
SLTS
-------------------------------------------------------[2024-10-13 06:45:00.069]

SOURCE: AIR
RX_ID: 95, Freq: 131.725MHz
Mode: E NACKLabel: H1 Block ID: 6, Msg No: D10A
Flight ID: AF7460 REG: F-GMZE


Message content:-
#DFBA01/A32101,1,1/CCF-GMZE,OCT13,063031,LFPG,LFMT,0076/C106,14239,5000,53,0010,0,0100,60,X/CEN207,33000,252,717,5958,253,C53015/EC643526,01106,00751,01014,73,06/EE577159,01107,07462,01014,73/N10829,0829,0923,5
-------------------------------------------------------[2024-10-13 06:54:32.715]

SOURCE: AIR
RX_ID: 96, Freq: 131.725MHz
Mode: E NACKLabel: H1 Block ID: 2, Msg No: D11D
Flight ID: AF7460 REG: F-GMZE


Message content:-
#DFB0000,0000/X5N000,N001,N002,0000,0000,0000/X61715,E0026,N462,034,299,0116,0794/X71716,E0026,N462,034,298,0109,0796,/
-------------------------------------------------------[2024-10-13 06:55:17.947]

SOURCE: AIR
RX_ID: 97, Freq: 131.725MHz
Mode: G NACKLabel: H1 Block ID: 6, Msg No: D22A
Flight ID: KL0104 REG: PH-BQF


Message content:-
#DFB(POS-KLM104  -4409N00454E/070723 F380
RMK/FUEL  12.5 M0.84)
-------------------------------------------------------[2024-10-13 07:07:26.425]

SOURCE: AIR
RX_ID: 98, Freq: 131.825MHz
Mode: 2 NACKLabel: H1 Block ID: 5, Msg No: F94A
Flight ID: AA0720 REG: N771AN


Message content:-
#M1BPOSN44339E005092,BEP-24,070747,350,RET-25,071035,KOLON,M49,00120,324C29A
-------------------------------------------------------[2024-10-13 07:07:48.956]

SOURCE: AIR
RX_ID: 99, Freq: 131.825MHz
Mode: 2 NACKLabel: H1 Block ID: 6, Msg No: D39A
Flight ID: AA0720 REG: N771AN


Message content:-
#DFBTRP KCLT LIRF 07  0  50  14  0 070905
 44.4898   5.3409350014238404810.0760.065 22.00  -2.11 32120-49 238OFF
0.01714 1.135 0.812 0.022-0.052 0281 32 11
-------------------------------------------------------[2024-10-13 07:10:06.608]

SOURCE: AIR
RX_ID: 100, Freq: 131.825MHz
Mode: 2 NACKLabel: H1 Block ID: 7, Msg No: F95A
Flight ID: AA0720 REG: N771AN


Message content:-
#M1BPOSN44215E005363,RET-25,071036,350,KOLON,071905,RAPUR,M49,00721,318952E
-------------------------------------------------------[2024-10-13 07:10:38.132]

SOURCE: AIR
RX_ID: 101, Freq: 131.825MHz
Mode: 2 NACKLabel: H1 Block ID: 8, Msg No: D40A
Flight ID: AA0720 REG: N771AN


Message content:-
#DFBTRP KCLT LIRF 07  8 351  13  0 070133
 45.6214   1.9243329954286404840.0290.023 17.75 -52.03 36920-43 262OFF
 45.5138   2.4975329974279204870.0240.017 14.63 -62.23 36200-44 262OFF
 45.3938   3.0638329964
-------------------------------------------------------[2024-10-13 07:13:36.931]

SOURCE: AIR
RX_ID: 102, Freq: 131.825MHz
Mode: 2 NACKLabel: H1 Block ID: 9, Msg No: D40B
Flight ID: AA0720 REG: N771AN


Message content:-
#DFB271604920.0260.023 10.50 -38.67 35480-44 262OFF
 45.2156   3.5946330004264404860.0350.023 11.75 -60.82 34760-44 262OFF
 45.0215   4.1108341714256004870.0400.029 12.13 -19.34 33920-47 248OFF
-------------------------------------------------------[2024-10-13 07:13:43.075]

SOURCE: AIR
RX_ID: 103, Freq: 131.725MHz
Mode: 2 NACKLabel: SA Block ID: 8, Msg No: M23A
Flight ID: AH1022 REG: 7T-VKB


Message content:-
0EV081100V
-------------------------------------------------------[2024-10-13 08:11:02.098]

SOURCE: AIR
RX_ID: 104, Freq: 131.725MHz
Mode: G NACKLabel: H1 Block ID: 5, Msg No: C09A
Flight ID: AF7461 REG: F-GMZE


Message content:-
#CFBFLR/FR24101308260073117006BSV, J11/J12, ECU  ENG2B/IDEIU2FADEC
-------------------------------------------------------[2024-10-13 08:27:22.880]

SOURCE: AIR
RX_ID: 105, Freq: 131.725MHz
Mode: G NACKLabel: H1 Block ID: 6, Msg No: C10A
Flight ID: AF7461 REG: F-GMZE


Message content:-
#CFBFLR/FR24101308260073117006BSV, J11/J12, ECU  ENG2B/IDEIU2FADEC
-------------------------------------------------------[2024-10-13 08:27:56.085]

SOURCE: AIR
RX_ID: 106, Freq: 131.725MHz
Mode: G NACKLabel: 2F Block ID: 7, Msg No: M34A
Flight ID: AF7461 REG: F-GMZE


Message content:-
0833+4493+451/2751
-------------------------------------------------------[2024-10-13 08:33:30.721]

SOURCE: AIR
RX_ID: 107, Freq: 131.725MHz
Mode: X NACKLabel: H1 Block ID: 8, Msg No: D65A
Flight ID: DL0233 REG: N1605


Message content:-
#DFB239N1605 0233101324084650797 4362   689340-18-47308 1612-167101400
 277 450 6003127500B020)LIRNKJFK
-------------------------------------------------------[2024-10-13 08:47:01.517]

SOURCE: AIR
RX_ID: 108, Freq: 131.725MHz
Mode: X NACKLabel: 4H Block ID: 0, Msg No: M03A
Flight ID: DL0233 REG: N1605


Message content:-
13084H LIRN KJFK6
  
WPR RESET





-------------------------------------------------------[2024-10-13 08:57:44.018]

SOURCE: AIR
RX_ID: 109, Freq: 131.725MHz
Mode: X NACKLabel: H1 Block ID: 2, Msg No: F19A
Flight ID: DL0233 REG: N1605


Message content:-
#M2BREJPOS,085751,130,219,RF101,TOBGA9F2C
-------------------------------------------------------[2024-10-13 08:57:53.416]

SOURCE: AIR
RX_ID: 110, Freq: 131.725MHz
Mode: X ACK, A2GLabel: H1 Block ID: 2, Msg No: F19A
Flight ID: DL0233 REG: N1605


Message content:-
#M2BREJPOS,085751,130,219,RF101,TOBGA9F2C
-------------------------------------------------------[2024-10-13 08:57:54.440]

SOURCE: AIR
RX_ID: 111, Freq: 131.725MHz
Mode: E NACKLabel: H1 Block ID: 1, Msg No: D02A
Flight ID: TS0434 REG: C-GUBC


Message content:-
#DFBR01/A33001,1,1
.C-GUBC,24OCT13,08.31.18,CYUL,LFML,TSC434XXXX,5000,730
002,06.0,000000,SE7N14,VN7014,TS4308,000,052,052
N36.0,40991,0.814,111,1.08,111,10,0,01,111,1.06,X
N36.0,41002,0.812,111
041195,021
-------------------------------------------------------[2024-10-13 09:05:01.265]

SOURCE: AIR
RX_ID: 112, Freq: 131.725MHz
Mode: E NACKLabel: H1 Block ID: 4, Msg No: D02D
Flight ID: TS0434 REG: C-GUBC


Message content:-
#DFB,047.5,0.25,0.04,0.12,030,0.28,N24.2
0400,0339
0397,0339
:

-------------------------------------------------------[2024-10-13 09:05:31.988]

SOURCE: AIR
RX_ID: 113, Freq: 131.725MHz
Mode: X NACKLabel: H1 Block ID: 2, Msg No: D04C
Flight ID: TS0434 REG: C-GUBC


Message content:-
#DFB
1.441,1.441,1.441,1.615,080.40,090.7,092.7,0701,21.343
08664,14.68,010.9,099.6,235.0,419.0,539.2,10.0,077,077
08620,14.68,010.9,098.5,232.4,413.7,534.3,10.2,077,077
034,55,109,082,105,103.3,029.5,067.0
-------------------------------------------------------[2024-10-13 09:06:10.278]

SOURCE: AIR
RX_ID: 114, Freq: 131.725MHz
Mode: X NACKLabel: H1 Block ID: 6, Msg No: D04G
Flight ID: TS0434 REG: C-GUBC


Message content:-
#DFB1,0.59,013.9
0.30,0.01,0.30,094,0.44,013.3
1.338,010.7,01533,0.280,2,20
1.426,004.1,10012,0.448,2,20
1.465,000.8,20018,0.655,2,20
1.480,N07.8,25013,0.725,2,20
:

-------------------------------------------------------[2024-10-13 09:06:24.800]

SOURCE: AIR
RX_ID: 115, Freq: 131.725MHz
Mode: X NACKLabel: H1 Block ID: 3, Msg No: D66A
Flight ID: DL0233 REG: N1605


Message content:-
#DFB239N1605 0233101324090650786 4511   415340-17-45316 1712-167 97400
 272 445 6002970510B020)LIRNKJFK
-------------------------------------------------------[2024-10-13 09:07:11.907]

SOURCE: AIR
RX_ID: 116, Freq: 131.725MHz
Mode: X NACKLabel: 4H Block ID: 4, Msg No: M04A
Flight ID: DL0233 REG: N1605


Message content:-
13094H LIRN KJFK6
  
WPR RESET





-------------------------------------------------------[2024-10-13 09:07:18.487]

SOURCE: AIR
RX_ID: 117, Freq: 131.725MHz
Mode: X ACK, A2GLabel: 4H Block ID: 4, Msg No: M04A
Flight ID: DL0233 REG: N1605


Message content:-
13094H LIRN KJFK6
  
WPR RESET





-------------------------------------------------------[2024-10-13 09:07:23.608]

SOURCE: AIR
RX_ID: 118, Freq: 131.725MHz
Mode: X NACKLabel: H1 Block ID: 6, Msg No: F20A
Flight ID: DL0233 REG: N1605


Message content:-
#M2BREJPOS,090726,130,219,RF101,TOBGA36A3
-------------------------------------------------------[2024-10-13 09:07:29.933]

SOURCE: AIR
RX_ID: 119, Freq: 131.725MHz
Mode: X NACKLabel: 4H Block ID: 1, Msg No: M09A
Flight ID: DL0183 REG: N1603


Message content:-
13094H LIRF KJFK6
  
WPR RESET





-------------------------------------------------------[2024-10-13 09:11:24.248]

SOURCE: AIR
RX_ID: 120, Freq: 131.725MHz
Mode: X NACKLabel: H1 Block ID: 3, Msg No: F88A
Flight ID: DL0183 REG: N1603


Message content:-
#M2BREJPOS,091131,130,219,RF101,NEMBOCB99
-------------------------------------------------------[2024-10-13 09:11:35.292]

SOURCE: AIR
RX_ID: 121, Freq: 131.825MHz
Mode: 2 NACKLabel: H1 Block ID: 1, Msg No: F46A
Flight ID: NW0112 REG: N820NW


Message content:-
#M1BPOSN45074E006364,ROBEX,091306,390,LAPRI,091613,MOGBO,M61,34028,296/TS091306,1310246C5C
-------------------------------------------------------[2024-10-13 09:13:25.670]

SOURCE: AIR
RX_ID: 122, Freq: 131.725MHz
Mode: 2 NACKLabel: 15 Block ID: 2, Msg No: M11A
Flight ID: ZD0001 REG: HBIUV


Message content:-
(2N43073E  5482--- 16----58(Z
-------------------------------------------------------[2024-10-13 09:16:06.258]

SOURCE: AIR
RX_ID: 123, Freq: 131.725MHz
Mode: 2 NACKLabel: 15 Block ID: 2, Msg No: M11A
Flight ID: ZD0001 REG: HBIUV


Message content:-
(2N43073E  5482--- 16----58(Z
-------------------------------------------------------[2024-10-13 09:16:25.090]

SOURCE: AIR
RX_ID: 124, Freq: 131.725MHz
Mode: X NACKLabel: H1 Block ID: 8, Msg No: D63B
Flight ID: DL0183 REG: N1603


Message content:-
#DFB670
108 399114488401115464401114433402115436
-------------------------------------------------------[2024-10-13 09:18:02.593]

SOURCE: AIR
RX_ID: 125, Freq: 131.725MHz
Mode: X NACKLabel: H1 Block ID: 1, Msg No: F89A
Flight ID: DL0183 REG: N1603


Message content:-
#M2B/B0 LFMM.AFN/FMHDAL183,..N1603,,092320/FPON44341E005447,1/FCOADS,01/FCOATC,0155E0
-------------------------------------------------------[2024-10-13 09:23:23.698]

SOURCE: AIR
RX_ID: 126, Freq: 131.725MHz
Mode: 2 NACKLabel: 15 Block ID: 3, Msg No: M12A
Flight ID: ZD0001 REG: HBIUV


Message content:-
(2N44120E  6258--- 32----58(Z
-------------------------------------------------------[2024-10-13 09:26:04.900]

SOURCE: AIR
RX_ID: 127, Freq: 131.725MHz
Mode: X NACKLabel: 4H Block ID: 2, Msg No: M10A
Flight ID: DL0183 REG: N1603


Message content:-
13094H LIRF KJFK6
  
WPR RESET





-------------------------------------------------------[2024-10-13 09:29:06.958]

SOURCE: AIR
RX_ID: 128, Freq: 131.725MHz
Mode: X ACK, A2GLabel: 4H Block ID: 2, Msg No: M10A
Flight ID: DL0183 REG: N1603


Message content:-
13094H LIRF KJFK6
  
WPR RESET





-------------------------------------------------------[2024-10-13 09:29:13.320]

SOURCE: AIR
RX_ID: 129, Freq: 131.725MHz
Mode: X NACKLabel: H1 Block ID: 3, Msg No: F90A
Flight ID: DL0183 REG: N1603


Message content:-
#M2BREJPOS,092913,130,219,RF101,NEMBOF0E2
-------------------------------------------------------[2024-10-13 09:30:03.276]

SOURCE: AIR
RX_ID: 130, Freq: 131.725MHz
Mode: X NACKLabel: SA Block ID: 4, Msg No: S12A
Flight ID: DL0183 REG: N1603


Message content:-
0LS093018V
-------------------------------------------------------[2024-10-13 09:30:06.970]

SOURCE: AIR
RX_ID: 131, Freq: 131.725MHz
Mode: X NACKLabel: 4H Block ID: 5, Msg No: M11A
Flight ID: DL0183 REG: N1603


Message content:-
13094H LIRF KJFK6
  
WPR RESET





-------------------------------------------------------[2024-10-13 09:32:31.357]

SOURCE: AIR
RX_ID: 132, Freq: 131.725MHz
Mode: X NACKLabel: H1 Block ID: 7, Msg No: F91A
Flight ID: DL0183 REG: N1603


Message content:-
#M2BREJPOS,093237,130,219,RF101,NEMBO61E0
-------------------------------------------------------[2024-10-13 09:32:41.779]

SOURCE: AIR
RX_ID: 133, Freq: 131.725MHz
Mode: X ACK, A2GLabel: H1 Block ID: 7, Msg No: F91A
Flight ID: DL0183 REG: N1603


Message content:-
#M2BREJPOS,093237,130,219,RF101,NEMBO61E0
-------------------------------------------------------[2024-10-13 09:32:51.215]

SOURCE: AIR
RX_ID: 134, Freq: 131.850MHz
Mode: 2 NACKLabel: B9 Block ID: 7, Msg No: M74A
Flight ID: FR541V REG: EI-EVR


Message content:-
/GMMX.TI2/024GMMXA195F
-------------------------------------------------------[2024-10-13 09:36:27.283]

SOURCE: AIR
RX_ID: 135, Freq: 131.725MHz
Mode: X NACKLabel: H1 Block ID: 4, Msg No: D03B
Flight ID: SN04BE REG: OO-SFC


Message content:-
#DFB.6,34997,0.802,111
C5,041205,10325,07316,02022,00443,10015,00000,00402,06066,---
C6,041196,07535,35797,01460,00443,10015,00000,00402,16066
N1,1.475,1.476,079.80,087.6,088.7,0650,07.865,03354,09.05
N2,1.
-------------------------------------------------------[2024-10-13 09:41:09.908]

SOURCE: AIR
RX_ID: 136, Freq: 131.725MHz
Mode: X NACKLabel: H1 Block ID: 5, Msg No: D03C
Flight ID: SN04BE REG: OO-SFC


Message content:-
#DFB475,1.476,079.39,087.4,088.5,0646,07.829,03210,09.01
S1,05.28,-22.5,XXX.X,188.4,160.9,465.4,78.1,058.6,027.8,31,138
S2,05.28,-22.5,037.6,188.2,159.0,462.6,08.1,057.6,025.2,28,123
T1,078,097,114.1,011.0,0
-------------------------------------------------------[2024-10-13 09:41:13.785]

SOURCE: AIR
RX_ID: 137, Freq: 131.725MHz
Mode: X NACKLabel: H1 Block ID: 6, Msg No: D03D
Flight ID: SN04BE REG: OO-SFC


Message content:-
#DFB46.4,0.11,0.08,0.14,051,0.25,009.3
T2,082,101,110.2,011.0,045.9,0.16,0.13,0.19,304,0.28,009.3
V1,XXXX,XXXX
V2,XXXX,XXXX
NO STABLE FRAME CONDITION   :

-------------------------------------------------------[2024-10-13 09:41:24.244]

SOURCE: AIR
RX_ID: 138, Freq: 131.825MHz
Mode: 2 NACKLabel: H1 Block ID: 7, Msg No: C44A
Flight ID: AA0239 REG: N770AN


Message content:-
#CFBEFFDE 1 13OCT24 0943 AAN770AN AAL239 LIRF/KDFW 311B-BCG-00W-19 L
NCMM
MSG 7786531 A
DB ELECTRONIC ENGINE CONTROLLER (EEC) (L ENG)
MSG 4517100 A
DB CENTRAL MAINTENANCE COMPUTING FUNCTION
MSG 3420010 L
-------------------------------------------------------[2024-10-13 09:43:45.155]

SOURCE: AIR
RX_ID: 139, Freq: 131.825MHz
Mode: 2 NACKLabel: H1 Block ID: 9, Msg No: C44C
Flight ID: AA0239 REG: N770AN


Message content:-
#CFBNTER)
MSG 3140202 A
DB ACMF IN RIGHT AIMS
MSG 2341002 A
DB OVERHEAD PANEL BUS CONTROLLER (L)
MSG 2820146 A
DB FUEL QUANTITY PROCESSOR UNIT
MSG 2123502 L
DB CABIN TEMPERATURE CONTROLLER (R CHAN1)
MS
-------------------------------------------------------[2024-10-13 09:43:59.280]

SOURCE: AIR
RX_ID: 140, Freq: 131.825MHz
Mode: 2 NACKLabel: H1 Block ID: 0, Msg No: C44D
Flight ID: AA0239 REG: N770AN


Message content:-
#CFBG 2411061 L
DB ELMS P110 ELECTRONICS UNIT
EOR

-------------------------------------------------------[2024-10-13 09:44:06.037]

SOURCE: AIR
RX_ID: 141, Freq: 131.825MHz
Mode: 2 NACKLabel: H1 Block ID: 2, Msg No: D92B
Flight ID: AA0239 REG: N770AN


Message content:-
#DFB22 2773 5882
 936316173 79763289126  122 2751 5885
 96 1451 6801342140413401341  46
 96 1442 6801342140413421342  47
0083085110107040040075076 63300
0074075067068055055074075307 14
 5526 48980 1625011
-------------------------------------------------------[2024-10-13 09:44:19.131]

SOURCE: AIR
RX_ID: 142, Freq: 131.825MHz
Mode: 2 NACKLabel: H1 Block ID: 3, Msg No: D92C
Flight ID: AA0239 REG: N770AN


Message content:-
#DFB320 0
 5483 49210 1577011500 0
 33 36 57170113060  33 380 690E020018
 27 38 56172303080  33 383 640E020018
 0 0 5 4 4
 9522 0 0 5 4 4
 0 211 0 0
15023 0 211 0 0
12 0 0 0 0
2500312 0 0 0 0
-------------------------------------------------------[2024-10-13 09:44:26.517]

SOURCE: AIR
RX_ID: 143, Freq: 131.725MHz
Mode: X NACKLabel: 28 Block ID: 7, Msg No: M17A
Flight ID: SN04BE REG: OO-SFC


Message content:-
HBBA,DAAG,DTTJ,DAUG,
N 43.945,E  7.098,35007,SN455
-------------------------------------------------------[2024-10-13 09:46:08.698]

SOURCE: AIR
RX_ID: 144, Freq: 131.825MHz
Mode: 2 NACKLabel: H1 Block ID: 1, Msg No: D93B
Flight ID: AA0239 REG: N770AN


Message content:-
#DFB110004890.0220.006 27.00 -54.14196400-41 280OFF
 43.1464   9.0649320036100004890.0100.007 23.25 -59.06195400-42 274OFF
 43.2877   8.5726320006090404890.0060.003 23.62 -61.88194440-42 274OFF
-------------------------------------------------------[2024-10-13 09:48:21.234]

SOURCE: AIR
RX_ID: 145, Freq: 131.725MHz
Mode: G NACKLabel: H1 Block ID: 3, Msg No: F91A
Flight ID: DL0148 REG: N836MH


Message content:-
#M2BREJPOS,094806,130,219,RF101,YAHOO.130,219,RF101,NANSO.130,219,RF101,N46W040.130,219,RF101,N49W020.130,219,RF101,KORERC2D8
-------------------------------------------------------[2024-10-13 09:48:23.867]

SOURCE: AIR
RX_ID: 146, Freq: 131.825MHz
Mode: 2 NACKLabel: H1 Block ID: 2, Msg No: F30A
Flight ID: AA0239 REG: N770AN


Message content:-
#M1BPOSN44125E006226,BOD-01,095042,300,KOT-02,095533,ETREK,M37,28728,1901B685
-------------------------------------------------------[2024-10-13 09:50:44.159]

SOURCE: AIR
RX_ID: 147, Freq: 131.725MHz
Mode: X NACKLabel: B0 Block ID: 8, Msg No: J43A
Flight ID: SN01AQ REG: OO-SFD


Message content:-
/DAAA.AFN/FMHBEL1AQ,.OO-SFD,44CCC4,095334/FPON43444E007060,1/FCOADS,01/FCOATC,018154
-------------------------------------------------------[2024-10-13 09:53:35.791]

SOURCE: AIR
RX_ID: 148, Freq: 131.725MHz
Mode: X NACKLabel: B6 Block ID: 1, Msg No: J44A
Flight ID: SN01AQ REG: OO-SFD


Message content:-
/ALGCAYA.ADS.OO-SFD0300071F18102865090872501D0E4098F23FF40D1F17202867490880061DE1C82841890880998C
-------------------------------------------------------[2024-10-13 09:53:43.358]

SOURCE: AIR
RX_ID: 149, Freq: 131.725MHz
Mode: X NACKLabel: B6 Block ID: 1, Msg No: J44A
Flight ID: SN01AQ REG: OO-SFD


Message content:-
/ALGCAYA.ADS.OO-SFD0300071F18102865090872501D0E4098F23FF40D1F17202867490880061DE1C82841890880998C
-------------------------------------------------------[2024-10-13 09:53:53.415]

SOURCE: AIR
RX_ID: 150, Freq: 131.725MHz
Mode: X NACKLabel: B6 Block ID: 3, Msg No: J45A
Flight ID: SN01AQ REG: OO-SFD


Message content:-
/ALGCAYA.ADS.OO-SFD030106CF
-------------------------------------------------------[2024-10-13 09:53:56.269]

SOURCE: AIR
RX_ID: 151, Freq: 131.725MHz
Mode: X NACKLabel: B6 Block ID: 3, Msg No: J45A
Flight ID: SN01AQ REG: OO-SFD


Message content:-
/ALGCAYA.ADS.OO-SFD030106CF
-------------------------------------------------------[2024-10-13 09:53:58.534]

SOURCE: AIR
RX_ID: 152, Freq: 131.725MHz
Mode: X NACKLabel: 16 Block ID: 4, Msg No: M65A
Flight ID: SN01AQ REG: OO-SFD


Message content:-
13OCT24,0953,N 43.707,E  7.101,37000,1651,115320
-------------------------------------------------------[2024-10-13 09:53:59.339]

SOURCE: AIR
RX_ID: 153, Freq: 131.725MHz
Mode: X NACKLabel: 16 Block ID: 4, Msg No: M65A
Flight ID: SN01AQ REG: OO-SFD


Message content:-
13OCT24,0953,N 43.707,E  7.101,37000,1651,115320
-------------------------------------------------------[2024-10-13 09:54:01.607]

SOURCE: AIR
RX_ID: 154, Freq: 131.725MHz
Mode: X NACKLabel: H1 Block ID: 5, Msg No: D18A
Flight ID: SN01AQ REG: OO-SFD


Message content:-
#DFB001000900101010734066
R01/A33001,1,1
C1,.OO-SFD,24OCT13,09.54.48,EBBR,HRYR,BEL1AQ    ,4000,038
C2,004,06.0,000000,D1333RR06C0BEL4,000,052,052
C3,-27.3,37005,0.815,111,1.00,111,10,0,01,111,1.00,X
C4,-27
-------------------------------------------------------[2024-10-13 09:55:15.519]

SOURCE: AIR
RX_ID: 155, Freq: 131.725MHz
Mode: X NACKLabel: H1 Block ID: 6, Msg No: D18B
Flight ID: SN01AQ REG: OO-SFD


Message content:-
#DFB.3,37002,0.815,111
C5,041029,75576,23052,26482,00443,10016,00000,00402,16066,---
C6,042040,37298,02457,06212,00443,10015,00000,00402,06066
N1,1.474,1.473,078.64,085.9,087.4,0634,07.208,02914,08.30
N2,1.
-------------------------------------------------------[2024-10-13 09:55:19.029]

SOURCE: AIR
RX_ID: 156, Freq: 131.725MHz
Mode: X NACKLabel: 20 Block ID: 9, Msg No: M03A
Flight ID: KL0119 REG: PH-BVF


Message content:-
RST07A13095500KLM119  EHAMFACT
-------------------------------------------------------[2024-10-13 09:55:19.432]

SOURCE: AIR
RX_ID: 157, Freq: 131.725MHz
Mode: X NACKLabel: H1 Block ID: 7, Msg No: D18C
Flight ID: SN01AQ REG: OO-SFD


Message content:-
#DFB474,1.473,078.80,086.3,086.3,0612,07.222,02874,08.26
S1,04.86,-27.2,034.4,179.1,144.5,448.6,88.4,057.0,025.2,25,109
S2,04.86,-27.2,035.6,180.7,148.3,443.0,08.4,055.3,027.8,32,132
T1,079,096,106.6,-00.3,0
-------------------------------------------------------[2024-10-13 09:55:23.125]

SOURCE: AIR
RX_ID: 158, Freq: 131.725MHz
Mode: X NACKLabel: H1 Block ID: 8, Msg No: D18D
Flight ID: SN01AQ REG: OO-SFD


Message content:-
#DFB47.3,0.10,0.07,0.06,284,0.18,007.0
T2,079,095,102.7,000.4,XXX.X,0.14,0.03,0.07,051,0.19,006.8
V1,XXXX,XXXX
V2,XXXX,XXXX
NO STABLE FRAME CONDITION   :

-------------------------------------------------------[2024-10-13 09:55:26.380]

SOURCE: AIR
RX_ID: 159, Freq: 131.825MHz
Mode: 2 NACKLabel: H1 Block ID: 3, Msg No: F31A
Flight ID: AA0239 REG: N770AN


Message content:-
#M1BPOSN44357E005407,KOT-02,095534,300,ETREK,100248,NOQAS,M36,27727,1885FFED
-------------------------------------------------------[2024-10-13 09:55:36.437]

SOURCE: AIR
RX_ID: 160, Freq: 131.825MHz
Mode: 2 NACKLabel: SA Block ID: 4, Msg No: S87A
Flight ID: AA0239 REG: N770AN


Message content:-
0LS095733V
-------------------------------------------------------[2024-10-13 09:57:34.200]

SOURCE: AIR
RX_ID: 161, Freq: 131.825MHz
Mode: 2 NACKLabel: H1 Block ID: 5, Msg No: C45A
Flight ID: AA0239 REG: N770AN


Message content:-
#CFBRTE 1 13OCT24 0959 AAN770AN AAL239 LIRF/KDFW 311B-BCG-00W-19 L 0839 13OCT24
FDE 23100700 I 0957 13OCT24
MSG 2361121 I 0904 13OCT24 TA I 19 PL
DB SATELLITE DATA UNIT (LEFT)
FDE 23100400 I 0957 13OCT24
M
-------------------------------------------------------[2024-10-13 09:59:41.764]

SOURCE: AIR
RX_ID: 162, Freq: 131.825MHz
Mode: 2 NACKLabel: H1 Block ID: 6, Msg No: C45B
Flight ID: AA0239 REG: N770AN


Message content:-
#CFBSG 2361121 I 0904 13OCT24 TA I 19 PL
DB SATELLITE DATA UNIT (LEFT)
EOR

-------------------------------------------------------[2024-10-13 09:59:48.345]

SOURCE: AIR
RX_ID: 163, Freq: 131.825MHz
Mode: 2 NACKLabel: H1 Block ID: 7, Msg No: F32A
Flight ID: AA0239 REG: N770AN


Message content:-
#M1BPOSN45019E004328,ETR-03,100240,300,NOQ-04,100446,LERGA,M36,26027,186268A9
-------------------------------------------------------[2024-10-13 10:02:42.426]

SOURCE: AIR
RX_ID: 164, Freq: 131.825MHz
Mode: 2 NACKLabel: H1 Block ID: 8, Msg No: D94A
Flight ID: AA0239 REG: N770AN


Message content:-
#DFBTRP LIRF KDFW 07  8 369   0  0 095111
 43.4271   8.0777316546081604890.0560.028 24.12 -63.63193560-41 279OFF
 43.5639   7.5826310046072804920.0190.010 26.37 -71.72192680-40 287OFF
 43.7632   7.1337304026
-------------------------------------------------------[2024-10-13 10:03:15.194]

SOURCE: AIR
RX_ID: 165, Freq: 131.825MHz
Mode: 2 NACKLabel: H1 Block ID: 9, Msg No: D94B
Flight ID: AA0239 REG: N770AN


Message content:-
#DFB064004970.0430.004 31.37 -63.28191800-38 295OFF
 44.0052   6.7252299926054804920.0210.007 28.12 -65.04190880-36 301OFF
 44.2485   6.3087300056045204920.0400.020 27.87 -73.48189920-36 301OFF
-------------------------------------------------------[2024-10-13 10:03:22.546]

SOURCE: AIR
RX_ID: 166, Freq: 131.725MHz
Mode: E NACKLabel: 20 Block ID: 6, Msg No: M15A
Flight ID: KL0591 REG: PH-BVS


Message content:-
RST07A13102300KLM591  EHAMFAOR
-------------------------------------------------------[2024-10-13 10:23:03.627]

SOURCE: AIR
RX_ID: 167, Freq: 131.725MHz
Mode: 2 NACKLabel: H1 Block ID: 3, Msg No: F79A
Flight ID: XA0000 REG: PSCFG


Message content:-
#M1B/.RESREQ/AK,115/TS102513,131024
-------------------------------------------------------[2024-10-13 10:25:11.449]

SOURCE: AIR
RX_ID: 168, Freq: 131.725MHz
Mode: 2 NACKLabel: H1 Block ID: 4, Msg No: F80A
Flight ID: XA0000 REG: PSCFG


Message content:-
#M1B/.POS/TS102513,131024N43156E005321,,102513,390,BISBA,103813,BGR,M61,35414,384,830B7A8
-------------------------------------------------------[2024-10-13 10:25:15.943]

SOURCE: AIR
RX_ID: 169, Freq: 131.525MHz
Mode: T NACKLabel: 2F Block ID: 2, Msg No: M59A
Flight ID: AF7318 REG: F-GMZD


Message content:-
1025+4436+527/3148
-------------------------------------------------------[2024-10-13 10:25:37.230]

SOURCE: AIR
RX_ID: 170, Freq: 131.825MHz
Mode: 2 NACKLabel: 16 Block ID: 3, Msg No: M45A
Flight ID: 5O0274 REG: F-HIXD


Message content:-
102638,38006,1054,  88,N 43.106 E  4.720
-------------------------------------------------------[2024-10-13 10:26:40.133]

SOURCE: AIR
RX_ID: 171, Freq: 131.525MHz
Mode: T NACKLabel: 2Z Block ID: 3, Msg No: M60A
Flight ID: AF7318 REG: F-GMZD


Message content:-
LFMN
-------------------------------------------------------[2024-10-13 10:28:03.261]

SOURCE: AIR
RX_ID: 172, Freq: 131.825MHz
Mode: 2 NACKLabel: B9 Block ID: 4, Msg No: M46A
Flight ID: 5O0274 REG: F-HIXD


Message content:-
/LFLL.TI2/024LFLLA1338
-------------------------------------------------------[2024-10-13 10:29:24.998]

SOURCE: AIR
RX_ID: 173, Freq: 131.725MHz
Mode: E NACKLabel: B0 Block ID: 8, Msg No: L05A
Flight ID: KL0591 REG: PH-BVS


Message content:-
/DAAA.AFN/FMHKLM591,.PH-BVS,4851F6,103431/FPON43236E005308,1/FCOADS,01/FCOATC,01C404
-------------------------------------------------------[2024-10-13 10:34:35.461]

SOURCE: AIR
RX_ID: 174, Freq: 131.725MHz
Mode: E NACKLabel: B6 Block ID: 1, Msg No: F09A
Flight ID: KL0591 REG: PH-BVS


Message content:-
/ALGCAYA.ADS.PH-BVS0300071ED7181F634791A08D1D0D1EA9281F968791806F1E6CC81FD94791800E3DF0FA7FFC7F2D
-------------------------------------------------------[2024-10-13 10:34:45.515]

SOURCE: AIR
RX_ID: 175, Freq: 131.725MHz
Mode: E ACK, A2GLabel: B6 Block ID: 1, Msg No: F09A
Flight ID: KL0591 REG: PH-BVS


Message content:-
/ALGCAYA.ADS.PH-BVS0300071ED7181F634791A08D1D0D1EA9281F968791806F1E6CC81FD94791800E3DF0FA7FFC7F2D
-------------------------------------------------------[2024-10-13 10:34:47.747]

SOURCE: AIR
RX_ID: 176, Freq: 131.725MHz
Mode: E NACKLabel: B6 Block ID: 2, Msg No: F10A
Flight ID: KL0591 REG: PH-BVS


Message content:-
/ALGCAYA.ADS.PH-BVS030188A2
-------------------------------------------------------[2024-10-13 10:34:53.281]

SOURCE: AIR
RX_ID: 177, Freq: 131.725MHz
Mode: E NACKLabel: H1 Block ID: 3, Msg No: O09A
Flight ID: KL0591 REG: PH-BVS


Message content:-
#10BSB016BA_304100 -74  5838   30002
100 -74  5913   40002
ER103627  00  26  7 -7330999832000M07
 800 600 200  20    5 70
1875  820 675 8861052....10944613....... 416
1675  865 631 8861052....10812613.....
-------------------------------------------------------[2024-10-13 10:36:31.173]

SOURCE: AIR
RX_ID: 178, Freq: 131.725MHz
Mode: E NACKLabel: H1 Block ID: 4, Msg No: O09B
Flight ID: KL0591 REG: PH-BVS


Message content:-
#10B.. 416
  71  79 533  640  700    0    1000000000FA8
  75  81 463  750  730    0    2000000000FA8
 84102 97
-------------------------------------------------------[2024-10-13 10:36:35.084]

SOURCE: AIR
RX_ID: 179, Freq: 131.850MHz
Mode: 2 NACKLabel: H1 Block ID: 7, Msg No: D90A
Flight ID: 5O0274 REG: F-HIXD


Message content:-
#DFB062,??????,B737-800,241013,5O0274,----.,--10.,0695,FPO002,?????::10.38.49,DC,0561,21430,286,.64,-17.3,003.8,N4431.7,E00459.0,60329::4000,AUTOMATIC,015::
-------------------------------------------------------[2024-10-13 10:38:52.081]

SOURCE: AIR
RX_ID: 180, Freq: 131.825MHz
Mode: 2 NACKLabel: 1L Block ID: 8, Msg No: M31A
Flight ID: LH044J REG: D-AILA


Message content:-
04549209221G:+K+:YVVDWEDTSN0MY+U4UGG08:AX3L3++W-WI(1+K9YOORKKK:V
-------------------------------------------------------[2024-10-13 10:47:22.257]

SOURCE: AIR
RX_ID: 181, Freq: 131.825MHz
Mode: 2 NACKLabel: 1L Block ID: 9, Msg No: M32A
Flight ID: LH044J REG: D-AILA


Message content:-
04550234239O:,,13UTU94B9B33K:EB8EP
-------------------------------------------------------[2024-10-13 10:47:29.425]

SOURCE: AIR
RX_ID: 182, Freq: 131.725MHz
Mode: G NACKLabel: H1 Block ID: 1, Msg No: D02A
Flight ID: SN03UH REG: OO-SFH


Message content:-
#DFB001001900101010734033
R01/A33001,1,1
C1,.OO-SFH,24OCT13,11.02.43,EBBR,FKKD,BEL3UH    ,4000,108
C2,004,06.0,000000,D1333RR06C0BEL4,000,052,052
C3,-22.3,34993,0.793,111,1.06,111,10,0,01,111,1.08,X
C4,-22
-------------------------------------------------------[2024-10-13 11:03:18.862]

SOURCE: AIR
RX_ID: 183, Freq: 131.825MHz
Mode: 2 NACKLabel: 16 Block ID: 1, Msg No: M82A
Flight ID: FR02WM REG: 9H-QCI


Message content:-
110450,,1146,  97,N   .    MMMM.MMM
-------------------------------------------------------[2024-10-13 11:04:51.425]

SOURCE: AIR
RX_ID: 184, Freq: 131.725MHz
Mode: G NACKLabel: 16 Block ID: 5, Msg No: M20A
Flight ID: SN03UH REG: OO-SFH


Message content:-
13OCT24,1107,N 43.824,E  7.020,34999,1628,95160
-------------------------------------------------------[2024-10-13 11:07:31.608]

SOURCE: AIR
RX_ID: 185, Freq: 131.825MHz
Mode: 2 NACKLabel: H1 Block ID: 6, Msg No: F30A
Flight ID: AA0721 REG: N771AN


Message content:-
#M1BPOSN44370E006460,OKT-11,111659,320,GIPNO,112635,BULOL,M41,26417,1711B4B3
-------------------------------------------------------[2024-10-13 11:17:01.545]

SOURCE: AIR
RX_ID: 186, Freq: 131.725MHz
Mode: E NACKLabel: 24 Block ID: 0, Msg No: M10A
Flight ID: DL0029 REG: N837MH


Message content:-
131124 LFMN KJFK6
-------------------------------------------------------[2024-10-13 11:23:28.842]

SOURCE: AIR
RX_ID: 187, Freq: 131.725MHz
Mode: E NACKLabel: H1 Block ID: 2, Msg No: D44A
Flight ID: DL0029 REG: N837MH


Message content:-
#DFB239N1813 0029101324112601794 4481   509318 -9-39271 15XX-223109320
 289 46200742978000B0NXWLFMNKJFK
-------------------------------------------------------[2024-10-13 11:26:12.060]

SOURCE: AIR
RX_ID: 188, Freq: 131.725MHz
Mode: E NACKLabel: H1 Block ID: 2, Msg No: D44A
Flight ID: DL0029 REG: N837MH


Message content:-
#DFB239N1813 0029101324112601794 4481   509318 -9-39271 15XX-223109320
 289 46200742978000B0NXWLFMNKJFK
-------------------------------------------------------[2024-10-13 11:26:20.873]

SOURCE: AIR
RX_ID: 189, Freq: 131.825MHz
Mode: 2 NACKLabel: H1 Block ID: 8, Msg No: F41A
Flight ID: NW0067 REG: N806NW


Message content:-
#M1BRESFPN/AK9,071/TS112756,131024A314
-------------------------------------------------------[2024-10-13 11:27:59.177]

SOURCE: AIR
RX_ID: 190, Freq: 131.725MHz
Mode: E NACKLabel: H1 Block ID: 3, Msg No: F27A
Flight ID: DL0029 REG: N837MH


Message content:-
#M2BPOSN44586E004278,ETR05,113000,320,NOQ06,113201,LERGA,M40,27617,1100,799666F
-------------------------------------------------------[2024-10-13 11:30:02.862]

SOURCE: AIR
RX_ID: 191, Freq: 131.725MHz
Mode: E NACKLabel: 4H Block ID: 4, Msg No: M12A
Flight ID: DL0029 REG: N837MH


Message content:-
13114H LFMN KJFK6
  
WPR RESET





-------------------------------------------------------[2024-10-13 11:30:14.131]

SOURCE: AIR
RX_ID: 192, Freq: 131.725MHz
Mode: E NACKLabel: H1 Block ID: 7, Msg No: F28A
Flight ID: DL0029 REG: N837MH


Message content:-
#M2BREJPOS,113023,130,219,RF101,ETREK873D
-------------------------------------------------------[2024-10-13 11:30:26.635]

SOURCE: AIR
RX_ID: 193, Freq: 131.525MHz
Mode: T NACKLabel: 2Z Block ID: 8, Msg No: M63A
Flight ID: AF7464 REG: F-GMZE


Message content:-
LFMT
-------------------------------------------------------[2024-10-13 11:31:03.095]

SOURCE: AIR
RX_ID: 194, Freq: 131.825MHz
Mode: 2 NACKLabel: H1 Block ID: 9, Msg No: C11A
Flight ID: VY05EG REG: EC-MBF


Message content:-
#CFBWRN/WN24101311360046200006DATALINK COMPANY FAULT  
-------------------------------------------------------[2024-10-13 11:37:11.519]

SOURCE: AIR
RX_ID: 195, Freq: 131.825MHz
Mode: 2 NACKLabel: H1 Block ID: 9, Msg No: C11A
Flight ID: VY05EG REG: EC-MBF


Message content:-
#CFBWRN/WN24101311360046200006DATALINK COMPANY FAULT  
-------------------------------------------------------[2024-10-13 11:37:27.720]

SOURCE: AIR
RX_ID: 196, Freq: 131.725MHz
Mode: G NACKLabel: H1 Block ID: 5, Msg No: D42B
Flight ID: AF7464 REG: F-GMZE


Message content:-
#DFB305,1419,XXXXX/N20846,0846,0946,6334,1418,XXXXX/S1XXXXX,0821,1416,4448,XXXX,034,N00/S2XXXXX,0831,1425,4498,XXXX,036,N00/T1097,086,021,40,101,06450,0148/T2097,086,017,39,105,06452,0149/V1042,091,006,010,253,
-------------------------------------------------------[2024-10-13 11:41:38.000]

SOURCE: AIR
RX_ID: 197, Freq: 131.725MHz
Mode: G NACKLabel: 15 Block ID: 5, Msg No: M50A
Flight ID: TS0435 REG: C-GUBC


Message content:-
/FOB REMAINING 14550,/SUPPLIER ,/DENSITY 0793,/LOADED ,/UNITS LT
-------------------------------------------------------[2024-10-13 11:47:45.804]

SOURCE: AIR
RX_ID: 198, Freq: 131.725MHz
Mode: G NACKLabel: H1 Block ID: 6, Msg No: C20A
Flight ID: TS0435 REG: C-GUBC


Message content:-
#CFB.1/WRN/WN2410131148  383100506MAINTENANCE STATUS      TOILET
-------------------------------------------------------[2024-10-13 11:48:07.125]

SOURCE: AIR
RX_ID: 199, Freq: 131.725MHz
Mode: G NACKLabel: 16 Block ID: 8, Msg No: M51A
Flight ID: TS0435 REG: C-GUBC


Message content:-
114906,3267,1940,1093,N 43.487,E  5.095
-------------------------------------------------------[2024-10-13 11:49:12.663]

SOURCE: AIR
RX_ID: 200, Freq: 131.725MHz
Mode: G NACKLabel: 81 Block ID: 9, Msg No: M52A
Flight ID: TS0435 REG: C-GUBC


Message content:-
SALUT OUT 1132 OFF 1147
YUL 1935






-------------------------------------------------------[2024-10-13 11:56:02.904]

SOURCE: AIR
RX_ID: 201, Freq: 131.825MHz
Mode: 2 NACKLabel: SA Block ID: 3, Msg No: S93A
Flight ID: FR3631 REG: 9H-QCM


Message content:-
0EV115817V/
-------------------------------------------------------[2024-10-13 11:58:18.880]

SOURCE: AIR
RX_ID: 202, Freq: 131.725MHz
Mode: X NACKLabel: 16 Block ID: 1, Msg No: M90A
Flight ID: XSMBU6 REG: 2-BBMB


Message content:-
120048,,1515, 258,N 45.689 E  4.409
-------------------------------------------------------[2024-10-13 12:00:50.437]

SOURCE: AIR
RX_ID: 203, Freq: 131.825MHz
Mode: 2 NACKLabel: 44 Block ID: 9, Msg No: M50A
Flight ID: GS0000 REG: DANCE


Message content:-
05JO4jd)]udx``XjjCx`B)9dd)}X/h)}"/])xjxd)x9ju)x999)jjB7x
-------------------------------------------------------[2024-10-13 12:04:36.527]

SOURCE: AIR
RX_ID: 204, Freq: 131.825MHz
Mode: 2 NACKLabel: 83 Block ID: 5, Msg No: M09A
Flight ID: GS0001 REG: DCSMC


Message content:-
001PR13120548N4405.3E00636.4410428    
-------------------------------------------------------[2024-10-13 12:05:50.478]

SOURCE: AIR
RX_ID: 205, Freq: 131.525MHz
Mode: T NACKLabel: 2F Block ID: 1, Msg No: M13A
Flight ID: AF7319 REG: F-GMZD


Message content:-
1209+4446+640/2653
-------------------------------------------------------[2024-10-13 12:09:39.866]

SOURCE: AIR
RX_ID: 206, Freq: 131.850MHz
Mode: 2 NACKLabel: 83 Block ID: 7, Msg No: M10A
Flight ID: GS0001 REG: DCSMC


Message content:-
001PR13121604N4316.3E00523.5370438    
-------------------------------------------------------[2024-10-13 12:16:06.599]

SOURCE: AIR
RX_ID: 207, Freq: 131.525MHz
Mode: T NACKLabel: B9 Block ID: 5, Msg No: L04A
Flight ID: AF7319 REG: F-GMZD


Message content:-
/LFPG.TI2/064LFPGA3806
-------------------------------------------------------[2024-10-13 12:18:05.570]

SOURCE: AIR
RX_ID: 208, Freq: 131.825MHz
Mode: 2 NACKLabel: 16 Block ID: 7, Msg No: M54A
Flight ID: 5O0273 REG: F-HIXD


Message content:-
124148,28159,1352, 139,N 44.528 E  4.868
-------------------------------------------------------[2024-10-13 12:41:50.211]

SOURCE: AIR
RX_ID: 209, Freq: 131.725MHz
Mode: E NACKLabel: B9 Block ID: 3, Msg No: M11A
Flight ID: BJ0508 REG: TS-INK


Message content:-
/LFPG.TI2/024LFPGAF9C0
-------------------------------------------------------[2024-10-13 12:46:23.242]

SOURCE: AIR
RX_ID: 210, Freq: 131.825MHz
Mode: 2 NACKLabel: H1 Block ID: 4, Msg No: D10A
Flight ID: NW0207 REG: N820NW


Message content:-
#DFB239019500301010098112
R39/A33039,1,1
239N820NW207 101324124654815 4399   683339-17-47287  5AG0514140160 284 473 0023067500B805ZLIRFKDTW
-------------------------------------------------------[2024-10-13 12:47:27.373]

SOURCE: AIR
RX_ID: 211, Freq: 131.825MHz
Mode: 2 NACKLabel: H1 Block ID: 8, Msg No: D97A
Flight ID: 5O0273 REG: F-HIXD


Message content:-
#DFB062,??????,B737-800,241013,5O0273,----.,--10.,0696,FPO002,?????::12.47.59,CL,8313,36089,263,.79,-52.8,-24.8,N4345.7,E00437.0,64266::4000,AUTOMATIC,015::
-------------------------------------------------------[2024-10-13 12:48:04.022]

SOURCE: AIR
RX_ID: 212, Freq: 131.725MHz
Mode: G NACKLabel: 5U Block ID: 1, Msg No: M81A
Flight ID: AF7465 REG: F-GMZE


Message content:-
3LFLL/LSGG/LFPO
-------------------------------------------------------[2024-10-13 13:08:21.696]

SOURCE: AIR
RX_ID: 213, Freq: 131.725MHz
Mode: G NACKLabel: 2F Block ID: 5, Msg No: M82A
Flight ID: AF7465 REG: F-GMZE


Message content:-
1309+4491+454/2852
-------------------------------------------------------[2024-10-13 13:09:50.161]

SOURCE: AIR
RX_ID: 214, Freq: 131.725MHz
Mode: G NACKLabel: 2F Block ID: 5, Msg No: M82A
Flight ID: AF7465 REG: F-GMZE


Message content:-
1309+4491+454/2852
-------------------------------------------------------[2024-10-13 13:10:02.047]

SOURCE: AIR
RX_ID: 215, Freq: 131.725MHz
Mode: G NACKLabel: 2F Block ID: 5, Msg No: M82A
Flight ID: AF7465 REG: F-GMZE


Message content:-
1309+4491+454/2852
-------------------------------------------------------[2024-10-13 13:10:12.691]

SOURCE: AIR
RX_ID: 216, Freq: 131.725MHz
Mode: G NACKLabel: B9 Block ID: 6, Msg No: L05A
Flight ID: AF7465 REG: F-GMZE


Message content:-
/LFPG.TI2/064LFPGA3806
-------------------------------------------------------[2024-10-13 13:12:32.798]

SOURCE: AIR
RX_ID: 217, Freq: 131.725MHz
Mode: G ACK, A2GLabel: B9 Block ID: 6, Msg No: L05A
Flight ID: AF7465 REG: F-GMZE


Message content:-
/LFPG.TI2/064LFPGA3806
-------------------------------------------------------[2024-10-13 13:12:37.302]

SOURCE: AIR
RX_ID: 218, Freq: 131.725MHz
Mode: X NACKLabel: 44 Block ID: 0, Msg No: M50A
Flight ID: GS691R REG: CSDLF


Message content:-
011*4lAb_''lES6llES?'b~'Lb622nb\C@_bAlASbASA?bASSEb?OA00
-------------------------------------------------------[2024-10-13 13:19:13.187]

SOURCE: AIR
RX_ID: 219, Freq: 131.725MHz
Mode: E NACKLabel: 44 Block ID: 3, Msg No: M30A
Flight ID: ZD0000 REG: YR-TRE


Message content:-
00POS02,N44498E006117,323,LFMN,EIDW,1013,1327,1512,*****
-------------------------------------------------------[2024-10-13 13:27:56.657]

SOURCE: AIR
RX_ID: 220, Freq: 131.725MHz
Mode: E NACKLabel: 44 Block ID: 3, Msg No: M30A
Flight ID: ZD0000 REG: YR-TRE


Message content:-
00POS02,N44498E006117,323,LFMN,EIDW,1013,1327,1512,*****
-------------------------------------------------------[2024-10-13 13:28:06.496]

SOURCE: AIR
RX_ID: 221, Freq: 131.725MHz
Mode: E NACKLabel: 44 Block ID: 3, Msg No: M30A
Flight ID: ZD0000 REG: YR-TRE


Message content:-
00POS02,N44498E006117,323,LFMN,EIDW,1013,1327,1512,*****
-------------------------------------------------------[2024-10-13 13:28:16.338]

SOURCE: AIR
RX_ID: 222, Freq: 131.825MHz
Mode: 2 NACKLabel: H1 Block ID: 4, Msg No: O55A
Flight ID: AC0891 REG: C-FIVW


Message content:-
#10BSB0122BA_C-FIVW  LIRFCYYZ919
 44285 0060751337 32000-41025001809020;017021
-------------------------------------------------------[2024-10-13 13:38:31.153]

SOURCE: AIR
RX_ID: 223, Freq: 131.825MHz
Mode: 2 NACKLabel: 4T Block ID: 6, Msg No: M47A
Flight ID: AC0891 REG: C-FIVW


Message content:-
AGFSR AC0891/13/13/FCOYYZ/1339Z/743/4426.9N00542.5E/319/CRUISE/0754/0110/M41/250014/0302/---/483/1231/1253/----/----
-------------------------------------------------------[2024-10-13 13:39:49.202]

