SOURCE: AIR
RX_ID: 0, Freq: 131.725MHz
Mode: G NACKLabel: SA Block ID: 4, Msg No: S23A
Flight ID: UV0001 REG: S5BBC


Message content:-
0EV172210V
-------------------------------------------------------[2024-03-05 17:22:31.212]

SOURCE: AIR
RX_ID: 1, Freq: 131.725MHz
Mode: G NACKLabel: SA Block ID: 4, Msg No: S23A
Flight ID: UV0001 REG: S5BBC


Message content:-
0EV172210V
-------------------------------------------------------[2024-03-05 17:22:40.427]

SOURCE: AIR
RX_ID: 2, Freq: 131.725MHz
Mode: X NACKLabel: SA Block ID: 5, Msg No: S23A
Flight ID: UV0001 REG: S5BBC


Message content:-
0EV172210V
-------------------------------------------------------[2024-03-05 17:22:46.974]

SOURCE: AIR
RX_ID: 3, Freq: 131.725MHz
Mode: X NACKLabel: SA Block ID: 5, Msg No: S23A
Flight ID: UV0001 REG: S5BBC


Message content:-
0EV172210V
-------------------------------------------------------[2024-03-05 17:22:54.144]

SOURCE: AIR
RX_ID: 4, Freq: 131.725MHz
Mode: X NACKLabel: SA Block ID: 5, Msg No: S23A
Flight ID: UV0001 REG: S5BBC


Message content:-
0EV172210V
-------------------------------------------------------[2024-03-05 17:23:02.336]

SOURCE: AIR
RX_ID: 5, Freq: 131.725MHz
Mode: X NACKLabel: SA Block ID: 5, Msg No: S23A
Flight ID: UV0001 REG: S5BBC


Message content:-
0EV172210V
-------------------------------------------------------[2024-03-05 17:23:08.880]

SOURCE: AIR
RX_ID: 6, Freq: 131.725MHz
Mode: G NACKLabel: Q0 Block ID: 6, Msg No: S24A
Flight ID: UV0001 REG: S5BBC


Message content:-

-------------------------------------------------------[2024-03-05 17:25:36.336]

SOURCE: AIR
RX_ID: 7, Freq: 131.725MHz
Mode: G NACKLabel: SA Block ID: 7, Msg No: S25A
Flight ID: UV0001 REG: S5BBC


Message content:-
0EV172537V
-------------------------------------------------------[2024-03-05 17:25:39.814]

SOURCE: AIR
RX_ID: 8, Freq: 131.725MHz
Mode: G NACKLabel: SA Block ID: 7, Msg No: S25A
Flight ID: UV0001 REG: S5BBC


Message content:-
0EV172537V
-------------------------------------------------------[2024-03-05 17:25:47.822]

SOURCE: AIR
RX_ID: 9, Freq: 131.725MHz
Mode: G NACKLabel: SA Block ID: 7, Msg No: S25A
Flight ID: UV0001 REG: S5BBC


Message content:-
0EV172537V
-------------------------------------------------------[2024-03-05 17:25:58.245]

SOURCE: AIR
RX_ID: 10, Freq: 131.725MHz
Mode: G NACKLabel: SA Block ID: 7, Msg No: S25A
Flight ID: UV0001 REG: S5BBC


Message content:-
0EV172537V
-------------------------------------------------------[2024-03-05 17:26:04.830]

SOURCE: AIR
RX_ID: 11, Freq: 131.725MHz
Mode: E NACKLabel: SA Block ID: 8, Msg No: S25A
Flight ID: UV0001 REG: S5BBC


Message content:-
0EV172537V
-------------------------------------------------------[2024-03-05 17:26:11.381]

SOURCE: AIR
RX_ID: 12, Freq: 131.725MHz
Mode: E NACKLabel: SA Block ID: 8, Msg No: S25A
Flight ID: UV0001 REG: S5BBC


Message content:-
0EV172537V
-------------------------------------------------------[2024-03-05 17:26:21.212]

SOURCE: AIR
RX_ID: 13, Freq: 131.725MHz
Mode: E NACKLabel: SA Block ID: 8, Msg No: S25A
Flight ID: UV0001 REG: S5BBC


Message content:-
0EV172537V
-------------------------------------------------------[2024-03-05 17:26:30.610]

SOURCE: AIR
RX_ID: 14, Freq: 131.725MHz
Mode: E NACKLabel: SA Block ID: 8, Msg No: S25A
Flight ID: UV0001 REG: S5BBC


Message content:-
0EV172537V
-------------------------------------------------------[2024-03-05 17:26:39.023]

SOURCE: AIR
RX_ID: 15, Freq: 131.725MHz
Mode: X NACKLabel: SA Block ID: 9, Msg No: S25A
Flight ID: UV0001 REG: S5BBC


Message content:-
0EV172537V
-------------------------------------------------------[2024-03-05 17:26:46.375]

SOURCE: AIR
RX_ID: 16, Freq: 131.725MHz
Mode: X NACKLabel: SA Block ID: 9, Msg No: S25A
Flight ID: UV0001 REG: S5BBC


Message content:-
0EV172537V
-------------------------------------------------------[2024-03-05 17:27:04.622]

SOURCE: AIR
RX_ID: 17, Freq: 131.725MHz
Mode: X NACKLabel: SA Block ID: 9, Msg No: S25A
Flight ID: UV0001 REG: S5BBC


Message content:-
0EV172537V
-------------------------------------------------------[2024-03-05 17:27:13.437]

SOURCE: AIR
RX_ID: 18, Freq: 131.825MHz
Mode: 2 NACKLabel: Q0 Block ID: 9, Msg No: S65A
Flight ID: EK005M REG: A6-EGZ


Message content:-

-------------------------------------------------------[2024-03-05 17:51:41.435]

SOURCE: AIR
RX_ID: 19, Freq: 131.825MHz
Mode: 2 NACKLabel: B6 Block ID: 0, Msg No: F73A
Flight ID: EK005M REG: A6-EGZ


Message content:-
/DXBEGEK.ADS.A6-EGZ071E95B01E418908316E9D6B5D
-------------------------------------------------------[2024-03-05 17:52:45.548]

SOURCE: AIR
RX_ID: 20, Freq: 131.725MHz
Mode: E NACKLabel: Q0 Block ID: 7, Msg No: S46A
Flight ID: MP8912 REG: PH-CKC


Message content:-

-------------------------------------------------------[2024-03-05 18:43:22.348]

SOURCE: AIR
RX_ID: 21, Freq: 131.725MHz
Mode: X NACKLabel: Q0 Block ID: 8, Msg No: S47A
Flight ID: MP8912 REG: PH-CKC


Message content:-

-------------------------------------------------------[2024-03-05 18:44:22.363]

SOURCE: AIR
RX_ID: 22, Freq: 131.725MHz
Mode: E NACKLabel: Q0 Block ID: 9, Msg No: S48A
Flight ID: MP8912 REG: PH-CKC


Message content:-

-------------------------------------------------------[2024-03-05 18:45:22.560]

SOURCE: AIR
RX_ID: 23, Freq: 131.725MHz
Mode: X NACKLabel: Q0 Block ID: 0, Msg No: S49A
Flight ID: MP8912 REG: PH-CKC


Message content:-

-------------------------------------------------------[2024-03-05 18:46:22.574]

SOURCE: AIR
RX_ID: 24, Freq: 131.725MHz
Mode: E NACKLabel: Q0 Block ID: 1, Msg No: S50A
Flight ID: MP8912 REG: PH-CKC


Message content:-

-------------------------------------------------------[2024-03-05 18:46:52.490]

SOURCE: AIR
RX_ID: 25, Freq: 131.725MHz
Mode: G NACKLabel: Q0 Block ID: 2, Msg No: S51A
Flight ID: MP8912 REG: PH-CKC


Message content:-

-------------------------------------------------------[2024-03-05 18:47:52.691]

SOURCE: AIR
RX_ID: 26, Freq: 131.725MHz
Mode: X NACKLabel: H1 Block ID: 4, Msg No: D33A
Flight ID: KL8912 REG: PH-CKC


Message content:-
#DFB(POS-MPH8912 -4420N00456E/184934 F360
RMK/FUEL  19.3 M0.85)
-------------------------------------------------------[2024-03-05 18:50:13.198]

SOURCE: AIR
RX_ID: 27, Freq: 131.725MHz
Mode: E NACKLabel: Q0 Block ID: 5, Msg No: S53A
Flight ID: MP8912 REG: PH-CKC


Message content:-

-------------------------------------------------------[2024-03-05 18:51:22.835]

SOURCE: AIR
RX_ID: 28, Freq: 131.725MHz
Mode: G NACKLabel: Q0 Block ID: 6, Msg No: S54A
Flight ID: MP8912 REG: PH-CKC


Message content:-

-------------------------------------------------------[2024-03-05 18:51:52.711]

SOURCE: AIR
RX_ID: 29, Freq: 131.725MHz
Mode: E NACKLabel: Q0 Block ID: 7, Msg No: S55A
Flight ID: MP8912 REG: PH-CKC


Message content:-

-------------------------------------------------------[2024-03-05 18:52:52.946]

SOURCE: AIR
RX_ID: 30, Freq: 131.725MHz
Mode: G NACKLabel: Q0 Block ID: 8, Msg No: S56A
Flight ID: MP8912 REG: PH-CKC


Message content:-

-------------------------------------------------------[2024-03-05 18:53:52.924]

SOURCE: AIR
RX_ID: 31, Freq: 131.725MHz
Mode: E NACKLabel: Q0 Block ID: 9, Msg No: S57A
Flight ID: MP8912 REG: PH-CKC


Message content:-

-------------------------------------------------------[2024-03-05 18:54:52.938]

SOURCE: AIR
RX_ID: 32, Freq: 131.725MHz
Mode: G NACKLabel: Q0 Block ID: 0, Msg No: S58A
Flight ID: MP8912 REG: PH-CKC


Message content:-

-------------------------------------------------------[2024-03-05 18:55:52.953]

SOURCE: AIR
RX_ID: 33, Freq: 131.725MHz
Mode: 2 NACKLabel: Q0 Block ID: 1, Msg No: M63A
Flight ID: XA0000 REG: OEIXG


Message content:-

-------------------------------------------------------[2024-03-05 18:59:22.474]

SOURCE: AIR
RX_ID: 34, Freq: 131.725MHz
Mode: 2 ACK, A2GLabel: Q0 Block ID: 1, Msg No: M63A
Flight ID: XA0000 REG: OEIXG


Message content:-

-------------------------------------------------------[2024-03-05 18:59:28.802]

SOURCE: AIR
RX_ID: 35, Freq: 131.725MHz
Mode: 2 NACKLabel: H1 Block ID: 2, Msg No: F64A
Flight ID: XA0000 REG: OEIXG


Message content:-
#M1B/.RESREQ/AK,115/TS185929,050324
-------------------------------------------------------[2024-03-05 18:59:44.380]

SOURCE: AIR
RX_ID: 36, Freq: 131.725MHz
Mode: 2 NACKLabel: H1 Block ID: 3, Msg No: F65A
Flight ID: XA0000 REG: OEIXG


Message content:-
#M1B/.POS/TS185929,050324N43523E005194,,185929,450,NILDU,191329,BISBA,M50,26421,138,840CD26
-------------------------------------------------------[2024-03-05 18:59:48.075]

SOURCE: AIR
RX_ID: 37, Freq: 131.850MHz
Mode: 2 ACK, A2GLabel: _d Block ID: 1, Msg No: S96A
Flight ID: LH07BP REG: D-ABNL


Message content:-

-------------------------------------------------------[2024-03-05 19:37:42.606]

SOURCE: AIR
RX_ID: 38, Freq: 131.825MHz
Mode: 2 NACKLabel: B9 Block ID: 2, Msg No: M86A
Flight ID: LH07BP REG: D-ABNL


Message content:-
/EDDL.TI2/040EDDLA5809
-------------------------------------------------------[2024-03-05 19:38:53.483]

SOURCE: AIR
RX_ID: 39, Freq: 131.825MHz
Mode: 2 ACK, A2GLabel: _d Block ID: 3, Msg No: S97A
Flight ID: LH07BP REG: D-ABNL


Message content:-

-------------------------------------------------------[2024-03-05 19:38:59.626]

SOURCE: AIR
RX_ID: 40, Freq: 131.825MHz
Mode: 2 NACKLabel: Q0 Block ID: 9, Msg No: S17A
Flight ID: QY1683 REG: OE-LNO


Message content:-

-------------------------------------------------------[2024-03-05 19:46:43.689]

SOURCE: AIR
RX_ID: 41, Freq: 131.725MHz
Mode: X NACKLabel: H1 Block ID: 8, Msg No: D00B
Flight ID: DJ6381 REG: OY-SRG


Message content:-
#DFB--
----////:::::::: 679 688----::::////::::////::::--------0000000000LO 
LO 0001100
-------------------------------------------------------[2024-03-05 21:18:19.398]

SOURCE: AIR
RX_ID: 42, Freq: 131.725MHz
Mode: X NACKLabel: H1 Block ID: 9, Msg No: D01A
Flight ID: DJ6381 REG: OY-SRG


Message content:-
#DFB'''''030524211702         001062430158751754
                0941109486          09830991        00              0
0
                                 00  55  00000000000        00000000
0
0000000000   
-------------------------------------------------------[2024-03-05 21:18:30.881]

SOURCE: AIR
RX_ID: 43, Freq: 131.725MHz
Mode: X NACKLabel: H1 Block ID: 0, Msg No: D01B
Flight ID: DJ6381 REG: OY-SRG


Message content:-
#DFB       0000000000          0679306804

 

-------------------------------------------------------[2024-03-05 21:18:34.172]

SOURCE: AIR
RX_ID: 44, Freq: 131.825MHz
Mode: 2 NACKLabel: Q0 Block ID: 8, Msg No: S04A
Flight ID: AA8031 REG: SXAMJ


Message content:-

-------------------------------------------------------[2024-03-05 21:28:58.389]

