SOURCE: AIR
RX_ID: 0, Freq: 131.725MHz
Mode: 2 NACKLabel: Q0 Block ID: 5, Msg No: S45A
Flight ID: AH1162 REG: 7T-VKC


Message content:-

-------------------------------------------------------[2024-02-05 11:31:59.699]

SOURCE: AIR
RX_ID: 1, Freq: 131.725MHz
Mode: 2 NACKLabel: SA Block ID: 6, Msg No: M34A
Flight ID: AH1162 REG: 7T-VKC


Message content:-
0EV113201VS
-------------------------------------------------------[2024-02-05 11:32:02.954]

SOURCE: AIR
RX_ID: 2, Freq: 131.725MHz
Mode: 2 NACKLabel: Q0 Block ID: 0, Msg No: M10A
Flight ID: GS0000 REG: DAUWE


Message content:-

-------------------------------------------------------[2024-02-05 12:09:13.355]

SOURCE: AIR
RX_ID: 3, Freq: 131.825MHz
Mode: 2 NACKLabel: Q0 Block ID: 1, Msg No: S14A
Flight ID: FR80ST REG: EI-DCL


Message content:-

-------------------------------------------------------[2024-02-05 12:33:57.187]

SOURCE: AIR
RX_ID: 4, Freq: 131.725MHz
Mode: X NACKLabel: H1 Block ID: 1, Msg No: F94A
Flight ID: CC2600 REG: TF-AKE


Message content:-
#M1B/B6 NIMCAYA.ADS.TF-AKE141FB0381B4188C9F5301D0D2022281A6388CA01182084E019AE08CA004F06
-------------------------------------------------------[2024-02-05 12:56:47.075]

SOURCE: AIR
RX_ID: 5, Freq: 131.725MHz
Mode: 2 NACKLabel: Q0 Block ID: 3, Msg No: S13A
Flight ID: AH1118 REG: 7T-VKL


Message content:-

-------------------------------------------------------[2024-02-05 13:58:42.192]

SOURCE: AIR
RX_ID: 6, Freq: 131.725MHz
Mode: E NACKLabel: SA Block ID: 4, Msg No: M09A
Flight ID: AH1118 REG: 7T-VKL


Message content:-
0EV135844V
-------------------------------------------------------[2024-02-05 13:58:46.874]

SOURCE: AIR
RX_ID: 7, Freq: 131.725MHz
Mode: E NACKLabel: 5V Block ID: 5, Msg No: S14A
Flight ID: AH1118 REG: 7T-VKL


Message content:-

-------------------------------------------------------[2024-02-05 13:59:11.706]

SOURCE: AIR
RX_ID: 8, Freq: 131.525MHz
Mode: T NACKLabel: 26 Block ID: 9, Msg No: M69A
Flight ID: AF7306 REG: F-GTAD


Message content:-
1400LFPGAF7306/051415LFMN04R
-------------------------------------------------------[2024-02-05 14:00:03.308]

SOURCE: AIR
RX_ID: 9, Freq: 131.725MHz
Mode: G NACKLabel: SA Block ID: 0, Msg No: M11A
Flight ID: AH1118 REG: 7T-VKL


Message content:-
0EV141016V
-------------------------------------------------------[2024-02-05 14:10:18.771]

SOURCE: AIR
RX_ID: 10, Freq: 131.725MHz
Mode: 2 NACKLabel: Q0 Block ID: 6, Msg No: S35A
Flight ID: AH1544 REG: 7T-VKG


Message content:-

-------------------------------------------------------[2024-02-05 14:17:17.405]

SOURCE: AIR
RX_ID: 11, Freq: 131.725MHz
Mode: E NACKLabel: SA Block ID: 7, Msg No: M26A
Flight ID: AH1544 REG: 7T-VKG


Message content:-
0EV141719V
-------------------------------------------------------[2024-02-05 14:17:20.696]

SOURCE: AIR
RX_ID: 12, Freq: 131.725MHz
Mode: G NACKLabel: Q0 Block ID: 8, Msg No: S36A
Flight ID: AH1544 REG: 7T-VKG


Message content:-

-------------------------------------------------------[2024-02-05 14:17:31.337]

SOURCE: AIR
RX_ID: 13, Freq: 131.725MHz
Mode: G NACKLabel: 5V Block ID: 9, Msg No: S37A
Flight ID: AH1544 REG: 7T-VKG


Message content:-

-------------------------------------------------------[2024-02-05 14:17:44.248]

SOURCE: AIR
RX_ID: 14, Freq: 131.725MHz
Mode: 2 NACKLabel: Q0 Block ID: 0, Msg No: S40A
Flight ID: AH1544 REG: 7T-VKG


Message content:-

-------------------------------------------------------[2024-02-05 14:21:54.288]

SOURCE: AIR
RX_ID: 15, Freq: 131.725MHz
Mode: 2 NACKLabel: SA Block ID: 1, Msg No: M27A
Flight ID: AH1544 REG: 7T-VKG


Message content:-
0EV142156V
-------------------------------------------------------[2024-02-05 14:21:58.200]

SOURCE: AIR
RX_ID: 16, Freq: 131.725MHz
Mode: 2 NACKLabel: H1 Block ID: 2, Msg No: F04A
Flight ID: AH1544 REG: 7T-VKG


Message content:-
#M1BPOSN43513E005023,MRM02,142200,360,MTL,142745,ETREK,M60,239039,248/RP:DA:DABB:AA:LFPG(26L)..MTL.UM976.ETREK.UN854.LOGNI..MOKIP..ARFOZ.UN854.TINIL:A:TINI9W:F:OKIPA:AP:ILS 26L.OKI6W:F:PG433/PR1437,50,360,248,,
-------------------------------------------------------[2024-02-05 14:22:04.343]

SOURCE: AIR
RX_ID: 17, Freq: 131.725MHz
Mode: 2 NACKLabel: H1 Block ID: 3, Msg No: F04B
Flight ID: AH1544 REG: 7T-VKG


Message content:-
#M1B73,30,290010,M57,50,P17,P0/FHMTL,142745,259K,3600,243,M60,236042,445,N,345,51.ETREK,143245,259K,3600,239,M60,239044,445,N,351,38.RUSIT,143637,258K,3600,236,M60,243045,444,N,020,31.BULOL,143940,259K,3600,233
-------------------------------------------------------[2024-02-05 14:22:08.841]

SOURCE: AIR
RX_ID: 18, Freq: 131.725MHz
Mode: 2 NACKLabel: H1 Block ID: 4, Msg No: F04C
Flight ID: AH1544 REG: 7T-VKG


Message content:-
#M1B,M60,247046,444,N,021,24.LOGNI,144112,259K,3600,232,M60,247047,445,N,000,12.MOKIP,144249,259K,3600,231,M60,248047,445,N,000,12.ARFOZ,144525,259K,3600,228,M60,248049,445,N,000,20.DJL,144914,259K,3600,225,M60
-------------------------------------------------------[2024-02-05 14:22:12.719]

SOURCE: AIR
RX_ID: 19, Freq: 131.725MHz
Mode: 2 NACKLabel: H1 Block ID: 5, Msg No: F04D
Flight ID: AH1544 REG: 7T-VKG


Message content:-
#M1B,250051,445,N,000,29.TINIL,145144,273K,3156,224,M47,260046,439,Y,000,19.FF302,145327,280K,2800,224,M39,252054,415,Y,320,12.NANOP,150023,263K,1795,222,M20,268029,343,Y,319,42.FF301,150157,250K,1600,221,M16,2
-------------------------------------------------------[2024-02-05 14:22:17.036]

SOURCE: AIR
RX_ID: 20, Freq: 131.725MHz
Mode: 2 NACKLabel: H1 Block ID: 6, Msg No: F04E
Flight ID: AH1544 REG: 7T-VKG


Message content:-
#M1B50056,317,Y,309,8.URELO,150544,250K,1200,220,M8,260026,298,Y,309,18.OKIPA,150728,250K,1066,219,M5,258025,292,Y,303,8.PG522,151003,250K,865,218,M1,251052,284,Y,330,12.VECTOR,,,,,,251052,,Y,326.CF26L,151525,1
-------------------------------------------------------[2024-02-05 14:22:20.913]

SOURCE: AIR
RX_ID: 21, Freq: 131.725MHz
Mode: 2 NACKLabel: H1 Block ID: 8, Msg No: F04G
Flight ID: AH1544 REG: 7T-VKG


Message content:-
#M1B000000,165,N,292,2/DTLFPG,26L,210,152028,73954D
-------------------------------------------------------[2024-02-05 14:22:28.300]

SOURCE: AIR
RX_ID: 22, Freq: 131.725MHz
Mode: 2 NACKLabel: 5V Block ID: 0, Msg No: S42A
Flight ID: AH1544 REG: 7T-VKG


Message content:-

-------------------------------------------------------[2024-02-05 14:22:41.610]

SOURCE: AIR
RX_ID: 23, Freq: 131.725MHz
Mode: 2 NACKLabel: Q0 Block ID: 1, Msg No: S43A
Flight ID: AH1544 REG: 7T-VKG


Message content:-

-------------------------------------------------------[2024-02-05 14:26:51.467]

SOURCE: AIR
RX_ID: 24, Freq: 131.725MHz
Mode: 2 NACKLabel: SA Block ID: 2, Msg No: M30A
Flight ID: AH1544 REG: 7T-VKG


Message content:-
0EV142653VS
-------------------------------------------------------[2024-02-05 14:26:55.160]

SOURCE: AIR
RX_ID: 25, Freq: 131.725MHz
Mode: 2 NACKLabel: Q0 Block ID: 0, Msg No: S21A
Flight ID: AH1040 REG: 7T-VJQ


Message content:-

-------------------------------------------------------[2024-02-05 14:31:59.069]

SOURCE: AIR
RX_ID: 26, Freq: 131.725MHz
Mode: G NACKLabel: SA Block ID: 1, Msg No: M10A
Flight ID: AH1040 REG: 7T-VJQ


Message content:-
0EV143200V
-------------------------------------------------------[2024-02-05 14:32:02.543]

SOURCE: AIR
RX_ID: 27, Freq: 131.725MHz
Mode: G NACKLabel: 5V Block ID: 2, Msg No: S22A
Flight ID: AH1040 REG: 7T-VJQ


Message content:-

-------------------------------------------------------[2024-02-05 14:32:39.408]

SOURCE: AIR
RX_ID: 28, Freq: 131.725MHz
Mode: 2 NACKLabel: SA Block ID: 4, Msg No: M11A
Flight ID: AH1040 REG: 7T-VJQ


Message content:-
0EV143651V
-------------------------------------------------------[2024-02-05 14:36:52.592]

SOURCE: AIR
RX_ID: 29, Freq: 131.725MHz
Mode: X NACKLabel: Q0 Block ID: 3, Msg No: S83A
Flight ID: AH1154 REG: 7T-VJL


Message content:-

-------------------------------------------------------[2024-02-05 14:47:01.689]

SOURCE: AIR
RX_ID: 30, Freq: 131.725MHz
Mode: X NACKLabel: SA Block ID: 4, Msg No: M40A
Flight ID: AH1154 REG: 7T-VJL


Message content:-
0EV144704VS
-------------------------------------------------------[2024-02-05 14:47:05.786]

SOURCE: AIR
RX_ID: 31, Freq: 131.725MHz
Mode: X NACKLabel: 5V Block ID: 5, Msg No: S84A
Flight ID: AH1154 REG: 7T-VJL


Message content:-

-------------------------------------------------------[2024-02-05 14:47:25.864]

SOURCE: AIR
RX_ID: 32, Freq: 131.825MHz
Mode: 2 NACKLabel: 16 Block ID: 0, Msg No: M66A
Flight ID: FR08WM REG: EI-DCL


Message content:-
145359,,1540, 105,N   .    MMMM.MMM
-------------------------------------------------------[2024-02-05 14:54:00.910]

SOURCE: AIR
RX_ID: 33, Freq: 131.725MHz
Mode: 2 NACKLabel: SA Block ID: 1, Msg No: S28A
Flight ID: GR0000 REG: FGXAE


Message content:-
0EV160616V/
-------------------------------------------------------[2024-02-05 16:16:19.277]

SOURCE: AIR
RX_ID: 34, Freq: 131.725MHz
Mode: E NACKLabel: Q0 Block ID: 2, Msg No: S34A
Flight ID: GR0000 REG: FGXAE


Message content:-

-------------------------------------------------------[2024-02-05 16:16:50.401]

SOURCE: AIR
RX_ID: 35, Freq: 131.725MHz
Mode: E NACKLabel: SA Block ID: 3, Msg No: S35A
Flight ID: GR0000 REG: FGXAE


Message content:-
0EV161107V/
-------------------------------------------------------[2024-02-05 16:16:53.072]

SOURCE: AIR
RX_ID: 36, Freq: 131.725MHz
Mode: E NACKLabel: SA Block ID: 3, Msg No: S35A
Flight ID: GR0000 REG: FGXAE


Message content:-
0EV161107V/
-------------------------------------------------------[2024-02-05 16:17:07.003]

SOURCE: AIR
RX_ID: 37, Freq: 131.725MHz
Mode: E NACKLabel: 5V Block ID: 4, Msg No: S36A
Flight ID: GR0000 REG: FGXAE


Message content:-

-------------------------------------------------------[2024-02-05 16:17:14.977]

SOURCE: AIR
RX_ID: 38, Freq: 131.725MHz
Mode: 2 NACKLabel: Q0 Block ID: 1, Msg No: S40A
Flight ID: GR0000 REG: FGXAE


Message content:-

-------------------------------------------------------[2024-02-05 16:22:15.410]

SOURCE: AIR
RX_ID: 39, Freq: 131.825MHz
Mode: 2 NACKLabel: 44 Block ID: 2, Msg No: M14A
Flight ID: GS0000 REG: DANCE


Message content:-
05JO4jd)]ud9edXjjuCeB)9xj)}"/I)OXL6)j9jC)x`xj)99xe)jxo7x
-------------------------------------------------------[2024-02-05 17:10:40.805]

SOURCE: AIR
RX_ID: 40, Freq: 131.825MHz
Mode: 2 NACKLabel: Q0 Block ID: 9, Msg No: S21A
Flight ID: LH047N REG: D-AILM


Message content:-

-------------------------------------------------------[2024-02-05 18:10:41.633]

SOURCE: AIR
RX_ID: 41, Freq: 131.725MHz
Mode: G NACKLabel: SA Block ID: 8, Msg No: S56A
Flight ID: UV0001 REG: S5BBC


Message content:-
0EV181146V
-------------------------------------------------------[2024-02-05 18:12:51.790]

SOURCE: AIR
RX_ID: 42, Freq: 131.725MHz
Mode: X NACKLabel: SA Block ID: 9, Msg No: S56A
Flight ID: UV0001 REG: S5BBC


Message content:-
0EV181146V
-------------------------------------------------------[2024-02-05 18:12:58.117]

SOURCE: AIR
RX_ID: 43, Freq: 131.725MHz
Mode: X NACKLabel: SA Block ID: 9, Msg No: S56A
Flight ID: UV0001 REG: S5BBC


Message content:-
0EV181146V
-------------------------------------------------------[2024-02-05 18:13:09.380]

SOURCE: AIR
RX_ID: 44, Freq: 131.725MHz
Mode: X NACKLabel: SA Block ID: 9, Msg No: S56A
Flight ID: UV0001 REG: S5BBC


Message content:-
0EV181146V
-------------------------------------------------------[2024-02-05 18:13:15.928]

SOURCE: AIR
RX_ID: 45, Freq: 131.725MHz
Mode: 2 NACKLabel: Q0 Block ID: 0, Msg No: S57A
Flight ID: UV0001 REG: S5BBC


Message content:-

-------------------------------------------------------[2024-02-05 18:15:50.367]

SOURCE: AIR
RX_ID: 46, Freq: 131.725MHz
Mode: 2 NACKLabel: SA Block ID: 1, Msg No: S58A
Flight ID: UV0001 REG: S5BBC


Message content:-
0EV181550V
-------------------------------------------------------[2024-02-05 18:15:53.221]

SOURCE: AIR
RX_ID: 47, Freq: 131.725MHz
Mode: 2 NACKLabel: SA Block ID: 1, Msg No: S58A
Flight ID: UV0001 REG: S5BBC


Message content:-
0EV181550V
-------------------------------------------------------[2024-02-05 18:16:00.608]

SOURCE: AIR
RX_ID: 48, Freq: 131.725MHz
Mode: 2 NACKLabel: SA Block ID: 1, Msg No: S58A
Flight ID: UV0001 REG: S5BBC


Message content:-
0EV181550V
-------------------------------------------------------[2024-02-05 18:16:10.848]

SOURCE: AIR
RX_ID: 49, Freq: 131.725MHz
Mode: 2 NACKLabel: SA Block ID: 1, Msg No: S58A
Flight ID: UV0001 REG: S5BBC


Message content:-
0EV181550V
-------------------------------------------------------[2024-02-05 18:16:19.660]

SOURCE: AIR
RX_ID: 50, Freq: 131.725MHz
Mode: E NACKLabel: SA Block ID: 2, Msg No: S58A
Flight ID: UV0001 REG: S5BBC


Message content:-
0EV181550V
-------------------------------------------------------[2024-02-05 18:16:26.207]

SOURCE: AIR
RX_ID: 51, Freq: 131.725MHz
Mode: 2 NACKLabel: 5V Block ID: 5, Msg No: S98A
Flight ID: AH1033 REG: 7T-VJR


Message content:-

-------------------------------------------------------[2024-02-05 18:28:03.955]

SOURCE: AIR
RX_ID: 52, Freq: 131.725MHz
Mode: X NACKLabel: 5V Block ID: 6, Msg No: S99A
Flight ID: AH1033 REG: 7T-VJR


Message content:-

-------------------------------------------------------[2024-02-05 18:28:11.122]

SOURCE: AIR
RX_ID: 53, Freq: 131.825MHz
Mode: 2 NACKLabel: Q0 Block ID: 4, Msg No: S36A
Flight ID: XA4528 REG: 10274


Message content:-

-------------------------------------------------------[2024-02-05 18:39:23.998]

SOURCE: AIR
RX_ID: 54, Freq: 131.825MHz
Mode: 2 NACKLabel: 81 Block ID: 5, Msg No: M38A
Flight ID: XA4528 REG: 10274


Message content:-
OPS45
ETA 20.00Z 208PAX
UN SALUDO

-------------------------------------------------------[2024-02-05 18:41:12.946]

SOURCE: AIR
RX_ID: 55, Freq: 131.825MHz
Mode: 2 ACK, A2GLabel: _d Block ID: 6, Msg No: S37A
Flight ID: XA4528 REG: 10274


Message content:-

-------------------------------------------------------[2024-02-05 18:41:20.734]

SOURCE: AIR
RX_ID: 56, Freq: 131.525MHz
Mode: T NACKLabel: 26 Block ID: 1, Msg No: M77A
Flight ID: AF7342 REG: F-GMZD


Message content:-
2128LFPGAF7342/052143LFML31R
-------------------------------------------------------[2024-02-05 21:28:27.752]

SOURCE: AIR
RX_ID: 57, Freq: 131.725MHz
Mode: G ACK, A2GLabel: _d Block ID: 5, Msg No: S49A
Flight ID: AF7342 REG: F-GMZD


Message content:-

-------------------------------------------------------[2024-02-05 21:29:39.504]

SOURCE: AIR
RX_ID: 58, Freq: 131.725MHz
Mode: G NACKLabel: H1 Block ID: 6, Msg No: D25A
Flight ID: AF7342 REG: F-GMZD


Message content:-
#DFBA01/A32101,1,1/CCF-GMZD,FEB05,210758,LFPG,LFML,0094/C106,26904,5000,62,0010,0,0100,54,X/CEN302,32987,265,750,7085,245,C51020/EC577521,00012,01287,00016,73,07/EE697634,00012,06423,00016,73/N10838,0838,0921,5
-------------------------------------------------------[2024-02-05 21:33:53.637]

SOURCE: AIR
RX_ID: 59, Freq: 131.725MHz
Mode: G NACKLabel: H1 Block ID: 7, Msg No: D25B
Flight ID: AF7342 REG: F-GMZD


Message content:-
#DFB914,1339,XXXXX/N20838,0838,0918,6021,1336,XXXXX/S1XXXXX,0569,1375,4107,XXXX,018,N00/S2XXXXX,0560,1365,4066,XXXX,022,N00/T1099,099,028,41,075,05555,0194/T2099,099,019,40,070,05561,0156/V107,02,120,191,00,00,
-------------------------------------------------------[2024-02-05 21:33:57.551]

SOURCE: AIR
RX_ID: 60, Freq: 131.725MHz
Mode: G NACKLabel: H1 Block ID: 8, Msg No: D25C
Flight ID: AF7342 REG: F-GMZD


Message content:-
#DFB00000/V208,08,232,214,05,01,00000/V309,02,197,075,0616/V413,04,276,035,0615/V508,02,100,188,0915/V612,09,220,196,0916/V7042,081,00061,22222222222111/V8043,078,00081,22222222222111,/
-------------------------------------------------------[2024-02-05 21:34:01.026]

SOURCE: AIR
RX_ID: 61, Freq: 131.725MHz
Mode: G NACKLabel: H1 Block ID: 9, Msg No: D26A
Flight ID: AF7342 REG: F-GMZD


Message content:-
#DFBA02/A32102,1,1/CCF-GMZD,FEB05,210759,LFPG,LFML,0094/C106,27001,5000,62,0010,0,0100,54,X/CEN302,32974,265,749,7088,245,C51020/CNN306,32998,265,750,7088,245/EC577521,00012,01287,00016,73,15,07/EE697634,00012,
-------------------------------------------------------[2024-02-05 21:34:27.436]

SOURCE: AIR
RX_ID: 62, Freq: 131.725MHz
Mode: G NACKLabel: H1 Block ID: 1, Msg No: D26C
Flight ID: AF7342 REG: F-GMZD


Message content:-
#DFB05561,0156/V107,02,120,191,00,00,00000/V208,08,232,214,05,01,00000/V309,02,197,075,0616/V413,04,276,035,0615/V508,02,100,188,0915/V612,09,220,196,0916/V7042,081,00061,22222222222111/V8043,078,00081,22222222
-------------------------------------------------------[2024-02-05 21:34:34.598]

SOURCE: AIR
RX_ID: 63, Freq: 131.825MHz
Mode: 2 NACKLabel: H1 Block ID: 0, Msg No: D00B
Flight ID: QY8031 REG: D-ALES


Message content:-
#DFB,0,,
0,0,0,0,0,0,,,0,0,,,,,  15.8,  15.8,,  4.7,  4.7,,0,0,,0,0,
,,,0,0,    0, 8797, 8797,,,,,0,0,0,,,0,0,0,,,0,0,,0,0,,0,0,,
0,0,0,,,,,0,0,0,,,0,0,0,

CREATED BY AVIONIC ENGINEERING

-------------------------------------------------------[2024-02-05 21:40:00.118]

SOURCE: AIR
RX_ID: 64, Freq: 131.525MHz
Mode: T NACKLabel: 5U Block ID: 0, Msg No: M19A
Flight ID: AF1384 REG: F-GRHF


Message content:-
3LIEO
-------------------------------------------------------[2024-02-05 22:10:16.102]

