SOURCE: AIR
RX_ID: 0, Freq: 131.725MHz
Mode: G ACK, A2GLabel: _d Block ID: 1, Msg No: S23A
Flight ID: KL0539 REG: PH-AOE


Message content:-

-------------------------------------------------------[2024-03-05 10:52:25.102]

SOURCE: AIR
RX_ID: 1, Freq: 131.725MHz
Mode: G ACK, A2GLabel: _d Block ID: 2, Msg No: S24A
Flight ID: KL0539 REG: PH-AOE


Message content:-

-------------------------------------------------------[2024-03-05 10:52:28.576]

SOURCE: AIR
RX_ID: 2, Freq: 131.825MHz
Mode: 2 NACKLabel: 44 Block ID: 6, Msg No: M44A
Flight ID: GS0000 REG: DANXA


Message content:-
07*?X.0)Emm<;0]..m;UU)0k0) *6() Y-5).0.<);.<k);;<;)..m+<
-------------------------------------------------------[2024-03-05 10:59:32.745]

SOURCE: AIR
RX_ID: 3, Freq: 131.825MHz
Mode: 2 NACKLabel: 44 Block ID: 7, Msg No: M45A
Flight ID: GS0000 REG: DANXA


Message content:-
09|\L46c+NB461G44B418c6h8c-|W!c-r.Oc464Bc884Nc88B6c44N5N
-------------------------------------------------------[2024-03-05 11:04:33.180]

SOURCE: AIR
RX_ID: 4, Freq: 131.725MHz
Mode: 2 NACKLabel: Q0 Block ID: 5, Msg No: S39A
Flight ID: AH1128 REG: 7T-VKH


Message content:-

-------------------------------------------------------[2024-03-05 11:17:29.158]

SOURCE: AIR
RX_ID: 5, Freq: 131.725MHz
Mode: G NACKLabel: SA Block ID: 6, Msg No: M26A
Flight ID: AH1128 REG: 7T-VKH


Message content:-
0EV111731VS
-------------------------------------------------------[2024-03-05 11:17:33.468]

SOURCE: AIR
RX_ID: 6, Freq: 131.725MHz
Mode: G NACKLabel: 5V Block ID: 7, Msg No: S40A
Flight ID: AH1128 REG: 7T-VKH


Message content:-

-------------------------------------------------------[2024-03-05 11:18:05.834]

SOURCE: AIR
RX_ID: 7, Freq: 131.725MHz
Mode: 2 NACKLabel: Q0 Block ID: 8, Msg No: S41A
Flight ID: AH1128 REG: 7T-VKH


Message content:-

-------------------------------------------------------[2024-03-05 11:22:18.545]

SOURCE: AIR
RX_ID: 8, Freq: 131.725MHz
Mode: G NACKLabel: SA Block ID: 9, Msg No: M28A
Flight ID: AH1128 REG: 7T-VKH


Message content:-
0EV112222VS
-------------------------------------------------------[2024-03-05 11:22:23.667]

SOURCE: AIR
RX_ID: 9, Freq: 131.725MHz
Mode: G NACKLabel: 5V Block ID: 0, Msg No: S42A
Flight ID: AH1128 REG: 7T-VKH


Message content:-

-------------------------------------------------------[2024-03-05 11:22:51.719]

