SOURCE: AIR
RX_ID: 628, Freq: 131.725MHz
Mode: G ACK, A2GLabel: _d Block ID: 7, Msg No: S68A
Flight ID: CC2603 REG: TF-AMU


Message content:-

-------------------------------------------------------[2024-03-15 00:53:48.693]

SOURCE: AIR
RX_ID: 629, Freq: 131.725MHz
Mode: G NACKLabel: H1 Block ID: 8, Msg No: F33A
Flight ID: CC2603 REG: TF-AMU


Message content:-
#M1BPOSN43422E005015,,005348,360,MTL13,010012,ETR14,M59,25331,466,84,6D49
-------------------------------------------------------[2024-03-15 00:53:52.386]

SOURCE: AIR
RX_ID: 630, Freq: 131.725MHz
Mode: E NACKLabel: Q0 Block ID: 8, Msg No: S87A
Flight ID: SN03DY REG: OO-SFE


Message content:-

-------------------------------------------------------[2024-03-15 02:43:44.483]

SOURCE: AIR
RX_ID: 631, Freq: 131.725MHz
Mode: E NACKLabel: Q0 Block ID: 8, Msg No: S87A
Flight ID: SN03DY REG: OO-SFE


Message content:-

-------------------------------------------------------[2024-03-15 02:43:53.699]

SOURCE: AIR
RX_ID: 632, Freq: 131.725MHz
Mode: E NACKLabel: Q0 Block ID: 1, Msg No: S89A
Flight ID: SN03DY REG: OO-SFE


Message content:-

-------------------------------------------------------[2024-03-15 02:49:46.175]

SOURCE: AIR
RX_ID: 633, Freq: 131.725MHz
Mode: 2 NACKLabel: Q0 Block ID: 2, Msg No: S90A
Flight ID: SN03DY REG: OO-SFE


Message content:-

-------------------------------------------------------[2024-03-15 02:51:35.962]

SOURCE: AIR
RX_ID: 634, Freq: 131.825MHz
Mode: 2 ACK, A2GLabel: _d Block ID: 6, Msg No: S34A
Flight ID: QY8000 REG: OE-LNI


Message content:-

-------------------------------------------------------[2024-03-15 02:51:39.839]

SOURCE: AIR
RX_ID: 635, Freq: 131.825MHz
Mode: 2 NACKLabel: H1 Block ID: 7, Msg No: F08A
Flight ID: QY8000 REG: OE-LNI


Message content:-
#M1BPOSN45080E005242,,025140,370,PPG,031754,ALBER,M60,23336,198,77887CB
-------------------------------------------------------[2024-03-15 02:51:42.911]

SOURCE: AIR
RX_ID: 636, Freq: 131.725MHz
Mode: E NACKLabel: Q0 Block ID: 3, Msg No: S91A
Flight ID: SN03DY REG: OO-SFE


Message content:-

-------------------------------------------------------[2024-03-15 02:51:54.986]

SOURCE: AIR
RX_ID: 637, Freq: 131.725MHz
Mode: 2 NACKLabel: Q0 Block ID: 6, Msg No: S94A
Flight ID: SN03DY REG: OO-SFE


Message content:-

-------------------------------------------------------[2024-03-15 02:55:04.421]

SOURCE: AIR
RX_ID: 638, Freq: 131.825MHz
Mode: 2 NACKLabel: B9 Block ID: 8, Msg No: L03A
Flight ID: QY8000 REG: OE-LNI


Message content:-
/LEMD.TI2/024LEMDA367D
-------------------------------------------------------[2024-03-15 03:00:45.014]

SOURCE: AIR
RX_ID: 639, Freq: 131.825MHz
Mode: 2 ACK, A2GLabel: _d Block ID: 9, Msg No: S35A
Flight ID: QY8000 REG: OE-LNI


Message content:-

-------------------------------------------------------[2024-03-15 03:00:50.753]

SOURCE: AIR
RX_ID: 640, Freq: 131.825MHz
Mode: 2 ACK, A2GLabel: _d Block ID: 0, Msg No: S36A
Flight ID: QY8000 REG: OE-LNI


Message content:-

-------------------------------------------------------[2024-03-15 03:00:56.276]

SOURCE: AIR
RX_ID: 641, Freq: 131.825MHz
Mode: 2 NACKLabel: B9 Block ID: 1, Msg No: L04A
Flight ID: QY8000 REG: OE-LNI


Message content:-
/LEBL.TI2/024LEBLA93E5
-------------------------------------------------------[2024-03-15 03:02:12.894]

SOURCE: AIR
RX_ID: 642, Freq: 131.825MHz
Mode: 2 ACK, A2GLabel: _d Block ID: 2, Msg No: S37A
Flight ID: QY8000 REG: OE-LNI


Message content:-

-------------------------------------------------------[2024-03-15 03:02:19.440]

SOURCE: AIR
RX_ID: 643, Freq: 131.825MHz
Mode: 2 ACK, A2GLabel: _d Block ID: 3, Msg No: S38A
Flight ID: QY8000 REG: OE-LNI


Message content:-

-------------------------------------------------------[2024-03-15 03:02:25.987]

SOURCE: AIR
RX_ID: 644, Freq: 131.825MHz
Mode: 2 ACK, A2GLabel: _d Block ID: 4, Msg No: S39A
Flight ID: QY8000 REG: OE-LNI


Message content:-

-------------------------------------------------------[2024-03-15 03:03:20.257]

SOURCE: AIR
RX_ID: 645, Freq: 131.825MHz
Mode: 2 NACKLabel: H1 Block ID: 5, Msg No: F09A
Flight ID: QY8000 REG: OE-LNI


Message content:-
#M1BPOSN44053E004155,,030318,370,PPG,031804,ALBER,M60,24340,185,778AD63
-------------------------------------------------------[2024-03-15 03:03:23.331]

SOURCE: AIR
RX_ID: 646, Freq: 131.825MHz
Mode: 2 NACKLabel: 15 Block ID: 1, Msg No: M74A
Flight ID: BA2066 REG: G-VIIU


Message content:-
FST01DGAAEGKKN435948E0050637360 119 362 M59C 3225234535047711600004280311
-------------------------------------------------------[2024-03-15 03:11:04.757]

SOURCE: AIR
RX_ID: 647, Freq: 131.825MHz
Mode: 2 NACKLabel: H1 Block ID: 4, Msg No: 211A
Flight ID: LH0577 REG: D-AIGL


Message content:-
#T2BT-3!Zh=K0L84"HN4$G|LH566,15
-------------------------------------------------------[2024-03-15 03:30:11.424]

SOURCE: AIR
RX_ID: 648, Freq: 131.725MHz
Mode: E NACKLabel: 2F Block ID: 8, Msg No: M85A
Flight ID: AF0977 REG: F-GZCO


Message content:-
0346+4372+461/4187
FOOL/LFPG/40971//-58/0.81/149913/141170//URELO  //-83/039
-------------------------------------------------------[2024-03-15 03:47:00.071]

SOURCE: AIR
RX_ID: 649, Freq: 131.725MHz
Mode: E NACKLabel: B9 Block ID: 9, Msg No: J91A
Flight ID: AF0977 REG: F-GZCO


Message content:-
/LFPO.TI2/000LFPOA162B
-------------------------------------------------------[2024-03-15 03:50:07.282]

SOURCE: AIR
RX_ID: 650, Freq: 131.725MHz
Mode: E ACK, A2GLabel: B9 Block ID: 9, Msg No: J91A
Flight ID: AF0977 REG: F-GZCO


Message content:-
/LFPO.TI2/000LFPOA162B
-------------------------------------------------------[2024-03-15 03:50:11.377]

SOURCE: AIR
RX_ID: 651, Freq: 131.725MHz
Mode: E NACKLabel: 2F Block ID: 8, Msg No: M80A
Flight ID: AF0805 REG: F-GZCG


Message content:-
0350+4414+454/4084
DBBB/LFPG/39995//-60/0.82/167492/159074//URELO  //-88/041
-------------------------------------------------------[2024-03-15 03:50:11.964]

SOURCE: AIR
RX_ID: 652, Freq: 131.725MHz
Mode: E NACKLabel: 26 Block ID: 9, Msg No: M81A
Flight ID: AF0805 REG: F-GZCG


Message content:-
0354DBBBAF0805/150439LFPG26L
-------------------------------------------------------[2024-03-15 03:54:03.608]

SOURCE: AIR
RX_ID: 653, Freq: 131.725MHz
Mode: E NACKLabel: 26 Block ID: 0, Msg No: M86A
Flight ID: AF0977 REG: F-GZCO


Message content:-
0355FOOLAF0977/150440LFPG26L
-------------------------------------------------------[2024-03-15 03:55:03.624]

SOURCE: AIR
RX_ID: 654, Freq: 131.725MHz
Mode: 2 NACKLabel: Q0 Block ID: 1, Msg No: S10A
Flight ID: AF0977 REG: F-GZCO


Message content:-

-------------------------------------------------------[2024-03-15 03:55:06.696]

SOURCE: AIR
RX_ID: 655, Freq: 131.725MHz
Mode: G NACKLabel: Q0 Block ID: 2, Msg No: S11A
Flight ID: AF0977 REG: F-GZCO


Message content:-

-------------------------------------------------------[2024-03-15 03:55:35.149]

SOURCE: AIR
RX_ID: 656, Freq: 131.725MHz
Mode: G NACKLabel: B9 Block ID: 3, Msg No: J92A
Flight ID: AF0977 REG: F-GZCO


Message content:-
/LFPG.TI2/000LFPGA9F82
-------------------------------------------------------[2024-03-15 03:56:29.018]

SOURCE: AIR
RX_ID: 657, Freq: 131.725MHz
Mode: G ACK, A2GLabel: _d Block ID: 4, Msg No: S12A
Flight ID: AF0977 REG: F-GZCO


Message content:-

-------------------------------------------------------[2024-03-15 03:56:43.355]

SOURCE: AIR
RX_ID: 658, Freq: 131.725MHz
Mode: G ACK, A2GLabel: _d Block ID: 5, Msg No: S13A
Flight ID: AF0977 REG: F-GZCO


Message content:-

-------------------------------------------------------[2024-03-15 03:56:47.233]

SOURCE: AIR
RX_ID: 659, Freq: 131.725MHz
Mode: G ACK, A2GLabel: _d Block ID: 6, Msg No: S14A
Flight ID: AF0977 REG: F-GZCO


Message content:-

-------------------------------------------------------[2024-03-15 03:56:51.327]

SOURCE: AIR
RX_ID: 660, Freq: 131.725MHz
Mode: X NACKLabel: Q0 Block ID: 8, Msg No: S16A
Flight ID: AF0977 REG: F-GZCO


Message content:-

-------------------------------------------------------[2024-03-15 03:59:28.001]

SOURCE: AIR
RX_ID: 661, Freq: 131.725MHz
Mode: E ACK, A2GLabel: _d Block ID: 0, Msg No: S76A
Flight ID: AF0805 REG: F-GZCG


Message content:-

-------------------------------------------------------[2024-03-15 04:00:07.536]

SOURCE: AIR
RX_ID: 662, Freq: 131.725MHz
Mode: X NACKLabel: B6 Block ID: 0, Msg No: F30A
Flight ID: AF0703 REG: F-GSQK


Message content:-
/ACCFAYA.ADS.F-GSQK141ECF501ABB084D03E49D0D1FAA50198D484D0220201DF818E8884D006D3D
-------------------------------------------------------[2024-03-15 04:04:11.652]

SOURCE: AIR
RX_ID: 663, Freq: 131.725MHz
Mode: X NACKLabel: B6 Block ID: 9, Msg No: F54A
Flight ID: AF0995 REG: F-GZNR


Message content:-
/ACCFAYA.ADS.F-GZNR071EDE781ABFC8CA040A9D0C0464B9E758200E7D78EE00000F7C819DC00034FB
-------------------------------------------------------[2024-03-15 04:04:20.682]

SOURCE: AIR
RX_ID: 664, Freq: 131.725MHz
Mode: X NACKLabel: H1 Block ID: 1, Msg No: O31A
Flight ID: AF0995 REG: F-GZNR


Message content:-
#10BSB0122BA_F-GZNR  FAORLFPG568
 43480 0046860404 35998-590243027010PSZ009011
-------------------------------------------------------[2024-03-15 04:05:00.619]

SOURCE: AIR
RX_ID: 665, Freq: 131.725MHz
Mode: X NACKLabel: 2F Block ID: 1, Msg No: M04A
Flight ID: AF0703 REG: F-GSQK


Message content:-
0406+4359+465/34129
DIAP/LFPG/33997/ -07/ -54/0.82/240716/227906/35.0/ETR-07 /MTL-06 /-108/   30
-------------------------------------------------------[2024-03-15 04:06:11.457]

SOURCE: AIR
RX_ID: 666, Freq: 131.725MHz
Mode: X NACKLabel: B6 Block ID: 2, Msg No: F31A
Flight ID: AF0703 REG: F-GSQK


Message content:-
/ACCFAYA.ADS.F-GSQK071F08601A6DC84D061D1D0C0464B7C338200E7D78F100040F7C499FC00444D1
-------------------------------------------------------[2024-03-15 04:06:33.583]

SOURCE: AIR
RX_ID: 667, Freq: 131.725MHz
Mode: X NACKLabel: H1 Block ID: 3, Msg No: D41A
Flight ID: AF0703 REG: F-GSQK


Message content:-
#DFBOP FUELPROBES
 88 65 71 51 51  6 36  0  0  0  0  0  0  0  0  0  0  0  0  0
  0  0  0  0  0  0  0  0  0  0  0  0  0  0  0  0  0  0  0  0
 86 65 71 51 52  0 37  0  0  0  0  0  0  0  0  0  0  0  0  0

21L
-------------------------------------------------------[2024-03-15 04:09:15.596]

SOURCE: AIR
RX_ID: 668, Freq: 131.725MHz
Mode: X NACKLabel: B6 Block ID: 2, Msg No: F55A
Flight ID: AF0995 REG: F-GZNR


Message content:-
/ACCFAYA.ADS.F-GZNR071F54201A1BC8CA08AB1D0C0464B9E758200E7D68EE40080F7C419C4008589D
-------------------------------------------------------[2024-03-15 04:09:17.021]

SOURCE: AIR
RX_ID: 669, Freq: 131.725MHz
Mode: X NACKLabel: H1 Block ID: 4, Msg No: D41B
Flight ID: AF0703 REG: F-GSQK


Message content:-
#DFB22L23L24L25L26L27L28L21R22R23R24R25R26R27R28R
  0  0  0  0  0  0  0  0  0  0  0  0  0  0  0  0
-------------------------------------------------------[2024-03-15 04:09:20.094]

SOURCE: AIR
RX_ID: 670, Freq: 131.725MHz
Mode: X NACKLabel: H1 Block ID: 5, Msg No: D42A
Flight ID: AF0703 REG: F-GSQK


Message content:-
#DFBOP DATAFUEL
0409 34001  2.22  0.2
 6200       0  6300 12500
 0.833 0.814  0.831
 49360         50280
TRUE   TRUE   
  -4
 463 809
-------------------------------------------------------[2024-03-15 04:09:25.214]

SOURCE: AIR
RX_ID: 671, Freq: 131.725MHz
Mode: X NACKLabel: B6 Block ID: 6, Msg No: F32A
Flight ID: AF0703 REG: F-GSQK


Message content:-
/ACCFAYA.ADS.F-GSQK071F7F2819C9C84D0ABD1D0C0464B7C338200E7D78F040000F7C299F40000192
-------------------------------------------------------[2024-03-15 04:11:29.925]

SOURCE: AIR
RX_ID: 672, Freq: 131.725MHz
Mode: X NACKLabel: B6 Block ID: 7, Msg No: F33A
Flight ID: AF0703 REG: F-GSQK


Message content:-
/ACCFAYA.ADS.F-GSQK141FAAD8198C884D0C711D0D201DF818E8884D011F2070281871484D002F6D
-------------------------------------------------------[2024-03-15 04:13:19.715]

SOURCE: AIR
RX_ID: 673, Freq: 131.725MHz
Mode: X NACKLabel: B6 Block ID: 3, Msg No: F56A
Flight ID: AF0995 REG: F-GZNR


Message content:-
/ACCFAYA.ADS.F-GZNR071FCA58197348CA4D4B1D0C0464B9E758200E7D68F03FFC0F7C699CFFFCD63F
-------------------------------------------------------[2024-03-15 04:14:13.183]

SOURCE: AIR
RX_ID: 674, Freq: 131.725MHz
Mode: X NACKLabel: B9 Block ID: 4, Msg No: L40A
Flight ID: AF0995 REG: F-GZNR


Message content:-
/LFPG.TI2/046LFPGAD3A5
-------------------------------------------------------[2024-03-15 04:14:22.178]

SOURCE: AIR
RX_ID: 675, Freq: 131.725MHz
Mode: X ACK, A2GLabel: _d Block ID: 5, Msg No: S01A
Flight ID: AF0995 REG: F-GZNR


Message content:-

-------------------------------------------------------[2024-03-15 04:14:37.756]

SOURCE: AIR
RX_ID: 676, Freq: 131.725MHz
Mode: X ACK, A2GLabel: _d Block ID: 6, Msg No: S02A
Flight ID: AF0995 REG: F-GZNR


Message content:-

-------------------------------------------------------[2024-03-15 04:14:42.438]

SOURCE: AIR
RX_ID: 677, Freq: 131.725MHz
Mode: X NACKLabel: B6 Block ID: 9, Msg No: F34A
Flight ID: AF0703 REG: F-GSQK


Message content:-
/ACCFAYA.ADS.F-GSQK071FF5F01922084CCF5D1D0C0464B7C338200E7D70F0400C0F7C099F800C9CAD
-------------------------------------------------------[2024-03-15 04:16:25.678]

SOURCE: AIR
RX_ID: 678, Freq: 131.725MHz
Mode: G NACKLabel: 16 Block ID: 7, Msg No: M89A
Flight ID: SN038K REG: OO-SFD


Message content:-
15MAR24,0421,N 43.819,E  6.823,40008,0527,25080
-------------------------------------------------------[2024-03-15 04:21:17.708]

SOURCE: AIR
RX_ID: 679, Freq: 131.825MHz
Mode: 2 NACKLabel: H1 Block ID: 0, Msg No: D09A
Flight ID: QY1684 REG: D-ALES


Message content:-
#DFBSTABLE CRUISE REPORT

APM     D-ALES          QYXXXXXXDEPXDESX150324040857,757-200,
PW2037,.742,.742,,261.5,261.5,,-30.25,-30.25,,33003,33003,,
179200,179200,,3104,3104,,,1.113,1.105,,,0,407,407,,0,0,,0
-------------------------------------------------------[2024-03-15 04:30:25.773]

SOURCE: AIR
RX_ID: 680, Freq: 131.825MHz
Mode: 2 NACKLabel: H1 Block ID: 1, Msg No: D09B
Flight ID: QY1684 REG: D-ALES


Message content:-
#DFB,0,,
0,0,0,0,0,0,,,0,0,,,,,-142.4,-142.4,, -2.1, -2.1,,0,0,,0,0,
,,,0,0,    0, 6158, 5718,,,,,0,0,0,,,0,0,0,,,0,0,,0,0,,0,0,,
0,0,0,,,,,0,0,0,,,0,0,0,

CREATED BY AVIONIC ENGINEERING

-------------------------------------------------------[2024-03-15 04:30:32.136]

SOURCE: AIR
RX_ID: 681, Freq: 131.825MHz
Mode: 2 ACK, A2GLabel: _d Block ID: 2, Msg No: S15A
Flight ID: QY1684 REG: D-ALES


Message content:-

-------------------------------------------------------[2024-03-15 04:34:33.802]

SOURCE: AIR
RX_ID: 682, Freq: 131.825MHz
Mode: 2 NACKLabel: H1 Block ID: 3, Msg No: F25A
Flight ID: QY1684 REG: D-ALES


Message content:-
#M1BPOSN43558E005031,,043434,84,ZEBRA,043914,ML125,M1,29925,105,74ED
-------------------------------------------------------[2024-03-15 04:34:36.874]

SOURCE: AIR
RX_ID: 683, Freq: 131.725MHz
Mode: G NACKLabel: B6 Block ID: 6, Msg No: J12A
Flight ID: AF0971 REG: F-GZCF


Message content:-
/ACCFAYA.ADS.F-GZCF141ECFF01A5D09C423381D0D1FA9F0194409C4023E201DA818AA49C4007B36
-------------------------------------------------------[2024-03-15 04:37:36.881]

SOURCE: AIR
RX_ID: 684, Freq: 131.725MHz
Mode: G NACKLabel: B6 Block ID: 7, Msg No: J13A
Flight ID: AF0971 REG: F-GZCF


Message content:-
/ACCFAYA.ADS.F-GZCF071F1C1019FC89C426601D0C0464B9DF18200E7DA8E280000F7BE195C0005CF1
-------------------------------------------------------[2024-03-15 04:40:58.208]

SOURCE: AIR
RX_ID: 685, Freq: 131.725MHz
Mode: G NACKLabel: 2F Block ID: 8, Msg No: M47A
Flight ID: AF0971 REG: F-GZCF


Message content:-
0441+4380+455/4095
FNLU/LFPG/40000//-62/0.81/158331/148770//URELO  //-88/043
-------------------------------------------------------[2024-03-15 04:41:25.018]

SOURCE: AIR
RX_ID: 686, Freq: 131.825MHz
Mode: 2 NACKLabel: Q0 Block ID: 7, Msg No: S66A
Flight ID: QY1956 REG: OE-LNK


Message content:-

-------------------------------------------------------[2024-03-15 04:46:49.849]

SOURCE: AIR
RX_ID: 687, Freq: 131.825MHz
Mode: 2 NACKLabel: B9 Block ID: 7, Msg No: L12A
Flight ID: AA8030 REG: N659AA


Message content:-
/LEBL.TI2/024LEBLA93E5
-------------------------------------------------------[2024-03-15 04:47:30.403]

SOURCE: AIR
RX_ID: 688, Freq: 131.825MHz
Mode: 2 NACKLabel: B9 Block ID: 8, Msg No: L13A
Flight ID: AA8030 REG: N659AA


Message content:-
/LEBL.TI2/024LEBLA93E5
-------------------------------------------------------[2024-03-15 04:47:43.315]

SOURCE: AIR
RX_ID: 689, Freq: 131.825MHz
Mode: 2 NACKLabel: B9 Block ID: 9, Msg No: L14A
Flight ID: AA8030 REG: N659AA


Message content:-
/LEBL.TI2/024LEBLA93E5
-------------------------------------------------------[2024-03-15 04:48:09.499]

SOURCE: AIR
RX_ID: 690, Freq: 131.725MHz
Mode: G NACKLabel: B9 Block ID: 1, Msg No: J16A
Flight ID: AF0971 REG: F-GZCF


Message content:-
/LFPG.TI2/000LFPGA9F82
-------------------------------------------------------[2024-03-15 04:49:07.062]

SOURCE: AIR
RX_ID: 691, Freq: 131.725MHz
Mode: G ACK, A2GLabel: B9 Block ID: 1, Msg No: J16A
Flight ID: AF0971 REG: F-GZCF


Message content:-
/LFPG.TI2/000LFPGA9F82
-------------------------------------------------------[2024-03-15 04:49:11.561]

SOURCE: AIR
RX_ID: 692, Freq: 131.725MHz
Mode: G ACK, A2GLabel: _d Block ID: 2, Msg No: S20A
Flight ID: AF0971 REG: F-GZCF


Message content:-

-------------------------------------------------------[2024-03-15 04:49:15.474]

SOURCE: AIR
RX_ID: 693, Freq: 131.725MHz
Mode: X NACKLabel: B9 Block ID: 9, Msg No: J99A
Flight ID: SN04KE REG: OO-SFF


Message content:-
/EBBR.TI2/000EBBRA2C8A
-------------------------------------------------------[2024-03-15 04:52:05.244]

SOURCE: AIR
RX_ID: 694, Freq: 131.725MHz
Mode: X ACK, A2GLabel: _d Block ID: 0, Msg No: S40A
Flight ID: SN04KE REG: OO-SFF


Message content:-

-------------------------------------------------------[2024-03-15 04:52:10.362]

SOURCE: AIR
RX_ID: 695, Freq: 131.725MHz
Mode: G NACKLabel: B6 Block ID: 5, Msg No: J18A
Flight ID: AF0971 REG: F-GZCF


Message content:-
/ACCFAYA.ADS.F-GZCF14201F0018A8C9C4310C1D0D207058183A49C400D520B17017E109C4000C55
-------------------------------------------------------[2024-03-15 04:52:21.846]

SOURCE: AIR
RX_ID: 696, Freq: 131.725MHz
Mode: X NACKLabel: Q0 Block ID: 6, Msg No: S21A
Flight ID: AF0971 REG: F-GZCF


Message content:-

-------------------------------------------------------[2024-03-15 04:53:47.239]

SOURCE: AIR
RX_ID: 697, Freq: 131.825MHz
Mode: 2 NACKLabel: Q0 Block ID: 0, Msg No: S37A
Flight ID: AA8030 REG: N659AA


Message content:-

-------------------------------------------------------[2024-03-15 04:58:16.149]

SOURCE: AIR
RX_ID: 698, Freq: 131.825MHz
Mode: 2 ACK, A2GLabel: _d Block ID: 5, Msg No: S03A
Flight ID: NW0182 REG: N826NW


Message content:-

-------------------------------------------------------[2024-03-15 05:08:20.317]

SOURCE: AIR
RX_ID: 699, Freq: 131.825MHz
Mode: 2 NACKLabel: 10 Block ID: 1, Msg No: M95A
Flight ID: BA0042 REG: G-STBE


Message content:-
MET01EBBR
-------------------------------------------------------[2024-03-15 05:32:42.156]

SOURCE: AIR
RX_ID: 700, Freq: 131.825MHz
Mode: 2 ACK, A2GLabel: _d Block ID: 4, Msg No: S62A
Flight ID: BA0042 REG: G-STBE


Message content:-

-------------------------------------------------------[2024-03-15 05:33:04.904]

SOURCE: AIR
RX_ID: 701, Freq: 131.825MHz
Mode: 2 ACK, A2GLabel: _d Block ID: 7, Msg No: S64A
Flight ID: BA0042 REG: G-STBE


Message content:-

-------------------------------------------------------[2024-03-15 05:33:19.021]

SOURCE: AIR
RX_ID: 702, Freq: 131.825MHz
Mode: 2 ACK, A2GLabel: _d Block ID: 8, Msg No: S65A
Flight ID: BA0042 REG: G-STBE


Message content:-

-------------------------------------------------------[2024-03-15 05:33:26.188]

SOURCE: AIR
RX_ID: 703, Freq: 131.825MHz
Mode: 2 ACK, A2GLabel: _d Block ID: 9, Msg No: S66A
Flight ID: BA0042 REG: G-STBE


Message content:-

-------------------------------------------------------[2024-03-15 05:33:33.977]

SOURCE: AIR
RX_ID: 704, Freq: 131.825MHz
Mode: 2 ACK, A2GLabel: _d Block ID: 0, Msg No: S67A
Flight ID: BA0042 REG: G-STBE


Message content:-

-------------------------------------------------------[2024-03-15 05:33:40.743]

SOURCE: AIR
RX_ID: 705, Freq: 131.825MHz
Mode: 2 NACKLabel: Q0 Block ID: 0, Msg No: S32A
Flight ID: WB0700 REG: 9XR-WN


Message content:-

-------------------------------------------------------[2024-03-15 05:34:10.660]

SOURCE: AIR
RX_ID: 706, Freq: 131.825MHz
Mode: 2 NACKLabel: B9 Block ID: 2, Msg No: M98A
Flight ID: BA0042 REG: G-STBE


Message content:-
046EGLLA
-------------------------------------------------------[2024-03-15 05:34:18.011]

SOURCE: AIR
RX_ID: 707, Freq: 131.825MHz
Mode: 2 ACK, A2GLabel: _d Block ID: 3, Msg No: S69A
Flight ID: BA0042 REG: G-STBE


Message content:-

-------------------------------------------------------[2024-03-15 05:34:24.995]

SOURCE: AIR
RX_ID: 708, Freq: 131.825MHz
Mode: 2 ACK, A2GLabel: _d Block ID: 4, Msg No: S70A
Flight ID: BA0042 REG: G-STBE


Message content:-

-------------------------------------------------------[2024-03-15 05:34:32.164]

SOURCE: AIR
RX_ID: 709, Freq: 131.825MHz
Mode: 2 ACK, A2GLabel: _d Block ID: 5, Msg No: S71A
Flight ID: BA0042 REG: G-STBE


Message content:-

-------------------------------------------------------[2024-03-15 05:34:39.733]

SOURCE: AIR
RX_ID: 710, Freq: 131.825MHz
Mode: 2 NACKLabel: 10 Block ID: 6, Msg No: M99A
Flight ID: BA0042 REG: G-STBE


Message content:-
FTX01.FIC
LOC TBE
-------------------------------------------------------[2024-03-15 05:37:58.571]

SOURCE: AIR
RX_ID: 711, Freq: 131.825MHz
Mode: 2 ACK, A2GLabel: _d Block ID: 7, Msg No: S72A
Flight ID: BA0042 REG: G-STBE


Message content:-

-------------------------------------------------------[2024-03-15 05:38:05.959]

SOURCE: AIR
RX_ID: 712, Freq: 131.825MHz
Mode: 2 NACKLabel: B6 Block ID: 8, Msg No: F42A
Flight ID: BA0042 REG: G-STBE


Message content:-
/QUKAXBA.ADS.G-STBE071F39681BA608CA240B9D587A
-------------------------------------------------------[2024-03-15 05:38:29.292]

SOURCE: AIR
RX_ID: 713, Freq: 131.825MHz
Mode: 2 NACKLabel: Q0 Block ID: 6, Msg No: S78A
Flight ID: FR90DJ REG: EI-EKG


Message content:-

-------------------------------------------------------[2024-03-15 06:24:27.564]

SOURCE: AIR
RX_ID: 714, Freq: 131.825MHz
Mode: 2 NACKLabel: 16 Block ID: 8, Msg No: M72A
Flight ID: FR90DJ REG: EI-EKG


Message content:-
062920,,0714,  86,N   .    MMMM.MMM
-------------------------------------------------------[2024-03-15 06:29:21.277]

SOURCE: AIR
RX_ID: 715, Freq: 131.725MHz
Mode: 2 NACKLabel: Q0 Block ID: 6, Msg No: M28A
Flight ID: XA0000 REG: OEIGP


Message content:-

-------------------------------------------------------[2024-03-15 07:19:25.711]

SOURCE: AIR
RX_ID: 716, Freq: 131.725MHz
Mode: G NACKLabel: H1 Block ID: 0, Msg No: D87A
Flight ID: KL0592 REG: PH-BQL


Message content:-
#DFB(POS-KLM592  -4258N00523E/072635 F380
RMK/FUEL  12.3 M0.83)
-------------------------------------------------------[2024-03-15 07:26:38.644]

SOURCE: AIR
RX_ID: 717, Freq: 131.725MHz
Mode: G NACKLabel: 10 Block ID: 1, Msg No: M43A
Flight ID: KL0592 REG: PH-BQL


Message content:-
ETA07A15073100KLM592  FAOREHAM150855EHAM0118
-------------------------------------------------------[2024-03-15 07:31:27.009]

SOURCE: AIR
RX_ID: 718, Freq: 131.725MHz
Mode: G NACKLabel: H1 Block ID: 2, Msg No: D88A
Flight ID: KL0592 REG: PH-BQL


Message content:-
#DFB(POS-KLM592  -4451N00447E/074135 F380
RMK/FUEL  10.8 M0.83)
-------------------------------------------------------[2024-03-15 07:41:38.522]

