SOURCE: AIR
RX_ID: 285, Freq: 131.825MHz
Mode: 2 NACKLabel: 15 Block ID: 2, Msg No: M08A
Flight ID: BA2066 REG: G-YMMC


Message content:-
FST01DGAAEGKKN435563E0047895400 135 347 M51C 4924934735448411600003280212
-------------------------------------------------------[2024-06-12 02:12:11.461]

SOURCE: AIR
RX_ID: 286, Freq: 131.825MHz
Mode: 2 NACKLabel: B6 Block ID: 3, Msg No: F77A
Flight ID: BA2066 REG: G-YMMC


Message content:-
/QUKAXBA.ADS.G-YMMC071F0FE81B2589C40C461D0818
-------------------------------------------------------[2024-06-12 02:13:08.002]

SOURCE: AIR
RX_ID: 287, Freq: 131.725MHz
Mode: G NACKLabel: 28 Block ID: 5, Msg No: M68A
Flight ID: SN09ZB REG: OO-SFE


Message content:-
EBBR,LFLL,ELLX,EBLG,
N 44.594,E  6.793,40018,SN329
-------------------------------------------------------[2024-06-12 02:15:06.786]

SOURCE: AIR
RX_ID: 288, Freq: 131.825MHz
Mode: 2 NACKLabel: H1 Block ID: 5, Msg No: F78A
Flight ID: BA2066 REG: G-YMMC


Message content:-
#M1BPRG/TS021543,120624/DTEGKK,26L,170,032806,/PR4350,233,400,281,,139,0,,,30,P20,P0,,,,,,,M373FAD
-------------------------------------------------------[2024-06-12 02:15:45.076]

SOURCE: AIR
RX_ID: 289, Freq: 131.825MHz
Mode: 2 NACKLabel: 15 Block ID: 6, Msg No: M09A
Flight ID: BA2066 REG: G-YMMC


Message content:-
FST01DGAAEGKKN448827E0045972400 125 357 M48C 4425734835447911600003280222
-------------------------------------------------------[2024-06-12 02:22:12.554]

SOURCE: AIR
RX_ID: 290, Freq: 131.825MHz
Mode: 2 NACKLabel: B9 Block ID: 7, Msg No: M10A
Flight ID: BA2066 REG: G-YMMC


Message content:-
046EGKKA
-------------------------------------------------------[2024-06-12 02:23:49.214]

SOURCE: AIR
RX_ID: 291, Freq: 131.825MHz
Mode: 2 NACKLabel: B9 Block ID: 1, Msg No: J33A
Flight ID: AF0977 REG: F-GZCE


Message content:-
/LFPG.TI2/000LFPGA9F82
-------------------------------------------------------[2024-06-12 02:45:18.843]

SOURCE: AIR
RX_ID: 292, Freq: 131.725MHz
Mode: G NACKLabel: 16 Block ID: 8, Msg No: M20A
Flight ID: SN028A REG: OO-SFD


Message content:-
12JUN24,0258,N 43.106,E  6.290,37998,0412,25320
-------------------------------------------------------[2024-06-12 02:58:55.826]

SOURCE: AIR
RX_ID: 293, Freq: 131.825MHz
Mode: 2 NACKLabel: B9 Block ID: 8, Msg No: J26A
Flight ID: AF0863 REG: F-GZCF


Message content:-
/LFLL.TI2/000LFLLA757A
-------------------------------------------------------[2024-06-12 03:07:05.924]

SOURCE: AIR
RX_ID: 294, Freq: 131.825MHz
Mode: 2 NACKLabel: 15 Block ID: 0, Msg No: M68A
Flight ID: BA064M REG: G-YMML


Message content:-
FST01HKJKEGLLN430422E0051553380 147 563 M56C 4924634435149311600004280307
-------------------------------------------------------[2024-06-12 03:07:58.957]

SOURCE: AIR
RX_ID: 295, Freq: 131.725MHz
Mode: X NACKLabel: 16 Block ID: 7, Msg No: M24A
Flight ID: SN04KE REG: OO-SFC


Message content:-
12JUN24,0311,N 43.718,E  6.829,37996,0422,28600
-------------------------------------------------------[2024-06-12 03:11:49.141]

SOURCE: AIR
RX_ID: 296, Freq: 131.825MHz
Mode: 2 NACKLabel: H1 Block ID: 2, Msg No: F31A
Flight ID: BA064M REG: G-YMML


Message content:-
#M1BPRG/TS031542,120624/DTEGLL,27R,162,042829,/PR4572,262,380,295,,119,57,,,90,P40,P0,,,,,,,M377063
-------------------------------------------------------[2024-06-12 03:15:44.662]

SOURCE: AIR
RX_ID: 297, Freq: 131.825MHz
Mode: 2 NACKLabel: H1 Block ID: 9, Msg No: D00A
Flight ID: QY8030 REG: D-ALER


Message content:-
#DFBSTABLE CRUISE REPORT

APM     D-ALER          QYXXXXXXDEPXDESX120624031550,757-200,
PW2037,.785,.785,,242.0,242.0,,-23.50,-23.50,,39003,39003,,
184000,184000,,3328,3264,,,1.252,1.246,,,0,410,410,,0,0,,0
-------------------------------------------------------[2024-06-12 03:16:40.397]

SOURCE: AIR
RX_ID: 298, Freq: 131.825MHz
Mode: 2 NACKLabel: H1 Block ID: 0, Msg No: D00B
Flight ID: QY8030 REG: D-ALER


Message content:-
#DFB,0,,
0,0,0,0,0,0,,,0,0,,,,,-155.7,-155.7,, -4.1, -4.1,,0,0,,0,0,
,,,0,0,  239, 9037, 9037,,,,,0,0,0,,,0,0,0,,,0,0,,0,0,,0,0,,
0,0,0,,,,,0,0,0,,,0,0,0,

CREATED BY AVIONIC ENGINEERING

-------------------------------------------------------[2024-06-12 03:16:46.726]

SOURCE: AIR
RX_ID: 299, Freq: 131.825MHz
Mode: 2 NACKLabel: H1 Block ID: 0, Msg No: D00B
Flight ID: QY8030 REG: D-ALER


Message content:-
#DFB,0,,
0,0,0,0,0,0,,,0,0,,,,,-155.7,-155.7,, -4.1, -4.1,,0,0,,0,0,
,,,0,0,  239, 9037, 9037,,,,,0,0,0,,,0,0,0,,,0,0,,0,0,,0,0,,
0,0,0,,,,,0,0,0,,,0,0,0,

CREATED BY AVIONIC ENGINEERING

-------------------------------------------------------[2024-06-12 03:16:59.236]

SOURCE: AIR
RX_ID: 300, Freq: 131.825MHz
Mode: 2 NACKLabel: 15 Block ID: 3, Msg No: M69A
Flight ID: BA064M REG: G-YMML


Message content:-
FST01HKJKEGLLN443928E0048444380 136 574 M54C 5423234335049811600004270317
-------------------------------------------------------[2024-06-12 03:17:59.027]

SOURCE: AIR
RX_ID: 301, Freq: 131.825MHz
Mode: 2 NACKLabel: 2F Block ID: 4, Msg No: M87A
Flight ID: AF0863 REG: F-GZCF


Message content:-
0320+4507+464/4094
DXXX/LFPG/39996//-51/0.81/168018/158566//ETREK  //-114/048
-------------------------------------------------------[2024-06-12 03:20:50.036]

SOURCE: AIR
RX_ID: 302, Freq: 131.825MHz
Mode: 2 NACKLabel: B6 Block ID: 4, Msg No: F32A
Flight ID: BA064M REG: G-YMML


Message content:-
/QUKAXBA.ADS.G-YMML071FE2801AF5C94713E39DC635
-------------------------------------------------------[2024-06-12 03:21:15.415]

SOURCE: AIR
RX_ID: 303, Freq: 131.825MHz
Mode: 2 NACKLabel: H1 Block ID: 2, Msg No: F09A
Flight ID: QY8030 REG: D-ALER


Message content:-
#M1BPOSN43561E005180,,032606,390,NILDU,034347,BISBA,M53,23457,167,7907DD6
-------------------------------------------------------[2024-06-12 03:26:08.720]

SOURCE: AIR
RX_ID: 304, Freq: 131.825MHz
Mode: 2 NACKLabel: H1 Block ID: 2, Msg No: F09A
Flight ID: QY8030 REG: D-ALER


Message content:-
#M1BPOSN43561E005180,,032606,390,NILDU,034347,BISBA,M53,23457,167,7907DD6
-------------------------------------------------------[2024-06-12 03:26:27.336]

SOURCE: AIR
RX_ID: 305, Freq: 131.825MHz
Mode: 2 NACKLabel: H1 Block ID: 5, Msg No: F10A
Flight ID: QY8030 REG: D-ALER


Message content:-
#M1BPOSN42504E004196,,033736,390,NILDU,034325,BISBA,M52,23554,154,790FC80
-------------------------------------------------------[2024-06-12 03:37:38.290]

SOURCE: AIR
RX_ID: 306, Freq: 131.725MHz
Mode: G NACKLabel: 16 Block ID: 9, Msg No: M30A
Flight ID: P47578 REG: 5N-BVE


Message content:-
POSA1N43849E  4574,MRM-20 ,035157,400,MTL-21 ,040027,,-51, 45, 208,841
-------------------------------------------------------[2024-06-12 03:55:26.104]

SOURCE: AIR
RX_ID: 307, Freq: 131.725MHz
Mode: G NACKLabel: H1 Block ID: 8, Msg No: F67A
Flight ID: ZF2602 REG: TF-AMM


Message content:-
#M1BPOSN43591E004575,,041156,340,MADOT,042436,MOPEM,M51,23754,512,84,/TS041158,1206249D55
-------------------------------------------------------[2024-06-12 04:12:00.638]

SOURCE: AIR
RX_ID: 308, Freq: 131.725MHz
Mode: G NACKLabel: B9 Block ID: 4, Msg No: L02A
Flight ID: AF7343 REG: F-GMZE


Message content:-
/LFPG.TI2/064LFPGA3806
-------------------------------------------------------[2024-06-12 04:14:25.831]

SOURCE: AIR
RX_ID: 309, Freq: 131.725MHz
Mode: G NACKLabel: B9 Block ID: 9, Msg No: L11A
Flight ID: ZF2602 REG: TF-AMM


Message content:-
/EBLG.TI2/024EBLGAAD4F
-------------------------------------------------------[2024-06-12 04:15:51.449]

SOURCE: AIR
RX_ID: 310, Freq: 131.725MHz
Mode: G NACKLabel: H1 Block ID: 3, Msg No: F68A
Flight ID: ZF2602 REG: TF-AMM


Message content:-
#M1BPOSN45050E004409,,041956,340,MADOT,042440,MOPEM,M52,24163,482,83,/TS041959,120624F955
-------------------------------------------------------[2024-06-12 04:20:01.306]

SOURCE: AIR
RX_ID: 311, Freq: 131.825MHz
Mode: 2 NACKLabel: 80 Block ID: 3, Msg No: M36A
Flight ID: QY1956 REG: D-ALEV


Message content:-
10,INI,120420,QY1956,12,EBBR,LFML,8334285,
-------------------------------------------------------[2024-06-12 04:20:45.121]

SOURCE: AIR
RX_ID: 312, Freq: 131.725MHz
Mode: G NACKLabel: H1 Block ID: 9, Msg No: D12B
Flight ID: AF7343 REG: F-GMZE


Message content:-
#DFB12/5C0002,153,N0020,072048,017/C64343,0520,00324,0142,318/6C0002,177,00156,072284,014/C74345,0518,01106,0127,325/7C0015,181,N0153,072338,022/C84346,0517,02002,0110,343/8CN004,171,N0472,072338,025/C94347,051
-------------------------------------------------------[2024-06-12 04:24:39.837]

SOURCE: AIR
RX_ID: 313, Freq: 131.825MHz
Mode: 2 NACKLabel: H1 Block ID: 0, Msg No: F90A
Flight ID: AA0334 REG: N773AN


Message content:-
#M1BPOSN45047E004006,TOZ-10,045723,390,OTR-11,045911,BEP-12,M51,24244,53987BD
-------------------------------------------------------[2024-06-12 04:57:25.539]

SOURCE: AIR
RX_ID: 314, Freq: 131.725MHz
Mode: E NACKLabel: B9 Block ID: 4, Msg No: J56A
Flight ID: SS0872 REG: F-HZEN


Message content:-
/LFPO.TI2/000LFPOA162B
-------------------------------------------------------[2024-06-12 05:04:15.324]

SOURCE: AIR
RX_ID: 315, Freq: 131.825MHz
Mode: 2 NACKLabel: H1 Block ID: 4, Msg No: F92A
Flight ID: AA0334 REG: N773AN


Message content:-
#M1BPOSN44349E005100,BEP-13,050415,390,RET-14,050702,KOLON,M52,23947,52404A5
-------------------------------------------------------[2024-06-12 05:04:17.592]

SOURCE: AIR
RX_ID: 316, Freq: 131.725MHz
Mode: E ACK, A2GLabel: B9 Block ID: 4, Msg No: J56A
Flight ID: SS0872 REG: F-HZEN


Message content:-
/LFPO.TI2/000LFPOA162B
-------------------------------------------------------[2024-06-12 05:04:20.258]

SOURCE: AIR
RX_ID: 317, Freq: 131.725MHz
Mode: E NACKLabel: H1 Block ID: 7, Msg No: F72A
Flight ID: SS0872 REG: F-HZEN


Message content:-
#M1B/ORYCASS ORYCZSS.RESREQ/AK,115/GAORYCASS.ORYCZSS/TS050427,120624A6A5
-------------------------------------------------------[2024-06-12 05:04:40.928]

SOURCE: AIR
RX_ID: 318, Freq: 131.825MHz
Mode: 2 NACKLabel: H1 Block ID: 5, Msg No: D68A
Flight ID: AA0334 REG: N773AN


Message content:-
#DFBTRP KJFK LGAV 07  8 286   5  0 045353
 46.0640   1.2918399984368804920.0140.012 22.50-106.52 57280-46 188OFF
 45.8808   1.8328399994362404840.0060.003 28.00-110.39 56640-47 188OFF
 45.6964   2.3660400014
-------------------------------------------------------[2024-06-12 05:05:57.320]

SOURCE: AIR
RX_ID: 319, Freq: 131.825MHz
Mode: 2 NACKLabel: H1 Block ID: 6, Msg No: D68B
Flight ID: AA0334 REG: N773AN


Message content:-
#DFB355604820.0100.007 27.87-111.80 55960-47 188OFF
 45.5098   2.8947399984348804860.0060.003 35.75-128.67 55280-48 188OFF
 45.3212   3.4183399974342004820.0100.010 39.00-126.56 54600-48 188OFF
-------------------------------------------------------[2024-06-12 05:06:04.310]

SOURCE: AIR
RX_ID: 320, Freq: 131.825MHz
Mode: 2 NACKLabel: H1 Block ID: 7, Msg No: F93A
Flight ID: AA0334 REG: N773AN


Message content:-
#M1BPOSN44222E005370,RET-14,050702,390,KOLON,051528,RAPUR,M54,23547,518C77C
-------------------------------------------------------[2024-06-12 05:07:04.904]

SOURCE: AIR
RX_ID: 321, Freq: 131.825MHz
Mode: 2 NACKLabel: 16 Block ID: 8, Msg No: M70A
Flight ID: AA0334 REG: N773AN


Message content:-
POSA1N44228E  5913,RET-14 ,050703,389,KOLON  ,051528,,-51, 51, 507,825
-------------------------------------------------------[2024-06-12 05:08:56.120]

SOURCE: AIR
RX_ID: 322, Freq: 131.725MHz
Mode: E NACKLabel: H1 Block ID: 6, Msg No: D46A
Flight ID: DL0028 REG: N832MH


Message content:-
#DFB239N1808 0028061224051407795 4486   462365-26-54238 60XX-223 22400
 261 474001613570003005ZKJFKLFMN
-------------------------------------------------------[2024-06-12 05:14:41.429]

SOURCE: AIR
RX_ID: 323, Freq: 131.725MHz
Mode: E NACKLabel: H1 Block ID: 6, Msg No: D46A
Flight ID: DL0028 REG: N832MH


Message content:-
#DFB239N1808 0028061224051407795 4486   462365-26-54238 60XX-223 22400
 261 474001613570003005ZKJFKLFMN
-------------------------------------------------------[2024-06-12 05:14:52.695]

SOURCE: AIR
RX_ID: 324, Freq: 131.825MHz
Mode: 2 NACKLabel: H1 Block ID: 9, Msg No: F94A
Flight ID: AA0334 REG: N773AN


Message content:-
#M1BPOSN43433E006573,KOL-15,051529,390,RAP-16,052613,RAT-17,M52,24355,499DAE7
-------------------------------------------------------[2024-06-12 05:15:32.814]

SOURCE: AIR
RX_ID: 325, Freq: 131.725MHz
Mode: E NACKLabel: H1 Block ID: 7, Msg No: D47A
Flight ID: DL0028 REG: N832MH


Message content:-
#DFBENGINE BLEED REPORT

AID:N1808  DA:12/06    GMT:05:15    FNO: 139      ISFC: 1413
TAT:-255  SAT:-535   ALT: 35096   MACH:0799    FCNT: 1862
GW:308600  FLT:0028-1  MODE:DESC    SID:AK-67-223
S/N L:70495
-------------------------------------------------------[2024-06-12 05:15:37.531]

SOURCE: AIR
RX_ID: 326, Freq: 131.725MHz
Mode: E NACKLabel: H1 Block ID: 8, Msg No: D47B
Flight ID: DL0028 REG: N832MH


Message content:-
#DFB2         DEPART:KJFK    DESTIN:LFMN
S/N R:707000

               ENG L     ENG R
HPSOV          OPN       CLS
PRV            OPN       OPN
PRSOV          OPN       OPN
FAV %            3646     -227
-------------------------------------------------------[2024-06-12 05:15:41.226]

SOURCE: AIR
RX_ID: 327, Freq: 131.725MHz
Mode: E NACKLabel: H1 Block ID: 9, Msg No: D47C
Flight ID: DL0028 REG: N832MH


Message content:-
#DFB
N1 SPD          7792     7988
HI STG PRESS    8950     9550
INTERM PRESS1    4491     3281
INTERM PRESS2    5052     3605
STRUT OVHT     NRML      NRML
DUCT PRESS       4363     3238
P-COOL TEMP    
-------------------------------------------------------[2024-06-12 05:15:46.126]

SOURCE: AIR
RX_ID: 328, Freq: 131.725MHz
Mode: E NACKLabel: H1 Block ID: 0, Msg No: D47D
Flight ID: DL0028 REG: N832MH


Message content:-
#DFB38044    36706
PACK HX TEMP    35794    32559
PACK FLOW       13013     8570
WING ANTI ICE  OFF
LT  ISO VLV    CLS
RT  ISO VLV    CLS
CTR ISO VLV    OPN

TRIGGER CODE   1000

STATUS WORDS  DW1  DW
-------------------------------------------------------[2024-06-12 05:15:51.871]

SOURCE: AIR
RX_ID: 329, Freq: 131.725MHz
Mode: E NACKLabel: H1 Block ID: 1, Msg No: D47E
Flight ID: DL0028 REG: N832MH


Message content:-
#DFB2  DW3  DW4  DW5  DW6  DW7  DW8  EICAS
LEFT          0000 0001 0000 0000 0000 0000 1040 0000 0000
RIGHT         0000 0001 0000 0000 0100 0000 1040 0000 0000

-------------------------------------------------------[2024-06-12 05:15:55.561]

SOURCE: AIR
RX_ID: 330, Freq: 131.725MHz
Mode: E NACKLabel: H1 Block ID: 2, Msg No: D48A
Flight ID: DL0028 REG: N832MH


Message content:-
#DFBENGINE BLEED REPORT

AID:N1808  DA:12/06    GMT:05:24    FNO: 281      ISFC: 1981
TAT:  59  SAT:-168   ALT: 18388   MACH:0663    FCNT: 1862
GW:307920  FLT:0028-1  MODE:DESC    SID:AK-67-223
S/N L:70495
-------------------------------------------------------[2024-06-12 05:25:05.857]

SOURCE: AIR
RX_ID: 331, Freq: 131.725MHz
Mode: E NACKLabel: H1 Block ID: 3, Msg No: D48B
Flight ID: DL0028 REG: N832MH


Message content:-
#DFB2         DEPART:KJFK    DESTIN:LFMN
S/N R:707000

               ENG L     ENG R
HPSOV          OPN       OPN
PRV            OPN       OPN
PRSOV          OPN       OPN
FAV %            -282     -230
-------------------------------------------------------[2024-06-12 05:25:09.551]

SOURCE: AIR
RX_ID: 332, Freq: 131.725MHz
Mode: E NACKLabel: H1 Block ID: 4, Msg No: D48C
Flight ID: DL0028 REG: N832MH


Message content:-
#DFB
N1 SPD          4037     4037
HI STG PRESS    4450     4400
INTERM PRESS1    2930     3406
INTERM PRESS2    3469     3773
STRUT OVHT     NRML      NRML
DUCT PRESS       2888     3363
P-COOL TEMP    
-------------------------------------------------------[2024-06-12 05:25:13.646]

SOURCE: AIR
RX_ID: 333, Freq: 131.725MHz
Mode: E NACKLabel: H1 Block ID: 5, Msg No: D48D
Flight ID: DL0028 REG: N832MH


Message content:-
#DFB36016    35378
PACK HX TEMP    32253    31909
PACK FLOW       13614    11177
WING ANTI ICE  OFF
LT  ISO VLV    CLS
RT  ISO VLV    CLS
CTR ISO VLV    OPN

TRIGGER CODE   0000

STATUS WORDS  DW1  DW
-------------------------------------------------------[2024-06-12 05:25:17.526]

SOURCE: AIR
RX_ID: 334, Freq: 131.725MHz
Mode: E NACKLabel: H1 Block ID: 6, Msg No: D48E
Flight ID: DL0028 REG: N832MH


Message content:-
#DFB2  DW3  DW4  DW5  DW6  DW7  DW8  EICAS
LEFT          0000 0001 0000 0000 0000 0000 1040 0000 0000
RIGHT         0000 0001 0000 0000 0000 0000 1040 0000 0000

-------------------------------------------------------[2024-06-12 05:25:21.000]

SOURCE: AIR
RX_ID: 335, Freq: 131.825MHz
Mode: 2 NACKLabel: 1L Block ID: 2, Msg No: M77A
Flight ID: LH0501 REG: D-AIGN


Message content:-
00060209291G:PKB4DK054741Y-G++T5:TST,SY+8TTWO-HDUYEU6T3*SI5MJ
-------------------------------------------------------[2024-06-12 05:43:38.587]

SOURCE: AIR
RX_ID: 336, Freq: 131.825MHz
Mode: 2 NACKLabel: H2 Block ID: 4, Msg No: M78B
Flight ID: LH0501 REG: D-AIGN


Message content:-
HTKK55UJ9U0M550OAAXHHJPPJJQ
-------------------------------------------------------[2024-06-12 05:51:07.919]

SOURCE: AIR
RX_ID: 337, Freq: 131.825MHz
Mode: 2 NACKLabel: B6 Block ID: 8, Msg No: F36A
Flight ID: EK9745 REG: A6-EFH


Message content:-
/DXBEGEK.ADS.A6-EFH071EF78829C4884D32A09DBAAB
-------------------------------------------------------[2024-06-12 05:54:02.219]

SOURCE: AIR
RX_ID: 338, Freq: 131.525MHz
Mode: T NACKLabel: 2Z Block ID: 7, Msg No: M14A
Flight ID: AF6000 REG: F-GRHF


Message content:-
LFML
-------------------------------------------------------[2024-06-12 06:05:03.319]

SOURCE: AIR
RX_ID: 339, Freq: 131.525MHz
Mode: T NACKLabel: 2F Block ID: 8, Msg No: M15A
Flight ID: AF6000 REG: F-GRHF


Message content:-
0608+4444+480/2135
-------------------------------------------------------[2024-06-12 06:08:53.508]

SOURCE: AIR
RX_ID: 340, Freq: 131.525MHz
Mode: T NACKLabel: 2F Block ID: 8, Msg No: M15A
Flight ID: AF6000 REG: F-GRHF


Message content:-
0608+4444+480/2135
-------------------------------------------------------[2024-06-12 06:09:03.343]

SOURCE: AIR
RX_ID: 341, Freq: 131.525MHz
Mode: T NACKLabel: 2F Block ID: 8, Msg No: M15A
Flight ID: AF6000 REG: F-GRHF


Message content:-
0608+4444+480/2135
-------------------------------------------------------[2024-06-12 06:09:16.033]

SOURCE: AIR
RX_ID: 342, Freq: 131.725MHz
Mode: 2 NACKLabel: 26 Block ID: 1, Msg No: M16A
Flight ID: AF6000 REG: F-GRHF


Message content:-
0614LFPOAF6000/120629LFML31R
-------------------------------------------------------[2024-06-12 06:14:02.138]

SOURCE: AIR
RX_ID: 343, Freq: 131.725MHz
Mode: X NACKLabel: SA Block ID: 3, Msg No: S33A
Flight ID: AF6000 REG: F-GRHF


Message content:-
0EV061458V
-------------------------------------------------------[2024-06-12 06:15:00.724]

SOURCE: AIR
RX_ID: 344, Freq: 131.825MHz
Mode: 2 NACKLabel: 16 Block ID: 9, Msg No: M34A
Flight ID: WB0710 REG: 9XR-WP


Message content:-
061504,38007,0723,  12,N 45.420 E  4.596
-------------------------------------------------------[2024-06-12 06:15:16.889]

SOURCE: AIR
RX_ID: 345, Freq: 131.825MHz
Mode: 2 NACKLabel: H1 Block ID: 5, Msg No: D28A
Flight ID: AA0720 REG: N771AN


Message content:-
#DFBTRP KCLT LIRF 07  8 186   0  0 060359
 46.0257   1.5132370004207604850.0100.003 27.75-104.41 39640-46 217OFF
 45.9076   2.0958370004200804860.0120.004 32.13-118.48 39000-47 217OFF
 45.7840   2.6731370144
-------------------------------------------------------[2024-06-12 06:16:02.565]

SOURCE: AIR
RX_ID: 346, Freq: 131.725MHz
Mode: X NACKLabel: H1 Block ID: 4, Msg No: D12A
Flight ID: AF6000 REG: F-GRHF


Message content:-
#DFBA01/A31901,1,1/CCF-GRHF,JUN12,055338,LFPO,LFML,0051/C106,32139,5000,45,0010,0,0100,45,X/CEN225,31011,267,725,5631,242,C43025/EC645937,00228,01185,00173,73,12/EE645936,00228,01374,00173,73/N10788,0789,0906,5
-------------------------------------------------------[2024-06-12 06:16:04.396]

SOURCE: AIR
RX_ID: 347, Freq: 131.725MHz
Mode: X NACKLabel: H1 Block ID: 5, Msg No: D12B
Flight ID: AF6000 REG: F-GRHF


Message content:-
#DFB486,1120,XXXXX/N20788,0789,0909,5516,1129,XXXXX/S1XXXXX,0574,1222,3955,XXXX,044,000/S2XXXXX,0589,1237,3951,XXXX,043,001/T1099,096,023,36,086,05940,0132/T2099,096,015,41,072,06005,0132/V119,12,121,272,01,00,
-------------------------------------------------------[2024-06-12 06:16:08.308]

SOURCE: AIR
RX_ID: 348, Freq: 131.825MHz
Mode: 2 NACKLabel: H1 Block ID: 6, Msg No: D28B
Flight ID: AA0720 REG: N771AN


Message content:-
#DFB194004870.0320.009 36.38-125.16 38320-48 216OFF
 45.5734   3.1850369884187604830.0120.006 46.75-124.10 37640-50 217OFF
 45.3533   3.6844370094181204860.0140.008 49.13-133.95 37000-53 217OFF
-------------------------------------------------------[2024-06-12 06:16:09.331]

SOURCE: AIR
RX_ID: 349, Freq: 131.725MHz
Mode: X NACKLabel: H1 Block ID: 6, Msg No: D12C
Flight ID: AF6000 REG: F-GRHF


Message content:-
#DFB00000/V213,09,142,261,01,00,00000/V3XX,XX,XXX,XXX,XXXX/V4XX,XX,XXX,XXX,XXXX/V5XX,XX,XXX,XXX,XXXX/V6XX,XX,XXX,XXX,XXXX/V7039,083,00061,22222222222111/V8038,081,00061,22222222222111,/
-------------------------------------------------------[2024-06-12 06:16:11.783]

SOURCE: AIR
RX_ID: 350, Freq: 131.725MHz
Mode: X NACKLabel: H1 Block ID: 7, Msg No: D13A
Flight ID: AF6000 REG: F-GRHF


Message content:-
#DFBA02/A31902,1,1/CCF-GRHF,JUN12,055339,LFPO,LFML,0051/C106,32201,5000,45,0010,0,0100,45,X/CEN224,31019,266,724,5628,242,C43025/CNN223,31020,266,723,5626,242/EC645937,00228,01185,00173,73,23,12/EE645936,00228,
-------------------------------------------------------[2024-06-12 06:16:39.833]

SOURCE: AIR
RX_ID: 351, Freq: 131.725MHz
Mode: X NACKLabel: H1 Block ID: 8, Msg No: D13B
Flight ID: AF6000 REG: F-GRHF


Message content:-
#DFB01374,00173,73/N10788,0789,0906,5486,1120,XXXXX/N20788,0789,0909,5515,1129,XXXXX/S1XXXXX,0574,1222,3955,XXXX,044,000/S2XXXXX,0589,1237,3951,XXXX,043,001/T1099,096,023,36,086,05940,0132/T2099,096,015,41,072,
-------------------------------------------------------[2024-06-12 06:16:43.525]

SOURCE: AIR
RX_ID: 352, Freq: 131.725MHz
Mode: X NACKLabel: H1 Block ID: 9, Msg No: D13C
Flight ID: AF6000 REG: F-GRHF


Message content:-
#DFB06005,0132/V119,12,121,272,01,00,00000/V213,09,142,261,01,00,00000/V3XX,XX,XXX,XXX,XXXX/V4XX,XX,XXX,XXX,XXXX/V5XX,XX,XXX,XXX,XXXX/V6XX,XX,XXX,XXX,XXXX/V7039,083,00061,22222222222111/V8038,081,00061,22222222
-------------------------------------------------------[2024-06-12 06:16:46.817]

SOURCE: AIR
RX_ID: 353, Freq: 131.725MHz
Mode: X NACKLabel: H1 Block ID: 0, Msg No: D13D
Flight ID: AF6000 REG: F-GRHF


Message content:-
#DFB222111/X101237,N004,0021,N000,00002,N011/X201344,0000,0021,N000,00002,N011/X30000,0003,N009,N003,N011,N001,N000/X4N000,N000,N000,0000,0000,0000/X50000,N000,N000,N002,0000,0000/X61740,E0035,N458,073,231,0095
-------------------------------------------------------[2024-06-12 06:16:50.297]

SOURCE: AIR
RX_ID: 354, Freq: 131.725MHz
Mode: X NACKLabel: H1 Block ID: 1, Msg No: D13E
Flight ID: AF6000 REG: F-GRHF


Message content:-
#DFB,0580/X71741,E0035,N458,074,231,0100,0837,/
-------------------------------------------------------[2024-06-12 06:16:53.146]

SOURCE: AIR
RX_ID: 355, Freq: 131.725MHz
Mode: 2 NACKLabel: SA Block ID: 7, Msg No: S55A
Flight ID: GR0000 REG: OKPHE


Message content:-
0EV054654V/
-------------------------------------------------------[2024-06-12 06:56:57.108]

SOURCE: AIR
RX_ID: 356, Freq: 131.725MHz
Mode: X NACKLabel: SA Block ID: 9, Msg No: S55A
Flight ID: GR0000 REG: OKPHE


Message content:-
0EV054654V/
-------------------------------------------------------[2024-06-12 06:57:15.759]

SOURCE: AIR
RX_ID: 357, Freq: 131.725MHz
Mode: X NACKLabel: SA Block ID: 9, Msg No: S55A
Flight ID: GR0000 REG: OKPHE


Message content:-
0EV054654V/
-------------------------------------------------------[2024-06-12 06:57:23.731]

SOURCE: AIR
RX_ID: 358, Freq: 131.725MHz
Mode: X NACKLabel: SA Block ID: 9, Msg No: S55A
Flight ID: GR0000 REG: OKPHE


Message content:-
0EV054654V/
-------------------------------------------------------[2024-06-12 06:57:35.803]

SOURCE: AIR
RX_ID: 359, Freq: 131.725MHz
Mode: 2 NACKLabel: SA Block ID: 1, Msg No: S55A
Flight ID: GR0000 REG: OKPHE


Message content:-
0EV054654V/
-------------------------------------------------------[2024-06-12 06:58:09.812]

SOURCE: AIR
RX_ID: 360, Freq: 131.725MHz
Mode: 2 NACKLabel: SA Block ID: 1, Msg No: S55A
Flight ID: GR0000 REG: OKPHE


Message content:-
0EV054654V/
-------------------------------------------------------[2024-06-12 06:58:15.736]

SOURCE: AIR
RX_ID: 361, Freq: 131.725MHz
Mode: 2 NACKLabel: SA Block ID: 1, Msg No: S55A
Flight ID: GR0000 REG: OKPHE


Message content:-
0EV054654V/
-------------------------------------------------------[2024-06-12 06:58:24.770]

SOURCE: AIR
RX_ID: 362, Freq: 131.725MHz
Mode: 2 NACKLabel: SA Block ID: 1, Msg No: S55A
Flight ID: GR0000 REG: OKPHE


Message content:-
0EV054654V/
-------------------------------------------------------[2024-06-12 06:58:34.789]

SOURCE: AIR
RX_ID: 363, Freq: 131.725MHz
Mode: G NACKLabel: H1 Block ID: 5, Msg No: D26A
Flight ID: KL0104 REG: PH-BVO


Message content:-
#DFB(POS-KLM104  -4353N00459E/071346 F380
RMK/FUEL  13.9 M0.83)
-------------------------------------------------------[2024-06-12 07:13:48.606]

SOURCE: AIR
RX_ID: 364, Freq: 131.725MHz
Mode: G NACKLabel: H1 Block ID: 1, Msg No: D26B
Flight ID: AF6003 REG: F-GRHF


Message content:-
#DFB0,00,7130/N202,00,00,00,00,02,00,00,7160/S10802,0802,0945,7130,2862,2835,0877/S20798,0798,0944,7160,2863,2822,0873/T14765,0968,215,138,----,029,028/T24740,0965,210,138,----,029,035/V119,12,148,272,01,00,000
-------------------------------------------------------[2024-06-12 07:25:25.560]

SOURCE: AIR
RX_ID: 365, Freq: 131.725MHz
Mode: G NACKLabel: H1 Block ID: 2, Msg No: D26C
Flight ID: AF6003 REG: F-GRHF


Message content:-
#DFB00/V213,16,150,268,01,00,00000/V3047,077,1,1,00080,00010,2221/V4046,077,1,1,00080,00010,2221/X114750,0167,100,037,1504/X214750,0165,099,036,1508/
-------------------------------------------------------[2024-06-12 07:25:29.474]

SOURCE: AIR
RX_ID: 366, Freq: 131.725MHz
Mode: G NACKLabel: 2T Block ID: 4, Msg No: M33A
Flight ID: AF6003 REG: F-GRHF


Message content:-
4
-------------------------------------------------------[2024-06-12 07:27:30.306]

SOURCE: AIR
RX_ID: 367, Freq: 131.725MHz
Mode: G NACKLabel: B9 Block ID: 6, Msg No: L06A
Flight ID: AF6003 REG: F-GRHF


Message content:-
/LFPO.TI2/064LFPOAB1AF
-------------------------------------------------------[2024-06-12 07:35:48.561]

SOURCE: AIR
RX_ID: 368, Freq: 131.725MHz
Mode: G NACKLabel: 2F Block ID: 9, Msg No: M34A
Flight ID: AF6003 REG: F-GRHF


Message content:-
0739+4472+461/3342
-------------------------------------------------------[2024-06-12 07:39:30.990]

SOURCE: AIR
RX_ID: 369, Freq: 131.725MHz
Mode: G NACKLabel: 26 Block ID: 0, Msg No: M35A
Flight ID: AF6003 REG: F-GRHF


Message content:-
0744LFMLAF6003/120829LFPO06 
-------------------------------------------------------[2024-06-12 07:44:03.160]

SOURCE: AIR
RX_ID: 370, Freq: 131.725MHz
Mode: 2 NACKLabel: SA Block ID: 5, Msg No: S13A
Flight ID: GR0000 REG: FHRDG


Message content:-
0EV082137V/
-------------------------------------------------------[2024-06-12 08:23:41.365]

SOURCE: AIR
RX_ID: 371, Freq: 131.725MHz
Mode: 2 NACKLabel: SA Block ID: 8, Msg No: M13A
Flight ID: AH1022 REG: 7T-VKD


Message content:-
0EV082519V
-------------------------------------------------------[2024-06-12 08:25:21.097]

SOURCE: AIR
RX_ID: 372, Freq: 131.725MHz
Mode: 2 NACKLabel: H1 Block ID: 9, Msg No: D01A
Flight ID: AH1022 REG: 7T-VKD


Message content:-
#DFB411017T-VKDB737-80012JUN24AH1022DAAGLFML1687AH709C
075211CR541736001253766-521-261N39316E004090131360
08670867091509140615062800190015
024790247900610061045042109107
020026022044011003001007
2551552671
-------------------------------------------------------[2024-06-12 08:25:26.839]

SOURCE: AIR
RX_ID: 373, Freq: 131.725MHz
Mode: 2 NACKLabel: H1 Block ID: 0, Msg No: D01B
Flight ID: AH1022 REG: 7T-VKD


Message content:-
#DFB72000
11000000111708680867000000001
018CE018CE0000000000000090000939A0639806
020000500010000200007F0925F0920000000000
40842408478647948045347E6D7BA6BB
03290326100099066067-0040004XXXXXXXX
033403341140
-------------------------------------------------------[2024-06-12 08:25:30.935]

SOURCE: AIR
RX_ID: 374, Freq: 131.725MHz
Mode: 2 NACKLabel: H1 Block ID: 1, Msg No: D01C
Flight ID: AH1022 REG: 7T-VKD


Message content:-
#DFB11150520500403040361506275
1101110111111111X011110101690030721
1101110111111111X011110101690030721

-------------------------------------------------------[2024-06-12 08:25:34.816]

SOURCE: AIR
RX_ID: 375, Freq: 131.725MHz
Mode: 2 NACKLabel: H1 Block ID: 2, Msg No: D02A
Flight ID: AH1022 REG: 7T-VKD


Message content:-
#DFBAPM0007T-VKD---0000037DAH1022/DAAGLFML120624075210,,,765,,,2528,,,-2600,,,36002,,,131320,,,2476,2471,,,08674,08671,,,000,5103,,,0,0,,0,0,,0,0,0,0,0,0,,+395263,,,,,,+0012,,,+071,,,+0084,,,-00031,-0008,,,,,,1
-------------------------------------------------------[2024-06-12 08:25:45.272]

SOURCE: AIR
RX_ID: 376, Freq: 131.725MHz
Mode: 2 NACKLabel: H1 Block ID: 3, Msg No: D02B
Flight ID: AH1022 REG: 7T-VKD


Message content:-
#DFB8680,,,,,,,,00080,00220,,,,,,,,135360,135360,,,,,,,,22720,,,,,,,,8647940,00804534,,,,,,,,,,0915,0914,,,,,,,6150,6277,,,,,,,-520,,,-011,,,-004,,,+026,,,+057,+05,+08,+002,+023,,,+003,,+028,+028,,,+18,+09,,,-0
-------------------------------------------------------[2024-06-12 08:25:49.771]

SOURCE: AIR
RX_ID: 377, Freq: 131.725MHz
Mode: 2 NACKLabel: H1 Block ID: 4, Msg No: D02C
Flight ID: AH1022 REG: 7T-VKD


Message content:-
#DFB00,,,-000,,,+102,,,-01324,,,

-------------------------------------------------------[2024-06-12 08:25:53.865]

SOURCE: AIR
RX_ID: 378, Freq: 131.725MHz
Mode: 2 NACKLabel: SA Block ID: 5, Msg No: S19A
Flight ID: GR0000 REG: FHRDG


Message content:-
0EV082442V/
-------------------------------------------------------[2024-06-12 08:28:27.248]

SOURCE: AIR
RX_ID: 379, Freq: 131.725MHz
Mode: 2 NACKLabel: SA Block ID: 5, Msg No: S19A
Flight ID: GR0000 REG: FHRDG


Message content:-
0EV082442V/
-------------------------------------------------------[2024-06-12 08:28:37.088]

SOURCE: AIR
RX_ID: 380, Freq: 131.725MHz
Mode: 2 NACKLabel: SA Block ID: 5, Msg No: S19A
Flight ID: GR0000 REG: FHRDG


Message content:-
0EV082442V/
-------------------------------------------------------[2024-06-12 08:28:49.155]

SOURCE: AIR
RX_ID: 381, Freq: 131.725MHz
Mode: 2 NACKLabel: SA Block ID: 5, Msg No: S19A
Flight ID: GR0000 REG: FHRDG


Message content:-
0EV082442V/
-------------------------------------------------------[2024-06-12 08:29:01.260]

SOURCE: AIR
RX_ID: 382, Freq: 131.725MHz
Mode: 2 NACKLabel: SA Block ID: 5, Msg No: S19A
Flight ID: GR0000 REG: FHRDG


Message content:-
0EV082442V/
-------------------------------------------------------[2024-06-12 08:29:08.614]

SOURCE: AIR
RX_ID: 383, Freq: 131.725MHz
Mode: 2 NACKLabel: SA Block ID: 5, Msg No: S19A
Flight ID: GR0000 REG: FHRDG


Message content:-
0EV082442V/
-------------------------------------------------------[2024-06-12 08:29:18.267]

SOURCE: AIR
RX_ID: 384, Freq: 131.825MHz
Mode: 2 NACKLabel: 5Z Block ID: 8, Msg No: M39A
Flight ID: AA0290 REG: N757AN


Message content:-
OS LIRF /FMR33259702
-------------------------------------------------------[2024-06-12 08:29:31.140]

SOURCE: AIR
RX_ID: 385, Freq: 131.725MHz
Mode: 2 NACKLabel: SA Block ID: 8, Msg No: S26A
Flight ID: GR0000 REG: FHRDG


Message content:-
0EV082936V/
-------------------------------------------------------[2024-06-12 08:29:37.505]

SOURCE: AIR
RX_ID: 386, Freq: 131.825MHz
Mode: 2 NACKLabel: 8F Block ID: 2, Msg No: M09A
Flight ID: FR0000 REG: 9H-QBQ


Message content:-
003247,C,LIME
-------------------------------------------------------[2024-06-12 08:33:39.572]

SOURCE: AIR
RX_ID: 387, Freq: 131.825MHz
Mode: 2 NACKLabel: 8A Block ID: 4, Msg No: M11A
Flight ID: FR0000 REG: 9H-QBQ


Message content:-
003621,C,LIME
-------------------------------------------------------[2024-06-12 08:34:04.149]

SOURCE: AIR
RX_ID: 388, Freq: 131.825MHz
Mode: 2 NACKLabel: 8F Block ID: 5, Msg No: M14A
Flight ID: FR0000 REG: 9H-QBQ


Message content:-
004318,O,LIME
-------------------------------------------------------[2024-06-12 08:34:11.132]

SOURCE: AIR
RX_ID: 389, Freq: 131.825MHz
Mode: 2 NACKLabel: 8F Block ID: 5, Msg No: M14A
Flight ID: FR0000 REG: 9H-QBQ


Message content:-
004318,O,LIME
-------------------------------------------------------[2024-06-12 08:34:29.346]

SOURCE: AIR
RX_ID: 390, Freq: 131.725MHz
Mode: 2 NACKLabel: SA Block ID: 3, Msg No: S26A
Flight ID: GR0000 REG: FHRDG


Message content:-
0EV082936V/
-------------------------------------------------------[2024-06-12 08:34:37.538]

SOURCE: AIR
RX_ID: 391, Freq: 131.725MHz
Mode: 2 NACKLabel: SA Block ID: 3, Msg No: S26A
Flight ID: GR0000 REG: FHRDG


Message content:-
0EV082936V/
-------------------------------------------------------[2024-06-12 08:34:43.464]

SOURCE: AIR
RX_ID: 392, Freq: 131.825MHz
Mode: 2 NACKLabel: 8S Block ID: 0, Msg No: M42A
Flight ID: FR2255 REG: 9H-QBQ


Message content:-
055448,C,LIEA
-------------------------------------------------------[2024-06-12 08:35:03.138]

SOURCE: AIR
RX_ID: 393, Freq: 131.825MHz
Mode: 2 NACKLabel: 8C Block ID: 3, Msg No: M45A
Flight ID: FR2255 REG: 9H-QBQ


Message content:-
061539,C,LIEA
-------------------------------------------------------[2024-06-12 08:35:22.374]

SOURCE: AIR
RX_ID: 394, Freq: 131.825MHz
Mode: 2 NACKLabel: H1 Block ID: 3, Msg No: F15A
Flight ID: AA0290 REG: N757AN


Message content:-
#M1BPOSN44367E005115,BEP-33,083531,390,RET-34,083820,KOLON,M50,23743,461323E
-------------------------------------------------------[2024-06-12 08:35:33.455]

SOURCE: AIR
RX_ID: 395, Freq: 131.725MHz
Mode: G NACKLabel: SA Block ID: 2, Msg No: S26A
Flight ID: GR0000 REG: FHRDG


Message content:-
0EV082936V/
-------------------------------------------------------[2024-06-12 08:36:23.635]

SOURCE: AIR
RX_ID: 396, Freq: 131.725MHz
Mode: G NACKLabel: SA Block ID: 2, Msg No: S26A
Flight ID: GR0000 REG: FHRDG


Message content:-
0EV082936V/
-------------------------------------------------------[2024-06-12 08:36:29.562]

SOURCE: AIR
RX_ID: 397, Freq: 131.825MHz
Mode: 2 NACKLabel: 8S Block ID: 9, Msg No: M59A
Flight ID: FR0000 REG: 9H-QBQ


Message content:-
073532,O,LIME
-------------------------------------------------------[2024-06-12 08:36:31.425]

SOURCE: AIR
RX_ID: 398, Freq: 131.725MHz
Mode: X NACKLabel: SA Block ID: 3, Msg No: S26A
Flight ID: GR0000 REG: FHRDG


Message content:-
0EV082936V/
-------------------------------------------------------[2024-06-12 08:36:49.640]

SOURCE: AIR
RX_ID: 399, Freq: 131.725MHz
Mode: X NACKLabel: SA Block ID: 6, Msg No: S26A
Flight ID: GR0000 REG: FHRDG


Message content:-
0EV082936V/
-------------------------------------------------------[2024-06-12 08:37:17.506]

SOURCE: AIR
RX_ID: 400, Freq: 131.825MHz
Mode: 2 NACKLabel: 8F Block ID: 8, Msg No: M19A
Flight ID: FR0000 REG: 9H-QBQ


Message content:-
005340,C,LIME
-------------------------------------------------------[2024-06-12 08:37:31.623]

SOURCE: AIR
RX_ID: 401, Freq: 131.725MHz
Mode: X NACKLabel: SA Block ID: 6, Msg No: S26A
Flight ID: GR0000 REG: FHRDG


Message content:-
0EV082936V/
-------------------------------------------------------[2024-06-12 08:37:33.454]

SOURCE: AIR
RX_ID: 402, Freq: 131.725MHz
Mode: E NACKLabel: SA Block ID: 7, Msg No: S26A
Flight ID: GR0000 REG: FHRDG


Message content:-
0EV082936V/
-------------------------------------------------------[2024-06-12 08:37:41.461]

SOURCE: AIR
RX_ID: 403, Freq: 131.725MHz
Mode: E NACKLabel: SA Block ID: 7, Msg No: S26A
Flight ID: GR0000 REG: FHRDG


Message content:-
0EV082936V/
-------------------------------------------------------[2024-06-12 08:37:48.410]

SOURCE: AIR
RX_ID: 404, Freq: 131.725MHz
Mode: E NACKLabel: SA Block ID: 7, Msg No: S26A
Flight ID: GR0000 REG: FHRDG


Message content:-
0EV082936V/
-------------------------------------------------------[2024-06-12 08:37:56.420]

SOURCE: AIR
RX_ID: 405, Freq: 131.825MHz
Mode: 2 NACKLabel: 8A Block ID: 4, Msg No: M25A
Flight ID: FR2254 REG: 9H-QBQ


Message content:-
041152,C,LIME
-------------------------------------------------------[2024-06-12 08:38:07.867]

SOURCE: AIR
RX_ID: 406, Freq: 131.825MHz
Mode: 2 NACKLabel: H1 Block ID: 4, Msg No: F16A
Flight ID: AA0290 REG: N757AN


Message content:-
#M1BPOSN44235E005382,RET-34,083820,390,KOLON,084650,RAPUR,M51,23146,4551202
-------------------------------------------------------[2024-06-12 08:38:22.208]

SOURCE: AIR
RX_ID: 407, Freq: 131.825MHz
Mode: 2 NACKLabel: 8C Block ID: 7, Msg No: M28A
Flight ID: FR2254 REG: 9H-QBQ


Message content:-
041546,C,LIME
-------------------------------------------------------[2024-06-12 08:38:26.919]

SOURCE: AIR
RX_ID: 408, Freq: 131.725MHz
Mode: G NACKLabel: SA Block ID: 0, Msg No: S26A
Flight ID: GR0000 REG: FHRDG


Message content:-
0EV082936V/
-------------------------------------------------------[2024-06-12 08:38:30.395]

SOURCE: AIR
RX_ID: 409, Freq: 131.725MHz
Mode: G NACKLabel: SA Block ID: 0, Msg No: S26A
Flight ID: GR0000 REG: FHRDG


Message content:-
0EV082936V/
-------------------------------------------------------[2024-06-12 08:38:37.782]

SOURCE: AIR
RX_ID: 410, Freq: 131.825MHz
Mode: 2 NACKLabel: QT Block ID: 0, Msg No: M13A
Flight ID: FR0000 REG: 9H-QBQ


Message content:-
LIME----00360043 107
-------------------------------------------------------[2024-06-12 08:38:45.755]

SOURCE: AIR
RX_ID: 411, Freq: 131.725MHz
Mode: G NACKLabel: SA Block ID: 0, Msg No: S26A
Flight ID: GR0000 REG: FHRDG


Message content:-
0EV082936V/
-------------------------------------------------------[2024-06-12 08:38:47.406]

SOURCE: AIR
RX_ID: 412, Freq: 131.825MHz
Mode: 2 NACKLabel: QQ Block ID: 2, Msg No: M31A
Flight ID: FR2254 REG: 9H-QBQ


Message content:-
LIMELIEA04420433
-------------------------------------------------------[2024-06-12 08:38:57.859]

SOURCE: AIR
RX_ID: 413, Freq: 131.725MHz
Mode: G NACKLabel: SA Block ID: 0, Msg No: S26A
Flight ID: GR0000 REG: FHRDG


Message content:-
0EV082936V/
-------------------------------------------------------[2024-06-12 08:38:58.042]

SOURCE: AIR
RX_ID: 414, Freq: 131.725MHz
Mode: X NACKLabel: SA Block ID: 3, Msg No: S26A
Flight ID: GR0000 REG: FHRDG


Message content:-
0EV082936V/
-------------------------------------------------------[2024-06-12 08:39:07.259]

SOURCE: AIR
RX_ID: 415, Freq: 131.725MHz
Mode: E NACKLabel: SA Block ID: 4, Msg No: S26A
Flight ID: GR0000 REG: FHRDG


Message content:-
0EV082936V/
-------------------------------------------------------[2024-06-12 08:39:28.364]

SOURCE: AIR
RX_ID: 416, Freq: 131.825MHz
Mode: 2 NACKLabel: QP Block ID: 9, Msg No: M64A
Flight ID: FR03XX REG: 9H-QBQ


Message content:-
LIMELEIB0802 184     
-------------------------------------------------------[2024-06-12 08:39:42.702]

SOURCE: AIR
RX_ID: 417, Freq: 131.825MHz
Mode: 2 NACKLabel: QQ Block ID: 0, Msg No: M65A
Flight ID: FR03XX REG: 9H-QBQ


Message content:-
LIMELEIB08130802
-------------------------------------------------------[2024-06-12 08:39:48.849]

SOURCE: AIR
RX_ID: 418, Freq: 131.825MHz
Mode: 2 NACKLabel: H1 Block ID: 5, Msg No: D42A
Flight ID: AA0290 REG: N757AN


Message content:-
#DFBTRP KDFW LIRF 07  8 118   5  0 083213
 45.6003   2.5397390034196404870.0100.004 28.62-118.83 49440-47 197OFF
 45.4154   3.0734389994190004900.0200.008 29.00-128.32 48800-47 197OFF
 45.2290   3.6004389944
-------------------------------------------------------[2024-06-12 08:44:17.539]

SOURCE: AIR
RX_ID: 419, Freq: 131.825MHz
Mode: 2 NACKLabel: H1 Block ID: 6, Msg No: D42B
Flight ID: AA0290 REG: N757AN


Message content:-
#DFB183204860.0140.009 37.75-129.73 48120-48 197OFF
 45.0409   4.1226390024176804790.0140.006 42.88-121.64 47480-49 197OFF
 44.8489   4.6458390064170404850.0170.006 39.88-121.29 46840-50 197OFF
-------------------------------------------------------[2024-06-12 08:44:24.528]

SOURCE: AIR
RX_ID: 420, Freq: 131.825MHz
Mode: 2 NACKLabel: 5D Block ID: 7, Msg No: M40A
Flight ID: AA0290 REG: N757AN


Message content:-
LIRFC046
-------------------------------------------------------[2024-06-12 08:46:24.333]

SOURCE: AIR
RX_ID: 421, Freq: 131.825MHz
Mode: 2 NACKLabel: H1 Block ID: 9, Msg No: F17A
Flight ID: AA0290 REG: N757AN


Message content:-
#M1BPOSN43459E006594,KOL-35,084645,390,RAP-36,085736,RAT-37,M51,23554,4376DBF
-------------------------------------------------------[2024-06-12 08:46:47.667]

SOURCE: AIR
RX_ID: 422, Freq: 131.825MHz
Mode: 2 NACKLabel: SA Block ID: 6, Msg No: S14A
Flight ID: FR03XX REG: 9H-QBQ


Message content:-
0EV084914V/
-------------------------------------------------------[2024-06-12 08:49:19.218]

SOURCE: AIR
RX_ID: 423, Freq: 131.825MHz
Mode: 2 NACKLabel: B1 Block ID: 3, Msg No: M52A
Flight ID: NW0183 REG: N812NW


Message content:-
/PIKCLXS.OC1/RCL 040
DL183-TULTA/1023 M081F360
-RMK/MAX FL 360D3CA
-------------------------------------------------------[2024-06-12 08:58:04.534]

SOURCE: AIR
RX_ID: 424, Freq: 131.725MHz
Mode: E NACKLabel: H1 Block ID: 3, Msg No: D35A
Flight ID: DL0024 REG: N830MH


Message content:-
#DFB239N1806 0024061224085925813 4474   465350-24-53228 64XX-223 21720
 276 4910032121620030IH-KATLLFMN
-------------------------------------------------------[2024-06-12 08:59:41.598]

SOURCE: AIR
RX_ID: 425, Freq: 131.725MHz
Mode: 2 NACKLabel: 15 Block ID: 4, Msg No: M03A
Flight ID: GS0001 REG: CESSNA


Message content:-
(2N44439E  5505--- 39409-46(Z
-------------------------------------------------------[2024-06-12 09:00:35.466]

SOURCE: AIR
RX_ID: 426, Freq: 131.725MHz
Mode: E NACKLabel: B9 Block ID: 4, Msg No: L02A
Flight ID: DL0024 REG: N830MH


Message content:-
/LFMN.TI2/024LFMNC6228
-------------------------------------------------------[2024-06-12 09:03:37.558]

SOURCE: AIR
RX_ID: 427, Freq: 131.725MHz
Mode: E NACKLabel: H1 Block ID: 7, Msg No: D36A
Flight ID: DL0024 REG: N830MH


Message content:-
#DFBENGINE BLEED REPORT

AID:N1806  DA:12/06    GMT:09:08    FNO:3315      ISFC: 1374
TAT:  62  SAT:-173   ALT: 18548   MACH:0679    FCNT:  109
GW:306440  FLT:0024-1  MODE:DESC    SID:AK-67-223
S/N L:70700
-------------------------------------------------------[2024-06-12 09:08:57.048]

SOURCE: AIR
RX_ID: 428, Freq: 131.725MHz
Mode: E NACKLabel: H1 Block ID: 8, Msg No: D36B
Flight ID: DL0024 REG: N830MH


Message content:-
#DFB0         DEPART:KATL    DESTIN:LFMN
S/N R:707000

               ENG L     ENG R
HPSOV          OPN       OPN
PRV            OPN       OPN
PRSOV          OPN       OPN
FAV %            -268     -022
-------------------------------------------------------[2024-06-12 09:09:00.523]

SOURCE: AIR
RX_ID: 429, Freq: 131.725MHz
Mode: E NACKLabel: H1 Block ID: 9, Msg No: D36C
Flight ID: DL0024 REG: N830MH


Message content:-
#DFB
N1 SPD          4075     4050
HI STG PRESS    4450     4450
INTERM PRESS1    2716     3550
INTERM PRESS2    3439     3442
STRUT OVHT     NRML      NRML
DUCT PRESS       2738     2738
P-COOL TEMP    
-------------------------------------------------------[2024-06-12 09:09:04.401]

SOURCE: AIR
RX_ID: 430, Freq: 131.725MHz
Mode: E NACKLabel: H1 Block ID: 0, Msg No: D36D
Flight ID: DL0024 REG: N830MH


Message content:-
#DFB35619    36066
PACK HX TEMP    32584    32388
PACK FLOW       12241    11708
WING ANTI ICE  OFF
LT  ISO VLV    CLS
RT  ISO VLV    CLS
CTR ISO VLV    OPN

TRIGGER CODE   0000

STATUS WORDS  DW1  DW
-------------------------------------------------------[2024-06-12 09:09:09.519]

SOURCE: AIR
RX_ID: 431, Freq: 131.725MHz
Mode: E NACKLabel: H1 Block ID: 1, Msg No: D36E
Flight ID: DL0024 REG: N830MH


Message content:-
#DFB2  DW3  DW4  DW5  DW6  DW7  DW8  EICAS
LEFT          0000 0081 0000 0000 0000 0000 1040 0000 0004
RIGHT         0000 0001 0000 0000 0000 0000 1040 0000 0000

-------------------------------------------------------[2024-06-12 09:09:13.434]

SOURCE: AIR
RX_ID: 432, Freq: 131.725MHz
Mode: E NACKLabel: H1 Block ID: 1, Msg No: D36E
Flight ID: DL0024 REG: N830MH


Message content:-
#DFB2  DW3  DW4  DW5  DW6  DW7  DW8  EICAS
LEFT          0000 0081 0000 0000 0000 0000 1040 0000 0004
RIGHT         0000 0001 0000 0000 0000 0000 1040 0000 0000

-------------------------------------------------------[2024-06-12 09:09:23.672]

SOURCE: AIR
RX_ID: 433, Freq: 131.725MHz
Mode: E NACKLabel: B1 Block ID: 2, Msg No: L56A
Flight ID: DL0025 REG: N832MH


Message content:-
/PIKCLXS.OC1/RCL 024
DAL25-RIVAK/1030 M082F300B9BB
-------------------------------------------------------[2024-06-12 09:09:37.572]

SOURCE: AIR
RX_ID: 434, Freq: 131.725MHz
Mode: E NACKLabel: B1 Block ID: 4, Msg No: L57A
Flight ID: DL0025 REG: N832MH


Message content:-
/PIKCLXS.OC1/RCL 024
DAL25-SIVIR/1034 M082F3001C27
-------------------------------------------------------[2024-06-12 09:10:02.587]

SOURCE: AIR
RX_ID: 435, Freq: 131.725MHz
Mode: E NACKLabel: 4H Block ID: 6, Msg No: M05A
Flight ID: DL0025 REG: N832MH


Message content:-
12094H LFMN KATL6
  
WPR RESET





-------------------------------------------------------[2024-06-12 09:14:10.981]

SOURCE: AIR
RX_ID: 436, Freq: 131.725MHz
Mode: 2 NACKLabel: 15 Block ID: 5, Msg No: M04A
Flight ID: GS0001 REG: CESSNA


Message content:-
(2N43195E  4545--- 43410-48(Z
-------------------------------------------------------[2024-06-12 09:15:33.521]

SOURCE: AIR
RX_ID: 437, Freq: 131.725MHz
Mode: E NACKLabel: H1 Block ID: 9, Msg No: D61A
Flight ID: DL0025 REG: N832MH


Message content:-
#DFB239N1808 0025061224091601812 4500   525300-11-42227 64XX-223126800
 309 46001032943000B020)LFMNKATL
-------------------------------------------------------[2024-06-12 09:16:25.124]

SOURCE: AIR
RX_ID: 438, Freq: 131.725MHz
Mode: E NACKLabel: H1 Block ID: 0, Msg No: F48A
Flight ID: DL0025 REG: N832MH


Message content:-
#M1BPOSN45114E004382,ETR01,092001,300,NOQ02,092159,LER03,M43,22669,1274,8165688
-------------------------------------------------------[2024-06-12 09:20:03.056]

SOURCE: AIR
RX_ID: 439, Freq: 131.825MHz
Mode: 2 NACKLabel: B6 Block ID: 7, Msg No: F12A
Flight ID: EK9746 REG: A6-EFH


Message content:-
/DXBEGEK.ADS.A6-EFH071FF06011498985A8C09D7201
-------------------------------------------------------[2024-06-12 09:43:30.856]

SOURCE: AIR
RX_ID: 440, Freq: 131.725MHz
Mode: E NACKLabel: SA Block ID: 4, Msg No: M54A
Flight ID: GS0000 REG: FRAFP


Message content:-
0EV094651VS/
-------------------------------------------------------[2024-06-12 09:46:58.109]

SOURCE: AIR
RX_ID: 441, Freq: 131.725MHz
Mode: 2 NACKLabel: 16 Block ID: 6, Msg No: M65A
Flight ID: XA0001 REG: 9HXOA


Message content:-
(2AAAAN44423E  5112LIBF-/O(Z
-------------------------------------------------------[2024-06-12 09:55:19.692]

SOURCE: AIR
RX_ID: 442, Freq: 131.725MHz
Mode: 2 NACKLabel: 18 Block ID: 9, Msg No: M78A
Flight ID: XA0001 REG: 9HXOA


Message content:-
(2/IHD
-------------------------------------------------------[2024-06-12 09:56:28.703]

SOURCE: AIR
RX_ID: 443, Freq: 131.825MHz
Mode: 2 NACKLabel: H1 Block ID: 6, Msg No: F14A
Flight ID: NW0113 REG: N809NW


Message content:-
#M1BPOSN43390E007232,PIGOS,095651,360,NOVAN,110411,BEDRA,M55,22949,1227/TS095651,120624FBF3
-------------------------------------------------------[2024-06-12 09:57:35.486]

SOURCE: AIR
RX_ID: 444, Freq: 131.725MHz
Mode: 2 NACKLabel: 16 Block ID: 0, Msg No: M79A
Flight ID: XA0001 REG: 9HXOA


Message content:-
(2AAABN44115E  6072LIBF-/O(Z
-------------------------------------------------------[2024-06-12 10:01:47.174]

SOURCE: AIR
RX_ID: 445, Freq: 131.725MHz
Mode: 2 NACKLabel: 18 Block ID: 4, Msg No: M93A
Flight ID: XA0001 REG: 9HXOA


Message content:-
(2/IID
-------------------------------------------------------[2024-06-12 10:03:29.174]

SOURCE: AIR
RX_ID: 446, Freq: 131.725MHz
Mode: 2 ACK, A2GLabel: 18 Block ID: 8, Msg No: M18A
Flight ID: XA0001 REG: 9HXOA


Message content:-
(2/IJB
-------------------------------------------------------[2024-06-12 10:08:49.284]

SOURCE: AIR
RX_ID: 447, Freq: 131.725MHz
Mode: 2 ACK, A2GLabel: 18 Block ID: 8, Msg No: M28A
Flight ID: XA0001 REG: 9HXOA


Message content:-
(2/IKC
-------------------------------------------------------[2024-06-12 10:09:31.670]

SOURCE: AIR
RX_ID: 448, Freq: 131.725MHz
Mode: 2 ACK, A2GLabel: 14 Block ID: 8, Msg No: M38A
Flight ID: XA0001 REG: 9HXOA


Message content:-
(2/FMD
-------------------------------------------------------[2024-06-12 10:10:06.487]

SOURCE: AIR
RX_ID: 449, Freq: 131.725MHz
Mode: 2 NACKLabel: 18 Block ID: 9, Msg No: M39A
Flight ID: XA0001 REG: 9HXOA


Message content:-
(2/ILA
-------------------------------------------------------[2024-06-12 10:10:09.742]

SOURCE: AIR
RX_ID: 450, Freq: 131.825MHz
Mode: 2 NACKLabel: H1 Block ID: 5, Msg No: F15A
Flight ID: NW0113 REG: N809NW


Message content:-
#M1BRESPWI/AK8,071/TS101203,1206243D33
-------------------------------------------------------[2024-06-12 10:12:05.054]

SOURCE: AIR
RX_ID: 451, Freq: 131.825MHz
Mode: 2 NACKLabel: H1 Block ID: 5, Msg No: F15A
Flight ID: NW0113 REG: N809NW


Message content:-
#M1BRESPWI/AK8,071/TS101203,1206243D33
-------------------------------------------------------[2024-06-12 10:12:29.631]

SOURCE: AIR
RX_ID: 452, Freq: 131.825MHz
Mode: 2 NACKLabel: H1 Block ID: 6, Msg No: F16A
Flight ID: NW0113 REG: N809NW


Message content:-
#M1BRESPWI/AC8,085/TS101245,120624ED63
-------------------------------------------------------[2024-06-12 10:13:22.073]

SOURCE: AIR
RX_ID: 453, Freq: 131.825MHz
Mode: 2 NACKLabel: H1 Block ID: 6, Msg No: F16A
Flight ID: NW0113 REG: N809NW


Message content:-
#M1BRESPWI/AC8,085/TS101245,120624ED63
-------------------------------------------------------[2024-06-12 10:13:42.152]

SOURCE: AIR
RX_ID: 454, Freq: 131.525MHz
Mode: T NACKLabel: 2Z Block ID: 2, Msg No: M62A
Flight ID: AF6208 REG: F-GRHF


Message content:-
LFMN
-------------------------------------------------------[2024-06-12 10:21:02.874]

SOURCE: AIR
RX_ID: 455, Freq: 131.525MHz
Mode: T NACKLabel: 2F Block ID: 4, Msg No: M63A
Flight ID: AF6208 REG: F-GRHF


Message content:-
1023+4437+525/3342
-------------------------------------------------------[2024-06-12 10:23:36.882]

SOURCE: AIR
RX_ID: 456, Freq: 131.525MHz
Mode: T NACKLabel: 26 Block ID: 5, Msg No: M64A
Flight ID: AF6208 REG: F-GRHF


Message content:-
1028LFPOAF6208/121043LFMN04L
-------------------------------------------------------[2024-06-12 10:28:02.323]

SOURCE: AIR
RX_ID: 457, Freq: 131.825MHz
Mode: 2 NACKLabel: H1 Block ID: 7, Msg No: D48A
Flight ID: AA0721 REG: N771AN


Message content:-
#DFBTRP LIRF KCLT 07  8 192   0  0 105445
 42.6735  10.2063297165790804940.0350.023 68.75-126.56183160-39 305OFF
 42.9148   9.7814319945778404940.0150.008 73.37-132.19181920-45 275OFF
 43.0618   9.3006320035
-------------------------------------------------------[2024-06-12 11:06:48.874]

SOURCE: AIR
RX_ID: 458, Freq: 131.825MHz
Mode: 2 NACKLabel: H1 Block ID: 8, Msg No: D48B
Flight ID: AA0721 REG: N771AN


Message content:-
#DFB769204930.0090.005 55.13-125.16181000-46 274OFF
 43.2084   8.8105320025759604950.0050.003 47.63-127.62180080-48 274OFF
 43.3534   8.3146320015750404930.0110.008 48.13-131.48179160-48 274OFF
-------------------------------------------------------[2024-06-12 11:06:55.019]

SOURCE: AIR
RX_ID: 459, Freq: 131.725MHz
Mode: E NACKLabel: B9 Block ID: 4, Msg No: J28A
Flight ID: P64812 REG: EC-NZJ


Message content:-
/LEMD.TI2/000LEMDA503F
-------------------------------------------------------[2024-06-12 11:10:14.885]

SOURCE: AIR
RX_ID: 460, Freq: 131.725MHz
Mode: E NACKLabel: 16 Block ID: 6, Msg No: M55A
Flight ID: SN039G REG: OO-SFC


Message content:-
12JUN24,1113,N 44.254,E  3.625,37001,1639,102200
-------------------------------------------------------[2024-06-12 11:13:55.667]

SOURCE: AIR
RX_ID: 461, Freq: 131.725MHz
Mode: E NACKLabel: 16 Block ID: 6, Msg No: M55A
Flight ID: SN039G REG: OO-SFC


Message content:-
12JUN24,1113,N 44.254,E  3.625,37001,1639,102200
-------------------------------------------------------[2024-06-12 11:14:08.174]

SOURCE: AIR
RX_ID: 462, Freq: 131.725MHz
Mode: E NACKLabel: 16 Block ID: 6, Msg No: M55A
Flight ID: SN039G REG: OO-SFC


Message content:-
12JUN24,1113,N 44.254,E  3.625,37001,1639,102200
-------------------------------------------------------[2024-06-12 11:14:17.975]

SOURCE: AIR
RX_ID: 463, Freq: 131.725MHz
Mode: G NACKLabel: H1 Block ID: 7, Msg No: A11A
Flight ID: XA0000 REG: OKJNT


Message content:-
#M1B
-------------------------------------------------------[2024-06-12 11:37:06.521]

SOURCE: AIR
RX_ID: 464, Freq: 131.825MHz
Mode: 2 NACKLabel: 15 Block ID: 8, Msg No: M01A
Flight ID: BA0082 REG: G-VIIM


Message content:-
FST01DNAAEGLLN434222E0050671400 125 302 M48C 3823734435050511600013041143
-------------------------------------------------------[2024-06-12 11:43:23.956]

SOURCE: AIR
RX_ID: 465, Freq: 131.725MHz
Mode: G NACKLabel: H1 Block ID: 4, Msg No: C57A
Flight ID: TS0435 REG: C-GUBC


Message content:-
#CFB.1/WRN/WN2406121144  383100506MAINTENANCE STATUS      TOILET
-------------------------------------------------------[2024-06-12 11:44:14.575]

SOURCE: AIR
RX_ID: 466, Freq: 131.725MHz
Mode: G NACKLabel: 81 Block ID: 9, Msg No: M52A
Flight ID: TS0435 REG: C-GUBC


Message content:-
ACK ETOPS WX







-------------------------------------------------------[2024-06-12 11:51:08.868]

SOURCE: AIR
RX_ID: 467, Freq: 131.525MHz
Mode: T NACKLabel: 2Z Block ID: 5, Msg No: M83A
Flight ID: AF7306 REG: F-GMZE


Message content:-
LFMN
-------------------------------------------------------[2024-06-12 11:52:03.576]

SOURCE: AIR
RX_ID: 468, Freq: 131.525MHz
Mode: T NACKLabel: 2F Block ID: 6, Msg No: M84A
Flight ID: AF7306 REG: F-GMZE


Message content:-
1153+4449+506/3351
-------------------------------------------------------[2024-06-12 11:53:33.871]

SOURCE: AIR
RX_ID: 469, Freq: 131.525MHz
Mode: T NACKLabel: 2F Block ID: 6, Msg No: M84A
Flight ID: AF7306 REG: F-GMZE


Message content:-
1153+4449+506/3351
-------------------------------------------------------[2024-06-12 11:53:46.564]

SOURCE: AIR
RX_ID: 470, Freq: 131.525MHz
Mode: T NACKLabel: 26 Block ID: 7, Msg No: M85A
Flight ID: AF7306 REG: F-GMZE


Message content:-
1159LFPGAF7306/121214LFMN04L
-------------------------------------------------------[2024-06-12 11:59:02.811]

SOURCE: AIR
RX_ID: 471, Freq: 131.825MHz
Mode: 2 NACKLabel: 5U Block ID: 7, Msg No: M06A
Flight ID: XA0000 REG: 9HGKM


Message content:-
002AF   LEMD                          N4338.0E  620.6410
-------------------------------------------------------[2024-06-12 12:05:04.691]

SOURCE: AIR
RX_ID: 472, Freq: 131.525MHz
Mode: T NACKLabel: H1 Block ID: 1, Msg No: D61A
Flight ID: AF6217 REG: F-GRHF


Message content:-
#DFBA31/A31931,1,1/C1F-GRHF,JUN12,115607,LFMN,LFPO,0044/C202,00000,8100,56,0011,0,1100,46,0/C30225,00077,---,---,5582,272,C43025/C4XXXXX,0720,00077,0225,---/4CN003,---,N0003,055828,---/C5XXXXX,0720,00076,0227,-
-------------------------------------------------------[2024-06-12 12:12:16.612]

SOURCE: AIR
RX_ID: 473, Freq: 131.525MHz
Mode: T NACKLabel: H1 Block ID: 2, Msg No: D61B
Flight ID: AF6217 REG: F-GRHF


Message content:-
#DFB--/5CN003,---,N0007,055828,---/C6XXXXX,0720,00077,0227,---/6CN003,---,N0002,055791,---/C7XXXXX,0720,00077,0230,---/7CN003,---,00000,055773,---/C8XXXXX,0720,00077,0232,---/8CN003,---,00000,055773,---/C9XXXXX
-------------------------------------------------------[2024-06-12 12:12:41.412]

SOURCE: AIR
RX_ID: 474, Freq: 131.525MHz
Mode: T NACKLabel: H1 Block ID: 3, Msg No: D61C
Flight ID: AF6217 REG: F-GRHF


Message content:-
#DFB,0720,00076,0232,---/9CN003,---,N0002,055773,---/C0XXXXX,0720,00075,0232,---/0CN003,---,00000,055773,---/E14364,0720,00076,0232,---/1EN005,---,N0001,055755,---/E2XXXXX,0720,00077,0227,---/2E0010,---,N0031,0
-------------------------------------------------------[2024-06-12 12:12:45.914]

SOURCE: AIR
RX_ID: 475, Freq: 131.525MHz
Mode: T NACKLabel: H1 Block ID: 4, Msg No: D61D
Flight ID: AF6217 REG: F-GRHF


Message content:-
#DFB55810,---/E34364,XXXXX,00098,0210,---/3E0000,055,00080,055810,---/E44364,0720,00096,0202,063/4E0001,132,00206,055810,005/E54365,0722,00431,0185,117/5E0001,153,00035,055755,008/E6XXXXX,0723,01154,0175,115/6E
-------------------------------------------------------[2024-06-12 12:12:49.606]

SOURCE: AIR
RX_ID: 476, Freq: 131.525MHz
Mode: T NACKLabel: H1 Block ID: 5, Msg No: D61E
Flight ID: AF6217 REG: F-GRHF


Message content:-
#DFB0199,155,N0087,055537,010/E74365,0725,01909,0157,079/7E0019,154,N0083,055247,014/E84365,0726,02671,0150,080/8E0008,151,N0081,055574,011/E94364,0728,03332,0137,054/9E0009,151,N0036,055646,010/E04363,0729,038
-------------------------------------------------------[2024-06-12 12:12:53.700]

SOURCE: AIR
RX_ID: 477, Freq: 131.525MHz
Mode: T NACKLabel: H1 Block ID: 2, Msg No: D61L
Flight ID: AF6217 REG: F-GRHF


Message content:-
#DFB192,055737,044/T34397,0682,23886,N295,232/3TN001,273,N0375,055719,044/T44400,0680,24036,N300,232/4TN002,288,00648,055701,045/T54403,0676,24647,N310,232/5TN006,287,00582,055519,047/T64407,0674,25874,N340,232
-------------------------------------------------------[2024-06-12 12:13:43.073]

SOURCE: AIR
RX_ID: 478, Freq: 131.725MHz
Mode: E NACKLabel: 4H Block ID: 9, Msg No: M48A
Flight ID: DL0029 REG: N830MH


Message content:-
12124H LFMN KJFK6
  
WPR RESET





-------------------------------------------------------[2024-06-12 12:18:57.012]

SOURCE: AIR
RX_ID: 479, Freq: 131.725MHz
Mode: E NACKLabel: H1 Block ID: 2, Msg No: F93A
Flight ID: DL0029 REG: N830MH


Message content:-
#M1BPOSN43221E005222,PAD02,122428,320,ROV03,122700,FJR,M47,23348,1041,814B2FB
-------------------------------------------------------[2024-06-12 12:24:32.496]

SOURCE: AIR
RX_ID: 480, Freq: 131.725MHz
Mode: G NACKLabel: 83 Block ID: 5, Msg No: M12A
Flight ID: UV0001 REG: FHGUI


Message content:-
001PR12132855N4313.4E00546.3179241    
-------------------------------------------------------[2024-06-12 13:29:01.768]

SOURCE: AIR
RX_ID: 481, Freq: 131.525MHz
Mode: T NACKLabel: 2Z Block ID: 6, Msg No: M58A
Flight ID: AF7338 REG: F-GMZD


Message content:-
LFML
-------------------------------------------------------[2024-06-12 15:15:04.421]

SOURCE: AIR
RX_ID: 482, Freq: 131.525MHz
Mode: T NACKLabel: 2F Block ID: 1, Msg No: M59A
Flight ID: AF7338 REG: F-GMZD


Message content:-
1522+4419+500/2255
-------------------------------------------------------[2024-06-12 15:22:28.839]

SOURCE: AIR
RX_ID: 483, Freq: 131.525MHz
Mode: T NACKLabel: 2F Block ID: 1, Msg No: M59A
Flight ID: AF7338 REG: F-GMZD


Message content:-
1522+4419+500/2255
-------------------------------------------------------[2024-06-12 15:22:38.055]

SOURCE: AIR
RX_ID: 484, Freq: 131.525MHz
Mode: T NACKLabel: 2F Block ID: 1, Msg No: M59A
Flight ID: AF7338 REG: F-GMZD


Message content:-
1522+4419+500/2255
-------------------------------------------------------[2024-06-12 15:22:47.052]

SOURCE: AIR
RX_ID: 485, Freq: 131.525MHz
Mode: 2 NACKLabel: 2F Block ID: 1, Msg No: M59A
Flight ID: AF7338 REG: F-GMZD


Message content:-
1522+4419+500/2255
-------------------------------------------------------[2024-06-12 15:22:56.048]

SOURCE: AIR
RX_ID: 486, Freq: 131.525MHz
Mode: 2 NACKLabel: 2F Block ID: 1, Msg No: M59A
Flight ID: AF7338 REG: F-GMZD


Message content:-
1522+4419+500/2255
-------------------------------------------------------[2024-06-12 15:23:07.532]

SOURCE: AIR
RX_ID: 487, Freq: 131.525MHz
Mode: 2 NACKLabel: 2F Block ID: 1, Msg No: M59A
Flight ID: AF7338 REG: F-GMZD


Message content:-
1522+4419+500/2255
-------------------------------------------------------[2024-06-12 15:23:17.993]

SOURCE: AIR
RX_ID: 488, Freq: 131.725MHz
Mode: 2 NACKLabel: 2F Block ID: 1, Msg No: M59A
Flight ID: AF7338 REG: F-GMZD


Message content:-
1522+4419+500/2255
-------------------------------------------------------[2024-06-12 15:23:28.014]

SOURCE: AIR
RX_ID: 489, Freq: 131.725MHz
Mode: 2 NACKLabel: 26 Block ID: 2, Msg No: M60A
Flight ID: AF7338 REG: F-GMZD


Message content:-
1523LFPGAF7338/121538LFML31R
-------------------------------------------------------[2024-06-12 15:23:31.087]

SOURCE: AIR
RX_ID: 490, Freq: 131.725MHz
Mode: G NACKLabel: H1 Block ID: 4, Msg No: D42A
Flight ID: AF7338 REG: F-GMZD


Message content:-
#DFBA01/A32101,1,1/CCF-GMZD,JUN12,151257,LFPG,LFML,0015/C106,60204,5000,65,0010,0,0100,59,X/CEN147,28975,311,801,6996,258,C51020/EC577521,00805,02321,00820,73,09/EE577523,30426,00381,27392,73/N10862,0863,0949,6
-------------------------------------------------------[2024-06-12 15:30:09.205]

SOURCE: AIR
RX_ID: 491, Freq: 131.725MHz
Mode: G NACKLabel: H1 Block ID: 5, Msg No: D42B
Flight ID: AF7338 REG: F-GMZD


Message content:-
#DFB401,1716,XXXXX/N20862,0862,0946,6225,1694,XXXXX/S1XXXXX,0778,1719,4510,XXXX,019,N00/S2XXXXX,0759,1717,4452,XXXX,020,N00/T1094,085,028,42,085,06994,0185/T2096,086,019,40,091,06976,0185/V100,02,021,068,07,00,
-------------------------------------------------------[2024-06-12 15:30:12.900]

SOURCE: AIR
RX_ID: 492, Freq: 131.725MHz
Mode: G NACKLabel: H1 Block ID: 6, Msg No: D42C
Flight ID: AF7338 REG: F-GMZD


Message content:-
#DFB00000/V203,02,054,008,05,00,00000/V3XX,XX,XXX,XXX,XXXX/V4XX,XX,XXX,XXX,XXXX/V501,01,007,106,0916/V602,06,257,335,0916/V7046,080,00061,22222222222111/V8045,084,00081,22222222222111,/
-------------------------------------------------------[2024-06-12 15:30:16.376]

SOURCE: AIR
RX_ID: 493, Freq: 131.725MHz
Mode: G NACKLabel: H1 Block ID: 8, Msg No: D43A
Flight ID: AF7338 REG: F-GMZD


Message content:-
#DFBA02/A32102,1,1/CCF-GMZD,JUN12,151352,LFPG,LFML,0015/C106,60301,5000,67,0010,0,0100,57,X/CEN146,28977,310,800,6995,258,C51020/CNN131,29007,310,801,6995,258/EC577521,00805,02321,00820,73,26,13/EE577523,30426,
-------------------------------------------------------[2024-06-12 15:30:43.840]

SOURCE: AIR
RX_ID: 494, Freq: 131.725MHz
Mode: G NACKLabel: H1 Block ID: 9, Msg No: D43B
Flight ID: AF7338 REG: F-GMZD


Message content:-
#DFB00381,27392,73/N10861,0861,0948,6383,1708,XXXXX/N20861,0861,0945,6208,1684,XXXXX/S1XXXXX,0775,1712,4500,XXXX,021,N00/S2XXXXX,0755,1710,4442,XXXX,021,N00/T1094,085,028,42,085,06995,0185/T2096,086,019,40,092,
-------------------------------------------------------[2024-06-12 15:30:47.533]

SOURCE: AIR
RX_ID: 495, Freq: 131.725MHz
Mode: G NACKLabel: H1 Block ID: 0, Msg No: D43C
Flight ID: AF7338 REG: F-GMZD


Message content:-
#DFB06978,0185/V100,02,020,070,07,00,00000/V204,02,054,009,05,00,00000/V3XX,XX,XXX,XXX,XXXX/V4XX,XX,XXX,XXX,XXXX/V501,01,007,106,0916/V602,06,257,335,0916/V7046,080,00061,22222222222111/V8045,084,00081,22222222
-------------------------------------------------------[2024-06-12 15:30:51.812]

SOURCE: AIR
RX_ID: 496, Freq: 131.725MHz
Mode: G NACKLabel: H1 Block ID: 1, Msg No: D43D
Flight ID: AF7338 REG: F-GMZD


Message content:-
#DFB222111/X102975,N000,0009,N003,N0009,0001/X202935,N007,0008,N003,N0010,0001/X3N009,N002,N011,N008,N002,N008,N000/X40000,0000,N000,N000,0000,0000/X5N000,N002,N000,N000,0000,0000/X61518,E0044,N452,040,245,0136
-------------------------------------------------------[2024-06-12 15:30:55.510]

SOURCE: AIR
RX_ID: 497, Freq: 131.725MHz
Mode: G NACKLabel: H1 Block ID: 2, Msg No: D43E
Flight ID: AF7338 REG: F-GMZD


Message content:-
#DFB,0791/X71518,E0044,N452,040,245,0123,0794,/
-------------------------------------------------------[2024-06-12 15:30:59.825]

SOURCE: AIR
RX_ID: 498, Freq: 131.725MHz
Mode: G NACKLabel: 26 Block ID: 3, Msg No: M61A
Flight ID: AF7338 REG: F-GMZD


Message content:-
1531LFPGAF7338/121536LFML31R
-------------------------------------------------------[2024-06-12 15:31:03.699]

SOURCE: AIR
RX_ID: 499, Freq: 131.825MHz
Mode: 2 NACKLabel: H1 Block ID: 2, Msg No: D00C
Flight ID: XA0065 REG: T-060


Message content:-
#DFB363,013,034,046,053,000,016,007.31,026.98,065.3,12
N5,0023,000,006.1,025.9,084,031.6,059.1,026.4,1,0530
N6,0023,000,005.4,025.4,090,030.0,060.1,025.1,1,0470
N7,13,00,0,12080,0800,12480,0730,12520
N8,13,
-------------------------------------------------------[2024-06-12 15:53:15.311]

SOURCE: AIR
RX_ID: 500, Freq: 131.825MHz
Mode: 2 NACKLabel: H1 Block ID: 3, Msg No: D00D
Flight ID: XA0065 REG: T-060


Message content:-
#DFB00,0,12080,0810,12500,0740,12540
N9,                                                            
N0,                                                            
P1,99999,99999,00000,00000
P2,99999,99999
-------------------------------------------------------[2024-06-12 15:53:21.858]

SOURCE: AIR
RX_ID: 501, Freq: 131.825MHz
Mode: 2 NACKLabel: H1 Block ID: 4, Msg No: D00E
Flight ID: XA0065 REG: T-060


Message content:-
#DFB,00000,00000
P3,0,0,0,0,0
P4,0,0,0,0,0
P5,99999,99999,00000,00000
P6,99999,99999,00000,00000
P7,0,0,0,0,0
P8,0,0,0,0,0
M1,0,0,0,0,0,0
M2,0,0,0,0,0,0:

-------------------------------------------------------[2024-06-12 15:53:27.821]

SOURCE: AIR
RX_ID: 502, Freq: 131.825MHz
Mode: 2 NACKLabel: SA Block ID: 0, Msg No: S93A
Flight ID: AA0245 REG: N736AT


Message content:-
0EV160145VS
-------------------------------------------------------[2024-06-12 16:01:46.692]

SOURCE: AIR
RX_ID: 503, Freq: 131.725MHz
Mode: G NACKLabel: H1 Block ID: 8, Msg No: D59C
Flight ID: AF7339 REG: F-GMZD


Message content:-
#DFB00/V202,02,118,350,03,00,00000/V3051,076,1,1,00080,00010,2221/V4050,075,1,1,00060,00010,2221/X114890,0167,099,036,1176/X214687,0157,100,037,1188/
-------------------------------------------------------[2024-06-12 16:37:24.817]

SOURCE: AIR
RX_ID: 504, Freq: 131.725MHz
Mode: G NACKLabel: H1 Block ID: 9, Msg No: C17A
Flight ID: AF7339 REG: F-GMZD


Message content:-
#CFBFLR/FR24061216360030310005SDAC2:NO DATA FROM      PHC2/IDECAM 1,ECAM 2
-------------------------------------------------------[2024-06-12 16:37:37.105]

SOURCE: AIR
RX_ID: 505, Freq: 131.725MHz
Mode: G NACKLabel: B9 Block ID: 0, Msg No: L12A
Flight ID: AF7339 REG: F-GMZD


Message content:-
/LFLL.TI2/064LFLLAD2FE
-------------------------------------------------------[2024-06-12 16:41:21.180]

SOURCE: AIR
RX_ID: 506, Freq: 131.725MHz
Mode: G NACKLabel: 83 Block ID: 9, Msg No: M06A
Flight ID: UV0001 REG: FHGUI


Message content:-
001PR12164143N4310.0E00525.4270330    
-------------------------------------------------------[2024-06-12 16:41:49.854]

SOURCE: AIR
RX_ID: 507, Freq: 131.725MHz
Mode: G NACKLabel: B9 Block ID: 3, Msg No: L13A
Flight ID: AF7339 REG: F-GMZD


Message content:-
/LFPG.TI2/064LFPGA3806
-------------------------------------------------------[2024-06-12 16:42:40.435]

SOURCE: AIR
RX_ID: 508, Freq: 131.725MHz
Mode: G NACKLabel: H1 Block ID: 7, Msg No: D60A
Flight ID: AF7339 REG: F-GMZD


Message content:-
#DFBA31/A32131,1,1/C1F-GMZD,JUN12,163338,LFML,LFPG,0099/C202,00000,8100,54,0011,0,1100,57,X/C30255,00090,---,---,6958,220,C51020/C4XXXXX,XXXXX,00091,0255,---/4C0004,---,N0007,069581,---/C5XXXXX,XXXXX,00093,0255
-------------------------------------------------------[2024-06-12 16:49:43.353]

SOURCE: AIR
RX_ID: 509, Freq: 131.725MHz
Mode: G NACKLabel: H1 Block ID: 8, Msg No: D60B
Flight ID: AF7339 REG: F-GMZD


Message content:-
#DFB,---/5C0004,---,00000,069526,---/C6XXXXX,XXXXX,00094,0252,---/6C0004,---,00000,XXXXXX,---/C7XXXXX,XXXXX,00094,0252,---/7C0004,---,N0013,069508,---/C8XXXXX,0522,00091,0252,---/8C0005,---,N0004,069490,---/C9X
-------------------------------------------------------[2024-06-12 16:49:47.046]

SOURCE: AIR
RX_ID: 510, Freq: 131.725MHz
Mode: G NACKLabel: H1 Block ID: 9, Msg No: D60C
Flight ID: AF7339 REG: F-GMZD


Message content:-
#DFBXXXX,XXXXX,00097,0250,---/9C0002,---,N0002,069490,---/C04342,XXXXX,00087,0240,---/0C0000,---,N0007,069508,---/E1XXXXX,0522,00104,0235,---/1EN000,078,N0128,069490,---/E24343,0521,00084,0225,319/2EN000,149,N0
-------------------------------------------------------[2024-06-12 16:49:50.522]

SOURCE: AIR
RX_ID: 511, Freq: 131.725MHz
Mode: G NACKLabel: H1 Block ID: 0, Msg No: D60D
Flight ID: AF7339 REG: F-GMZD


Message content:-
#DFB065,069435,016/E34343,0520,00321,0217,345/3E0012,173,N0385,XXXXXX,017/E44345,0518,01161,0195,325/4E0005,176,N0338,069490,020/E54346,0517,01977,0170,349/5E0010,172,00274,069345,019/E64347,0515,02774,0147,330
-------------------------------------------------------[2024-06-12 16:49:54.213]

SOURCE: AIR
RX_ID: 512, Freq: 131.725MHz
Mode: G NACKLabel: H1 Block ID: 3, Msg No: D60G
Flight ID: AF7339 REG: F-GMZD


Message content:-
#DFB5/N44358,0499,08297,0032,286/4N0003,250,00223,069073,010/N54360,0497,09161,0012,273/5N0000,253,00227,069054,012/N64362,0494,10211,N007,279/6NN007,250,N0787,069036,015/N74364,0492,10760,N025,273/7NN010,262,N
-------------------------------------------------------[2024-06-12 16:50:06.687]

SOURCE: AIR
RX_ID: 513, Freq: 131.725MHz
Mode: G NACKLabel: H1 Block ID: 4, Msg No: D60H
Flight ID: AF7339 REG: F-GMZD


Message content:-
#DFB0035,XXXXXX,012/N84366,0489,11149,N035,275/8NN001,282,00002,068982,015/N94368,0486,11478,N042,277/9N0079,299,00780,068946,016/N04371,0483,12028,N050,255/0N0252,302,00291,068855,015/S14374,0482,12875,N072,25
-------------------------------------------------------[2024-06-12 16:50:10.598]

SOURCE: AIR
RX_ID: 514, Freq: 131.725MHz
Mode: G NACKLabel: H1 Block ID: 5, Msg No: D60I
Flight ID: AF7339 REG: F-GMZD


Message content:-
#DFB8/1SN010,302,N0119,068891,020/S24377,0481,13731,N097,259/2SN008,301,N0114,068855,017/S34380,0480,14613,N115,264/3SN006,300,N0223,068837,021/S44384,XXXXX,15292,N127,251/4SN005,299,N0286,XXXXXX,022/S54387,XXX
-------------------------------------------------------[2024-06-12 16:50:14.477]

SOURCE: AIR
RX_ID: 515, Freq: 131.725MHz
Mode: G NACKLabel: H1 Block ID: 6, Msg No: D60J
Flight ID: AF7339 REG: F-GMZD


Message content:-
#DFBXX,15840,N142,246/5S0150,303,00131,068764,020/S64391,0478,16581,N157,250/6SN009,302,N0089,068746,026/S74395,0479,17257,N167,251/7SN006,301,N0008,068655,036/S84398,0479,17832,N180,253/8SN005,305,00018,068673
-------------------------------------------------------[2024-06-12 16:50:17.766]

SOURCE: AIR
RX_ID: 516, Freq: 131.725MHz
Mode: G NACKLabel: H1 Block ID: 7, Msg No: D60K
Flight ID: AF7339 REG: F-GMZD


Message content:-
#DFB,040/S9XXXXX,0479,18523,N190,251/9SN007,303,N0024,068655,041/S04406,XXXXX,19310,N205,257/0SN008,301,N0294,068619,042/T14410,XXXXX,19928,N222,249/1TN007,299,N0175,XXXXXX,041/T24414,XXXXX,20397,N230,246/2TN00
-------------------------------------------------------[2024-06-12 16:50:21.462]

SOURCE: AIR
RX_ID: 517, Freq: 131.725MHz
Mode: G NACKLabel: H1 Block ID: 8, Msg No: D60L
Flight ID: AF7339 REG: F-GMZD


Message content:-
#DFB7,301,N0053,068565,042/T34418,0480,20892,N245,243/3TN004,302,00183,068528,040/T44421,0480,21581,N260,248/4TN003,302,N0288,068456,038/T54425,XXXXX,22166,N277,246/5TN008,301,00329,068474,038/T64430,XXXXX,2271
-------------------------------------------------------[2024-06-12 16:50:26.580]

SOURCE: AIR
RX_ID: 518, Freq: 131.725MHz
Mode: G NACKLabel: H1 Block ID: 9, Msg No: D60M
Flight ID: AF7339 REG: F-GMZD


Message content:-
#DFB9,N292,247/6TN005,300,N0384,068456,040/T74434,0481,23157,N305,243/7TN005,301,00052,068419,040/T84437,XXXXX,23588,N315,241/8TN006,301,N0183,XXXXXX,042/T94442,0481,24042,N327,241/9TN008,301,N0109,068365,044,/
-------------------------------------------------------[2024-06-12 16:50:30.237]

SOURCE: AIR
RX_ID: 519, Freq: 131.725MHz
Mode: G NACKLabel: 2F Block ID: 0, Msg No: M75A
Flight ID: AF7339 REG: F-GMZD


Message content:-
1651+4479+483/2862
-------------------------------------------------------[2024-06-12 16:51:34.165]

SOURCE: AIR
RX_ID: 520, Freq: 131.825MHz
Mode: 2 NACKLabel: 16 Block ID: 3, Msg No: M72A
Flight ID: FR74JR REG: 9H-QAM


Message content:-
170812,,1814, 200,N   .    MMMM.MMM
-------------------------------------------------------[2024-06-12 17:08:14.001]

SOURCE: AIR
RX_ID: 521, Freq: 131.825MHz
Mode: 2 NACKLabel: H1 Block ID: 3, Msg No: C30A
Flight ID: 5Y0562 REG: N861GT


Message content:-
#CFB/DDLIRXA.



 A RPT36  PG1  L-ECS AIR COND 1 REAL
 B .N861GT 12JUN24 1825 GTI562   UBBB/LEZG CMC-802 GE-805    ER
 R +433123  +0055828  298   +33000   -109  439    

 1  B B B
 2  1 1 1
 3  E1 E1 E1
-------------------------------------------------------[2024-06-12 18:26:05.120]

SOURCE: AIR
RX_ID: 522, Freq: 131.825MHz
Mode: 2 NACKLabel: H1 Block ID: 4, Msg No: C30B
Flight ID: 5Y0562 REG: N861GT


Message content:-
#CFB
 4   -1  12  16
 5   0.8  0.5  0.4
 6   -6   0  12
 7   25  40  53
 8  39.5 39.5 39.4
 9   0.2  0.2  0.2
 10 0.27 0.25 0.26
 11  35.2  35.3  35.9
 12  35.2  34.1  33.4
 13 0.60 0.60 0.60
 14 1.00
-------------------------------------------------------[2024-06-12 18:26:11.665]

SOURCE: AIR
RX_ID: 523, Freq: 131.825MHz
Mode: 2 NACKLabel: H1 Block ID: 5, Msg No: C30C
Flight ID: 5Y0562 REG: N861GT


Message content:-
#CFB 1.00 1.00
 15 1.00 1.00 1.00
 16 OFF  ON  ON
 17 CL OP OP
 18 0.00 1.00 1.00
 19 OP OP
 20  3.6  2.9
 21 0.24 0.00
 22 12JUN24 18:25:56
 23                             

-------------------------------------------------------[2024-06-12 18:26:17.591]

SOURCE: AIR
RX_ID: 524, Freq: 131.825MHz
Mode: 2 NACKLabel: H1 Block ID: 6, Msg No: C31A
Flight ID: 5Y0562 REG: N861GT


Message content:-
#CFB/DDLIRXA.



 A RPT39  PG1  L-ECS AIR COND 2 REAL
 B .N861GT 12JUN24 1826 GTI562   UBBB/LEZG CMC-802 GE-805    ER
 R +433113  +0055739  299   +32997   -109  439    

 1   22  23  23  13   9  19  16   7
-------------------------------------------------------[2024-06-12 18:26:25.781]

SOURCE: AIR
RX_ID: 525, Freq: 131.825MHz
Mode: 2 NACKLabel: H1 Block ID: 7, Msg No: C31B
Flight ID: 5Y0562 REG: N861GT


Message content:-
#CFB
 2  22 23 23 ** ** ** **
 3   24  28  27   1   7  26  14
 4  0.31 0.45 0.25 0.00 0.00 0.36 0.00
 5  OFF OFF
 6  0.00 0.00
 7  OFF OFF  OFF
 8  CL
 9  CL
 10  -1
 11   2
 12 A
 13  4700     0
 
-------------------------------------------------------[2024-06-12 18:26:31.743]

SOURCE: AIR
RX_ID: 526, Freq: 131.825MHz
Mode: 2 NACKLabel: H1 Block ID: 8, Msg No: C31C
Flight ID: 5Y0562 REG: N861GT


Message content:-
#CFB14   800 AUTO  8.6
 15 0.00
 16 CLOSED
 17 0.11 0.11
 18 AUTO AUTO
 19 12JUN24 18:26:02
 20                             

-------------------------------------------------------[2024-06-12 18:26:37.448]

SOURCE: AIR
RX_ID: 527, Freq: 131.825MHz
Mode: 2 NACKLabel: H1 Block ID: 9, Msg No: C32A
Flight ID: 5Y0562 REG: N861GT


Message content:-
#CFB/DDLIRXA.



 A RPT40  PG1  L-ECS AIR SUP SYS REAL
 B .N861GT 12JUN24 1826 GTI562   UBBB/LEZG CMC-802 GE-805    ER
 R +433021  +0055411  297   +32996   -109  442    

 1  CLOSED CLOSED CLOSED CLOSED
 
-------------------------------------------------------[2024-06-12 18:26:46.882]

SOURCE: AIR
RX_ID: 528, Freq: 131.850MHz
Mode: 2 NACKLabel: H1 Block ID: 0, Msg No: C32B
Flight ID: 5Y0562 REG: N861GT


Message content:-
#CFB2    OPEN   OPEN   OPEN   OPEN
 3    OPEN   OPEN   OPEN   OPEN
 4    OPEN   OPEN   OPEN CLOSED
 5  CLOSED CLOSED CLOSED CLOSED
 6  227 227 228 225
 7   46  45  45  47
 8  40 40 40 40
 9  180 177 176 
-------------------------------------------------------[2024-06-12 18:26:53.063]

SOURCE: AIR
RX_ID: 529, Freq: 131.825MHz
Mode: 2 NACKLabel: H1 Block ID: 1, Msg No: C32C
Flight ID: 5Y0562 REG: N861GT


Message content:-
#CFB186
 10  29  31  30   0
 11 CLOSED CLOSED CLOSED CLOSED
 12 NORMAL NORMAL NORMAL NORMAL
 13 A B A B
 14 39 39
 15   OPEN   OPEN
 16 CLOSED
 17 32998 -46
 18   CRUISE     296
 19 12JUN24 18:26:23

-------------------------------------------------------[2024-06-12 18:26:59.792]

SOURCE: AIR
RX_ID: 530, Freq: 131.850MHz
Mode: 2 NACKLabel: H1 Block ID: 2, Msg No: C32D
Flight ID: 5Y0562 REG: N861GT


Message content:-
#CFB 20                             

-------------------------------------------------------[2024-06-12 18:27:05.352]

SOURCE: AIR
RX_ID: 531, Freq: 131.825MHz
Mode: 2 NACKLabel: H1 Block ID: 3, Msg No: C33A
Flight ID: 5Y0562 REG: N861GT


Message content:-
#CFB/DDLIRXA.



 A RPT42 PG1  L-CARGO FIRE SYS REAL
 B .N861GT 12JUN24 1826 GTI562   UBBB/LEZG CMC-802 GE-805    ER
 R +432934  +0055058  299   +33003   -109  444    

 1   NORM  NORM  NORM  NORM  NORM
 
-------------------------------------------------------[2024-06-12 18:27:13.508]

SOURCE: AIR
RX_ID: 532, Freq: 131.825MHz
Mode: 2 NACKLabel: H1 Block ID: 4, Msg No: C33B
Flight ID: 5Y0562 REG: N861GT


Message content:-
#CFB2       NORM         NORM   
 3       NORM         NORM   
 4   NORM  NORM
 5  NORM
 6  NORM NORM
 7  12JUN24 18:26:44
 8                              

-------------------------------------------------------[2024-06-12 18:27:20.272]

SOURCE: AIR
RX_ID: 533, Freq: 131.525MHz
Mode: T NACKLabel: 2Z Block ID: 1, Msg No: M51A
Flight ID: AF6012 REG: F-GRHF


Message content:-
LFML
-------------------------------------------------------[2024-06-12 19:01:02.689]

SOURCE: AIR
RX_ID: 534, Freq: 131.525MHz
Mode: T NACKLabel: 2F Block ID: 2, Msg No: M52A
Flight ID: AF6012 REG: F-GRHF


Message content:-
1906+4416+501/2033
-------------------------------------------------------[2024-06-12 19:06:30.370]

SOURCE: AIR
RX_ID: 535, Freq: 131.525MHz
Mode: T NACKLabel: 2F Block ID: 2, Msg No: M52A
Flight ID: AF6012 REG: F-GRHF


Message content:-
1906+4416+501/2033
-------------------------------------------------------[2024-06-12 19:06:42.439]

SOURCE: AIR
RX_ID: 536, Freq: 131.525MHz
Mode: T NACKLabel: 2F Block ID: 2, Msg No: M52A
Flight ID: AF6012 REG: F-GRHF


Message content:-
1906+4416+501/2033
-------------------------------------------------------[2024-06-12 19:06:53.711]

SOURCE: AIR
RX_ID: 537, Freq: 131.525MHz
Mode: 2 NACKLabel: 2F Block ID: 2, Msg No: M52A
Flight ID: AF6012 REG: F-GRHF


Message content:-
1906+4416+501/2033
-------------------------------------------------------[2024-06-12 19:07:02.298]

SOURCE: AIR
RX_ID: 538, Freq: 131.525MHz
Mode: 2 NACKLabel: 2F Block ID: 2, Msg No: M52A
Flight ID: AF6012 REG: F-GRHF


Message content:-
1906+4416+501/2033
-------------------------------------------------------[2024-06-12 19:07:14.587]

SOURCE: AIR
RX_ID: 539, Freq: 131.725MHz
Mode: 2 NACKLabel: 2F Block ID: 2, Msg No: M52A
Flight ID: AF6012 REG: F-GRHF


Message content:-
1906+4416+501/2033
-------------------------------------------------------[2024-06-12 19:07:35.284]

SOURCE: AIR
RX_ID: 540, Freq: 131.725MHz
Mode: 2 NACKLabel: 2F Block ID: 2, Msg No: M52A
Flight ID: AF6012 REG: F-GRHF


Message content:-
1906+4416+501/2033
-------------------------------------------------------[2024-06-12 19:07:44.904]

SOURCE: AIR
RX_ID: 541, Freq: 131.725MHz
Mode: E NACKLabel: H1 Block ID: 5, Msg No: D15A
Flight ID: AF6012 REG: F-GRHF


Message content:-
#DFBA01/A31901,1,1/CCF-GRHF,JUN12,184517,LFPO,LFML,0095/C106,42204,5000,42,0010,0,0100,42,X/CEN222,37015,240,745,5346,232,C43025/EC645937,00234,01192,00179,73,16/EE645936,00234,01382,00179,73/N10823,0823,0923,5
-------------------------------------------------------[2024-06-12 19:12:06.032]

SOURCE: AIR
RX_ID: 542, Freq: 131.725MHz
Mode: E NACKLabel: H1 Block ID: 6, Msg No: D15B
Flight ID: AF6012 REG: F-GRHF


Message content:-
#DFB891,1015,XXXXX/N20823,0823,0925,5944,1023,XXXXX/S1XXXXX,0635,1046,4168,XXXX,031,N00/S2XXXXX,0651,1061,4172,XXXX,031,000/T1099,100,022,35,099,04550,0003/T2099,100,014,37,083,04599,0001/V108,04,140,235,00,00,
-------------------------------------------------------[2024-06-12 19:12:09.506]

SOURCE: AIR
RX_ID: 543, Freq: 131.725MHz
Mode: E NACKLabel: H1 Block ID: 7, Msg No: D15C
Flight ID: AF6012 REG: F-GRHF


Message content:-
#DFB00000/V206,10,116,202,00,00,00000/V320,07,205,007,0623/V418,08,207,335,0623/V5XX,XX,XXX,XXX,XXXX/V6XX,XX,XXX,XXX,XXXX/V7037,091,00061,22222222222111/V8036,089,00061,22222222222111,/
-------------------------------------------------------[2024-06-12 19:12:13.419]

SOURCE: AIR
RX_ID: 544, Freq: 131.725MHz
Mode: E NACKLabel: H1 Block ID: 8, Msg No: D16A
Flight ID: AF6012 REG: F-GRHF


Message content:-
#DFBA02/A31902,1,1/CCF-GRHF,JUN12,184735,LFPO,LFML,0095/C106,42301,5000,42,0010,0,0100,42,X/CEN207,37014,240,747,5340,232,C43025/CNN207,37013,240,746,5333,233/EC645937,00234,01192,00179,73,25,16/EE645936,00234,
-------------------------------------------------------[2024-06-12 19:12:39.824]

SOURCE: AIR
RX_ID: 545, Freq: 131.725MHz
Mode: E NACKLabel: H1 Block ID: 9, Msg No: D16B
Flight ID: AF6012 REG: F-GRHF


Message content:-
#DFB01382,00179,73/N10822,0822,0923,5896,1005,XXXXX/N20822,0822,0925,5952,1013,XXXXX/S1XXXXX,0649,1036,4181,XXXX,034,N00/S2XXXXX,0664,1051,4186,XXXX,034,000/T1099,100,022,35,099,04561,0003/T2099,100,014,37,083,
-------------------------------------------------------[2024-06-12 19:12:44.323]

SOURCE: AIR
RX_ID: 546, Freq: 131.725MHz
Mode: E NACKLabel: H1 Block ID: 0, Msg No: D16C
Flight ID: AF6012 REG: F-GRHF


Message content:-
#DFB04610,0001/V108,04,142,234,00,00,00000/V206,10,113,201,00,00,00000/V320,07,205,007,0623/V418,08,207,335,0623/V5XX,XX,XXX,XXX,XXXX/V6XX,XX,XXX,XXX,XXXX/V7037,091,00061,22222222222111/V8036,089,00061,22222222
-------------------------------------------------------[2024-06-12 19:12:48.419]

SOURCE: AIR
RX_ID: 547, Freq: 131.725MHz
Mode: E NACKLabel: H1 Block ID: 1, Msg No: D16D
Flight ID: AF6012 REG: F-GRHF


Message content:-
#DFB222111/X101237,N004,0027,N001,N0021,N001/X201206,0000,0027,N001,N0021,N001/X3N002,0000,N009,N001,N015,N003,N000/X40000,N000,N000,0000,0000,0000/X50000,N000,0000,N002,0000,0000/X61631,E0034,N459,017,313,0124
-------------------------------------------------------[2024-06-12 19:12:52.331]

SOURCE: AIR
RX_ID: 548, Freq: 131.725MHz
Mode: E NACKLabel: H1 Block ID: 2, Msg No: D16E
Flight ID: AF6012 REG: F-GRHF


Message content:-
#DFB,0758/X71631,E0033,N459,018,308,0124,XXXX,/
-------------------------------------------------------[2024-06-12 19:12:55.587]

SOURCE: AIR
RX_ID: 549, Freq: 131.825MHz
Mode: 2 NACKLabel: 16 Block ID: 1, Msg No: M67A
Flight ID: FR6318 REG: EI-DPJ


Message content:-
191440,,1925,  86,N   .    MMMM.MMM
-------------------------------------------------------[2024-06-12 19:14:42.302]

SOURCE: AIR
RX_ID: 550, Freq: 131.825MHz
Mode: 2 NACKLabel: SA Block ID: 7, Msg No: S58A
Flight ID: FR05SN REG: EI-DPJ


Message content:-
0EV201447V/
-------------------------------------------------------[2024-06-12 20:14:55.407]

SOURCE: AIR
RX_ID: 551, Freq: 131.525MHz
Mode: T NACKLabel: 2Z Block ID: 9, Msg No: M01A
Flight ID: AF7342 REG: F-GMZD


Message content:-
LFML
-------------------------------------------------------[2024-06-12 20:16:03.612]

SOURCE: AIR
RX_ID: 552, Freq: 131.725MHz
Mode: 2 NACKLabel: 2F Block ID: 1, Msg No: M02A
Flight ID: AF7342 REG: F-GMZD


Message content:-
2022+4431+488/1751
-------------------------------------------------------[2024-06-12 20:22:25.975]

SOURCE: AIR
RX_ID: 553, Freq: 131.725MHz
Mode: E NACKLabel: 26 Block ID: 4, Msg No: M03A
Flight ID: AF7342 REG: F-GMZD


Message content:-
2025LFPGAF7342/122040LFML31R
-------------------------------------------------------[2024-06-12 20:25:03.489]

SOURCE: AIR
RX_ID: 554, Freq: 131.725MHz
Mode: E NACKLabel: H1 Block ID: 7, Msg No: D73C
Flight ID: AF7342 REG: F-GMZD


Message content:-
#DFB00000/V205,03,110,330,05,00,00000/V3XX,XX,XXX,XXX,XXXX/V4XX,XX,XXX,XXX,XXXX/V501,01,354,060,0915/V601,04,281,355,0915/V7044,081,00061,22222222222111/V8044,081,00081,22222222222111,/
-------------------------------------------------------[2024-06-12 20:30:37.718]

SOURCE: AIR
RX_ID: 555, Freq: 131.725MHz
Mode: E NACKLabel: H1 Block ID: 8, Msg No: D74A
Flight ID: AF7342 REG: F-GMZD


Message content:-
#DFBA02/A32102,1,1/CCF-GMZD,JUN12,200350,LFPG,LFML,0082/C106,63301,5000,65,0010,0,0100,56,X/CEN188,28998,292,757,6847,244,C51020/CNN170,29025,292,758,6847,244/EC577521,00807,02323,00822,73,23,10/EE577523,30428,
-------------------------------------------------------[2024-06-12 20:31:06.170]

SOURCE: AIR
RX_ID: 556, Freq: 131.725MHz
Mode: E NACKLabel: H1 Block ID: 9, Msg No: D74B
Flight ID: AF7342 REG: F-GMZD


Message content:-
#DFB00384,27394,73/N10837,0837,0933,5996,1491,XXXXX/N20837,0837,0930,5826,1466,XXXXX/S1XXXXX,0686,1548,4266,XXXX,027,N00/S2XXXXX,0670,1545,4203,XXXX,028,N00/T1099,087,028,41,085,06732,0147/T2099,086,021,40,085,
-------------------------------------------------------[2024-06-12 20:31:09.865]

SOURCE: AIR
RX_ID: 557, Freq: 131.725MHz
Mode: E NACKLabel: H1 Block ID: 0, Msg No: D74C
Flight ID: AF7342 REG: F-GMZD


Message content:-
#DFB06719,0171/V104,04,022,110,08,00,00000/V205,03,112,331,05,00,00000/V3XX,XX,XXX,XXX,XXXX/V4XX,XX,XXX,XXX,XXXX/V501,01,354,060,0915/V601,04,281,355,0915/V7044,082,00061,22222222222111/V8044,081,00081,22222222
-------------------------------------------------------[2024-06-12 20:31:13.740]

SOURCE: AIR
RX_ID: 558, Freq: 131.725MHz
Mode: X NACKLabel: 16 Block ID: 1, Msg No: M33A
Flight ID: XSMBU6 REG: 2-BBMB


Message content:-
203113,,2138, 136,N 45.126 E  4.644
-------------------------------------------------------[2024-06-12 20:31:15.606]

SOURCE: AIR
RX_ID: 559, Freq: 131.725MHz
Mode: E NACKLabel: H1 Block ID: 1, Msg No: D74D
Flight ID: AF7342 REG: F-GMZD


Message content:-
#DFB222111/X102844,N000,0014,N002,N0000,0017/X203006,N007,0013,N002,N0000,0017/X3N008,N001,N012,N007,N003,N007,N000/X40000,0000,N000,N000,0000,0000/X5N000,N002,N000,N000,0000,0000/X61596,E0033,N462,046,007,0132
-------------------------------------------------------[2024-06-12 20:31:18.055]

SOURCE: AIR
RX_ID: 560, Freq: 131.725MHz
Mode: E NACKLabel: H1 Block ID: 2, Msg No: D74E
Flight ID: AF7342 REG: F-GMZD


Message content:-
#DFB,0789/X71596,E0033,N462,045,007,0124,0794,/
-------------------------------------------------------[2024-06-12 20:31:20.909]

SOURCE: AIR
RX_ID: 561, Freq: 131.725MHz
Mode: E NACKLabel: 26 Block ID: 3, Msg No: M04A
Flight ID: AF7342 REG: F-GMZD


Message content:-
2035LFPGAF7342/122040LFML31R
-------------------------------------------------------[2024-06-12 20:35:07.652]

SOURCE: AIR
RX_ID: 562, Freq: 131.725MHz
Mode: E NACKLabel: 2F Block ID: 4, Msg No: M05A
Flight ID: AF7342 REG: F-GMZD


Message content:-
2037+4331+532/0348
-------------------------------------------------------[2024-06-12 20:37:08.886]

SOURCE: AIR
RX_ID: 563, Freq: 131.825MHz
Mode: 2 NACKLabel: H1 Block ID: 1, Msg No: F05A
Flight ID: QY8031 REG: D-ALER


Message content:-
#M1BPOSN44025E006116,LUS01,204250,380,BOD02,204426,OKT03,M45,25450,164,76297EA
-------------------------------------------------------[2024-06-12 20:42:52.951]

SOURCE: AIR
RX_ID: 564, Freq: 131.825MHz
Mode: 2 NACKLabel: H1 Block ID: 6, Msg No: F03A
Flight ID: QY1685 REG: D-ALEV


Message content:-
#M1BPOSN44293E004380,,205941,274,LTP,210803,GIPNO,M42,25231,192,A368
-------------------------------------------------------[2024-06-12 20:59:43.431]

SOURCE: AIR
RX_ID: 565, Freq: 131.825MHz
Mode: 2 NACKLabel: H1 Block ID: 6, Msg No: F03A
Flight ID: QY1685 REG: D-ALEV


Message content:-
#M1BPOSN44293E004380,,205941,274,LTP,210803,GIPNO,M42,25231,192,A368
-------------------------------------------------------[2024-06-12 21:00:08.409]

SOURCE: AIR
RX_ID: 566, Freq: 131.825MHz
Mode: 2 NACKLabel: 16 Block ID: 6, Msg No: M80A
Flight ID: FR149H REG: EI-EBN


Message content:-
214257,,2317, 136,N   .    MMMM.MMM
-------------------------------------------------------[2024-06-12 21:42:59.745]

SOURCE: AIR
RX_ID: 567, Freq: 131.725MHz
Mode: X NACKLabel: 16 Block ID: 9, Msg No: M37A
Flight ID: EDENT1 REG: OM-MEX


Message content:-
222844,254,2303, 138,MMMM.MMM MMMM.MMM
-------------------------------------------------------[2024-06-12 22:28:46.765]

