SOURCE: AIR
RX_ID: 0, Freq: 131.725MHz
Mode: 2 NACKLabel: H1 Block ID: 3, Msg No: F46A
Flight ID: XA0000 REG: IWLFZ


Message content:-
#M1B/.RESREQ/AK,115/TS075617,170524
-------------------------------------------------------[2024-05-17 07:56:16.535]

SOURCE: AIR
RX_ID: 1, Freq: 131.725MHz
Mode: 2 NACKLabel: SA Block ID: 6, Msg No: S83A
Flight ID: GR0000 REG: DCLUB


Message content:-
0EV080029V/
-------------------------------------------------------[2024-05-17 08:04:37.490]

SOURCE: AIR
RX_ID: 2, Freq: 131.725MHz
Mode: 2 NACKLabel: SA Block ID: 6, Msg No: S83A
Flight ID: GR0000 REG: DCLUB


Message content:-
0EV080029V/
-------------------------------------------------------[2024-05-17 08:04:47.513]

SOURCE: AIR
RX_ID: 3, Freq: 131.725MHz
Mode: 2 NACKLabel: SA Block ID: 6, Msg No: S83A
Flight ID: GR0000 REG: DCLUB


Message content:-
0EV080029V/
-------------------------------------------------------[2024-05-17 08:05:01.628]

SOURCE: AIR
RX_ID: 4, Freq: 131.725MHz
Mode: 2 NACKLabel: SA Block ID: 6, Msg No: S83A
Flight ID: GR0000 REG: DCLUB


Message content:-
0EV080029V/
-------------------------------------------------------[2024-05-17 08:05:07.590]

SOURCE: AIR
RX_ID: 5, Freq: 131.725MHz
Mode: X NACKLabel: SA Block ID: 9, Msg No: S83A
Flight ID: GR0000 REG: DCLUB


Message content:-
0EV080029V/
-------------------------------------------------------[2024-05-17 08:05:25.403]

SOURCE: AIR
RX_ID: 6, Freq: 131.725MHz
Mode: X NACKLabel: SA Block ID: 9, Msg No: S83A
Flight ID: GR0000 REG: DCLUB


Message content:-
0EV080029V/
-------------------------------------------------------[2024-05-17 08:05:36.444]

SOURCE: AIR
RX_ID: 7, Freq: 131.725MHz
Mode: G NACKLabel: SA Block ID: 0, Msg No: S83A
Flight ID: GR0000 REG: DCLUB


Message content:-
0EV080029V/
-------------------------------------------------------[2024-05-17 08:05:45.479]

SOURCE: AIR
RX_ID: 8, Freq: 131.725MHz
Mode: G NACKLabel: SA Block ID: 0, Msg No: S83A
Flight ID: GR0000 REG: DCLUB


Message content:-
0EV080029V/
-------------------------------------------------------[2024-05-17 08:05:52.426]

SOURCE: AIR
RX_ID: 9, Freq: 131.725MHz
Mode: 2 NACKLabel: H1 Block ID: 3, Msg No: F22A
Flight ID: XA0000 REG: N518DD


Message content:-
#M1B/.POS/TS080515,170524/PSN45270E003568,,080515,370,TUNUR,081315,BASIP,M50,24338,74,830,MANUAL,0,547E09C
-------------------------------------------------------[2024-05-17 08:05:57.948]

SOURCE: AIR
RX_ID: 10, Freq: 131.725MHz
Mode: G NACKLabel: SA Block ID: 0, Msg No: S83A
Flight ID: GR0000 REG: DCLUB


Message content:-
0EV080029V/
-------------------------------------------------------[2024-05-17 08:06:04.533]

SOURCE: AIR
RX_ID: 11, Freq: 131.725MHz
Mode: 2 NACKLabel: H1 Block ID: 3, Msg No: F22A
Flight ID: XA0000 REG: N518DD


Message content:-
#M1B/.POS/TS080515,170524/PSN45270E003568,,080515,370,TUNUR,081315,BASIP,M50,24338,74,830,MANUAL,0,547E09C
-------------------------------------------------------[2024-05-17 08:06:11.482]

SOURCE: AIR
RX_ID: 12, Freq: 131.725MHz
Mode: 2 NACKLabel: SA Block ID: 1, Msg No: S83A
Flight ID: GR0000 REG: DCLUB


Message content:-
0EV080029V/
-------------------------------------------------------[2024-05-17 08:06:11.882]

SOURCE: AIR
RX_ID: 13, Freq: 131.725MHz
Mode: G NACKLabel: SA Block ID: 3, Msg No: S83A
Flight ID: GR0000 REG: DCLUB


Message content:-
0EV080029V/
-------------------------------------------------------[2024-05-17 08:06:26.218]

SOURCE: AIR
RX_ID: 14, Freq: 131.725MHz
Mode: G NACKLabel: SA Block ID: 3, Msg No: S83A
Flight ID: GR0000 REG: DCLUB


Message content:-
0EV080029V/
-------------------------------------------------------[2024-05-17 08:06:32.179]

SOURCE: AIR
RX_ID: 15, Freq: 131.725MHz
Mode: E NACKLabel: SA Block ID: 5, Msg No: S83A
Flight ID: GR0000 REG: DCLUB


Message content:-
0EV080029V/
-------------------------------------------------------[2024-05-17 08:06:47.539]

SOURCE: AIR
RX_ID: 16, Freq: 131.725MHz
Mode: 2 NACKLabel: H1 Block ID: 8, Msg No: F51A
Flight ID: XA0000 REG: IWLFZ


Message content:-
#M1B/.POS/TS080645,170524N43368E006122,,080645,410,PIVUS,082545,SULID,M50,25253,224,850DFB6
-------------------------------------------------------[2024-05-17 08:06:48.746]

SOURCE: AIR
RX_ID: 17, Freq: 131.725MHz
Mode: E NACKLabel: SA Block ID: 5, Msg No: S83A
Flight ID: GR0000 REG: DCLUB


Message content:-
0EV080029V/
-------------------------------------------------------[2024-05-17 08:06:56.756]

SOURCE: AIR
RX_ID: 18, Freq: 131.725MHz
Mode: E NACKLabel: SA Block ID: 5, Msg No: S83A
Flight ID: GR0000 REG: DCLUB


Message content:-
0EV080029V/
-------------------------------------------------------[2024-05-17 08:07:03.484]

SOURCE: AIR
RX_ID: 19, Freq: 131.725MHz
Mode: G NACKLabel: SA Block ID: 6, Msg No: S83A
Flight ID: GR0000 REG: DCLUB


Message content:-
0EV080029V/
-------------------------------------------------------[2024-05-17 08:07:09.631]

SOURCE: AIR
RX_ID: 20, Freq: 131.725MHz
Mode: G NACKLabel: SA Block ID: 6, Msg No: S83A
Flight ID: GR0000 REG: DCLUB


Message content:-
0EV080029V/
-------------------------------------------------------[2024-05-17 08:07:15.590]

SOURCE: AIR
RX_ID: 21, Freq: 131.725MHz
Mode: G NACKLabel: SA Block ID: 6, Msg No: S83A
Flight ID: GR0000 REG: DCLUB


Message content:-
0EV080029V/
-------------------------------------------------------[2024-05-17 08:07:25.612]

SOURCE: AIR
RX_ID: 22, Freq: 131.725MHz
Mode: G NACKLabel: SA Block ID: 6, Msg No: S83A
Flight ID: GR0000 REG: DCLUB


Message content:-
0EV080029V/
-------------------------------------------------------[2024-05-17 08:07:31.572]

SOURCE: AIR
RX_ID: 23, Freq: 131.725MHz
Mode: G NACKLabel: SA Block ID: 6, Msg No: S83A
Flight ID: GR0000 REG: DCLUB


Message content:-
0EV080029V/
-------------------------------------------------------[2024-05-17 08:07:41.594]

SOURCE: AIR
RX_ID: 24, Freq: 131.725MHz
Mode: E NACKLabel: SA Block ID: 9, Msg No: S83A
Flight ID: GR0000 REG: DCLUB


Message content:-
0EV080029V/
-------------------------------------------------------[2024-05-17 08:07:55.309]

SOURCE: AIR
RX_ID: 25, Freq: 131.725MHz
Mode: E NACKLabel: SA Block ID: 9, Msg No: S83A
Flight ID: GR0000 REG: DCLUB


Message content:-
0EV080029V/
-------------------------------------------------------[2024-05-17 08:08:06.790]

SOURCE: AIR
RX_ID: 26, Freq: 131.725MHz
Mode: E NACKLabel: SA Block ID: 9, Msg No: S83A
Flight ID: GR0000 REG: DCLUB


Message content:-
0EV080029V/
-------------------------------------------------------[2024-05-17 08:08:14.581]

SOURCE: AIR
RX_ID: 27, Freq: 131.725MHz
Mode: G NACKLabel: SA Block ID: 0, Msg No: S83A
Flight ID: GR0000 REG: DCLUB


Message content:-
0EV080029V/
-------------------------------------------------------[2024-05-17 08:08:25.405]

SOURCE: AIR
RX_ID: 28, Freq: 131.725MHz
Mode: X NACKLabel: SA Block ID: 2, Msg No: S83A
Flight ID: GR0000 REG: DCLUB


Message content:-
0EV080029V/
-------------------------------------------------------[2024-05-17 08:08:40.583]

SOURCE: AIR
RX_ID: 29, Freq: 131.725MHz
Mode: X NACKLabel: SA Block ID: 2, Msg No: S83A
Flight ID: GR0000 REG: DCLUB


Message content:-
0EV080029V/
-------------------------------------------------------[2024-05-17 08:08:49.579]

SOURCE: AIR
RX_ID: 30, Freq: 131.725MHz
Mode: X NACKLabel: SA Block ID: 2, Msg No: S83A
Flight ID: GR0000 REG: DCLUB


Message content:-
0EV080029V/
-------------------------------------------------------[2024-05-17 08:08:59.636]

SOURCE: AIR
RX_ID: 31, Freq: 131.725MHz
Mode: 2 NACKLabel: SA Block ID: 3, Msg No: S83A
Flight ID: GR0000 REG: DCLUB


Message content:-
0EV080029V/
-------------------------------------------------------[2024-05-17 08:09:06.586]

SOURCE: AIR
RX_ID: 32, Freq: 131.725MHz
Mode: 2 NACKLabel: SA Block ID: 3, Msg No: S83A
Flight ID: GR0000 REG: DCLUB


Message content:-
0EV080029V/
-------------------------------------------------------[2024-05-17 08:09:13.132]

SOURCE: AIR
RX_ID: 33, Freq: 131.725MHz
Mode: 2 NACKLabel: SA Block ID: 3, Msg No: S83A
Flight ID: GR0000 REG: DCLUB


Message content:-
0EV080029V/
-------------------------------------------------------[2024-05-17 08:09:23.997]

SOURCE: AIR
RX_ID: 34, Freq: 131.725MHz
Mode: 2 NACKLabel: SA Block ID: 5, Msg No: S96A
Flight ID: GR0000 REG: DCLUB


Message content:-
0EV081005V/
-------------------------------------------------------[2024-05-17 08:10:05.978]

SOURCE: AIR
RX_ID: 35, Freq: 131.725MHz
Mode: 2 NACKLabel: SA Block ID: 5, Msg No: S96A
Flight ID: GR0000 REG: DCLUB


Message content:-
0EV081005V/
-------------------------------------------------------[2024-05-17 08:10:14.974]

SOURCE: AIR
RX_ID: 36, Freq: 131.725MHz
Mode: 2 NACKLabel: H1 Block ID: 5, Msg No: F24A
Flight ID: XA0000 REG: N518DD


Message content:-
#M1B/.RESREQ/AK,115/TS081401,170524
-------------------------------------------------------[2024-05-17 08:14:01.500]

SOURCE: AIR
RX_ID: 37, Freq: 131.725MHz
Mode: 2 NACKLabel: H1 Block ID: 6, Msg No: F25A
Flight ID: XA0000 REG: N518DD


Message content:-
#M1B/.POS/TS081401,170524/PSN44330E004592,,081401,344,BASIP,084701,EGHIN,M50,25455,69,,MANUAL,0,547E6CF
-------------------------------------------------------[2024-05-17 08:14:06.216]

SOURCE: AIR
RX_ID: 38, Freq: 131.725MHz
Mode: 2 NACKLabel: 5U Block ID: 9, Msg No: M52A
Flight ID: XA0000 REG: IWLFZ


Message content:-
001     LEIB      N4258.8E00515.6410
-------------------------------------------------------[2024-05-17 08:14:19.126]

SOURCE: AIR
RX_ID: 39, Freq: 131.725MHz
Mode: 2 NACKLabel: H1 Block ID: 9, Msg No: F28A
Flight ID: XA0000 REG: N518DD


Message content:-
#M1B/.RESREQ/AK,115/TS082428,170524
-------------------------------------------------------[2024-05-17 08:24:29.436]

SOURCE: AIR
RX_ID: 40, Freq: 131.725MHz
Mode: 2 NACKLabel: H1 Block ID: 0, Msg No: F29A
Flight ID: XA0000 REG: N518DD


Message content:-
#M1B/.POS/TS082428,170524/PSN43392E006069,,082428,167,BASIP,084328,EGHIN,M18,26027,66,,MANUAL,0,547D171
-------------------------------------------------------[2024-05-17 08:24:33.716]

SOURCE: AIR
RX_ID: 41, Freq: 131.825MHz
Mode: 2 NACKLabel: B9 Block ID: 3, Msg No: J00A
Flight ID: XA4534 REG: 10273


Message content:-
/LIMC.TI2/000LIMCA869A
-------------------------------------------------------[2024-05-17 08:37:31.964]

SOURCE: AIR
RX_ID: 42, Freq: 131.825MHz
Mode: 2 NACKLabel: B9 Block ID: 0, Msg No: J04A
Flight ID: XA4534 REG: 10273


Message content:-
/LOWW.TI2/000LOWWAEA16
-------------------------------------------------------[2024-05-17 08:43:08.865]

SOURCE: AIR
RX_ID: 43, Freq: 131.825MHz
Mode: 2 NACKLabel: 16 Block ID: 3, Msg No: M11A
Flight ID: XA4534 REG: 10273


Message content:-
085039,38016,1025,  18,N 45.174 E  6.417
-------------------------------------------------------[2024-05-17 08:50:40.276]

SOURCE: AIR
RX_ID: 44, Freq: 131.725MHz
Mode: G NACKLabel: H1 Block ID: 6, Msg No: D08A
Flight ID: DL0024 REG: N843MH


Message content:-
#DFB239N1819 0024051724094415806 4393   404331-16-46251 93XX-223 21320
 285 5450029113610030PSZKATLLFMN
-------------------------------------------------------[2024-05-17 09:44:31.061]

SOURCE: AIR
RX_ID: 45, Freq: 131.725MHz
Mode: G NACKLabel: H1 Block ID: 6, Msg No: D08A
Flight ID: DL0024 REG: N843MH


Message content:-
#DFB239N1819 0024051724094415806 4393   404331-16-46251 93XX-223 21320
 285 5450029113610030PSZKATLLFMN
-------------------------------------------------------[2024-05-17 09:44:40.459]

SOURCE: AIR
RX_ID: 46, Freq: 131.725MHz
Mode: G NACKLabel: H1 Block ID: 7, Msg No: D09A
Flight ID: DL0024 REG: N843MH


Message content:-
#DFBENGINE BLEED REPORT

AID:N1819  DA:17/05    GMT:09:52    FNO:1875      ISFC: 2498
TAT: -09  SAT:-225   ALT: 19988   MACH:0657    FCNT: 2145
GW:310080  FLT:0024-1  MODE:DESC    SID:AK-67-223
S/N L:70700
-------------------------------------------------------[2024-05-17 09:52:17.387]

SOURCE: AIR
RX_ID: 47, Freq: 131.725MHz
Mode: G NACKLabel: H1 Block ID: 8, Msg No: D09B
Flight ID: DL0024 REG: N843MH


Message content:-
#DFB0         DEPART:KATL    DESTIN:LFMN
S/N R:707000

               ENG L     ENG R
HPSOV          OPN       OPN
PRV            OPN       OPN
PRSOV          OPN       OPN
FAV %            -243     -188
-------------------------------------------------------[2024-05-17 09:52:21.265]

SOURCE: AIR
RX_ID: 48, Freq: 131.725MHz
Mode: G NACKLabel: H1 Block ID: 9, Msg No: D09C
Flight ID: DL0024 REG: N843MH


Message content:-
#DFB
N1 SPD          5770     6031
HI STG PRESS    8900     9550
INTERM PRESS1    3442     3758
INTERM PRESS2    3128     4242
STRUT OVHT     NRML      NRML
DUCT PRESS       3150     4325
P-COOL TEMP    
-------------------------------------------------------[2024-05-17 09:52:25.177]

SOURCE: AIR
RX_ID: 49, Freq: 131.725MHz
Mode: G NACKLabel: H1 Block ID: 0, Msg No: D09D
Flight ID: DL0024 REG: N843MH


Message content:-
#DFB35763    34659
PACK HX TEMP    31984    32284
PACK FLOW       10413    14095
WING ANTI ICE  OFF
LT  ISO VLV    CLS
RT  ISO VLV    CLS
CTR ISO VLV    OPN

TRIGGER CODE   0000

STATUS WORDS  DW1  DW
-------------------------------------------------------[2024-05-17 09:52:29.057]

SOURCE: AIR
RX_ID: 50, Freq: 131.725MHz
Mode: G NACKLabel: H1 Block ID: 1, Msg No: D09E
Flight ID: DL0024 REG: N843MH


Message content:-
#DFB2  DW3  DW4  DW5  DW6  DW7  DW8  EICAS
LEFT          0000 0001 0000 0000 0000 0000 1040 0000 0000
RIGHT         0000 0001 0000 0000 0000 0000 1040 0000 0000

-------------------------------------------------------[2024-05-17 09:52:33.151]

SOURCE: AIR
RX_ID: 51, Freq: 131.725MHz
Mode: 2 NACKLabel: B9 Block ID: 8, Msg No: M25A
Flight ID: ZD0033 REG: N333EH


Message content:-
/LFMN.TI2/024LFMNA426A
-------------------------------------------------------[2024-05-17 10:17:22.877]

SOURCE: AIR
RX_ID: 52, Freq: 131.725MHz
Mode: E ACK, A2GLabel: 44 Block ID: 1, Msg No: M27A
Flight ID: ZD0033 REG: N333EH


Message content:-
011*4l~b_'S'(L6llEEA~b~l(bdy1yb\C@_blEAqbAlAEbAlSqbllLOq
-------------------------------------------------------[2024-05-17 10:17:42.770]

SOURCE: AIR
RX_ID: 53, Freq: 131.725MHz
Mode: E NACKLabel: SA Block ID: 2, Msg No: M30A
Flight ID: ZD0033 REG: N333EH


Message content:-
0EV101720VS/
-------------------------------------------------------[2024-05-17 10:17:46.427]

SOURCE: AIR
RX_ID: 54, Freq: 131.725MHz
Mode: E NACKLabel: H1 Block ID: 3, Msg No: F00A
Flight ID: ZD0033 REG: N333EH


Message content:-
#CFB3411 MXRPTB
2024 MAY 17 10:07:00 GV_912_00330_01_060420
LEG 01
AFDE 3  AMM  1
TOP LEVEL PN:  EB7031236-00330
TOP LEVEL MOD: -
CONFIG PN:     TT60002648-50458
FLIGHT PHASE: DESCENT
-----
107 MID CABIN DOOR C
-------------------------------------------------------[2024-05-17 10:17:50.961]

SOURCE: AIR
RX_ID: 55, Freq: 131.725MHz
Mode: E NACKLabel: H1 Block ID: 4, Msg No: F00B
Flight ID: ZD0033 REG: N333EH


Message content:-
#CFBLOSED
CAUTION

131 APU MASTER ON
ADVISORY

348 ISOLATION VALVE OPEN
ADVISORY

45-45 IC=1
45453011CMC AUTOMATIC DOWNLINK FAIL


-------------------------------------------------------[2024-05-17 10:17:55.239]

SOURCE: AIR
RX_ID: 56, Freq: 131.725MHz
Mode: X NACKLabel: H1 Block ID: 3, Msg No: F40A
Flight ID: DL0025 REG: N827MH


Message content:-
#M1BPOSN44346E005393,KOT03,102126,320,ETREK,102927,NOQAS,M45,25268,1210,79690A9
-------------------------------------------------------[2024-05-17 10:21:28.049]

SOURCE: AIR
RX_ID: 57, Freq: 131.725MHz
Mode: X NACKLabel: H1 Block ID: 5, Msg No: D41A
Flight ID: DL0025 REG: N827MH


Message content:-
#DFB239N1803 0025051724102442798 4486   520320-17-46252 50XX-223118800
 290 4300080290040030PSZLFMNKATL
-------------------------------------------------------[2024-05-17 10:25:03.677]

SOURCE: AIR
RX_ID: 58, Freq: 131.725MHz
Mode: X NACKLabel: H1 Block ID: 7, Msg No: D42B
Flight ID: DL0025 REG: N827MH


Message content:-
#DFB3 
 0
-------------------------------------------------------[2024-05-17 10:29:53.288]

SOURCE: AIR
RX_ID: 59, Freq: 131.725MHz
Mode: E NACKLabel: 83 Block ID: 0, Msg No: M07A
Flight ID: UV0001 REG: FHGUI


Message content:-
001PR17111642N4315.3E00559.4240202    
-------------------------------------------------------[2024-05-17 11:16:48.066]

SOURCE: AIR
RX_ID: 60, Freq: 131.725MHz
Mode: G NACKLabel: 83 Block ID: 2, Msg No: M08A
Flight ID: UV0001 REG: FHGUI


Message content:-
001PR17112702N4318.5E00512.2239204    
-------------------------------------------------------[2024-05-17 11:27:07.818]

SOURCE: AIR
RX_ID: 61, Freq: 131.725MHz
Mode: G NACKLabel: 83 Block ID: 3, Msg No: M09A
Flight ID: UV0001 REG: FHGUI


Message content:-
001PR17113721N4322.1E00422.3240222    
-------------------------------------------------------[2024-05-17 11:37:27.359]

SOURCE: AIR
RX_ID: 62, Freq: 131.725MHz
Mode: X NACKLabel: 20 Block ID: 6, Msg No: M76A
Flight ID: HV066L REG: PH-HBJ


Message content:-
RST13A17115059TRA66L  EHEHLEIB
-------------------------------------------------------[2024-05-17 11:51:01.888]

SOURCE: AIR
RX_ID: 63, Freq: 131.825MHz
Mode: 2 NACKLabel: H1 Block ID: 0, Msg No: C06A
Flight ID: VY08QD REG: EC-KLB


Message content:-
#CFBWRN/WN24051712050046200006DATALINK ATC FAULT      
-------------------------------------------------------[2024-05-17 12:05:25.575]

SOURCE: AIR
RX_ID: 64, Freq: 131.825MHz
Mode: 2 NACKLabel: H1 Block ID: 9, Msg No: C08A
Flight ID: VY08QD REG: EC-KLB


Message content:-
#CFBWRN/WN24051712090046200006DATALINK COMPANY FAULT  
-------------------------------------------------------[2024-05-17 12:09:37.495]

SOURCE: AIR
RX_ID: 65, Freq: 131.825MHz
Mode: 2 NACKLabel: 16 Block ID: 0, Msg No: M25A
Flight ID: VY08QD REG: EC-KLB


Message content:-
120942,35017,1304, 112,N 43.387 E  5.588, 788
-------------------------------------------------------[2024-05-17 12:09:45.682]

SOURCE: AIR
RX_ID: 66, Freq: 131.825MHz
Mode: 2 NACKLabel: B9 Block ID: 3, Msg No: M46A
Flight ID: GS0643 REG: DAVIB


Message content:-
/LFMN.TI2/024LFMNA426A
-------------------------------------------------------[2024-05-17 12:09:54.714]

SOURCE: AIR
RX_ID: 67, Freq: 131.525MHz
Mode: 2 NACKLabel: H1 Block ID: 2, Msg No: F65A
Flight ID: XA0000 REG: N300SC


Message content:-
#M1B/.RESREQ/AK,115/TS121146,170524
-------------------------------------------------------[2024-05-17 12:11:47.540]

SOURCE: AIR
RX_ID: 68, Freq: 131.525MHz
Mode: 2 NACKLabel: H1 Block ID: 3, Msg No: F66A
Flight ID: XA0000 REG: N300SC


Message content:-
#M1B/.POS/TS121146,170524N44359E004583,,121146,356,,121146,,M49,24776,63,8301B7B
-------------------------------------------------------[2024-05-17 12:11:51.858]

SOURCE: AIR
RX_ID: 69, Freq: 131.825MHz
Mode: 2 NACKLabel: 44 Block ID: 6, Msg No: M49A
Flight ID: GS0643 REG: DAVIB


Message content:-
00POS03,N43206E006021,186,LEIB,LFMN,0517,1213,1223,003.7
-------------------------------------------------------[2024-05-17 12:13:21.748]

SOURCE: AIR
RX_ID: 70, Freq: 131.525MHz
Mode: 2 NACKLabel: H1 Block ID: 6, Msg No: F69A
Flight ID: XA0000 REG: N300SC


Message content:-
#M1B/.RESREQ/AK,115/TS122202,170524
-------------------------------------------------------[2024-05-17 12:22:03.205]

SOURCE: AIR
RX_ID: 71, Freq: 131.525MHz
Mode: 2 NACKLabel: H1 Block ID: 7, Msg No: F70A
Flight ID: XA0000 REG: N300SC


Message content:-
#M1B/.POS/TS122202,170524N43372E006083,,122202,155,,122202,,M11,24325,60,830D52B
-------------------------------------------------------[2024-05-17 12:22:07.485]

SOURCE: AIR
RX_ID: 72, Freq: 131.525MHz
Mode: T NACKLabel: 2F Block ID: 9, Msg No: M87A
Flight ID: AF7308 REG: F-GMZD


Message content:-
1235+4440+519/3349
-------------------------------------------------------[2024-05-17 12:35:08.245]

SOURCE: AIR
RX_ID: 73, Freq: 131.525MHz
Mode: T NACKLabel: 2Z Block ID: 0, Msg No: M88A
Flight ID: AF7308 REG: F-GMZD


Message content:-
LFMN
-------------------------------------------------------[2024-05-17 12:36:04.748]

SOURCE: AIR
RX_ID: 74, Freq: 131.525MHz
Mode: 2 NACKLabel: H1 Block ID: 2, Msg No: D72C
Flight ID: AF7309 REG: F-GMZD


Message content:-
#DFBXX,04548,0105,291/9C0120,210,N0517,070760,016/C04351,0714,05154,0092,319/0C0294,217,00678,070724,026/E1XXXXX,0711,05778,0077,336/1E0292,224,00262,070705,014/E24351,0709,06661,0052,341/2E0262,222,00203,07068
-------------------------------------------------------[2024-05-17 14:30:41.497]

SOURCE: AIR
RX_ID: 75, Freq: 131.725MHz
Mode: 2 NACKLabel: 14 Block ID: 9, Msg No: M59A
Flight ID: XA0001 REG: 9HXOB


Message content:-
(2AAACN44128E  5266ATISPMI                         ATISPMI          (Z
-------------------------------------------------------[2024-05-17 14:51:07.237]

SOURCE: AIR
RX_ID: 76, Freq: 131.725MHz
Mode: 2 NACKLabel: 14 Block ID: 3, Msg No: M63A
Flight ID: XA0001 REG: 9HXOB


Message content:-
(2AAADN43554E  5149ATISPMI                         ATISPMI          (Z
-------------------------------------------------------[2024-05-17 14:54:08.929]

SOURCE: AIR
RX_ID: 77, Freq: 131.725MHz
Mode: 2 ACK, A2GLabel: 14 Block ID: 3, Msg No: M63A
Flight ID: XA0001 REG: 9HXOB


Message content:-
(2AAADN43554E  5149ATISPMI                         ATISPMI          (Z
-------------------------------------------------------[2024-05-17 14:54:19.968]

SOURCE: AIR
RX_ID: 78, Freq: 131.725MHz
Mode: 2 NACKLabel: 16 Block ID: 6, Msg No: M66A
Flight ID: XA0001 REG: 9HXOB


Message content:-
(2AAAEN43439E  5072LEPA-/O(Z
-------------------------------------------------------[2024-05-17 14:56:08.733]

SOURCE: AIR
RX_ID: 79, Freq: 131.725MHz
Mode: 2 ACK, A2GLabel: 18 Block ID: 0, Msg No: M70A
Flight ID: XA0001 REG: 9HXOB


Message content:-
(2/MXA
-------------------------------------------------------[2024-05-17 14:56:28.189]

SOURCE: AIR
RX_ID: 80, Freq: 131.825MHz
Mode: 2 NACKLabel: 44 Block ID: 4, Msg No: M33A
Flight ID: GS0000 REG: FHJMA


Message content:-
07*?X.0)Emm0<4]..mmmD)04<) 6*x) 6-r).<;M);m<D);<0;)..U+m
-------------------------------------------------------[2024-05-17 14:58:52.759]

SOURCE: AIR
RX_ID: 81, Freq: 131.725MHz
Mode: 2 NACKLabel: 44 Block ID: 7, Msg No: M14A
Flight ID: GS0112 REG: OK-OSK


Message content:-
00POS03,N44497E005441,350,LSGG,LEGE,0517,1511,1555,004.0
-------------------------------------------------------[2024-05-17 15:11:10.049]

SOURCE: AIR
RX_ID: 82, Freq: 131.825MHz
Mode: 2 NACKLabel: 44 Block ID: 5, Msg No: M45A
Flight ID: GS0000 REG: DAERO


Message content:-
07*?X.0)Em<;04]..m;4U)0M.)]{yl) 6-E).<;M);<;<);<<k)..m+<
-------------------------------------------------------[2024-05-17 15:15:37.315]

SOURCE: AIR
RX_ID: 83, Freq: 131.825MHz
Mode: 2 NACKLabel: 44 Block ID: 6, Msg No: M46A
Flight ID: GS0000 REG: DAERO


Message content:-
09|\L46c+NNN6,G44NNsZc6N8cGeH(c-W.+c4B8sc8Bh4c8BB1c44N5N
-------------------------------------------------------[2024-05-17 15:20:37.566]

SOURCE: AIR
RX_ID: 84, Freq: 131.825MHz
Mode: 2 NACKLabel: 16 Block ID: 2, Msg No: M38A
Flight ID: XA4534 REG: 10273


Message content:-
152054,41008,1630,  22,N 44.024 E  7.068
-------------------------------------------------------[2024-05-17 15:20:56.804]

SOURCE: AIR
RX_ID: 85, Freq: 131.825MHz
Mode: 2 NACKLabel: 44 Block ID: 7, Msg No: M47A
Flight ID: GS0000 REG: DAERO


Message content:-
07*?X.0)Emm;m.]..<44m)4D<)]{yl) 6-E).<;M);<4<);<<0)..m+4
-------------------------------------------------------[2024-05-17 15:25:37.603]

SOURCE: AIR
RX_ID: 86, Freq: 131.725MHz
Mode: G NACKLabel: SA Block ID: 1, Msg No: S70A
Flight ID: QR038C REG: A7-BAI


Message content:-
0LS152606V
-------------------------------------------------------[2024-05-17 15:26:08.323]

SOURCE: AIR
RX_ID: 87, Freq: 131.725MHz
Mode: 2 NACKLabel: 44 Block ID: 8, Msg No: M15A
Flight ID: GS0112 REG: OK-OSK


Message content:-
00POS03,N43188E004589,350,LSGG,LEGE,0517,1526,1555,003.5
-------------------------------------------------------[2024-05-17 15:26:11.395]

SOURCE: AIR
RX_ID: 88, Freq: 131.725MHz
Mode: G NACKLabel: SA Block ID: 2, Msg No: S73A
Flight ID: QR038C REG: A7-BAI


Message content:-
0LS152852V
-------------------------------------------------------[2024-05-17 15:28:53.998]

SOURCE: AIR
RX_ID: 89, Freq: 131.725MHz
Mode: G NACKLabel: 16 Block ID: 4, Msg No: M59A
Flight ID: QR038C REG: A7-BAI


Message content:-
EMMEF  ,N 45.002,E   5.161,34001,0488,2030,097\TS152906,170524
-------------------------------------------------------[2024-05-17 15:29:09.757]

SOURCE: AIR
RX_ID: 90, Freq: 131.825MHz
Mode: 2 NACKLabel: H1 Block ID: 3, Msg No: F18A
Flight ID: XA4534 REG: 10273


Message content:-
#M1BPRG/TS152932,170524/DTLEZG,30R,406,162932,042/FNAME4534E8E5
-------------------------------------------------------[2024-05-17 15:29:33.746]

SOURCE: AIR
RX_ID: 91, Freq: 131.825MHz
Mode: 2 NACKLabel: 44 Block ID: 8, Msg No: M48A
Flight ID: GS0000 REG: DAERO


Message content:-
02N;E,0Irm0mAQX,,QQ39I3)]IXOeoIv*srI,Q3]I3Q0,I3QQQI,,mT3
-------------------------------------------------------[2024-05-17 15:30:37.638]

SOURCE: AIR
RX_ID: 92, Freq: 131.725MHz
Mode: G NACKLabel: 16 Block ID: 5, Msg No: M60A
Flight ID: QR038C REG: A7-BAI


Message content:-
EMMEF  ,N 45.012,E   5.835,34004,0488,2030,096\TS153211,170524
-------------------------------------------------------[2024-05-17 15:32:14.298]

