SOURCE: AIR
RX_ID: 0, Freq: 131.825MHz
Mode: 2 NACKLabel: Q0 Block ID: 2, Msg No: S17A
Flight ID: WB0711 REG: 9XR-WN


Message content:-

-------------------------------------------------------[2024-02-06 22:43:22.203]

SOURCE: AIR
RX_ID: 1, Freq: 131.525MHz
Mode: T NACKLabel: B9 Block ID: 6, Msg No: L28A
Flight ID: AF7342 REG: F-GMZC


Message content:-
/LFLL.TI2/064LFLLAD2FE
-------------------------------------------------------[2024-02-06 22:49:53.225]

SOURCE: AIR
RX_ID: 2, Freq: 131.525MHz
Mode: T NACKLabel: B9 Block ID: 7, Msg No: L29A
Flight ID: AF7342 REG: F-GMZC


Message content:-
/LFLL.TI2/064LFLLAD2FE
-------------------------------------------------------[2024-02-06 22:51:06.736]

SOURCE: AIR
RX_ID: 3, Freq: 131.525MHz
Mode: T ACK, A2GLabel: _d Block ID: 9, Msg No: S18A
Flight ID: AF7342 REG: F-GMZC


Message content:-

-------------------------------------------------------[2024-02-06 22:51:10.208]

SOURCE: AIR
RX_ID: 4, Freq: 131.725MHz
Mode: X ACK, A2GLabel: Q0 Block ID: 2, Msg No: S21A
Flight ID: AF7342 REG: F-GMZC


Message content:-

-------------------------------------------------------[2024-02-06 22:51:37.710]

SOURCE: AIR
RX_ID: 5, Freq: 131.725MHz
Mode: X ACK, A2GLabel: _d Block ID: 4, Msg No: S23A
Flight ID: AF7342 REG: F-GMZC


Message content:-

-------------------------------------------------------[2024-02-06 22:53:07.749]

SOURCE: AIR
RX_ID: 6, Freq: 131.725MHz
Mode: X NACKLabel: H1 Block ID: 5, Msg No: D25A
Flight ID: AF7342 REG: F-GMZC


Message content:-
#DFBA01/A32101,1,1/CCF-GMZC,FEB06,223144,LFPG,LFML,0094/C106,13239,5000,53,0010,0,0100,53,X/CEN335,33007,267,755,7335,215,C53025/EC699257,23788,05770,22997,73,25/EE575645,39711,08252,33165,73/N10844,0844,0920,5
-------------------------------------------------------[2024-02-06 22:55:03.058]

SOURCE: AIR
RX_ID: 7, Freq: 131.725MHz
Mode: X NACKLabel: H1 Block ID: 6, Msg No: D25B
Flight ID: AF7342 REG: F-GMZC


Message content:-
#DFB986,1397,XXXXX/N20844,0844,0917,5915,1363,XXXXX/S1XXXXX,0572,1407,4060,XXXX,022,001/S2XXXXX,0535,1399,4075,XXXX,017,001/T1099,091,025,42,068,05655,0145/T2099,098,018,43,064,05584,0039/V105,06,273,102,02,00,
-------------------------------------------------------[2024-02-06 22:55:07.155]

SOURCE: AIR
RX_ID: 8, Freq: 131.725MHz
Mode: X NACKLabel: H1 Block ID: 7, Msg No: D25C
Flight ID: AF7342 REG: F-GMZC


Message content:-
#DFB00000/V203,03,295,134,02,00,00000/V310,09,036,173,0616/V406,07,059,197,0616/V506,08,032,107,0915/V611,14,095,137,0915/V7044,077,00081,22222222222111/V8043,079,00061,22222222222111,/
-------------------------------------------------------[2024-02-06 22:55:10.848]

