
[#4 (F:131.725 L:-10.1 E:0) 22/01/2024 09:31:56.476 --------------------------------
Mode : 2 Label : Q0 Id : 5 Nak
Aircraft reg: 7T-VKD Flight id: AH1010
No: S23A

[#4 (F:131.725 L:-11.6 E:0) 22/01/2024 09:32:00.478 --------------------------------
Mode : G Label : SA Id : 6 Nak
Aircraft reg: 7T-VKD Flight id: AH1010
No: M12A
0EV093159V

[#4 (F:131.725 L:-10.4 E:0) 22/01/2024 09:32:31.817 --------------------------------
Mode : G Label : 5V Id : 7 Nak
Aircraft reg: 7T-VKD Flight id: AH1010
No: S24A

[#4 (F:131.725 L:-13.2 E:0) 22/01/2024 09:36:44.908 --------------------------------
Mode : 2 Label : Q0 Id : 8 Nak
Aircraft reg: 7T-VKD Flight id: AH1010
No: S25A

[#4 (F:131.725 L:-12.3 E:0) 22/01/2024 09:36:48.656 --------------------------------
Mode : E Label : B9 Id : 9 Nak
Aircraft reg: 7T-VKD Flight id: AH1010
No: L01A
/LFPO.TI2/024LFPOA7069

[#4 (F:131.725 L:-11.1 E:0) 22/01/2024 09:36:53.254 --------------------------------
Mode : E Label : SA Id : 0 Nak
Aircraft reg: 7T-VKD Flight id: AH1010
No: M13A
0EV093647V

[#4 (F:131.725 L: -9.0 E:0) 22/01/2024 09:37:03.922 --------------------------------
Mode : E Label : 80 Id : 1 Ack : P
Aircraft reg: 7T-VKD Flight id: AH1010
No: M14A
3M01 OPNORM 1010/22 DAAG/LFPO .7T-VKD

[#4 (F:131.725 L: -8.8 E:0) 22/01/2024 09:37:08.735 --------------------------------
Mode : E Label : _d Id : 2 Ack : Q
Aircraft reg: 7T-VKD Flight id: AH1010
No: S26A

[#4 (F:131.725 L: -8.8 E:0) 22/01/2024 09:37:12.367 --------------------------------
Mode : E Label : _d Id : 3 Ack : R
Aircraft reg: 7T-VKD Flight id: AH1010
No: S27A

[#4 (F:131.725 L:-10.1 E:0) 22/01/2024 09:37:35.690 --------------------------------
Mode : E Label : 5V Id : 4 Nak
Aircraft reg: 7T-VKD Flight id: AH1010
No: S28A

[#2 (F:131.525 L: -9.1 E:0) 22/01/2024 10:00:06.926 --------------------------------
Mode : T Label : Q0 Id : 9 Nak
Aircraft reg: F-GRHF Flight id: AF9468
No: S39A

[#4 (F:131.725 L:-19.6 E:0) 22/01/2024 10:03:12.933 --------------------------------
Mode : X Label : _d Id : 3 Ack : W
Aircraft reg: OY-VKF Flight id: DK0444
No: S70A

[#4 (F:131.725 L:-19.4 E:1) 22/01/2024 10:03:14.601 --------------------------------
Mode : X Label : H1 Id : 4 Nak
Aircraft reg: OY-VKF Flight id: DK0444
No: F86A
#M1BRESREQ/AK,1158AF6

[#4 (F:131.725 L:-18.7 E:1) 22/01/2024 10:03:23.780 --------------------------------
Mode : X Label : H1 Id : 4 Nak
Aircraft reg: OY-VKF Flight id: DK0444
No: F86A
#M1BRESREQ/AK,1158AF6

[#4 (F:131.725 L:-17.8 E:2) 22/01/2024 10:03:28.366 --------------------------------
Mode : X Label : H1 Id : 5 Nak
Aircraft reg: OY-VKF Flight id: DK0444
No: F87A
#M1BPOSN45142E005598,,100312,390,N44358E005430,100838,RETNO,M64,28940,876/TS100312,0122244E2B

[#2 (F:131.525 L: -8.0 E:0) 22/01/2024 10:04:55.058 --------------------------------
Mode : T Label : 2F Id : 0 Nak
Aircraft reg: F-GRHF Flight id: AF9468
No: M15A
1004+4460+494/3646

[#2 (F:131.525 L: -7.2 E:0) 22/01/2024 10:05:16.063 --------------------------------
Mode : T Label : 2Z Id : 1 Nak
Aircraft reg: F-GRHF Flight id: AF9468
No: M16A
LFMN
##########################
Destination Airport : LFMN

[#4 (F:131.725 L:-14.4 E:0) 22/01/2024 10:05:44.551 --------------------------------
Mode : 2 Label : Q0 Id : 6 Nak
Aircraft reg: OY-VKF Flight id: DK0444
No: S71A

[#4 (F:131.725 L:-15.4 E:0) 22/01/2024 10:05:51.691 --------------------------------
Mode : E Label : Q0 Id : 7 Nak
Aircraft reg: OY-VKF Flight id: DK0444
No: S72A

[#2 (F:131.525 L: -4.9 E:0) 22/01/2024 10:07:14.994 --------------------------------
Mode : T Label : _d Id : 2 Ack : L
Aircraft reg: F-GRHF Flight id: AF9468
No: S40A

[#4 (F:131.725 L:-12.0 E:0) 22/01/2024 10:07:27.543 --------------------------------
Mode : G Label : Q0 Id : 8 Nak
Aircraft reg: OY-VKF Flight id: DK0444
No: S73A

[#4 (F:131.725 L:-15.4 E:0) 22/01/2024 10:07:33.844 --------------------------------
Mode : G Label : _d Id : 9 Ack : A
Aircraft reg: OY-VKF Flight id: DK0444
No: S74A

[#4 (F:131.725 L:-15.2 E:0) 22/01/2024 10:07:34.253 --------------------------------
Mode : G Label : H1 Id : 0 Nak
Aircraft reg: OY-VKF Flight id: DK0444
No: F88A
#M1BRESREQ/AK,1158AF6

[#4 (F:131.725 L:-10.4 E:0) 22/01/2024 10:07:37.195 --------------------------------
Mode : G Label : H1 Id : 1 Nak
Aircraft reg: OY-VKF Flight id: DK0444
No: F89A
#M1BPOSN44429E005461,,100732,370,N44358E005430,100835,RETNO,M60,30045,872/TS100732,0122247F3C

[#4 (F:131.725 L: -7.1 E:0) 22/01/2024 10:12:43.000 --------------------------------
Mode : G Label : _d Id : 2 Ack : B
Aircraft reg: OY-VKF Flight id: DK0444
No: S75A

[#4 (F:131.725 L: -6.5 E:0) 22/01/2024 10:12:45.396 --------------------------------
Mode : G Label : H1 Id : 3 Nak
Aircraft reg: OY-VKF Flight id: DK0444
No: F90A
#M1BRESREQ/AK,1158AF6

[#4 (F:131.725 L: -7.2 E:0) 22/01/2024 10:12:48.924 --------------------------------
Mode : G Label : H1 Id : 4 Nak
Aircraft reg: OY-VKF Flight id: DK0444
No: F91A
#M1BPOSN44054E005279,,101242,370,GIROL,101257,TUPOX,M60,30935,859/TS101242,01222467AA

[#2 (F:131.525 L: -9.2 E:0) 22/01/2024 10:13:02.732 --------------------------------
Mode : T Label : 26 Id : 3 Nak
Aircraft reg: F-GRHF Flight id: AF9468
No: M17A
1013LFPGAF9468/221028LFMN04R

[#2 (F:131.525 L:-11.6 E:0) 22/01/2024 10:13:14.250 --------------------------------
Mode : T Label : 26 Id : 3 Nak
Aircraft reg: F-GRHF Flight id: AF9468
No: M17A
1013LFPGAF9468/221028LFMN04R

[#2 (F:131.525 L: -4.5 E:0) 22/01/2024 10:14:35.165 --------------------------------
Mode : T Label : B9 Id : 4 Nak
Aircraft reg: F-GRHF Flight id: AF9468
No: L05A
/LFMN.TI2/064LFMNA83AC

[#2 (F:131.525 L: -5.6 E:0) 22/01/2024 10:14:39.830 --------------------------------
Mode : T Label : _d Id : 5 Ack : M
Aircraft reg: F-GRHF Flight id: AF9468
No: S41A

[#2 (F:131.525 L: -7.0 E:0) 22/01/2024 10:14:44.072 --------------------------------
Mode : T Label : _d Id : 6 Ack : N
Aircraft reg: F-GRHF Flight id: AF9468
No: S42A

[#4 (F:131.725 L:-18.1 E:0) 22/01/2024 10:16:37.469 --------------------------------
Mode : X Label : SA Id : 1 Nak
Aircraft reg: 7T-VKO Flight id: AH1107
No: M21A
0EV101637VS

[#4 (F:131.725 L: -4.8 E:0) 22/01/2024 10:17:42.997 --------------------------------
Mode : G Label : _d Id : 5 Ack : C
Aircraft reg: OY-VKF Flight id: DK0444
No: S76A

[#4 (F:131.725 L: -4.6 E:0) 22/01/2024 10:17:43.982 --------------------------------
Mode : G Label : H1 Id : 6 Nak
Aircraft reg: OY-VKF Flight id: DK0444
No: F92A
#M1BRESREQ/AK,1158AF6

[#4 (F:131.725 L: -4.6 E:0) 22/01/2024 10:17:46.850 --------------------------------
Mode : G Label : H1 Id : 7 Nak
Aircraft reg: OY-VKF Flight id: DK0444
No: F93A
#M1BPOSN43294E005086,,101742,370,MTG,101837,DIVKO,M60,31935,848/TS101742,01222402BB

[#4 (F:131.725 L:-15.3 E:1) 22/01/2024 10:19:55.792 --------------------------------
Mode : X Label : B9 Id : 4 Nak
Aircraft reg: EI-DYV Flight id: FR691W
No: M60A
/LEVC.TI2/024LEVCA1C78

[#4 (F:131.725 L:-19.4 E:0) 22/01/2024 10:20:19.860 --------------------------------
Mode : X Label : 5U Id : 5 Nak
Aircraft reg: EI-DYV Flight id: FR691W
No: M61A
LEVC-SA

[#4 (F:131.725 L:-14.1 E:0) 22/01/2024 10:21:19.468 --------------------------------
Mode : E Label : Q0 Id : 9 Nak
Aircraft reg: OY-VKF Flight id: DK0444
No: S78A

[#4 (F:131.725 L: -8.8 E:0) 22/01/2024 10:22:55.793 --------------------------------
Mode : X Label : 16 Id : 6 Nak
Aircraft reg: EI-DYV Flight id: FR691W
No: M62A
102253,,1135, 125,N   .    MMMM.MMM

[#4 (F:131.725 L:-25.1 E:0) 22/01/2024 12:04:13.644 --------------------------------
Mode : X Label : 16 Id : 7 Nak
Aircraft reg: OO-SFC Flight id: SN027A
No: M11A
22JAN24,1204,N 44.536,E  5.601,36977,1717,85560

[#4 (F:131.725 L:-18.7 E:0) 22/01/2024 12:04:27.411 --------------------------------
Mode : X Label : 16 Id : 7 Nak
Aircraft reg: EI-EMC Flight id: FR92KK
No: M02A
120425,,1246,  94,N   .    MMMM.MMM

[#2 (F:131.525 L:-32.9 E:3) 22/01/2024 12:14:45.657 --------------------------------
Mode : T Label : Q0 Id : 5 Nak
Aircraft reg: F-GRHF Flight id: AF6215
No: S31A

[#2 (F:131.525 L:-18.0 E:0) 22/01/2024 12:14:45.639 --------------------------------
Mode : T Label : Q0 Id : 5 Nak
Aircraft reg: F-GRHF Flight id: AF6215
No: S31A

[#4 (F:131.725 L:-20.0 E:0) 22/01/2024 12:15:36.371 --------------------------------
Mode : X Label : H1 Id : 8 Nak
Aircraft reg: OO-SFC Flight id: SN027A
No: D04A
#DFB001274800101010734071
R01/A33001,1,1
C1,.OO-SFC,24JAN22,12.15.09,EBBR,DGAA,BEL27A    ,5000,726
C2,001,06.0,000000,D1333RR06C02BEL,000,052,052
C3,-34.5,36980,0.800,111,1.03,111,10,0,01,111,1.02,X
C4,-34
ETB

[#4 (F:131.725 L:-20.4 E:0) 22/01/2024 12:15:39.895 --------------------------------
Mode : X Label : H1 Id : 9 Nak
Aircraft reg: OO-SFC Flight id: SN027A
No: D04B
#DFB.7,36978,0.800,111
C5,041205,08164,04810,01673,00443,10016,00000,00402,06066,195
C6,041196,05374,33306,01111,00443,10016,00000,00402,1E066
N1,1.474,1.474,077.90,085.2,086.8,0617,07.129,02961,08.21
N2,1.
ETB

[#4 (F:131.725 L:-21.3 E:0) 22/01/2024 12:15:43.328 --------------------------------
Mode : X Label : H1 Id : 0 Nak
Aircraft reg: OO-SFC Flight id: SN027A
No: D04C
#DFB474,1.474,077.54,085.3,086.7,0611,07.083,02807,08.17
S1,04.79,-34.7,034.2,167.2,146.2,435.1,08.2,056.1,030.1,28,112
S2,04.79,-34.7,034.1,167.6,144.4,432.2,08.0,055.6,026.7,25,115
T1,083,100,102.2,-07.8,0
ETB

[#4 (F:131.725 L:-21.5 E:0) 22/01/2024 12:15:47.025 --------------------------------
Mode : X Label : H1 Id : 1 Nak
Aircraft reg: OO-SFC Flight id: SN027A
No: D04D
#DFB46.5,0.09,0.01,0.08,170,0.16,000.3
T2,086,103,097.9,-05.3,045.8,0.09,0.13,0.09,049,0.20,000.3
V1,0399,0340
V2,0403,0337
                            :


[#4 (F:131.725 L:-23.4 E:0) 22/01/2024 12:15:59.637 --------------------------------
Mode : X Label : H1 Id : 2 Nak
Aircraft reg: OO-SFC Flight id: SN027A
No: D05A
#DFB002274800101011031020
R02/A33002,1,1
C1,.OO-SFC,24JAN22,12.15.09,EBBR,DGAA,BEL27A    ,5000,348
C2,001,06.0,000000,D1333RR06C02BEL,000,052,052
C3,-34.5,36980,0.800,111,1.03,111,10,0,01,111,1.02,X
C4,-34
ETB

[#4 (F:131.725 L:-23.4 E:0) 22/01/2024 12:16:03.568 --------------------------------
Mode : X Label : H1 Id : 3 Nak
Aircraft reg: OO-SFC Flight id: SN027A
No: D05B
#DFB.7,36978,0.800,111
C5,041205,08164,04810,01673,00443,10016,00000,00402,06066,221
C6,041196,05374,33306,01111,00443,10016,00000,00402,1E066,195
N1,1.474,1.474,077.90,085.2,086.8,0617,07.129,02961,08.21
N
ETB

[#4 (F:131.725 L:-22.6 E:0) 22/01/2024 12:16:07.086 --------------------------------
Mode : X Label : H1 Id : 4 Nak
Aircraft reg: OO-SFC Flight id: SN027A
No: D05C
#DFB2,1.474,1.474,077.54,085.3,086.7,0611,07.083,02807,08.17
S1,04.79,-34.7,034.2,167.2,146.2,435.1,08.2,056.1,030.1,28,112
S2,04.79,-34.7,034.1,167.6,144.4,432.2,08.0,055.6,026.7,25,115
T1,083,100,102.2,-07
ETB

[#4 (F:131.725 L:-23.5 E:0) 22/01/2024 12:16:10.692 --------------------------------
Mode : X Label : H1 Id : 5 Nak
Aircraft reg: OO-SFC Flight id: SN027A
No: D05D
#DFB.8,046.5,0.09,0.01,0.08,170,0.16,000.3
T2,086,103,097.9,-05.3,045.8,0.09,0.13,0.09,049,0.20,000.3
V1,0399,0340
V2,0403,0337
X1,-00.0,002.5,-03.3,-001,00.0015,N43.25
X2,-00.1,002.8,-03.5,-002,00.0015,N4
ETB

[#4 (F:131.725 L:-22.6 E:0) 22/01/2024 12:16:14.551 --------------------------------
Mode : X Label : H1 Id : 6 Nak
Aircraft reg: OO-SFC Flight id: SN027A
No: D05E
#DFB3.23
X3,-00.3,000.6,-02.9,-00.1,-00.0,002.8,-02043,193034,30.5
X4,000.0,-00.2,-00.1,-00.1,-00.1,-00.1,000.0,000.0,-179.5
X5,-00.1,-00.1,-00.1,-00.0,-00.1,-00.1,000.0,000.0,-179.3
X6,-00.5,000.5,035,-051
ETB

[#4 (F:131.725 L:-22.9 E:0) 22/01/2024 12:16:18.071 --------------------------------
Mode : X Label : H1 Id : 7 Nak
Aircraft reg: OO-SFC Flight id: SN027A
No: D05F
#DFB,0.814
X7,-00.2,000.4,036,-054,0.814:

