
[#4 (F:131.725 L:-13.8 E:0) 19/01/2024 03:01:15.519 --------------------------------
Mode : X Label : B9 Id : 9 Nak
Aircraft reg: OO-SFF Flight id: SN03DY
No: J95A
/EBBR.TI2/000EBBRA2C8A

[#4 (F:131.725 L:-15.5 E:0) 19/01/2024 03:01:20.420 --------------------------------
Mode : X Label : _d Id : 0 Ack : E
Aircraft reg: OO-SFF Flight id: SN03DY
No: S94A

[#4 (F:131.725 L:-19.9 E:1) 19/01/2024 03:01:32.950 --------------------------------
Mode : X Label : _d Id : 1 Ack : F
Aircraft reg: OO-SFF Flight id: SN03DY
No: S95A

[#5 (F:131.825 L:-10.2 E:0) 19/01/2024 03:32:48.059 --------------------------------
Mode : 2 Label : 15 Id : 0 Nak
Aircraft reg: G-VIIP Flight id: BA2066
No: M62A
FST01DGAAEGKKN431768E0051617380 157 380 M56C12526333435046111600004520332
##########################
Destination Airport : EGKK
Departure Airport : DGAA

[#4 (F:131.725 L: -3.8 E:0) 19/01/2024 03:34:52.782 --------------------------------
Mode : X Label : 16 Id : 1 Nak
Aircraft reg: OO-SFH Flight id: SN023B
No: M64A
19JAN24,0334,N 43.442,E  5.603,39992,0445,32080

[#5 (F:131.825 L: -5.4 E:0) 19/01/2024 03:37:35.619 --------------------------------
Mode : 2 Label : B6 Id : 1 Nak
Aircraft reg: G-VIIP Flight id: BA2066
No: F29A
/QUKAXBA.ADS.G-VIIP071F21801C8B894723381D656E

[#4 (F:131.725 L:-10.6 E:0) 19/01/2024 03:40:26.739 --------------------------------
Mode : 2 Label : 2F Id : 7 Nak
Aircraft reg: F-GZCB Flight id: AF0805
No: M75A
0340+4317+445/40126
DBBB/LFPG/40000//-58/0.81/172571/159963//URELO  //-97/101

[#5 (F:131.825 L:-15.5 E:0) 19/01/2024 03:42:48.865 --------------------------------
Mode : 2 Label : 15 Id : 2 Nak
Aircraft reg: G-VIIP Flight id: BA2066
No: M63A
FST01DGAAEGKKN444402E0048557380 147 390 M55C 9326433835046811600004520342
##########################
Destination Airport : EGKK
Departure Airport : DGAA

[#4 (F:131.725 L: -7.5 E:0) 19/01/2024 03:45:42.173 --------------------------------
Mode : G Label : Q0 Id : 8 Nak
Aircraft reg: F-GZCB Flight id: AF0805
No: S18A

[#4 (F:131.725 L: -7.2 E:0) 19/01/2024 03:48:13.527 --------------------------------
Mode : G Label : B9 Id : 9 Nak
Aircraft reg: F-GZCB Flight id: AF0805
No: J03A
/LFPG.TI2/000LFPGCBFC0

[#4 (F:131.725 L: -7.8 E:0) 19/01/2024 03:48:27.610 --------------------------------
Mode : G Label : _d Id : 0 Ack : G
Aircraft reg: F-GZCB Flight id: AF0805
No: S19A

[#4 (F:131.725 L: -8.6 E:0) 19/01/2024 03:48:31.461 --------------------------------
Mode : G Label : _d Id : 1 Ack : H
Aircraft reg: F-GZCB Flight id: AF0805
No: S20A

[#4 (F:131.725 L: -7.3 E:0) 19/01/2024 03:48:34.735 --------------------------------
Mode : G Label : _d Id : 2 Ack : I
Aircraft reg: F-GZCB Flight id: AF0805
No: S21A

[#4 (F:131.725 L: -7.3 E:0) 19/01/2024 03:48:38.425 --------------------------------
Mode : G Label : _d Id : 3 Ack : J
Aircraft reg: F-GZCB Flight id: AF0805
No: S22A

[#4 (F:131.725 L:-14.2 E:0) 19/01/2024 03:55:03.351 --------------------------------
Mode : G Label : 26 Id : 4 Nak
Aircraft reg: F-GZCB Flight id: AF0805
No: M76A
0355DBBBAF0805/190440LFPG26L

[#4 (F:131.725 L:-12.3 E:0) 19/01/2024 03:55:30.535 --------------------------------
Mode : G Label : 2F Id : 5 Nak
Aircraft reg: F-GZCB Flight id: AF0805
No: M77A
0355+4507+421/40112
DBBB/LFPG/40002//-57/0.80/171174/159963//URELO  //-93/081

[#4 (F:131.725 L:-20.4 E:0) 19/01/2024 04:08:08.023 --------------------------------
Mode : G Label : Q0 Id : 4 Nak
Aircraft reg: PH-AOD Flight id: KL0280
No: S91A

[#4 (F:131.725 L:-14.6 E:0) 19/01/2024 04:08:55.341 --------------------------------
Mode : G Label : H1 Id : 5 Nak
Aircraft reg: PH-AOD Flight id: KL0280
No: D15A
#DFB(POS-KLM280  -4301N00640E/040842 F400
RMK/FUEL  13.9 M0.82)

[#4 (F:131.725 L:-19.0 E:2) 19/01/2024 04:09:34.988 --------------------------------
Mode : G Label : 10 Id : 6 Nak
Aircraft reg: PH-AOD Flight id: KL0280
No: M14A
ETA36A19040930KLM280  HUENEHAM180539EHAM 138

[#4 (F:131.725 L:-12.2 E:0) 19/01/2024 04:23:51.795 --------------------------------
Mode : 2 Label : Q0 Id : 4 Nak
Aircraft reg: OO-SFE Flight id: SN038K
No: S40A

[#4 (F:131.725 L:-10.7 E:0) 19/01/2024 04:23:55.070 --------------------------------
Mode : G Label : Q0 Id : 5 Nak
Aircraft reg: OO-SFE Flight id: SN038K
No: S41A

[#4 (F:131.725 L:-13.4 E:0) 19/01/2024 04:24:05.221 --------------------------------
Mode : G Label : H1 Id : 7 Nak
Aircraft reg: PH-AOD Flight id: KL0280
No: D16A
#DFB(POS-KLM280  -4455N00630E/042342 F400
RMK/FUEL  12.6 M0.82)

[#4 (F:131.725 L:-10.2 E:0) 19/01/2024 04:29:42.243 --------------------------------
Mode : G Label : 16 Id : 6 Nak
Aircraft reg: OO-SFE Flight id: SN038K
No: M41A
19JAN24,0429,N 44.084,E  6.812,38010,0542,25840

[#4 (F:131.725 L: -9.5 E:0) 19/01/2024 04:31:55.199 --------------------------------
Mode : 2 Label : Q0 Id : 7 Nak
Aircraft reg: OO-SFE Flight id: SN038K
No: S42A

[#4 (F:131.725 L: -9.5 E:0) 19/01/2024 04:32:11.028 --------------------------------
Mode : G Label : Q0 Id : 8 Nak
Aircraft reg: OO-SFE Flight id: SN038K
No: S43A

[#4 (F:131.725 L: -8.6 E:0) 19/01/2024 04:32:19.640 --------------------------------
Mode : G Label : 27 Id : 9 Nak
Aircraft reg: OO-SFE Flight id: SN038K
No: M42A
EBBR,EBOS,EBLG,ELLX,
N 44.404,E  6.798,38022,SN358

[#4 (F:131.725 L:-17.0 E:0) 19/01/2024 04:32:57.927 --------------------------------
Mode : G Label : _d Id : 0 Ack : H
Aircraft reg: OO-SFE Flight id: SN038K
No: S44A

[#4 (F:131.725 L:-15.2 E:0) 19/01/2024 04:33:01.783 --------------------------------
Mode : G Label : _d Id : 1 Ack : I
Aircraft reg: OO-SFE Flight id: SN038K
No: S45A

[#4 (F:131.725 L:-11.5 E:0) 19/01/2024 04:43:27.721 --------------------------------
Mode : X Label : 16 Id : 6 Nak
Aircraft reg: OO-SFC Flight id: SN04KE
No: M50A
19JAN24,0443,N 44.572,E  6.777,37999,0546,25440

[#4 (F:131.725 L: -4.8 E:0) 19/01/2024 05:04:12.135 --------------------------------
Mode : X Label : 16 Id : 8 Nak
Aircraft reg: 9H-QAW Flight id: FR02XV
No: M22A
050410,,0617, 141,N   .    MMMM.MMM

[#5 (F:131.825 L:-11.4 E:0) 19/01/2024 05:14:16.171 --------------------------------
Mode : 2 Label : _d Id : 3 Ack : U
Aircraft reg: D-ALEP Flight id: QY1684
No: S70A

[#5 (F:131.825 L:-10.3 E:0) 19/01/2024 05:14:22.976 --------------------------------
Mode : 2 Label : H1 Id : 4 Nak
Aircraft reg: D-ALEP Flight id: QY1684
No: F14A
#M1BPOSN45022E005412,,051421,350,ELRUN,052517,SAURG,M56,271113,175,0003

[#5 (F:131.825 L:-10.8 E:0) 19/01/2024 05:14:48.791 --------------------------------
Mode : 2 Label : Q0 Id : 3 Nak
Aircraft reg: N659AA Flight id: AA1956
No: S17A

[#4 (F:131.725 L:-14.8 E:0) 19/01/2024 05:19:13.227 --------------------------------
Mode : X Label : 16 Id : 9 Nak
Aircraft reg: 9H-QAW Flight id: FR02XV
No: M23A
051911,,0619, 123,N   .    MMMM.MMM

[#4 (F:131.725 L: -4.5 E:0) 19/01/2024 05:23:20.306 --------------------------------
Mode : G Label : H1 Id : 5 Nak
Aircraft reg: PH-AOE Flight id: KL0588
No: D18A
#DFB(POS-KLM588  -4354N00441E/052304 F400
RMK/FUEL  11.6 M0.83)

[#5 (F:131.825 L: -6.0 E:0) 19/01/2024 05:24:29.728 --------------------------------
Mode : 2 Label : Q0 Id : 5 Nak
Aircraft reg: D-ALEP Flight id: QY1684
No: S71A

[#5 (F:131.825 L: -4.2 E:0) 19/01/2024 05:24:54.648 --------------------------------
Mode : 2 Label : Q0 Id : 4 Nak
Aircraft reg: N659AA Flight id: AA1956
No: S18A

[#5 (F:131.825 L: -4.2 E:0) 19/01/2024 05:25:07.510 --------------------------------
Mode : 2 Label : Q0 Id : 4 Nak
Aircraft reg: N659AA Flight id: AA1956
No: S18A

[#5 (F:131.825 L: -6.7 E:0) 19/01/2024 10:41:37.458 --------------------------------
Mode : 2 Label : Q0 Id : 3 Nak
Aircraft reg: EI-EVJ Flight id: FR78UT
No: S21A

[#5 (F:131.825 L: -4.9 E:0) 19/01/2024 10:42:08.750 --------------------------------
Mode : 2 Label : B9 Id : 4 Nak
Aircraft reg: EI-EVJ Flight id: FR78UT
No: M30A
/LEBL.TI2/024LEBLA93E5

[#5 (F:131.825 L: -4.3 E:0) 19/01/2024 10:42:25.291 --------------------------------
Mode : 2 Label : _d Id : 5 Ack : M
Aircraft reg: EI-EVJ Flight id: FR78UT
No: S22A

[#5 (F:131.825 L: -4.2 E:0) 19/01/2024 10:42:32.089 --------------------------------
Mode : 2 Label : _d Id : 6 Ack : N
Aircraft reg: EI-EVJ Flight id: FR78UT
No: S23A

[#5 (F:131.825 L: -4.8 E:0) 19/01/2024 10:46:32.033 --------------------------------
Mode : 2 Label : 16 Id : 7 Nak
Aircraft reg: EI-EVJ Flight id: FR78UT
No: M31A
104630,,1139, 141,N   .    MMMM.MMM

[#4 (F:131.725 L: -5.3 E:0) 19/01/2024 11:05:59.807 --------------------------------
Mode : E Label : 16 Id : 1 Nak
Aircraft reg: EI-EMC Flight id: FR64GZ
No: M48A
110557,,1200,  95,N   .    MMMM.MMM

[#4 (F:131.725 L:-19.1 E:0) 19/01/2024 11:09:49.921 --------------------------------
Mode : E Label : _d Id : 1 Ack : P
Aircraft reg: PH-BQB Flight id: KL0591
No: S43A

[#4 (F:131.725 L:-18.0 E:0) 19/01/2024 11:10:13.347 --------------------------------
Mode : E Label : _d Id : 4 Ack : S
Aircraft reg: PH-BQB Flight id: KL0591
No: S46A

[#4 (F:131.725 L:-21.0 E:1) 19/01/2024 11:10:35.873 --------------------------------
Mode : E Label : _d Id : 9 Ack : A
Aircraft reg: PH-BQB Flight id: KL0591
No: S51A

[#4 (F:131.725 L:-17.4 E:0) 19/01/2024 11:12:29.414 --------------------------------
Mode : E Label : Q0 Id : 9 Nak
Aircraft reg: EI-EFY Flight id: FR92KK
No: S11A

[#4 (F:131.725 L: -7.3 E:0) 19/01/2024 11:16:05.767 --------------------------------
Mode : E Label : Q0 Id : 3 Nak
Aircraft reg: DCHRA Flight id: UV0001
No: S03A

[#5 (F:131.825 L:-18.7 E:0) 19/01/2024 11:16:49.355 --------------------------------
Mode : 2 Label : Q0 Id : 0 Nak
Aircraft reg: A6-ECM Flight id: EK036K
No: S45A

[#5 (F:131.825 L:-16.6 E:0) 19/01/2024 11:18:27.488 --------------------------------
Mode : 2 Label : B6 Id : 1 Nak
Aircraft reg: A6-ECM Flight id: EK036K
No: F77A
/DXBEGEK.ADS.A6-ECM07200F50187E890891449DA972

[#4 (F:131.725 L:-18.5 E:0) 19/01/2024 11:24:20.236 --------------------------------
Mode : G Label : 20 Id : 2 Nak
Aircraft reg: PH-BVG Flight id: KL0119
No: M46A
RST07A19112400KLM119  EHAMFACT
##########################
Destination Airport : FACT
Departure Airport : EHAM

[#5 (F:131.825 L:-10.7 E:0) 19/01/2024 11:28:33.206 --------------------------------
Mode : 2 Label : Q0 Id : 2 Nak
Aircraft reg: A6-ECM Flight id: EK036K
No: S46A

[#4 (F:131.725 L: -4.5 E:0) 19/01/2024 11:29:57.830 --------------------------------
Mode : G Label : Q0 Id : 7 Nak
Aircraft reg: 7T-VKI Flight id: AH2046
No: S44A

[#4 (F:131.725 L: -4.5 E:0) 19/01/2024 11:30:01.187 --------------------------------
Mode : G Label : B9 Id : 8 Nak
Aircraft reg: 7T-VKI Flight id: AH2046
No: L04A
/LSGG.TI2/024LSGGA98D1

[#4 (F:131.725 L: -4.4 E:0) 19/01/2024 11:30:04.470 --------------------------------
Mode : G Label : SA Id : 9 Nak
Aircraft reg: 7T-VKI Flight id: AH2046
No: M23A
0EV112959V

[#4 (F:131.725 L: -4.7 E:0) 19/01/2024 11:30:06.185 --------------------------------
Mode : G Label : SA Id : 9 Ack : E
Aircraft reg: 7T-VKI Flight id: AH2046
No: M23A
0EV112959V

[#4 (F:131.725 L: -4.5 E:0) 19/01/2024 11:30:09.954 --------------------------------
Mode : G Label : 5U Id : 0 Ack : F
Aircraft reg: 7T-VKI Flight id: AH2046
No: M24A
  01 WXRQ   2046/19 DAAG/LSGG .7T-VKI
/TYP 1/STA LIRF/STA LIMC/STA     

[#5 (F:131.825 L:-11.4 E:0) 19/01/2024 11:30:11.099 --------------------------------
Mode : 2 Label : B6 Id : 3 Nak
Aircraft reg: A6-ECM Flight id: EK036K
No: F78A
/DXBEGEK.ADS.A6-ECM071F567023DC0908DC461D15C7

[#4 (F:131.725 L: -4.7 E:0) 19/01/2024 11:30:14.375 --------------------------------
Mode : G Label : _d Id : 1 Ack : G
Aircraft reg: 7T-VKI Flight id: AH2046
No: S45A

[#4 (F:131.725 L:-13.6 E:0) 19/01/2024 11:35:00.762 --------------------------------
Mode : G Label : 5V Id : 2 Nak
Aircraft reg: 7T-VKI Flight id: AH2046
No: S46A

[#4 (F:131.725 L:-17.2 E:2) 19/01/2024 12:22:01.883 --------------------------------
Mode : E Label : 28 Id : 4 Nak
Aircraft reg: OO-SFF Flight id: SN039G
No: M48A
FKKD,LEBL,LIEA,DAAG,
N 43.433,E  4.315,34963,SN369

[#4 (F:131.725 L:-18.7 E:1) 19/01/2024 12:22:53.325 --------------------------------
Mode : E Label : _d Id : 5 Ack : B
Aircraft reg: OO-SFF Flight id: SN039G
No: S63A

[#4 (F:131.725 L:-16.6 E:0) 19/01/2024 12:23:24.712 --------------------------------
Mode : E Label : _d Id : 8 Ack : E
Aircraft reg: OO-SFF Flight id: SN039G
No: S66A

[#4 (F:131.725 L:-15.0 E:0) 19/01/2024 12:23:28.647 --------------------------------
Mode : E Label : _d Id : 9 Ack : F
Aircraft reg: OO-SFF Flight id: SN039G
No: S67A

[#4 (F:131.725 L:-17.7 E:1) 19/01/2024 12:23:31.430 --------------------------------
Mode : E Label : _d Id : 0 Ack : G
Aircraft reg: OO-SFF Flight id: SN039G
No: S68A

[#5 (F:131.825 L:-14.8 E:0) 19/01/2024 12:27:57.822 --------------------------------
Mode : 2 Label : B6 Id : 9 Nak
Aircraft reg: G-VIIN Flight id: BA0082
No: F74A
/QUKAXBA.ADS.G-VIIN071EBE001B87C9471A309DE4AE

[#5 (F:131.825 L:-14.5 E:0) 19/01/2024 12:31:45.558 --------------------------------
Mode : 2 Label : H1 Id : 9 Nak
Aircraft reg: N810NW Flight id: NW0231
No: D54A
#DFB239181200301010098126
R39/A33039,1,1
239N810NW231 011924123133825 4363   736339-29-58276102AB0512140400
 288 379-0012966310B8/9WLIRFKJFK

[#4 (F:131.725 L: -4.5 E:0) 19/01/2024 12:32:18.407 --------------------------------
Mode : 2 Label : Q0 Id : 6 Nak
Aircraft reg: 7T-VJL Flight id: AH1004
No: S19A

[#4 (F:131.725 L: -4.4 E:0) 19/01/2024 12:32:22.342 --------------------------------
Mode : G Label : SA Id : 7 Nak
Aircraft reg: 7T-VJL Flight id: AH1004
No: M11A
0EV123221VS

[#4 (F:131.725 L: -4.3 E:0) 19/01/2024 12:32:54.780 --------------------------------
Mode : G Label : 5V Id : 8 Nak
Aircraft reg: 7T-VJL Flight id: AH1004
No: S20A

[#5 (F:131.825 L:-11.3 E:0) 19/01/2024 12:34:25.961 --------------------------------
Mode : 2 Label : 15 Id : 0 Nak
Aircraft reg: G-VIIN Flight id: BA0082
No: M58A
FST01DNAAEGLLN440707E0047491380 128 307 M59C 8926934135346411600013521234
##########################
Destination Airport : EGLL
Departure Airport : DNAA

[#4 (F:131.725 L:-16.3 E:1) 19/01/2024 12:34:45.050 --------------------------------
Mode : E Label : 16 Id : 1 Nak
Aircraft reg: 9H-QAW Flight id: FR30BX
No: M57A
123443,,1255,  91,N   .    MMMM.MMM

[#4 (F:131.725 L:-18.3 E:1) 19/01/2024 12:37:08.322 --------------------------------
Mode : 2 Label : Q0 Id : 9 Nak
Aircraft reg: 7T-VJL Flight id: AH1004
No: S21A

[#4 (F:131.725 L:-16.4 E:0) 19/01/2024 12:37:12.361 --------------------------------
Mode : X Label : SA Id : 0 Nak
Aircraft reg: 7T-VJL Flight id: AH1004
No: M13A
0EV123711VS

[#4 (F:131.725 L: -8.2 E:0) 19/01/2024 12:37:37.815 --------------------------------
Mode : X Label : 5V Id : 1 Nak
Aircraft reg: 7T-VJL Flight id: AH1004
No: S22A

[#5 (F:131.825 L:-18.3 E:0) 19/01/2024 12:41:52.276 --------------------------------
Mode : 2 Label : Q0 Id : 1 Nak
Aircraft reg: N810NW Flight id: NW0231
No: S41A

[#4 (F:131.725 L: -6.7 E:0) 19/01/2024 12:45:54.338 --------------------------------
Mode : 2 Label : Q0 Id : 2 Nak
Aircraft reg: 7T-VJL Flight id: AH1004
No: S23A

[#4 (F:131.725 L: -6.8 E:0) 19/01/2024 12:45:58.678 --------------------------------
Mode : 2 Label : SA Id : 3 Nak
Aircraft reg: 7T-VJL Flight id: AH1004
No: M15A
0EV124557VS

[#4 (F:131.725 L: -8.9 E:0) 19/01/2024 12:46:24.077 --------------------------------
Mode : 2 Label : 5V Id : 4 Nak
Aircraft reg: 7T-VJL Flight id: AH1004
No: S24A

[#4 (F:131.725 L:-11.4 E:0) 19/01/2024 12:49:46.169 --------------------------------
Mode : E Label : 16 Id : 2 Nak
Aircraft reg: 9H-QAW Flight id: FR30BX
No: M58A
124944,,1255,  88,N   .    MMMM.MMM

[#5 (F:131.825 L: -8.9 E:0) 19/01/2024 12:51:45.610 --------------------------------
Mode : 2 Label : H1 Id : 2 Nak
Aircraft reg: N810NW Flight id: NW0231
No: D55A
#DFB239181200401010098076
R39/A33039,1,1
239N810NW231 011924125134824 4474   493340-30-59269109AB0512134600
 288 368 0012855310B09B(LIRFKJFK

[#4 (F:131.725 L:-14.1 E:0) 19/01/2024 12:59:54.999 --------------------------------
Mode : G Label : Q0 Id : 5 Nak
Aircraft reg: LX-VCV Flight id: CV946J
No: S24A

[#5 (F:131.825 L: -3.7 E:0) 19/01/2024 13:03:29.961 --------------------------------
Mode : 2 Label : Q0 Id : 9 Nak
Aircraft reg: 9H-MLD Flight id: 4X9955
No: S06A

[#4 (F:131.725 L:-13.5 E:0) 19/01/2024 13:07:16.060 --------------------------------
Mode : E Label : 16 Id : 4 Nak
Aircraft reg: EI-EFY Flight id: FR75LZ
No: M35A
130714,,1358, 126,N   .    MMMM.MMM

[#5 (F:131.825 L: -3.8 E:0) 19/01/2024 13:08:25.852 --------------------------------
Mode : 2 Label : 16 Id : 0 Nak
Aircraft reg: 9H-MLD Flight id: 4X9955
No: M13A
130823,37978,1408,   4,N 43.724 E  5.900

[#5 (F:131.825 L:-15.9 E:0) 19/01/2024 13:18:32.155 --------------------------------
Mode : 2 Label : Q0 Id : 1 Nak
Aircraft reg: 9H-MLD Flight id: 4X9955
No: S07A

[#4 (F:131.725 L:-14.7 E:0) 19/01/2024 13:21:08.753 --------------------------------
Mode : G Label : 16 Id : 6 Nak
Aircraft reg: EI-EMC Flight id: FR06DA
No: M58A
132106,,1410, 122,N   .    MMMM.MMM

[#4 (F:131.725 L: -4.6 E:0) 19/01/2024 13:22:17.029 --------------------------------
Mode : E Label : 16 Id : 5 Nak
Aircraft reg: EI-EFY Flight id: FR75LZ
No: M36A
132215,,1357, 112,N   .    MMMM.MMM

[#4 (F:131.725 L: -4.5 E:0) 19/01/2024 13:36:09.561 --------------------------------
Mode : G Label : 16 Id : 7 Nak
Aircraft reg: EI-EMC Flight id: FR06DA
No: M59A
133608,,1411, 109,N   .    MMMM.MMM

[#4 (F:131.725 L:-11.2 E:0) 19/01/2024 13:38:23.845 --------------------------------
Mode : 2 Label : Q0 Id : 0 Nak
Aircraft reg: DACEV Flight id: GS0000
No: M24A

[#2 (F:131.525 L:-17.5 E:0) 19/01/2024 13:39:02.499 --------------------------------
Mode : T Label : 2Z Id : 6 Nak
Aircraft reg: F-GMZC Flight id: AF7336
No: M88A
LFML
##########################
Destination Airport : LFML

[#2 (F:131.525 L:-12.0 E:0) 19/01/2024 13:43:09.968 --------------------------------
Mode : T Label : 2F Id : 0 Nak
Aircraft reg: F-GMZC Flight id: AF7336
No: M89A
1343+4440+485/2943

[#2 (F:131.525 L:-10.7 E:0) 19/01/2024 13:46:03.418 --------------------------------
Mode : T Label : 26 Id : 1 Nak
Aircraft reg: F-GMZC Flight id: AF7336
No: M90A
1346LFPGAF7336/191401LFML31R

[#4 (F:131.725 L:-18.1 E:0) 19/01/2024 13:46:06.121 --------------------------------
Mode : 2 Label : Q0 Id : 7 Nak
Aircraft reg: 7T-VJP Flight id: AH1214
No: S34A

[#4 (F:131.725 L:-14.2 E:0) 19/01/2024 13:46:09.975 --------------------------------
Mode : 2 Label : SA Id : 8 Nak
Aircraft reg: 7T-VJP Flight id: AH1214
No: M15A
0EV134608V

[#2 (F:131.525 L: -8.3 E:0) 19/01/2024 13:46:15.226 --------------------------------
Mode : T Label : 26 Id : 1 Nak
Aircraft reg: F-GMZC Flight id: AF7336
No: M90A
1346LFPGAF7336/191401LFML31R

[#2 (F:131.525 L: -7.7 E:0) 19/01/2024 13:46:25.035 --------------------------------
Mode : T Label : 26 Id : 1 Nak
Aircraft reg: F-GMZC Flight id: AF7336
No: M90A
1346LFPGAF7336/191401LFML31R

[#2 (F:131.525 L: -7.7 E:0) 19/01/2024 13:46:33.707 --------------------------------
Mode : 2 Label : 26 Id : 1 Nak
Aircraft reg: F-GMZC Flight id: AF7336
No: M90A
1346LFPGAF7336/191401LFML31R

[#4 (F:131.725 L:-15.6 E:0) 19/01/2024 13:46:34.937 --------------------------------
Mode : 2 Label : 5V Id : 9 Nak
Aircraft reg: 7T-VJP Flight id: AH1214
No: S35A

[#2 (F:131.525 L: -5.9 E:0) 19/01/2024 13:48:01.601 --------------------------------
Mode : 2 Label : _d Id : 2 Ack : L
Aircraft reg: F-GMZC Flight id: AF7336
No: S91A

[#4 (F:131.725 L: -5.3 E:0) 19/01/2024 13:48:03.814 --------------------------------
Mode : 2 Label : Q0 Id : 3 Nak
Aircraft reg: F-GMZC Flight id: AF7336
No: S92A

[#4 (F:131.725 L:-13.2 E:0) 19/01/2024 13:48:27.148 --------------------------------
Mode : 2 Label : Q0 Id : 1 Nak
Aircraft reg: DACEV Flight id: GS0000
No: M25A

[#4 (F:131.725 L: -5.1 E:0) 19/01/2024 13:50:47.623 --------------------------------
Mode : 2 Label : Q0 Id : 0 Nak
Aircraft reg: 7T-VJP Flight id: AH1214
No: S36A

[#4 (F:131.725 L: -4.9 E:0) 19/01/2024 13:50:51.971 --------------------------------
Mode : 2 Label : SA Id : 1 Nak
Aircraft reg: 7T-VJP Flight id: AH1214
No: M16A
0EV135051V

[#4 (F:131.725 L: -4.8 E:0) 19/01/2024 13:51:24.805 --------------------------------
Mode : 2 Label : 5V Id : 2 Nak
Aircraft reg: 7T-VJP Flight id: AH1214
No: S37A

[#4 (F:131.725 L: -6.6 E:0) 19/01/2024 13:51:37.094 --------------------------------
Mode : E Label : H1 Id : 5 Nak
Aircraft reg: F-GMZC Flight id: AF7336
No: C20A
#CFBFLR/FR24011913500023733406NO CIDS 2 DATA/IDCFDS

[#5 (F:131.825 L: -4.7 E:0) 19/01/2024 13:51:47.905 --------------------------------
Mode : 2 Label : Q0 Id : 5 Nak
Aircraft reg: 9H-LMI Flight id: LW03QV
No: S52A

[#5 (F:131.825 L: -6.6 E:0) 19/01/2024 13:52:13.870 --------------------------------
Mode : 2 Label : 5V Id : 6 Nak
Aircraft reg: 9H-LMI Flight id: LW03QV
No: S53A

[#4 (F:131.725 L:-15.4 E:0) 19/01/2024 13:54:38.834 --------------------------------
Mode : E Label : H1 Id : 6 Nak
Aircraft reg: F-GMZC Flight id: AF7336
No: D73A
#DFBA01/A32101,1,1/CCF-GMZC,JAN19,132539,LFPG,LFML,0062/C106,77639,5000,53,0010,0,0100,53,X/CEN320,32997,264,747,7288,199,C53025/EC699257,23663,05604,22862,73,24/EE575645,39586,08097,33030,73/N10846,0846,0922,6
ETB

[#4 (F:131.725 L: -9.9 E:0) 19/01/2024 13:54:42.278 --------------------------------
Mode : E Label : H1 Id : 7 Nak
Aircraft reg: F-GMZC Flight id: AF7336
No: D73B
#DFB083,1401,XXXXX/N20846,0846,0919,5920,1366,XXXXX/S1XXXXX,0584,1404,4083,XXXX,021,001/S2XXXXX,0548,1395,4098,XXXX,016,001/T1099,091,025,42,070,05628,0167/T2099,098,018,43,067,05564,0170/V109,11,296,071,02,00,
ETB

[#4 (F:131.725 L:-12.7 E:0) 19/01/2024 13:55:42.907 --------------------------------
Mode : G Label : SA Id : 4 Nak
Aircraft reg: 7T-VJP Flight id: AH1214
No: M17A
0EV135542V

[#4 (F:131.725 L: -5.5 E:0) 19/01/2024 13:56:11.708 --------------------------------
Mode : G Label : 5V Id : 5 Nak
Aircraft reg: 7T-VJP Flight id: AH1214
No: S39A

[#4 (F:131.725 L:-15.0 E:0) 19/01/2024 13:58:12.464 --------------------------------
Mode : E Label : 2F Id : 9 Nak
Aircraft reg: F-GMZC Flight id: AF7336
No: M91A
1358+4319+529/0441

[#4 (F:131.725 L:-16.6 E:0) 19/01/2024 13:59:02.822 --------------------------------
Mode : E Label : 26 Id : 0 Nak
Aircraft reg: F-GMZC Flight id: AF7336
No: M92A
1359LFPGAF7336/191404LFML31R

[#4 (F:131.725 L: -7.6 E:0) 19/01/2024 14:00:24.369 --------------------------------
Mode : 2 Label : Q0 Id : 6 Nak
Aircraft reg: 7T-VJP Flight id: AH1214
No: S40A

[#4 (F:131.725 L: -7.5 E:0) 19/01/2024 14:00:28.463 --------------------------------
Mode : X Label : SA Id : 7 Nak
Aircraft reg: 7T-VJP Flight id: AH1214
No: M18A
0EV140027V

[#4 (F:131.725 L: -6.6 E:0) 19/01/2024 14:00:51.356 --------------------------------
Mode : X Label : 5V Id : 8 Nak
Aircraft reg: 7T-VJP Flight id: AH1214
No: S41A

[#5 (F:131.825 L:-11.9 E:0) 19/01/2024 14:13:05.780 --------------------------------
Mode : 2 Label : Q0 Id : 7 Nak
Aircraft reg: EI-EFD Flight id: FRRYR3
No: S47A

[#5 (F:131.825 L:-18.8 E:1) 19/01/2024 14:23:52.606 --------------------------------
Mode : 2 Label : Q0 Id : 0 Nak
Aircraft reg: EI-EVV Flight id: FR81JY
No: S82A

[#5 (F:131.825 L:-10.6 E:0) 19/01/2024 14:28:47.050 --------------------------------
Mode : 2 Label : 16 Id : 1 Nak
Aircraft reg: EI-EVV Flight id: FR81JY
No: M53A
142845,,1608, 165,N   .    MMMM.MMM

[#5 (F:131.825 L:-11.7 E:0) 19/01/2024 14:38:53.555 --------------------------------
Mode : 2 Label : Q0 Id : 2 Nak
Aircraft reg: EI-EVV Flight id: FR81JY
No: S83A

[#4 (F:131.725 L: -4.8 E:0) 19/01/2024 15:06:48.667 --------------------------------
Mode : G Label : 16 Id : 2 Nak
Aircraft reg: 9H-QAW Flight id: FR55XB
No: M63A
150646,,1629, 138,N   .    MMMM.MMM

[#4 (F:131.725 L:-18.8 E:0) 19/01/2024 15:08:31.582 --------------------------------
Mode : E Label : Q0 Id : 4 Nak
Aircraft reg: CSDFK Flight id: GS952A
No: M67A

[#4 (F:131.725 L: -5.0 E:0) 19/01/2024 15:09:37.541 --------------------------------
Mode : G Label : 83 Id : 3 Nak
Aircraft reg: DCHRB Flight id: ZD0001
No: M11A
001PR19150935N4328.5E00551.4430376    

[#4 (F:131.725 L:-13.0 E:0) 19/01/2024 15:11:51.528 --------------------------------
Mode : E Label : Q0 Id : 5 Nak
Aircraft reg: CSDFK Flight id: GS952A
No: M68A

[#4 (F:131.725 L: -9.1 E:0) 19/01/2024 15:12:18.568 --------------------------------
Mode : G Label : H1 Id : 7 Nak
Aircraft reg: F-GMZC Flight id: AF7337
No: D87A
#DFBA04/A32104,1,1/CCF-GMZC,JAN19,151153,LFML,LFPG,0017/C105,79039,4000,00,0000,0,0000,00,X/CE0055,01158,179,276,7174,214,C53025/EC699257,23664,05605,22863,23/EE575645,39587,08098,33031,23/N102,00,00,00,01,00,0
ETB

[#4 (F:131.725 L:-10.9 E:0) 19/01/2024 15:12:22.092 --------------------------------
Mode : G Label : H1 Id : 8 Nak
Aircraft reg: F-GMZC Flight id: AF7337
No: D87B
#DFB1,00,7150/N202,00,00,00,01,00,01,00,7010/S10851,0850,0945,7150,3481,3235,0935/S20850,0850,0943,7010,3449,3247,0935/T14730,0952,085,140,----,023,028/T24785,0928,092,140,----,020,022/V118,24,314,086,02,00,000
ETB

[#4 (F:131.725 L:-13.9 E:0) 19/01/2024 15:12:43.648 --------------------------------
Mode : G Label : H1 Id : 0 Nak
Aircraft reg: F-GMZC Flight id: AF7337
No: C23A
#CFBFLR/FR24011915110030310005SDAC2:NO DATA FROM      PHC1/IDECAM 2,ECAM 1

[#4 (F:131.725 L: -9.4 E:0) 19/01/2024 15:13:01.105 --------------------------------
Mode : G Label : H1 Id : 1 Nak
Aircraft reg: F-GMZC Flight id: AF7337
No: C24A
#CFBFLR/FR24011915110034353405NO HUD DATA/IDCFDS

[#4 (F:131.725 L:-14.5 E:0) 19/01/2024 15:21:49.862 --------------------------------
Mode : G Label : 16 Id : 3 Nak
Aircraft reg: 9H-QAW Flight id: FR55XB
No: M64A
152147,,1627, 118,N   .    MMMM.MMM

[#4 (F:131.725 L:-16.5 E:0) 19/01/2024 15:22:10.914 --------------------------------
Mode : G Label : 16 Id : 3 Nak
Aircraft reg: 9H-QAW Flight id: FR55XB
No: M64A
152147,,1627, 118,N   .    MMMM.MMM

[#4 (F:131.725 L:-12.3 E:0) 19/01/2024 15:23:05.440 --------------------------------
Mode : G Label : Q0 Id : 2 Nak
Aircraft reg: F-GMZC Flight id: AF7337
No: S21A

[#4 (F:131.725 L:-10.1 E:0) 19/01/2024 15:23:16.574 --------------------------------
Mode : G Label : Q0 Id : 2 Nak
Aircraft reg: F-GMZC Flight id: AF7337
No: S21A

[#4 (F:131.725 L: -6.8 E:0) 19/01/2024 15:24:27.060 --------------------------------
Mode : G Label : B9 Id : 3 Nak
Aircraft reg: F-GMZC Flight id: AF7337
No: L21A
/LFPG.TI2/064LFPGA3806

[#4 (F:131.725 L: -6.9 E:0) 19/01/2024 15:24:42.289 --------------------------------
Mode : G Label : _d Id : 4 Ack : Q
Aircraft reg: F-GMZC Flight id: AF7337
No: S22A

[#4 (F:131.725 L: -6.1 E:0) 19/01/2024 15:24:45.647 --------------------------------
Mode : G Label : _d Id : 5 Ack : R
Aircraft reg: F-GMZC Flight id: AF7337
No: S23A

[#4 (F:131.725 L: -6.0 E:0) 19/01/2024 15:24:49.656 --------------------------------
Mode : G Label : _d Id : 6 Ack : S
Aircraft reg: F-GMZC Flight id: AF7337
No: S24A

[#4 (F:131.725 L:-14.6 E:0) 19/01/2024 15:26:34.328 --------------------------------
Mode : G Label : 2F Id : 7 Nak
Aircraft reg: F-GMZC Flight id: AF7337
No: M09A
1526+4479+494/2647

[#4 (F:131.725 L:-14.2 E:0) 19/01/2024 15:45:58.896 --------------------------------
Mode : X Label : Q0 Id : 5 Nak
Aircraft reg: OKKGR Flight id: ZD0001
No: S19A

[#4 (F:131.725 L:-10.3 E:0) 19/01/2024 15:46:02.582 --------------------------------
Mode : X Label : 83 Id : 6 Nak
Aircraft reg: OKKGR Flight id: ZD0001
No: M20A
001PR19150014N4352.8E00454.50051100001

[#4 (F:131.725 L: -7.5 E:0) 19/01/2024 15:46:05.938 --------------------------------
Mode : X Label : QR Id : 7 Nak
Aircraft reg: OKKGR Flight id: ZD0001
No: M21A
LKPRLFMV1501
001NE19150103N4354.2E00454.10000930000
##########################
Destination Airport : LFMV
Departure Airport : LKPR
Wheels on Time : 1501

[#4 (F:131.725 L: -6.9 E:0) 19/01/2024 15:46:09.462 --------------------------------
Mode : X Label : 83 Id : 8 Nak
Aircraft reg: OKKGR Flight id: ZD0001
No: M22A
001PR19151015N4354.3E00453.9001000----

[#4 (F:131.725 L: -6.5 E:0) 19/01/2024 15:46:12.987 --------------------------------
Mode : X Label : 83 Id : 9 Nak
Aircraft reg: OKKGR Flight id: ZD0001
No: M23A
001PR19152015N4354.3E00453.9001000----

[#4 (F:131.725 L: -5.9 E:0) 19/01/2024 15:46:16.505 --------------------------------
Mode : X Label : 83 Id : 0 Nak
Aircraft reg: OKKGR Flight id: ZD0001
No: M24A
001PR19153016N4354.3E00453.9001000----

[#4 (F:131.725 L: -6.0 E:0) 19/01/2024 15:46:20.027 --------------------------------
Mode : X Label : 83 Id : 1 Nak
Aircraft reg: OKKGR Flight id: ZD0001
No: M25A
001PR19154017N4354.3E00453.9001000----

[#4 (F:131.725 L: -5.6 E:0) 19/01/2024 15:46:23.551 --------------------------------
Mode : X Label : QQ Id : 2 Nak
Aircraft reg: OKKGR Flight id: ZD0001
No: M26A
LFMVLROP1544
001FE19154438N4355.1E00453.90191110511
##########################
Destination Airport : LROP
Departure Airport : LFMV
Wheels off Tme : 1544

[#4 (F:131.725 L:-10.5 E:0) 19/01/2024 15:46:37.156 --------------------------------
Mode : X Label : 5V Id : 3 Nak
Aircraft reg: OKKGR Flight id: ZD0001
No: S20A

[#5 (F:131.825 L: -5.2 E:0) 19/01/2024 15:53:28.155 --------------------------------
Mode : 2 Label : Q0 Id : 3 Nak
Aircraft reg: EI-EKI Flight id: FR05GZ
No: S45A

[#5 (F:131.825 L: -4.3 E:0) 19/01/2024 15:58:23.596 --------------------------------
Mode : 2 Label : 16 Id : 4 Nak
Aircraft reg: EI-EKI Flight id: FR05GZ
No: M15A
155821,,1653, 137,N   .    MMMM.MMM

[#5 (F:131.825 L: -8.7 E:0) 19/01/2024 16:01:01.104 --------------------------------
Mode : 2 Label : Q0 Id : 2 Nak
Aircraft reg: 9H-QBG Flight id: FR63FX
No: S74A

[#5 (F:131.825 L: -7.7 E:0) 19/01/2024 16:05:56.154 --------------------------------
Mode : 2 Label : 16 Id : 3 Nak
Aircraft reg: 9H-QBG Flight id: FR63FX
No: M39A
160555,M114160,1725, 137,N 44.618 E  5.492

[#5 (F:131.825 L:-11.7 E:0) 19/01/2024 16:16:02.297 --------------------------------
Mode : 2 Label : Q0 Id : 4 Nak
Aircraft reg: 9H-QBG Flight id: FR63FX
No: S75A

[#5 (F:131.825 L:-12.3 E:0) 19/01/2024 16:25:58.201 --------------------------------
Mode : 2 Label : B9 Id : 1 Nak
Aircraft reg: EI-EFD Flight id: FRRYR3
No: M22A
/LEBL.TI2/024LEBLA93E5

[#5 (F:131.825 L:-13.3 E:0) 19/01/2024 16:26:05.571 --------------------------------
Mode : 2 Label : _d Id : 2 Ack : O
Aircraft reg: EI-EFD Flight id: FRRYR3
No: S51A

[#5 (F:131.825 L:-10.7 E:0) 19/01/2024 16:26:11.798 --------------------------------
Mode : 2 Label : _d Id : 3 Ack : P
Aircraft reg: EI-EFD Flight id: FRRYR3
No: S52A

[#5 (F:131.825 L: -4.0 E:0) 19/01/2024 16:33:10.073 --------------------------------
Mode : 2 Label : 16 Id : 4 Nak
Aircraft reg: EI-EFD Flight id: FRRYR3
No: M23A
163308,,1729, 115,N   .    MMMM.MMM

[#5 (F:131.825 L:-18.5 E:2) 19/01/2024 17:21:18.616 --------------------------------
Mode : 2 Label : _d Id : 6 Ack : T
Aircraft reg: D-AEAJ Flight id: QY6359
No: 2115

[#5 (F:131.825 L:-16.8 E:0) 19/01/2024 17:21:34.847 --------------------------------
Mode : 2 Label : _d Id : 7 Ack : U
Aircraft reg: D-AEAJ Flight id: QY6359
No: 2131

[#5 (F:131.825 L:-17.0 E:1) 19/01/2024 17:21:41.319 --------------------------------
Mode : 2 Label : _d Id : 8 Ack : V
Aircraft reg: D-AEAJ Flight id: QY6359
No: 2138

[#5 (F:131.825 L: -9.9 E:0) 19/01/2024 17:28:27.793 --------------------------------
Mode : 2 Label : Q0 Id : 5 Nak
Aircraft reg: A6-EFJ Flight id: EK9994
No: S28A

[#5 (F:131.825 L:-17.7 E:1) 19/01/2024 17:30:06.343 --------------------------------
Mode : 2 Label : B6 Id : 6 Nak
Aircraft reg: A6-EFJ Flight id: EK9994
No: F11A
/DXBEGEK.ADS.A6-EFJ07203A281C6049C41C349D2972

[#5 (F:131.825 L:-11.6 E:0) 19/01/2024 17:35:44.811 --------------------------------
Mode : 2 Label : Q0 Id : 4 Nak
Aircraft reg: EI-EXF Flight id: FR107K
No: S09A

[#5 (F:131.825 L: -7.4 E:0) 19/01/2024 17:36:42.945 --------------------------------
Mode : 2 Label : B9 Id : 5 Nak
Aircraft reg: EI-EXF Flight id: FR107K
No: M11A
/LIME.TI2/024LIMEA4A7E

[#2 (F:131.525 L:-10.9 E:0) 19/01/2024 17:37:26.336 --------------------------------
Mode : T Label : B9 Id : 0 Nak
Aircraft reg: F-GRHF Flight id: AF6232
No: L08A
/LFMN.TI2/064LFMNA83AC

[#2 (F:131.525 L:-11.3 E:0) 19/01/2024 17:37:31.001 --------------------------------
Mode : T Label : _d Id : 1 Ack : V
Aircraft reg: F-GRHF Flight id: AF6232
No: S43A

[#2 (F:131.525 L:-10.7 E:0) 19/01/2024 17:37:35.504 --------------------------------
Mode : T Label : _d Id : 2 Ack : W
Aircraft reg: F-GRHF Flight id: AF6232
No: S44A

[#5 (F:131.825 L: -5.1 E:0) 19/01/2024 17:38:32.736 --------------------------------
Mode : 2 Label : B9 Id : 6 Nak
Aircraft reg: EI-EXF Flight id: FR107K
No: M12A
/LIME.TI2/024LIMEA4A7E

[#5 (F:131.825 L: -5.7 E:0) 19/01/2024 17:38:54.599 --------------------------------
Mode : 2 Label : Q0 Id : 6 Nak
Aircraft reg: 9H-LMI Flight id: LW63SG
No: S06A

[#5 (F:131.825 L: -4.3 E:0) 19/01/2024 17:39:41.105 --------------------------------
Mode : 2 Label : 5V Id : 7 Nak
Aircraft reg: 9H-LMI Flight id: LW63SG
No: S07A

[#5 (F:131.825 L: -5.2 E:0) 19/01/2024 17:39:45.946 --------------------------------
Mode : 2 Label : 5U Id : 7 Nak
Aircraft reg: EI-EXF Flight id: FR107K
No: M13A
LIME-SA

[#5 (F:131.825 L: -9.6 E:0) 19/01/2024 17:40:13.224 --------------------------------
Mode : 2 Label : B9 Id : 8 Nak
Aircraft reg: EI-EXF Flight id: FR107K
No: M14A
/LIME.TI2/024LIMEE0AFA

[#5 (F:131.825 L: -6.8 E:0) 19/01/2024 17:40:39.817 --------------------------------
Mode : 2 Label : 16 Id : 9 Nak
Aircraft reg: EI-EXF Flight id: FR107K
No: M15A
174038,,1824, 107,N   .    MMMM.MMM

[#2 (F:131.525 L: -5.2 E:0) 19/01/2024 17:41:03.641 --------------------------------
Mode : T Label : 2Z Id : 3 Nak
Aircraft reg: F-GRHF Flight id: AF6232
No: M15A
LFMN
##########################
Destination Airport : LFMN

[#2 (F:131.525 L: -5.4 E:0) 19/01/2024 17:41:03.891 --------------------------------
Mode : T Label : 2Z Id : 3 Ack : A
Aircraft reg: F-GRHF Flight id: AF6232
No: M15A
LFMN
##########################
Destination Airport : LFMN

[#2 (F:131.525 L: -5.9 E:0) 19/01/2024 17:41:13.059 --------------------------------
Mode : T Label : 2Z Id : 3 Nak
Aircraft reg: F-GRHF Flight id: AF6232
No: M15A
LFMN
##########################
Destination Airport : LFMN

[#2 (F:131.525 L: -5.6 E:0) 19/01/2024 17:41:14.039 --------------------------------
Mode : T Label : _d Id : 4 Ack : A
Aircraft reg: F-GRHF Flight id: AF6232
No: S45A

[#2 (F:131.525 L: -4.5 E:0) 19/01/2024 17:45:31.260 --------------------------------
Mode : T Label : 2F Id : 5 Nak
Aircraft reg: F-GRHF Flight id: AF6232
No: M16A
1745+4409+557/2542

[#4 (F:131.725 L:-16.3 E:0) 19/01/2024 17:45:56.560 --------------------------------
Mode : 2 Label : Q0 Id : 7 Nak
Aircraft reg: 7T-VKC Flight id: AH1024
No: S97A

[#4 (F:131.725 L:-15.4 E:0) 19/01/2024 17:45:59.747 --------------------------------
Mode : 2 Label : SA Id : 8 Nak
Aircraft reg: 7T-VKC Flight id: AH1024
No: M65A
0EV174559VS

[#4 (F:131.725 L:-17.1 E:0) 19/01/2024 17:46:25.215 --------------------------------
Mode : 2 Label : 5V Id : 9 Nak
Aircraft reg: 7T-VKC Flight id: AH1024
No: S98A

[#2 (F:131.525 L:-10.5 E:0) 19/01/2024 17:48:04.615 --------------------------------
Mode : T Label : 26 Id : 6 Nak
Aircraft reg: F-GRHF Flight id: AF6232
No: M17A
1748LFPOAF6232/191803LFMN04R

[#5 (F:131.825 L:-13.7 E:0) 19/01/2024 17:49:05.487 --------------------------------
Mode : 2 Label : Q0 Id : 7 Nak
Aircraft reg: EI-ENM Flight id: FR89BP
No: S07A

[#4 (F:131.725 L:-10.9 E:0) 19/01/2024 17:50:35.178 --------------------------------
Mode : 2 Label : Q0 Id : 0 Nak
Aircraft reg: 7T-VKC Flight id: AH1024
No: S99A

[#4 (F:131.725 L: -9.3 E:0) 19/01/2024 17:50:38.792 --------------------------------
Mode : 2 Label : SA Id : 1 Nak
Aircraft reg: 7T-VKC Flight id: AH1024
No: M67A
0EV175038VS

[#2 (F:131.525 L:-19.3 E:3) 19/01/2024 17:53:30.332 --------------------------------
Mode : T Label : H1 Id : 7 Nak
Aircraft reg: F-GRHF Flight id: AF6232
No: C02A
#CFBWRN/WN24011917530034000006NAV ALTI DISCREPANCYXX  

[#5 (F:131.825 L:-16.8 E:0) 19/01/2024 17:54:00.146 --------------------------------
Mode : 2 Label : 16 Id : 8 Nak
Aircraft reg: EI-ENM Flight id: FR89BP
No: M09A
175358,,1837, 101,N   .    MMMM.MMM

[#4 (F:131.725 L:-21.3 E:2) 19/01/2024 18:14:49.670 --------------------------------
Mode : Q Label : Q0 Id : 3 Nak
Aircraft reg: 9H-QAW Flight id: FR21BR
No: S39A

[#5 (F:131.825 L:-15.5 E:1) 19/01/2024 18:18:09.314 --------------------------------
Mode : 2 Label : 1L Id : 5 Nak
Aircraft reg: D-AILU Flight id: LH027Y
No: M67A
03246209249VGG,Q:YVVJ4JVUDGEV2+2Y7+MY16T++(-1I4A++BE**(+JWO+

[#4 (F:131.725 L:-12.7 E:0) 19/01/2024 18:22:02.946 --------------------------------
Mode : 2 Label : 16 Id : 5 Nak
Aircraft reg: 9H-QAW Flight id: FR21BR
No: M76A
182201,,1844,  92,N   .    MMMM.MMM

[#5 (F:131.825 L: -9.7 E:0) 19/01/2024 18:22:54.718 --------------------------------
Mode : 2 Label : 1L Id : 6 Nak
Aircraft reg: D-AILU Flight id: LH027Y
No: M68A
03247226732CNG255L943XL3*H)

[#5 (F:131.825 L:-10.0 E:0) 19/01/2024 18:23:01.435 --------------------------------
Mode : 2 Label : _d Id : 7 Ack : R
Aircraft reg: D-AILU Flight id: LH027Y
No: S55A

[#5 (F:131.825 L:-12.3 E:0) 19/01/2024 18:23:08.653 --------------------------------
Mode : 2 Label : _d Id : 8 Ack : S
Aircraft reg: D-AILU Flight id: LH027Y
No: S56A

[#5 (F:131.825 L:-11.6 E:0) 19/01/2024 18:23:25.360 --------------------------------
Mode : 2 Label : _d Id : 9 Ack : T
Aircraft reg: D-AILU Flight id: LH027Y
No: S57A

[#4 (F:131.725 L: -3.8 E:0) 19/01/2024 18:32:06.041 --------------------------------
Mode : 2 Label : Q0 Id : 6 Nak
Aircraft reg: 9H-QAW Flight id: FR21BR
No: S41A

[#4 (F:131.725 L: -6.5 E:0) 19/01/2024 18:37:17.667 --------------------------------
Mode : 2 Label : 16 Id : 7 Nak
Aircraft reg: 9H-QAW Flight id: FR21BR
No: M77A
183702,,1844,  88,N   .    MMMM.MMM

[#5 (F:131.825 L: -9.4 E:0) 19/01/2024 19:13:27.577 --------------------------------
Mode : 2 Label : Q0 Id : 7 Nak
Aircraft reg: EI-EFD Flight id: FRRYR2
No: S63A

[#4 (F:131.725 L: -3.9 E:0) 19/01/2024 19:37:44.444 --------------------------------
Mode : G Label : 16 Id : 6 Nak
Aircraft reg: EI-EFY Flight id: FR95TQ
No: M62A
193743,,2008, 114,N   .    MMMM.MMM

[#5 (F:131.825 L: -5.2 E:0) 19/01/2024 19:45:32.125 --------------------------------
Mode : 2 Label : Q0 Id : 8 Nak
Aircraft reg: D-ALEP Flight id: QY1683
No: S11A

[#4 (F:131.725 L: -8.0 E:0) 19/01/2024 19:47:00.686 --------------------------------
Mode : E Label : Q0 Id : 7 Nak
Aircraft reg: 9H-QAW Flight id: FR09AW
No: S47A

[#5 (F:131.825 L: -5.1 E:0) 19/01/2024 19:47:05.268 --------------------------------
Mode : 2 Label : _d Id : 9 Ack : H
Aircraft reg: D-ALEP Flight id: QY1683
No: S12A

[#5 (F:131.825 L: -5.1 E:0) 19/01/2024 19:47:08.879 --------------------------------
Mode : 2 Label : H1 Id : 0 Nak
Aircraft reg: D-ALEP Flight id: QY1683
No: F02A
#M1BPOSN43243E006348,BUR02,194706,320,RAPED,194903,NARTI,M52,24974,126,62189A3

[#5 (F:131.825 L:-12.3 E:0) 19/01/2024 19:49:19.624 --------------------------------
Mode : 2 Label : 5U Id : 1 Nak
Aircraft reg: D-ALEP Flight id: QY1683
No: M05A
10,WX,191949,QY1683,19,LFML,LIPE,8053943,LIPE,LIMC,LIME,1,0,

[#5 (F:131.825 L:-12.8 E:0) 19/01/2024 19:49:34.938 --------------------------------
Mode : 2 Label : _d Id : 2 Ack : K
Aircraft reg: D-ALEP Flight id: QY1683
No: S13A

[#5 (F:131.825 L:-13.3 E:0) 19/01/2024 19:49:54.841 --------------------------------
Mode : 2 Label : B9 Id : 3 Nak
Aircraft reg: D-ALEP Flight id: QY1683
No: L00A
/LIPE.TI2/024LIPEA4B4C

[#5 (F:131.825 L: -9.4 E:0) 19/01/2024 19:50:01.645 --------------------------------
Mode : 2 Label : HX Id : 4 Ack : L
Aircraft reg: D-ALEP Flight id: QY1683
No: S14A
RA FMT NO PARTICIPATING ATIS
AIRPORT IN REQUEST


[#5 (F:131.825 L: -7.9 E:0) 19/01/2024 19:50:14.185 --------------------------------
Mode : 2 Label : Q0 Id : 5 Nak
Aircraft reg: D-AZMK Flight id: QY0082
No: S90A

[#5 (F:131.825 L:-12.2 E:0) 19/01/2024 19:51:17.416 --------------------------------
Mode : 2 Label : _d Id : 5 Ack : N
Aircraft reg: D-ALEP Flight id: QY1683
No: S15A

[#5 (F:131.825 L:-13.4 E:0) 19/01/2024 19:51:24.462 --------------------------------
Mode : 2 Label : _d Id : 6 Ack : O
Aircraft reg: D-ALEP Flight id: QY1683
No: S16A

[#5 (F:131.825 L:-10.1 E:0) 19/01/2024 19:51:30.687 --------------------------------
Mode : 2 Label : _d Id : 7 Ack : P
Aircraft reg: D-ALEP Flight id: QY1683
No: S17A

[#5 (F:131.825 L:-10.3 E:0) 19/01/2024 19:51:36.342 --------------------------------
Mode : 2 Label : _d Id : 8 Ack : Q
Aircraft reg: D-ALEP Flight id: QY1683
No: S18A

[#5 (F:131.825 L: -4.8 E:0) 19/01/2024 20:16:23.848 --------------------------------
Mode : 2 Label : Q0 Id : 6 Nak
Aircraft reg: EI-ENW Flight id: FR11QU
No: S55A

[#5 (F:131.825 L: -6.9 E:0) 19/01/2024 20:21:18.026 --------------------------------
Mode : 2 Label : 16 Id : 7 Nak
Aircraft reg: EI-ENW Flight id: FR11QU
No: M68A
202116,,2129, 106,N   .    MMMM.MMM

[#4 (F:131.725 L: -4.0 E:0) 19/01/2024 21:18:31.370 --------------------------------
Mode : E Label : 16 Id : 4 Nak
Aircraft reg: EI-ENL Flight id: FR06YN
No: M55A
211830,,2240, 143,N   .    MMMM.MMM

[#2 (F:131.525 L:-13.7 E:0) 19/01/2024 21:36:02.899 --------------------------------
Mode : T Label : 2Z Id : 0 Nak
Aircraft reg: F-GMZD Flight id: AF7342
No: M74A
LFML
##########################
Destination Airport : LFML

[#2 (F:131.525 L:-17.9 E:0) 19/01/2024 21:44:08.107 --------------------------------
Mode : 2 Label : Q0 Id : 1 Nak
Aircraft reg: F-GMZD Flight id: AF7342
No: S51A

[#2 (F:131.525 L: -9.6 E:0) 19/01/2024 21:44:20.564 --------------------------------
Mode : 2 Label : Q0 Id : 1 Nak
Aircraft reg: F-GMZD Flight id: AF7342
No: S51A

[#2 (F:131.525 L:-10.5 E:0) 19/01/2024 21:44:30.391 --------------------------------
Mode : 2 Label : Q0 Id : 1 Nak
Aircraft reg: F-GMZD Flight id: AF7342
No: S51A

[#4 (F:131.725 L: -6.6 E:0) 19/01/2024 21:44:40.221 --------------------------------
Mode : 2 Label : Q0 Id : 1 Nak
Aircraft reg: F-GMZD Flight id: AF7342
No: S51A

[#4 (F:131.725 L: -6.3 E:0) 19/01/2024 21:45:02.837 --------------------------------
Mode : 2 Label : 26 Id : 2 Nak
Aircraft reg: F-GMZD Flight id: AF7342
No: M75A
2145LFPGAF7342/192200LFML31R

[#4 (F:131.725 L: -6.0 E:0) 19/01/2024 21:45:05.780 --------------------------------
Mode : G Label : Q0 Id : 3 Nak
Aircraft reg: F-GMZD Flight id: AF7342
No: S52A

[#4 (F:131.725 L: -8.0 E:0) 19/01/2024 21:45:13.399 --------------------------------
Mode : G Label : 2F Id : 4 Nak
Aircraft reg: F-GMZD Flight id: AF7342
No: M76A
2145+4399+508/1442

[#5 (F:131.825 L:-12.9 E:0) 19/01/2024 21:48:33.217 --------------------------------
Mode : 2 Label : 16 Id : 5 Nak
Aircraft reg: EI-EFD Flight id: FRRYR3
No: M46A
214832,,2251, 122,N   .    MMMM.MMM

[#4 (F:131.725 L: -4.6 E:0) 19/01/2024 21:50:38.619 --------------------------------
Mode : G Label : H1 Id : 5 Nak
Aircraft reg: F-GMZD Flight id: AF7342
No: D14A
#DFBA01/A32101,1,1/CCF-GMZD,JAN19,212703,LFPG,LFML,0094/C106,66113,5000,62,0010,0,0100,53,X/CEN290,32976,266,754,6468,229,C51020/EC577521,41168,01182,23025,73,05/EE697634,32559,06323,23441,73/N10834,0834,0921,5
ETB

[#4 (F:131.725 L: -4.8 E:0) 19/01/2024 21:50:42.063 --------------------------------
Mode : G Label : H1 Id : 6 Nak
Aircraft reg: F-GMZD Flight id: AF7342
No: D14B
#DFB892,1305,XXXXX/N20834,0834,0918,5939,1299,XXXXX/S1XXXXX,0578,1347,4099,XXXX,021,N00/S2XXXXX,0567,1338,4042,XXXX,024,N00/T1099,100,028,42,078,05581,0157/T2099,099,020,40,070,05580,0116/V108,03,118,163,00,00,
ETB

[#4 (F:131.725 L: -4.6 E:0) 19/01/2024 21:50:46.323 --------------------------------
Mode : G Label : H1 Id : 7 Nak
Aircraft reg: F-GMZD Flight id: AF7342
No: D14C
#DFB00000/V208,07,251,214,03,00,00000/V307,02,195,120,0622/V413,05,312,115,0622/V508,03,104,190,0917/V609,08,223,185,0916/V7042,081,00081,22222222222111/V8042,085,00061,22222222222111,/

[#4 (F:131.725 L: -9.4 E:0) 19/01/2024 21:51:12.700 --------------------------------
Mode : G Label : H1 Id : 8 Nak
Aircraft reg: F-GMZD Flight id: AF7342
No: D15A
#DFBA02/A32102,1,1/CCF-GMZD,JAN19,212601,LFPG,LFML,0094/C106,66201,5000,62,0010,0,0100,53,X/CEN289,32962,266,754,6476,229,C51020/CNN293,32987,267,755,6475,229/EC577521,41168,01182,23025,73,17,10/EE697634,32559,
ETB

[#4 (F:131.725 L: -7.5 E:0) 19/01/2024 21:51:20.482 --------------------------------
Mode : G Label : H1 Id : 0 Nak
Aircraft reg: F-GMZD Flight id: AF7342
No: D15C
#DFB05580,0116/V108,03,118,168,00,00,00000/V208,07,251,216,03,00,00000/V307,02,195,120,0622/V413,05,312,115,0622/V508,03,104,190,0917/V609,08,223,185,0916/V7042,081,00081,22222222222111/V8042,085,00061,22222222
ETB

[#4 (F:131.725 L: -7.5 E:0) 19/01/2024 21:51:28.267 --------------------------------
Mode : G Label : H1 Id : 2 Nak
Aircraft reg: F-GMZD Flight id: AF7342
No: D15E
#DFB,0794/X71623,E0034,N462,069,353,0041,0798,/

[#5 (F:131.825 L:-14.8 E:0) 19/01/2024 21:55:29.030 --------------------------------
Mode : 2 Label : Q0 Id : 4 Nak
Aircraft reg: N659AA Flight id: AA09LE
No: S02A

[#4 (F:131.725 L: -8.9 E:0) 19/01/2024 21:55:59.915 --------------------------------
Mode : G Label : 26 Id : 3 Nak
Aircraft reg: F-GMZD Flight id: AF7342
No: M77A
2155LFPGAF7342/192200LFML31R

[#5 (F:131.825 L: -7.4 E:0) 19/01/2024 21:58:39.328 --------------------------------
Mode : 2 Label : Q0 Id : 6 Nak
Aircraft reg: EI-EFD Flight id: FRRYR3
No: S71A

[#5 (F:131.825 L:-12.4 E:0) 19/01/2024 22:00:05.263 --------------------------------
Mode : 2 Label : 5U Id : 0 Nak
Aircraft reg: D-ALEU Flight id: QY8029
No: M06A
10,WX,192200,QY8029,19,LEBL,LIMC,8054162,LIMC,LIME,LIPO,1,0,

[#5 (F:131.825 L:-12.8 E:0) 19/01/2024 22:00:42.456 --------------------------------
Mode : 2 Label : _d Id : 1 Ack : I
Aircraft reg: D-ALEU Flight id: QY8029
No: S32A

[#5 (F:131.825 L: -9.7 E:0) 19/01/2024 22:01:32.099 --------------------------------
Mode : 2 Label : _d Id : 2 Ack : J
Aircraft reg: D-ALEU Flight id: QY8029
No: S33A

[#5 (F:131.825 L:-12.6 E:0) 19/01/2024 22:01:39.474 --------------------------------
Mode : 2 Label : _d Id : 3 Ack : K
Aircraft reg: D-ALEU Flight id: QY8029
No: S34A

[#5 (F:131.825 L: -9.5 E:0) 19/01/2024 22:01:45.369 --------------------------------
Mode : 2 Label : _d Id : 4 Ack : L
Aircraft reg: D-ALEU Flight id: QY8029
No: S35A

[#5 (F:131.825 L: -4.1 E:0) 19/01/2024 22:03:32.275 --------------------------------
Mode : 2 Label : B9 Id : 7 Nak
Aircraft reg: EI-EFD Flight id: FRRYR3
No: M47A
/LEBL.TI2/024LEBLA93E5

[#5 (F:131.825 L: -3.8 E:0) 19/01/2024 22:03:40.551 --------------------------------
Mode : 2 Label : 16 Id : 8 Ack : E
Aircraft reg: EI-EFD Flight id: FRRYR3
No: M48A
220333,,2252, 110,N   .    MMMM.MMM

[#5 (F:131.825 L: -3.8 E:0) 19/01/2024 22:03:47.189 --------------------------------
Mode : 2 Label : _d Id : 9 Ack : F
Aircraft reg: EI-EFD Flight id: FRRYR3
No: S73A

[#5 (F:131.825 L:-15.4 E:0) 19/01/2024 22:05:35.154 --------------------------------
Mode : 2 Label : Q0 Id : 5 Nak
Aircraft reg: N659AA Flight id: AA09LE
No: S03A

[#5 (F:131.825 L:-11.7 E:0) 19/01/2024 22:09:23.966 --------------------------------
Mode : 2 Label : _d Id : 5 Ack : M
Aircraft reg: D-ALEU Flight id: QY8029
No: S36A

[#5 (F:131.825 L:-12.2 E:0) 19/01/2024 22:09:37.728 --------------------------------
Mode : 2 Label : H1 Id : 6 Nak
Aircraft reg: D-ALEU Flight id: QY8029
No: F05A
#M1BPOSN43269E007043,,220936,340,NOSTA,221439,ABN,M53,26657,98,7045FA0

[#5 (F:131.825 L: -6.9 E:0) 19/01/2024 22:17:24.091 --------------------------------
Mode : 2 Label : Q0 Id : 0 Nak
Aircraft reg: 9XR-WP Flight id: WB0711
No: S21A

[#5 (F:131.825 L:-17.8 E:0) 19/01/2024 22:20:09.819 --------------------------------
Mode : 2 Label : Q0 Id : 7 Nak
Aircraft reg: D-AEAP Flight id: QY8463
No: 2010

[#5 (F:131.825 L: -4.9 E:0) 19/01/2024 22:22:18.444 --------------------------------
Mode : 2 Label : 16 Id : 1 Nak
Aircraft reg: 9XR-WP Flight id: WB0711
No: M09A
222214,34999,0522,  59,N 43.708 E  5.665

[#5 (F:131.825 L:-13.5 E:0) 19/01/2024 22:46:03.512 --------------------------------
Mode : 2 Label : Q0 Id : 3 Nak
Aircraft reg: D-AIGY Flight id: LH0576
No: S59A

[#5 (F:131.825 L:-12.6 E:0) 19/01/2024 22:46:51.434 --------------------------------
Mode : 2 Label : 1L Id : 4 Nak
Aircraft reg: D-AIGY Flight id: LH0576
No: M23A
00020209298Q))4K+5UU9HHELWWMIMHA8VS 6E6UUPK8FP41856,797YHY)3

[#1 (F:131.125 L:-28.0 E:3) 19/01/2024 22:56:57.066 --------------------------------
Mode : 2 Label : Q0 Id : 5 Nak
Aircraft reg: D-AIGY Flight id: LH0576
No: S60A

[#5 (F:131.825 L: -5.6 E:0) 19/01/2024 22:56:57.067 --------------------------------
Mode : 2 Label : Q0 Id : 5 Nak
Aircraft reg: D-AIGY Flight id: LH0576
No: S60A

[#5 (F:131.825 L: -5.1 E:0) 19/01/2024 22:58:52.329 --------------------------------
Mode : 2 Label : 1L Id : 6 Nak
Aircraft reg: D-AIGY Flight id: LH0576
No: M24A
00021209269VG+K+DMEE+PBVE00K949AAY2SB(U3A11WU2HO++R00Y9U9V:V,K

[#5 (F:131.825 L:-15.0 E:0) 19/01/2024 23:08:45.353 --------------------------------
Mode : 2 Label : Q0 Id : 8 Nak
Aircraft reg: SXAMJ Flight id: AA8351
No: S10A

[#5 (F:131.825 L: -8.1 E:0) 19/01/2024 23:18:01.914 --------------------------------
Mode : 2 Label : 16 Id : 6 Nak
Aircraft reg: 9H-QEI Flight id: FR68YJ
No: M72A
231800,,0000,  86,N   .    MMMM.MMM

[#5 (F:131.825 L:-17.0 E:0) 19/01/2024 23:18:51.398 --------------------------------
Mode : 2 Label : Q0 Id : 9 Nak
Aircraft reg: SXAMJ Flight id: AA8351
No: S11A

[#5 (F:131.825 L:-14.1 E:0) 19/01/2024 23:28:08.375 --------------------------------
Mode : 2 Label : Q0 Id : 7 Nak
Aircraft reg: 9H-QEI Flight id: FR68YJ
No: S68A

[#4 (F:131.725 L:-22.2 E:0) 19/01/2024 23:46:04.408 --------------------------------
Mode : X Label : Q0 Id : 9 Nak
Aircraft reg: EC-FTR Flight id: IB8341
No: S50A

[#4 (F:131.725 L:-28.5 E:0) 19/01/2024 23:51:04.318 --------------------------------
Mode : E Label : Q0 Id : 0 Nak
Aircraft reg: EC-FTR Flight id: IB8341
No: S51A
